[2024-03-09T11:13:48.956+0000] {logging_mixin.py:188} INFO - Changing /opt/***/logs/dag_id=example_bash_operator/run_id=scheduled__2024-03-08T00:00:00+00:00/task_id=run_after_loop permission to 509
[2024-03-09T11:13:48.958+0000] {logging_mixin.py:188} INFO - Changing /opt/***/logs/dag_id=example_bash_operator/run_id=scheduled__2024-03-08T00:00:00+00:00 permission to 509
[2024-03-09T11:13:48.961+0000] {logging_mixin.py:188} INFO - Changing /opt/***/logs/dag_id=example_bash_operator permission to 509
[2024-03-09T11:13:48.964+0000] {logging_mixin.py:188} INFO - Changing /opt/***/logs permission to 509
[2024-03-09T11:13:49.102+0000] {logging_mixin.py:188} INFO - Changing /opt/***/logs/dag_id=example_bash_operator/run_id=scheduled__2024-03-08T00:00:00+00:00/task_id=run_after_loop permission to 509
[2024-03-09T11:13:49.105+0000] {logging_mixin.py:188} INFO - Changing /opt/***/logs/dag_id=example_bash_operator/run_id=scheduled__2024-03-08T00:00:00+00:00 permission to 509
[2024-03-09T11:13:49.107+0000] {logging_mixin.py:188} INFO - Changing /opt/***/logs/dag_id=example_bash_operator permission to 509
[2024-03-09T11:13:49.110+0000] {logging_mixin.py:188} INFO - Changing /opt/***/logs permission to 509
[2024-03-09T11:13:49.359+0000] {taskinstance.py:1979} INFO - Dependencies all met for dep_context=non-requeueable deps ti=<TaskInstance: example_bash_operator.run_after_loop scheduled__2024-03-08T00:00:00+00:00 [queued]>
[2024-03-09T11:13:49.373+0000] {taskinstance.py:1979} INFO - Dependencies all met for dep_context=requeueable deps ti=<TaskInstance: example_bash_operator.run_after_loop scheduled__2024-03-08T00:00:00+00:00 [queued]>
[2024-03-09T11:13:49.374+0000] {taskinstance.py:2193} INFO - Starting attempt 1 of 1
[2024-03-09T11:13:49.404+0000] {taskinstance.py:2214} INFO - Executing <Task(BashOperator): run_after_loop> on 2024-03-08 00:00:00+00:00
[2024-03-09T11:13:49.415+0000] {standard_task_runner.py:60} INFO - Started process 3397 to run task
[2024-03-09T11:13:49.422+0000] {standard_task_runner.py:87} INFO - Running: ['***', 'tasks', 'run', 'example_bash_operator', 'run_after_loop', 'scheduled__2024-03-08T00:00:00+00:00', '--job-id', '8', '--raw', '--subdir', '/home/***/.local/lib/python3.8/site-packages/***/example_dags/example_bash_operator.py', '--cfg-path', '/tmp/tmp41c_n7vu']
[2024-03-09T11:13:49.426+0000] {standard_task_runner.py:88} INFO - Job 8: Subtask run_after_loop
[2024-03-09T11:13:49.548+0000] {logging_mixin.py:188} INFO - Changing /opt/***/logs/dag_id=example_bash_operator/run_id=scheduled__2024-03-08T00:00:00+00:00/task_id=run_after_loop permission to 509
[2024-03-09T11:13:49.552+0000] {logging_mixin.py:188} INFO - Changing /opt/***/logs/dag_id=example_bash_operator/run_id=scheduled__2024-03-08T00:00:00+00:00 permission to 509
[2024-03-09T11:13:49.555+0000] {logging_mixin.py:188} INFO - Changing /opt/***/logs/dag_id=example_bash_operator permission to 509
[2024-03-09T11:13:49.557+0000] {logging_mixin.py:188} INFO - Changing /opt/***/logs permission to 509
[2024-03-09T11:13:49.563+0000] {task_command.py:423} INFO - Running <TaskInstance: example_bash_operator.run_after_loop scheduled__2024-03-08T00:00:00+00:00 [running]> on host 8626ef5083b0
[2024-03-09T11:13:49.721+0000] {taskinstance.py:2510} INFO - Exporting env vars: AIRFLOW_CTX_DAG_OWNER='***' AIRFLOW_CTX_DAG_ID='example_bash_operator' AIRFLOW_CTX_TASK_ID='run_after_loop' AIRFLOW_CTX_EXECUTION_DATE='2024-03-08T00:00:00+00:00' AIRFLOW_CTX_TRY_NUMBER='1' AIRFLOW_CTX_DAG_RUN_ID='scheduled__2024-03-08T00:00:00+00:00'
[2024-03-09T11:13:49.725+0000] {subprocess.py:63} INFO - Tmp dir root location: /tmp
[2024-03-09T11:13:49.727+0000] {subprocess.py:75} INFO - Running command: ['/usr/bin/bash', '-c', 'echo 1']
[2024-03-09T11:13:49.745+0000] {subprocess.py:86} INFO - Output:
[2024-03-09T11:13:49.747+0000] {subprocess.py:93} INFO - 1
[2024-03-09T11:13:49.748+0000] {subprocess.py:97} INFO - Command exited with return code 0
[2024-03-09T11:13:49.794+0000] {taskinstance.py:1149} INFO - Marking task as SUCCESS. dag_id=example_bash_operator, task_id=run_after_loop, execution_date=20240308T000000, start_date=20240309T111349, end_date=20240309T111349
[2024-03-09T11:13:49.836+0000] {local_task_job_runner.py:234} INFO - Task exited with return code 0
[2024-03-09T11:13:49.882+0000] {taskinstance.py:3309} INFO - 0 downstream tasks scheduled from follow-on schedule check
