[2024-03-09T11:13:39.272+0000] {logging_mixin.py:188} INFO - Changing /opt/***/logs/dag_id=example_bash_operator/run_id=scheduled__2024-03-08T00:00:00+00:00/task_id=also_run_this permission to 509
[2024-03-09T11:13:39.278+0000] {logging_mixin.py:188} INFO - Changing /opt/***/logs/dag_id=example_bash_operator/run_id=scheduled__2024-03-08T00:00:00+00:00 permission to 509
[2024-03-09T11:13:39.281+0000] {logging_mixin.py:188} INFO - Changing /opt/***/logs/dag_id=example_bash_operator permission to 509
[2024-03-09T11:13:39.285+0000] {logging_mixin.py:188} INFO - Changing /opt/***/logs permission to 509
[2024-03-09T11:13:39.400+0000] {logging_mixin.py:188} INFO - Changing /opt/***/logs/dag_id=example_bash_operator/run_id=scheduled__2024-03-08T00:00:00+00:00/task_id=also_run_this permission to 509
[2024-03-09T11:13:39.405+0000] {logging_mixin.py:188} INFO - Changing /opt/***/logs/dag_id=example_bash_operator/run_id=scheduled__2024-03-08T00:00:00+00:00 permission to 509
[2024-03-09T11:13:39.416+0000] {logging_mixin.py:188} INFO - Changing /opt/***/logs/dag_id=example_bash_operator permission to 509
[2024-03-09T11:13:39.423+0000] {logging_mixin.py:188} INFO - Changing /opt/***/logs permission to 509
[2024-03-09T11:13:43.407+0000] {taskinstance.py:1979} INFO - Dependencies all met for dep_context=non-requeueable deps ti=<TaskInstance: example_bash_operator.also_run_this scheduled__2024-03-08T00:00:00+00:00 [queued]>
[2024-03-09T11:13:43.425+0000] {taskinstance.py:1979} INFO - Dependencies all met for dep_context=requeueable deps ti=<TaskInstance: example_bash_operator.also_run_this scheduled__2024-03-08T00:00:00+00:00 [queued]>
[2024-03-09T11:13:43.426+0000] {taskinstance.py:2193} INFO - Starting attempt 1 of 1
[2024-03-09T11:13:43.463+0000] {taskinstance.py:2214} INFO - Executing <Task(BashOperator): also_run_this> on 2024-03-08 00:00:00+00:00
[2024-03-09T11:13:43.480+0000] {standard_task_runner.py:60} INFO - Started process 3217 to run task
[2024-03-09T11:13:43.635+0000] {standard_task_runner.py:87} INFO - Running: ['***', 'tasks', 'run', 'example_bash_operator', 'also_run_this', 'scheduled__2024-03-08T00:00:00+00:00', '--job-id', '6', '--raw', '--subdir', '/home/***/.local/lib/python3.8/site-packages/***/example_dags/example_bash_operator.py', '--cfg-path', '/tmp/tmp8yx0hfpf']
[2024-03-09T11:13:43.667+0000] {standard_task_runner.py:88} INFO - Job 6: Subtask also_run_this
[2024-03-09T11:13:44.198+0000] {logging_mixin.py:188} INFO - Changing /opt/***/logs/dag_id=example_bash_operator/run_id=scheduled__2024-03-08T00:00:00+00:00/task_id=also_run_this permission to 509
[2024-03-09T11:13:44.200+0000] {logging_mixin.py:188} INFO - Changing /opt/***/logs/dag_id=example_bash_operator/run_id=scheduled__2024-03-08T00:00:00+00:00 permission to 509
[2024-03-09T11:13:44.202+0000] {logging_mixin.py:188} INFO - Changing /opt/***/logs/dag_id=example_bash_operator permission to 509
[2024-03-09T11:13:44.204+0000] {logging_mixin.py:188} INFO - Changing /opt/***/logs permission to 509
[2024-03-09T11:13:44.209+0000] {task_command.py:423} INFO - Running <TaskInstance: example_bash_operator.also_run_this scheduled__2024-03-08T00:00:00+00:00 [running]> on host 8626ef5083b0
[2024-03-09T11:13:44.398+0000] {taskinstance.py:2510} INFO - Exporting env vars: AIRFLOW_CTX_DAG_OWNER='***' AIRFLOW_CTX_DAG_ID='example_bash_operator' AIRFLOW_CTX_TASK_ID='also_run_this' AIRFLOW_CTX_EXECUTION_DATE='2024-03-08T00:00:00+00:00' AIRFLOW_CTX_TRY_NUMBER='1' AIRFLOW_CTX_DAG_RUN_ID='scheduled__2024-03-08T00:00:00+00:00'
[2024-03-09T11:13:44.402+0000] {subprocess.py:63} INFO - Tmp dir root location: /tmp
[2024-03-09T11:13:44.404+0000] {subprocess.py:75} INFO - Running command: ['/usr/bin/bash', '-c', 'echo "ti_key=example_bash_operator__also_run_this__20240308"']
[2024-03-09T11:13:44.431+0000] {subprocess.py:86} INFO - Output:
[2024-03-09T11:13:44.433+0000] {subprocess.py:93} INFO - ti_key=example_bash_operator__also_run_this__20240308
[2024-03-09T11:13:44.434+0000] {subprocess.py:97} INFO - Command exited with return code 0
[2024-03-09T11:13:44.481+0000] {taskinstance.py:1149} INFO - Marking task as SUCCESS. dag_id=example_bash_operator, task_id=also_run_this, execution_date=20240308T000000, start_date=20240309T111343, end_date=20240309T111344
[2024-03-09T11:13:44.514+0000] {local_task_job_runner.py:234} INFO - Task exited with return code 0
[2024-03-09T11:13:44.571+0000] {taskinstance.py:3309} INFO - 0 downstream tasks scheduled from follow-on schedule check
