[2024-03-09T11:13:39.271+0000] {logging_mixin.py:188} INFO - Changing /opt/***/logs/dag_id=example_bash_operator/run_id=scheduled__2024-03-08T00:00:00+00:00/task_id=this_will_skip permission to 509
[2024-03-09T11:13:39.277+0000] {logging_mixin.py:188} INFO - Changing /opt/***/logs/dag_id=example_bash_operator/run_id=scheduled__2024-03-08T00:00:00+00:00 permission to 509
[2024-03-09T11:13:39.280+0000] {logging_mixin.py:188} INFO - Changing /opt/***/logs/dag_id=example_bash_operator permission to 509
[2024-03-09T11:13:39.284+0000] {logging_mixin.py:188} INFO - Changing /opt/***/logs permission to 509
[2024-03-09T11:13:39.383+0000] {logging_mixin.py:188} INFO - Changing /opt/***/logs/dag_id=example_bash_operator/run_id=scheduled__2024-03-08T00:00:00+00:00/task_id=this_will_skip permission to 509
[2024-03-09T11:13:39.387+0000] {logging_mixin.py:188} INFO - Changing /opt/***/logs/dag_id=example_bash_operator/run_id=scheduled__2024-03-08T00:00:00+00:00 permission to 509
[2024-03-09T11:13:39.390+0000] {logging_mixin.py:188} INFO - Changing /opt/***/logs/dag_id=example_bash_operator permission to 509
[2024-03-09T11:13:39.392+0000] {logging_mixin.py:188} INFO - Changing /opt/***/logs permission to 509
[2024-03-09T11:13:43.415+0000] {taskinstance.py:1979} INFO - Dependencies all met for dep_context=non-requeueable deps ti=<TaskInstance: example_bash_operator.this_will_skip scheduled__2024-03-08T00:00:00+00:00 [queued]>
[2024-03-09T11:13:43.438+0000] {taskinstance.py:1979} INFO - Dependencies all met for dep_context=requeueable deps ti=<TaskInstance: example_bash_operator.this_will_skip scheduled__2024-03-08T00:00:00+00:00 [queued]>
[2024-03-09T11:13:43.440+0000] {taskinstance.py:2193} INFO - Starting attempt 1 of 1
[2024-03-09T11:13:43.500+0000] {taskinstance.py:2214} INFO - Executing <Task(BashOperator): this_will_skip> on 2024-03-08 00:00:00+00:00
[2024-03-09T11:13:43.523+0000] {standard_task_runner.py:60} INFO - Started process 3219 to run task
[2024-03-09T11:13:43.652+0000] {standard_task_runner.py:87} INFO - Running: ['***', 'tasks', 'run', 'example_bash_operator', 'this_will_skip', 'scheduled__2024-03-08T00:00:00+00:00', '--job-id', '4', '--raw', '--subdir', '/home/***/.local/lib/python3.8/site-packages/***/example_dags/example_bash_operator.py', '--cfg-path', '/tmp/tmp7bmb7her']
[2024-03-09T11:13:43.679+0000] {standard_task_runner.py:88} INFO - Job 4: Subtask this_will_skip
[2024-03-09T11:13:44.167+0000] {logging_mixin.py:188} INFO - Changing /opt/***/logs/dag_id=example_bash_operator/run_id=scheduled__2024-03-08T00:00:00+00:00/task_id=this_will_skip permission to 509
[2024-03-09T11:13:44.171+0000] {logging_mixin.py:188} INFO - Changing /opt/***/logs/dag_id=example_bash_operator/run_id=scheduled__2024-03-08T00:00:00+00:00 permission to 509
[2024-03-09T11:13:44.174+0000] {logging_mixin.py:188} INFO - Changing /opt/***/logs/dag_id=example_bash_operator permission to 509
[2024-03-09T11:13:44.177+0000] {logging_mixin.py:188} INFO - Changing /opt/***/logs permission to 509
[2024-03-09T11:13:44.182+0000] {task_command.py:423} INFO - Running <TaskInstance: example_bash_operator.this_will_skip scheduled__2024-03-08T00:00:00+00:00 [running]> on host 8626ef5083b0
[2024-03-09T11:13:44.379+0000] {taskinstance.py:2510} INFO - Exporting env vars: AIRFLOW_CTX_DAG_OWNER='***' AIRFLOW_CTX_DAG_ID='example_bash_operator' AIRFLOW_CTX_TASK_ID='this_will_skip' AIRFLOW_CTX_EXECUTION_DATE='2024-03-08T00:00:00+00:00' AIRFLOW_CTX_TRY_NUMBER='1' AIRFLOW_CTX_DAG_RUN_ID='scheduled__2024-03-08T00:00:00+00:00'
[2024-03-09T11:13:44.385+0000] {subprocess.py:63} INFO - Tmp dir root location: /tmp
[2024-03-09T11:13:44.388+0000] {subprocess.py:75} INFO - Running command: ['/usr/bin/bash', '-c', 'echo "hello world"; exit 99;']
[2024-03-09T11:13:44.415+0000] {subprocess.py:86} INFO - Output:
[2024-03-09T11:13:44.417+0000] {subprocess.py:93} INFO - hello world
[2024-03-09T11:13:44.418+0000] {subprocess.py:97} INFO - Command exited with return code 99
[2024-03-09T11:13:44.420+0000] {taskinstance.py:2383} INFO - Bash command returned exit code 99. Skipping.
[2024-03-09T11:13:44.440+0000] {taskinstance.py:1149} INFO - Marking task as SKIPPED. dag_id=example_bash_operator, task_id=this_will_skip, execution_date=20240308T000000, start_date=20240309T111343, end_date=20240309T111344
[2024-03-09T11:13:44.502+0000] {local_task_job_runner.py:234} INFO - Task exited with return code 0
[2024-03-09T11:13:44.545+0000] {taskinstance.py:3309} INFO - 0 downstream tasks scheduled from follow-on schedule check
