[2024-03-09T11:07:30.400+0000] {processor.py:161} INFO - Started process (PID=272) to work on /home/airflow/.local/lib/python3.8/site-packages/airflow/example_dags/example_setup_teardown.py
[2024-03-09T11:07:30.402+0000] {processor.py:830} INFO - Processing file /home/airflow/.local/lib/python3.8/site-packages/airflow/example_dags/example_setup_teardown.py for tasks to queue
[2024-03-09T11:07:30.405+0000] {logging_mixin.py:188} INFO - [2024-03-09T11:07:30.404+0000] {dagbag.py:540} INFO - Filling up the DagBag from /home/airflow/.local/lib/python3.8/site-packages/airflow/example_dags/example_setup_teardown.py
[2024-03-09T11:07:30.424+0000] {processor.py:840} INFO - DAG(s) 'example_setup_teardown' retrieved from /home/airflow/.local/lib/python3.8/site-packages/airflow/example_dags/example_setup_teardown.py
[2024-03-09T11:07:30.645+0000] {logging_mixin.py:188} INFO - [2024-03-09T11:07:30.644+0000] {dag.py:3047} INFO - Sync 1 DAGs
[2024-03-09T11:07:30.685+0000] {logging_mixin.py:188} INFO - [2024-03-09T11:07:30.684+0000] {dag.py:3834} INFO - Setting next_dagrun for example_setup_teardown to 2024-03-08 00:00:00+00:00, run_after=2024-03-09 00:00:00+00:00
[2024-03-09T11:07:30.730+0000] {processor.py:183} INFO - Processing /home/airflow/.local/lib/python3.8/site-packages/airflow/example_dags/example_setup_teardown.py took 0.338 seconds
[2024-03-09T11:08:01.664+0000] {processor.py:161} INFO - Started process (PID=519) to work on /home/airflow/.local/lib/python3.8/site-packages/airflow/example_dags/example_setup_teardown.py
[2024-03-09T11:08:01.666+0000] {processor.py:830} INFO - Processing file /home/airflow/.local/lib/python3.8/site-packages/airflow/example_dags/example_setup_teardown.py for tasks to queue
[2024-03-09T11:08:01.668+0000] {logging_mixin.py:188} INFO - [2024-03-09T11:08:01.667+0000] {dagbag.py:540} INFO - Filling up the DagBag from /home/airflow/.local/lib/python3.8/site-packages/airflow/example_dags/example_setup_teardown.py
[2024-03-09T11:08:01.679+0000] {processor.py:840} INFO - DAG(s) 'example_setup_teardown' retrieved from /home/airflow/.local/lib/python3.8/site-packages/airflow/example_dags/example_setup_teardown.py
[2024-03-09T11:08:01.714+0000] {logging_mixin.py:188} INFO - [2024-03-09T11:08:01.713+0000] {dag.py:3047} INFO - Sync 1 DAGs
[2024-03-09T11:08:01.753+0000] {logging_mixin.py:188} INFO - [2024-03-09T11:08:01.753+0000] {dag.py:3834} INFO - Setting next_dagrun for example_setup_teardown to 2024-03-08 00:00:00+00:00, run_after=2024-03-09 00:00:00+00:00
[2024-03-09T11:08:01.787+0000] {processor.py:183} INFO - Processing /home/airflow/.local/lib/python3.8/site-packages/airflow/example_dags/example_setup_teardown.py took 0.129 seconds
[2024-03-09T11:08:32.026+0000] {processor.py:161} INFO - Started process (PID=768) to work on /home/airflow/.local/lib/python3.8/site-packages/airflow/example_dags/example_setup_teardown.py
[2024-03-09T11:08:32.028+0000] {processor.py:830} INFO - Processing file /home/airflow/.local/lib/python3.8/site-packages/airflow/example_dags/example_setup_teardown.py for tasks to queue
[2024-03-09T11:08:32.029+0000] {logging_mixin.py:188} INFO - [2024-03-09T11:08:32.029+0000] {dagbag.py:540} INFO - Filling up the DagBag from /home/airflow/.local/lib/python3.8/site-packages/airflow/example_dags/example_setup_teardown.py
[2024-03-09T11:08:32.040+0000] {processor.py:840} INFO - DAG(s) 'example_setup_teardown' retrieved from /home/airflow/.local/lib/python3.8/site-packages/airflow/example_dags/example_setup_teardown.py
[2024-03-09T11:08:32.076+0000] {logging_mixin.py:188} INFO - [2024-03-09T11:08:32.075+0000] {dag.py:3047} INFO - Sync 1 DAGs
[2024-03-09T11:08:32.108+0000] {logging_mixin.py:188} INFO - [2024-03-09T11:08:32.108+0000] {dag.py:3834} INFO - Setting next_dagrun for example_setup_teardown to 2024-03-08 00:00:00+00:00, run_after=2024-03-09 00:00:00+00:00
[2024-03-09T11:08:32.138+0000] {processor.py:183} INFO - Processing /home/airflow/.local/lib/python3.8/site-packages/airflow/example_dags/example_setup_teardown.py took 0.117 seconds
[2024-03-09T11:09:02.882+0000] {processor.py:161} INFO - Started process (PID=1015) to work on /home/airflow/.local/lib/python3.8/site-packages/airflow/example_dags/example_setup_teardown.py
[2024-03-09T11:09:02.885+0000] {processor.py:830} INFO - Processing file /home/airflow/.local/lib/python3.8/site-packages/airflow/example_dags/example_setup_teardown.py for tasks to queue
[2024-03-09T11:09:02.887+0000] {logging_mixin.py:188} INFO - [2024-03-09T11:09:02.886+0000] {dagbag.py:540} INFO - Filling up the DagBag from /home/airflow/.local/lib/python3.8/site-packages/airflow/example_dags/example_setup_teardown.py
[2024-03-09T11:09:02.899+0000] {processor.py:840} INFO - DAG(s) 'example_setup_teardown' retrieved from /home/airflow/.local/lib/python3.8/site-packages/airflow/example_dags/example_setup_teardown.py
[2024-03-09T11:09:03.018+0000] {logging_mixin.py:188} INFO - [2024-03-09T11:09:03.017+0000] {dag.py:3047} INFO - Sync 1 DAGs
[2024-03-09T11:09:03.063+0000] {logging_mixin.py:188} INFO - [2024-03-09T11:09:03.063+0000] {dag.py:3834} INFO - Setting next_dagrun for example_setup_teardown to 2024-03-08 00:00:00+00:00, run_after=2024-03-09 00:00:00+00:00
[2024-03-09T11:09:03.107+0000] {processor.py:183} INFO - Processing /home/airflow/.local/lib/python3.8/site-packages/airflow/example_dags/example_setup_teardown.py took 0.231 seconds
[2024-03-09T11:09:33.283+0000] {processor.py:161} INFO - Started process (PID=1263) to work on /home/airflow/.local/lib/python3.8/site-packages/airflow/example_dags/example_setup_teardown.py
[2024-03-09T11:09:33.285+0000] {processor.py:830} INFO - Processing file /home/airflow/.local/lib/python3.8/site-packages/airflow/example_dags/example_setup_teardown.py for tasks to queue
[2024-03-09T11:09:33.287+0000] {logging_mixin.py:188} INFO - [2024-03-09T11:09:33.287+0000] {dagbag.py:540} INFO - Filling up the DagBag from /home/airflow/.local/lib/python3.8/site-packages/airflow/example_dags/example_setup_teardown.py
[2024-03-09T11:09:33.300+0000] {processor.py:840} INFO - DAG(s) 'example_setup_teardown' retrieved from /home/airflow/.local/lib/python3.8/site-packages/airflow/example_dags/example_setup_teardown.py
[2024-03-09T11:09:33.330+0000] {logging_mixin.py:188} INFO - [2024-03-09T11:09:33.330+0000] {dag.py:3047} INFO - Sync 1 DAGs
[2024-03-09T11:09:33.366+0000] {logging_mixin.py:188} INFO - [2024-03-09T11:09:33.366+0000] {dag.py:3834} INFO - Setting next_dagrun for example_setup_teardown to 2024-03-08 00:00:00+00:00, run_after=2024-03-09 00:00:00+00:00
[2024-03-09T11:09:33.403+0000] {processor.py:183} INFO - Processing /home/airflow/.local/lib/python3.8/site-packages/airflow/example_dags/example_setup_teardown.py took 0.124 seconds
[2024-03-09T11:10:03.718+0000] {processor.py:161} INFO - Started process (PID=1508) to work on /home/airflow/.local/lib/python3.8/site-packages/airflow/example_dags/example_setup_teardown.py
[2024-03-09T11:10:03.720+0000] {processor.py:830} INFO - Processing file /home/airflow/.local/lib/python3.8/site-packages/airflow/example_dags/example_setup_teardown.py for tasks to queue
[2024-03-09T11:10:03.723+0000] {logging_mixin.py:188} INFO - [2024-03-09T11:10:03.722+0000] {dagbag.py:540} INFO - Filling up the DagBag from /home/airflow/.local/lib/python3.8/site-packages/airflow/example_dags/example_setup_teardown.py
[2024-03-09T11:10:03.739+0000] {processor.py:840} INFO - DAG(s) 'example_setup_teardown' retrieved from /home/airflow/.local/lib/python3.8/site-packages/airflow/example_dags/example_setup_teardown.py
[2024-03-09T11:10:03.781+0000] {logging_mixin.py:188} INFO - [2024-03-09T11:10:03.781+0000] {dag.py:3047} INFO - Sync 1 DAGs
[2024-03-09T11:10:03.835+0000] {logging_mixin.py:188} INFO - [2024-03-09T11:10:03.835+0000] {dag.py:3834} INFO - Setting next_dagrun for example_setup_teardown to 2024-03-08 00:00:00+00:00, run_after=2024-03-09 00:00:00+00:00
[2024-03-09T11:10:03.891+0000] {processor.py:183} INFO - Processing /home/airflow/.local/lib/python3.8/site-packages/airflow/example_dags/example_setup_teardown.py took 0.178 seconds
[2024-03-09T11:10:34.612+0000] {processor.py:161} INFO - Started process (PID=1756) to work on /home/airflow/.local/lib/python3.8/site-packages/airflow/example_dags/example_setup_teardown.py
[2024-03-09T11:10:34.616+0000] {processor.py:830} INFO - Processing file /home/airflow/.local/lib/python3.8/site-packages/airflow/example_dags/example_setup_teardown.py for tasks to queue
[2024-03-09T11:10:34.620+0000] {logging_mixin.py:188} INFO - [2024-03-09T11:10:34.619+0000] {dagbag.py:540} INFO - Filling up the DagBag from /home/airflow/.local/lib/python3.8/site-packages/airflow/example_dags/example_setup_teardown.py
[2024-03-09T11:10:34.634+0000] {processor.py:840} INFO - DAG(s) 'example_setup_teardown' retrieved from /home/airflow/.local/lib/python3.8/site-packages/airflow/example_dags/example_setup_teardown.py
[2024-03-09T11:10:34.671+0000] {logging_mixin.py:188} INFO - [2024-03-09T11:10:34.671+0000] {dag.py:3047} INFO - Sync 1 DAGs
[2024-03-09T11:10:34.714+0000] {logging_mixin.py:188} INFO - [2024-03-09T11:10:34.713+0000] {dag.py:3834} INFO - Setting next_dagrun for example_setup_teardown to 2024-03-08 00:00:00+00:00, run_after=2024-03-09 00:00:00+00:00
[2024-03-09T11:10:34.749+0000] {processor.py:183} INFO - Processing /home/airflow/.local/lib/python3.8/site-packages/airflow/example_dags/example_setup_teardown.py took 0.144 seconds
[2024-03-09T11:11:05.944+0000] {processor.py:161} INFO - Started process (PID=2008) to work on /home/airflow/.local/lib/python3.8/site-packages/airflow/example_dags/example_setup_teardown.py
[2024-03-09T11:11:05.946+0000] {processor.py:830} INFO - Processing file /home/airflow/.local/lib/python3.8/site-packages/airflow/example_dags/example_setup_teardown.py for tasks to queue
[2024-03-09T11:11:05.948+0000] {logging_mixin.py:188} INFO - [2024-03-09T11:11:05.947+0000] {dagbag.py:540} INFO - Filling up the DagBag from /home/airflow/.local/lib/python3.8/site-packages/airflow/example_dags/example_setup_teardown.py
[2024-03-09T11:11:05.960+0000] {processor.py:840} INFO - DAG(s) 'example_setup_teardown' retrieved from /home/airflow/.local/lib/python3.8/site-packages/airflow/example_dags/example_setup_teardown.py
[2024-03-09T11:11:05.995+0000] {logging_mixin.py:188} INFO - [2024-03-09T11:11:05.995+0000] {dag.py:3047} INFO - Sync 1 DAGs
[2024-03-09T11:11:06.032+0000] {logging_mixin.py:188} INFO - [2024-03-09T11:11:06.032+0000] {dag.py:3834} INFO - Setting next_dagrun for example_setup_teardown to 2024-03-08 00:00:00+00:00, run_after=2024-03-09 00:00:00+00:00
[2024-03-09T11:11:06.068+0000] {processor.py:183} INFO - Processing /home/airflow/.local/lib/python3.8/site-packages/airflow/example_dags/example_setup_teardown.py took 0.130 seconds
[2024-03-09T11:11:36.444+0000] {processor.py:161} INFO - Started process (PID=2255) to work on /home/airflow/.local/lib/python3.8/site-packages/airflow/example_dags/example_setup_teardown.py
[2024-03-09T11:11:36.446+0000] {processor.py:830} INFO - Processing file /home/airflow/.local/lib/python3.8/site-packages/airflow/example_dags/example_setup_teardown.py for tasks to queue
[2024-03-09T11:11:36.447+0000] {logging_mixin.py:188} INFO - [2024-03-09T11:11:36.447+0000] {dagbag.py:540} INFO - Filling up the DagBag from /home/airflow/.local/lib/python3.8/site-packages/airflow/example_dags/example_setup_teardown.py
[2024-03-09T11:11:36.459+0000] {processor.py:840} INFO - DAG(s) 'example_setup_teardown' retrieved from /home/airflow/.local/lib/python3.8/site-packages/airflow/example_dags/example_setup_teardown.py
[2024-03-09T11:11:36.495+0000] {logging_mixin.py:188} INFO - [2024-03-09T11:11:36.495+0000] {dag.py:3047} INFO - Sync 1 DAGs
[2024-03-09T11:11:36.533+0000] {logging_mixin.py:188} INFO - [2024-03-09T11:11:36.532+0000] {dag.py:3834} INFO - Setting next_dagrun for example_setup_teardown to 2024-03-08 00:00:00+00:00, run_after=2024-03-09 00:00:00+00:00
[2024-03-09T11:11:36.571+0000] {processor.py:183} INFO - Processing /home/airflow/.local/lib/python3.8/site-packages/airflow/example_dags/example_setup_teardown.py took 0.134 seconds
[2024-03-09T11:12:07.007+0000] {processor.py:161} INFO - Started process (PID=2502) to work on /home/airflow/.local/lib/python3.8/site-packages/airflow/example_dags/example_setup_teardown.py
[2024-03-09T11:12:07.010+0000] {processor.py:830} INFO - Processing file /home/airflow/.local/lib/python3.8/site-packages/airflow/example_dags/example_setup_teardown.py for tasks to queue
[2024-03-09T11:12:07.012+0000] {logging_mixin.py:188} INFO - [2024-03-09T11:12:07.011+0000] {dagbag.py:540} INFO - Filling up the DagBag from /home/airflow/.local/lib/python3.8/site-packages/airflow/example_dags/example_setup_teardown.py
[2024-03-09T11:12:07.031+0000] {processor.py:840} INFO - DAG(s) 'example_setup_teardown' retrieved from /home/airflow/.local/lib/python3.8/site-packages/airflow/example_dags/example_setup_teardown.py
[2024-03-09T11:12:07.076+0000] {logging_mixin.py:188} INFO - [2024-03-09T11:12:07.076+0000] {dag.py:3047} INFO - Sync 1 DAGs
[2024-03-09T11:12:07.121+0000] {logging_mixin.py:188} INFO - [2024-03-09T11:12:07.121+0000] {dag.py:3834} INFO - Setting next_dagrun for example_setup_teardown to 2024-03-08 00:00:00+00:00, run_after=2024-03-09 00:00:00+00:00
[2024-03-09T11:12:07.156+0000] {processor.py:183} INFO - Processing /home/airflow/.local/lib/python3.8/site-packages/airflow/example_dags/example_setup_teardown.py took 0.157 seconds
[2024-03-09T11:12:37.278+0000] {processor.py:161} INFO - Started process (PID=2749) to work on /home/airflow/.local/lib/python3.8/site-packages/airflow/example_dags/example_setup_teardown.py
[2024-03-09T11:12:37.280+0000] {processor.py:830} INFO - Processing file /home/airflow/.local/lib/python3.8/site-packages/airflow/example_dags/example_setup_teardown.py for tasks to queue
[2024-03-09T11:12:37.282+0000] {logging_mixin.py:188} INFO - [2024-03-09T11:12:37.281+0000] {dagbag.py:540} INFO - Filling up the DagBag from /home/airflow/.local/lib/python3.8/site-packages/airflow/example_dags/example_setup_teardown.py
[2024-03-09T11:12:37.294+0000] {processor.py:840} INFO - DAG(s) 'example_setup_teardown' retrieved from /home/airflow/.local/lib/python3.8/site-packages/airflow/example_dags/example_setup_teardown.py
[2024-03-09T11:12:37.328+0000] {logging_mixin.py:188} INFO - [2024-03-09T11:12:37.327+0000] {dag.py:3047} INFO - Sync 1 DAGs
[2024-03-09T11:12:37.373+0000] {logging_mixin.py:188} INFO - [2024-03-09T11:12:37.373+0000] {dag.py:3834} INFO - Setting next_dagrun for example_setup_teardown to 2024-03-08 00:00:00+00:00, run_after=2024-03-09 00:00:00+00:00
[2024-03-09T11:12:37.416+0000] {processor.py:183} INFO - Processing /home/airflow/.local/lib/python3.8/site-packages/airflow/example_dags/example_setup_teardown.py took 0.144 seconds
[2024-03-09T11:13:07.716+0000] {processor.py:161} INFO - Started process (PID=2996) to work on /home/airflow/.local/lib/python3.8/site-packages/airflow/example_dags/example_setup_teardown.py
[2024-03-09T11:13:07.718+0000] {processor.py:830} INFO - Processing file /home/airflow/.local/lib/python3.8/site-packages/airflow/example_dags/example_setup_teardown.py for tasks to queue
[2024-03-09T11:13:07.720+0000] {logging_mixin.py:188} INFO - [2024-03-09T11:13:07.719+0000] {dagbag.py:540} INFO - Filling up the DagBag from /home/airflow/.local/lib/python3.8/site-packages/airflow/example_dags/example_setup_teardown.py
[2024-03-09T11:13:07.732+0000] {processor.py:840} INFO - DAG(s) 'example_setup_teardown' retrieved from /home/airflow/.local/lib/python3.8/site-packages/airflow/example_dags/example_setup_teardown.py
[2024-03-09T11:13:07.763+0000] {logging_mixin.py:188} INFO - [2024-03-09T11:13:07.762+0000] {dag.py:3047} INFO - Sync 1 DAGs
[2024-03-09T11:13:07.801+0000] {logging_mixin.py:188} INFO - [2024-03-09T11:13:07.800+0000] {dag.py:3834} INFO - Setting next_dagrun for example_setup_teardown to 2024-03-08 00:00:00+00:00, run_after=2024-03-09 00:00:00+00:00
[2024-03-09T11:13:07.901+0000] {processor.py:183} INFO - Processing /home/airflow/.local/lib/python3.8/site-packages/airflow/example_dags/example_setup_teardown.py took 0.190 seconds
[2024-03-09T11:13:45.067+0000] {processor.py:161} INFO - Started process (PID=3263) to work on /home/airflow/.local/lib/python3.8/site-packages/airflow/example_dags/example_setup_teardown.py
[2024-03-09T11:13:45.069+0000] {processor.py:830} INFO - Processing file /home/airflow/.local/lib/python3.8/site-packages/airflow/example_dags/example_setup_teardown.py for tasks to queue
[2024-03-09T11:13:45.071+0000] {logging_mixin.py:188} INFO - [2024-03-09T11:13:45.070+0000] {dagbag.py:540} INFO - Filling up the DagBag from /home/airflow/.local/lib/python3.8/site-packages/airflow/example_dags/example_setup_teardown.py
[2024-03-09T11:13:45.087+0000] {processor.py:840} INFO - DAG(s) 'example_setup_teardown' retrieved from /home/airflow/.local/lib/python3.8/site-packages/airflow/example_dags/example_setup_teardown.py
[2024-03-09T11:13:45.124+0000] {logging_mixin.py:188} INFO - [2024-03-09T11:13:45.123+0000] {dag.py:3047} INFO - Sync 1 DAGs
[2024-03-09T11:13:45.170+0000] {logging_mixin.py:188} INFO - [2024-03-09T11:13:45.170+0000] {dag.py:3834} INFO - Setting next_dagrun for example_setup_teardown to 2024-03-08 00:00:00+00:00, run_after=2024-03-09 00:00:00+00:00
[2024-03-09T11:13:45.235+0000] {processor.py:183} INFO - Processing /home/airflow/.local/lib/python3.8/site-packages/airflow/example_dags/example_setup_teardown.py took 0.174 seconds
[2024-03-09T11:14:15.486+0000] {processor.py:161} INFO - Started process (PID=3516) to work on /home/airflow/.local/lib/python3.8/site-packages/airflow/example_dags/example_setup_teardown.py
[2024-03-09T11:14:15.487+0000] {processor.py:830} INFO - Processing file /home/airflow/.local/lib/python3.8/site-packages/airflow/example_dags/example_setup_teardown.py for tasks to queue
[2024-03-09T11:14:15.489+0000] {logging_mixin.py:188} INFO - [2024-03-09T11:14:15.488+0000] {dagbag.py:540} INFO - Filling up the DagBag from /home/airflow/.local/lib/python3.8/site-packages/airflow/example_dags/example_setup_teardown.py
[2024-03-09T11:14:15.501+0000] {processor.py:840} INFO - DAG(s) 'example_setup_teardown' retrieved from /home/airflow/.local/lib/python3.8/site-packages/airflow/example_dags/example_setup_teardown.py
[2024-03-09T11:14:15.534+0000] {logging_mixin.py:188} INFO - [2024-03-09T11:14:15.533+0000] {dag.py:3047} INFO - Sync 1 DAGs
[2024-03-09T11:14:15.572+0000] {logging_mixin.py:188} INFO - [2024-03-09T11:14:15.572+0000] {dag.py:3834} INFO - Setting next_dagrun for example_setup_teardown to 2024-03-08 00:00:00+00:00, run_after=2024-03-09 00:00:00+00:00
[2024-03-09T11:14:15.616+0000] {processor.py:183} INFO - Processing /home/airflow/.local/lib/python3.8/site-packages/airflow/example_dags/example_setup_teardown.py took 0.136 seconds
[2024-03-09T11:14:45.843+0000] {processor.py:161} INFO - Started process (PID=3763) to work on /home/airflow/.local/lib/python3.8/site-packages/airflow/example_dags/example_setup_teardown.py
[2024-03-09T11:14:45.845+0000] {processor.py:830} INFO - Processing file /home/airflow/.local/lib/python3.8/site-packages/airflow/example_dags/example_setup_teardown.py for tasks to queue
[2024-03-09T11:14:45.847+0000] {logging_mixin.py:188} INFO - [2024-03-09T11:14:45.847+0000] {dagbag.py:540} INFO - Filling up the DagBag from /home/airflow/.local/lib/python3.8/site-packages/airflow/example_dags/example_setup_teardown.py
[2024-03-09T11:14:45.859+0000] {processor.py:840} INFO - DAG(s) 'example_setup_teardown' retrieved from /home/airflow/.local/lib/python3.8/site-packages/airflow/example_dags/example_setup_teardown.py
[2024-03-09T11:14:45.893+0000] {logging_mixin.py:188} INFO - [2024-03-09T11:14:45.892+0000] {dag.py:3047} INFO - Sync 1 DAGs
[2024-03-09T11:14:45.930+0000] {logging_mixin.py:188} INFO - [2024-03-09T11:14:45.929+0000] {dag.py:3834} INFO - Setting next_dagrun for example_setup_teardown to 2024-03-08 00:00:00+00:00, run_after=2024-03-09 00:00:00+00:00
[2024-03-09T11:14:45.966+0000] {processor.py:183} INFO - Processing /home/airflow/.local/lib/python3.8/site-packages/airflow/example_dags/example_setup_teardown.py took 0.129 seconds
[2024-03-09T11:15:16.387+0000] {processor.py:161} INFO - Started process (PID=4009) to work on /home/airflow/.local/lib/python3.8/site-packages/airflow/example_dags/example_setup_teardown.py
[2024-03-09T11:15:16.388+0000] {processor.py:830} INFO - Processing file /home/airflow/.local/lib/python3.8/site-packages/airflow/example_dags/example_setup_teardown.py for tasks to queue
[2024-03-09T11:15:16.390+0000] {logging_mixin.py:188} INFO - [2024-03-09T11:15:16.390+0000] {dagbag.py:540} INFO - Filling up the DagBag from /home/airflow/.local/lib/python3.8/site-packages/airflow/example_dags/example_setup_teardown.py
[2024-03-09T11:15:16.405+0000] {processor.py:840} INFO - DAG(s) 'example_setup_teardown' retrieved from /home/airflow/.local/lib/python3.8/site-packages/airflow/example_dags/example_setup_teardown.py
[2024-03-09T11:15:16.441+0000] {logging_mixin.py:188} INFO - [2024-03-09T11:15:16.440+0000] {dag.py:3047} INFO - Sync 1 DAGs
[2024-03-09T11:15:16.479+0000] {logging_mixin.py:188} INFO - [2024-03-09T11:15:16.479+0000] {dag.py:3834} INFO - Setting next_dagrun for example_setup_teardown to 2024-03-08 00:00:00+00:00, run_after=2024-03-09 00:00:00+00:00
[2024-03-09T11:15:16.511+0000] {processor.py:183} INFO - Processing /home/airflow/.local/lib/python3.8/site-packages/airflow/example_dags/example_setup_teardown.py took 0.130 seconds
[2024-03-09T11:15:46.954+0000] {processor.py:161} INFO - Started process (PID=4255) to work on /home/airflow/.local/lib/python3.8/site-packages/airflow/example_dags/example_setup_teardown.py
[2024-03-09T11:15:46.957+0000] {processor.py:830} INFO - Processing file /home/airflow/.local/lib/python3.8/site-packages/airflow/example_dags/example_setup_teardown.py for tasks to queue
[2024-03-09T11:15:46.960+0000] {logging_mixin.py:188} INFO - [2024-03-09T11:15:46.959+0000] {dagbag.py:540} INFO - Filling up the DagBag from /home/airflow/.local/lib/python3.8/site-packages/airflow/example_dags/example_setup_teardown.py
[2024-03-09T11:15:46.980+0000] {processor.py:840} INFO - DAG(s) 'example_setup_teardown' retrieved from /home/airflow/.local/lib/python3.8/site-packages/airflow/example_dags/example_setup_teardown.py
[2024-03-09T11:15:47.026+0000] {logging_mixin.py:188} INFO - [2024-03-09T11:15:47.026+0000] {dag.py:3047} INFO - Sync 1 DAGs
[2024-03-09T11:15:47.074+0000] {logging_mixin.py:188} INFO - [2024-03-09T11:15:47.073+0000] {dag.py:3834} INFO - Setting next_dagrun for example_setup_teardown to 2024-03-08 00:00:00+00:00, run_after=2024-03-09 00:00:00+00:00
[2024-03-09T11:15:47.114+0000] {processor.py:183} INFO - Processing /home/airflow/.local/lib/python3.8/site-packages/airflow/example_dags/example_setup_teardown.py took 0.168 seconds
[2024-03-09T11:16:17.468+0000] {processor.py:161} INFO - Started process (PID=4502) to work on /home/airflow/.local/lib/python3.8/site-packages/airflow/example_dags/example_setup_teardown.py
[2024-03-09T11:16:17.471+0000] {processor.py:830} INFO - Processing file /home/airflow/.local/lib/python3.8/site-packages/airflow/example_dags/example_setup_teardown.py for tasks to queue
[2024-03-09T11:16:17.472+0000] {logging_mixin.py:188} INFO - [2024-03-09T11:16:17.472+0000] {dagbag.py:540} INFO - Filling up the DagBag from /home/airflow/.local/lib/python3.8/site-packages/airflow/example_dags/example_setup_teardown.py
[2024-03-09T11:16:17.483+0000] {processor.py:840} INFO - DAG(s) 'example_setup_teardown' retrieved from /home/airflow/.local/lib/python3.8/site-packages/airflow/example_dags/example_setup_teardown.py
[2024-03-09T11:16:17.517+0000] {logging_mixin.py:188} INFO - [2024-03-09T11:16:17.517+0000] {dag.py:3047} INFO - Sync 1 DAGs
[2024-03-09T11:16:17.554+0000] {logging_mixin.py:188} INFO - [2024-03-09T11:16:17.553+0000] {dag.py:3834} INFO - Setting next_dagrun for example_setup_teardown to 2024-03-08 00:00:00+00:00, run_after=2024-03-09 00:00:00+00:00
[2024-03-09T11:16:17.583+0000] {processor.py:183} INFO - Processing /home/airflow/.local/lib/python3.8/site-packages/airflow/example_dags/example_setup_teardown.py took 0.120 seconds
[2024-03-09T11:16:48.612+0000] {processor.py:161} INFO - Started process (PID=4749) to work on /home/airflow/.local/lib/python3.8/site-packages/airflow/example_dags/example_setup_teardown.py
[2024-03-09T11:16:48.614+0000] {processor.py:830} INFO - Processing file /home/airflow/.local/lib/python3.8/site-packages/airflow/example_dags/example_setup_teardown.py for tasks to queue
[2024-03-09T11:16:48.616+0000] {logging_mixin.py:188} INFO - [2024-03-09T11:16:48.615+0000] {dagbag.py:540} INFO - Filling up the DagBag from /home/airflow/.local/lib/python3.8/site-packages/airflow/example_dags/example_setup_teardown.py
[2024-03-09T11:16:48.631+0000] {processor.py:840} INFO - DAG(s) 'example_setup_teardown' retrieved from /home/airflow/.local/lib/python3.8/site-packages/airflow/example_dags/example_setup_teardown.py
[2024-03-09T11:16:48.668+0000] {logging_mixin.py:188} INFO - [2024-03-09T11:16:48.668+0000] {dag.py:3047} INFO - Sync 1 DAGs
[2024-03-09T11:16:48.715+0000] {logging_mixin.py:188} INFO - [2024-03-09T11:16:48.714+0000] {dag.py:3834} INFO - Setting next_dagrun for example_setup_teardown to 2024-03-08 00:00:00+00:00, run_after=2024-03-09 00:00:00+00:00
[2024-03-09T11:16:48.754+0000] {processor.py:183} INFO - Processing /home/airflow/.local/lib/python3.8/site-packages/airflow/example_dags/example_setup_teardown.py took 0.150 seconds
[2024-03-09T11:17:19.285+0000] {processor.py:161} INFO - Started process (PID=4996) to work on /home/airflow/.local/lib/python3.8/site-packages/airflow/example_dags/example_setup_teardown.py
[2024-03-09T11:17:19.287+0000] {processor.py:830} INFO - Processing file /home/airflow/.local/lib/python3.8/site-packages/airflow/example_dags/example_setup_teardown.py for tasks to queue
[2024-03-09T11:17:19.289+0000] {logging_mixin.py:188} INFO - [2024-03-09T11:17:19.289+0000] {dagbag.py:540} INFO - Filling up the DagBag from /home/airflow/.local/lib/python3.8/site-packages/airflow/example_dags/example_setup_teardown.py
[2024-03-09T11:17:19.302+0000] {processor.py:840} INFO - DAG(s) 'example_setup_teardown' retrieved from /home/airflow/.local/lib/python3.8/site-packages/airflow/example_dags/example_setup_teardown.py
[2024-03-09T11:17:19.337+0000] {logging_mixin.py:188} INFO - [2024-03-09T11:17:19.337+0000] {dag.py:3047} INFO - Sync 1 DAGs
[2024-03-09T11:17:19.372+0000] {logging_mixin.py:188} INFO - [2024-03-09T11:17:19.372+0000] {dag.py:3834} INFO - Setting next_dagrun for example_setup_teardown to 2024-03-08 00:00:00+00:00, run_after=2024-03-09 00:00:00+00:00
[2024-03-09T11:17:19.405+0000] {processor.py:183} INFO - Processing /home/airflow/.local/lib/python3.8/site-packages/airflow/example_dags/example_setup_teardown.py took 0.125 seconds
[2024-03-09T11:17:49.758+0000] {processor.py:161} INFO - Started process (PID=5243) to work on /home/airflow/.local/lib/python3.8/site-packages/airflow/example_dags/example_setup_teardown.py
[2024-03-09T11:17:49.761+0000] {processor.py:830} INFO - Processing file /home/airflow/.local/lib/python3.8/site-packages/airflow/example_dags/example_setup_teardown.py for tasks to queue
[2024-03-09T11:17:49.763+0000] {logging_mixin.py:188} INFO - [2024-03-09T11:17:49.762+0000] {dagbag.py:540} INFO - Filling up the DagBag from /home/airflow/.local/lib/python3.8/site-packages/airflow/example_dags/example_setup_teardown.py
[2024-03-09T11:17:49.775+0000] {processor.py:840} INFO - DAG(s) 'example_setup_teardown' retrieved from /home/airflow/.local/lib/python3.8/site-packages/airflow/example_dags/example_setup_teardown.py
[2024-03-09T11:17:49.809+0000] {logging_mixin.py:188} INFO - [2024-03-09T11:17:49.808+0000] {dag.py:3047} INFO - Sync 1 DAGs
[2024-03-09T11:17:49.846+0000] {logging_mixin.py:188} INFO - [2024-03-09T11:17:49.845+0000] {dag.py:3834} INFO - Setting next_dagrun for example_setup_teardown to 2024-03-08 00:00:00+00:00, run_after=2024-03-09 00:00:00+00:00
[2024-03-09T11:17:49.881+0000] {processor.py:183} INFO - Processing /home/airflow/.local/lib/python3.8/site-packages/airflow/example_dags/example_setup_teardown.py took 0.128 seconds
[2024-03-09T11:18:19.987+0000] {processor.py:161} INFO - Started process (PID=5490) to work on /home/airflow/.local/lib/python3.8/site-packages/airflow/example_dags/example_setup_teardown.py
[2024-03-09T11:18:19.989+0000] {processor.py:830} INFO - Processing file /home/airflow/.local/lib/python3.8/site-packages/airflow/example_dags/example_setup_teardown.py for tasks to queue
[2024-03-09T11:18:19.991+0000] {logging_mixin.py:188} INFO - [2024-03-09T11:18:19.990+0000] {dagbag.py:540} INFO - Filling up the DagBag from /home/airflow/.local/lib/python3.8/site-packages/airflow/example_dags/example_setup_teardown.py
[2024-03-09T11:18:20.003+0000] {processor.py:840} INFO - DAG(s) 'example_setup_teardown' retrieved from /home/airflow/.local/lib/python3.8/site-packages/airflow/example_dags/example_setup_teardown.py
[2024-03-09T11:18:20.040+0000] {logging_mixin.py:188} INFO - [2024-03-09T11:18:20.039+0000] {dag.py:3047} INFO - Sync 1 DAGs
[2024-03-09T11:18:20.079+0000] {logging_mixin.py:188} INFO - [2024-03-09T11:18:20.078+0000] {dag.py:3834} INFO - Setting next_dagrun for example_setup_teardown to 2024-03-08 00:00:00+00:00, run_after=2024-03-09 00:00:00+00:00
[2024-03-09T11:18:20.111+0000] {processor.py:183} INFO - Processing /home/airflow/.local/lib/python3.8/site-packages/airflow/example_dags/example_setup_teardown.py took 0.130 seconds
[2024-03-09T11:18:50.294+0000] {processor.py:161} INFO - Started process (PID=5732) to work on /home/airflow/.local/lib/python3.8/site-packages/airflow/example_dags/example_setup_teardown.py
[2024-03-09T11:18:50.296+0000] {processor.py:830} INFO - Processing file /home/airflow/.local/lib/python3.8/site-packages/airflow/example_dags/example_setup_teardown.py for tasks to queue
[2024-03-09T11:18:50.298+0000] {logging_mixin.py:188} INFO - [2024-03-09T11:18:50.297+0000] {dagbag.py:540} INFO - Filling up the DagBag from /home/airflow/.local/lib/python3.8/site-packages/airflow/example_dags/example_setup_teardown.py
[2024-03-09T11:18:50.309+0000] {processor.py:840} INFO - DAG(s) 'example_setup_teardown' retrieved from /home/airflow/.local/lib/python3.8/site-packages/airflow/example_dags/example_setup_teardown.py
[2024-03-09T11:18:50.341+0000] {logging_mixin.py:188} INFO - [2024-03-09T11:18:50.341+0000] {dag.py:3047} INFO - Sync 1 DAGs
[2024-03-09T11:18:50.376+0000] {logging_mixin.py:188} INFO - [2024-03-09T11:18:50.376+0000] {dag.py:3834} INFO - Setting next_dagrun for example_setup_teardown to 2024-03-08 00:00:00+00:00, run_after=2024-03-09 00:00:00+00:00
[2024-03-09T11:18:50.408+0000] {processor.py:183} INFO - Processing /home/airflow/.local/lib/python3.8/site-packages/airflow/example_dags/example_setup_teardown.py took 0.119 seconds
[2024-03-09T11:19:20.599+0000] {processor.py:161} INFO - Started process (PID=5979) to work on /home/airflow/.local/lib/python3.8/site-packages/airflow/example_dags/example_setup_teardown.py
[2024-03-09T11:19:20.601+0000] {processor.py:830} INFO - Processing file /home/airflow/.local/lib/python3.8/site-packages/airflow/example_dags/example_setup_teardown.py for tasks to queue
[2024-03-09T11:19:20.603+0000] {logging_mixin.py:188} INFO - [2024-03-09T11:19:20.603+0000] {dagbag.py:540} INFO - Filling up the DagBag from /home/airflow/.local/lib/python3.8/site-packages/airflow/example_dags/example_setup_teardown.py
[2024-03-09T11:19:20.615+0000] {processor.py:840} INFO - DAG(s) 'example_setup_teardown' retrieved from /home/airflow/.local/lib/python3.8/site-packages/airflow/example_dags/example_setup_teardown.py
[2024-03-09T11:19:20.651+0000] {logging_mixin.py:188} INFO - [2024-03-09T11:19:20.651+0000] {dag.py:3047} INFO - Sync 1 DAGs
[2024-03-09T11:19:20.687+0000] {logging_mixin.py:188} INFO - [2024-03-09T11:19:20.687+0000] {dag.py:3834} INFO - Setting next_dagrun for example_setup_teardown to 2024-03-08 00:00:00+00:00, run_after=2024-03-09 00:00:00+00:00
[2024-03-09T11:19:20.714+0000] {processor.py:183} INFO - Processing /home/airflow/.local/lib/python3.8/site-packages/airflow/example_dags/example_setup_teardown.py took 0.120 seconds
[2024-03-09T11:19:51.515+0000] {processor.py:161} INFO - Started process (PID=6226) to work on /home/airflow/.local/lib/python3.8/site-packages/airflow/example_dags/example_setup_teardown.py
[2024-03-09T11:19:51.517+0000] {processor.py:830} INFO - Processing file /home/airflow/.local/lib/python3.8/site-packages/airflow/example_dags/example_setup_teardown.py for tasks to queue
[2024-03-09T11:19:51.520+0000] {logging_mixin.py:188} INFO - [2024-03-09T11:19:51.519+0000] {dagbag.py:540} INFO - Filling up the DagBag from /home/airflow/.local/lib/python3.8/site-packages/airflow/example_dags/example_setup_teardown.py
[2024-03-09T11:19:51.532+0000] {processor.py:840} INFO - DAG(s) 'example_setup_teardown' retrieved from /home/airflow/.local/lib/python3.8/site-packages/airflow/example_dags/example_setup_teardown.py
[2024-03-09T11:19:51.568+0000] {logging_mixin.py:188} INFO - [2024-03-09T11:19:51.567+0000] {dag.py:3047} INFO - Sync 1 DAGs
[2024-03-09T11:19:51.601+0000] {logging_mixin.py:188} INFO - [2024-03-09T11:19:51.600+0000] {dag.py:3834} INFO - Setting next_dagrun for example_setup_teardown to 2024-03-08 00:00:00+00:00, run_after=2024-03-09 00:00:00+00:00
[2024-03-09T11:19:51.634+0000] {processor.py:183} INFO - Processing /home/airflow/.local/lib/python3.8/site-packages/airflow/example_dags/example_setup_teardown.py took 0.125 seconds
[2024-03-09T11:20:22.250+0000] {processor.py:161} INFO - Started process (PID=6473) to work on /home/airflow/.local/lib/python3.8/site-packages/airflow/example_dags/example_setup_teardown.py
[2024-03-09T11:20:22.252+0000] {processor.py:830} INFO - Processing file /home/airflow/.local/lib/python3.8/site-packages/airflow/example_dags/example_setup_teardown.py for tasks to queue
[2024-03-09T11:20:22.253+0000] {logging_mixin.py:188} INFO - [2024-03-09T11:20:22.253+0000] {dagbag.py:540} INFO - Filling up the DagBag from /home/airflow/.local/lib/python3.8/site-packages/airflow/example_dags/example_setup_teardown.py
[2024-03-09T11:20:22.268+0000] {processor.py:840} INFO - DAG(s) 'example_setup_teardown' retrieved from /home/airflow/.local/lib/python3.8/site-packages/airflow/example_dags/example_setup_teardown.py
[2024-03-09T11:20:22.306+0000] {logging_mixin.py:188} INFO - [2024-03-09T11:20:22.306+0000] {dag.py:3047} INFO - Sync 1 DAGs
[2024-03-09T11:20:22.342+0000] {logging_mixin.py:188} INFO - [2024-03-09T11:20:22.342+0000] {dag.py:3834} INFO - Setting next_dagrun for example_setup_teardown to 2024-03-08 00:00:00+00:00, run_after=2024-03-09 00:00:00+00:00
[2024-03-09T11:20:22.374+0000] {processor.py:183} INFO - Processing /home/airflow/.local/lib/python3.8/site-packages/airflow/example_dags/example_setup_teardown.py took 0.129 seconds
[2024-03-09T11:20:52.647+0000] {processor.py:161} INFO - Started process (PID=6720) to work on /home/airflow/.local/lib/python3.8/site-packages/airflow/example_dags/example_setup_teardown.py
[2024-03-09T11:20:52.649+0000] {processor.py:830} INFO - Processing file /home/airflow/.local/lib/python3.8/site-packages/airflow/example_dags/example_setup_teardown.py for tasks to queue
[2024-03-09T11:20:52.651+0000] {logging_mixin.py:188} INFO - [2024-03-09T11:20:52.650+0000] {dagbag.py:540} INFO - Filling up the DagBag from /home/airflow/.local/lib/python3.8/site-packages/airflow/example_dags/example_setup_teardown.py
[2024-03-09T11:20:52.663+0000] {processor.py:840} INFO - DAG(s) 'example_setup_teardown' retrieved from /home/airflow/.local/lib/python3.8/site-packages/airflow/example_dags/example_setup_teardown.py
[2024-03-09T11:20:52.698+0000] {logging_mixin.py:188} INFO - [2024-03-09T11:20:52.697+0000] {dag.py:3047} INFO - Sync 1 DAGs
[2024-03-09T11:20:52.729+0000] {logging_mixin.py:188} INFO - [2024-03-09T11:20:52.729+0000] {dag.py:3834} INFO - Setting next_dagrun for example_setup_teardown to 2024-03-08 00:00:00+00:00, run_after=2024-03-09 00:00:00+00:00
[2024-03-09T11:20:52.758+0000] {processor.py:183} INFO - Processing /home/airflow/.local/lib/python3.8/site-packages/airflow/example_dags/example_setup_teardown.py took 0.116 seconds
[2024-03-09T11:21:23.740+0000] {processor.py:161} INFO - Started process (PID=6967) to work on /home/airflow/.local/lib/python3.8/site-packages/airflow/example_dags/example_setup_teardown.py
[2024-03-09T11:21:23.743+0000] {processor.py:830} INFO - Processing file /home/airflow/.local/lib/python3.8/site-packages/airflow/example_dags/example_setup_teardown.py for tasks to queue
[2024-03-09T11:21:23.746+0000] {logging_mixin.py:188} INFO - [2024-03-09T11:21:23.745+0000] {dagbag.py:540} INFO - Filling up the DagBag from /home/airflow/.local/lib/python3.8/site-packages/airflow/example_dags/example_setup_teardown.py
[2024-03-09T11:21:23.764+0000] {processor.py:840} INFO - DAG(s) 'example_setup_teardown' retrieved from /home/airflow/.local/lib/python3.8/site-packages/airflow/example_dags/example_setup_teardown.py
[2024-03-09T11:21:23.803+0000] {logging_mixin.py:188} INFO - [2024-03-09T11:21:23.803+0000] {dag.py:3047} INFO - Sync 1 DAGs
[2024-03-09T11:21:23.853+0000] {logging_mixin.py:188} INFO - [2024-03-09T11:21:23.852+0000] {dag.py:3834} INFO - Setting next_dagrun for example_setup_teardown to 2024-03-08 00:00:00+00:00, run_after=2024-03-09 00:00:00+00:00
[2024-03-09T11:21:23.896+0000] {processor.py:183} INFO - Processing /home/airflow/.local/lib/python3.8/site-packages/airflow/example_dags/example_setup_teardown.py took 0.164 seconds
[2024-03-09T13:38:18.405+0000] {processor.py:161} INFO - Started process (PID=7209) to work on /home/airflow/.local/lib/python3.8/site-packages/airflow/example_dags/example_setup_teardown.py
[2024-03-09T13:38:18.407+0000] {processor.py:830} INFO - Processing file /home/airflow/.local/lib/python3.8/site-packages/airflow/example_dags/example_setup_teardown.py for tasks to queue
[2024-03-09T13:38:18.409+0000] {logging_mixin.py:188} INFO - [2024-03-09T13:38:18.408+0000] {dagbag.py:540} INFO - Filling up the DagBag from /home/airflow/.local/lib/python3.8/site-packages/airflow/example_dags/example_setup_teardown.py
[2024-03-09T13:38:18.425+0000] {processor.py:840} INFO - DAG(s) 'example_setup_teardown' retrieved from /home/airflow/.local/lib/python3.8/site-packages/airflow/example_dags/example_setup_teardown.py
[2024-03-09T13:38:18.471+0000] {logging_mixin.py:188} INFO - [2024-03-09T13:38:18.470+0000] {dag.py:3047} INFO - Sync 1 DAGs
[2024-03-09T13:38:18.510+0000] {logging_mixin.py:188} INFO - [2024-03-09T13:38:18.510+0000] {dag.py:3834} INFO - Setting next_dagrun for example_setup_teardown to 2024-03-08 00:00:00+00:00, run_after=2024-03-09 00:00:00+00:00
[2024-03-09T13:38:18.555+0000] {processor.py:183} INFO - Processing /home/airflow/.local/lib/python3.8/site-packages/airflow/example_dags/example_setup_teardown.py took 0.156 seconds
[2024-03-09T13:38:48.933+0000] {processor.py:161} INFO - Started process (PID=7456) to work on /home/airflow/.local/lib/python3.8/site-packages/airflow/example_dags/example_setup_teardown.py
[2024-03-09T13:38:48.936+0000] {processor.py:830} INFO - Processing file /home/airflow/.local/lib/python3.8/site-packages/airflow/example_dags/example_setup_teardown.py for tasks to queue
[2024-03-09T13:38:48.939+0000] {logging_mixin.py:188} INFO - [2024-03-09T13:38:48.938+0000] {dagbag.py:540} INFO - Filling up the DagBag from /home/airflow/.local/lib/python3.8/site-packages/airflow/example_dags/example_setup_teardown.py
[2024-03-09T13:38:48.952+0000] {processor.py:840} INFO - DAG(s) 'example_setup_teardown' retrieved from /home/airflow/.local/lib/python3.8/site-packages/airflow/example_dags/example_setup_teardown.py
[2024-03-09T13:38:48.996+0000] {logging_mixin.py:188} INFO - [2024-03-09T13:38:48.996+0000] {dag.py:3047} INFO - Sync 1 DAGs
[2024-03-09T13:38:49.034+0000] {logging_mixin.py:188} INFO - [2024-03-09T13:38:49.033+0000] {dag.py:3834} INFO - Setting next_dagrun for example_setup_teardown to 2024-03-08 00:00:00+00:00, run_after=2024-03-09 00:00:00+00:00
[2024-03-09T13:38:49.078+0000] {processor.py:183} INFO - Processing /home/airflow/.local/lib/python3.8/site-packages/airflow/example_dags/example_setup_teardown.py took 0.151 seconds
[2024-03-09T13:39:20.329+0000] {processor.py:161} INFO - Started process (PID=7703) to work on /home/airflow/.local/lib/python3.8/site-packages/airflow/example_dags/example_setup_teardown.py
[2024-03-09T13:39:20.332+0000] {processor.py:830} INFO - Processing file /home/airflow/.local/lib/python3.8/site-packages/airflow/example_dags/example_setup_teardown.py for tasks to queue
[2024-03-09T13:39:20.334+0000] {logging_mixin.py:188} INFO - [2024-03-09T13:39:20.334+0000] {dagbag.py:540} INFO - Filling up the DagBag from /home/airflow/.local/lib/python3.8/site-packages/airflow/example_dags/example_setup_teardown.py
[2024-03-09T13:39:20.345+0000] {processor.py:840} INFO - DAG(s) 'example_setup_teardown' retrieved from /home/airflow/.local/lib/python3.8/site-packages/airflow/example_dags/example_setup_teardown.py
[2024-03-09T13:39:20.380+0000] {logging_mixin.py:188} INFO - [2024-03-09T13:39:20.379+0000] {dag.py:3047} INFO - Sync 1 DAGs
[2024-03-09T13:39:20.431+0000] {logging_mixin.py:188} INFO - [2024-03-09T13:39:20.430+0000] {dag.py:3834} INFO - Setting next_dagrun for example_setup_teardown to 2024-03-08 00:00:00+00:00, run_after=2024-03-09 00:00:00+00:00
[2024-03-09T13:39:20.463+0000] {processor.py:183} INFO - Processing /home/airflow/.local/lib/python3.8/site-packages/airflow/example_dags/example_setup_teardown.py took 0.138 seconds
[2024-03-09T13:39:50.531+0000] {processor.py:161} INFO - Started process (PID=7950) to work on /home/airflow/.local/lib/python3.8/site-packages/airflow/example_dags/example_setup_teardown.py
[2024-03-09T13:39:50.534+0000] {processor.py:830} INFO - Processing file /home/airflow/.local/lib/python3.8/site-packages/airflow/example_dags/example_setup_teardown.py for tasks to queue
[2024-03-09T13:39:50.536+0000] {logging_mixin.py:188} INFO - [2024-03-09T13:39:50.536+0000] {dagbag.py:540} INFO - Filling up the DagBag from /home/airflow/.local/lib/python3.8/site-packages/airflow/example_dags/example_setup_teardown.py
[2024-03-09T13:39:50.550+0000] {processor.py:840} INFO - DAG(s) 'example_setup_teardown' retrieved from /home/airflow/.local/lib/python3.8/site-packages/airflow/example_dags/example_setup_teardown.py
[2024-03-09T13:39:50.586+0000] {logging_mixin.py:188} INFO - [2024-03-09T13:39:50.585+0000] {dag.py:3047} INFO - Sync 1 DAGs
[2024-03-09T13:39:50.622+0000] {logging_mixin.py:188} INFO - [2024-03-09T13:39:50.622+0000] {dag.py:3834} INFO - Setting next_dagrun for example_setup_teardown to 2024-03-08 00:00:00+00:00, run_after=2024-03-09 00:00:00+00:00
[2024-03-09T13:39:50.651+0000] {processor.py:183} INFO - Processing /home/airflow/.local/lib/python3.8/site-packages/airflow/example_dags/example_setup_teardown.py took 0.126 seconds
[2024-03-09T13:40:21.154+0000] {processor.py:161} INFO - Started process (PID=8199) to work on /home/airflow/.local/lib/python3.8/site-packages/airflow/example_dags/example_setup_teardown.py
[2024-03-09T13:40:21.156+0000] {processor.py:830} INFO - Processing file /home/airflow/.local/lib/python3.8/site-packages/airflow/example_dags/example_setup_teardown.py for tasks to queue
[2024-03-09T13:40:21.158+0000] {logging_mixin.py:188} INFO - [2024-03-09T13:40:21.157+0000] {dagbag.py:540} INFO - Filling up the DagBag from /home/airflow/.local/lib/python3.8/site-packages/airflow/example_dags/example_setup_teardown.py
[2024-03-09T13:40:21.171+0000] {processor.py:840} INFO - DAG(s) 'example_setup_teardown' retrieved from /home/airflow/.local/lib/python3.8/site-packages/airflow/example_dags/example_setup_teardown.py
[2024-03-09T13:40:21.206+0000] {logging_mixin.py:188} INFO - [2024-03-09T13:40:21.206+0000] {dag.py:3047} INFO - Sync 1 DAGs
[2024-03-09T13:40:21.249+0000] {logging_mixin.py:188} INFO - [2024-03-09T13:40:21.249+0000] {dag.py:3834} INFO - Setting next_dagrun for example_setup_teardown to 2024-03-08 00:00:00+00:00, run_after=2024-03-09 00:00:00+00:00
[2024-03-09T13:40:21.283+0000] {processor.py:183} INFO - Processing /home/airflow/.local/lib/python3.8/site-packages/airflow/example_dags/example_setup_teardown.py took 0.133 seconds
[2024-03-09T13:40:51.471+0000] {processor.py:161} INFO - Started process (PID=8446) to work on /home/airflow/.local/lib/python3.8/site-packages/airflow/example_dags/example_setup_teardown.py
[2024-03-09T13:40:51.473+0000] {processor.py:830} INFO - Processing file /home/airflow/.local/lib/python3.8/site-packages/airflow/example_dags/example_setup_teardown.py for tasks to queue
[2024-03-09T13:40:51.475+0000] {logging_mixin.py:188} INFO - [2024-03-09T13:40:51.474+0000] {dagbag.py:540} INFO - Filling up the DagBag from /home/airflow/.local/lib/python3.8/site-packages/airflow/example_dags/example_setup_teardown.py
[2024-03-09T13:40:51.487+0000] {processor.py:840} INFO - DAG(s) 'example_setup_teardown' retrieved from /home/airflow/.local/lib/python3.8/site-packages/airflow/example_dags/example_setup_teardown.py
[2024-03-09T13:40:51.521+0000] {logging_mixin.py:188} INFO - [2024-03-09T13:40:51.521+0000] {dag.py:3047} INFO - Sync 1 DAGs
[2024-03-09T13:40:51.557+0000] {logging_mixin.py:188} INFO - [2024-03-09T13:40:51.557+0000] {dag.py:3834} INFO - Setting next_dagrun for example_setup_teardown to 2024-03-08 00:00:00+00:00, run_after=2024-03-09 00:00:00+00:00
[2024-03-09T13:40:51.590+0000] {processor.py:183} INFO - Processing /home/airflow/.local/lib/python3.8/site-packages/airflow/example_dags/example_setup_teardown.py took 0.125 seconds
[2024-03-09T13:41:21.953+0000] {processor.py:161} INFO - Started process (PID=8691) to work on /home/airflow/.local/lib/python3.8/site-packages/airflow/example_dags/example_setup_teardown.py
[2024-03-09T13:41:21.956+0000] {processor.py:830} INFO - Processing file /home/airflow/.local/lib/python3.8/site-packages/airflow/example_dags/example_setup_teardown.py for tasks to queue
[2024-03-09T13:41:21.957+0000] {logging_mixin.py:188} INFO - [2024-03-09T13:41:21.957+0000] {dagbag.py:540} INFO - Filling up the DagBag from /home/airflow/.local/lib/python3.8/site-packages/airflow/example_dags/example_setup_teardown.py
[2024-03-09T13:41:21.973+0000] {processor.py:840} INFO - DAG(s) 'example_setup_teardown' retrieved from /home/airflow/.local/lib/python3.8/site-packages/airflow/example_dags/example_setup_teardown.py
[2024-03-09T13:41:22.019+0000] {logging_mixin.py:188} INFO - [2024-03-09T13:41:22.019+0000] {dag.py:3047} INFO - Sync 1 DAGs
[2024-03-09T13:41:22.124+0000] {logging_mixin.py:188} INFO - [2024-03-09T13:41:22.123+0000] {dag.py:3834} INFO - Setting next_dagrun for example_setup_teardown to 2024-03-08 00:00:00+00:00, run_after=2024-03-09 00:00:00+00:00
[2024-03-09T13:41:22.163+0000] {processor.py:183} INFO - Processing /home/airflow/.local/lib/python3.8/site-packages/airflow/example_dags/example_setup_teardown.py took 0.216 seconds
[2024-03-09T13:41:52.521+0000] {processor.py:161} INFO - Started process (PID=8938) to work on /home/airflow/.local/lib/python3.8/site-packages/airflow/example_dags/example_setup_teardown.py
[2024-03-09T13:41:52.523+0000] {processor.py:830} INFO - Processing file /home/airflow/.local/lib/python3.8/site-packages/airflow/example_dags/example_setup_teardown.py for tasks to queue
[2024-03-09T13:41:52.525+0000] {logging_mixin.py:188} INFO - [2024-03-09T13:41:52.525+0000] {dagbag.py:540} INFO - Filling up the DagBag from /home/airflow/.local/lib/python3.8/site-packages/airflow/example_dags/example_setup_teardown.py
[2024-03-09T13:41:52.538+0000] {processor.py:840} INFO - DAG(s) 'example_setup_teardown' retrieved from /home/airflow/.local/lib/python3.8/site-packages/airflow/example_dags/example_setup_teardown.py
[2024-03-09T13:41:52.571+0000] {logging_mixin.py:188} INFO - [2024-03-09T13:41:52.570+0000] {dag.py:3047} INFO - Sync 1 DAGs
[2024-03-09T13:41:52.608+0000] {logging_mixin.py:188} INFO - [2024-03-09T13:41:52.608+0000] {dag.py:3834} INFO - Setting next_dagrun for example_setup_teardown to 2024-03-08 00:00:00+00:00, run_after=2024-03-09 00:00:00+00:00
[2024-03-09T13:41:52.642+0000] {processor.py:183} INFO - Processing /home/airflow/.local/lib/python3.8/site-packages/airflow/example_dags/example_setup_teardown.py took 0.127 seconds
[2024-03-09T13:42:22.862+0000] {processor.py:161} INFO - Started process (PID=9185) to work on /home/airflow/.local/lib/python3.8/site-packages/airflow/example_dags/example_setup_teardown.py
[2024-03-09T13:42:22.865+0000] {processor.py:830} INFO - Processing file /home/airflow/.local/lib/python3.8/site-packages/airflow/example_dags/example_setup_teardown.py for tasks to queue
[2024-03-09T13:42:22.867+0000] {logging_mixin.py:188} INFO - [2024-03-09T13:42:22.866+0000] {dagbag.py:540} INFO - Filling up the DagBag from /home/airflow/.local/lib/python3.8/site-packages/airflow/example_dags/example_setup_teardown.py
[2024-03-09T13:42:22.879+0000] {processor.py:840} INFO - DAG(s) 'example_setup_teardown' retrieved from /home/airflow/.local/lib/python3.8/site-packages/airflow/example_dags/example_setup_teardown.py
[2024-03-09T13:42:22.912+0000] {logging_mixin.py:188} INFO - [2024-03-09T13:42:22.911+0000] {dag.py:3047} INFO - Sync 1 DAGs
[2024-03-09T13:42:22.954+0000] {logging_mixin.py:188} INFO - [2024-03-09T13:42:22.953+0000] {dag.py:3834} INFO - Setting next_dagrun for example_setup_teardown to 2024-03-08 00:00:00+00:00, run_after=2024-03-09 00:00:00+00:00
[2024-03-09T13:42:22.985+0000] {processor.py:183} INFO - Processing /home/airflow/.local/lib/python3.8/site-packages/airflow/example_dags/example_setup_teardown.py took 0.128 seconds
[2024-03-09T13:42:53.193+0000] {processor.py:161} INFO - Started process (PID=9432) to work on /home/airflow/.local/lib/python3.8/site-packages/airflow/example_dags/example_setup_teardown.py
[2024-03-09T13:42:53.195+0000] {processor.py:830} INFO - Processing file /home/airflow/.local/lib/python3.8/site-packages/airflow/example_dags/example_setup_teardown.py for tasks to queue
[2024-03-09T13:42:53.197+0000] {logging_mixin.py:188} INFO - [2024-03-09T13:42:53.196+0000] {dagbag.py:540} INFO - Filling up the DagBag from /home/airflow/.local/lib/python3.8/site-packages/airflow/example_dags/example_setup_teardown.py
[2024-03-09T13:42:53.209+0000] {processor.py:840} INFO - DAG(s) 'example_setup_teardown' retrieved from /home/airflow/.local/lib/python3.8/site-packages/airflow/example_dags/example_setup_teardown.py
[2024-03-09T13:42:53.243+0000] {logging_mixin.py:188} INFO - [2024-03-09T13:42:53.242+0000] {dag.py:3047} INFO - Sync 1 DAGs
[2024-03-09T13:42:53.281+0000] {logging_mixin.py:188} INFO - [2024-03-09T13:42:53.281+0000] {dag.py:3834} INFO - Setting next_dagrun for example_setup_teardown to 2024-03-08 00:00:00+00:00, run_after=2024-03-09 00:00:00+00:00
[2024-03-09T13:42:53.325+0000] {processor.py:183} INFO - Processing /home/airflow/.local/lib/python3.8/site-packages/airflow/example_dags/example_setup_teardown.py took 0.136 seconds
[2024-03-09T13:43:23.458+0000] {processor.py:161} INFO - Started process (PID=9679) to work on /home/airflow/.local/lib/python3.8/site-packages/airflow/example_dags/example_setup_teardown.py
[2024-03-09T13:43:23.460+0000] {processor.py:830} INFO - Processing file /home/airflow/.local/lib/python3.8/site-packages/airflow/example_dags/example_setup_teardown.py for tasks to queue
[2024-03-09T13:43:23.461+0000] {logging_mixin.py:188} INFO - [2024-03-09T13:43:23.461+0000] {dagbag.py:540} INFO - Filling up the DagBag from /home/airflow/.local/lib/python3.8/site-packages/airflow/example_dags/example_setup_teardown.py
[2024-03-09T13:43:23.472+0000] {processor.py:840} INFO - DAG(s) 'example_setup_teardown' retrieved from /home/airflow/.local/lib/python3.8/site-packages/airflow/example_dags/example_setup_teardown.py
[2024-03-09T13:43:23.545+0000] {logging_mixin.py:188} INFO - [2024-03-09T13:43:23.544+0000] {dag.py:3047} INFO - Sync 1 DAGs
[2024-03-09T13:43:23.583+0000] {logging_mixin.py:188} INFO - [2024-03-09T13:43:23.583+0000] {dag.py:3834} INFO - Setting next_dagrun for example_setup_teardown to 2024-03-08 00:00:00+00:00, run_after=2024-03-09 00:00:00+00:00
[2024-03-09T13:43:23.617+0000] {processor.py:183} INFO - Processing /home/airflow/.local/lib/python3.8/site-packages/airflow/example_dags/example_setup_teardown.py took 0.165 seconds
[2024-03-09T13:43:54.379+0000] {processor.py:161} INFO - Started process (PID=9926) to work on /home/airflow/.local/lib/python3.8/site-packages/airflow/example_dags/example_setup_teardown.py
[2024-03-09T13:43:54.381+0000] {processor.py:830} INFO - Processing file /home/airflow/.local/lib/python3.8/site-packages/airflow/example_dags/example_setup_teardown.py for tasks to queue
[2024-03-09T13:43:54.383+0000] {logging_mixin.py:188} INFO - [2024-03-09T13:43:54.382+0000] {dagbag.py:540} INFO - Filling up the DagBag from /home/airflow/.local/lib/python3.8/site-packages/airflow/example_dags/example_setup_teardown.py
[2024-03-09T13:43:54.395+0000] {processor.py:840} INFO - DAG(s) 'example_setup_teardown' retrieved from /home/airflow/.local/lib/python3.8/site-packages/airflow/example_dags/example_setup_teardown.py
[2024-03-09T13:43:54.428+0000] {logging_mixin.py:188} INFO - [2024-03-09T13:43:54.428+0000] {dag.py:3047} INFO - Sync 1 DAGs
[2024-03-09T13:43:54.466+0000] {logging_mixin.py:188} INFO - [2024-03-09T13:43:54.466+0000] {dag.py:3834} INFO - Setting next_dagrun for example_setup_teardown to 2024-03-08 00:00:00+00:00, run_after=2024-03-09 00:00:00+00:00
[2024-03-09T13:43:54.501+0000] {processor.py:183} INFO - Processing /home/airflow/.local/lib/python3.8/site-packages/airflow/example_dags/example_setup_teardown.py took 0.127 seconds
