[2024-03-09T11:07:26.882+0000] {processor.py:161} INFO - Started process (PID=187) to work on /home/airflow/.local/lib/python3.8/site-packages/airflow/example_dags/example_kubernetes_executor.py
[2024-03-09T11:07:26.884+0000] {processor.py:830} INFO - Processing file /home/airflow/.local/lib/python3.8/site-packages/airflow/example_dags/example_kubernetes_executor.py for tasks to queue
[2024-03-09T11:07:26.886+0000] {logging_mixin.py:188} INFO - [2024-03-09T11:07:26.885+0000] {dagbag.py:540} INFO - Filling up the DagBag from /home/airflow/.local/lib/python3.8/site-packages/airflow/example_dags/example_kubernetes_executor.py
[2024-03-09T11:07:26.961+0000] {processor.py:840} INFO - DAG(s) 'example_kubernetes_executor' retrieved from /home/airflow/.local/lib/python3.8/site-packages/airflow/example_dags/example_kubernetes_executor.py
[2024-03-09T11:07:27.375+0000] {logging_mixin.py:188} INFO - [2024-03-09T11:07:27.375+0000] {dag.py:3047} INFO - Sync 1 DAGs
[2024-03-09T11:07:27.402+0000] {logging_mixin.py:188} INFO - [2024-03-09T11:07:27.401+0000] {dag.py:3834} INFO - Setting next_dagrun for example_kubernetes_executor to None, run_after=None
[2024-03-09T11:07:27.439+0000] {processor.py:183} INFO - Processing /home/airflow/.local/lib/python3.8/site-packages/airflow/example_dags/example_kubernetes_executor.py took 0.562 seconds
[2024-03-09T11:07:57.860+0000] {processor.py:161} INFO - Started process (PID=436) to work on /home/airflow/.local/lib/python3.8/site-packages/airflow/example_dags/example_kubernetes_executor.py
[2024-03-09T11:07:57.863+0000] {processor.py:830} INFO - Processing file /home/airflow/.local/lib/python3.8/site-packages/airflow/example_dags/example_kubernetes_executor.py for tasks to queue
[2024-03-09T11:07:57.866+0000] {logging_mixin.py:188} INFO - [2024-03-09T11:07:57.865+0000] {dagbag.py:540} INFO - Filling up the DagBag from /home/airflow/.local/lib/python3.8/site-packages/airflow/example_dags/example_kubernetes_executor.py
[2024-03-09T11:07:57.895+0000] {processor.py:840} INFO - DAG(s) 'example_kubernetes_executor' retrieved from /home/airflow/.local/lib/python3.8/site-packages/airflow/example_dags/example_kubernetes_executor.py
[2024-03-09T11:07:57.982+0000] {logging_mixin.py:188} INFO - [2024-03-09T11:07:57.982+0000] {dag.py:3047} INFO - Sync 1 DAGs
[2024-03-09T11:07:58.002+0000] {logging_mixin.py:188} INFO - [2024-03-09T11:07:58.001+0000] {dag.py:3834} INFO - Setting next_dagrun for example_kubernetes_executor to None, run_after=None
[2024-03-09T11:07:58.033+0000] {processor.py:183} INFO - Processing /home/airflow/.local/lib/python3.8/site-packages/airflow/example_dags/example_kubernetes_executor.py took 0.181 seconds
[2024-03-09T11:08:29.078+0000] {processor.py:161} INFO - Started process (PID=683) to work on /home/airflow/.local/lib/python3.8/site-packages/airflow/example_dags/example_kubernetes_executor.py
[2024-03-09T11:08:29.081+0000] {processor.py:830} INFO - Processing file /home/airflow/.local/lib/python3.8/site-packages/airflow/example_dags/example_kubernetes_executor.py for tasks to queue
[2024-03-09T11:08:29.083+0000] {logging_mixin.py:188} INFO - [2024-03-09T11:08:29.082+0000] {dagbag.py:540} INFO - Filling up the DagBag from /home/airflow/.local/lib/python3.8/site-packages/airflow/example_dags/example_kubernetes_executor.py
[2024-03-09T11:08:29.108+0000] {processor.py:840} INFO - DAG(s) 'example_kubernetes_executor' retrieved from /home/airflow/.local/lib/python3.8/site-packages/airflow/example_dags/example_kubernetes_executor.py
[2024-03-09T11:08:29.179+0000] {logging_mixin.py:188} INFO - [2024-03-09T11:08:29.179+0000] {dag.py:3047} INFO - Sync 1 DAGs
[2024-03-09T11:08:29.199+0000] {logging_mixin.py:188} INFO - [2024-03-09T11:08:29.198+0000] {dag.py:3834} INFO - Setting next_dagrun for example_kubernetes_executor to None, run_after=None
[2024-03-09T11:08:29.232+0000] {processor.py:183} INFO - Processing /home/airflow/.local/lib/python3.8/site-packages/airflow/example_dags/example_kubernetes_executor.py took 0.161 seconds
[2024-03-09T11:08:59.820+0000] {processor.py:161} INFO - Started process (PID=930) to work on /home/airflow/.local/lib/python3.8/site-packages/airflow/example_dags/example_kubernetes_executor.py
[2024-03-09T11:08:59.824+0000] {processor.py:830} INFO - Processing file /home/airflow/.local/lib/python3.8/site-packages/airflow/example_dags/example_kubernetes_executor.py for tasks to queue
[2024-03-09T11:08:59.826+0000] {logging_mixin.py:188} INFO - [2024-03-09T11:08:59.826+0000] {dagbag.py:540} INFO - Filling up the DagBag from /home/airflow/.local/lib/python3.8/site-packages/airflow/example_dags/example_kubernetes_executor.py
[2024-03-09T11:08:59.852+0000] {processor.py:840} INFO - DAG(s) 'example_kubernetes_executor' retrieved from /home/airflow/.local/lib/python3.8/site-packages/airflow/example_dags/example_kubernetes_executor.py
[2024-03-09T11:08:59.925+0000] {logging_mixin.py:188} INFO - [2024-03-09T11:08:59.924+0000] {dag.py:3047} INFO - Sync 1 DAGs
[2024-03-09T11:08:59.955+0000] {logging_mixin.py:188} INFO - [2024-03-09T11:08:59.955+0000] {dag.py:3834} INFO - Setting next_dagrun for example_kubernetes_executor to None, run_after=None
[2024-03-09T11:08:59.995+0000] {processor.py:183} INFO - Processing /home/airflow/.local/lib/python3.8/site-packages/airflow/example_dags/example_kubernetes_executor.py took 0.182 seconds
[2024-03-09T11:09:30.327+0000] {processor.py:161} INFO - Started process (PID=1178) to work on /home/airflow/.local/lib/python3.8/site-packages/airflow/example_dags/example_kubernetes_executor.py
[2024-03-09T11:09:30.329+0000] {processor.py:830} INFO - Processing file /home/airflow/.local/lib/python3.8/site-packages/airflow/example_dags/example_kubernetes_executor.py for tasks to queue
[2024-03-09T11:09:30.331+0000] {logging_mixin.py:188} INFO - [2024-03-09T11:09:30.331+0000] {dagbag.py:540} INFO - Filling up the DagBag from /home/airflow/.local/lib/python3.8/site-packages/airflow/example_dags/example_kubernetes_executor.py
[2024-03-09T11:09:30.354+0000] {processor.py:840} INFO - DAG(s) 'example_kubernetes_executor' retrieved from /home/airflow/.local/lib/python3.8/site-packages/airflow/example_dags/example_kubernetes_executor.py
[2024-03-09T11:09:30.424+0000] {logging_mixin.py:188} INFO - [2024-03-09T11:09:30.423+0000] {dag.py:3047} INFO - Sync 1 DAGs
[2024-03-09T11:09:30.453+0000] {logging_mixin.py:188} INFO - [2024-03-09T11:09:30.453+0000] {dag.py:3834} INFO - Setting next_dagrun for example_kubernetes_executor to None, run_after=None
[2024-03-09T11:09:30.494+0000] {processor.py:183} INFO - Processing /home/airflow/.local/lib/python3.8/site-packages/airflow/example_dags/example_kubernetes_executor.py took 0.172 seconds
[2024-03-09T11:10:00.862+0000] {processor.py:161} INFO - Started process (PID=1425) to work on /home/airflow/.local/lib/python3.8/site-packages/airflow/example_dags/example_kubernetes_executor.py
[2024-03-09T11:10:00.864+0000] {processor.py:830} INFO - Processing file /home/airflow/.local/lib/python3.8/site-packages/airflow/example_dags/example_kubernetes_executor.py for tasks to queue
[2024-03-09T11:10:00.866+0000] {logging_mixin.py:188} INFO - [2024-03-09T11:10:00.865+0000] {dagbag.py:540} INFO - Filling up the DagBag from /home/airflow/.local/lib/python3.8/site-packages/airflow/example_dags/example_kubernetes_executor.py
[2024-03-09T11:10:00.887+0000] {processor.py:840} INFO - DAG(s) 'example_kubernetes_executor' retrieved from /home/airflow/.local/lib/python3.8/site-packages/airflow/example_dags/example_kubernetes_executor.py
[2024-03-09T11:10:00.960+0000] {logging_mixin.py:188} INFO - [2024-03-09T11:10:00.960+0000] {dag.py:3047} INFO - Sync 1 DAGs
[2024-03-09T11:10:00.984+0000] {logging_mixin.py:188} INFO - [2024-03-09T11:10:00.983+0000] {dag.py:3834} INFO - Setting next_dagrun for example_kubernetes_executor to None, run_after=None
[2024-03-09T11:10:01.018+0000] {processor.py:183} INFO - Processing /home/airflow/.local/lib/python3.8/site-packages/airflow/example_dags/example_kubernetes_executor.py took 0.163 seconds
[2024-03-09T11:10:31.393+0000] {processor.py:161} INFO - Started process (PID=1672) to work on /home/airflow/.local/lib/python3.8/site-packages/airflow/example_dags/example_kubernetes_executor.py
[2024-03-09T11:10:31.395+0000] {processor.py:830} INFO - Processing file /home/airflow/.local/lib/python3.8/site-packages/airflow/example_dags/example_kubernetes_executor.py for tasks to queue
[2024-03-09T11:10:31.399+0000] {logging_mixin.py:188} INFO - [2024-03-09T11:10:31.397+0000] {dagbag.py:540} INFO - Filling up the DagBag from /home/airflow/.local/lib/python3.8/site-packages/airflow/example_dags/example_kubernetes_executor.py
[2024-03-09T11:10:31.426+0000] {processor.py:840} INFO - DAG(s) 'example_kubernetes_executor' retrieved from /home/airflow/.local/lib/python3.8/site-packages/airflow/example_dags/example_kubernetes_executor.py
[2024-03-09T11:10:31.489+0000] {logging_mixin.py:188} INFO - [2024-03-09T11:10:31.489+0000] {dag.py:3047} INFO - Sync 1 DAGs
[2024-03-09T11:10:31.513+0000] {logging_mixin.py:188} INFO - [2024-03-09T11:10:31.513+0000] {dag.py:3834} INFO - Setting next_dagrun for example_kubernetes_executor to None, run_after=None
[2024-03-09T11:10:31.549+0000] {processor.py:183} INFO - Processing /home/airflow/.local/lib/python3.8/site-packages/airflow/example_dags/example_kubernetes_executor.py took 0.164 seconds
[2024-03-09T11:11:02.184+0000] {processor.py:161} INFO - Started process (PID=1919) to work on /home/airflow/.local/lib/python3.8/site-packages/airflow/example_dags/example_kubernetes_executor.py
[2024-03-09T11:11:02.186+0000] {processor.py:830} INFO - Processing file /home/airflow/.local/lib/python3.8/site-packages/airflow/example_dags/example_kubernetes_executor.py for tasks to queue
[2024-03-09T11:11:02.188+0000] {logging_mixin.py:188} INFO - [2024-03-09T11:11:02.187+0000] {dagbag.py:540} INFO - Filling up the DagBag from /home/airflow/.local/lib/python3.8/site-packages/airflow/example_dags/example_kubernetes_executor.py
[2024-03-09T11:11:02.212+0000] {processor.py:840} INFO - DAG(s) 'example_kubernetes_executor' retrieved from /home/airflow/.local/lib/python3.8/site-packages/airflow/example_dags/example_kubernetes_executor.py
[2024-03-09T11:11:02.274+0000] {logging_mixin.py:188} INFO - [2024-03-09T11:11:02.274+0000] {dag.py:3047} INFO - Sync 1 DAGs
[2024-03-09T11:11:02.302+0000] {logging_mixin.py:188} INFO - [2024-03-09T11:11:02.302+0000] {dag.py:3834} INFO - Setting next_dagrun for example_kubernetes_executor to None, run_after=None
[2024-03-09T11:11:02.335+0000] {processor.py:183} INFO - Processing /home/airflow/.local/lib/python3.8/site-packages/airflow/example_dags/example_kubernetes_executor.py took 0.155 seconds
[2024-03-09T11:11:32.641+0000] {processor.py:161} INFO - Started process (PID=2166) to work on /home/airflow/.local/lib/python3.8/site-packages/airflow/example_dags/example_kubernetes_executor.py
[2024-03-09T11:11:32.643+0000] {processor.py:830} INFO - Processing file /home/airflow/.local/lib/python3.8/site-packages/airflow/example_dags/example_kubernetes_executor.py for tasks to queue
[2024-03-09T11:11:32.645+0000] {logging_mixin.py:188} INFO - [2024-03-09T11:11:32.644+0000] {dagbag.py:540} INFO - Filling up the DagBag from /home/airflow/.local/lib/python3.8/site-packages/airflow/example_dags/example_kubernetes_executor.py
[2024-03-09T11:11:32.667+0000] {processor.py:840} INFO - DAG(s) 'example_kubernetes_executor' retrieved from /home/airflow/.local/lib/python3.8/site-packages/airflow/example_dags/example_kubernetes_executor.py
[2024-03-09T11:11:32.726+0000] {logging_mixin.py:188} INFO - [2024-03-09T11:11:32.726+0000] {dag.py:3047} INFO - Sync 1 DAGs
[2024-03-09T11:11:32.748+0000] {logging_mixin.py:188} INFO - [2024-03-09T11:11:32.748+0000] {dag.py:3834} INFO - Setting next_dagrun for example_kubernetes_executor to None, run_after=None
[2024-03-09T11:11:32.783+0000] {processor.py:183} INFO - Processing /home/airflow/.local/lib/python3.8/site-packages/airflow/example_dags/example_kubernetes_executor.py took 0.147 seconds
[2024-03-09T11:12:02.962+0000] {processor.py:161} INFO - Started process (PID=2413) to work on /home/airflow/.local/lib/python3.8/site-packages/airflow/example_dags/example_kubernetes_executor.py
[2024-03-09T11:12:02.965+0000] {processor.py:830} INFO - Processing file /home/airflow/.local/lib/python3.8/site-packages/airflow/example_dags/example_kubernetes_executor.py for tasks to queue
[2024-03-09T11:12:02.969+0000] {logging_mixin.py:188} INFO - [2024-03-09T11:12:02.968+0000] {dagbag.py:540} INFO - Filling up the DagBag from /home/airflow/.local/lib/python3.8/site-packages/airflow/example_dags/example_kubernetes_executor.py
[2024-03-09T11:12:03.004+0000] {processor.py:840} INFO - DAG(s) 'example_kubernetes_executor' retrieved from /home/airflow/.local/lib/python3.8/site-packages/airflow/example_dags/example_kubernetes_executor.py
[2024-03-09T11:12:03.084+0000] {logging_mixin.py:188} INFO - [2024-03-09T11:12:03.084+0000] {dag.py:3047} INFO - Sync 1 DAGs
[2024-03-09T11:12:03.116+0000] {logging_mixin.py:188} INFO - [2024-03-09T11:12:03.116+0000] {dag.py:3834} INFO - Setting next_dagrun for example_kubernetes_executor to None, run_after=None
[2024-03-09T11:12:03.166+0000] {processor.py:183} INFO - Processing /home/airflow/.local/lib/python3.8/site-packages/airflow/example_dags/example_kubernetes_executor.py took 0.213 seconds
[2024-03-09T11:12:33.361+0000] {processor.py:161} INFO - Started process (PID=2660) to work on /home/airflow/.local/lib/python3.8/site-packages/airflow/example_dags/example_kubernetes_executor.py
[2024-03-09T11:12:33.363+0000] {processor.py:830} INFO - Processing file /home/airflow/.local/lib/python3.8/site-packages/airflow/example_dags/example_kubernetes_executor.py for tasks to queue
[2024-03-09T11:12:33.364+0000] {logging_mixin.py:188} INFO - [2024-03-09T11:12:33.364+0000] {dagbag.py:540} INFO - Filling up the DagBag from /home/airflow/.local/lib/python3.8/site-packages/airflow/example_dags/example_kubernetes_executor.py
[2024-03-09T11:12:33.385+0000] {processor.py:840} INFO - DAG(s) 'example_kubernetes_executor' retrieved from /home/airflow/.local/lib/python3.8/site-packages/airflow/example_dags/example_kubernetes_executor.py
[2024-03-09T11:12:33.442+0000] {logging_mixin.py:188} INFO - [2024-03-09T11:12:33.442+0000] {dag.py:3047} INFO - Sync 1 DAGs
[2024-03-09T11:12:33.461+0000] {logging_mixin.py:188} INFO - [2024-03-09T11:12:33.460+0000] {dag.py:3834} INFO - Setting next_dagrun for example_kubernetes_executor to None, run_after=None
[2024-03-09T11:12:33.500+0000] {processor.py:183} INFO - Processing /home/airflow/.local/lib/python3.8/site-packages/airflow/example_dags/example_kubernetes_executor.py took 0.144 seconds
[2024-03-09T11:13:03.661+0000] {processor.py:161} INFO - Started process (PID=2907) to work on /home/airflow/.local/lib/python3.8/site-packages/airflow/example_dags/example_kubernetes_executor.py
[2024-03-09T11:13:03.663+0000] {processor.py:830} INFO - Processing file /home/airflow/.local/lib/python3.8/site-packages/airflow/example_dags/example_kubernetes_executor.py for tasks to queue
[2024-03-09T11:13:03.665+0000] {logging_mixin.py:188} INFO - [2024-03-09T11:13:03.664+0000] {dagbag.py:540} INFO - Filling up the DagBag from /home/airflow/.local/lib/python3.8/site-packages/airflow/example_dags/example_kubernetes_executor.py
[2024-03-09T11:13:03.686+0000] {processor.py:840} INFO - DAG(s) 'example_kubernetes_executor' retrieved from /home/airflow/.local/lib/python3.8/site-packages/airflow/example_dags/example_kubernetes_executor.py
[2024-03-09T11:13:03.752+0000] {logging_mixin.py:188} INFO - [2024-03-09T11:13:03.751+0000] {dag.py:3047} INFO - Sync 1 DAGs
[2024-03-09T11:13:03.776+0000] {logging_mixin.py:188} INFO - [2024-03-09T11:13:03.776+0000] {dag.py:3834} INFO - Setting next_dagrun for example_kubernetes_executor to None, run_after=None
[2024-03-09T11:13:03.829+0000] {processor.py:183} INFO - Processing /home/airflow/.local/lib/python3.8/site-packages/airflow/example_dags/example_kubernetes_executor.py took 0.173 seconds
[2024-03-09T11:13:38.983+0000] {processor.py:161} INFO - Started process (PID=3170) to work on /home/airflow/.local/lib/python3.8/site-packages/airflow/example_dags/example_kubernetes_executor.py
[2024-03-09T11:13:38.990+0000] {processor.py:830} INFO - Processing file /home/airflow/.local/lib/python3.8/site-packages/airflow/example_dags/example_kubernetes_executor.py for tasks to queue
[2024-03-09T11:13:38.998+0000] {logging_mixin.py:188} INFO - [2024-03-09T11:13:38.997+0000] {dagbag.py:540} INFO - Filling up the DagBag from /home/airflow/.local/lib/python3.8/site-packages/airflow/example_dags/example_kubernetes_executor.py
[2024-03-09T11:13:39.071+0000] {processor.py:840} INFO - DAG(s) 'example_kubernetes_executor' retrieved from /home/airflow/.local/lib/python3.8/site-packages/airflow/example_dags/example_kubernetes_executor.py
[2024-03-09T11:13:39.256+0000] {logging_mixin.py:188} INFO - [2024-03-09T11:13:39.255+0000] {dag.py:3047} INFO - Sync 1 DAGs
[2024-03-09T11:13:39.319+0000] {logging_mixin.py:188} INFO - [2024-03-09T11:13:39.319+0000] {dag.py:3834} INFO - Setting next_dagrun for example_kubernetes_executor to None, run_after=None
[2024-03-09T11:13:39.382+0000] {processor.py:183} INFO - Processing /home/airflow/.local/lib/python3.8/site-packages/airflow/example_dags/example_kubernetes_executor.py took 0.408 seconds
[2024-03-09T11:14:10.229+0000] {processor.py:161} INFO - Started process (PID=3431) to work on /home/airflow/.local/lib/python3.8/site-packages/airflow/example_dags/example_kubernetes_executor.py
[2024-03-09T11:14:10.231+0000] {processor.py:830} INFO - Processing file /home/airflow/.local/lib/python3.8/site-packages/airflow/example_dags/example_kubernetes_executor.py for tasks to queue
[2024-03-09T11:14:10.233+0000] {logging_mixin.py:188} INFO - [2024-03-09T11:14:10.232+0000] {dagbag.py:540} INFO - Filling up the DagBag from /home/airflow/.local/lib/python3.8/site-packages/airflow/example_dags/example_kubernetes_executor.py
[2024-03-09T11:14:10.255+0000] {processor.py:840} INFO - DAG(s) 'example_kubernetes_executor' retrieved from /home/airflow/.local/lib/python3.8/site-packages/airflow/example_dags/example_kubernetes_executor.py
[2024-03-09T11:14:10.318+0000] {logging_mixin.py:188} INFO - [2024-03-09T11:14:10.318+0000] {dag.py:3047} INFO - Sync 1 DAGs
[2024-03-09T11:14:10.338+0000] {logging_mixin.py:188} INFO - [2024-03-09T11:14:10.338+0000] {dag.py:3834} INFO - Setting next_dagrun for example_kubernetes_executor to None, run_after=None
[2024-03-09T11:14:10.375+0000] {processor.py:183} INFO - Processing /home/airflow/.local/lib/python3.8/site-packages/airflow/example_dags/example_kubernetes_executor.py took 0.152 seconds
[2024-03-09T11:14:40.987+0000] {processor.py:161} INFO - Started process (PID=3678) to work on /home/airflow/.local/lib/python3.8/site-packages/airflow/example_dags/example_kubernetes_executor.py
[2024-03-09T11:14:40.989+0000] {processor.py:830} INFO - Processing file /home/airflow/.local/lib/python3.8/site-packages/airflow/example_dags/example_kubernetes_executor.py for tasks to queue
[2024-03-09T11:14:40.992+0000] {logging_mixin.py:188} INFO - [2024-03-09T11:14:40.991+0000] {dagbag.py:540} INFO - Filling up the DagBag from /home/airflow/.local/lib/python3.8/site-packages/airflow/example_dags/example_kubernetes_executor.py
[2024-03-09T11:14:41.021+0000] {processor.py:840} INFO - DAG(s) 'example_kubernetes_executor' retrieved from /home/airflow/.local/lib/python3.8/site-packages/airflow/example_dags/example_kubernetes_executor.py
[2024-03-09T11:14:41.102+0000] {logging_mixin.py:188} INFO - [2024-03-09T11:14:41.101+0000] {dag.py:3047} INFO - Sync 1 DAGs
[2024-03-09T11:14:41.125+0000] {logging_mixin.py:188} INFO - [2024-03-09T11:14:41.125+0000] {dag.py:3834} INFO - Setting next_dagrun for example_kubernetes_executor to None, run_after=None
[2024-03-09T11:14:41.161+0000] {processor.py:183} INFO - Processing /home/airflow/.local/lib/python3.8/site-packages/airflow/example_dags/example_kubernetes_executor.py took 0.180 seconds
[2024-03-09T11:15:11.338+0000] {processor.py:161} INFO - Started process (PID=3925) to work on /home/airflow/.local/lib/python3.8/site-packages/airflow/example_dags/example_kubernetes_executor.py
[2024-03-09T11:15:11.340+0000] {processor.py:830} INFO - Processing file /home/airflow/.local/lib/python3.8/site-packages/airflow/example_dags/example_kubernetes_executor.py for tasks to queue
[2024-03-09T11:15:11.342+0000] {logging_mixin.py:188} INFO - [2024-03-09T11:15:11.342+0000] {dagbag.py:540} INFO - Filling up the DagBag from /home/airflow/.local/lib/python3.8/site-packages/airflow/example_dags/example_kubernetes_executor.py
[2024-03-09T11:15:11.368+0000] {processor.py:840} INFO - DAG(s) 'example_kubernetes_executor' retrieved from /home/airflow/.local/lib/python3.8/site-packages/airflow/example_dags/example_kubernetes_executor.py
[2024-03-09T11:15:11.436+0000] {logging_mixin.py:188} INFO - [2024-03-09T11:15:11.436+0000] {dag.py:3047} INFO - Sync 1 DAGs
[2024-03-09T11:15:11.463+0000] {logging_mixin.py:188} INFO - [2024-03-09T11:15:11.462+0000] {dag.py:3834} INFO - Setting next_dagrun for example_kubernetes_executor to None, run_after=None
[2024-03-09T11:15:11.502+0000] {processor.py:183} INFO - Processing /home/airflow/.local/lib/python3.8/site-packages/airflow/example_dags/example_kubernetes_executor.py took 0.169 seconds
[2024-03-09T11:15:41.909+0000] {processor.py:161} INFO - Started process (PID=4172) to work on /home/airflow/.local/lib/python3.8/site-packages/airflow/example_dags/example_kubernetes_executor.py
[2024-03-09T11:15:41.911+0000] {processor.py:830} INFO - Processing file /home/airflow/.local/lib/python3.8/site-packages/airflow/example_dags/example_kubernetes_executor.py for tasks to queue
[2024-03-09T11:15:41.913+0000] {logging_mixin.py:188} INFO - [2024-03-09T11:15:41.913+0000] {dagbag.py:540} INFO - Filling up the DagBag from /home/airflow/.local/lib/python3.8/site-packages/airflow/example_dags/example_kubernetes_executor.py
[2024-03-09T11:15:41.940+0000] {processor.py:840} INFO - DAG(s) 'example_kubernetes_executor' retrieved from /home/airflow/.local/lib/python3.8/site-packages/airflow/example_dags/example_kubernetes_executor.py
[2024-03-09T11:15:42.000+0000] {logging_mixin.py:188} INFO - [2024-03-09T11:15:42.000+0000] {dag.py:3047} INFO - Sync 1 DAGs
[2024-03-09T11:15:42.026+0000] {logging_mixin.py:188} INFO - [2024-03-09T11:15:42.026+0000] {dag.py:3834} INFO - Setting next_dagrun for example_kubernetes_executor to None, run_after=None
[2024-03-09T11:15:42.063+0000] {processor.py:183} INFO - Processing /home/airflow/.local/lib/python3.8/site-packages/airflow/example_dags/example_kubernetes_executor.py took 0.159 seconds
[2024-03-09T11:16:12.196+0000] {processor.py:161} INFO - Started process (PID=4419) to work on /home/airflow/.local/lib/python3.8/site-packages/airflow/example_dags/example_kubernetes_executor.py
[2024-03-09T11:16:12.198+0000] {processor.py:830} INFO - Processing file /home/airflow/.local/lib/python3.8/site-packages/airflow/example_dags/example_kubernetes_executor.py for tasks to queue
[2024-03-09T11:16:12.200+0000] {logging_mixin.py:188} INFO - [2024-03-09T11:16:12.200+0000] {dagbag.py:540} INFO - Filling up the DagBag from /home/airflow/.local/lib/python3.8/site-packages/airflow/example_dags/example_kubernetes_executor.py
[2024-03-09T11:16:12.227+0000] {processor.py:840} INFO - DAG(s) 'example_kubernetes_executor' retrieved from /home/airflow/.local/lib/python3.8/site-packages/airflow/example_dags/example_kubernetes_executor.py
[2024-03-09T11:16:12.296+0000] {logging_mixin.py:188} INFO - [2024-03-09T11:16:12.295+0000] {dag.py:3047} INFO - Sync 1 DAGs
[2024-03-09T11:16:12.322+0000] {logging_mixin.py:188} INFO - [2024-03-09T11:16:12.322+0000] {dag.py:3834} INFO - Setting next_dagrun for example_kubernetes_executor to None, run_after=None
[2024-03-09T11:16:12.354+0000] {processor.py:183} INFO - Processing /home/airflow/.local/lib/python3.8/site-packages/airflow/example_dags/example_kubernetes_executor.py took 0.164 seconds
[2024-03-09T11:16:42.557+0000] {processor.py:161} INFO - Started process (PID=4671) to work on /home/airflow/.local/lib/python3.8/site-packages/airflow/example_dags/example_kubernetes_executor.py
[2024-03-09T11:16:42.559+0000] {processor.py:830} INFO - Processing file /home/airflow/.local/lib/python3.8/site-packages/airflow/example_dags/example_kubernetes_executor.py for tasks to queue
[2024-03-09T11:16:42.561+0000] {logging_mixin.py:188} INFO - [2024-03-09T11:16:42.560+0000] {dagbag.py:540} INFO - Filling up the DagBag from /home/airflow/.local/lib/python3.8/site-packages/airflow/example_dags/example_kubernetes_executor.py
[2024-03-09T11:16:42.584+0000] {processor.py:840} INFO - DAG(s) 'example_kubernetes_executor' retrieved from /home/airflow/.local/lib/python3.8/site-packages/airflow/example_dags/example_kubernetes_executor.py
[2024-03-09T11:16:42.645+0000] {logging_mixin.py:188} INFO - [2024-03-09T11:16:42.644+0000] {dag.py:3047} INFO - Sync 1 DAGs
[2024-03-09T11:16:42.664+0000] {logging_mixin.py:188} INFO - [2024-03-09T11:16:42.663+0000] {dag.py:3834} INFO - Setting next_dagrun for example_kubernetes_executor to None, run_after=None
[2024-03-09T11:16:42.695+0000] {processor.py:183} INFO - Processing /home/airflow/.local/lib/python3.8/site-packages/airflow/example_dags/example_kubernetes_executor.py took 0.144 seconds
[2024-03-09T11:17:12.752+0000] {processor.py:161} INFO - Started process (PID=4916) to work on /home/airflow/.local/lib/python3.8/site-packages/airflow/example_dags/example_kubernetes_executor.py
[2024-03-09T11:17:12.754+0000] {processor.py:830} INFO - Processing file /home/airflow/.local/lib/python3.8/site-packages/airflow/example_dags/example_kubernetes_executor.py for tasks to queue
[2024-03-09T11:17:12.756+0000] {logging_mixin.py:188} INFO - [2024-03-09T11:17:12.756+0000] {dagbag.py:540} INFO - Filling up the DagBag from /home/airflow/.local/lib/python3.8/site-packages/airflow/example_dags/example_kubernetes_executor.py
[2024-03-09T11:17:12.786+0000] {processor.py:840} INFO - DAG(s) 'example_kubernetes_executor' retrieved from /home/airflow/.local/lib/python3.8/site-packages/airflow/example_dags/example_kubernetes_executor.py
[2024-03-09T11:17:12.858+0000] {logging_mixin.py:188} INFO - [2024-03-09T11:17:12.857+0000] {dag.py:3047} INFO - Sync 1 DAGs
[2024-03-09T11:17:12.875+0000] {logging_mixin.py:188} INFO - [2024-03-09T11:17:12.875+0000] {dag.py:3834} INFO - Setting next_dagrun for example_kubernetes_executor to None, run_after=None
[2024-03-09T11:17:12.903+0000] {processor.py:183} INFO - Processing /home/airflow/.local/lib/python3.8/site-packages/airflow/example_dags/example_kubernetes_executor.py took 0.158 seconds
[2024-03-09T11:17:43.030+0000] {processor.py:161} INFO - Started process (PID=5160) to work on /home/airflow/.local/lib/python3.8/site-packages/airflow/example_dags/example_kubernetes_executor.py
[2024-03-09T11:17:43.033+0000] {processor.py:830} INFO - Processing file /home/airflow/.local/lib/python3.8/site-packages/airflow/example_dags/example_kubernetes_executor.py for tasks to queue
[2024-03-09T11:17:43.036+0000] {logging_mixin.py:188} INFO - [2024-03-09T11:17:43.036+0000] {dagbag.py:540} INFO - Filling up the DagBag from /home/airflow/.local/lib/python3.8/site-packages/airflow/example_dags/example_kubernetes_executor.py
[2024-03-09T11:17:43.059+0000] {processor.py:840} INFO - DAG(s) 'example_kubernetes_executor' retrieved from /home/airflow/.local/lib/python3.8/site-packages/airflow/example_dags/example_kubernetes_executor.py
[2024-03-09T11:17:43.117+0000] {logging_mixin.py:188} INFO - [2024-03-09T11:17:43.116+0000] {dag.py:3047} INFO - Sync 1 DAGs
[2024-03-09T11:17:43.136+0000] {logging_mixin.py:188} INFO - [2024-03-09T11:17:43.136+0000] {dag.py:3834} INFO - Setting next_dagrun for example_kubernetes_executor to None, run_after=None
[2024-03-09T11:17:43.171+0000] {processor.py:183} INFO - Processing /home/airflow/.local/lib/python3.8/site-packages/airflow/example_dags/example_kubernetes_executor.py took 0.146 seconds
[2024-03-09T11:18:13.461+0000] {processor.py:161} INFO - Started process (PID=5407) to work on /home/airflow/.local/lib/python3.8/site-packages/airflow/example_dags/example_kubernetes_executor.py
[2024-03-09T11:18:13.463+0000] {processor.py:830} INFO - Processing file /home/airflow/.local/lib/python3.8/site-packages/airflow/example_dags/example_kubernetes_executor.py for tasks to queue
[2024-03-09T11:18:13.465+0000] {logging_mixin.py:188} INFO - [2024-03-09T11:18:13.465+0000] {dagbag.py:540} INFO - Filling up the DagBag from /home/airflow/.local/lib/python3.8/site-packages/airflow/example_dags/example_kubernetes_executor.py
[2024-03-09T11:18:13.495+0000] {processor.py:840} INFO - DAG(s) 'example_kubernetes_executor' retrieved from /home/airflow/.local/lib/python3.8/site-packages/airflow/example_dags/example_kubernetes_executor.py
[2024-03-09T11:18:13.562+0000] {logging_mixin.py:188} INFO - [2024-03-09T11:18:13.561+0000] {dag.py:3047} INFO - Sync 1 DAGs
[2024-03-09T11:18:13.582+0000] {logging_mixin.py:188} INFO - [2024-03-09T11:18:13.581+0000] {dag.py:3834} INFO - Setting next_dagrun for example_kubernetes_executor to None, run_after=None
[2024-03-09T11:18:13.613+0000] {processor.py:183} INFO - Processing /home/airflow/.local/lib/python3.8/site-packages/airflow/example_dags/example_kubernetes_executor.py took 0.158 seconds
[2024-03-09T11:18:43.826+0000] {processor.py:161} INFO - Started process (PID=5654) to work on /home/airflow/.local/lib/python3.8/site-packages/airflow/example_dags/example_kubernetes_executor.py
[2024-03-09T11:18:43.828+0000] {processor.py:830} INFO - Processing file /home/airflow/.local/lib/python3.8/site-packages/airflow/example_dags/example_kubernetes_executor.py for tasks to queue
[2024-03-09T11:18:43.830+0000] {logging_mixin.py:188} INFO - [2024-03-09T11:18:43.830+0000] {dagbag.py:540} INFO - Filling up the DagBag from /home/airflow/.local/lib/python3.8/site-packages/airflow/example_dags/example_kubernetes_executor.py
[2024-03-09T11:18:43.860+0000] {processor.py:840} INFO - DAG(s) 'example_kubernetes_executor' retrieved from /home/airflow/.local/lib/python3.8/site-packages/airflow/example_dags/example_kubernetes_executor.py
[2024-03-09T11:18:43.935+0000] {logging_mixin.py:188} INFO - [2024-03-09T11:18:43.935+0000] {dag.py:3047} INFO - Sync 1 DAGs
[2024-03-09T11:18:43.964+0000] {logging_mixin.py:188} INFO - [2024-03-09T11:18:43.963+0000] {dag.py:3834} INFO - Setting next_dagrun for example_kubernetes_executor to None, run_after=None
[2024-03-09T11:18:44.004+0000] {processor.py:183} INFO - Processing /home/airflow/.local/lib/python3.8/site-packages/airflow/example_dags/example_kubernetes_executor.py took 0.184 seconds
[2024-03-09T11:19:14.298+0000] {processor.py:161} INFO - Started process (PID=5901) to work on /home/airflow/.local/lib/python3.8/site-packages/airflow/example_dags/example_kubernetes_executor.py
[2024-03-09T11:19:14.300+0000] {processor.py:830} INFO - Processing file /home/airflow/.local/lib/python3.8/site-packages/airflow/example_dags/example_kubernetes_executor.py for tasks to queue
[2024-03-09T11:19:14.302+0000] {logging_mixin.py:188} INFO - [2024-03-09T11:19:14.302+0000] {dagbag.py:540} INFO - Filling up the DagBag from /home/airflow/.local/lib/python3.8/site-packages/airflow/example_dags/example_kubernetes_executor.py
[2024-03-09T11:19:14.326+0000] {processor.py:840} INFO - DAG(s) 'example_kubernetes_executor' retrieved from /home/airflow/.local/lib/python3.8/site-packages/airflow/example_dags/example_kubernetes_executor.py
[2024-03-09T11:19:14.395+0000] {logging_mixin.py:188} INFO - [2024-03-09T11:19:14.394+0000] {dag.py:3047} INFO - Sync 1 DAGs
[2024-03-09T11:19:14.414+0000] {logging_mixin.py:188} INFO - [2024-03-09T11:19:14.413+0000] {dag.py:3834} INFO - Setting next_dagrun for example_kubernetes_executor to None, run_after=None
[2024-03-09T11:19:14.442+0000] {processor.py:183} INFO - Processing /home/airflow/.local/lib/python3.8/site-packages/airflow/example_dags/example_kubernetes_executor.py took 0.150 seconds
[2024-03-09T11:19:45.136+0000] {processor.py:161} INFO - Started process (PID=6148) to work on /home/airflow/.local/lib/python3.8/site-packages/airflow/example_dags/example_kubernetes_executor.py
[2024-03-09T11:19:45.138+0000] {processor.py:830} INFO - Processing file /home/airflow/.local/lib/python3.8/site-packages/airflow/example_dags/example_kubernetes_executor.py for tasks to queue
[2024-03-09T11:19:45.140+0000] {logging_mixin.py:188} INFO - [2024-03-09T11:19:45.139+0000] {dagbag.py:540} INFO - Filling up the DagBag from /home/airflow/.local/lib/python3.8/site-packages/airflow/example_dags/example_kubernetes_executor.py
[2024-03-09T11:19:45.161+0000] {processor.py:840} INFO - DAG(s) 'example_kubernetes_executor' retrieved from /home/airflow/.local/lib/python3.8/site-packages/airflow/example_dags/example_kubernetes_executor.py
[2024-03-09T11:19:45.224+0000] {logging_mixin.py:188} INFO - [2024-03-09T11:19:45.224+0000] {dag.py:3047} INFO - Sync 1 DAGs
[2024-03-09T11:19:45.241+0000] {logging_mixin.py:188} INFO - [2024-03-09T11:19:45.241+0000] {dag.py:3834} INFO - Setting next_dagrun for example_kubernetes_executor to None, run_after=None
[2024-03-09T11:19:45.272+0000] {processor.py:183} INFO - Processing /home/airflow/.local/lib/python3.8/site-packages/airflow/example_dags/example_kubernetes_executor.py took 0.140 seconds
[2024-03-09T11:20:15.906+0000] {processor.py:161} INFO - Started process (PID=6395) to work on /home/airflow/.local/lib/python3.8/site-packages/airflow/example_dags/example_kubernetes_executor.py
[2024-03-09T11:20:15.909+0000] {processor.py:830} INFO - Processing file /home/airflow/.local/lib/python3.8/site-packages/airflow/example_dags/example_kubernetes_executor.py for tasks to queue
[2024-03-09T11:20:15.911+0000] {logging_mixin.py:188} INFO - [2024-03-09T11:20:15.911+0000] {dagbag.py:540} INFO - Filling up the DagBag from /home/airflow/.local/lib/python3.8/site-packages/airflow/example_dags/example_kubernetes_executor.py
[2024-03-09T11:20:15.935+0000] {processor.py:840} INFO - DAG(s) 'example_kubernetes_executor' retrieved from /home/airflow/.local/lib/python3.8/site-packages/airflow/example_dags/example_kubernetes_executor.py
[2024-03-09T11:20:16.000+0000] {logging_mixin.py:188} INFO - [2024-03-09T11:20:16.000+0000] {dag.py:3047} INFO - Sync 1 DAGs
[2024-03-09T11:20:16.023+0000] {logging_mixin.py:188} INFO - [2024-03-09T11:20:16.022+0000] {dag.py:3834} INFO - Setting next_dagrun for example_kubernetes_executor to None, run_after=None
[2024-03-09T11:20:16.055+0000] {processor.py:183} INFO - Processing /home/airflow/.local/lib/python3.8/site-packages/airflow/example_dags/example_kubernetes_executor.py took 0.156 seconds
[2024-03-09T11:20:46.261+0000] {processor.py:161} INFO - Started process (PID=6642) to work on /home/airflow/.local/lib/python3.8/site-packages/airflow/example_dags/example_kubernetes_executor.py
[2024-03-09T11:20:46.263+0000] {processor.py:830} INFO - Processing file /home/airflow/.local/lib/python3.8/site-packages/airflow/example_dags/example_kubernetes_executor.py for tasks to queue
[2024-03-09T11:20:46.265+0000] {logging_mixin.py:188} INFO - [2024-03-09T11:20:46.265+0000] {dagbag.py:540} INFO - Filling up the DagBag from /home/airflow/.local/lib/python3.8/site-packages/airflow/example_dags/example_kubernetes_executor.py
[2024-03-09T11:20:46.287+0000] {processor.py:840} INFO - DAG(s) 'example_kubernetes_executor' retrieved from /home/airflow/.local/lib/python3.8/site-packages/airflow/example_dags/example_kubernetes_executor.py
[2024-03-09T11:20:46.342+0000] {logging_mixin.py:188} INFO - [2024-03-09T11:20:46.342+0000] {dag.py:3047} INFO - Sync 1 DAGs
[2024-03-09T11:20:46.362+0000] {logging_mixin.py:188} INFO - [2024-03-09T11:20:46.362+0000] {dag.py:3834} INFO - Setting next_dagrun for example_kubernetes_executor to None, run_after=None
[2024-03-09T11:20:46.392+0000] {processor.py:183} INFO - Processing /home/airflow/.local/lib/python3.8/site-packages/airflow/example_dags/example_kubernetes_executor.py took 0.136 seconds
[2024-03-09T11:21:16.675+0000] {processor.py:161} INFO - Started process (PID=6887) to work on /home/airflow/.local/lib/python3.8/site-packages/airflow/example_dags/example_kubernetes_executor.py
[2024-03-09T11:21:16.686+0000] {processor.py:830} INFO - Processing file /home/airflow/.local/lib/python3.8/site-packages/airflow/example_dags/example_kubernetes_executor.py for tasks to queue
[2024-03-09T11:21:16.688+0000] {logging_mixin.py:188} INFO - [2024-03-09T11:21:16.687+0000] {dagbag.py:540} INFO - Filling up the DagBag from /home/airflow/.local/lib/python3.8/site-packages/airflow/example_dags/example_kubernetes_executor.py
[2024-03-09T11:21:16.760+0000] {processor.py:840} INFO - DAG(s) 'example_kubernetes_executor' retrieved from /home/airflow/.local/lib/python3.8/site-packages/airflow/example_dags/example_kubernetes_executor.py
[2024-03-09T11:21:16.932+0000] {logging_mixin.py:188} INFO - [2024-03-09T11:21:16.932+0000] {dag.py:3047} INFO - Sync 1 DAGs
[2024-03-09T11:21:16.993+0000] {logging_mixin.py:188} INFO - [2024-03-09T11:21:16.992+0000] {dag.py:3834} INFO - Setting next_dagrun for example_kubernetes_executor to None, run_after=None
[2024-03-09T11:21:17.090+0000] {processor.py:183} INFO - Processing /home/airflow/.local/lib/python3.8/site-packages/airflow/example_dags/example_kubernetes_executor.py took 0.438 seconds
[2024-03-09T13:38:14.641+0000] {processor.py:161} INFO - Started process (PID=7122) to work on /home/airflow/.local/lib/python3.8/site-packages/airflow/example_dags/example_kubernetes_executor.py
[2024-03-09T13:38:14.646+0000] {processor.py:830} INFO - Processing file /home/airflow/.local/lib/python3.8/site-packages/airflow/example_dags/example_kubernetes_executor.py for tasks to queue
[2024-03-09T13:38:14.654+0000] {logging_mixin.py:188} INFO - [2024-03-09T13:38:14.649+0000] {dagbag.py:540} INFO - Filling up the DagBag from /home/airflow/.local/lib/python3.8/site-packages/airflow/example_dags/example_kubernetes_executor.py
[2024-03-09T13:38:14.700+0000] {processor.py:840} INFO - DAG(s) 'example_kubernetes_executor' retrieved from /home/airflow/.local/lib/python3.8/site-packages/airflow/example_dags/example_kubernetes_executor.py
[2024-03-09T13:38:14.841+0000] {logging_mixin.py:188} INFO - [2024-03-09T13:38:14.841+0000] {dag.py:3047} INFO - Sync 1 DAGs
[2024-03-09T13:38:14.866+0000] {logging_mixin.py:188} INFO - [2024-03-09T13:38:14.866+0000] {dag.py:3834} INFO - Setting next_dagrun for example_kubernetes_executor to None, run_after=None
[2024-03-09T13:38:14.902+0000] {processor.py:183} INFO - Processing /home/airflow/.local/lib/python3.8/site-packages/airflow/example_dags/example_kubernetes_executor.py took 0.268 seconds
[2024-03-09T13:38:45.723+0000] {processor.py:161} INFO - Started process (PID=7373) to work on /home/airflow/.local/lib/python3.8/site-packages/airflow/example_dags/example_kubernetes_executor.py
[2024-03-09T13:38:45.726+0000] {processor.py:830} INFO - Processing file /home/airflow/.local/lib/python3.8/site-packages/airflow/example_dags/example_kubernetes_executor.py for tasks to queue
[2024-03-09T13:38:45.728+0000] {logging_mixin.py:188} INFO - [2024-03-09T13:38:45.727+0000] {dagbag.py:540} INFO - Filling up the DagBag from /home/airflow/.local/lib/python3.8/site-packages/airflow/example_dags/example_kubernetes_executor.py
[2024-03-09T13:38:45.751+0000] {processor.py:840} INFO - DAG(s) 'example_kubernetes_executor' retrieved from /home/airflow/.local/lib/python3.8/site-packages/airflow/example_dags/example_kubernetes_executor.py
[2024-03-09T13:38:45.813+0000] {logging_mixin.py:188} INFO - [2024-03-09T13:38:45.813+0000] {dag.py:3047} INFO - Sync 1 DAGs
[2024-03-09T13:38:45.834+0000] {logging_mixin.py:188} INFO - [2024-03-09T13:38:45.833+0000] {dag.py:3834} INFO - Setting next_dagrun for example_kubernetes_executor to None, run_after=None
[2024-03-09T13:38:45.869+0000] {processor.py:183} INFO - Processing /home/airflow/.local/lib/python3.8/site-packages/airflow/example_dags/example_kubernetes_executor.py took 0.150 seconds
[2024-03-09T13:39:16.102+0000] {processor.py:161} INFO - Started process (PID=7620) to work on /home/airflow/.local/lib/python3.8/site-packages/airflow/example_dags/example_kubernetes_executor.py
[2024-03-09T13:39:16.104+0000] {processor.py:830} INFO - Processing file /home/airflow/.local/lib/python3.8/site-packages/airflow/example_dags/example_kubernetes_executor.py for tasks to queue
[2024-03-09T13:39:16.106+0000] {logging_mixin.py:188} INFO - [2024-03-09T13:39:16.105+0000] {dagbag.py:540} INFO - Filling up the DagBag from /home/airflow/.local/lib/python3.8/site-packages/airflow/example_dags/example_kubernetes_executor.py
[2024-03-09T13:39:16.133+0000] {processor.py:840} INFO - DAG(s) 'example_kubernetes_executor' retrieved from /home/airflow/.local/lib/python3.8/site-packages/airflow/example_dags/example_kubernetes_executor.py
[2024-03-09T13:39:16.199+0000] {logging_mixin.py:188} INFO - [2024-03-09T13:39:16.198+0000] {dag.py:3047} INFO - Sync 1 DAGs
[2024-03-09T13:39:16.223+0000] {logging_mixin.py:188} INFO - [2024-03-09T13:39:16.223+0000] {dag.py:3834} INFO - Setting next_dagrun for example_kubernetes_executor to None, run_after=None
[2024-03-09T13:39:16.259+0000] {processor.py:183} INFO - Processing /home/airflow/.local/lib/python3.8/site-packages/airflow/example_dags/example_kubernetes_executor.py took 0.163 seconds
[2024-03-09T13:39:46.409+0000] {processor.py:161} INFO - Started process (PID=7865) to work on /home/airflow/.local/lib/python3.8/site-packages/airflow/example_dags/example_kubernetes_executor.py
[2024-03-09T13:39:46.411+0000] {processor.py:830} INFO - Processing file /home/airflow/.local/lib/python3.8/site-packages/airflow/example_dags/example_kubernetes_executor.py for tasks to queue
[2024-03-09T13:39:46.412+0000] {logging_mixin.py:188} INFO - [2024-03-09T13:39:46.412+0000] {dagbag.py:540} INFO - Filling up the DagBag from /home/airflow/.local/lib/python3.8/site-packages/airflow/example_dags/example_kubernetes_executor.py
[2024-03-09T13:39:46.437+0000] {processor.py:840} INFO - DAG(s) 'example_kubernetes_executor' retrieved from /home/airflow/.local/lib/python3.8/site-packages/airflow/example_dags/example_kubernetes_executor.py
[2024-03-09T13:39:46.494+0000] {logging_mixin.py:188} INFO - [2024-03-09T13:39:46.493+0000] {dag.py:3047} INFO - Sync 1 DAGs
[2024-03-09T13:39:46.512+0000] {logging_mixin.py:188} INFO - [2024-03-09T13:39:46.511+0000] {dag.py:3834} INFO - Setting next_dagrun for example_kubernetes_executor to None, run_after=None
[2024-03-09T13:39:46.543+0000] {processor.py:183} INFO - Processing /home/airflow/.local/lib/python3.8/site-packages/airflow/example_dags/example_kubernetes_executor.py took 0.140 seconds
[2024-03-09T13:40:16.769+0000] {processor.py:161} INFO - Started process (PID=8112) to work on /home/airflow/.local/lib/python3.8/site-packages/airflow/example_dags/example_kubernetes_executor.py
[2024-03-09T13:40:16.771+0000] {processor.py:830} INFO - Processing file /home/airflow/.local/lib/python3.8/site-packages/airflow/example_dags/example_kubernetes_executor.py for tasks to queue
[2024-03-09T13:40:16.773+0000] {logging_mixin.py:188} INFO - [2024-03-09T13:40:16.772+0000] {dagbag.py:540} INFO - Filling up the DagBag from /home/airflow/.local/lib/python3.8/site-packages/airflow/example_dags/example_kubernetes_executor.py
[2024-03-09T13:40:16.794+0000] {processor.py:840} INFO - DAG(s) 'example_kubernetes_executor' retrieved from /home/airflow/.local/lib/python3.8/site-packages/airflow/example_dags/example_kubernetes_executor.py
[2024-03-09T13:40:16.854+0000] {logging_mixin.py:188} INFO - [2024-03-09T13:40:16.854+0000] {dag.py:3047} INFO - Sync 1 DAGs
[2024-03-09T13:40:16.873+0000] {logging_mixin.py:188} INFO - [2024-03-09T13:40:16.872+0000] {dag.py:3834} INFO - Setting next_dagrun for example_kubernetes_executor to None, run_after=None
[2024-03-09T13:40:16.903+0000] {processor.py:183} INFO - Processing /home/airflow/.local/lib/python3.8/site-packages/airflow/example_dags/example_kubernetes_executor.py took 0.139 seconds
[2024-03-09T13:40:47.051+0000] {processor.py:161} INFO - Started process (PID=8359) to work on /home/airflow/.local/lib/python3.8/site-packages/airflow/example_dags/example_kubernetes_executor.py
[2024-03-09T13:40:47.053+0000] {processor.py:830} INFO - Processing file /home/airflow/.local/lib/python3.8/site-packages/airflow/example_dags/example_kubernetes_executor.py for tasks to queue
[2024-03-09T13:40:47.055+0000] {logging_mixin.py:188} INFO - [2024-03-09T13:40:47.054+0000] {dagbag.py:540} INFO - Filling up the DagBag from /home/airflow/.local/lib/python3.8/site-packages/airflow/example_dags/example_kubernetes_executor.py
[2024-03-09T13:40:47.078+0000] {processor.py:840} INFO - DAG(s) 'example_kubernetes_executor' retrieved from /home/airflow/.local/lib/python3.8/site-packages/airflow/example_dags/example_kubernetes_executor.py
[2024-03-09T13:40:47.141+0000] {logging_mixin.py:188} INFO - [2024-03-09T13:40:47.141+0000] {dag.py:3047} INFO - Sync 1 DAGs
[2024-03-09T13:40:47.160+0000] {logging_mixin.py:188} INFO - [2024-03-09T13:40:47.159+0000] {dag.py:3834} INFO - Setting next_dagrun for example_kubernetes_executor to None, run_after=None
[2024-03-09T13:40:47.190+0000] {processor.py:183} INFO - Processing /home/airflow/.local/lib/python3.8/site-packages/airflow/example_dags/example_kubernetes_executor.py took 0.145 seconds
[2024-03-09T13:41:17.375+0000] {processor.py:161} INFO - Started process (PID=8606) to work on /home/airflow/.local/lib/python3.8/site-packages/airflow/example_dags/example_kubernetes_executor.py
[2024-03-09T13:41:17.378+0000] {processor.py:830} INFO - Processing file /home/airflow/.local/lib/python3.8/site-packages/airflow/example_dags/example_kubernetes_executor.py for tasks to queue
[2024-03-09T13:41:17.380+0000] {logging_mixin.py:188} INFO - [2024-03-09T13:41:17.379+0000] {dagbag.py:540} INFO - Filling up the DagBag from /home/airflow/.local/lib/python3.8/site-packages/airflow/example_dags/example_kubernetes_executor.py
[2024-03-09T13:41:17.407+0000] {processor.py:840} INFO - DAG(s) 'example_kubernetes_executor' retrieved from /home/airflow/.local/lib/python3.8/site-packages/airflow/example_dags/example_kubernetes_executor.py
[2024-03-09T13:41:17.483+0000] {logging_mixin.py:188} INFO - [2024-03-09T13:41:17.482+0000] {dag.py:3047} INFO - Sync 1 DAGs
[2024-03-09T13:41:17.507+0000] {logging_mixin.py:188} INFO - [2024-03-09T13:41:17.507+0000] {dag.py:3834} INFO - Setting next_dagrun for example_kubernetes_executor to None, run_after=None
[2024-03-09T13:41:17.540+0000] {processor.py:183} INFO - Processing /home/airflow/.local/lib/python3.8/site-packages/airflow/example_dags/example_kubernetes_executor.py took 0.172 seconds
[2024-03-09T13:41:47.710+0000] {processor.py:161} INFO - Started process (PID=8853) to work on /home/airflow/.local/lib/python3.8/site-packages/airflow/example_dags/example_kubernetes_executor.py
[2024-03-09T13:41:47.712+0000] {processor.py:830} INFO - Processing file /home/airflow/.local/lib/python3.8/site-packages/airflow/example_dags/example_kubernetes_executor.py for tasks to queue
[2024-03-09T13:41:47.714+0000] {logging_mixin.py:188} INFO - [2024-03-09T13:41:47.713+0000] {dagbag.py:540} INFO - Filling up the DagBag from /home/airflow/.local/lib/python3.8/site-packages/airflow/example_dags/example_kubernetes_executor.py
[2024-03-09T13:41:47.734+0000] {processor.py:840} INFO - DAG(s) 'example_kubernetes_executor' retrieved from /home/airflow/.local/lib/python3.8/site-packages/airflow/example_dags/example_kubernetes_executor.py
[2024-03-09T13:41:47.798+0000] {logging_mixin.py:188} INFO - [2024-03-09T13:41:47.798+0000] {dag.py:3047} INFO - Sync 1 DAGs
[2024-03-09T13:41:47.819+0000] {logging_mixin.py:188} INFO - [2024-03-09T13:41:47.819+0000] {dag.py:3834} INFO - Setting next_dagrun for example_kubernetes_executor to None, run_after=None
[2024-03-09T13:41:47.852+0000] {processor.py:183} INFO - Processing /home/airflow/.local/lib/python3.8/site-packages/airflow/example_dags/example_kubernetes_executor.py took 0.147 seconds
[2024-03-09T13:42:18.156+0000] {processor.py:161} INFO - Started process (PID=9102) to work on /home/airflow/.local/lib/python3.8/site-packages/airflow/example_dags/example_kubernetes_executor.py
[2024-03-09T13:42:18.158+0000] {processor.py:830} INFO - Processing file /home/airflow/.local/lib/python3.8/site-packages/airflow/example_dags/example_kubernetes_executor.py for tasks to queue
[2024-03-09T13:42:18.160+0000] {logging_mixin.py:188} INFO - [2024-03-09T13:42:18.159+0000] {dagbag.py:540} INFO - Filling up the DagBag from /home/airflow/.local/lib/python3.8/site-packages/airflow/example_dags/example_kubernetes_executor.py
[2024-03-09T13:42:18.181+0000] {processor.py:840} INFO - DAG(s) 'example_kubernetes_executor' retrieved from /home/airflow/.local/lib/python3.8/site-packages/airflow/example_dags/example_kubernetes_executor.py
[2024-03-09T13:42:18.248+0000] {logging_mixin.py:188} INFO - [2024-03-09T13:42:18.246+0000] {dag.py:3047} INFO - Sync 1 DAGs
[2024-03-09T13:42:18.272+0000] {logging_mixin.py:188} INFO - [2024-03-09T13:42:18.272+0000] {dag.py:3834} INFO - Setting next_dagrun for example_kubernetes_executor to None, run_after=None
[2024-03-09T13:42:18.298+0000] {processor.py:183} INFO - Processing /home/airflow/.local/lib/python3.8/site-packages/airflow/example_dags/example_kubernetes_executor.py took 0.149 seconds
[2024-03-09T13:42:48.529+0000] {processor.py:161} INFO - Started process (PID=9349) to work on /home/airflow/.local/lib/python3.8/site-packages/airflow/example_dags/example_kubernetes_executor.py
[2024-03-09T13:42:48.531+0000] {processor.py:830} INFO - Processing file /home/airflow/.local/lib/python3.8/site-packages/airflow/example_dags/example_kubernetes_executor.py for tasks to queue
[2024-03-09T13:42:48.532+0000] {logging_mixin.py:188} INFO - [2024-03-09T13:42:48.532+0000] {dagbag.py:540} INFO - Filling up the DagBag from /home/airflow/.local/lib/python3.8/site-packages/airflow/example_dags/example_kubernetes_executor.py
[2024-03-09T13:42:48.557+0000] {processor.py:840} INFO - DAG(s) 'example_kubernetes_executor' retrieved from /home/airflow/.local/lib/python3.8/site-packages/airflow/example_dags/example_kubernetes_executor.py
[2024-03-09T13:42:48.617+0000] {logging_mixin.py:188} INFO - [2024-03-09T13:42:48.617+0000] {dag.py:3047} INFO - Sync 1 DAGs
[2024-03-09T13:42:48.637+0000] {logging_mixin.py:188} INFO - [2024-03-09T13:42:48.636+0000] {dag.py:3834} INFO - Setting next_dagrun for example_kubernetes_executor to None, run_after=None
[2024-03-09T13:42:48.668+0000] {processor.py:183} INFO - Processing /home/airflow/.local/lib/python3.8/site-packages/airflow/example_dags/example_kubernetes_executor.py took 0.145 seconds
[2024-03-09T13:43:18.859+0000] {processor.py:161} INFO - Started process (PID=9596) to work on /home/airflow/.local/lib/python3.8/site-packages/airflow/example_dags/example_kubernetes_executor.py
[2024-03-09T13:43:18.862+0000] {processor.py:830} INFO - Processing file /home/airflow/.local/lib/python3.8/site-packages/airflow/example_dags/example_kubernetes_executor.py for tasks to queue
[2024-03-09T13:43:18.864+0000] {logging_mixin.py:188} INFO - [2024-03-09T13:43:18.863+0000] {dagbag.py:540} INFO - Filling up the DagBag from /home/airflow/.local/lib/python3.8/site-packages/airflow/example_dags/example_kubernetes_executor.py
[2024-03-09T13:43:18.892+0000] {processor.py:840} INFO - DAG(s) 'example_kubernetes_executor' retrieved from /home/airflow/.local/lib/python3.8/site-packages/airflow/example_dags/example_kubernetes_executor.py
[2024-03-09T13:43:18.953+0000] {logging_mixin.py:188} INFO - [2024-03-09T13:43:18.952+0000] {dag.py:3047} INFO - Sync 1 DAGs
[2024-03-09T13:43:18.970+0000] {logging_mixin.py:188} INFO - [2024-03-09T13:43:18.970+0000] {dag.py:3834} INFO - Setting next_dagrun for example_kubernetes_executor to None, run_after=None
[2024-03-09T13:43:18.999+0000] {processor.py:183} INFO - Processing /home/airflow/.local/lib/python3.8/site-packages/airflow/example_dags/example_kubernetes_executor.py took 0.146 seconds
[2024-03-09T13:43:49.673+0000] {processor.py:161} INFO - Started process (PID=9841) to work on /home/airflow/.local/lib/python3.8/site-packages/airflow/example_dags/example_kubernetes_executor.py
[2024-03-09T13:43:49.675+0000] {processor.py:830} INFO - Processing file /home/airflow/.local/lib/python3.8/site-packages/airflow/example_dags/example_kubernetes_executor.py for tasks to queue
[2024-03-09T13:43:49.677+0000] {logging_mixin.py:188} INFO - [2024-03-09T13:43:49.677+0000] {dagbag.py:540} INFO - Filling up the DagBag from /home/airflow/.local/lib/python3.8/site-packages/airflow/example_dags/example_kubernetes_executor.py
[2024-03-09T13:43:49.699+0000] {processor.py:840} INFO - DAG(s) 'example_kubernetes_executor' retrieved from /home/airflow/.local/lib/python3.8/site-packages/airflow/example_dags/example_kubernetes_executor.py
[2024-03-09T13:43:49.762+0000] {logging_mixin.py:188} INFO - [2024-03-09T13:43:49.761+0000] {dag.py:3047} INFO - Sync 1 DAGs
[2024-03-09T13:43:49.784+0000] {logging_mixin.py:188} INFO - [2024-03-09T13:43:49.784+0000] {dag.py:3834} INFO - Setting next_dagrun for example_kubernetes_executor to None, run_after=None
[2024-03-09T13:43:49.812+0000] {processor.py:183} INFO - Processing /home/airflow/.local/lib/python3.8/site-packages/airflow/example_dags/example_kubernetes_executor.py took 0.144 seconds
