[2024-03-09T11:07:28.669+0000] {processor.py:161} INFO - Started process (PID=227) to work on /home/airflow/.local/lib/python3.8/site-packages/airflow/example_dags/example_datasets.py
[2024-03-09T11:07:28.671+0000] {processor.py:830} INFO - Processing file /home/airflow/.local/lib/python3.8/site-packages/airflow/example_dags/example_datasets.py for tasks to queue
[2024-03-09T11:07:28.673+0000] {logging_mixin.py:188} INFO - [2024-03-09T11:07:28.673+0000] {dagbag.py:540} INFO - Filling up the DagBag from /home/airflow/.local/lib/python3.8/site-packages/airflow/example_dags/example_datasets.py
[2024-03-09T11:07:28.699+0000] {processor.py:840} INFO - DAG(s) 'dataset_consumes_1_and_2', 'dataset_consumes_1_never_scheduled', 'dataset_consumes_1', 'dataset_produces_2', 'dataset_produces_1', 'dataset_consumes_unknown_never_scheduled' retrieved from /home/airflow/.local/lib/python3.8/site-packages/airflow/example_dags/example_datasets.py
[2024-03-09T11:07:29.055+0000] {logging_mixin.py:188} INFO - [2024-03-09T11:07:29.054+0000] {dag.py:3047} INFO - Sync 6 DAGs
[2024-03-09T11:07:29.092+0000] {logging_mixin.py:188} INFO - [2024-03-09T11:07:29.091+0000] {dag.py:3834} INFO - Setting next_dagrun for dataset_consumes_1 to None, run_after=None
[2024-03-09T11:07:29.097+0000] {logging_mixin.py:188} INFO - [2024-03-09T11:07:29.096+0000] {dag.py:3834} INFO - Setting next_dagrun for dataset_consumes_1_and_2 to None, run_after=None
[2024-03-09T11:07:29.100+0000] {logging_mixin.py:188} INFO - [2024-03-09T11:07:29.100+0000] {dag.py:3834} INFO - Setting next_dagrun for dataset_consumes_1_never_scheduled to None, run_after=None
[2024-03-09T11:07:29.103+0000] {logging_mixin.py:188} INFO - [2024-03-09T11:07:29.102+0000] {dag.py:3834} INFO - Setting next_dagrun for dataset_consumes_unknown_never_scheduled to None, run_after=None
[2024-03-09T11:07:29.109+0000] {logging_mixin.py:188} INFO - [2024-03-09T11:07:29.109+0000] {dag.py:3834} INFO - Setting next_dagrun for dataset_produces_1 to 2024-03-08 00:00:00+00:00, run_after=2024-03-09 00:00:00+00:00
[2024-03-09T11:07:29.112+0000] {logging_mixin.py:188} INFO - [2024-03-09T11:07:29.111+0000] {dag.py:3834} INFO - Setting next_dagrun for dataset_produces_2 to None, run_after=None
[2024-03-09T11:07:29.170+0000] {processor.py:183} INFO - Processing /home/airflow/.local/lib/python3.8/site-packages/airflow/example_dags/example_datasets.py took 0.505 seconds
[2024-03-09T11:07:59.798+0000] {processor.py:161} INFO - Started process (PID=474) to work on /home/airflow/.local/lib/python3.8/site-packages/airflow/example_dags/example_datasets.py
[2024-03-09T11:07:59.801+0000] {processor.py:830} INFO - Processing file /home/airflow/.local/lib/python3.8/site-packages/airflow/example_dags/example_datasets.py for tasks to queue
[2024-03-09T11:07:59.802+0000] {logging_mixin.py:188} INFO - [2024-03-09T11:07:59.802+0000] {dagbag.py:540} INFO - Filling up the DagBag from /home/airflow/.local/lib/python3.8/site-packages/airflow/example_dags/example_datasets.py
[2024-03-09T11:07:59.821+0000] {processor.py:840} INFO - DAG(s) 'dataset_consumes_1_and_2', 'dataset_consumes_unknown_never_scheduled', 'dataset_produces_2', 'dataset_produces_1', 'dataset_consumes_1', 'dataset_consumes_1_never_scheduled' retrieved from /home/airflow/.local/lib/python3.8/site-packages/airflow/example_dags/example_datasets.py
[2024-03-09T11:07:59.881+0000] {logging_mixin.py:188} INFO - [2024-03-09T11:07:59.880+0000] {dag.py:3047} INFO - Sync 6 DAGs
[2024-03-09T11:07:59.919+0000] {logging_mixin.py:188} INFO - [2024-03-09T11:07:59.918+0000] {dag.py:3834} INFO - Setting next_dagrun for dataset_consumes_1 to None, run_after=None
[2024-03-09T11:07:59.925+0000] {logging_mixin.py:188} INFO - [2024-03-09T11:07:59.925+0000] {dag.py:3834} INFO - Setting next_dagrun for dataset_consumes_1_and_2 to None, run_after=None
[2024-03-09T11:07:59.928+0000] {logging_mixin.py:188} INFO - [2024-03-09T11:07:59.928+0000] {dag.py:3834} INFO - Setting next_dagrun for dataset_consumes_1_never_scheduled to None, run_after=None
[2024-03-09T11:07:59.931+0000] {logging_mixin.py:188} INFO - [2024-03-09T11:07:59.930+0000] {dag.py:3834} INFO - Setting next_dagrun for dataset_consumes_unknown_never_scheduled to None, run_after=None
[2024-03-09T11:07:59.935+0000] {logging_mixin.py:188} INFO - [2024-03-09T11:07:59.935+0000] {dag.py:3834} INFO - Setting next_dagrun for dataset_produces_1 to 2024-03-08 00:00:00+00:00, run_after=2024-03-09 00:00:00+00:00
[2024-03-09T11:07:59.938+0000] {logging_mixin.py:188} INFO - [2024-03-09T11:07:59.938+0000] {dag.py:3834} INFO - Setting next_dagrun for dataset_produces_2 to None, run_after=None
[2024-03-09T11:08:00.000+0000] {processor.py:183} INFO - Processing /home/airflow/.local/lib/python3.8/site-packages/airflow/example_dags/example_datasets.py took 0.208 seconds
[2024-03-09T11:08:30.851+0000] {processor.py:161} INFO - Started process (PID=721) to work on /home/airflow/.local/lib/python3.8/site-packages/airflow/example_dags/example_datasets.py
[2024-03-09T11:08:30.854+0000] {processor.py:830} INFO - Processing file /home/airflow/.local/lib/python3.8/site-packages/airflow/example_dags/example_datasets.py for tasks to queue
[2024-03-09T11:08:30.855+0000] {logging_mixin.py:188} INFO - [2024-03-09T11:08:30.855+0000] {dagbag.py:540} INFO - Filling up the DagBag from /home/airflow/.local/lib/python3.8/site-packages/airflow/example_dags/example_datasets.py
[2024-03-09T11:08:30.872+0000] {processor.py:840} INFO - DAG(s) 'dataset_produces_1', 'dataset_consumes_1', 'dataset_produces_2', 'dataset_consumes_1_never_scheduled', 'dataset_consumes_unknown_never_scheduled', 'dataset_consumes_1_and_2' retrieved from /home/airflow/.local/lib/python3.8/site-packages/airflow/example_dags/example_datasets.py
[2024-03-09T11:08:30.935+0000] {logging_mixin.py:188} INFO - [2024-03-09T11:08:30.934+0000] {dag.py:3047} INFO - Sync 6 DAGs
[2024-03-09T11:08:30.973+0000] {logging_mixin.py:188} INFO - [2024-03-09T11:08:30.973+0000] {dag.py:3834} INFO - Setting next_dagrun for dataset_consumes_1 to None, run_after=None
[2024-03-09T11:08:30.980+0000] {logging_mixin.py:188} INFO - [2024-03-09T11:08:30.980+0000] {dag.py:3834} INFO - Setting next_dagrun for dataset_consumes_1_and_2 to None, run_after=None
[2024-03-09T11:08:30.984+0000] {logging_mixin.py:188} INFO - [2024-03-09T11:08:30.983+0000] {dag.py:3834} INFO - Setting next_dagrun for dataset_consumes_1_never_scheduled to None, run_after=None
[2024-03-09T11:08:30.987+0000] {logging_mixin.py:188} INFO - [2024-03-09T11:08:30.987+0000] {dag.py:3834} INFO - Setting next_dagrun for dataset_consumes_unknown_never_scheduled to None, run_after=None
[2024-03-09T11:08:30.993+0000] {logging_mixin.py:188} INFO - [2024-03-09T11:08:30.993+0000] {dag.py:3834} INFO - Setting next_dagrun for dataset_produces_1 to 2024-03-08 00:00:00+00:00, run_after=2024-03-09 00:00:00+00:00
[2024-03-09T11:08:30.996+0000] {logging_mixin.py:188} INFO - [2024-03-09T11:08:30.996+0000] {dag.py:3834} INFO - Setting next_dagrun for dataset_produces_2 to None, run_after=None
[2024-03-09T11:08:31.052+0000] {processor.py:183} INFO - Processing /home/airflow/.local/lib/python3.8/site-packages/airflow/example_dags/example_datasets.py took 0.207 seconds
[2024-03-09T11:09:01.655+0000] {processor.py:161} INFO - Started process (PID=968) to work on /home/airflow/.local/lib/python3.8/site-packages/airflow/example_dags/example_datasets.py
[2024-03-09T11:09:01.657+0000] {processor.py:830} INFO - Processing file /home/airflow/.local/lib/python3.8/site-packages/airflow/example_dags/example_datasets.py for tasks to queue
[2024-03-09T11:09:01.659+0000] {logging_mixin.py:188} INFO - [2024-03-09T11:09:01.658+0000] {dagbag.py:540} INFO - Filling up the DagBag from /home/airflow/.local/lib/python3.8/site-packages/airflow/example_dags/example_datasets.py
[2024-03-09T11:09:01.677+0000] {processor.py:840} INFO - DAG(s) 'dataset_consumes_1', 'dataset_consumes_1_and_2', 'dataset_produces_1', 'dataset_produces_2', 'dataset_consumes_unknown_never_scheduled', 'dataset_consumes_1_never_scheduled' retrieved from /home/airflow/.local/lib/python3.8/site-packages/airflow/example_dags/example_datasets.py
[2024-03-09T11:09:01.751+0000] {logging_mixin.py:188} INFO - [2024-03-09T11:09:01.750+0000] {dag.py:3047} INFO - Sync 6 DAGs
[2024-03-09T11:09:01.791+0000] {logging_mixin.py:188} INFO - [2024-03-09T11:09:01.790+0000] {dag.py:3834} INFO - Setting next_dagrun for dataset_consumes_1 to None, run_after=None
[2024-03-09T11:09:01.798+0000] {logging_mixin.py:188} INFO - [2024-03-09T11:09:01.798+0000] {dag.py:3834} INFO - Setting next_dagrun for dataset_consumes_1_and_2 to None, run_after=None
[2024-03-09T11:09:01.801+0000] {logging_mixin.py:188} INFO - [2024-03-09T11:09:01.800+0000] {dag.py:3834} INFO - Setting next_dagrun for dataset_consumes_1_never_scheduled to None, run_after=None
[2024-03-09T11:09:01.804+0000] {logging_mixin.py:188} INFO - [2024-03-09T11:09:01.804+0000] {dag.py:3834} INFO - Setting next_dagrun for dataset_consumes_unknown_never_scheduled to None, run_after=None
[2024-03-09T11:09:01.811+0000] {logging_mixin.py:188} INFO - [2024-03-09T11:09:01.810+0000] {dag.py:3834} INFO - Setting next_dagrun for dataset_produces_1 to 2024-03-08 00:00:00+00:00, run_after=2024-03-09 00:00:00+00:00
[2024-03-09T11:09:01.813+0000] {logging_mixin.py:188} INFO - [2024-03-09T11:09:01.813+0000] {dag.py:3834} INFO - Setting next_dagrun for dataset_produces_2 to None, run_after=None
[2024-03-09T11:09:01.868+0000] {processor.py:183} INFO - Processing /home/airflow/.local/lib/python3.8/site-packages/airflow/example_dags/example_datasets.py took 0.218 seconds
[2024-03-09T11:09:32.130+0000] {processor.py:161} INFO - Started process (PID=1216) to work on /home/airflow/.local/lib/python3.8/site-packages/airflow/example_dags/example_datasets.py
[2024-03-09T11:09:32.133+0000] {processor.py:830} INFO - Processing file /home/airflow/.local/lib/python3.8/site-packages/airflow/example_dags/example_datasets.py for tasks to queue
[2024-03-09T11:09:32.135+0000] {logging_mixin.py:188} INFO - [2024-03-09T11:09:32.134+0000] {dagbag.py:540} INFO - Filling up the DagBag from /home/airflow/.local/lib/python3.8/site-packages/airflow/example_dags/example_datasets.py
[2024-03-09T11:09:32.152+0000] {processor.py:840} INFO - DAG(s) 'dataset_consumes_unknown_never_scheduled', 'dataset_produces_2', 'dataset_produces_1', 'dataset_consumes_1_and_2', 'dataset_consumes_1', 'dataset_consumes_1_never_scheduled' retrieved from /home/airflow/.local/lib/python3.8/site-packages/airflow/example_dags/example_datasets.py
[2024-03-09T11:09:32.213+0000] {logging_mixin.py:188} INFO - [2024-03-09T11:09:32.212+0000] {dag.py:3047} INFO - Sync 6 DAGs
[2024-03-09T11:09:32.247+0000] {logging_mixin.py:188} INFO - [2024-03-09T11:09:32.247+0000] {dag.py:3834} INFO - Setting next_dagrun for dataset_consumes_1 to None, run_after=None
[2024-03-09T11:09:32.256+0000] {logging_mixin.py:188} INFO - [2024-03-09T11:09:32.256+0000] {dag.py:3834} INFO - Setting next_dagrun for dataset_consumes_1_and_2 to None, run_after=None
[2024-03-09T11:09:32.259+0000] {logging_mixin.py:188} INFO - [2024-03-09T11:09:32.259+0000] {dag.py:3834} INFO - Setting next_dagrun for dataset_consumes_1_never_scheduled to None, run_after=None
[2024-03-09T11:09:32.262+0000] {logging_mixin.py:188} INFO - [2024-03-09T11:09:32.262+0000] {dag.py:3834} INFO - Setting next_dagrun for dataset_consumes_unknown_never_scheduled to None, run_after=None
[2024-03-09T11:09:32.267+0000] {logging_mixin.py:188} INFO - [2024-03-09T11:09:32.267+0000] {dag.py:3834} INFO - Setting next_dagrun for dataset_produces_1 to 2024-03-08 00:00:00+00:00, run_after=2024-03-09 00:00:00+00:00
[2024-03-09T11:09:32.270+0000] {logging_mixin.py:188} INFO - [2024-03-09T11:09:32.269+0000] {dag.py:3834} INFO - Setting next_dagrun for dataset_produces_2 to None, run_after=None
[2024-03-09T11:09:32.330+0000] {processor.py:183} INFO - Processing /home/airflow/.local/lib/python3.8/site-packages/airflow/example_dags/example_datasets.py took 0.207 seconds
[2024-03-09T11:10:02.544+0000] {processor.py:161} INFO - Started process (PID=1460) to work on /home/airflow/.local/lib/python3.8/site-packages/airflow/example_dags/example_datasets.py
[2024-03-09T11:10:02.547+0000] {processor.py:830} INFO - Processing file /home/airflow/.local/lib/python3.8/site-packages/airflow/example_dags/example_datasets.py for tasks to queue
[2024-03-09T11:10:02.549+0000] {logging_mixin.py:188} INFO - [2024-03-09T11:10:02.548+0000] {dagbag.py:540} INFO - Filling up the DagBag from /home/airflow/.local/lib/python3.8/site-packages/airflow/example_dags/example_datasets.py
[2024-03-09T11:10:02.569+0000] {processor.py:840} INFO - DAG(s) 'dataset_produces_2', 'dataset_consumes_1_never_scheduled', 'dataset_consumes_1', 'dataset_consumes_1_and_2', 'dataset_produces_1', 'dataset_consumes_unknown_never_scheduled' retrieved from /home/airflow/.local/lib/python3.8/site-packages/airflow/example_dags/example_datasets.py
[2024-03-09T11:10:02.639+0000] {logging_mixin.py:188} INFO - [2024-03-09T11:10:02.638+0000] {dag.py:3047} INFO - Sync 6 DAGs
[2024-03-09T11:10:02.681+0000] {logging_mixin.py:188} INFO - [2024-03-09T11:10:02.680+0000] {dag.py:3834} INFO - Setting next_dagrun for dataset_consumes_1 to None, run_after=None
[2024-03-09T11:10:02.688+0000] {logging_mixin.py:188} INFO - [2024-03-09T11:10:02.687+0000] {dag.py:3834} INFO - Setting next_dagrun for dataset_consumes_1_and_2 to None, run_after=None
[2024-03-09T11:10:02.692+0000] {logging_mixin.py:188} INFO - [2024-03-09T11:10:02.691+0000] {dag.py:3834} INFO - Setting next_dagrun for dataset_consumes_1_never_scheduled to None, run_after=None
[2024-03-09T11:10:02.696+0000] {logging_mixin.py:188} INFO - [2024-03-09T11:10:02.695+0000] {dag.py:3834} INFO - Setting next_dagrun for dataset_consumes_unknown_never_scheduled to None, run_after=None
[2024-03-09T11:10:02.701+0000] {logging_mixin.py:188} INFO - [2024-03-09T11:10:02.700+0000] {dag.py:3834} INFO - Setting next_dagrun for dataset_produces_1 to 2024-03-08 00:00:00+00:00, run_after=2024-03-09 00:00:00+00:00
[2024-03-09T11:10:02.704+0000] {logging_mixin.py:188} INFO - [2024-03-09T11:10:02.703+0000] {dag.py:3834} INFO - Setting next_dagrun for dataset_produces_2 to None, run_after=None
[2024-03-09T11:10:02.765+0000] {processor.py:183} INFO - Processing /home/airflow/.local/lib/python3.8/site-packages/airflow/example_dags/example_datasets.py took 0.231 seconds
[2024-03-09T11:10:33.273+0000] {processor.py:161} INFO - Started process (PID=1710) to work on /home/airflow/.local/lib/python3.8/site-packages/airflow/example_dags/example_datasets.py
[2024-03-09T11:10:33.276+0000] {processor.py:830} INFO - Processing file /home/airflow/.local/lib/python3.8/site-packages/airflow/example_dags/example_datasets.py for tasks to queue
[2024-03-09T11:10:33.279+0000] {logging_mixin.py:188} INFO - [2024-03-09T11:10:33.278+0000] {dagbag.py:540} INFO - Filling up the DagBag from /home/airflow/.local/lib/python3.8/site-packages/airflow/example_dags/example_datasets.py
[2024-03-09T11:10:33.296+0000] {processor.py:840} INFO - DAG(s) 'dataset_produces_1', 'dataset_consumes_unknown_never_scheduled', 'dataset_consumes_1_and_2', 'dataset_consumes_1', 'dataset_consumes_1_never_scheduled', 'dataset_produces_2' retrieved from /home/airflow/.local/lib/python3.8/site-packages/airflow/example_dags/example_datasets.py
[2024-03-09T11:10:33.357+0000] {logging_mixin.py:188} INFO - [2024-03-09T11:10:33.357+0000] {dag.py:3047} INFO - Sync 6 DAGs
[2024-03-09T11:10:33.396+0000] {logging_mixin.py:188} INFO - [2024-03-09T11:10:33.396+0000] {dag.py:3834} INFO - Setting next_dagrun for dataset_consumes_1 to None, run_after=None
[2024-03-09T11:10:33.403+0000] {logging_mixin.py:188} INFO - [2024-03-09T11:10:33.403+0000] {dag.py:3834} INFO - Setting next_dagrun for dataset_consumes_1_and_2 to None, run_after=None
[2024-03-09T11:10:33.406+0000] {logging_mixin.py:188} INFO - [2024-03-09T11:10:33.406+0000] {dag.py:3834} INFO - Setting next_dagrun for dataset_consumes_1_never_scheduled to None, run_after=None
[2024-03-09T11:10:33.409+0000] {logging_mixin.py:188} INFO - [2024-03-09T11:10:33.408+0000] {dag.py:3834} INFO - Setting next_dagrun for dataset_consumes_unknown_never_scheduled to None, run_after=None
[2024-03-09T11:10:33.413+0000] {logging_mixin.py:188} INFO - [2024-03-09T11:10:33.413+0000] {dag.py:3834} INFO - Setting next_dagrun for dataset_produces_1 to 2024-03-08 00:00:00+00:00, run_after=2024-03-09 00:00:00+00:00
[2024-03-09T11:10:33.417+0000] {logging_mixin.py:188} INFO - [2024-03-09T11:10:33.416+0000] {dag.py:3834} INFO - Setting next_dagrun for dataset_produces_2 to None, run_after=None
[2024-03-09T11:10:33.479+0000] {processor.py:183} INFO - Processing /home/airflow/.local/lib/python3.8/site-packages/airflow/example_dags/example_datasets.py took 0.213 seconds
[2024-03-09T11:11:03.942+0000] {processor.py:161} INFO - Started process (PID=1957) to work on /home/airflow/.local/lib/python3.8/site-packages/airflow/example_dags/example_datasets.py
[2024-03-09T11:11:03.945+0000] {processor.py:830} INFO - Processing file /home/airflow/.local/lib/python3.8/site-packages/airflow/example_dags/example_datasets.py for tasks to queue
[2024-03-09T11:11:03.947+0000] {logging_mixin.py:188} INFO - [2024-03-09T11:11:03.947+0000] {dagbag.py:540} INFO - Filling up the DagBag from /home/airflow/.local/lib/python3.8/site-packages/airflow/example_dags/example_datasets.py
[2024-03-09T11:11:03.994+0000] {processor.py:840} INFO - DAG(s) 'dataset_consumes_1', 'dataset_produces_1', 'dataset_produces_2', 'dataset_consumes_1_never_scheduled', 'dataset_consumes_unknown_never_scheduled', 'dataset_consumes_1_and_2' retrieved from /home/airflow/.local/lib/python3.8/site-packages/airflow/example_dags/example_datasets.py
[2024-03-09T11:11:04.294+0000] {logging_mixin.py:188} INFO - [2024-03-09T11:11:04.294+0000] {dag.py:3047} INFO - Sync 6 DAGs
[2024-03-09T11:11:04.456+0000] {logging_mixin.py:188} INFO - [2024-03-09T11:11:04.455+0000] {dag.py:3834} INFO - Setting next_dagrun for dataset_consumes_1 to None, run_after=None
[2024-03-09T11:11:04.490+0000] {logging_mixin.py:188} INFO - [2024-03-09T11:11:04.490+0000] {dag.py:3834} INFO - Setting next_dagrun for dataset_consumes_1_and_2 to None, run_after=None
[2024-03-09T11:11:04.494+0000] {logging_mixin.py:188} INFO - [2024-03-09T11:11:04.493+0000] {dag.py:3834} INFO - Setting next_dagrun for dataset_consumes_1_never_scheduled to None, run_after=None
[2024-03-09T11:11:04.497+0000] {logging_mixin.py:188} INFO - [2024-03-09T11:11:04.496+0000] {dag.py:3834} INFO - Setting next_dagrun for dataset_consumes_unknown_never_scheduled to None, run_after=None
[2024-03-09T11:11:04.507+0000] {logging_mixin.py:188} INFO - [2024-03-09T11:11:04.506+0000] {dag.py:3834} INFO - Setting next_dagrun for dataset_produces_1 to 2024-03-08 00:00:00+00:00, run_after=2024-03-09 00:00:00+00:00
[2024-03-09T11:11:04.510+0000] {logging_mixin.py:188} INFO - [2024-03-09T11:11:04.509+0000] {dag.py:3834} INFO - Setting next_dagrun for dataset_produces_2 to None, run_after=None
[2024-03-09T11:11:04.647+0000] {processor.py:183} INFO - Processing /home/airflow/.local/lib/python3.8/site-packages/airflow/example_dags/example_datasets.py took 0.721 seconds
[2024-03-09T11:11:35.441+0000] {processor.py:161} INFO - Started process (PID=2210) to work on /home/airflow/.local/lib/python3.8/site-packages/airflow/example_dags/example_datasets.py
[2024-03-09T11:11:35.443+0000] {processor.py:830} INFO - Processing file /home/airflow/.local/lib/python3.8/site-packages/airflow/example_dags/example_datasets.py for tasks to queue
[2024-03-09T11:11:35.445+0000] {logging_mixin.py:188} INFO - [2024-03-09T11:11:35.444+0000] {dagbag.py:540} INFO - Filling up the DagBag from /home/airflow/.local/lib/python3.8/site-packages/airflow/example_dags/example_datasets.py
[2024-03-09T11:11:35.466+0000] {processor.py:840} INFO - DAG(s) 'dataset_produces_1', 'dataset_consumes_1', 'dataset_consumes_1_never_scheduled', 'dataset_consumes_1_and_2', 'dataset_produces_2', 'dataset_consumes_unknown_never_scheduled' retrieved from /home/airflow/.local/lib/python3.8/site-packages/airflow/example_dags/example_datasets.py
[2024-03-09T11:11:35.530+0000] {logging_mixin.py:188} INFO - [2024-03-09T11:11:35.529+0000] {dag.py:3047} INFO - Sync 6 DAGs
[2024-03-09T11:11:35.569+0000] {logging_mixin.py:188} INFO - [2024-03-09T11:11:35.568+0000] {dag.py:3834} INFO - Setting next_dagrun for dataset_consumes_1 to None, run_after=None
[2024-03-09T11:11:35.577+0000] {logging_mixin.py:188} INFO - [2024-03-09T11:11:35.576+0000] {dag.py:3834} INFO - Setting next_dagrun for dataset_consumes_1_and_2 to None, run_after=None
[2024-03-09T11:11:35.590+0000] {logging_mixin.py:188} INFO - [2024-03-09T11:11:35.589+0000] {dag.py:3834} INFO - Setting next_dagrun for dataset_consumes_1_never_scheduled to None, run_after=None
[2024-03-09T11:11:35.594+0000] {logging_mixin.py:188} INFO - [2024-03-09T11:11:35.594+0000] {dag.py:3834} INFO - Setting next_dagrun for dataset_consumes_unknown_never_scheduled to None, run_after=None
[2024-03-09T11:11:35.605+0000] {logging_mixin.py:188} INFO - [2024-03-09T11:11:35.604+0000] {dag.py:3834} INFO - Setting next_dagrun for dataset_produces_1 to 2024-03-08 00:00:00+00:00, run_after=2024-03-09 00:00:00+00:00
[2024-03-09T11:11:35.608+0000] {logging_mixin.py:188} INFO - [2024-03-09T11:11:35.608+0000] {dag.py:3834} INFO - Setting next_dagrun for dataset_produces_2 to None, run_after=None
[2024-03-09T11:11:35.681+0000] {processor.py:183} INFO - Processing /home/airflow/.local/lib/python3.8/site-packages/airflow/example_dags/example_datasets.py took 0.245 seconds
[2024-03-09T11:12:05.836+0000] {processor.py:161} INFO - Started process (PID=2457) to work on /home/airflow/.local/lib/python3.8/site-packages/airflow/example_dags/example_datasets.py
[2024-03-09T11:12:05.843+0000] {processor.py:830} INFO - Processing file /home/airflow/.local/lib/python3.8/site-packages/airflow/example_dags/example_datasets.py for tasks to queue
[2024-03-09T11:12:05.846+0000] {logging_mixin.py:188} INFO - [2024-03-09T11:12:05.845+0000] {dagbag.py:540} INFO - Filling up the DagBag from /home/airflow/.local/lib/python3.8/site-packages/airflow/example_dags/example_datasets.py
[2024-03-09T11:12:05.867+0000] {processor.py:840} INFO - DAG(s) 'dataset_consumes_1_and_2', 'dataset_produces_1', 'dataset_produces_2', 'dataset_consumes_unknown_never_scheduled', 'dataset_consumes_1', 'dataset_consumes_1_never_scheduled' retrieved from /home/airflow/.local/lib/python3.8/site-packages/airflow/example_dags/example_datasets.py
[2024-03-09T11:12:05.929+0000] {logging_mixin.py:188} INFO - [2024-03-09T11:12:05.929+0000] {dag.py:3047} INFO - Sync 6 DAGs
[2024-03-09T11:12:05.979+0000] {logging_mixin.py:188} INFO - [2024-03-09T11:12:05.978+0000] {dag.py:3834} INFO - Setting next_dagrun for dataset_consumes_1 to None, run_after=None
[2024-03-09T11:12:05.987+0000] {logging_mixin.py:188} INFO - [2024-03-09T11:12:05.987+0000] {dag.py:3834} INFO - Setting next_dagrun for dataset_consumes_1_and_2 to None, run_after=None
[2024-03-09T11:12:05.990+0000] {logging_mixin.py:188} INFO - [2024-03-09T11:12:05.990+0000] {dag.py:3834} INFO - Setting next_dagrun for dataset_consumes_1_never_scheduled to None, run_after=None
[2024-03-09T11:12:05.993+0000] {logging_mixin.py:188} INFO - [2024-03-09T11:12:05.993+0000] {dag.py:3834} INFO - Setting next_dagrun for dataset_consumes_unknown_never_scheduled to None, run_after=None
[2024-03-09T11:12:05.999+0000] {logging_mixin.py:188} INFO - [2024-03-09T11:12:05.999+0000] {dag.py:3834} INFO - Setting next_dagrun for dataset_produces_1 to 2024-03-08 00:00:00+00:00, run_after=2024-03-09 00:00:00+00:00
[2024-03-09T11:12:06.002+0000] {logging_mixin.py:188} INFO - [2024-03-09T11:12:06.002+0000] {dag.py:3834} INFO - Setting next_dagrun for dataset_produces_2 to None, run_after=None
[2024-03-09T11:12:06.062+0000] {processor.py:183} INFO - Processing /home/airflow/.local/lib/python3.8/site-packages/airflow/example_dags/example_datasets.py took 0.233 seconds
[2024-03-09T11:12:36.169+0000] {processor.py:161} INFO - Started process (PID=2701) to work on /home/airflow/.local/lib/python3.8/site-packages/airflow/example_dags/example_datasets.py
[2024-03-09T11:12:36.171+0000] {processor.py:830} INFO - Processing file /home/airflow/.local/lib/python3.8/site-packages/airflow/example_dags/example_datasets.py for tasks to queue
[2024-03-09T11:12:36.173+0000] {logging_mixin.py:188} INFO - [2024-03-09T11:12:36.173+0000] {dagbag.py:540} INFO - Filling up the DagBag from /home/airflow/.local/lib/python3.8/site-packages/airflow/example_dags/example_datasets.py
[2024-03-09T11:12:36.187+0000] {processor.py:840} INFO - DAG(s) 'dataset_consumes_1_never_scheduled', 'dataset_consumes_unknown_never_scheduled', 'dataset_consumes_1_and_2', 'dataset_consumes_1', 'dataset_produces_2', 'dataset_produces_1' retrieved from /home/airflow/.local/lib/python3.8/site-packages/airflow/example_dags/example_datasets.py
[2024-03-09T11:12:36.241+0000] {logging_mixin.py:188} INFO - [2024-03-09T11:12:36.241+0000] {dag.py:3047} INFO - Sync 6 DAGs
[2024-03-09T11:12:36.273+0000] {logging_mixin.py:188} INFO - [2024-03-09T11:12:36.272+0000] {dag.py:3834} INFO - Setting next_dagrun for dataset_consumes_1 to None, run_after=None
[2024-03-09T11:12:36.278+0000] {logging_mixin.py:188} INFO - [2024-03-09T11:12:36.277+0000] {dag.py:3834} INFO - Setting next_dagrun for dataset_consumes_1_and_2 to None, run_after=None
[2024-03-09T11:12:36.280+0000] {logging_mixin.py:188} INFO - [2024-03-09T11:12:36.280+0000] {dag.py:3834} INFO - Setting next_dagrun for dataset_consumes_1_never_scheduled to None, run_after=None
[2024-03-09T11:12:36.282+0000] {logging_mixin.py:188} INFO - [2024-03-09T11:12:36.282+0000] {dag.py:3834} INFO - Setting next_dagrun for dataset_consumes_unknown_never_scheduled to None, run_after=None
[2024-03-09T11:12:36.286+0000] {logging_mixin.py:188} INFO - [2024-03-09T11:12:36.286+0000] {dag.py:3834} INFO - Setting next_dagrun for dataset_produces_1 to 2024-03-08 00:00:00+00:00, run_after=2024-03-09 00:00:00+00:00
[2024-03-09T11:12:36.288+0000] {logging_mixin.py:188} INFO - [2024-03-09T11:12:36.288+0000] {dag.py:3834} INFO - Setting next_dagrun for dataset_produces_2 to None, run_after=None
[2024-03-09T11:12:36.342+0000] {processor.py:183} INFO - Processing /home/airflow/.local/lib/python3.8/site-packages/airflow/example_dags/example_datasets.py took 0.178 seconds
[2024-03-09T11:13:06.464+0000] {processor.py:161} INFO - Started process (PID=2948) to work on /home/airflow/.local/lib/python3.8/site-packages/airflow/example_dags/example_datasets.py
[2024-03-09T11:13:06.466+0000] {processor.py:830} INFO - Processing file /home/airflow/.local/lib/python3.8/site-packages/airflow/example_dags/example_datasets.py for tasks to queue
[2024-03-09T11:13:06.468+0000] {logging_mixin.py:188} INFO - [2024-03-09T11:13:06.468+0000] {dagbag.py:540} INFO - Filling up the DagBag from /home/airflow/.local/lib/python3.8/site-packages/airflow/example_dags/example_datasets.py
[2024-03-09T11:13:06.485+0000] {processor.py:840} INFO - DAG(s) 'dataset_consumes_1_and_2', 'dataset_consumes_1', 'dataset_produces_2', 'dataset_consumes_unknown_never_scheduled', 'dataset_consumes_1_never_scheduled', 'dataset_produces_1' retrieved from /home/airflow/.local/lib/python3.8/site-packages/airflow/example_dags/example_datasets.py
[2024-03-09T11:13:06.550+0000] {logging_mixin.py:188} INFO - [2024-03-09T11:13:06.549+0000] {dag.py:3047} INFO - Sync 6 DAGs
[2024-03-09T11:13:06.584+0000] {logging_mixin.py:188} INFO - [2024-03-09T11:13:06.584+0000] {dag.py:3834} INFO - Setting next_dagrun for dataset_consumes_1 to None, run_after=None
[2024-03-09T11:13:06.591+0000] {logging_mixin.py:188} INFO - [2024-03-09T11:13:06.590+0000] {dag.py:3834} INFO - Setting next_dagrun for dataset_consumes_1_and_2 to None, run_after=None
[2024-03-09T11:13:06.593+0000] {logging_mixin.py:188} INFO - [2024-03-09T11:13:06.593+0000] {dag.py:3834} INFO - Setting next_dagrun for dataset_consumes_1_never_scheduled to None, run_after=None
[2024-03-09T11:13:06.597+0000] {logging_mixin.py:188} INFO - [2024-03-09T11:13:06.597+0000] {dag.py:3834} INFO - Setting next_dagrun for dataset_consumes_unknown_never_scheduled to None, run_after=None
[2024-03-09T11:13:06.602+0000] {logging_mixin.py:188} INFO - [2024-03-09T11:13:06.601+0000] {dag.py:3834} INFO - Setting next_dagrun for dataset_produces_1 to 2024-03-08 00:00:00+00:00, run_after=2024-03-09 00:00:00+00:00
[2024-03-09T11:13:06.604+0000] {logging_mixin.py:188} INFO - [2024-03-09T11:13:06.604+0000] {dag.py:3834} INFO - Setting next_dagrun for dataset_produces_2 to None, run_after=None
[2024-03-09T11:13:06.703+0000] {processor.py:183} INFO - Processing /home/airflow/.local/lib/python3.8/site-packages/airflow/example_dags/example_datasets.py took 0.245 seconds
[2024-03-09T11:13:42.822+0000] {processor.py:161} INFO - Started process (PID=3208) to work on /home/airflow/.local/lib/python3.8/site-packages/airflow/example_dags/example_datasets.py
[2024-03-09T11:13:42.825+0000] {processor.py:830} INFO - Processing file /home/airflow/.local/lib/python3.8/site-packages/airflow/example_dags/example_datasets.py for tasks to queue
[2024-03-09T11:13:42.833+0000] {logging_mixin.py:188} INFO - [2024-03-09T11:13:42.832+0000] {dagbag.py:540} INFO - Filling up the DagBag from /home/airflow/.local/lib/python3.8/site-packages/airflow/example_dags/example_datasets.py
[2024-03-09T11:13:42.865+0000] {processor.py:840} INFO - DAG(s) 'dataset_consumes_1', 'dataset_produces_2', 'dataset_consumes_1_and_2', 'dataset_produces_1', 'dataset_consumes_unknown_never_scheduled', 'dataset_consumes_1_never_scheduled' retrieved from /home/airflow/.local/lib/python3.8/site-packages/airflow/example_dags/example_datasets.py
[2024-03-09T11:13:42.974+0000] {logging_mixin.py:188} INFO - [2024-03-09T11:13:42.973+0000] {dag.py:3047} INFO - Sync 6 DAGs
[2024-03-09T11:13:43.148+0000] {logging_mixin.py:188} INFO - [2024-03-09T11:13:43.146+0000] {dag.py:3834} INFO - Setting next_dagrun for dataset_consumes_1 to None, run_after=None
[2024-03-09T11:13:43.163+0000] {logging_mixin.py:188} INFO - [2024-03-09T11:13:43.161+0000] {dag.py:3834} INFO - Setting next_dagrun for dataset_consumes_1_and_2 to None, run_after=None
[2024-03-09T11:13:43.166+0000] {logging_mixin.py:188} INFO - [2024-03-09T11:13:43.166+0000] {dag.py:3834} INFO - Setting next_dagrun for dataset_consumes_1_never_scheduled to None, run_after=None
[2024-03-09T11:13:43.170+0000] {logging_mixin.py:188} INFO - [2024-03-09T11:13:43.169+0000] {dag.py:3834} INFO - Setting next_dagrun for dataset_consumes_unknown_never_scheduled to None, run_after=None
[2024-03-09T11:13:43.182+0000] {logging_mixin.py:188} INFO - [2024-03-09T11:13:43.181+0000] {dag.py:3834} INFO - Setting next_dagrun for dataset_produces_1 to 2024-03-08 00:00:00+00:00, run_after=2024-03-09 00:00:00+00:00
[2024-03-09T11:13:43.185+0000] {logging_mixin.py:188} INFO - [2024-03-09T11:13:43.185+0000] {dag.py:3834} INFO - Setting next_dagrun for dataset_produces_2 to None, run_after=None
[2024-03-09T11:13:43.312+0000] {processor.py:183} INFO - Processing /home/airflow/.local/lib/python3.8/site-packages/airflow/example_dags/example_datasets.py took 0.507 seconds
[2024-03-09T11:14:13.915+0000] {processor.py:161} INFO - Started process (PID=3466) to work on /home/airflow/.local/lib/python3.8/site-packages/airflow/example_dags/example_datasets.py
[2024-03-09T11:14:13.918+0000] {processor.py:830} INFO - Processing file /home/airflow/.local/lib/python3.8/site-packages/airflow/example_dags/example_datasets.py for tasks to queue
[2024-03-09T11:14:13.920+0000] {logging_mixin.py:188} INFO - [2024-03-09T11:14:13.919+0000] {dagbag.py:540} INFO - Filling up the DagBag from /home/airflow/.local/lib/python3.8/site-packages/airflow/example_dags/example_datasets.py
[2024-03-09T11:14:13.943+0000] {processor.py:840} INFO - DAG(s) 'dataset_consumes_1_and_2', 'dataset_produces_2', 'dataset_consumes_1', 'dataset_consumes_unknown_never_scheduled', 'dataset_consumes_1_never_scheduled', 'dataset_produces_1' retrieved from /home/airflow/.local/lib/python3.8/site-packages/airflow/example_dags/example_datasets.py
[2024-03-09T11:14:14.017+0000] {logging_mixin.py:188} INFO - [2024-03-09T11:14:14.017+0000] {dag.py:3047} INFO - Sync 6 DAGs
[2024-03-09T11:14:14.063+0000] {logging_mixin.py:188} INFO - [2024-03-09T11:14:14.062+0000] {dag.py:3834} INFO - Setting next_dagrun for dataset_consumes_1 to None, run_after=None
[2024-03-09T11:14:14.070+0000] {logging_mixin.py:188} INFO - [2024-03-09T11:14:14.070+0000] {dag.py:3834} INFO - Setting next_dagrun for dataset_consumes_1_and_2 to None, run_after=None
[2024-03-09T11:14:14.073+0000] {logging_mixin.py:188} INFO - [2024-03-09T11:14:14.073+0000] {dag.py:3834} INFO - Setting next_dagrun for dataset_consumes_1_never_scheduled to None, run_after=None
[2024-03-09T11:14:14.076+0000] {logging_mixin.py:188} INFO - [2024-03-09T11:14:14.076+0000] {dag.py:3834} INFO - Setting next_dagrun for dataset_consumes_unknown_never_scheduled to None, run_after=None
[2024-03-09T11:14:14.081+0000] {logging_mixin.py:188} INFO - [2024-03-09T11:14:14.081+0000] {dag.py:3834} INFO - Setting next_dagrun for dataset_produces_1 to 2024-03-08 00:00:00+00:00, run_after=2024-03-09 00:00:00+00:00
[2024-03-09T11:14:14.084+0000] {logging_mixin.py:188} INFO - [2024-03-09T11:14:14.084+0000] {dag.py:3834} INFO - Setting next_dagrun for dataset_produces_2 to None, run_after=None
[2024-03-09T11:14:14.136+0000] {processor.py:183} INFO - Processing /home/airflow/.local/lib/python3.8/site-packages/airflow/example_dags/example_datasets.py took 0.231 seconds
[2024-03-09T11:14:44.615+0000] {processor.py:161} INFO - Started process (PID=3713) to work on /home/airflow/.local/lib/python3.8/site-packages/airflow/example_dags/example_datasets.py
[2024-03-09T11:14:44.617+0000] {processor.py:830} INFO - Processing file /home/airflow/.local/lib/python3.8/site-packages/airflow/example_dags/example_datasets.py for tasks to queue
[2024-03-09T11:14:44.619+0000] {logging_mixin.py:188} INFO - [2024-03-09T11:14:44.619+0000] {dagbag.py:540} INFO - Filling up the DagBag from /home/airflow/.local/lib/python3.8/site-packages/airflow/example_dags/example_datasets.py
[2024-03-09T11:14:44.637+0000] {processor.py:840} INFO - DAG(s) 'dataset_consumes_1_and_2', 'dataset_consumes_unknown_never_scheduled', 'dataset_produces_2', 'dataset_consumes_1', 'dataset_produces_1', 'dataset_consumes_1_never_scheduled' retrieved from /home/airflow/.local/lib/python3.8/site-packages/airflow/example_dags/example_datasets.py
[2024-03-09T11:14:44.704+0000] {logging_mixin.py:188} INFO - [2024-03-09T11:14:44.704+0000] {dag.py:3047} INFO - Sync 6 DAGs
[2024-03-09T11:14:44.742+0000] {logging_mixin.py:188} INFO - [2024-03-09T11:14:44.742+0000] {dag.py:3834} INFO - Setting next_dagrun for dataset_consumes_1 to None, run_after=None
[2024-03-09T11:14:44.749+0000] {logging_mixin.py:188} INFO - [2024-03-09T11:14:44.749+0000] {dag.py:3834} INFO - Setting next_dagrun for dataset_consumes_1_and_2 to None, run_after=None
[2024-03-09T11:14:44.753+0000] {logging_mixin.py:188} INFO - [2024-03-09T11:14:44.752+0000] {dag.py:3834} INFO - Setting next_dagrun for dataset_consumes_1_never_scheduled to None, run_after=None
[2024-03-09T11:14:44.756+0000] {logging_mixin.py:188} INFO - [2024-03-09T11:14:44.755+0000] {dag.py:3834} INFO - Setting next_dagrun for dataset_consumes_unknown_never_scheduled to None, run_after=None
[2024-03-09T11:14:44.761+0000] {logging_mixin.py:188} INFO - [2024-03-09T11:14:44.761+0000] {dag.py:3834} INFO - Setting next_dagrun for dataset_produces_1 to 2024-03-08 00:00:00+00:00, run_after=2024-03-09 00:00:00+00:00
[2024-03-09T11:14:44.765+0000] {logging_mixin.py:188} INFO - [2024-03-09T11:14:44.765+0000] {dag.py:3834} INFO - Setting next_dagrun for dataset_produces_2 to None, run_after=None
[2024-03-09T11:14:44.824+0000] {processor.py:183} INFO - Processing /home/airflow/.local/lib/python3.8/site-packages/airflow/example_dags/example_datasets.py took 0.215 seconds
[2024-03-09T11:15:15.037+0000] {processor.py:161} INFO - Started process (PID=3960) to work on /home/airflow/.local/lib/python3.8/site-packages/airflow/example_dags/example_datasets.py
[2024-03-09T11:15:15.040+0000] {processor.py:830} INFO - Processing file /home/airflow/.local/lib/python3.8/site-packages/airflow/example_dags/example_datasets.py for tasks to queue
[2024-03-09T11:15:15.043+0000] {logging_mixin.py:188} INFO - [2024-03-09T11:15:15.041+0000] {dagbag.py:540} INFO - Filling up the DagBag from /home/airflow/.local/lib/python3.8/site-packages/airflow/example_dags/example_datasets.py
[2024-03-09T11:15:15.074+0000] {processor.py:840} INFO - DAG(s) 'dataset_consumes_unknown_never_scheduled', 'dataset_produces_1', 'dataset_consumes_1_and_2', 'dataset_consumes_1_never_scheduled', 'dataset_produces_2', 'dataset_consumes_1' retrieved from /home/airflow/.local/lib/python3.8/site-packages/airflow/example_dags/example_datasets.py
[2024-03-09T11:15:15.174+0000] {logging_mixin.py:188} INFO - [2024-03-09T11:15:15.174+0000] {dag.py:3047} INFO - Sync 6 DAGs
[2024-03-09T11:15:15.220+0000] {logging_mixin.py:188} INFO - [2024-03-09T11:15:15.219+0000] {dag.py:3834} INFO - Setting next_dagrun for dataset_consumes_1 to None, run_after=None
[2024-03-09T11:15:15.228+0000] {logging_mixin.py:188} INFO - [2024-03-09T11:15:15.228+0000] {dag.py:3834} INFO - Setting next_dagrun for dataset_consumes_1_and_2 to None, run_after=None
[2024-03-09T11:15:15.232+0000] {logging_mixin.py:188} INFO - [2024-03-09T11:15:15.231+0000] {dag.py:3834} INFO - Setting next_dagrun for dataset_consumes_1_never_scheduled to None, run_after=None
[2024-03-09T11:15:15.235+0000] {logging_mixin.py:188} INFO - [2024-03-09T11:15:15.234+0000] {dag.py:3834} INFO - Setting next_dagrun for dataset_consumes_unknown_never_scheduled to None, run_after=None
[2024-03-09T11:15:15.241+0000] {logging_mixin.py:188} INFO - [2024-03-09T11:15:15.241+0000] {dag.py:3834} INFO - Setting next_dagrun for dataset_produces_1 to 2024-03-08 00:00:00+00:00, run_after=2024-03-09 00:00:00+00:00
[2024-03-09T11:15:15.245+0000] {logging_mixin.py:188} INFO - [2024-03-09T11:15:15.244+0000] {dag.py:3834} INFO - Setting next_dagrun for dataset_produces_2 to None, run_after=None
[2024-03-09T11:15:15.313+0000] {processor.py:183} INFO - Processing /home/airflow/.local/lib/python3.8/site-packages/airflow/example_dags/example_datasets.py took 0.282 seconds
[2024-03-09T11:15:45.663+0000] {processor.py:161} INFO - Started process (PID=4207) to work on /home/airflow/.local/lib/python3.8/site-packages/airflow/example_dags/example_datasets.py
[2024-03-09T11:15:45.666+0000] {processor.py:830} INFO - Processing file /home/airflow/.local/lib/python3.8/site-packages/airflow/example_dags/example_datasets.py for tasks to queue
[2024-03-09T11:15:45.668+0000] {logging_mixin.py:188} INFO - [2024-03-09T11:15:45.667+0000] {dagbag.py:540} INFO - Filling up the DagBag from /home/airflow/.local/lib/python3.8/site-packages/airflow/example_dags/example_datasets.py
[2024-03-09T11:15:45.687+0000] {processor.py:840} INFO - DAG(s) 'dataset_produces_1', 'dataset_consumes_unknown_never_scheduled', 'dataset_consumes_1', 'dataset_consumes_1_and_2', 'dataset_consumes_1_never_scheduled', 'dataset_produces_2' retrieved from /home/airflow/.local/lib/python3.8/site-packages/airflow/example_dags/example_datasets.py
[2024-03-09T11:15:45.787+0000] {logging_mixin.py:188} INFO - [2024-03-09T11:15:45.786+0000] {dag.py:3047} INFO - Sync 6 DAGs
[2024-03-09T11:15:45.852+0000] {logging_mixin.py:188} INFO - [2024-03-09T11:15:45.851+0000] {dag.py:3834} INFO - Setting next_dagrun for dataset_consumes_1 to None, run_after=None
[2024-03-09T11:15:45.862+0000] {logging_mixin.py:188} INFO - [2024-03-09T11:15:45.862+0000] {dag.py:3834} INFO - Setting next_dagrun for dataset_consumes_1_and_2 to None, run_after=None
[2024-03-09T11:15:45.866+0000] {logging_mixin.py:188} INFO - [2024-03-09T11:15:45.866+0000] {dag.py:3834} INFO - Setting next_dagrun for dataset_consumes_1_never_scheduled to None, run_after=None
[2024-03-09T11:15:45.871+0000] {logging_mixin.py:188} INFO - [2024-03-09T11:15:45.871+0000] {dag.py:3834} INFO - Setting next_dagrun for dataset_consumes_unknown_never_scheduled to None, run_after=None
[2024-03-09T11:15:45.883+0000] {logging_mixin.py:188} INFO - [2024-03-09T11:15:45.882+0000] {dag.py:3834} INFO - Setting next_dagrun for dataset_produces_1 to 2024-03-08 00:00:00+00:00, run_after=2024-03-09 00:00:00+00:00
[2024-03-09T11:15:45.890+0000] {logging_mixin.py:188} INFO - [2024-03-09T11:15:45.889+0000] {dag.py:3834} INFO - Setting next_dagrun for dataset_produces_2 to None, run_after=None
[2024-03-09T11:15:45.985+0000] {processor.py:183} INFO - Processing /home/airflow/.local/lib/python3.8/site-packages/airflow/example_dags/example_datasets.py took 0.328 seconds
[2024-03-09T11:16:16.185+0000] {processor.py:161} INFO - Started process (PID=4459) to work on /home/airflow/.local/lib/python3.8/site-packages/airflow/example_dags/example_datasets.py
[2024-03-09T11:16:16.187+0000] {processor.py:830} INFO - Processing file /home/airflow/.local/lib/python3.8/site-packages/airflow/example_dags/example_datasets.py for tasks to queue
[2024-03-09T11:16:16.190+0000] {logging_mixin.py:188} INFO - [2024-03-09T11:16:16.189+0000] {dagbag.py:540} INFO - Filling up the DagBag from /home/airflow/.local/lib/python3.8/site-packages/airflow/example_dags/example_datasets.py
[2024-03-09T11:16:16.204+0000] {processor.py:840} INFO - DAG(s) 'dataset_produces_2', 'dataset_consumes_1_never_scheduled', 'dataset_consumes_1_and_2', 'dataset_produces_1', 'dataset_consumes_1', 'dataset_consumes_unknown_never_scheduled' retrieved from /home/airflow/.local/lib/python3.8/site-packages/airflow/example_dags/example_datasets.py
[2024-03-09T11:16:16.256+0000] {logging_mixin.py:188} INFO - [2024-03-09T11:16:16.256+0000] {dag.py:3047} INFO - Sync 6 DAGs
[2024-03-09T11:16:16.290+0000] {logging_mixin.py:188} INFO - [2024-03-09T11:16:16.289+0000] {dag.py:3834} INFO - Setting next_dagrun for dataset_consumes_1 to None, run_after=None
[2024-03-09T11:16:16.296+0000] {logging_mixin.py:188} INFO - [2024-03-09T11:16:16.295+0000] {dag.py:3834} INFO - Setting next_dagrun for dataset_consumes_1_and_2 to None, run_after=None
[2024-03-09T11:16:16.299+0000] {logging_mixin.py:188} INFO - [2024-03-09T11:16:16.299+0000] {dag.py:3834} INFO - Setting next_dagrun for dataset_consumes_1_never_scheduled to None, run_after=None
[2024-03-09T11:16:16.302+0000] {logging_mixin.py:188} INFO - [2024-03-09T11:16:16.301+0000] {dag.py:3834} INFO - Setting next_dagrun for dataset_consumes_unknown_never_scheduled to None, run_after=None
[2024-03-09T11:16:16.307+0000] {logging_mixin.py:188} INFO - [2024-03-09T11:16:16.306+0000] {dag.py:3834} INFO - Setting next_dagrun for dataset_produces_1 to 2024-03-08 00:00:00+00:00, run_after=2024-03-09 00:00:00+00:00
[2024-03-09T11:16:16.310+0000] {logging_mixin.py:188} INFO - [2024-03-09T11:16:16.310+0000] {dag.py:3834} INFO - Setting next_dagrun for dataset_produces_2 to None, run_after=None
[2024-03-09T11:16:16.364+0000] {processor.py:183} INFO - Processing /home/airflow/.local/lib/python3.8/site-packages/airflow/example_dags/example_datasets.py took 0.185 seconds
[2024-03-09T11:16:46.472+0000] {processor.py:161} INFO - Started process (PID=4706) to work on /home/airflow/.local/lib/python3.8/site-packages/airflow/example_dags/example_datasets.py
[2024-03-09T11:16:46.474+0000] {processor.py:830} INFO - Processing file /home/airflow/.local/lib/python3.8/site-packages/airflow/example_dags/example_datasets.py for tasks to queue
[2024-03-09T11:16:46.476+0000] {logging_mixin.py:188} INFO - [2024-03-09T11:16:46.475+0000] {dagbag.py:540} INFO - Filling up the DagBag from /home/airflow/.local/lib/python3.8/site-packages/airflow/example_dags/example_datasets.py
[2024-03-09T11:16:46.497+0000] {processor.py:840} INFO - DAG(s) 'dataset_produces_1', 'dataset_produces_2', 'dataset_consumes_1_never_scheduled', 'dataset_consumes_unknown_never_scheduled', 'dataset_consumes_1', 'dataset_consumes_1_and_2' retrieved from /home/airflow/.local/lib/python3.8/site-packages/airflow/example_dags/example_datasets.py
[2024-03-09T11:16:46.555+0000] {logging_mixin.py:188} INFO - [2024-03-09T11:16:46.555+0000] {dag.py:3047} INFO - Sync 6 DAGs
[2024-03-09T11:16:46.596+0000] {logging_mixin.py:188} INFO - [2024-03-09T11:16:46.596+0000] {dag.py:3834} INFO - Setting next_dagrun for dataset_consumes_1 to None, run_after=None
[2024-03-09T11:16:46.602+0000] {logging_mixin.py:188} INFO - [2024-03-09T11:16:46.602+0000] {dag.py:3834} INFO - Setting next_dagrun for dataset_consumes_1_and_2 to None, run_after=None
[2024-03-09T11:16:46.605+0000] {logging_mixin.py:188} INFO - [2024-03-09T11:16:46.605+0000] {dag.py:3834} INFO - Setting next_dagrun for dataset_consumes_1_never_scheduled to None, run_after=None
[2024-03-09T11:16:46.608+0000] {logging_mixin.py:188} INFO - [2024-03-09T11:16:46.608+0000] {dag.py:3834} INFO - Setting next_dagrun for dataset_consumes_unknown_never_scheduled to None, run_after=None
[2024-03-09T11:16:46.615+0000] {logging_mixin.py:188} INFO - [2024-03-09T11:16:46.615+0000] {dag.py:3834} INFO - Setting next_dagrun for dataset_produces_1 to 2024-03-08 00:00:00+00:00, run_after=2024-03-09 00:00:00+00:00
[2024-03-09T11:16:46.618+0000] {logging_mixin.py:188} INFO - [2024-03-09T11:16:46.618+0000] {dag.py:3834} INFO - Setting next_dagrun for dataset_produces_2 to None, run_after=None
[2024-03-09T11:16:46.672+0000] {processor.py:183} INFO - Processing /home/airflow/.local/lib/python3.8/site-packages/airflow/example_dags/example_datasets.py took 0.205 seconds
[2024-03-09T11:17:17.240+0000] {processor.py:161} INFO - Started process (PID=4948) to work on /home/airflow/.local/lib/python3.8/site-packages/airflow/example_dags/example_datasets.py
[2024-03-09T11:17:17.242+0000] {processor.py:830} INFO - Processing file /home/airflow/.local/lib/python3.8/site-packages/airflow/example_dags/example_datasets.py for tasks to queue
[2024-03-09T11:17:17.244+0000] {logging_mixin.py:188} INFO - [2024-03-09T11:17:17.243+0000] {dagbag.py:540} INFO - Filling up the DagBag from /home/airflow/.local/lib/python3.8/site-packages/airflow/example_dags/example_datasets.py
[2024-03-09T11:17:17.260+0000] {processor.py:840} INFO - DAG(s) 'dataset_produces_2', 'dataset_consumes_1_and_2', 'dataset_consumes_unknown_never_scheduled', 'dataset_produces_1', 'dataset_consumes_1_never_scheduled', 'dataset_consumes_1' retrieved from /home/airflow/.local/lib/python3.8/site-packages/airflow/example_dags/example_datasets.py
[2024-03-09T11:17:17.327+0000] {logging_mixin.py:188} INFO - [2024-03-09T11:17:17.327+0000] {dag.py:3047} INFO - Sync 6 DAGs
[2024-03-09T11:17:17.362+0000] {logging_mixin.py:188} INFO - [2024-03-09T11:17:17.361+0000] {dag.py:3834} INFO - Setting next_dagrun for dataset_consumes_1 to None, run_after=None
[2024-03-09T11:17:17.368+0000] {logging_mixin.py:188} INFO - [2024-03-09T11:17:17.367+0000] {dag.py:3834} INFO - Setting next_dagrun for dataset_consumes_1_and_2 to None, run_after=None
[2024-03-09T11:17:17.371+0000] {logging_mixin.py:188} INFO - [2024-03-09T11:17:17.370+0000] {dag.py:3834} INFO - Setting next_dagrun for dataset_consumes_1_never_scheduled to None, run_after=None
[2024-03-09T11:17:17.373+0000] {logging_mixin.py:188} INFO - [2024-03-09T11:17:17.373+0000] {dag.py:3834} INFO - Setting next_dagrun for dataset_consumes_unknown_never_scheduled to None, run_after=None
[2024-03-09T11:17:17.379+0000] {logging_mixin.py:188} INFO - [2024-03-09T11:17:17.379+0000] {dag.py:3834} INFO - Setting next_dagrun for dataset_produces_1 to 2024-03-08 00:00:00+00:00, run_after=2024-03-09 00:00:00+00:00
[2024-03-09T11:17:17.383+0000] {logging_mixin.py:188} INFO - [2024-03-09T11:17:17.382+0000] {dag.py:3834} INFO - Setting next_dagrun for dataset_produces_2 to None, run_after=None
[2024-03-09T11:17:17.443+0000] {processor.py:183} INFO - Processing /home/airflow/.local/lib/python3.8/site-packages/airflow/example_dags/example_datasets.py took 0.208 seconds
[2024-03-09T11:17:47.513+0000] {processor.py:161} INFO - Started process (PID=5195) to work on /home/airflow/.local/lib/python3.8/site-packages/airflow/example_dags/example_datasets.py
[2024-03-09T11:17:47.515+0000] {processor.py:830} INFO - Processing file /home/airflow/.local/lib/python3.8/site-packages/airflow/example_dags/example_datasets.py for tasks to queue
[2024-03-09T11:17:47.517+0000] {logging_mixin.py:188} INFO - [2024-03-09T11:17:47.516+0000] {dagbag.py:540} INFO - Filling up the DagBag from /home/airflow/.local/lib/python3.8/site-packages/airflow/example_dags/example_datasets.py
[2024-03-09T11:17:47.536+0000] {processor.py:840} INFO - DAG(s) 'dataset_consumes_1', 'dataset_consumes_unknown_never_scheduled', 'dataset_consumes_1_and_2', 'dataset_produces_1', 'dataset_produces_2', 'dataset_consumes_1_never_scheduled' retrieved from /home/airflow/.local/lib/python3.8/site-packages/airflow/example_dags/example_datasets.py
[2024-03-09T11:17:47.598+0000] {logging_mixin.py:188} INFO - [2024-03-09T11:17:47.598+0000] {dag.py:3047} INFO - Sync 6 DAGs
[2024-03-09T11:17:47.634+0000] {logging_mixin.py:188} INFO - [2024-03-09T11:17:47.634+0000] {dag.py:3834} INFO - Setting next_dagrun for dataset_consumes_1 to None, run_after=None
[2024-03-09T11:17:47.640+0000] {logging_mixin.py:188} INFO - [2024-03-09T11:17:47.640+0000] {dag.py:3834} INFO - Setting next_dagrun for dataset_consumes_1_and_2 to None, run_after=None
[2024-03-09T11:17:47.643+0000] {logging_mixin.py:188} INFO - [2024-03-09T11:17:47.642+0000] {dag.py:3834} INFO - Setting next_dagrun for dataset_consumes_1_never_scheduled to None, run_after=None
[2024-03-09T11:17:47.646+0000] {logging_mixin.py:188} INFO - [2024-03-09T11:17:47.645+0000] {dag.py:3834} INFO - Setting next_dagrun for dataset_consumes_unknown_never_scheduled to None, run_after=None
[2024-03-09T11:17:47.651+0000] {logging_mixin.py:188} INFO - [2024-03-09T11:17:47.651+0000] {dag.py:3834} INFO - Setting next_dagrun for dataset_produces_1 to 2024-03-08 00:00:00+00:00, run_after=2024-03-09 00:00:00+00:00
[2024-03-09T11:17:47.654+0000] {logging_mixin.py:188} INFO - [2024-03-09T11:17:47.654+0000] {dag.py:3834} INFO - Setting next_dagrun for dataset_produces_2 to None, run_after=None
[2024-03-09T11:17:47.708+0000] {processor.py:183} INFO - Processing /home/airflow/.local/lib/python3.8/site-packages/airflow/example_dags/example_datasets.py took 0.201 seconds
[2024-03-09T11:18:18.078+0000] {processor.py:161} INFO - Started process (PID=5442) to work on /home/airflow/.local/lib/python3.8/site-packages/airflow/example_dags/example_datasets.py
[2024-03-09T11:18:18.079+0000] {processor.py:830} INFO - Processing file /home/airflow/.local/lib/python3.8/site-packages/airflow/example_dags/example_datasets.py for tasks to queue
[2024-03-09T11:18:18.081+0000] {logging_mixin.py:188} INFO - [2024-03-09T11:18:18.081+0000] {dagbag.py:540} INFO - Filling up the DagBag from /home/airflow/.local/lib/python3.8/site-packages/airflow/example_dags/example_datasets.py
[2024-03-09T11:18:18.097+0000] {processor.py:840} INFO - DAG(s) 'dataset_consumes_1', 'dataset_produces_1', 'dataset_consumes_1_never_scheduled', 'dataset_produces_2', 'dataset_consumes_1_and_2', 'dataset_consumes_unknown_never_scheduled' retrieved from /home/airflow/.local/lib/python3.8/site-packages/airflow/example_dags/example_datasets.py
[2024-03-09T11:18:18.157+0000] {logging_mixin.py:188} INFO - [2024-03-09T11:18:18.157+0000] {dag.py:3047} INFO - Sync 6 DAGs
[2024-03-09T11:18:18.200+0000] {logging_mixin.py:188} INFO - [2024-03-09T11:18:18.200+0000] {dag.py:3834} INFO - Setting next_dagrun for dataset_consumes_1 to None, run_after=None
[2024-03-09T11:18:18.206+0000] {logging_mixin.py:188} INFO - [2024-03-09T11:18:18.206+0000] {dag.py:3834} INFO - Setting next_dagrun for dataset_consumes_1_and_2 to None, run_after=None
[2024-03-09T11:18:18.209+0000] {logging_mixin.py:188} INFO - [2024-03-09T11:18:18.209+0000] {dag.py:3834} INFO - Setting next_dagrun for dataset_consumes_1_never_scheduled to None, run_after=None
[2024-03-09T11:18:18.212+0000] {logging_mixin.py:188} INFO - [2024-03-09T11:18:18.212+0000] {dag.py:3834} INFO - Setting next_dagrun for dataset_consumes_unknown_never_scheduled to None, run_after=None
[2024-03-09T11:18:18.217+0000] {logging_mixin.py:188} INFO - [2024-03-09T11:18:18.216+0000] {dag.py:3834} INFO - Setting next_dagrun for dataset_produces_1 to 2024-03-08 00:00:00+00:00, run_after=2024-03-09 00:00:00+00:00
[2024-03-09T11:18:18.219+0000] {logging_mixin.py:188} INFO - [2024-03-09T11:18:18.219+0000] {dag.py:3834} INFO - Setting next_dagrun for dataset_produces_2 to None, run_after=None
[2024-03-09T11:18:18.268+0000] {processor.py:183} INFO - Processing /home/airflow/.local/lib/python3.8/site-packages/airflow/example_dags/example_datasets.py took 0.196 seconds
[2024-03-09T11:18:48.499+0000] {processor.py:161} INFO - Started process (PID=5689) to work on /home/airflow/.local/lib/python3.8/site-packages/airflow/example_dags/example_datasets.py
[2024-03-09T11:18:48.501+0000] {processor.py:830} INFO - Processing file /home/airflow/.local/lib/python3.8/site-packages/airflow/example_dags/example_datasets.py for tasks to queue
[2024-03-09T11:18:48.502+0000] {logging_mixin.py:188} INFO - [2024-03-09T11:18:48.502+0000] {dagbag.py:540} INFO - Filling up the DagBag from /home/airflow/.local/lib/python3.8/site-packages/airflow/example_dags/example_datasets.py
[2024-03-09T11:18:48.516+0000] {processor.py:840} INFO - DAG(s) 'dataset_consumes_1_never_scheduled', 'dataset_produces_2', 'dataset_consumes_unknown_never_scheduled', 'dataset_produces_1', 'dataset_consumes_1', 'dataset_consumes_1_and_2' retrieved from /home/airflow/.local/lib/python3.8/site-packages/airflow/example_dags/example_datasets.py
[2024-03-09T11:18:48.570+0000] {logging_mixin.py:188} INFO - [2024-03-09T11:18:48.570+0000] {dag.py:3047} INFO - Sync 6 DAGs
[2024-03-09T11:18:48.606+0000] {logging_mixin.py:188} INFO - [2024-03-09T11:18:48.605+0000] {dag.py:3834} INFO - Setting next_dagrun for dataset_consumes_1 to None, run_after=None
[2024-03-09T11:18:48.612+0000] {logging_mixin.py:188} INFO - [2024-03-09T11:18:48.612+0000] {dag.py:3834} INFO - Setting next_dagrun for dataset_consumes_1_and_2 to None, run_after=None
[2024-03-09T11:18:48.615+0000] {logging_mixin.py:188} INFO - [2024-03-09T11:18:48.615+0000] {dag.py:3834} INFO - Setting next_dagrun for dataset_consumes_1_never_scheduled to None, run_after=None
[2024-03-09T11:18:48.618+0000] {logging_mixin.py:188} INFO - [2024-03-09T11:18:48.618+0000] {dag.py:3834} INFO - Setting next_dagrun for dataset_consumes_unknown_never_scheduled to None, run_after=None
[2024-03-09T11:18:48.624+0000] {logging_mixin.py:188} INFO - [2024-03-09T11:18:48.624+0000] {dag.py:3834} INFO - Setting next_dagrun for dataset_produces_1 to 2024-03-08 00:00:00+00:00, run_after=2024-03-09 00:00:00+00:00
[2024-03-09T11:18:48.627+0000] {logging_mixin.py:188} INFO - [2024-03-09T11:18:48.627+0000] {dag.py:3834} INFO - Setting next_dagrun for dataset_produces_2 to None, run_after=None
[2024-03-09T11:18:48.685+0000] {processor.py:183} INFO - Processing /home/airflow/.local/lib/python3.8/site-packages/airflow/example_dags/example_datasets.py took 0.191 seconds
[2024-03-09T11:19:18.798+0000] {processor.py:161} INFO - Started process (PID=5936) to work on /home/airflow/.local/lib/python3.8/site-packages/airflow/example_dags/example_datasets.py
[2024-03-09T11:19:18.801+0000] {processor.py:830} INFO - Processing file /home/airflow/.local/lib/python3.8/site-packages/airflow/example_dags/example_datasets.py for tasks to queue
[2024-03-09T11:19:18.803+0000] {logging_mixin.py:188} INFO - [2024-03-09T11:19:18.802+0000] {dagbag.py:540} INFO - Filling up the DagBag from /home/airflow/.local/lib/python3.8/site-packages/airflow/example_dags/example_datasets.py
[2024-03-09T11:19:18.820+0000] {processor.py:840} INFO - DAG(s) 'dataset_consumes_1', 'dataset_produces_2', 'dataset_consumes_1_never_scheduled', 'dataset_produces_1', 'dataset_consumes_unknown_never_scheduled', 'dataset_consumes_1_and_2' retrieved from /home/airflow/.local/lib/python3.8/site-packages/airflow/example_dags/example_datasets.py
[2024-03-09T11:19:18.888+0000] {logging_mixin.py:188} INFO - [2024-03-09T11:19:18.887+0000] {dag.py:3047} INFO - Sync 6 DAGs
[2024-03-09T11:19:18.928+0000] {logging_mixin.py:188} INFO - [2024-03-09T11:19:18.927+0000] {dag.py:3834} INFO - Setting next_dagrun for dataset_consumes_1 to None, run_after=None
[2024-03-09T11:19:18.933+0000] {logging_mixin.py:188} INFO - [2024-03-09T11:19:18.933+0000] {dag.py:3834} INFO - Setting next_dagrun for dataset_consumes_1_and_2 to None, run_after=None
[2024-03-09T11:19:18.936+0000] {logging_mixin.py:188} INFO - [2024-03-09T11:19:18.936+0000] {dag.py:3834} INFO - Setting next_dagrun for dataset_consumes_1_never_scheduled to None, run_after=None
[2024-03-09T11:19:18.950+0000] {logging_mixin.py:188} INFO - [2024-03-09T11:19:18.949+0000] {dag.py:3834} INFO - Setting next_dagrun for dataset_consumes_unknown_never_scheduled to None, run_after=None
[2024-03-09T11:19:18.960+0000] {logging_mixin.py:188} INFO - [2024-03-09T11:19:18.959+0000] {dag.py:3834} INFO - Setting next_dagrun for dataset_produces_1 to 2024-03-08 00:00:00+00:00, run_after=2024-03-09 00:00:00+00:00
[2024-03-09T11:19:18.963+0000] {logging_mixin.py:188} INFO - [2024-03-09T11:19:18.963+0000] {dag.py:3834} INFO - Setting next_dagrun for dataset_produces_2 to None, run_after=None
[2024-03-09T11:19:19.012+0000] {processor.py:183} INFO - Processing /home/airflow/.local/lib/python3.8/site-packages/airflow/example_dags/example_datasets.py took 0.220 seconds
[2024-03-09T11:19:49.748+0000] {processor.py:161} INFO - Started process (PID=6183) to work on /home/airflow/.local/lib/python3.8/site-packages/airflow/example_dags/example_datasets.py
[2024-03-09T11:19:49.750+0000] {processor.py:830} INFO - Processing file /home/airflow/.local/lib/python3.8/site-packages/airflow/example_dags/example_datasets.py for tasks to queue
[2024-03-09T11:19:49.752+0000] {logging_mixin.py:188} INFO - [2024-03-09T11:19:49.752+0000] {dagbag.py:540} INFO - Filling up the DagBag from /home/airflow/.local/lib/python3.8/site-packages/airflow/example_dags/example_datasets.py
[2024-03-09T11:19:49.767+0000] {processor.py:840} INFO - DAG(s) 'dataset_consumes_1_never_scheduled', 'dataset_produces_1', 'dataset_produces_2', 'dataset_consumes_unknown_never_scheduled', 'dataset_consumes_1', 'dataset_consumes_1_and_2' retrieved from /home/airflow/.local/lib/python3.8/site-packages/airflow/example_dags/example_datasets.py
[2024-03-09T11:19:49.825+0000] {logging_mixin.py:188} INFO - [2024-03-09T11:19:49.825+0000] {dag.py:3047} INFO - Sync 6 DAGs
[2024-03-09T11:19:49.861+0000] {logging_mixin.py:188} INFO - [2024-03-09T11:19:49.861+0000] {dag.py:3834} INFO - Setting next_dagrun for dataset_consumes_1 to None, run_after=None
[2024-03-09T11:19:49.868+0000] {logging_mixin.py:188} INFO - [2024-03-09T11:19:49.867+0000] {dag.py:3834} INFO - Setting next_dagrun for dataset_consumes_1_and_2 to None, run_after=None
[2024-03-09T11:19:49.870+0000] {logging_mixin.py:188} INFO - [2024-03-09T11:19:49.870+0000] {dag.py:3834} INFO - Setting next_dagrun for dataset_consumes_1_never_scheduled to None, run_after=None
[2024-03-09T11:19:49.873+0000] {logging_mixin.py:188} INFO - [2024-03-09T11:19:49.873+0000] {dag.py:3834} INFO - Setting next_dagrun for dataset_consumes_unknown_never_scheduled to None, run_after=None
[2024-03-09T11:19:49.879+0000] {logging_mixin.py:188} INFO - [2024-03-09T11:19:49.878+0000] {dag.py:3834} INFO - Setting next_dagrun for dataset_produces_1 to 2024-03-08 00:00:00+00:00, run_after=2024-03-09 00:00:00+00:00
[2024-03-09T11:19:49.883+0000] {logging_mixin.py:188} INFO - [2024-03-09T11:19:49.882+0000] {dag.py:3834} INFO - Setting next_dagrun for dataset_produces_2 to None, run_after=None
[2024-03-09T11:19:49.937+0000] {processor.py:183} INFO - Processing /home/airflow/.local/lib/python3.8/site-packages/airflow/example_dags/example_datasets.py took 0.195 seconds
[2024-03-09T11:20:20.499+0000] {processor.py:161} INFO - Started process (PID=6430) to work on /home/airflow/.local/lib/python3.8/site-packages/airflow/example_dags/example_datasets.py
[2024-03-09T11:20:20.501+0000] {processor.py:830} INFO - Processing file /home/airflow/.local/lib/python3.8/site-packages/airflow/example_dags/example_datasets.py for tasks to queue
[2024-03-09T11:20:20.503+0000] {logging_mixin.py:188} INFO - [2024-03-09T11:20:20.502+0000] {dagbag.py:540} INFO - Filling up the DagBag from /home/airflow/.local/lib/python3.8/site-packages/airflow/example_dags/example_datasets.py
[2024-03-09T11:20:20.516+0000] {processor.py:840} INFO - DAG(s) 'dataset_produces_2', 'dataset_consumes_1_and_2', 'dataset_consumes_1', 'dataset_produces_1', 'dataset_consumes_unknown_never_scheduled', 'dataset_consumes_1_never_scheduled' retrieved from /home/airflow/.local/lib/python3.8/site-packages/airflow/example_dags/example_datasets.py
[2024-03-09T11:20:20.571+0000] {logging_mixin.py:188} INFO - [2024-03-09T11:20:20.571+0000] {dag.py:3047} INFO - Sync 6 DAGs
[2024-03-09T11:20:20.603+0000] {logging_mixin.py:188} INFO - [2024-03-09T11:20:20.602+0000] {dag.py:3834} INFO - Setting next_dagrun for dataset_consumes_1 to None, run_after=None
[2024-03-09T11:20:20.609+0000] {logging_mixin.py:188} INFO - [2024-03-09T11:20:20.608+0000] {dag.py:3834} INFO - Setting next_dagrun for dataset_consumes_1_and_2 to None, run_after=None
[2024-03-09T11:20:20.612+0000] {logging_mixin.py:188} INFO - [2024-03-09T11:20:20.611+0000] {dag.py:3834} INFO - Setting next_dagrun for dataset_consumes_1_never_scheduled to None, run_after=None
[2024-03-09T11:20:20.614+0000] {logging_mixin.py:188} INFO - [2024-03-09T11:20:20.614+0000] {dag.py:3834} INFO - Setting next_dagrun for dataset_consumes_unknown_never_scheduled to None, run_after=None
[2024-03-09T11:20:20.619+0000] {logging_mixin.py:188} INFO - [2024-03-09T11:20:20.619+0000] {dag.py:3834} INFO - Setting next_dagrun for dataset_produces_1 to 2024-03-08 00:00:00+00:00, run_after=2024-03-09 00:00:00+00:00
[2024-03-09T11:20:20.622+0000] {logging_mixin.py:188} INFO - [2024-03-09T11:20:20.622+0000] {dag.py:3834} INFO - Setting next_dagrun for dataset_produces_2 to None, run_after=None
[2024-03-09T11:20:20.680+0000] {processor.py:183} INFO - Processing /home/airflow/.local/lib/python3.8/site-packages/airflow/example_dags/example_datasets.py took 0.187 seconds
[2024-03-09T11:20:50.911+0000] {processor.py:161} INFO - Started process (PID=6677) to work on /home/airflow/.local/lib/python3.8/site-packages/airflow/example_dags/example_datasets.py
[2024-03-09T11:20:50.913+0000] {processor.py:830} INFO - Processing file /home/airflow/.local/lib/python3.8/site-packages/airflow/example_dags/example_datasets.py for tasks to queue
[2024-03-09T11:20:50.914+0000] {logging_mixin.py:188} INFO - [2024-03-09T11:20:50.914+0000] {dagbag.py:540} INFO - Filling up the DagBag from /home/airflow/.local/lib/python3.8/site-packages/airflow/example_dags/example_datasets.py
[2024-03-09T11:20:50.928+0000] {processor.py:840} INFO - DAG(s) 'dataset_consumes_1_never_scheduled', 'dataset_consumes_unknown_never_scheduled', 'dataset_consumes_1_and_2', 'dataset_produces_1', 'dataset_produces_2', 'dataset_consumes_1' retrieved from /home/airflow/.local/lib/python3.8/site-packages/airflow/example_dags/example_datasets.py
[2024-03-09T11:20:50.986+0000] {logging_mixin.py:188} INFO - [2024-03-09T11:20:50.986+0000] {dag.py:3047} INFO - Sync 6 DAGs
[2024-03-09T11:20:51.025+0000] {logging_mixin.py:188} INFO - [2024-03-09T11:20:51.025+0000] {dag.py:3834} INFO - Setting next_dagrun for dataset_consumes_1 to None, run_after=None
[2024-03-09T11:20:51.031+0000] {logging_mixin.py:188} INFO - [2024-03-09T11:20:51.031+0000] {dag.py:3834} INFO - Setting next_dagrun for dataset_consumes_1_and_2 to None, run_after=None
[2024-03-09T11:20:51.033+0000] {logging_mixin.py:188} INFO - [2024-03-09T11:20:51.033+0000] {dag.py:3834} INFO - Setting next_dagrun for dataset_consumes_1_never_scheduled to None, run_after=None
[2024-03-09T11:20:51.036+0000] {logging_mixin.py:188} INFO - [2024-03-09T11:20:51.036+0000] {dag.py:3834} INFO - Setting next_dagrun for dataset_consumes_unknown_never_scheduled to None, run_after=None
[2024-03-09T11:20:51.040+0000] {logging_mixin.py:188} INFO - [2024-03-09T11:20:51.040+0000] {dag.py:3834} INFO - Setting next_dagrun for dataset_produces_1 to 2024-03-08 00:00:00+00:00, run_after=2024-03-09 00:00:00+00:00
[2024-03-09T11:20:51.043+0000] {logging_mixin.py:188} INFO - [2024-03-09T11:20:51.043+0000] {dag.py:3834} INFO - Setting next_dagrun for dataset_produces_2 to None, run_after=None
[2024-03-09T11:20:51.094+0000] {processor.py:183} INFO - Processing /home/airflow/.local/lib/python3.8/site-packages/airflow/example_dags/example_datasets.py took 0.188 seconds
[2024-03-09T11:21:21.473+0000] {processor.py:161} INFO - Started process (PID=6924) to work on /home/airflow/.local/lib/python3.8/site-packages/airflow/example_dags/example_datasets.py
[2024-03-09T11:21:21.477+0000] {processor.py:830} INFO - Processing file /home/airflow/.local/lib/python3.8/site-packages/airflow/example_dags/example_datasets.py for tasks to queue
[2024-03-09T11:21:21.479+0000] {logging_mixin.py:188} INFO - [2024-03-09T11:21:21.479+0000] {dagbag.py:540} INFO - Filling up the DagBag from /home/airflow/.local/lib/python3.8/site-packages/airflow/example_dags/example_datasets.py
[2024-03-09T11:21:21.520+0000] {processor.py:840} INFO - DAG(s) 'dataset_consumes_unknown_never_scheduled', 'dataset_consumes_1_never_scheduled', 'dataset_consumes_1', 'dataset_consumes_1_and_2', 'dataset_produces_1', 'dataset_produces_2' retrieved from /home/airflow/.local/lib/python3.8/site-packages/airflow/example_dags/example_datasets.py
[2024-03-09T11:21:21.632+0000] {logging_mixin.py:188} INFO - [2024-03-09T11:21:21.631+0000] {dag.py:3047} INFO - Sync 6 DAGs
[2024-03-09T11:21:21.705+0000] {logging_mixin.py:188} INFO - [2024-03-09T11:21:21.702+0000] {dag.py:3834} INFO - Setting next_dagrun for dataset_consumes_1 to None, run_after=None
[2024-03-09T11:21:21.714+0000] {logging_mixin.py:188} INFO - [2024-03-09T11:21:21.713+0000] {dag.py:3834} INFO - Setting next_dagrun for dataset_consumes_1_and_2 to None, run_after=None
[2024-03-09T11:21:21.718+0000] {logging_mixin.py:188} INFO - [2024-03-09T11:21:21.717+0000] {dag.py:3834} INFO - Setting next_dagrun for dataset_consumes_1_never_scheduled to None, run_after=None
[2024-03-09T11:21:21.726+0000] {logging_mixin.py:188} INFO - [2024-03-09T11:21:21.725+0000] {dag.py:3834} INFO - Setting next_dagrun for dataset_consumes_unknown_never_scheduled to None, run_after=None
[2024-03-09T11:21:21.732+0000] {logging_mixin.py:188} INFO - [2024-03-09T11:21:21.732+0000] {dag.py:3834} INFO - Setting next_dagrun for dataset_produces_1 to 2024-03-08 00:00:00+00:00, run_after=2024-03-09 00:00:00+00:00
[2024-03-09T11:21:21.741+0000] {logging_mixin.py:188} INFO - [2024-03-09T11:21:21.737+0000] {dag.py:3834} INFO - Setting next_dagrun for dataset_produces_2 to None, run_after=None
[2024-03-09T11:21:22.039+0000] {processor.py:183} INFO - Processing /home/airflow/.local/lib/python3.8/site-packages/airflow/example_dags/example_datasets.py took 0.574 seconds
[2024-03-09T13:38:16.673+0000] {processor.py:161} INFO - Started process (PID=7164) to work on /home/airflow/.local/lib/python3.8/site-packages/airflow/example_dags/example_datasets.py
[2024-03-09T13:38:16.675+0000] {processor.py:830} INFO - Processing file /home/airflow/.local/lib/python3.8/site-packages/airflow/example_dags/example_datasets.py for tasks to queue
[2024-03-09T13:38:16.677+0000] {logging_mixin.py:188} INFO - [2024-03-09T13:38:16.676+0000] {dagbag.py:540} INFO - Filling up the DagBag from /home/airflow/.local/lib/python3.8/site-packages/airflow/example_dags/example_datasets.py
[2024-03-09T13:38:16.698+0000] {processor.py:840} INFO - DAG(s) 'dataset_consumes_1_never_scheduled', 'dataset_consumes_1_and_2', 'dataset_produces_1', 'dataset_consumes_unknown_never_scheduled', 'dataset_consumes_1', 'dataset_produces_2' retrieved from /home/airflow/.local/lib/python3.8/site-packages/airflow/example_dags/example_datasets.py
[2024-03-09T13:38:16.814+0000] {logging_mixin.py:188} INFO - [2024-03-09T13:38:16.814+0000] {dag.py:3047} INFO - Sync 6 DAGs
[2024-03-09T13:38:16.863+0000] {logging_mixin.py:188} INFO - [2024-03-09T13:38:16.863+0000] {dag.py:3834} INFO - Setting next_dagrun for dataset_consumes_1 to None, run_after=None
[2024-03-09T13:38:16.869+0000] {logging_mixin.py:188} INFO - [2024-03-09T13:38:16.869+0000] {dag.py:3834} INFO - Setting next_dagrun for dataset_consumes_1_and_2 to None, run_after=None
[2024-03-09T13:38:16.872+0000] {logging_mixin.py:188} INFO - [2024-03-09T13:38:16.871+0000] {dag.py:3834} INFO - Setting next_dagrun for dataset_consumes_1_never_scheduled to None, run_after=None
[2024-03-09T13:38:16.874+0000] {logging_mixin.py:188} INFO - [2024-03-09T13:38:16.874+0000] {dag.py:3834} INFO - Setting next_dagrun for dataset_consumes_unknown_never_scheduled to None, run_after=None
[2024-03-09T13:38:16.880+0000] {logging_mixin.py:188} INFO - [2024-03-09T13:38:16.880+0000] {dag.py:3834} INFO - Setting next_dagrun for dataset_produces_1 to 2024-03-08 00:00:00+00:00, run_after=2024-03-09 00:00:00+00:00
[2024-03-09T13:38:16.883+0000] {logging_mixin.py:188} INFO - [2024-03-09T13:38:16.883+0000] {dag.py:3834} INFO - Setting next_dagrun for dataset_produces_2 to None, run_after=None
[2024-03-09T13:38:16.941+0000] {processor.py:183} INFO - Processing /home/airflow/.local/lib/python3.8/site-packages/airflow/example_dags/example_datasets.py took 0.275 seconds
[2024-03-09T13:38:47.668+0000] {processor.py:161} INFO - Started process (PID=7411) to work on /home/airflow/.local/lib/python3.8/site-packages/airflow/example_dags/example_datasets.py
[2024-03-09T13:38:47.671+0000] {processor.py:830} INFO - Processing file /home/airflow/.local/lib/python3.8/site-packages/airflow/example_dags/example_datasets.py for tasks to queue
[2024-03-09T13:38:47.673+0000] {logging_mixin.py:188} INFO - [2024-03-09T13:38:47.672+0000] {dagbag.py:540} INFO - Filling up the DagBag from /home/airflow/.local/lib/python3.8/site-packages/airflow/example_dags/example_datasets.py
[2024-03-09T13:38:47.701+0000] {processor.py:840} INFO - DAG(s) 'dataset_consumes_1', 'dataset_consumes_1_and_2', 'dataset_produces_1', 'dataset_consumes_1_never_scheduled', 'dataset_produces_2', 'dataset_consumes_unknown_never_scheduled' retrieved from /home/airflow/.local/lib/python3.8/site-packages/airflow/example_dags/example_datasets.py
[2024-03-09T13:38:47.880+0000] {logging_mixin.py:188} INFO - [2024-03-09T13:38:47.879+0000] {dag.py:3047} INFO - Sync 6 DAGs
[2024-03-09T13:38:47.920+0000] {logging_mixin.py:188} INFO - [2024-03-09T13:38:47.920+0000] {dag.py:3834} INFO - Setting next_dagrun for dataset_consumes_1 to None, run_after=None
[2024-03-09T13:38:47.926+0000] {logging_mixin.py:188} INFO - [2024-03-09T13:38:47.926+0000] {dag.py:3834} INFO - Setting next_dagrun for dataset_consumes_1_and_2 to None, run_after=None
[2024-03-09T13:38:47.929+0000] {logging_mixin.py:188} INFO - [2024-03-09T13:38:47.929+0000] {dag.py:3834} INFO - Setting next_dagrun for dataset_consumes_1_never_scheduled to None, run_after=None
[2024-03-09T13:38:47.931+0000] {logging_mixin.py:188} INFO - [2024-03-09T13:38:47.931+0000] {dag.py:3834} INFO - Setting next_dagrun for dataset_consumes_unknown_never_scheduled to None, run_after=None
[2024-03-09T13:38:47.937+0000] {logging_mixin.py:188} INFO - [2024-03-09T13:38:47.937+0000] {dag.py:3834} INFO - Setting next_dagrun for dataset_produces_1 to 2024-03-08 00:00:00+00:00, run_after=2024-03-09 00:00:00+00:00
[2024-03-09T13:38:47.941+0000] {logging_mixin.py:188} INFO - [2024-03-09T13:38:47.940+0000] {dag.py:3834} INFO - Setting next_dagrun for dataset_produces_2 to None, run_after=None
[2024-03-09T13:38:47.994+0000] {processor.py:183} INFO - Processing /home/airflow/.local/lib/python3.8/site-packages/airflow/example_dags/example_datasets.py took 0.332 seconds
[2024-03-09T13:39:18.912+0000] {processor.py:161} INFO - Started process (PID=7656) to work on /home/airflow/.local/lib/python3.8/site-packages/airflow/example_dags/example_datasets.py
[2024-03-09T13:39:18.915+0000] {processor.py:830} INFO - Processing file /home/airflow/.local/lib/python3.8/site-packages/airflow/example_dags/example_datasets.py for tasks to queue
[2024-03-09T13:39:18.917+0000] {logging_mixin.py:188} INFO - [2024-03-09T13:39:18.916+0000] {dagbag.py:540} INFO - Filling up the DagBag from /home/airflow/.local/lib/python3.8/site-packages/airflow/example_dags/example_datasets.py
[2024-03-09T13:39:18.940+0000] {processor.py:840} INFO - DAG(s) 'dataset_consumes_unknown_never_scheduled', 'dataset_consumes_1', 'dataset_consumes_1_never_scheduled', 'dataset_produces_2', 'dataset_produces_1', 'dataset_consumes_1_and_2' retrieved from /home/airflow/.local/lib/python3.8/site-packages/airflow/example_dags/example_datasets.py
[2024-03-09T13:39:19.086+0000] {logging_mixin.py:188} INFO - [2024-03-09T13:39:19.085+0000] {dag.py:3047} INFO - Sync 6 DAGs
[2024-03-09T13:39:19.174+0000] {logging_mixin.py:188} INFO - [2024-03-09T13:39:19.173+0000] {dag.py:3834} INFO - Setting next_dagrun for dataset_consumes_1 to None, run_after=None
[2024-03-09T13:39:19.186+0000] {logging_mixin.py:188} INFO - [2024-03-09T13:39:19.184+0000] {dag.py:3834} INFO - Setting next_dagrun for dataset_consumes_1_and_2 to None, run_after=None
[2024-03-09T13:39:19.190+0000] {logging_mixin.py:188} INFO - [2024-03-09T13:39:19.190+0000] {dag.py:3834} INFO - Setting next_dagrun for dataset_consumes_1_never_scheduled to None, run_after=None
[2024-03-09T13:39:19.193+0000] {logging_mixin.py:188} INFO - [2024-03-09T13:39:19.193+0000] {dag.py:3834} INFO - Setting next_dagrun for dataset_consumes_unknown_never_scheduled to None, run_after=None
[2024-03-09T13:39:19.202+0000] {logging_mixin.py:188} INFO - [2024-03-09T13:39:19.202+0000] {dag.py:3834} INFO - Setting next_dagrun for dataset_produces_1 to 2024-03-08 00:00:00+00:00, run_after=2024-03-09 00:00:00+00:00
[2024-03-09T13:39:19.206+0000] {logging_mixin.py:188} INFO - [2024-03-09T13:39:19.206+0000] {dag.py:3834} INFO - Setting next_dagrun for dataset_produces_2 to None, run_after=None
[2024-03-09T13:39:19.284+0000] {processor.py:183} INFO - Processing /home/airflow/.local/lib/python3.8/site-packages/airflow/example_dags/example_datasets.py took 0.379 seconds
[2024-03-09T13:39:49.362+0000] {processor.py:161} INFO - Started process (PID=7902) to work on /home/airflow/.local/lib/python3.8/site-packages/airflow/example_dags/example_datasets.py
[2024-03-09T13:39:49.364+0000] {processor.py:830} INFO - Processing file /home/airflow/.local/lib/python3.8/site-packages/airflow/example_dags/example_datasets.py for tasks to queue
[2024-03-09T13:39:49.366+0000] {logging_mixin.py:188} INFO - [2024-03-09T13:39:49.365+0000] {dagbag.py:540} INFO - Filling up the DagBag from /home/airflow/.local/lib/python3.8/site-packages/airflow/example_dags/example_datasets.py
[2024-03-09T13:39:49.380+0000] {processor.py:840} INFO - DAG(s) 'dataset_consumes_1', 'dataset_consumes_1_and_2', 'dataset_produces_2', 'dataset_consumes_1_never_scheduled', 'dataset_consumes_unknown_never_scheduled', 'dataset_produces_1' retrieved from /home/airflow/.local/lib/python3.8/site-packages/airflow/example_dags/example_datasets.py
[2024-03-09T13:39:49.444+0000] {logging_mixin.py:188} INFO - [2024-03-09T13:39:49.444+0000] {dag.py:3047} INFO - Sync 6 DAGs
[2024-03-09T13:39:49.482+0000] {logging_mixin.py:188} INFO - [2024-03-09T13:39:49.482+0000] {dag.py:3834} INFO - Setting next_dagrun for dataset_consumes_1 to None, run_after=None
[2024-03-09T13:39:49.490+0000] {logging_mixin.py:188} INFO - [2024-03-09T13:39:49.490+0000] {dag.py:3834} INFO - Setting next_dagrun for dataset_consumes_1_and_2 to None, run_after=None
[2024-03-09T13:39:49.493+0000] {logging_mixin.py:188} INFO - [2024-03-09T13:39:49.492+0000] {dag.py:3834} INFO - Setting next_dagrun for dataset_consumes_1_never_scheduled to None, run_after=None
[2024-03-09T13:39:49.496+0000] {logging_mixin.py:188} INFO - [2024-03-09T13:39:49.495+0000] {dag.py:3834} INFO - Setting next_dagrun for dataset_consumes_unknown_never_scheduled to None, run_after=None
[2024-03-09T13:39:49.501+0000] {logging_mixin.py:188} INFO - [2024-03-09T13:39:49.501+0000] {dag.py:3834} INFO - Setting next_dagrun for dataset_produces_1 to 2024-03-08 00:00:00+00:00, run_after=2024-03-09 00:00:00+00:00
[2024-03-09T13:39:49.504+0000] {logging_mixin.py:188} INFO - [2024-03-09T13:39:49.504+0000] {dag.py:3834} INFO - Setting next_dagrun for dataset_produces_2 to None, run_after=None
[2024-03-09T13:39:49.561+0000] {processor.py:183} INFO - Processing /home/airflow/.local/lib/python3.8/site-packages/airflow/example_dags/example_datasets.py took 0.203 seconds
[2024-03-09T13:40:19.676+0000] {processor.py:161} INFO - Started process (PID=8149) to work on /home/airflow/.local/lib/python3.8/site-packages/airflow/example_dags/example_datasets.py
[2024-03-09T13:40:19.680+0000] {processor.py:830} INFO - Processing file /home/airflow/.local/lib/python3.8/site-packages/airflow/example_dags/example_datasets.py for tasks to queue
[2024-03-09T13:40:19.682+0000] {logging_mixin.py:188} INFO - [2024-03-09T13:40:19.682+0000] {dagbag.py:540} INFO - Filling up the DagBag from /home/airflow/.local/lib/python3.8/site-packages/airflow/example_dags/example_datasets.py
[2024-03-09T13:40:19.702+0000] {processor.py:840} INFO - DAG(s) 'dataset_consumes_1_never_scheduled', 'dataset_consumes_unknown_never_scheduled', 'dataset_produces_1', 'dataset_consumes_1', 'dataset_produces_2', 'dataset_consumes_1_and_2' retrieved from /home/airflow/.local/lib/python3.8/site-packages/airflow/example_dags/example_datasets.py
[2024-03-09T13:40:19.767+0000] {logging_mixin.py:188} INFO - [2024-03-09T13:40:19.767+0000] {dag.py:3047} INFO - Sync 6 DAGs
[2024-03-09T13:40:19.804+0000] {logging_mixin.py:188} INFO - [2024-03-09T13:40:19.804+0000] {dag.py:3834} INFO - Setting next_dagrun for dataset_consumes_1 to None, run_after=None
[2024-03-09T13:40:19.810+0000] {logging_mixin.py:188} INFO - [2024-03-09T13:40:19.810+0000] {dag.py:3834} INFO - Setting next_dagrun for dataset_consumes_1_and_2 to None, run_after=None
[2024-03-09T13:40:19.814+0000] {logging_mixin.py:188} INFO - [2024-03-09T13:40:19.814+0000] {dag.py:3834} INFO - Setting next_dagrun for dataset_consumes_1_never_scheduled to None, run_after=None
[2024-03-09T13:40:19.817+0000] {logging_mixin.py:188} INFO - [2024-03-09T13:40:19.817+0000] {dag.py:3834} INFO - Setting next_dagrun for dataset_consumes_unknown_never_scheduled to None, run_after=None
[2024-03-09T13:40:19.822+0000] {logging_mixin.py:188} INFO - [2024-03-09T13:40:19.821+0000] {dag.py:3834} INFO - Setting next_dagrun for dataset_produces_1 to 2024-03-08 00:00:00+00:00, run_after=2024-03-09 00:00:00+00:00
[2024-03-09T13:40:19.824+0000] {logging_mixin.py:188} INFO - [2024-03-09T13:40:19.824+0000] {dag.py:3834} INFO - Setting next_dagrun for dataset_produces_2 to None, run_after=None
[2024-03-09T13:40:19.879+0000] {processor.py:183} INFO - Processing /home/airflow/.local/lib/python3.8/site-packages/airflow/example_dags/example_datasets.py took 0.208 seconds
[2024-03-09T13:40:49.987+0000] {processor.py:161} INFO - Started process (PID=8396) to work on /home/airflow/.local/lib/python3.8/site-packages/airflow/example_dags/example_datasets.py
[2024-03-09T13:40:49.989+0000] {processor.py:830} INFO - Processing file /home/airflow/.local/lib/python3.8/site-packages/airflow/example_dags/example_datasets.py for tasks to queue
[2024-03-09T13:40:49.991+0000] {logging_mixin.py:188} INFO - [2024-03-09T13:40:49.991+0000] {dagbag.py:540} INFO - Filling up the DagBag from /home/airflow/.local/lib/python3.8/site-packages/airflow/example_dags/example_datasets.py
[2024-03-09T13:40:50.012+0000] {processor.py:840} INFO - DAG(s) 'dataset_consumes_1_never_scheduled', 'dataset_consumes_1', 'dataset_consumes_1_and_2', 'dataset_consumes_unknown_never_scheduled', 'dataset_produces_1', 'dataset_produces_2' retrieved from /home/airflow/.local/lib/python3.8/site-packages/airflow/example_dags/example_datasets.py
[2024-03-09T13:40:50.087+0000] {logging_mixin.py:188} INFO - [2024-03-09T13:40:50.087+0000] {dag.py:3047} INFO - Sync 6 DAGs
[2024-03-09T13:40:50.123+0000] {logging_mixin.py:188} INFO - [2024-03-09T13:40:50.122+0000] {dag.py:3834} INFO - Setting next_dagrun for dataset_consumes_1 to None, run_after=None
[2024-03-09T13:40:50.129+0000] {logging_mixin.py:188} INFO - [2024-03-09T13:40:50.129+0000] {dag.py:3834} INFO - Setting next_dagrun for dataset_consumes_1_and_2 to None, run_after=None
[2024-03-09T13:40:50.132+0000] {logging_mixin.py:188} INFO - [2024-03-09T13:40:50.132+0000] {dag.py:3834} INFO - Setting next_dagrun for dataset_consumes_1_never_scheduled to None, run_after=None
[2024-03-09T13:40:50.135+0000] {logging_mixin.py:188} INFO - [2024-03-09T13:40:50.135+0000] {dag.py:3834} INFO - Setting next_dagrun for dataset_consumes_unknown_never_scheduled to None, run_after=None
[2024-03-09T13:40:50.139+0000] {logging_mixin.py:188} INFO - [2024-03-09T13:40:50.139+0000] {dag.py:3834} INFO - Setting next_dagrun for dataset_produces_1 to 2024-03-08 00:00:00+00:00, run_after=2024-03-09 00:00:00+00:00
[2024-03-09T13:40:50.142+0000] {logging_mixin.py:188} INFO - [2024-03-09T13:40:50.142+0000] {dag.py:3834} INFO - Setting next_dagrun for dataset_produces_2 to None, run_after=None
[2024-03-09T13:40:50.194+0000] {processor.py:183} INFO - Processing /home/airflow/.local/lib/python3.8/site-packages/airflow/example_dags/example_datasets.py took 0.214 seconds
[2024-03-09T13:41:20.264+0000] {processor.py:161} INFO - Started process (PID=8643) to work on /home/airflow/.local/lib/python3.8/site-packages/airflow/example_dags/example_datasets.py
[2024-03-09T13:41:20.266+0000] {processor.py:830} INFO - Processing file /home/airflow/.local/lib/python3.8/site-packages/airflow/example_dags/example_datasets.py for tasks to queue
[2024-03-09T13:41:20.268+0000] {logging_mixin.py:188} INFO - [2024-03-09T13:41:20.268+0000] {dagbag.py:540} INFO - Filling up the DagBag from /home/airflow/.local/lib/python3.8/site-packages/airflow/example_dags/example_datasets.py
[2024-03-09T13:41:20.284+0000] {processor.py:840} INFO - DAG(s) 'dataset_produces_2', 'dataset_consumes_1_and_2', 'dataset_consumes_unknown_never_scheduled', 'dataset_consumes_1', 'dataset_consumes_1_never_scheduled', 'dataset_produces_1' retrieved from /home/airflow/.local/lib/python3.8/site-packages/airflow/example_dags/example_datasets.py
[2024-03-09T13:41:20.351+0000] {logging_mixin.py:188} INFO - [2024-03-09T13:41:20.350+0000] {dag.py:3047} INFO - Sync 6 DAGs
[2024-03-09T13:41:20.389+0000] {logging_mixin.py:188} INFO - [2024-03-09T13:41:20.389+0000] {dag.py:3834} INFO - Setting next_dagrun for dataset_consumes_1 to None, run_after=None
[2024-03-09T13:41:20.396+0000] {logging_mixin.py:188} INFO - [2024-03-09T13:41:20.396+0000] {dag.py:3834} INFO - Setting next_dagrun for dataset_consumes_1_and_2 to None, run_after=None
[2024-03-09T13:41:20.399+0000] {logging_mixin.py:188} INFO - [2024-03-09T13:41:20.399+0000] {dag.py:3834} INFO - Setting next_dagrun for dataset_consumes_1_never_scheduled to None, run_after=None
[2024-03-09T13:41:20.401+0000] {logging_mixin.py:188} INFO - [2024-03-09T13:41:20.401+0000] {dag.py:3834} INFO - Setting next_dagrun for dataset_consumes_unknown_never_scheduled to None, run_after=None
[2024-03-09T13:41:20.406+0000] {logging_mixin.py:188} INFO - [2024-03-09T13:41:20.406+0000] {dag.py:3834} INFO - Setting next_dagrun for dataset_produces_1 to 2024-03-08 00:00:00+00:00, run_after=2024-03-09 00:00:00+00:00
[2024-03-09T13:41:20.409+0000] {logging_mixin.py:188} INFO - [2024-03-09T13:41:20.409+0000] {dag.py:3834} INFO - Setting next_dagrun for dataset_produces_2 to None, run_after=None
[2024-03-09T13:41:20.471+0000] {processor.py:183} INFO - Processing /home/airflow/.local/lib/python3.8/site-packages/airflow/example_dags/example_datasets.py took 0.212 seconds
[2024-03-09T13:41:51.432+0000] {processor.py:161} INFO - Started process (PID=8890) to work on /home/airflow/.local/lib/python3.8/site-packages/airflow/example_dags/example_datasets.py
[2024-03-09T13:41:51.434+0000] {processor.py:830} INFO - Processing file /home/airflow/.local/lib/python3.8/site-packages/airflow/example_dags/example_datasets.py for tasks to queue
[2024-03-09T13:41:51.436+0000] {logging_mixin.py:188} INFO - [2024-03-09T13:41:51.435+0000] {dagbag.py:540} INFO - Filling up the DagBag from /home/airflow/.local/lib/python3.8/site-packages/airflow/example_dags/example_datasets.py
[2024-03-09T13:41:51.458+0000] {processor.py:840} INFO - DAG(s) 'dataset_produces_2', 'dataset_consumes_unknown_never_scheduled', 'dataset_consumes_1_and_2', 'dataset_produces_1', 'dataset_consumes_1', 'dataset_consumes_1_never_scheduled' retrieved from /home/airflow/.local/lib/python3.8/site-packages/airflow/example_dags/example_datasets.py
[2024-03-09T13:41:51.531+0000] {logging_mixin.py:188} INFO - [2024-03-09T13:41:51.531+0000] {dag.py:3047} INFO - Sync 6 DAGs
[2024-03-09T13:41:51.569+0000] {logging_mixin.py:188} INFO - [2024-03-09T13:41:51.569+0000] {dag.py:3834} INFO - Setting next_dagrun for dataset_consumes_1 to None, run_after=None
[2024-03-09T13:41:51.577+0000] {logging_mixin.py:188} INFO - [2024-03-09T13:41:51.576+0000] {dag.py:3834} INFO - Setting next_dagrun for dataset_consumes_1_and_2 to None, run_after=None
[2024-03-09T13:41:51.579+0000] {logging_mixin.py:188} INFO - [2024-03-09T13:41:51.579+0000] {dag.py:3834} INFO - Setting next_dagrun for dataset_consumes_1_never_scheduled to None, run_after=None
[2024-03-09T13:41:51.582+0000] {logging_mixin.py:188} INFO - [2024-03-09T13:41:51.581+0000] {dag.py:3834} INFO - Setting next_dagrun for dataset_consumes_unknown_never_scheduled to None, run_after=None
[2024-03-09T13:41:51.587+0000] {logging_mixin.py:188} INFO - [2024-03-09T13:41:51.587+0000] {dag.py:3834} INFO - Setting next_dagrun for dataset_produces_1 to 2024-03-08 00:00:00+00:00, run_after=2024-03-09 00:00:00+00:00
[2024-03-09T13:41:51.593+0000] {logging_mixin.py:188} INFO - [2024-03-09T13:41:51.592+0000] {dag.py:3834} INFO - Setting next_dagrun for dataset_produces_2 to None, run_after=None
[2024-03-09T13:41:51.652+0000] {processor.py:183} INFO - Processing /home/airflow/.local/lib/python3.8/site-packages/airflow/example_dags/example_datasets.py took 0.225 seconds
[2024-03-09T13:42:21.884+0000] {processor.py:161} INFO - Started process (PID=9137) to work on /home/airflow/.local/lib/python3.8/site-packages/airflow/example_dags/example_datasets.py
[2024-03-09T13:42:21.886+0000] {processor.py:830} INFO - Processing file /home/airflow/.local/lib/python3.8/site-packages/airflow/example_dags/example_datasets.py for tasks to queue
[2024-03-09T13:42:21.887+0000] {logging_mixin.py:188} INFO - [2024-03-09T13:42:21.887+0000] {dagbag.py:540} INFO - Filling up the DagBag from /home/airflow/.local/lib/python3.8/site-packages/airflow/example_dags/example_datasets.py
[2024-03-09T13:42:21.901+0000] {processor.py:840} INFO - DAG(s) 'dataset_consumes_1_and_2', 'dataset_consumes_1_never_scheduled', 'dataset_consumes_unknown_never_scheduled', 'dataset_produces_2', 'dataset_consumes_1', 'dataset_produces_1' retrieved from /home/airflow/.local/lib/python3.8/site-packages/airflow/example_dags/example_datasets.py
[2024-03-09T13:42:21.965+0000] {logging_mixin.py:188} INFO - [2024-03-09T13:42:21.964+0000] {dag.py:3047} INFO - Sync 6 DAGs
[2024-03-09T13:42:22.008+0000] {logging_mixin.py:188} INFO - [2024-03-09T13:42:22.008+0000] {dag.py:3834} INFO - Setting next_dagrun for dataset_consumes_1 to None, run_after=None
[2024-03-09T13:42:22.014+0000] {logging_mixin.py:188} INFO - [2024-03-09T13:42:22.014+0000] {dag.py:3834} INFO - Setting next_dagrun for dataset_consumes_1_and_2 to None, run_after=None
[2024-03-09T13:42:22.016+0000] {logging_mixin.py:188} INFO - [2024-03-09T13:42:22.016+0000] {dag.py:3834} INFO - Setting next_dagrun for dataset_consumes_1_never_scheduled to None, run_after=None
[2024-03-09T13:42:22.018+0000] {logging_mixin.py:188} INFO - [2024-03-09T13:42:22.018+0000] {dag.py:3834} INFO - Setting next_dagrun for dataset_consumes_unknown_never_scheduled to None, run_after=None
[2024-03-09T13:42:22.026+0000] {logging_mixin.py:188} INFO - [2024-03-09T13:42:22.026+0000] {dag.py:3834} INFO - Setting next_dagrun for dataset_produces_1 to 2024-03-08 00:00:00+00:00, run_after=2024-03-09 00:00:00+00:00
[2024-03-09T13:42:22.029+0000] {logging_mixin.py:188} INFO - [2024-03-09T13:42:22.029+0000] {dag.py:3834} INFO - Setting next_dagrun for dataset_produces_2 to None, run_after=None
[2024-03-09T13:42:22.087+0000] {processor.py:183} INFO - Processing /home/airflow/.local/lib/python3.8/site-packages/airflow/example_dags/example_datasets.py took 0.208 seconds
[2024-03-09T13:42:52.181+0000] {processor.py:161} INFO - Started process (PID=9387) to work on /home/airflow/.local/lib/python3.8/site-packages/airflow/example_dags/example_datasets.py
[2024-03-09T13:42:52.183+0000] {processor.py:830} INFO - Processing file /home/airflow/.local/lib/python3.8/site-packages/airflow/example_dags/example_datasets.py for tasks to queue
[2024-03-09T13:42:52.184+0000] {logging_mixin.py:188} INFO - [2024-03-09T13:42:52.184+0000] {dagbag.py:540} INFO - Filling up the DagBag from /home/airflow/.local/lib/python3.8/site-packages/airflow/example_dags/example_datasets.py
[2024-03-09T13:42:52.200+0000] {processor.py:840} INFO - DAG(s) 'dataset_consumes_unknown_never_scheduled', 'dataset_consumes_1_never_scheduled', 'dataset_produces_2', 'dataset_consumes_1_and_2', 'dataset_produces_1', 'dataset_consumes_1' retrieved from /home/airflow/.local/lib/python3.8/site-packages/airflow/example_dags/example_datasets.py
[2024-03-09T13:42:52.261+0000] {logging_mixin.py:188} INFO - [2024-03-09T13:42:52.261+0000] {dag.py:3047} INFO - Sync 6 DAGs
[2024-03-09T13:42:52.298+0000] {logging_mixin.py:188} INFO - [2024-03-09T13:42:52.298+0000] {dag.py:3834} INFO - Setting next_dagrun for dataset_consumes_1 to None, run_after=None
[2024-03-09T13:42:52.304+0000] {logging_mixin.py:188} INFO - [2024-03-09T13:42:52.304+0000] {dag.py:3834} INFO - Setting next_dagrun for dataset_consumes_1_and_2 to None, run_after=None
[2024-03-09T13:42:52.308+0000] {logging_mixin.py:188} INFO - [2024-03-09T13:42:52.307+0000] {dag.py:3834} INFO - Setting next_dagrun for dataset_consumes_1_never_scheduled to None, run_after=None
[2024-03-09T13:42:52.311+0000] {logging_mixin.py:188} INFO - [2024-03-09T13:42:52.310+0000] {dag.py:3834} INFO - Setting next_dagrun for dataset_consumes_unknown_never_scheduled to None, run_after=None
[2024-03-09T13:42:52.315+0000] {logging_mixin.py:188} INFO - [2024-03-09T13:42:52.315+0000] {dag.py:3834} INFO - Setting next_dagrun for dataset_produces_1 to 2024-03-08 00:00:00+00:00, run_after=2024-03-09 00:00:00+00:00
[2024-03-09T13:42:52.319+0000] {logging_mixin.py:188} INFO - [2024-03-09T13:42:52.319+0000] {dag.py:3834} INFO - Setting next_dagrun for dataset_produces_2 to None, run_after=None
[2024-03-09T13:42:52.372+0000] {processor.py:183} INFO - Processing /home/airflow/.local/lib/python3.8/site-packages/airflow/example_dags/example_datasets.py took 0.196 seconds
[2024-03-09T13:43:22.431+0000] {processor.py:161} INFO - Started process (PID=9634) to work on /home/airflow/.local/lib/python3.8/site-packages/airflow/example_dags/example_datasets.py
[2024-03-09T13:43:22.433+0000] {processor.py:830} INFO - Processing file /home/airflow/.local/lib/python3.8/site-packages/airflow/example_dags/example_datasets.py for tasks to queue
[2024-03-09T13:43:22.435+0000] {logging_mixin.py:188} INFO - [2024-03-09T13:43:22.435+0000] {dagbag.py:540} INFO - Filling up the DagBag from /home/airflow/.local/lib/python3.8/site-packages/airflow/example_dags/example_datasets.py
[2024-03-09T13:43:22.453+0000] {processor.py:840} INFO - DAG(s) 'dataset_produces_1', 'dataset_produces_2', 'dataset_consumes_1_and_2', 'dataset_consumes_1_never_scheduled', 'dataset_consumes_unknown_never_scheduled', 'dataset_consumes_1' retrieved from /home/airflow/.local/lib/python3.8/site-packages/airflow/example_dags/example_datasets.py
[2024-03-09T13:43:22.514+0000] {logging_mixin.py:188} INFO - [2024-03-09T13:43:22.513+0000] {dag.py:3047} INFO - Sync 6 DAGs
[2024-03-09T13:43:22.550+0000] {logging_mixin.py:188} INFO - [2024-03-09T13:43:22.550+0000] {dag.py:3834} INFO - Setting next_dagrun for dataset_consumes_1 to None, run_after=None
[2024-03-09T13:43:22.557+0000] {logging_mixin.py:188} INFO - [2024-03-09T13:43:22.557+0000] {dag.py:3834} INFO - Setting next_dagrun for dataset_consumes_1_and_2 to None, run_after=None
[2024-03-09T13:43:22.560+0000] {logging_mixin.py:188} INFO - [2024-03-09T13:43:22.560+0000] {dag.py:3834} INFO - Setting next_dagrun for dataset_consumes_1_never_scheduled to None, run_after=None
[2024-03-09T13:43:22.564+0000] {logging_mixin.py:188} INFO - [2024-03-09T13:43:22.563+0000] {dag.py:3834} INFO - Setting next_dagrun for dataset_consumes_unknown_never_scheduled to None, run_after=None
[2024-03-09T13:43:22.570+0000] {logging_mixin.py:188} INFO - [2024-03-09T13:43:22.570+0000] {dag.py:3834} INFO - Setting next_dagrun for dataset_produces_1 to 2024-03-08 00:00:00+00:00, run_after=2024-03-09 00:00:00+00:00
[2024-03-09T13:43:22.573+0000] {logging_mixin.py:188} INFO - [2024-03-09T13:43:22.573+0000] {dag.py:3834} INFO - Setting next_dagrun for dataset_produces_2 to None, run_after=None
[2024-03-09T13:43:22.623+0000] {processor.py:183} INFO - Processing /home/airflow/.local/lib/python3.8/site-packages/airflow/example_dags/example_datasets.py took 0.198 seconds
[2024-03-09T13:43:53.346+0000] {processor.py:161} INFO - Started process (PID=9878) to work on /home/airflow/.local/lib/python3.8/site-packages/airflow/example_dags/example_datasets.py
[2024-03-09T13:43:53.348+0000] {processor.py:830} INFO - Processing file /home/airflow/.local/lib/python3.8/site-packages/airflow/example_dags/example_datasets.py for tasks to queue
[2024-03-09T13:43:53.350+0000] {logging_mixin.py:188} INFO - [2024-03-09T13:43:53.349+0000] {dagbag.py:540} INFO - Filling up the DagBag from /home/airflow/.local/lib/python3.8/site-packages/airflow/example_dags/example_datasets.py
[2024-03-09T13:43:53.364+0000] {processor.py:840} INFO - DAG(s) 'dataset_consumes_1', 'dataset_consumes_1_and_2', 'dataset_consumes_unknown_never_scheduled', 'dataset_produces_2', 'dataset_consumes_1_never_scheduled', 'dataset_produces_1' retrieved from /home/airflow/.local/lib/python3.8/site-packages/airflow/example_dags/example_datasets.py
[2024-03-09T13:43:53.422+0000] {logging_mixin.py:188} INFO - [2024-03-09T13:43:53.422+0000] {dag.py:3047} INFO - Sync 6 DAGs
[2024-03-09T13:43:53.457+0000] {logging_mixin.py:188} INFO - [2024-03-09T13:43:53.456+0000] {dag.py:3834} INFO - Setting next_dagrun for dataset_consumes_1 to None, run_after=None
[2024-03-09T13:43:53.463+0000] {logging_mixin.py:188} INFO - [2024-03-09T13:43:53.463+0000] {dag.py:3834} INFO - Setting next_dagrun for dataset_consumes_1_and_2 to None, run_after=None
[2024-03-09T13:43:53.465+0000] {logging_mixin.py:188} INFO - [2024-03-09T13:43:53.465+0000] {dag.py:3834} INFO - Setting next_dagrun for dataset_consumes_1_never_scheduled to None, run_after=None
[2024-03-09T13:43:53.468+0000] {logging_mixin.py:188} INFO - [2024-03-09T13:43:53.468+0000] {dag.py:3834} INFO - Setting next_dagrun for dataset_consumes_unknown_never_scheduled to None, run_after=None
[2024-03-09T13:43:53.473+0000] {logging_mixin.py:188} INFO - [2024-03-09T13:43:53.473+0000] {dag.py:3834} INFO - Setting next_dagrun for dataset_produces_1 to 2024-03-08 00:00:00+00:00, run_after=2024-03-09 00:00:00+00:00
[2024-03-09T13:43:53.478+0000] {logging_mixin.py:188} INFO - [2024-03-09T13:43:53.477+0000] {dag.py:3834} INFO - Setting next_dagrun for dataset_produces_2 to None, run_after=None
[2024-03-09T13:43:53.533+0000] {processor.py:183} INFO - Processing /home/airflow/.local/lib/python3.8/site-packages/airflow/example_dags/example_datasets.py took 0.194 seconds
