[2024-03-09T11:07:29.343+0000] {processor.py:161} INFO - Started process (PID=242) to work on /home/airflow/.local/lib/python3.8/site-packages/airflow/example_dags/example_sensors.py
[2024-03-09T11:07:29.345+0000] {processor.py:830} INFO - Processing file /home/airflow/.local/lib/python3.8/site-packages/airflow/example_dags/example_sensors.py for tasks to queue
[2024-03-09T11:07:29.347+0000] {logging_mixin.py:188} INFO - [2024-03-09T11:07:29.346+0000] {dagbag.py:540} INFO - Filling up the DagBag from /home/airflow/.local/lib/python3.8/site-packages/airflow/example_dags/example_sensors.py
[2024-03-09T11:07:29.367+0000] {processor.py:840} INFO - DAG(s) 'example_sensors' retrieved from /home/airflow/.local/lib/python3.8/site-packages/airflow/example_dags/example_sensors.py
[2024-03-09T11:07:29.559+0000] {logging_mixin.py:188} INFO - [2024-03-09T11:07:29.558+0000] {dag.py:3047} INFO - Sync 1 DAGs
[2024-03-09T11:07:29.575+0000] {logging_mixin.py:188} INFO - [2024-03-09T11:07:29.575+0000] {dag.py:3834} INFO - Setting next_dagrun for example_sensors to None, run_after=None
[2024-03-09T11:07:29.608+0000] {processor.py:183} INFO - Processing /home/airflow/.local/lib/python3.8/site-packages/airflow/example_dags/example_sensors.py took 0.270 seconds
[2024-03-09T11:08:00.231+0000] {processor.py:161} INFO - Started process (PID=489) to work on /home/airflow/.local/lib/python3.8/site-packages/airflow/example_dags/example_sensors.py
[2024-03-09T11:08:00.233+0000] {processor.py:830} INFO - Processing file /home/airflow/.local/lib/python3.8/site-packages/airflow/example_dags/example_sensors.py for tasks to queue
[2024-03-09T11:08:00.236+0000] {logging_mixin.py:188} INFO - [2024-03-09T11:08:00.235+0000] {dagbag.py:540} INFO - Filling up the DagBag from /home/airflow/.local/lib/python3.8/site-packages/airflow/example_dags/example_sensors.py
[2024-03-09T11:08:00.253+0000] {processor.py:840} INFO - DAG(s) 'example_sensors' retrieved from /home/airflow/.local/lib/python3.8/site-packages/airflow/example_dags/example_sensors.py
[2024-03-09T11:08:00.294+0000] {logging_mixin.py:188} INFO - [2024-03-09T11:08:00.293+0000] {dag.py:3047} INFO - Sync 1 DAGs
[2024-03-09T11:08:00.314+0000] {logging_mixin.py:188} INFO - [2024-03-09T11:08:00.313+0000] {dag.py:3834} INFO - Setting next_dagrun for example_sensors to None, run_after=None
[2024-03-09T11:08:00.348+0000] {processor.py:183} INFO - Processing /home/airflow/.local/lib/python3.8/site-packages/airflow/example_dags/example_sensors.py took 0.124 seconds
[2024-03-09T11:08:31.500+0000] {processor.py:161} INFO - Started process (PID=738) to work on /home/airflow/.local/lib/python3.8/site-packages/airflow/example_dags/example_sensors.py
[2024-03-09T11:08:31.503+0000] {processor.py:830} INFO - Processing file /home/airflow/.local/lib/python3.8/site-packages/airflow/example_dags/example_sensors.py for tasks to queue
[2024-03-09T11:08:31.504+0000] {logging_mixin.py:188} INFO - [2024-03-09T11:08:31.504+0000] {dagbag.py:540} INFO - Filling up the DagBag from /home/airflow/.local/lib/python3.8/site-packages/airflow/example_dags/example_sensors.py
[2024-03-09T11:08:31.520+0000] {processor.py:840} INFO - DAG(s) 'example_sensors' retrieved from /home/airflow/.local/lib/python3.8/site-packages/airflow/example_dags/example_sensors.py
[2024-03-09T11:08:31.563+0000] {logging_mixin.py:188} INFO - [2024-03-09T11:08:31.562+0000] {dag.py:3047} INFO - Sync 1 DAGs
[2024-03-09T11:08:31.585+0000] {logging_mixin.py:188} INFO - [2024-03-09T11:08:31.584+0000] {dag.py:3834} INFO - Setting next_dagrun for example_sensors to None, run_after=None
[2024-03-09T11:08:31.624+0000] {processor.py:183} INFO - Processing /home/airflow/.local/lib/python3.8/site-packages/airflow/example_dags/example_sensors.py took 0.129 seconds
[2024-03-09T11:09:02.104+0000] {processor.py:161} INFO - Started process (PID=983) to work on /home/airflow/.local/lib/python3.8/site-packages/airflow/example_dags/example_sensors.py
[2024-03-09T11:09:02.106+0000] {processor.py:830} INFO - Processing file /home/airflow/.local/lib/python3.8/site-packages/airflow/example_dags/example_sensors.py for tasks to queue
[2024-03-09T11:09:02.108+0000] {logging_mixin.py:188} INFO - [2024-03-09T11:09:02.108+0000] {dagbag.py:540} INFO - Filling up the DagBag from /home/airflow/.local/lib/python3.8/site-packages/airflow/example_dags/example_sensors.py
[2024-03-09T11:09:02.125+0000] {processor.py:840} INFO - DAG(s) 'example_sensors' retrieved from /home/airflow/.local/lib/python3.8/site-packages/airflow/example_dags/example_sensors.py
[2024-03-09T11:09:02.170+0000] {logging_mixin.py:188} INFO - [2024-03-09T11:09:02.170+0000] {dag.py:3047} INFO - Sync 1 DAGs
[2024-03-09T11:09:02.189+0000] {logging_mixin.py:188} INFO - [2024-03-09T11:09:02.188+0000] {dag.py:3834} INFO - Setting next_dagrun for example_sensors to None, run_after=None
[2024-03-09T11:09:02.222+0000] {processor.py:183} INFO - Processing /home/airflow/.local/lib/python3.8/site-packages/airflow/example_dags/example_sensors.py took 0.125 seconds
[2024-03-09T11:09:32.745+0000] {processor.py:161} INFO - Started process (PID=1233) to work on /home/airflow/.local/lib/python3.8/site-packages/airflow/example_dags/example_sensors.py
[2024-03-09T11:09:32.747+0000] {processor.py:830} INFO - Processing file /home/airflow/.local/lib/python3.8/site-packages/airflow/example_dags/example_sensors.py for tasks to queue
[2024-03-09T11:09:32.748+0000] {logging_mixin.py:188} INFO - [2024-03-09T11:09:32.748+0000] {dagbag.py:540} INFO - Filling up the DagBag from /home/airflow/.local/lib/python3.8/site-packages/airflow/example_dags/example_sensors.py
[2024-03-09T11:09:32.763+0000] {processor.py:840} INFO - DAG(s) 'example_sensors' retrieved from /home/airflow/.local/lib/python3.8/site-packages/airflow/example_dags/example_sensors.py
[2024-03-09T11:09:32.813+0000] {logging_mixin.py:188} INFO - [2024-03-09T11:09:32.812+0000] {dag.py:3047} INFO - Sync 1 DAGs
[2024-03-09T11:09:32.834+0000] {logging_mixin.py:188} INFO - [2024-03-09T11:09:32.833+0000] {dag.py:3834} INFO - Setting next_dagrun for example_sensors to None, run_after=None
[2024-03-09T11:09:32.865+0000] {processor.py:183} INFO - Processing /home/airflow/.local/lib/python3.8/site-packages/airflow/example_dags/example_sensors.py took 0.125 seconds
[2024-03-09T11:10:03.168+0000] {processor.py:161} INFO - Started process (PID=1478) to work on /home/airflow/.local/lib/python3.8/site-packages/airflow/example_dags/example_sensors.py
[2024-03-09T11:10:03.170+0000] {processor.py:830} INFO - Processing file /home/airflow/.local/lib/python3.8/site-packages/airflow/example_dags/example_sensors.py for tasks to queue
[2024-03-09T11:10:03.172+0000] {logging_mixin.py:188} INFO - [2024-03-09T11:10:03.171+0000] {dagbag.py:540} INFO - Filling up the DagBag from /home/airflow/.local/lib/python3.8/site-packages/airflow/example_dags/example_sensors.py
[2024-03-09T11:10:03.191+0000] {processor.py:840} INFO - DAG(s) 'example_sensors' retrieved from /home/airflow/.local/lib/python3.8/site-packages/airflow/example_dags/example_sensors.py
[2024-03-09T11:10:03.238+0000] {logging_mixin.py:188} INFO - [2024-03-09T11:10:03.237+0000] {dag.py:3047} INFO - Sync 1 DAGs
[2024-03-09T11:10:03.261+0000] {logging_mixin.py:188} INFO - [2024-03-09T11:10:03.261+0000] {dag.py:3834} INFO - Setting next_dagrun for example_sensors to None, run_after=None
[2024-03-09T11:10:03.305+0000] {processor.py:183} INFO - Processing /home/airflow/.local/lib/python3.8/site-packages/airflow/example_dags/example_sensors.py took 0.141 seconds
[2024-03-09T11:10:34.024+0000] {processor.py:161} INFO - Started process (PID=1727) to work on /home/airflow/.local/lib/python3.8/site-packages/airflow/example_dags/example_sensors.py
[2024-03-09T11:10:34.026+0000] {processor.py:830} INFO - Processing file /home/airflow/.local/lib/python3.8/site-packages/airflow/example_dags/example_sensors.py for tasks to queue
[2024-03-09T11:10:34.028+0000] {logging_mixin.py:188} INFO - [2024-03-09T11:10:34.027+0000] {dagbag.py:540} INFO - Filling up the DagBag from /home/airflow/.local/lib/python3.8/site-packages/airflow/example_dags/example_sensors.py
[2024-03-09T11:10:34.046+0000] {processor.py:840} INFO - DAG(s) 'example_sensors' retrieved from /home/airflow/.local/lib/python3.8/site-packages/airflow/example_dags/example_sensors.py
[2024-03-09T11:10:34.094+0000] {logging_mixin.py:188} INFO - [2024-03-09T11:10:34.093+0000] {dag.py:3047} INFO - Sync 1 DAGs
[2024-03-09T11:10:34.115+0000] {logging_mixin.py:188} INFO - [2024-03-09T11:10:34.114+0000] {dag.py:3834} INFO - Setting next_dagrun for example_sensors to None, run_after=None
[2024-03-09T11:10:34.148+0000] {processor.py:183} INFO - Processing /home/airflow/.local/lib/python3.8/site-packages/airflow/example_dags/example_sensors.py took 0.130 seconds
[2024-03-09T11:11:05.203+0000] {processor.py:161} INFO - Started process (PID=1974) to work on /home/airflow/.local/lib/python3.8/site-packages/airflow/example_dags/example_sensors.py
[2024-03-09T11:11:05.205+0000] {processor.py:830} INFO - Processing file /home/airflow/.local/lib/python3.8/site-packages/airflow/example_dags/example_sensors.py for tasks to queue
[2024-03-09T11:11:05.207+0000] {logging_mixin.py:188} INFO - [2024-03-09T11:11:05.207+0000] {dagbag.py:540} INFO - Filling up the DagBag from /home/airflow/.local/lib/python3.8/site-packages/airflow/example_dags/example_sensors.py
[2024-03-09T11:11:05.232+0000] {processor.py:840} INFO - DAG(s) 'example_sensors' retrieved from /home/airflow/.local/lib/python3.8/site-packages/airflow/example_dags/example_sensors.py
[2024-03-09T11:11:05.305+0000] {logging_mixin.py:188} INFO - [2024-03-09T11:11:05.305+0000] {dag.py:3047} INFO - Sync 1 DAGs
[2024-03-09T11:11:05.335+0000] {logging_mixin.py:188} INFO - [2024-03-09T11:11:05.335+0000] {dag.py:3834} INFO - Setting next_dagrun for example_sensors to None, run_after=None
[2024-03-09T11:11:05.373+0000] {processor.py:183} INFO - Processing /home/airflow/.local/lib/python3.8/site-packages/airflow/example_dags/example_sensors.py took 0.176 seconds
[2024-03-09T11:11:35.909+0000] {processor.py:161} INFO - Started process (PID=2225) to work on /home/airflow/.local/lib/python3.8/site-packages/airflow/example_dags/example_sensors.py
[2024-03-09T11:11:35.911+0000] {processor.py:830} INFO - Processing file /home/airflow/.local/lib/python3.8/site-packages/airflow/example_dags/example_sensors.py for tasks to queue
[2024-03-09T11:11:35.913+0000] {logging_mixin.py:188} INFO - [2024-03-09T11:11:35.912+0000] {dagbag.py:540} INFO - Filling up the DagBag from /home/airflow/.local/lib/python3.8/site-packages/airflow/example_dags/example_sensors.py
[2024-03-09T11:11:35.939+0000] {processor.py:840} INFO - DAG(s) 'example_sensors' retrieved from /home/airflow/.local/lib/python3.8/site-packages/airflow/example_dags/example_sensors.py
[2024-03-09T11:11:36.003+0000] {logging_mixin.py:188} INFO - [2024-03-09T11:11:36.003+0000] {dag.py:3047} INFO - Sync 1 DAGs
[2024-03-09T11:11:36.026+0000] {logging_mixin.py:188} INFO - [2024-03-09T11:11:36.025+0000] {dag.py:3834} INFO - Setting next_dagrun for example_sensors to None, run_after=None
[2024-03-09T11:11:36.060+0000] {processor.py:183} INFO - Processing /home/airflow/.local/lib/python3.8/site-packages/airflow/example_dags/example_sensors.py took 0.158 seconds
[2024-03-09T11:12:06.328+0000] {processor.py:161} INFO - Started process (PID=2472) to work on /home/airflow/.local/lib/python3.8/site-packages/airflow/example_dags/example_sensors.py
[2024-03-09T11:12:06.330+0000] {processor.py:830} INFO - Processing file /home/airflow/.local/lib/python3.8/site-packages/airflow/example_dags/example_sensors.py for tasks to queue
[2024-03-09T11:12:06.332+0000] {logging_mixin.py:188} INFO - [2024-03-09T11:12:06.331+0000] {dagbag.py:540} INFO - Filling up the DagBag from /home/airflow/.local/lib/python3.8/site-packages/airflow/example_dags/example_sensors.py
[2024-03-09T11:12:06.348+0000] {processor.py:840} INFO - DAG(s) 'example_sensors' retrieved from /home/airflow/.local/lib/python3.8/site-packages/airflow/example_dags/example_sensors.py
[2024-03-09T11:12:06.390+0000] {logging_mixin.py:188} INFO - [2024-03-09T11:12:06.389+0000] {dag.py:3047} INFO - Sync 1 DAGs
[2024-03-09T11:12:06.410+0000] {logging_mixin.py:188} INFO - [2024-03-09T11:12:06.409+0000] {dag.py:3834} INFO - Setting next_dagrun for example_sensors to None, run_after=None
[2024-03-09T11:12:06.443+0000] {processor.py:183} INFO - Processing /home/airflow/.local/lib/python3.8/site-packages/airflow/example_dags/example_sensors.py took 0.120 seconds
[2024-03-09T11:12:36.763+0000] {processor.py:161} INFO - Started process (PID=2719) to work on /home/airflow/.local/lib/python3.8/site-packages/airflow/example_dags/example_sensors.py
[2024-03-09T11:12:36.765+0000] {processor.py:830} INFO - Processing file /home/airflow/.local/lib/python3.8/site-packages/airflow/example_dags/example_sensors.py for tasks to queue
[2024-03-09T11:12:36.767+0000] {logging_mixin.py:188} INFO - [2024-03-09T11:12:36.766+0000] {dagbag.py:540} INFO - Filling up the DagBag from /home/airflow/.local/lib/python3.8/site-packages/airflow/example_dags/example_sensors.py
[2024-03-09T11:12:36.782+0000] {processor.py:840} INFO - DAG(s) 'example_sensors' retrieved from /home/airflow/.local/lib/python3.8/site-packages/airflow/example_dags/example_sensors.py
[2024-03-09T11:12:36.826+0000] {logging_mixin.py:188} INFO - [2024-03-09T11:12:36.826+0000] {dag.py:3047} INFO - Sync 1 DAGs
[2024-03-09T11:12:36.848+0000] {logging_mixin.py:188} INFO - [2024-03-09T11:12:36.847+0000] {dag.py:3834} INFO - Setting next_dagrun for example_sensors to None, run_after=None
[2024-03-09T11:12:36.879+0000] {processor.py:183} INFO - Processing /home/airflow/.local/lib/python3.8/site-packages/airflow/example_dags/example_sensors.py took 0.121 seconds
[2024-03-09T11:13:07.138+0000] {processor.py:161} INFO - Started process (PID=2966) to work on /home/airflow/.local/lib/python3.8/site-packages/airflow/example_dags/example_sensors.py
[2024-03-09T11:13:07.140+0000] {processor.py:830} INFO - Processing file /home/airflow/.local/lib/python3.8/site-packages/airflow/example_dags/example_sensors.py for tasks to queue
[2024-03-09T11:13:07.141+0000] {logging_mixin.py:188} INFO - [2024-03-09T11:13:07.141+0000] {dagbag.py:540} INFO - Filling up the DagBag from /home/airflow/.local/lib/python3.8/site-packages/airflow/example_dags/example_sensors.py
[2024-03-09T11:13:07.155+0000] {processor.py:840} INFO - DAG(s) 'example_sensors' retrieved from /home/airflow/.local/lib/python3.8/site-packages/airflow/example_dags/example_sensors.py
[2024-03-09T11:13:07.195+0000] {logging_mixin.py:188} INFO - [2024-03-09T11:13:07.195+0000] {dag.py:3047} INFO - Sync 1 DAGs
[2024-03-09T11:13:07.215+0000] {logging_mixin.py:188} INFO - [2024-03-09T11:13:07.214+0000] {dag.py:3834} INFO - Setting next_dagrun for example_sensors to None, run_after=None
[2024-03-09T11:13:07.248+0000] {processor.py:183} INFO - Processing /home/airflow/.local/lib/python3.8/site-packages/airflow/example_dags/example_sensors.py took 0.114 seconds
[2024-03-09T11:13:44.479+0000] {processor.py:161} INFO - Started process (PID=3235) to work on /home/airflow/.local/lib/python3.8/site-packages/airflow/example_dags/example_sensors.py
[2024-03-09T11:13:44.481+0000] {processor.py:830} INFO - Processing file /home/airflow/.local/lib/python3.8/site-packages/airflow/example_dags/example_sensors.py for tasks to queue
[2024-03-09T11:13:44.484+0000] {logging_mixin.py:188} INFO - [2024-03-09T11:13:44.483+0000] {dagbag.py:540} INFO - Filling up the DagBag from /home/airflow/.local/lib/python3.8/site-packages/airflow/example_dags/example_sensors.py
[2024-03-09T11:13:44.504+0000] {processor.py:840} INFO - DAG(s) 'example_sensors' retrieved from /home/airflow/.local/lib/python3.8/site-packages/airflow/example_dags/example_sensors.py
[2024-03-09T11:13:44.550+0000] {logging_mixin.py:188} INFO - [2024-03-09T11:13:44.550+0000] {dag.py:3047} INFO - Sync 1 DAGs
[2024-03-09T11:13:44.577+0000] {logging_mixin.py:188} INFO - [2024-03-09T11:13:44.577+0000] {dag.py:3834} INFO - Setting next_dagrun for example_sensors to None, run_after=None
[2024-03-09T11:13:44.625+0000] {processor.py:183} INFO - Processing /home/airflow/.local/lib/python3.8/site-packages/airflow/example_dags/example_sensors.py took 0.153 seconds
[2024-03-09T11:14:14.692+0000] {processor.py:161} INFO - Started process (PID=3484) to work on /home/airflow/.local/lib/python3.8/site-packages/airflow/example_dags/example_sensors.py
[2024-03-09T11:14:14.695+0000] {processor.py:830} INFO - Processing file /home/airflow/.local/lib/python3.8/site-packages/airflow/example_dags/example_sensors.py for tasks to queue
[2024-03-09T11:14:14.697+0000] {logging_mixin.py:188} INFO - [2024-03-09T11:14:14.696+0000] {dagbag.py:540} INFO - Filling up the DagBag from /home/airflow/.local/lib/python3.8/site-packages/airflow/example_dags/example_sensors.py
[2024-03-09T11:14:14.713+0000] {processor.py:840} INFO - DAG(s) 'example_sensors' retrieved from /home/airflow/.local/lib/python3.8/site-packages/airflow/example_dags/example_sensors.py
[2024-03-09T11:14:14.757+0000] {logging_mixin.py:188} INFO - [2024-03-09T11:14:14.757+0000] {dag.py:3047} INFO - Sync 1 DAGs
[2024-03-09T11:14:14.777+0000] {logging_mixin.py:188} INFO - [2024-03-09T11:14:14.777+0000] {dag.py:3834} INFO - Setting next_dagrun for example_sensors to None, run_after=None
[2024-03-09T11:14:14.815+0000] {processor.py:183} INFO - Processing /home/airflow/.local/lib/python3.8/site-packages/airflow/example_dags/example_sensors.py took 0.129 seconds
[2024-03-09T11:14:44.877+0000] {processor.py:161} INFO - Started process (PID=3726) to work on /home/airflow/.local/lib/python3.8/site-packages/airflow/example_dags/example_sensors.py
[2024-03-09T11:14:44.880+0000] {processor.py:830} INFO - Processing file /home/airflow/.local/lib/python3.8/site-packages/airflow/example_dags/example_sensors.py for tasks to queue
[2024-03-09T11:14:44.882+0000] {logging_mixin.py:188} INFO - [2024-03-09T11:14:44.881+0000] {dagbag.py:540} INFO - Filling up the DagBag from /home/airflow/.local/lib/python3.8/site-packages/airflow/example_dags/example_sensors.py
[2024-03-09T11:14:44.902+0000] {processor.py:840} INFO - DAG(s) 'example_sensors' retrieved from /home/airflow/.local/lib/python3.8/site-packages/airflow/example_dags/example_sensors.py
[2024-03-09T11:14:44.946+0000] {logging_mixin.py:188} INFO - [2024-03-09T11:14:44.945+0000] {dag.py:3047} INFO - Sync 1 DAGs
[2024-03-09T11:14:44.972+0000] {logging_mixin.py:188} INFO - [2024-03-09T11:14:44.971+0000] {dag.py:3834} INFO - Setting next_dagrun for example_sensors to None, run_after=None
[2024-03-09T11:14:45.007+0000] {processor.py:183} INFO - Processing /home/airflow/.local/lib/python3.8/site-packages/airflow/example_dags/example_sensors.py took 0.136 seconds
[2024-03-09T11:15:15.280+0000] {processor.py:161} INFO - Started process (PID=3968) to work on /home/airflow/.local/lib/python3.8/site-packages/airflow/example_dags/example_sensors.py
[2024-03-09T11:15:15.282+0000] {processor.py:830} INFO - Processing file /home/airflow/.local/lib/python3.8/site-packages/airflow/example_dags/example_sensors.py for tasks to queue
[2024-03-09T11:15:15.284+0000] {logging_mixin.py:188} INFO - [2024-03-09T11:15:15.284+0000] {dagbag.py:540} INFO - Filling up the DagBag from /home/airflow/.local/lib/python3.8/site-packages/airflow/example_dags/example_sensors.py
[2024-03-09T11:15:15.303+0000] {processor.py:840} INFO - DAG(s) 'example_sensors' retrieved from /home/airflow/.local/lib/python3.8/site-packages/airflow/example_dags/example_sensors.py
[2024-03-09T11:15:15.391+0000] {logging_mixin.py:188} INFO - [2024-03-09T11:15:15.391+0000] {dag.py:3047} INFO - Sync 1 DAGs
[2024-03-09T11:15:15.412+0000] {logging_mixin.py:188} INFO - [2024-03-09T11:15:15.412+0000] {dag.py:3834} INFO - Setting next_dagrun for example_sensors to None, run_after=None
[2024-03-09T11:15:15.447+0000] {processor.py:183} INFO - Processing /home/airflow/.local/lib/python3.8/site-packages/airflow/example_dags/example_sensors.py took 0.172 seconds
[2024-03-09T11:15:45.959+0000] {processor.py:161} INFO - Started process (PID=4215) to work on /home/airflow/.local/lib/python3.8/site-packages/airflow/example_dags/example_sensors.py
[2024-03-09T11:15:45.962+0000] {processor.py:830} INFO - Processing file /home/airflow/.local/lib/python3.8/site-packages/airflow/example_dags/example_sensors.py for tasks to queue
[2024-03-09T11:15:45.965+0000] {logging_mixin.py:188} INFO - [2024-03-09T11:15:45.965+0000] {dagbag.py:540} INFO - Filling up the DagBag from /home/airflow/.local/lib/python3.8/site-packages/airflow/example_dags/example_sensors.py
[2024-03-09T11:15:45.995+0000] {processor.py:840} INFO - DAG(s) 'example_sensors' retrieved from /home/airflow/.local/lib/python3.8/site-packages/airflow/example_dags/example_sensors.py
[2024-03-09T11:15:46.070+0000] {logging_mixin.py:188} INFO - [2024-03-09T11:15:46.069+0000] {dag.py:3047} INFO - Sync 1 DAGs
[2024-03-09T11:15:46.102+0000] {logging_mixin.py:188} INFO - [2024-03-09T11:15:46.101+0000] {dag.py:3834} INFO - Setting next_dagrun for example_sensors to None, run_after=None
[2024-03-09T11:15:46.156+0000] {processor.py:183} INFO - Processing /home/airflow/.local/lib/python3.8/site-packages/airflow/example_dags/example_sensors.py took 0.209 seconds
[2024-03-09T11:16:16.426+0000] {processor.py:161} INFO - Started process (PID=4467) to work on /home/airflow/.local/lib/python3.8/site-packages/airflow/example_dags/example_sensors.py
[2024-03-09T11:16:16.428+0000] {processor.py:830} INFO - Processing file /home/airflow/.local/lib/python3.8/site-packages/airflow/example_dags/example_sensors.py for tasks to queue
[2024-03-09T11:16:16.430+0000] {logging_mixin.py:188} INFO - [2024-03-09T11:16:16.429+0000] {dagbag.py:540} INFO - Filling up the DagBag from /home/airflow/.local/lib/python3.8/site-packages/airflow/example_dags/example_sensors.py
[2024-03-09T11:16:16.447+0000] {processor.py:840} INFO - DAG(s) 'example_sensors' retrieved from /home/airflow/.local/lib/python3.8/site-packages/airflow/example_dags/example_sensors.py
[2024-03-09T11:16:16.493+0000] {logging_mixin.py:188} INFO - [2024-03-09T11:16:16.492+0000] {dag.py:3047} INFO - Sync 1 DAGs
[2024-03-09T11:16:16.515+0000] {logging_mixin.py:188} INFO - [2024-03-09T11:16:16.515+0000] {dag.py:3834} INFO - Setting next_dagrun for example_sensors to None, run_after=None
[2024-03-09T11:16:16.552+0000] {processor.py:183} INFO - Processing /home/airflow/.local/lib/python3.8/site-packages/airflow/example_dags/example_sensors.py took 0.130 seconds
[2024-03-09T11:16:46.731+0000] {processor.py:161} INFO - Started process (PID=4714) to work on /home/airflow/.local/lib/python3.8/site-packages/airflow/example_dags/example_sensors.py
[2024-03-09T11:16:46.733+0000] {processor.py:830} INFO - Processing file /home/airflow/.local/lib/python3.8/site-packages/airflow/example_dags/example_sensors.py for tasks to queue
[2024-03-09T11:16:46.735+0000] {logging_mixin.py:188} INFO - [2024-03-09T11:16:46.734+0000] {dagbag.py:540} INFO - Filling up the DagBag from /home/airflow/.local/lib/python3.8/site-packages/airflow/example_dags/example_sensors.py
[2024-03-09T11:16:46.753+0000] {processor.py:840} INFO - DAG(s) 'example_sensors' retrieved from /home/airflow/.local/lib/python3.8/site-packages/airflow/example_dags/example_sensors.py
[2024-03-09T11:16:46.804+0000] {logging_mixin.py:188} INFO - [2024-03-09T11:16:46.804+0000] {dag.py:3047} INFO - Sync 1 DAGs
[2024-03-09T11:16:46.825+0000] {logging_mixin.py:188} INFO - [2024-03-09T11:16:46.825+0000] {dag.py:3834} INFO - Setting next_dagrun for example_sensors to None, run_after=None
[2024-03-09T11:16:46.866+0000] {processor.py:183} INFO - Processing /home/airflow/.local/lib/python3.8/site-packages/airflow/example_dags/example_sensors.py took 0.140 seconds
[2024-03-09T11:17:17.493+0000] {processor.py:161} INFO - Started process (PID=4961) to work on /home/airflow/.local/lib/python3.8/site-packages/airflow/example_dags/example_sensors.py
[2024-03-09T11:17:17.495+0000] {processor.py:830} INFO - Processing file /home/airflow/.local/lib/python3.8/site-packages/airflow/example_dags/example_sensors.py for tasks to queue
[2024-03-09T11:17:17.498+0000] {logging_mixin.py:188} INFO - [2024-03-09T11:17:17.497+0000] {dagbag.py:540} INFO - Filling up the DagBag from /home/airflow/.local/lib/python3.8/site-packages/airflow/example_dags/example_sensors.py
[2024-03-09T11:17:17.515+0000] {processor.py:840} INFO - DAG(s) 'example_sensors' retrieved from /home/airflow/.local/lib/python3.8/site-packages/airflow/example_dags/example_sensors.py
[2024-03-09T11:17:17.564+0000] {logging_mixin.py:188} INFO - [2024-03-09T11:17:17.563+0000] {dag.py:3047} INFO - Sync 1 DAGs
[2024-03-09T11:17:17.581+0000] {logging_mixin.py:188} INFO - [2024-03-09T11:17:17.581+0000] {dag.py:3834} INFO - Setting next_dagrun for example_sensors to None, run_after=None
[2024-03-09T11:17:17.609+0000] {processor.py:183} INFO - Processing /home/airflow/.local/lib/python3.8/site-packages/airflow/example_dags/example_sensors.py took 0.123 seconds
[2024-03-09T11:17:47.756+0000] {processor.py:161} INFO - Started process (PID=5208) to work on /home/airflow/.local/lib/python3.8/site-packages/airflow/example_dags/example_sensors.py
[2024-03-09T11:17:47.758+0000] {processor.py:830} INFO - Processing file /home/airflow/.local/lib/python3.8/site-packages/airflow/example_dags/example_sensors.py for tasks to queue
[2024-03-09T11:17:47.759+0000] {logging_mixin.py:188} INFO - [2024-03-09T11:17:47.759+0000] {dagbag.py:540} INFO - Filling up the DagBag from /home/airflow/.local/lib/python3.8/site-packages/airflow/example_dags/example_sensors.py
[2024-03-09T11:17:47.774+0000] {processor.py:840} INFO - DAG(s) 'example_sensors' retrieved from /home/airflow/.local/lib/python3.8/site-packages/airflow/example_dags/example_sensors.py
[2024-03-09T11:17:47.815+0000] {logging_mixin.py:188} INFO - [2024-03-09T11:17:47.814+0000] {dag.py:3047} INFO - Sync 1 DAGs
[2024-03-09T11:17:47.835+0000] {logging_mixin.py:188} INFO - [2024-03-09T11:17:47.834+0000] {dag.py:3834} INFO - Setting next_dagrun for example_sensors to None, run_after=None
[2024-03-09T11:17:47.862+0000] {processor.py:183} INFO - Processing /home/airflow/.local/lib/python3.8/site-packages/airflow/example_dags/example_sensors.py took 0.112 seconds
[2024-03-09T11:18:18.320+0000] {processor.py:161} INFO - Started process (PID=5455) to work on /home/airflow/.local/lib/python3.8/site-packages/airflow/example_dags/example_sensors.py
[2024-03-09T11:18:18.322+0000] {processor.py:830} INFO - Processing file /home/airflow/.local/lib/python3.8/site-packages/airflow/example_dags/example_sensors.py for tasks to queue
[2024-03-09T11:18:18.323+0000] {logging_mixin.py:188} INFO - [2024-03-09T11:18:18.323+0000] {dagbag.py:540} INFO - Filling up the DagBag from /home/airflow/.local/lib/python3.8/site-packages/airflow/example_dags/example_sensors.py
[2024-03-09T11:18:18.338+0000] {processor.py:840} INFO - DAG(s) 'example_sensors' retrieved from /home/airflow/.local/lib/python3.8/site-packages/airflow/example_dags/example_sensors.py
[2024-03-09T11:18:18.376+0000] {logging_mixin.py:188} INFO - [2024-03-09T11:18:18.376+0000] {dag.py:3047} INFO - Sync 1 DAGs
[2024-03-09T11:18:18.396+0000] {logging_mixin.py:188} INFO - [2024-03-09T11:18:18.396+0000] {dag.py:3834} INFO - Setting next_dagrun for example_sensors to None, run_after=None
[2024-03-09T11:18:18.427+0000] {processor.py:183} INFO - Processing /home/airflow/.local/lib/python3.8/site-packages/airflow/example_dags/example_sensors.py took 0.112 seconds
[2024-03-09T11:18:48.738+0000] {processor.py:161} INFO - Started process (PID=5702) to work on /home/airflow/.local/lib/python3.8/site-packages/airflow/example_dags/example_sensors.py
[2024-03-09T11:18:48.740+0000] {processor.py:830} INFO - Processing file /home/airflow/.local/lib/python3.8/site-packages/airflow/example_dags/example_sensors.py for tasks to queue
[2024-03-09T11:18:48.742+0000] {logging_mixin.py:188} INFO - [2024-03-09T11:18:48.741+0000] {dagbag.py:540} INFO - Filling up the DagBag from /home/airflow/.local/lib/python3.8/site-packages/airflow/example_dags/example_sensors.py
[2024-03-09T11:18:48.759+0000] {processor.py:840} INFO - DAG(s) 'example_sensors' retrieved from /home/airflow/.local/lib/python3.8/site-packages/airflow/example_dags/example_sensors.py
[2024-03-09T11:18:48.804+0000] {logging_mixin.py:188} INFO - [2024-03-09T11:18:48.804+0000] {dag.py:3047} INFO - Sync 1 DAGs
[2024-03-09T11:18:48.830+0000] {logging_mixin.py:188} INFO - [2024-03-09T11:18:48.830+0000] {dag.py:3834} INFO - Setting next_dagrun for example_sensors to None, run_after=None
[2024-03-09T11:18:48.866+0000] {processor.py:183} INFO - Processing /home/airflow/.local/lib/python3.8/site-packages/airflow/example_dags/example_sensors.py took 0.135 seconds
[2024-03-09T11:19:19.056+0000] {processor.py:161} INFO - Started process (PID=5949) to work on /home/airflow/.local/lib/python3.8/site-packages/airflow/example_dags/example_sensors.py
[2024-03-09T11:19:19.057+0000] {processor.py:830} INFO - Processing file /home/airflow/.local/lib/python3.8/site-packages/airflow/example_dags/example_sensors.py for tasks to queue
[2024-03-09T11:19:19.059+0000] {logging_mixin.py:188} INFO - [2024-03-09T11:19:19.058+0000] {dagbag.py:540} INFO - Filling up the DagBag from /home/airflow/.local/lib/python3.8/site-packages/airflow/example_dags/example_sensors.py
[2024-03-09T11:19:19.074+0000] {processor.py:840} INFO - DAG(s) 'example_sensors' retrieved from /home/airflow/.local/lib/python3.8/site-packages/airflow/example_dags/example_sensors.py
[2024-03-09T11:19:19.112+0000] {logging_mixin.py:188} INFO - [2024-03-09T11:19:19.111+0000] {dag.py:3047} INFO - Sync 1 DAGs
[2024-03-09T11:19:19.134+0000] {logging_mixin.py:188} INFO - [2024-03-09T11:19:19.134+0000] {dag.py:3834} INFO - Setting next_dagrun for example_sensors to None, run_after=None
[2024-03-09T11:19:19.166+0000] {processor.py:183} INFO - Processing /home/airflow/.local/lib/python3.8/site-packages/airflow/example_dags/example_sensors.py took 0.115 seconds
[2024-03-09T11:19:49.989+0000] {processor.py:161} INFO - Started process (PID=6196) to work on /home/airflow/.local/lib/python3.8/site-packages/airflow/example_dags/example_sensors.py
[2024-03-09T11:19:49.990+0000] {processor.py:830} INFO - Processing file /home/airflow/.local/lib/python3.8/site-packages/airflow/example_dags/example_sensors.py for tasks to queue
[2024-03-09T11:19:49.992+0000] {logging_mixin.py:188} INFO - [2024-03-09T11:19:49.992+0000] {dagbag.py:540} INFO - Filling up the DagBag from /home/airflow/.local/lib/python3.8/site-packages/airflow/example_dags/example_sensors.py
[2024-03-09T11:19:50.009+0000] {processor.py:840} INFO - DAG(s) 'example_sensors' retrieved from /home/airflow/.local/lib/python3.8/site-packages/airflow/example_dags/example_sensors.py
[2024-03-09T11:19:50.052+0000] {logging_mixin.py:188} INFO - [2024-03-09T11:19:50.051+0000] {dag.py:3047} INFO - Sync 1 DAGs
[2024-03-09T11:19:50.073+0000] {logging_mixin.py:188} INFO - [2024-03-09T11:19:50.073+0000] {dag.py:3834} INFO - Setting next_dagrun for example_sensors to None, run_after=None
[2024-03-09T11:19:50.104+0000] {processor.py:183} INFO - Processing /home/airflow/.local/lib/python3.8/site-packages/airflow/example_dags/example_sensors.py took 0.122 seconds
[2024-03-09T11:20:20.728+0000] {processor.py:161} INFO - Started process (PID=6443) to work on /home/airflow/.local/lib/python3.8/site-packages/airflow/example_dags/example_sensors.py
[2024-03-09T11:20:20.730+0000] {processor.py:830} INFO - Processing file /home/airflow/.local/lib/python3.8/site-packages/airflow/example_dags/example_sensors.py for tasks to queue
[2024-03-09T11:20:20.732+0000] {logging_mixin.py:188} INFO - [2024-03-09T11:20:20.732+0000] {dagbag.py:540} INFO - Filling up the DagBag from /home/airflow/.local/lib/python3.8/site-packages/airflow/example_dags/example_sensors.py
[2024-03-09T11:20:20.748+0000] {processor.py:840} INFO - DAG(s) 'example_sensors' retrieved from /home/airflow/.local/lib/python3.8/site-packages/airflow/example_dags/example_sensors.py
[2024-03-09T11:20:20.789+0000] {logging_mixin.py:188} INFO - [2024-03-09T11:20:20.788+0000] {dag.py:3047} INFO - Sync 1 DAGs
[2024-03-09T11:20:20.811+0000] {logging_mixin.py:188} INFO - [2024-03-09T11:20:20.810+0000] {dag.py:3834} INFO - Setting next_dagrun for example_sensors to None, run_after=None
[2024-03-09T11:20:20.838+0000] {processor.py:183} INFO - Processing /home/airflow/.local/lib/python3.8/site-packages/airflow/example_dags/example_sensors.py took 0.115 seconds
[2024-03-09T11:20:51.136+0000] {processor.py:161} INFO - Started process (PID=6690) to work on /home/airflow/.local/lib/python3.8/site-packages/airflow/example_dags/example_sensors.py
[2024-03-09T11:20:51.139+0000] {processor.py:830} INFO - Processing file /home/airflow/.local/lib/python3.8/site-packages/airflow/example_dags/example_sensors.py for tasks to queue
[2024-03-09T11:20:51.141+0000] {logging_mixin.py:188} INFO - [2024-03-09T11:20:51.141+0000] {dagbag.py:540} INFO - Filling up the DagBag from /home/airflow/.local/lib/python3.8/site-packages/airflow/example_dags/example_sensors.py
[2024-03-09T11:20:51.156+0000] {processor.py:840} INFO - DAG(s) 'example_sensors' retrieved from /home/airflow/.local/lib/python3.8/site-packages/airflow/example_dags/example_sensors.py
[2024-03-09T11:20:51.203+0000] {logging_mixin.py:188} INFO - [2024-03-09T11:20:51.202+0000] {dag.py:3047} INFO - Sync 1 DAGs
[2024-03-09T11:20:51.224+0000] {logging_mixin.py:188} INFO - [2024-03-09T11:20:51.224+0000] {dag.py:3834} INFO - Setting next_dagrun for example_sensors to None, run_after=None
[2024-03-09T11:20:51.252+0000] {processor.py:183} INFO - Processing /home/airflow/.local/lib/python3.8/site-packages/airflow/example_dags/example_sensors.py took 0.121 seconds
[2024-03-09T11:21:22.098+0000] {processor.py:161} INFO - Started process (PID=6937) to work on /home/airflow/.local/lib/python3.8/site-packages/airflow/example_dags/example_sensors.py
[2024-03-09T11:21:22.100+0000] {processor.py:830} INFO - Processing file /home/airflow/.local/lib/python3.8/site-packages/airflow/example_dags/example_sensors.py for tasks to queue
[2024-03-09T11:21:22.102+0000] {logging_mixin.py:188} INFO - [2024-03-09T11:21:22.101+0000] {dagbag.py:540} INFO - Filling up the DagBag from /home/airflow/.local/lib/python3.8/site-packages/airflow/example_dags/example_sensors.py
[2024-03-09T11:21:22.124+0000] {processor.py:840} INFO - DAG(s) 'example_sensors' retrieved from /home/airflow/.local/lib/python3.8/site-packages/airflow/example_dags/example_sensors.py
[2024-03-09T11:21:22.178+0000] {logging_mixin.py:188} INFO - [2024-03-09T11:21:22.177+0000] {dag.py:3047} INFO - Sync 1 DAGs
[2024-03-09T11:21:22.205+0000] {logging_mixin.py:188} INFO - [2024-03-09T11:21:22.205+0000] {dag.py:3834} INFO - Setting next_dagrun for example_sensors to None, run_after=None
[2024-03-09T11:21:22.257+0000] {processor.py:183} INFO - Processing /home/airflow/.local/lib/python3.8/site-packages/airflow/example_dags/example_sensors.py took 0.165 seconds
[2024-03-09T13:38:17.232+0000] {processor.py:161} INFO - Started process (PID=7179) to work on /home/airflow/.local/lib/python3.8/site-packages/airflow/example_dags/example_sensors.py
[2024-03-09T13:38:17.239+0000] {processor.py:830} INFO - Processing file /home/airflow/.local/lib/python3.8/site-packages/airflow/example_dags/example_sensors.py for tasks to queue
[2024-03-09T13:38:17.242+0000] {logging_mixin.py:188} INFO - [2024-03-09T13:38:17.241+0000] {dagbag.py:540} INFO - Filling up the DagBag from /home/airflow/.local/lib/python3.8/site-packages/airflow/example_dags/example_sensors.py
[2024-03-09T13:38:17.263+0000] {processor.py:840} INFO - DAG(s) 'example_sensors' retrieved from /home/airflow/.local/lib/python3.8/site-packages/airflow/example_dags/example_sensors.py
[2024-03-09T13:38:17.362+0000] {logging_mixin.py:188} INFO - [2024-03-09T13:38:17.361+0000] {dag.py:3047} INFO - Sync 1 DAGs
[2024-03-09T13:38:17.401+0000] {logging_mixin.py:188} INFO - [2024-03-09T13:38:17.401+0000] {dag.py:3834} INFO - Setting next_dagrun for example_sensors to None, run_after=None
[2024-03-09T13:38:17.477+0000] {processor.py:183} INFO - Processing /home/airflow/.local/lib/python3.8/site-packages/airflow/example_dags/example_sensors.py took 0.253 seconds
[2024-03-09T13:38:48.292+0000] {processor.py:161} INFO - Started process (PID=7428) to work on /home/airflow/.local/lib/python3.8/site-packages/airflow/example_dags/example_sensors.py
[2024-03-09T13:38:48.294+0000] {processor.py:830} INFO - Processing file /home/airflow/.local/lib/python3.8/site-packages/airflow/example_dags/example_sensors.py for tasks to queue
[2024-03-09T13:38:48.296+0000] {logging_mixin.py:188} INFO - [2024-03-09T13:38:48.295+0000] {dagbag.py:540} INFO - Filling up the DagBag from /home/airflow/.local/lib/python3.8/site-packages/airflow/example_dags/example_sensors.py
[2024-03-09T13:38:48.313+0000] {processor.py:840} INFO - DAG(s) 'example_sensors' retrieved from /home/airflow/.local/lib/python3.8/site-packages/airflow/example_dags/example_sensors.py
[2024-03-09T13:38:48.367+0000] {logging_mixin.py:188} INFO - [2024-03-09T13:38:48.366+0000] {dag.py:3047} INFO - Sync 1 DAGs
[2024-03-09T13:38:48.389+0000] {logging_mixin.py:188} INFO - [2024-03-09T13:38:48.389+0000] {dag.py:3834} INFO - Setting next_dagrun for example_sensors to None, run_after=None
[2024-03-09T13:38:48.419+0000] {processor.py:183} INFO - Processing /home/airflow/.local/lib/python3.8/site-packages/airflow/example_dags/example_sensors.py took 0.133 seconds
[2024-03-09T13:39:19.781+0000] {processor.py:161} INFO - Started process (PID=7675) to work on /home/airflow/.local/lib/python3.8/site-packages/airflow/example_dags/example_sensors.py
[2024-03-09T13:39:19.783+0000] {processor.py:830} INFO - Processing file /home/airflow/.local/lib/python3.8/site-packages/airflow/example_dags/example_sensors.py for tasks to queue
[2024-03-09T13:39:19.785+0000] {logging_mixin.py:188} INFO - [2024-03-09T13:39:19.784+0000] {dagbag.py:540} INFO - Filling up the DagBag from /home/airflow/.local/lib/python3.8/site-packages/airflow/example_dags/example_sensors.py
[2024-03-09T13:39:19.801+0000] {processor.py:840} INFO - DAG(s) 'example_sensors' retrieved from /home/airflow/.local/lib/python3.8/site-packages/airflow/example_dags/example_sensors.py
[2024-03-09T13:39:19.843+0000] {logging_mixin.py:188} INFO - [2024-03-09T13:39:19.842+0000] {dag.py:3047} INFO - Sync 1 DAGs
[2024-03-09T13:39:19.865+0000] {logging_mixin.py:188} INFO - [2024-03-09T13:39:19.864+0000] {dag.py:3834} INFO - Setting next_dagrun for example_sensors to None, run_after=None
[2024-03-09T13:39:19.901+0000] {processor.py:183} INFO - Processing /home/airflow/.local/lib/python3.8/site-packages/airflow/example_dags/example_sensors.py took 0.125 seconds
[2024-03-09T13:39:49.997+0000] {processor.py:161} INFO - Started process (PID=7920) to work on /home/airflow/.local/lib/python3.8/site-packages/airflow/example_dags/example_sensors.py
[2024-03-09T13:39:49.999+0000] {processor.py:830} INFO - Processing file /home/airflow/.local/lib/python3.8/site-packages/airflow/example_dags/example_sensors.py for tasks to queue
[2024-03-09T13:39:50.001+0000] {logging_mixin.py:188} INFO - [2024-03-09T13:39:50.000+0000] {dagbag.py:540} INFO - Filling up the DagBag from /home/airflow/.local/lib/python3.8/site-packages/airflow/example_dags/example_sensors.py
[2024-03-09T13:39:50.022+0000] {processor.py:840} INFO - DAG(s) 'example_sensors' retrieved from /home/airflow/.local/lib/python3.8/site-packages/airflow/example_dags/example_sensors.py
[2024-03-09T13:39:50.076+0000] {logging_mixin.py:188} INFO - [2024-03-09T13:39:50.075+0000] {dag.py:3047} INFO - Sync 1 DAGs
[2024-03-09T13:39:50.102+0000] {logging_mixin.py:188} INFO - [2024-03-09T13:39:50.102+0000] {dag.py:3834} INFO - Setting next_dagrun for example_sensors to None, run_after=None
[2024-03-09T13:39:50.133+0000] {processor.py:183} INFO - Processing /home/airflow/.local/lib/python3.8/site-packages/airflow/example_dags/example_sensors.py took 0.143 seconds
[2024-03-09T13:40:20.393+0000] {processor.py:161} INFO - Started process (PID=8167) to work on /home/airflow/.local/lib/python3.8/site-packages/airflow/example_dags/example_sensors.py
[2024-03-09T13:40:20.396+0000] {processor.py:830} INFO - Processing file /home/airflow/.local/lib/python3.8/site-packages/airflow/example_dags/example_sensors.py for tasks to queue
[2024-03-09T13:40:20.398+0000] {logging_mixin.py:188} INFO - [2024-03-09T13:40:20.397+0000] {dagbag.py:540} INFO - Filling up the DagBag from /home/airflow/.local/lib/python3.8/site-packages/airflow/example_dags/example_sensors.py
[2024-03-09T13:40:20.416+0000] {processor.py:840} INFO - DAG(s) 'example_sensors' retrieved from /home/airflow/.local/lib/python3.8/site-packages/airflow/example_dags/example_sensors.py
[2024-03-09T13:40:20.455+0000] {logging_mixin.py:188} INFO - [2024-03-09T13:40:20.455+0000] {dag.py:3047} INFO - Sync 1 DAGs
[2024-03-09T13:40:20.477+0000] {logging_mixin.py:188} INFO - [2024-03-09T13:40:20.477+0000] {dag.py:3834} INFO - Setting next_dagrun for example_sensors to None, run_after=None
[2024-03-09T13:40:20.509+0000] {processor.py:183} INFO - Processing /home/airflow/.local/lib/python3.8/site-packages/airflow/example_dags/example_sensors.py took 0.121 seconds
[2024-03-09T13:40:50.651+0000] {processor.py:161} INFO - Started process (PID=8414) to work on /home/airflow/.local/lib/python3.8/site-packages/airflow/example_dags/example_sensors.py
[2024-03-09T13:40:50.653+0000] {processor.py:830} INFO - Processing file /home/airflow/.local/lib/python3.8/site-packages/airflow/example_dags/example_sensors.py for tasks to queue
[2024-03-09T13:40:50.655+0000] {logging_mixin.py:188} INFO - [2024-03-09T13:40:50.655+0000] {dagbag.py:540} INFO - Filling up the DagBag from /home/airflow/.local/lib/python3.8/site-packages/airflow/example_dags/example_sensors.py
[2024-03-09T13:40:50.671+0000] {processor.py:840} INFO - DAG(s) 'example_sensors' retrieved from /home/airflow/.local/lib/python3.8/site-packages/airflow/example_dags/example_sensors.py
[2024-03-09T13:40:50.714+0000] {logging_mixin.py:188} INFO - [2024-03-09T13:40:50.713+0000] {dag.py:3047} INFO - Sync 1 DAGs
[2024-03-09T13:40:50.741+0000] {logging_mixin.py:188} INFO - [2024-03-09T13:40:50.740+0000] {dag.py:3834} INFO - Setting next_dagrun for example_sensors to None, run_after=None
[2024-03-09T13:40:50.773+0000] {processor.py:183} INFO - Processing /home/airflow/.local/lib/python3.8/site-packages/airflow/example_dags/example_sensors.py took 0.127 seconds
[2024-03-09T13:41:20.933+0000] {processor.py:161} INFO - Started process (PID=8658) to work on /home/airflow/.local/lib/python3.8/site-packages/airflow/example_dags/example_sensors.py
[2024-03-09T13:41:20.935+0000] {processor.py:830} INFO - Processing file /home/airflow/.local/lib/python3.8/site-packages/airflow/example_dags/example_sensors.py for tasks to queue
[2024-03-09T13:41:20.937+0000] {logging_mixin.py:188} INFO - [2024-03-09T13:41:20.936+0000] {dagbag.py:540} INFO - Filling up the DagBag from /home/airflow/.local/lib/python3.8/site-packages/airflow/example_dags/example_sensors.py
[2024-03-09T13:41:20.954+0000] {processor.py:840} INFO - DAG(s) 'example_sensors' retrieved from /home/airflow/.local/lib/python3.8/site-packages/airflow/example_dags/example_sensors.py
[2024-03-09T13:41:20.997+0000] {logging_mixin.py:188} INFO - [2024-03-09T13:41:20.997+0000] {dag.py:3047} INFO - Sync 1 DAGs
[2024-03-09T13:41:21.021+0000] {logging_mixin.py:188} INFO - [2024-03-09T13:41:21.020+0000] {dag.py:3834} INFO - Setting next_dagrun for example_sensors to None, run_after=None
[2024-03-09T13:41:21.059+0000] {processor.py:183} INFO - Processing /home/airflow/.local/lib/python3.8/site-packages/airflow/example_dags/example_sensors.py took 0.133 seconds
[2024-03-09T13:41:51.699+0000] {processor.py:161} INFO - Started process (PID=8903) to work on /home/airflow/.local/lib/python3.8/site-packages/airflow/example_dags/example_sensors.py
[2024-03-09T13:41:51.701+0000] {processor.py:830} INFO - Processing file /home/airflow/.local/lib/python3.8/site-packages/airflow/example_dags/example_sensors.py for tasks to queue
[2024-03-09T13:41:51.703+0000] {logging_mixin.py:188} INFO - [2024-03-09T13:41:51.703+0000] {dagbag.py:540} INFO - Filling up the DagBag from /home/airflow/.local/lib/python3.8/site-packages/airflow/example_dags/example_sensors.py
[2024-03-09T13:41:51.724+0000] {processor.py:840} INFO - DAG(s) 'example_sensors' retrieved from /home/airflow/.local/lib/python3.8/site-packages/airflow/example_dags/example_sensors.py
[2024-03-09T13:41:51.762+0000] {logging_mixin.py:188} INFO - [2024-03-09T13:41:51.762+0000] {dag.py:3047} INFO - Sync 1 DAGs
[2024-03-09T13:41:51.787+0000] {logging_mixin.py:188} INFO - [2024-03-09T13:41:51.786+0000] {dag.py:3834} INFO - Setting next_dagrun for example_sensors to None, run_after=None
[2024-03-09T13:41:51.822+0000] {processor.py:183} INFO - Processing /home/airflow/.local/lib/python3.8/site-packages/airflow/example_dags/example_sensors.py took 0.127 seconds
[2024-03-09T13:42:22.137+0000] {processor.py:161} INFO - Started process (PID=9150) to work on /home/airflow/.local/lib/python3.8/site-packages/airflow/example_dags/example_sensors.py
[2024-03-09T13:42:22.139+0000] {processor.py:830} INFO - Processing file /home/airflow/.local/lib/python3.8/site-packages/airflow/example_dags/example_sensors.py for tasks to queue
[2024-03-09T13:42:22.141+0000] {logging_mixin.py:188} INFO - [2024-03-09T13:42:22.140+0000] {dagbag.py:540} INFO - Filling up the DagBag from /home/airflow/.local/lib/python3.8/site-packages/airflow/example_dags/example_sensors.py
[2024-03-09T13:42:22.155+0000] {processor.py:840} INFO - DAG(s) 'example_sensors' retrieved from /home/airflow/.local/lib/python3.8/site-packages/airflow/example_dags/example_sensors.py
[2024-03-09T13:42:22.190+0000] {logging_mixin.py:188} INFO - [2024-03-09T13:42:22.190+0000] {dag.py:3047} INFO - Sync 1 DAGs
[2024-03-09T13:42:22.215+0000] {logging_mixin.py:188} INFO - [2024-03-09T13:42:22.214+0000] {dag.py:3834} INFO - Setting next_dagrun for example_sensors to None, run_after=None
[2024-03-09T13:42:22.246+0000] {processor.py:183} INFO - Processing /home/airflow/.local/lib/python3.8/site-packages/airflow/example_dags/example_sensors.py took 0.114 seconds
[2024-03-09T13:42:52.421+0000] {processor.py:161} INFO - Started process (PID=9397) to work on /home/airflow/.local/lib/python3.8/site-packages/airflow/example_dags/example_sensors.py
[2024-03-09T13:42:52.423+0000] {processor.py:830} INFO - Processing file /home/airflow/.local/lib/python3.8/site-packages/airflow/example_dags/example_sensors.py for tasks to queue
[2024-03-09T13:42:52.425+0000] {logging_mixin.py:188} INFO - [2024-03-09T13:42:52.424+0000] {dagbag.py:540} INFO - Filling up the DagBag from /home/airflow/.local/lib/python3.8/site-packages/airflow/example_dags/example_sensors.py
[2024-03-09T13:42:52.441+0000] {processor.py:840} INFO - DAG(s) 'example_sensors' retrieved from /home/airflow/.local/lib/python3.8/site-packages/airflow/example_dags/example_sensors.py
[2024-03-09T13:42:52.488+0000] {logging_mixin.py:188} INFO - [2024-03-09T13:42:52.488+0000] {dag.py:3047} INFO - Sync 1 DAGs
[2024-03-09T13:42:52.509+0000] {logging_mixin.py:188} INFO - [2024-03-09T13:42:52.509+0000] {dag.py:3834} INFO - Setting next_dagrun for example_sensors to None, run_after=None
[2024-03-09T13:42:52.542+0000] {processor.py:183} INFO - Processing /home/airflow/.local/lib/python3.8/site-packages/airflow/example_dags/example_sensors.py took 0.127 seconds
[2024-03-09T13:43:22.670+0000] {processor.py:161} INFO - Started process (PID=9644) to work on /home/airflow/.local/lib/python3.8/site-packages/airflow/example_dags/example_sensors.py
[2024-03-09T13:43:22.671+0000] {processor.py:830} INFO - Processing file /home/airflow/.local/lib/python3.8/site-packages/airflow/example_dags/example_sensors.py for tasks to queue
[2024-03-09T13:43:22.673+0000] {logging_mixin.py:188} INFO - [2024-03-09T13:43:22.672+0000] {dagbag.py:540} INFO - Filling up the DagBag from /home/airflow/.local/lib/python3.8/site-packages/airflow/example_dags/example_sensors.py
[2024-03-09T13:43:22.688+0000] {processor.py:840} INFO - DAG(s) 'example_sensors' retrieved from /home/airflow/.local/lib/python3.8/site-packages/airflow/example_dags/example_sensors.py
[2024-03-09T13:43:22.732+0000] {logging_mixin.py:188} INFO - [2024-03-09T13:43:22.731+0000] {dag.py:3047} INFO - Sync 1 DAGs
[2024-03-09T13:43:22.754+0000] {logging_mixin.py:188} INFO - [2024-03-09T13:43:22.754+0000] {dag.py:3834} INFO - Setting next_dagrun for example_sensors to None, run_after=None
[2024-03-09T13:43:22.787+0000] {processor.py:183} INFO - Processing /home/airflow/.local/lib/python3.8/site-packages/airflow/example_dags/example_sensors.py took 0.122 seconds
[2024-03-09T13:43:53.581+0000] {processor.py:161} INFO - Started process (PID=9891) to work on /home/airflow/.local/lib/python3.8/site-packages/airflow/example_dags/example_sensors.py
[2024-03-09T13:43:53.583+0000] {processor.py:830} INFO - Processing file /home/airflow/.local/lib/python3.8/site-packages/airflow/example_dags/example_sensors.py for tasks to queue
[2024-03-09T13:43:53.585+0000] {logging_mixin.py:188} INFO - [2024-03-09T13:43:53.585+0000] {dagbag.py:540} INFO - Filling up the DagBag from /home/airflow/.local/lib/python3.8/site-packages/airflow/example_dags/example_sensors.py
[2024-03-09T13:43:53.601+0000] {processor.py:840} INFO - DAG(s) 'example_sensors' retrieved from /home/airflow/.local/lib/python3.8/site-packages/airflow/example_dags/example_sensors.py
[2024-03-09T13:43:53.641+0000] {logging_mixin.py:188} INFO - [2024-03-09T13:43:53.641+0000] {dag.py:3047} INFO - Sync 1 DAGs
[2024-03-09T13:43:53.661+0000] {logging_mixin.py:188} INFO - [2024-03-09T13:43:53.661+0000] {dag.py:3834} INFO - Setting next_dagrun for example_sensors to None, run_after=None
[2024-03-09T13:43:53.693+0000] {processor.py:183} INFO - Processing /home/airflow/.local/lib/python3.8/site-packages/airflow/example_dags/example_sensors.py took 0.117 seconds
