[2024-03-09T11:07:34.000+0000] {processor.py:161} INFO - Started process (PID=354) to work on /home/airflow/.local/lib/python3.8/site-packages/airflow/example_dags/example_trigger_controller_dag.py
[2024-03-09T11:07:34.003+0000] {processor.py:830} INFO - Processing file /home/airflow/.local/lib/python3.8/site-packages/airflow/example_dags/example_trigger_controller_dag.py for tasks to queue
[2024-03-09T11:07:34.007+0000] {logging_mixin.py:188} INFO - [2024-03-09T11:07:34.005+0000] {dagbag.py:540} INFO - Filling up the DagBag from /home/airflow/.local/lib/python3.8/site-packages/airflow/example_dags/example_trigger_controller_dag.py
[2024-03-09T11:07:34.023+0000] {processor.py:840} INFO - DAG(s) 'example_trigger_controller_dag' retrieved from /home/airflow/.local/lib/python3.8/site-packages/airflow/example_dags/example_trigger_controller_dag.py
[2024-03-09T11:07:34.248+0000] {logging_mixin.py:188} INFO - [2024-03-09T11:07:34.247+0000] {dag.py:3047} INFO - Sync 1 DAGs
[2024-03-09T11:07:34.288+0000] {logging_mixin.py:188} INFO - [2024-03-09T11:07:34.287+0000] {dag.py:3834} INFO - Setting next_dagrun for example_trigger_controller_dag to 2021-01-01 00:00:00+00:00, run_after=2021-01-01 00:00:00+00:00
[2024-03-09T11:07:34.319+0000] {processor.py:183} INFO - Processing /home/airflow/.local/lib/python3.8/site-packages/airflow/example_dags/example_trigger_controller_dag.py took 0.325 seconds
[2024-03-09T11:08:04.375+0000] {processor.py:161} INFO - Started process (PID=600) to work on /home/airflow/.local/lib/python3.8/site-packages/airflow/example_dags/example_trigger_controller_dag.py
[2024-03-09T11:08:04.378+0000] {processor.py:830} INFO - Processing file /home/airflow/.local/lib/python3.8/site-packages/airflow/example_dags/example_trigger_controller_dag.py for tasks to queue
[2024-03-09T11:08:04.380+0000] {logging_mixin.py:188} INFO - [2024-03-09T11:08:04.379+0000] {dagbag.py:540} INFO - Filling up the DagBag from /home/airflow/.local/lib/python3.8/site-packages/airflow/example_dags/example_trigger_controller_dag.py
[2024-03-09T11:08:04.393+0000] {processor.py:840} INFO - DAG(s) 'example_trigger_controller_dag' retrieved from /home/airflow/.local/lib/python3.8/site-packages/airflow/example_dags/example_trigger_controller_dag.py
[2024-03-09T11:08:04.435+0000] {logging_mixin.py:188} INFO - [2024-03-09T11:08:04.435+0000] {dag.py:3047} INFO - Sync 1 DAGs
[2024-03-09T11:08:04.480+0000] {logging_mixin.py:188} INFO - [2024-03-09T11:08:04.480+0000] {dag.py:3834} INFO - Setting next_dagrun for example_trigger_controller_dag to 2021-01-01 00:00:00+00:00, run_after=2021-01-01 00:00:00+00:00
[2024-03-09T11:08:04.515+0000] {processor.py:183} INFO - Processing /home/airflow/.local/lib/python3.8/site-packages/airflow/example_dags/example_trigger_controller_dag.py took 0.145 seconds
[2024-03-09T11:08:35.019+0000] {processor.py:161} INFO - Started process (PID=847) to work on /home/airflow/.local/lib/python3.8/site-packages/airflow/example_dags/example_trigger_controller_dag.py
[2024-03-09T11:08:35.020+0000] {processor.py:830} INFO - Processing file /home/airflow/.local/lib/python3.8/site-packages/airflow/example_dags/example_trigger_controller_dag.py for tasks to queue
[2024-03-09T11:08:35.022+0000] {logging_mixin.py:188} INFO - [2024-03-09T11:08:35.022+0000] {dagbag.py:540} INFO - Filling up the DagBag from /home/airflow/.local/lib/python3.8/site-packages/airflow/example_dags/example_trigger_controller_dag.py
[2024-03-09T11:08:35.033+0000] {processor.py:840} INFO - DAG(s) 'example_trigger_controller_dag' retrieved from /home/airflow/.local/lib/python3.8/site-packages/airflow/example_dags/example_trigger_controller_dag.py
[2024-03-09T11:08:35.069+0000] {logging_mixin.py:188} INFO - [2024-03-09T11:08:35.069+0000] {dag.py:3047} INFO - Sync 1 DAGs
[2024-03-09T11:08:35.106+0000] {logging_mixin.py:188} INFO - [2024-03-09T11:08:35.106+0000] {dag.py:3834} INFO - Setting next_dagrun for example_trigger_controller_dag to 2021-01-01 00:00:00+00:00, run_after=2021-01-01 00:00:00+00:00
[2024-03-09T11:08:35.139+0000] {processor.py:183} INFO - Processing /home/airflow/.local/lib/python3.8/site-packages/airflow/example_dags/example_trigger_controller_dag.py took 0.126 seconds
[2024-03-09T11:09:06.017+0000] {processor.py:161} INFO - Started process (PID=1095) to work on /home/airflow/.local/lib/python3.8/site-packages/airflow/example_dags/example_trigger_controller_dag.py
[2024-03-09T11:09:06.020+0000] {processor.py:830} INFO - Processing file /home/airflow/.local/lib/python3.8/site-packages/airflow/example_dags/example_trigger_controller_dag.py for tasks to queue
[2024-03-09T11:09:06.024+0000] {logging_mixin.py:188} INFO - [2024-03-09T11:09:06.023+0000] {dagbag.py:540} INFO - Filling up the DagBag from /home/airflow/.local/lib/python3.8/site-packages/airflow/example_dags/example_trigger_controller_dag.py
[2024-03-09T11:09:06.043+0000] {processor.py:840} INFO - DAG(s) 'example_trigger_controller_dag' retrieved from /home/airflow/.local/lib/python3.8/site-packages/airflow/example_dags/example_trigger_controller_dag.py
[2024-03-09T11:09:06.084+0000] {logging_mixin.py:188} INFO - [2024-03-09T11:09:06.084+0000] {dag.py:3047} INFO - Sync 1 DAGs
[2024-03-09T11:09:06.130+0000] {logging_mixin.py:188} INFO - [2024-03-09T11:09:06.130+0000] {dag.py:3834} INFO - Setting next_dagrun for example_trigger_controller_dag to 2021-01-01 00:00:00+00:00, run_after=2021-01-01 00:00:00+00:00
[2024-03-09T11:09:06.164+0000] {processor.py:183} INFO - Processing /home/airflow/.local/lib/python3.8/site-packages/airflow/example_dags/example_trigger_controller_dag.py took 0.158 seconds
[2024-03-09T11:09:36.309+0000] {processor.py:161} INFO - Started process (PID=1342) to work on /home/airflow/.local/lib/python3.8/site-packages/airflow/example_dags/example_trigger_controller_dag.py
[2024-03-09T11:09:36.310+0000] {processor.py:830} INFO - Processing file /home/airflow/.local/lib/python3.8/site-packages/airflow/example_dags/example_trigger_controller_dag.py for tasks to queue
[2024-03-09T11:09:36.313+0000] {logging_mixin.py:188} INFO - [2024-03-09T11:09:36.312+0000] {dagbag.py:540} INFO - Filling up the DagBag from /home/airflow/.local/lib/python3.8/site-packages/airflow/example_dags/example_trigger_controller_dag.py
[2024-03-09T11:09:36.320+0000] {processor.py:840} INFO - DAG(s) 'example_trigger_controller_dag' retrieved from /home/airflow/.local/lib/python3.8/site-packages/airflow/example_dags/example_trigger_controller_dag.py
[2024-03-09T11:09:36.358+0000] {logging_mixin.py:188} INFO - [2024-03-09T11:09:36.358+0000] {dag.py:3047} INFO - Sync 1 DAGs
[2024-03-09T11:09:36.406+0000] {logging_mixin.py:188} INFO - [2024-03-09T11:09:36.406+0000] {dag.py:3834} INFO - Setting next_dagrun for example_trigger_controller_dag to 2021-01-01 00:00:00+00:00, run_after=2021-01-01 00:00:00+00:00
[2024-03-09T11:09:36.445+0000] {processor.py:183} INFO - Processing /home/airflow/.local/lib/python3.8/site-packages/airflow/example_dags/example_trigger_controller_dag.py took 0.142 seconds
[2024-03-09T11:10:07.275+0000] {processor.py:161} INFO - Started process (PID=1589) to work on /home/airflow/.local/lib/python3.8/site-packages/airflow/example_dags/example_trigger_controller_dag.py
[2024-03-09T11:10:07.329+0000] {processor.py:830} INFO - Processing file /home/airflow/.local/lib/python3.8/site-packages/airflow/example_dags/example_trigger_controller_dag.py for tasks to queue
[2024-03-09T11:10:07.331+0000] {logging_mixin.py:188} INFO - [2024-03-09T11:10:07.331+0000] {dagbag.py:540} INFO - Filling up the DagBag from /home/airflow/.local/lib/python3.8/site-packages/airflow/example_dags/example_trigger_controller_dag.py
[2024-03-09T11:10:07.345+0000] {processor.py:840} INFO - DAG(s) 'example_trigger_controller_dag' retrieved from /home/airflow/.local/lib/python3.8/site-packages/airflow/example_dags/example_trigger_controller_dag.py
[2024-03-09T11:10:07.382+0000] {logging_mixin.py:188} INFO - [2024-03-09T11:10:07.381+0000] {dag.py:3047} INFO - Sync 1 DAGs
[2024-03-09T11:10:07.424+0000] {logging_mixin.py:188} INFO - [2024-03-09T11:10:07.423+0000] {dag.py:3834} INFO - Setting next_dagrun for example_trigger_controller_dag to 2021-01-01 00:00:00+00:00, run_after=2021-01-01 00:00:00+00:00
[2024-03-09T11:10:07.456+0000] {processor.py:183} INFO - Processing /home/airflow/.local/lib/python3.8/site-packages/airflow/example_dags/example_trigger_controller_dag.py took 0.190 seconds
[2024-03-09T11:10:38.114+0000] {processor.py:161} INFO - Started process (PID=1836) to work on /home/airflow/.local/lib/python3.8/site-packages/airflow/example_dags/example_trigger_controller_dag.py
[2024-03-09T11:10:38.117+0000] {processor.py:830} INFO - Processing file /home/airflow/.local/lib/python3.8/site-packages/airflow/example_dags/example_trigger_controller_dag.py for tasks to queue
[2024-03-09T11:10:38.118+0000] {logging_mixin.py:188} INFO - [2024-03-09T11:10:38.118+0000] {dagbag.py:540} INFO - Filling up the DagBag from /home/airflow/.local/lib/python3.8/site-packages/airflow/example_dags/example_trigger_controller_dag.py
[2024-03-09T11:10:38.126+0000] {processor.py:840} INFO - DAG(s) 'example_trigger_controller_dag' retrieved from /home/airflow/.local/lib/python3.8/site-packages/airflow/example_dags/example_trigger_controller_dag.py
[2024-03-09T11:10:38.160+0000] {logging_mixin.py:188} INFO - [2024-03-09T11:10:38.159+0000] {dag.py:3047} INFO - Sync 1 DAGs
[2024-03-09T11:10:38.198+0000] {logging_mixin.py:188} INFO - [2024-03-09T11:10:38.197+0000] {dag.py:3834} INFO - Setting next_dagrun for example_trigger_controller_dag to 2021-01-01 00:00:00+00:00, run_after=2021-01-01 00:00:00+00:00
[2024-03-09T11:10:38.228+0000] {processor.py:183} INFO - Processing /home/airflow/.local/lib/python3.8/site-packages/airflow/example_dags/example_trigger_controller_dag.py took 0.119 seconds
[2024-03-09T11:11:08.520+0000] {processor.py:161} INFO - Started process (PID=2083) to work on /home/airflow/.local/lib/python3.8/site-packages/airflow/example_dags/example_trigger_controller_dag.py
[2024-03-09T11:11:08.527+0000] {processor.py:830} INFO - Processing file /home/airflow/.local/lib/python3.8/site-packages/airflow/example_dags/example_trigger_controller_dag.py for tasks to queue
[2024-03-09T11:11:08.532+0000] {logging_mixin.py:188} INFO - [2024-03-09T11:11:08.531+0000] {dagbag.py:540} INFO - Filling up the DagBag from /home/airflow/.local/lib/python3.8/site-packages/airflow/example_dags/example_trigger_controller_dag.py
[2024-03-09T11:11:08.544+0000] {processor.py:840} INFO - DAG(s) 'example_trigger_controller_dag' retrieved from /home/airflow/.local/lib/python3.8/site-packages/airflow/example_dags/example_trigger_controller_dag.py
[2024-03-09T11:11:08.582+0000] {logging_mixin.py:188} INFO - [2024-03-09T11:11:08.582+0000] {dag.py:3047} INFO - Sync 1 DAGs
[2024-03-09T11:11:08.619+0000] {logging_mixin.py:188} INFO - [2024-03-09T11:11:08.618+0000] {dag.py:3834} INFO - Setting next_dagrun for example_trigger_controller_dag to 2021-01-01 00:00:00+00:00, run_after=2021-01-01 00:00:00+00:00
[2024-03-09T11:11:08.657+0000] {processor.py:183} INFO - Processing /home/airflow/.local/lib/python3.8/site-packages/airflow/example_dags/example_trigger_controller_dag.py took 0.144 seconds
[2024-03-09T11:11:39.114+0000] {processor.py:161} INFO - Started process (PID=2330) to work on /home/airflow/.local/lib/python3.8/site-packages/airflow/example_dags/example_trigger_controller_dag.py
[2024-03-09T11:11:39.117+0000] {processor.py:830} INFO - Processing file /home/airflow/.local/lib/python3.8/site-packages/airflow/example_dags/example_trigger_controller_dag.py for tasks to queue
[2024-03-09T11:11:39.119+0000] {logging_mixin.py:188} INFO - [2024-03-09T11:11:39.119+0000] {dagbag.py:540} INFO - Filling up the DagBag from /home/airflow/.local/lib/python3.8/site-packages/airflow/example_dags/example_trigger_controller_dag.py
[2024-03-09T11:11:39.129+0000] {processor.py:840} INFO - DAG(s) 'example_trigger_controller_dag' retrieved from /home/airflow/.local/lib/python3.8/site-packages/airflow/example_dags/example_trigger_controller_dag.py
[2024-03-09T11:11:39.165+0000] {logging_mixin.py:188} INFO - [2024-03-09T11:11:39.164+0000] {dag.py:3047} INFO - Sync 1 DAGs
[2024-03-09T11:11:39.207+0000] {logging_mixin.py:188} INFO - [2024-03-09T11:11:39.207+0000] {dag.py:3834} INFO - Setting next_dagrun for example_trigger_controller_dag to 2021-01-01 00:00:00+00:00, run_after=2021-01-01 00:00:00+00:00
[2024-03-09T11:11:39.247+0000] {processor.py:183} INFO - Processing /home/airflow/.local/lib/python3.8/site-packages/airflow/example_dags/example_trigger_controller_dag.py took 0.138 seconds
[2024-03-09T11:12:09.412+0000] {processor.py:161} INFO - Started process (PID=2578) to work on /home/airflow/.local/lib/python3.8/site-packages/airflow/example_dags/example_trigger_controller_dag.py
[2024-03-09T11:12:09.414+0000] {processor.py:830} INFO - Processing file /home/airflow/.local/lib/python3.8/site-packages/airflow/example_dags/example_trigger_controller_dag.py for tasks to queue
[2024-03-09T11:12:09.415+0000] {logging_mixin.py:188} INFO - [2024-03-09T11:12:09.415+0000] {dagbag.py:540} INFO - Filling up the DagBag from /home/airflow/.local/lib/python3.8/site-packages/airflow/example_dags/example_trigger_controller_dag.py
[2024-03-09T11:12:09.424+0000] {processor.py:840} INFO - DAG(s) 'example_trigger_controller_dag' retrieved from /home/airflow/.local/lib/python3.8/site-packages/airflow/example_dags/example_trigger_controller_dag.py
[2024-03-09T11:12:09.456+0000] {logging_mixin.py:188} INFO - [2024-03-09T11:12:09.455+0000] {dag.py:3047} INFO - Sync 1 DAGs
[2024-03-09T11:12:09.490+0000] {logging_mixin.py:188} INFO - [2024-03-09T11:12:09.489+0000] {dag.py:3834} INFO - Setting next_dagrun for example_trigger_controller_dag to 2021-01-01 00:00:00+00:00, run_after=2021-01-01 00:00:00+00:00
[2024-03-09T11:12:09.519+0000] {processor.py:183} INFO - Processing /home/airflow/.local/lib/python3.8/site-packages/airflow/example_dags/example_trigger_controller_dag.py took 0.112 seconds
[2024-03-09T11:12:39.665+0000] {processor.py:161} INFO - Started process (PID=2824) to work on /home/airflow/.local/lib/python3.8/site-packages/airflow/example_dags/example_trigger_controller_dag.py
[2024-03-09T11:12:39.667+0000] {processor.py:830} INFO - Processing file /home/airflow/.local/lib/python3.8/site-packages/airflow/example_dags/example_trigger_controller_dag.py for tasks to queue
[2024-03-09T11:12:39.669+0000] {logging_mixin.py:188} INFO - [2024-03-09T11:12:39.668+0000] {dagbag.py:540} INFO - Filling up the DagBag from /home/airflow/.local/lib/python3.8/site-packages/airflow/example_dags/example_trigger_controller_dag.py
[2024-03-09T11:12:39.678+0000] {processor.py:840} INFO - DAG(s) 'example_trigger_controller_dag' retrieved from /home/airflow/.local/lib/python3.8/site-packages/airflow/example_dags/example_trigger_controller_dag.py
[2024-03-09T11:12:39.712+0000] {logging_mixin.py:188} INFO - [2024-03-09T11:12:39.712+0000] {dag.py:3047} INFO - Sync 1 DAGs
[2024-03-09T11:12:39.747+0000] {logging_mixin.py:188} INFO - [2024-03-09T11:12:39.746+0000] {dag.py:3834} INFO - Setting next_dagrun for example_trigger_controller_dag to 2021-01-01 00:00:00+00:00, run_after=2021-01-01 00:00:00+00:00
[2024-03-09T11:12:39.787+0000] {processor.py:183} INFO - Processing /home/airflow/.local/lib/python3.8/site-packages/airflow/example_dags/example_trigger_controller_dag.py took 0.127 seconds
[2024-03-09T11:13:10.648+0000] {processor.py:161} INFO - Started process (PID=3073) to work on /home/airflow/.local/lib/python3.8/site-packages/airflow/example_dags/example_trigger_controller_dag.py
[2024-03-09T11:13:10.650+0000] {processor.py:830} INFO - Processing file /home/airflow/.local/lib/python3.8/site-packages/airflow/example_dags/example_trigger_controller_dag.py for tasks to queue
[2024-03-09T11:13:10.652+0000] {logging_mixin.py:188} INFO - [2024-03-09T11:13:10.651+0000] {dagbag.py:540} INFO - Filling up the DagBag from /home/airflow/.local/lib/python3.8/site-packages/airflow/example_dags/example_trigger_controller_dag.py
[2024-03-09T11:13:10.660+0000] {processor.py:840} INFO - DAG(s) 'example_trigger_controller_dag' retrieved from /home/airflow/.local/lib/python3.8/site-packages/airflow/example_dags/example_trigger_controller_dag.py
[2024-03-09T11:13:10.696+0000] {logging_mixin.py:188} INFO - [2024-03-09T11:13:10.696+0000] {dag.py:3047} INFO - Sync 1 DAGs
[2024-03-09T11:13:10.730+0000] {logging_mixin.py:188} INFO - [2024-03-09T11:13:10.730+0000] {dag.py:3834} INFO - Setting next_dagrun for example_trigger_controller_dag to 2021-01-01 00:00:00+00:00, run_after=2021-01-01 00:00:00+00:00
[2024-03-09T11:13:10.768+0000] {processor.py:183} INFO - Processing /home/airflow/.local/lib/python3.8/site-packages/airflow/example_dags/example_trigger_controller_dag.py took 0.125 seconds
[2024-03-09T11:13:46.822+0000] {processor.py:161} INFO - Started process (PID=3339) to work on /home/airflow/.local/lib/python3.8/site-packages/airflow/example_dags/example_trigger_controller_dag.py
[2024-03-09T11:13:46.824+0000] {processor.py:830} INFO - Processing file /home/airflow/.local/lib/python3.8/site-packages/airflow/example_dags/example_trigger_controller_dag.py for tasks to queue
[2024-03-09T11:13:46.826+0000] {logging_mixin.py:188} INFO - [2024-03-09T11:13:46.826+0000] {dagbag.py:540} INFO - Filling up the DagBag from /home/airflow/.local/lib/python3.8/site-packages/airflow/example_dags/example_trigger_controller_dag.py
[2024-03-09T11:13:46.835+0000] {processor.py:840} INFO - DAG(s) 'example_trigger_controller_dag' retrieved from /home/airflow/.local/lib/python3.8/site-packages/airflow/example_dags/example_trigger_controller_dag.py
[2024-03-09T11:13:46.872+0000] {logging_mixin.py:188} INFO - [2024-03-09T11:13:46.872+0000] {dag.py:3047} INFO - Sync 1 DAGs
[2024-03-09T11:13:46.915+0000] {logging_mixin.py:188} INFO - [2024-03-09T11:13:46.915+0000] {dag.py:3834} INFO - Setting next_dagrun for example_trigger_controller_dag to 2021-01-01 00:00:00+00:00, run_after=2021-01-01 00:00:00+00:00
[2024-03-09T11:13:46.950+0000] {processor.py:183} INFO - Processing /home/airflow/.local/lib/python3.8/site-packages/airflow/example_dags/example_trigger_controller_dag.py took 0.133 seconds
[2024-03-09T11:14:17.178+0000] {processor.py:161} INFO - Started process (PID=3589) to work on /home/airflow/.local/lib/python3.8/site-packages/airflow/example_dags/example_trigger_controller_dag.py
[2024-03-09T11:14:17.180+0000] {processor.py:830} INFO - Processing file /home/airflow/.local/lib/python3.8/site-packages/airflow/example_dags/example_trigger_controller_dag.py for tasks to queue
[2024-03-09T11:14:17.182+0000] {logging_mixin.py:188} INFO - [2024-03-09T11:14:17.182+0000] {dagbag.py:540} INFO - Filling up the DagBag from /home/airflow/.local/lib/python3.8/site-packages/airflow/example_dags/example_trigger_controller_dag.py
[2024-03-09T11:14:17.190+0000] {processor.py:840} INFO - DAG(s) 'example_trigger_controller_dag' retrieved from /home/airflow/.local/lib/python3.8/site-packages/airflow/example_dags/example_trigger_controller_dag.py
[2024-03-09T11:14:17.226+0000] {logging_mixin.py:188} INFO - [2024-03-09T11:14:17.225+0000] {dag.py:3047} INFO - Sync 1 DAGs
[2024-03-09T11:14:17.263+0000] {logging_mixin.py:188} INFO - [2024-03-09T11:14:17.262+0000] {dag.py:3834} INFO - Setting next_dagrun for example_trigger_controller_dag to 2021-01-01 00:00:00+00:00, run_after=2021-01-01 00:00:00+00:00
[2024-03-09T11:14:17.297+0000] {processor.py:183} INFO - Processing /home/airflow/.local/lib/python3.8/site-packages/airflow/example_dags/example_trigger_controller_dag.py took 0.125 seconds
[2024-03-09T11:14:47.602+0000] {processor.py:161} INFO - Started process (PID=3836) to work on /home/airflow/.local/lib/python3.8/site-packages/airflow/example_dags/example_trigger_controller_dag.py
[2024-03-09T11:14:47.604+0000] {processor.py:830} INFO - Processing file /home/airflow/.local/lib/python3.8/site-packages/airflow/example_dags/example_trigger_controller_dag.py for tasks to queue
[2024-03-09T11:14:47.606+0000] {logging_mixin.py:188} INFO - [2024-03-09T11:14:47.606+0000] {dagbag.py:540} INFO - Filling up the DagBag from /home/airflow/.local/lib/python3.8/site-packages/airflow/example_dags/example_trigger_controller_dag.py
[2024-03-09T11:14:47.616+0000] {processor.py:840} INFO - DAG(s) 'example_trigger_controller_dag' retrieved from /home/airflow/.local/lib/python3.8/site-packages/airflow/example_dags/example_trigger_controller_dag.py
[2024-03-09T11:14:47.653+0000] {logging_mixin.py:188} INFO - [2024-03-09T11:14:47.652+0000] {dag.py:3047} INFO - Sync 1 DAGs
[2024-03-09T11:14:47.695+0000] {logging_mixin.py:188} INFO - [2024-03-09T11:14:47.694+0000] {dag.py:3834} INFO - Setting next_dagrun for example_trigger_controller_dag to 2021-01-01 00:00:00+00:00, run_after=2021-01-01 00:00:00+00:00
[2024-03-09T11:14:47.727+0000] {processor.py:183} INFO - Processing /home/airflow/.local/lib/python3.8/site-packages/airflow/example_dags/example_trigger_controller_dag.py took 0.131 seconds
[2024-03-09T11:15:18.260+0000] {processor.py:161} INFO - Started process (PID=4083) to work on /home/airflow/.local/lib/python3.8/site-packages/airflow/example_dags/example_trigger_controller_dag.py
[2024-03-09T11:15:18.262+0000] {processor.py:830} INFO - Processing file /home/airflow/.local/lib/python3.8/site-packages/airflow/example_dags/example_trigger_controller_dag.py for tasks to queue
[2024-03-09T11:15:18.264+0000] {logging_mixin.py:188} INFO - [2024-03-09T11:15:18.264+0000] {dagbag.py:540} INFO - Filling up the DagBag from /home/airflow/.local/lib/python3.8/site-packages/airflow/example_dags/example_trigger_controller_dag.py
[2024-03-09T11:15:18.276+0000] {processor.py:840} INFO - DAG(s) 'example_trigger_controller_dag' retrieved from /home/airflow/.local/lib/python3.8/site-packages/airflow/example_dags/example_trigger_controller_dag.py
[2024-03-09T11:15:18.312+0000] {logging_mixin.py:188} INFO - [2024-03-09T11:15:18.312+0000] {dag.py:3047} INFO - Sync 1 DAGs
[2024-03-09T11:15:18.354+0000] {logging_mixin.py:188} INFO - [2024-03-09T11:15:18.354+0000] {dag.py:3834} INFO - Setting next_dagrun for example_trigger_controller_dag to 2021-01-01 00:00:00+00:00, run_after=2021-01-01 00:00:00+00:00
[2024-03-09T11:15:18.392+0000] {processor.py:183} INFO - Processing /home/airflow/.local/lib/python3.8/site-packages/airflow/example_dags/example_trigger_controller_dag.py took 0.137 seconds
[2024-03-09T11:15:48.770+0000] {processor.py:161} INFO - Started process (PID=4330) to work on /home/airflow/.local/lib/python3.8/site-packages/airflow/example_dags/example_trigger_controller_dag.py
[2024-03-09T11:15:48.772+0000] {processor.py:830} INFO - Processing file /home/airflow/.local/lib/python3.8/site-packages/airflow/example_dags/example_trigger_controller_dag.py for tasks to queue
[2024-03-09T11:15:48.774+0000] {logging_mixin.py:188} INFO - [2024-03-09T11:15:48.773+0000] {dagbag.py:540} INFO - Filling up the DagBag from /home/airflow/.local/lib/python3.8/site-packages/airflow/example_dags/example_trigger_controller_dag.py
[2024-03-09T11:15:48.784+0000] {processor.py:840} INFO - DAG(s) 'example_trigger_controller_dag' retrieved from /home/airflow/.local/lib/python3.8/site-packages/airflow/example_dags/example_trigger_controller_dag.py
[2024-03-09T11:15:48.824+0000] {logging_mixin.py:188} INFO - [2024-03-09T11:15:48.823+0000] {dag.py:3047} INFO - Sync 1 DAGs
[2024-03-09T11:15:48.875+0000] {logging_mixin.py:188} INFO - [2024-03-09T11:15:48.874+0000] {dag.py:3834} INFO - Setting next_dagrun for example_trigger_controller_dag to 2021-01-01 00:00:00+00:00, run_after=2021-01-01 00:00:00+00:00
[2024-03-09T11:15:48.930+0000] {processor.py:183} INFO - Processing /home/airflow/.local/lib/python3.8/site-packages/airflow/example_dags/example_trigger_controller_dag.py took 0.168 seconds
[2024-03-09T11:16:19.807+0000] {processor.py:161} INFO - Started process (PID=4577) to work on /home/airflow/.local/lib/python3.8/site-packages/airflow/example_dags/example_trigger_controller_dag.py
[2024-03-09T11:16:19.809+0000] {processor.py:830} INFO - Processing file /home/airflow/.local/lib/python3.8/site-packages/airflow/example_dags/example_trigger_controller_dag.py for tasks to queue
[2024-03-09T11:16:19.811+0000] {logging_mixin.py:188} INFO - [2024-03-09T11:16:19.811+0000] {dagbag.py:540} INFO - Filling up the DagBag from /home/airflow/.local/lib/python3.8/site-packages/airflow/example_dags/example_trigger_controller_dag.py
[2024-03-09T11:16:19.819+0000] {processor.py:840} INFO - DAG(s) 'example_trigger_controller_dag' retrieved from /home/airflow/.local/lib/python3.8/site-packages/airflow/example_dags/example_trigger_controller_dag.py
[2024-03-09T11:16:19.850+0000] {logging_mixin.py:188} INFO - [2024-03-09T11:16:19.850+0000] {dag.py:3047} INFO - Sync 1 DAGs
[2024-03-09T11:16:19.881+0000] {logging_mixin.py:188} INFO - [2024-03-09T11:16:19.881+0000] {dag.py:3834} INFO - Setting next_dagrun for example_trigger_controller_dag to 2021-01-01 00:00:00+00:00, run_after=2021-01-01 00:00:00+00:00
[2024-03-09T11:16:19.910+0000] {processor.py:183} INFO - Processing /home/airflow/.local/lib/python3.8/site-packages/airflow/example_dags/example_trigger_controller_dag.py took 0.110 seconds
[2024-03-09T11:16:50.107+0000] {processor.py:161} INFO - Started process (PID=4824) to work on /home/airflow/.local/lib/python3.8/site-packages/airflow/example_dags/example_trigger_controller_dag.py
[2024-03-09T11:16:50.109+0000] {processor.py:830} INFO - Processing file /home/airflow/.local/lib/python3.8/site-packages/airflow/example_dags/example_trigger_controller_dag.py for tasks to queue
[2024-03-09T11:16:50.111+0000] {logging_mixin.py:188} INFO - [2024-03-09T11:16:50.110+0000] {dagbag.py:540} INFO - Filling up the DagBag from /home/airflow/.local/lib/python3.8/site-packages/airflow/example_dags/example_trigger_controller_dag.py
[2024-03-09T11:16:50.118+0000] {processor.py:840} INFO - DAG(s) 'example_trigger_controller_dag' retrieved from /home/airflow/.local/lib/python3.8/site-packages/airflow/example_dags/example_trigger_controller_dag.py
[2024-03-09T11:16:50.150+0000] {logging_mixin.py:188} INFO - [2024-03-09T11:16:50.150+0000] {dag.py:3047} INFO - Sync 1 DAGs
[2024-03-09T11:16:50.193+0000] {logging_mixin.py:188} INFO - [2024-03-09T11:16:50.193+0000] {dag.py:3834} INFO - Setting next_dagrun for example_trigger_controller_dag to 2021-01-01 00:00:00+00:00, run_after=2021-01-01 00:00:00+00:00
[2024-03-09T11:16:50.223+0000] {processor.py:183} INFO - Processing /home/airflow/.local/lib/python3.8/site-packages/airflow/example_dags/example_trigger_controller_dag.py took 0.121 seconds
[2024-03-09T11:17:20.676+0000] {processor.py:161} INFO - Started process (PID=5071) to work on /home/airflow/.local/lib/python3.8/site-packages/airflow/example_dags/example_trigger_controller_dag.py
[2024-03-09T11:17:20.678+0000] {processor.py:830} INFO - Processing file /home/airflow/.local/lib/python3.8/site-packages/airflow/example_dags/example_trigger_controller_dag.py for tasks to queue
[2024-03-09T11:17:20.680+0000] {logging_mixin.py:188} INFO - [2024-03-09T11:17:20.680+0000] {dagbag.py:540} INFO - Filling up the DagBag from /home/airflow/.local/lib/python3.8/site-packages/airflow/example_dags/example_trigger_controller_dag.py
[2024-03-09T11:17:20.689+0000] {processor.py:840} INFO - DAG(s) 'example_trigger_controller_dag' retrieved from /home/airflow/.local/lib/python3.8/site-packages/airflow/example_dags/example_trigger_controller_dag.py
[2024-03-09T11:17:20.724+0000] {logging_mixin.py:188} INFO - [2024-03-09T11:17:20.723+0000] {dag.py:3047} INFO - Sync 1 DAGs
[2024-03-09T11:17:20.762+0000] {logging_mixin.py:188} INFO - [2024-03-09T11:17:20.762+0000] {dag.py:3834} INFO - Setting next_dagrun for example_trigger_controller_dag to 2021-01-01 00:00:00+00:00, run_after=2021-01-01 00:00:00+00:00
[2024-03-09T11:17:20.800+0000] {processor.py:183} INFO - Processing /home/airflow/.local/lib/python3.8/site-packages/airflow/example_dags/example_trigger_controller_dag.py took 0.130 seconds
[2024-03-09T11:17:51.031+0000] {processor.py:161} INFO - Started process (PID=5318) to work on /home/airflow/.local/lib/python3.8/site-packages/airflow/example_dags/example_trigger_controller_dag.py
[2024-03-09T11:17:51.033+0000] {processor.py:830} INFO - Processing file /home/airflow/.local/lib/python3.8/site-packages/airflow/example_dags/example_trigger_controller_dag.py for tasks to queue
[2024-03-09T11:17:51.035+0000] {logging_mixin.py:188} INFO - [2024-03-09T11:17:51.035+0000] {dagbag.py:540} INFO - Filling up the DagBag from /home/airflow/.local/lib/python3.8/site-packages/airflow/example_dags/example_trigger_controller_dag.py
[2024-03-09T11:17:51.043+0000] {processor.py:840} INFO - DAG(s) 'example_trigger_controller_dag' retrieved from /home/airflow/.local/lib/python3.8/site-packages/airflow/example_dags/example_trigger_controller_dag.py
[2024-03-09T11:17:51.074+0000] {logging_mixin.py:188} INFO - [2024-03-09T11:17:51.073+0000] {dag.py:3047} INFO - Sync 1 DAGs
[2024-03-09T11:17:51.111+0000] {logging_mixin.py:188} INFO - [2024-03-09T11:17:51.110+0000] {dag.py:3834} INFO - Setting next_dagrun for example_trigger_controller_dag to 2021-01-01 00:00:00+00:00, run_after=2021-01-01 00:00:00+00:00
[2024-03-09T11:17:51.146+0000] {processor.py:183} INFO - Processing /home/airflow/.local/lib/python3.8/site-packages/airflow/example_dags/example_trigger_controller_dag.py took 0.119 seconds
[2024-03-09T11:18:21.396+0000] {processor.py:161} INFO - Started process (PID=5565) to work on /home/airflow/.local/lib/python3.8/site-packages/airflow/example_dags/example_trigger_controller_dag.py
[2024-03-09T11:18:21.398+0000] {processor.py:830} INFO - Processing file /home/airflow/.local/lib/python3.8/site-packages/airflow/example_dags/example_trigger_controller_dag.py for tasks to queue
[2024-03-09T11:18:21.400+0000] {logging_mixin.py:188} INFO - [2024-03-09T11:18:21.399+0000] {dagbag.py:540} INFO - Filling up the DagBag from /home/airflow/.local/lib/python3.8/site-packages/airflow/example_dags/example_trigger_controller_dag.py
[2024-03-09T11:18:21.407+0000] {processor.py:840} INFO - DAG(s) 'example_trigger_controller_dag' retrieved from /home/airflow/.local/lib/python3.8/site-packages/airflow/example_dags/example_trigger_controller_dag.py
[2024-03-09T11:18:21.439+0000] {logging_mixin.py:188} INFO - [2024-03-09T11:18:21.439+0000] {dag.py:3047} INFO - Sync 1 DAGs
[2024-03-09T11:18:21.475+0000] {logging_mixin.py:188} INFO - [2024-03-09T11:18:21.474+0000] {dag.py:3834} INFO - Setting next_dagrun for example_trigger_controller_dag to 2021-01-01 00:00:00+00:00, run_after=2021-01-01 00:00:00+00:00
[2024-03-09T11:18:21.506+0000] {processor.py:183} INFO - Processing /home/airflow/.local/lib/python3.8/site-packages/airflow/example_dags/example_trigger_controller_dag.py took 0.116 seconds
[2024-03-09T11:18:52.043+0000] {processor.py:161} INFO - Started process (PID=5812) to work on /home/airflow/.local/lib/python3.8/site-packages/airflow/example_dags/example_trigger_controller_dag.py
[2024-03-09T11:18:52.045+0000] {processor.py:830} INFO - Processing file /home/airflow/.local/lib/python3.8/site-packages/airflow/example_dags/example_trigger_controller_dag.py for tasks to queue
[2024-03-09T11:18:52.047+0000] {logging_mixin.py:188} INFO - [2024-03-09T11:18:52.046+0000] {dagbag.py:540} INFO - Filling up the DagBag from /home/airflow/.local/lib/python3.8/site-packages/airflow/example_dags/example_trigger_controller_dag.py
[2024-03-09T11:18:52.055+0000] {processor.py:840} INFO - DAG(s) 'example_trigger_controller_dag' retrieved from /home/airflow/.local/lib/python3.8/site-packages/airflow/example_dags/example_trigger_controller_dag.py
[2024-03-09T11:18:52.085+0000] {logging_mixin.py:188} INFO - [2024-03-09T11:18:52.085+0000] {dag.py:3047} INFO - Sync 1 DAGs
[2024-03-09T11:18:52.120+0000] {logging_mixin.py:188} INFO - [2024-03-09T11:18:52.120+0000] {dag.py:3834} INFO - Setting next_dagrun for example_trigger_controller_dag to 2021-01-01 00:00:00+00:00, run_after=2021-01-01 00:00:00+00:00
[2024-03-09T11:18:52.150+0000] {processor.py:183} INFO - Processing /home/airflow/.local/lib/python3.8/site-packages/airflow/example_dags/example_trigger_controller_dag.py took 0.112 seconds
[2024-03-09T11:19:22.272+0000] {processor.py:161} INFO - Started process (PID=6059) to work on /home/airflow/.local/lib/python3.8/site-packages/airflow/example_dags/example_trigger_controller_dag.py
[2024-03-09T11:19:22.274+0000] {processor.py:830} INFO - Processing file /home/airflow/.local/lib/python3.8/site-packages/airflow/example_dags/example_trigger_controller_dag.py for tasks to queue
[2024-03-09T11:19:22.276+0000] {logging_mixin.py:188} INFO - [2024-03-09T11:19:22.276+0000] {dagbag.py:540} INFO - Filling up the DagBag from /home/airflow/.local/lib/python3.8/site-packages/airflow/example_dags/example_trigger_controller_dag.py
[2024-03-09T11:19:22.283+0000] {processor.py:840} INFO - DAG(s) 'example_trigger_controller_dag' retrieved from /home/airflow/.local/lib/python3.8/site-packages/airflow/example_dags/example_trigger_controller_dag.py
[2024-03-09T11:19:22.314+0000] {logging_mixin.py:188} INFO - [2024-03-09T11:19:22.313+0000] {dag.py:3047} INFO - Sync 1 DAGs
[2024-03-09T11:19:22.352+0000] {logging_mixin.py:188} INFO - [2024-03-09T11:19:22.351+0000] {dag.py:3834} INFO - Setting next_dagrun for example_trigger_controller_dag to 2021-01-01 00:00:00+00:00, run_after=2021-01-01 00:00:00+00:00
[2024-03-09T11:19:22.380+0000] {processor.py:183} INFO - Processing /home/airflow/.local/lib/python3.8/site-packages/airflow/example_dags/example_trigger_controller_dag.py took 0.113 seconds
[2024-03-09T11:19:53.012+0000] {processor.py:161} INFO - Started process (PID=6306) to work on /home/airflow/.local/lib/python3.8/site-packages/airflow/example_dags/example_trigger_controller_dag.py
[2024-03-09T11:19:53.015+0000] {processor.py:830} INFO - Processing file /home/airflow/.local/lib/python3.8/site-packages/airflow/example_dags/example_trigger_controller_dag.py for tasks to queue
[2024-03-09T11:19:53.017+0000] {logging_mixin.py:188} INFO - [2024-03-09T11:19:53.016+0000] {dagbag.py:540} INFO - Filling up the DagBag from /home/airflow/.local/lib/python3.8/site-packages/airflow/example_dags/example_trigger_controller_dag.py
[2024-03-09T11:19:53.024+0000] {processor.py:840} INFO - DAG(s) 'example_trigger_controller_dag' retrieved from /home/airflow/.local/lib/python3.8/site-packages/airflow/example_dags/example_trigger_controller_dag.py
[2024-03-09T11:19:53.060+0000] {logging_mixin.py:188} INFO - [2024-03-09T11:19:53.059+0000] {dag.py:3047} INFO - Sync 1 DAGs
[2024-03-09T11:19:53.092+0000] {logging_mixin.py:188} INFO - [2024-03-09T11:19:53.091+0000] {dag.py:3834} INFO - Setting next_dagrun for example_trigger_controller_dag to 2021-01-01 00:00:00+00:00, run_after=2021-01-01 00:00:00+00:00
[2024-03-09T11:19:53.119+0000] {processor.py:183} INFO - Processing /home/airflow/.local/lib/python3.8/site-packages/airflow/example_dags/example_trigger_controller_dag.py took 0.112 seconds
[2024-03-09T11:20:23.713+0000] {processor.py:161} INFO - Started process (PID=6553) to work on /home/airflow/.local/lib/python3.8/site-packages/airflow/example_dags/example_trigger_controller_dag.py
[2024-03-09T11:20:23.715+0000] {processor.py:830} INFO - Processing file /home/airflow/.local/lib/python3.8/site-packages/airflow/example_dags/example_trigger_controller_dag.py for tasks to queue
[2024-03-09T11:20:23.716+0000] {logging_mixin.py:188} INFO - [2024-03-09T11:20:23.716+0000] {dagbag.py:540} INFO - Filling up the DagBag from /home/airflow/.local/lib/python3.8/site-packages/airflow/example_dags/example_trigger_controller_dag.py
[2024-03-09T11:20:23.725+0000] {processor.py:840} INFO - DAG(s) 'example_trigger_controller_dag' retrieved from /home/airflow/.local/lib/python3.8/site-packages/airflow/example_dags/example_trigger_controller_dag.py
[2024-03-09T11:20:23.760+0000] {logging_mixin.py:188} INFO - [2024-03-09T11:20:23.760+0000] {dag.py:3047} INFO - Sync 1 DAGs
[2024-03-09T11:20:23.801+0000] {logging_mixin.py:188} INFO - [2024-03-09T11:20:23.800+0000] {dag.py:3834} INFO - Setting next_dagrun for example_trigger_controller_dag to 2021-01-01 00:00:00+00:00, run_after=2021-01-01 00:00:00+00:00
[2024-03-09T11:20:23.838+0000] {processor.py:183} INFO - Processing /home/airflow/.local/lib/python3.8/site-packages/airflow/example_dags/example_trigger_controller_dag.py took 0.130 seconds
[2024-03-09T11:20:54.482+0000] {processor.py:161} INFO - Started process (PID=6802) to work on /home/airflow/.local/lib/python3.8/site-packages/airflow/example_dags/example_trigger_controller_dag.py
[2024-03-09T11:20:54.484+0000] {processor.py:830} INFO - Processing file /home/airflow/.local/lib/python3.8/site-packages/airflow/example_dags/example_trigger_controller_dag.py for tasks to queue
[2024-03-09T11:20:54.486+0000] {logging_mixin.py:188} INFO - [2024-03-09T11:20:54.486+0000] {dagbag.py:540} INFO - Filling up the DagBag from /home/airflow/.local/lib/python3.8/site-packages/airflow/example_dags/example_trigger_controller_dag.py
[2024-03-09T11:20:54.494+0000] {processor.py:840} INFO - DAG(s) 'example_trigger_controller_dag' retrieved from /home/airflow/.local/lib/python3.8/site-packages/airflow/example_dags/example_trigger_controller_dag.py
[2024-03-09T11:20:54.526+0000] {logging_mixin.py:188} INFO - [2024-03-09T11:20:54.525+0000] {dag.py:3047} INFO - Sync 1 DAGs
[2024-03-09T11:20:54.557+0000] {logging_mixin.py:188} INFO - [2024-03-09T11:20:54.556+0000] {dag.py:3834} INFO - Setting next_dagrun for example_trigger_controller_dag to 2021-01-01 00:00:00+00:00, run_after=2021-01-01 00:00:00+00:00
[2024-03-09T11:20:54.586+0000] {processor.py:183} INFO - Processing /home/airflow/.local/lib/python3.8/site-packages/airflow/example_dags/example_trigger_controller_dag.py took 0.110 seconds
[2024-03-09T11:21:25.411+0000] {processor.py:161} INFO - Started process (PID=7047) to work on /home/airflow/.local/lib/python3.8/site-packages/airflow/example_dags/example_trigger_controller_dag.py
[2024-03-09T11:21:25.414+0000] {processor.py:830} INFO - Processing file /home/airflow/.local/lib/python3.8/site-packages/airflow/example_dags/example_trigger_controller_dag.py for tasks to queue
[2024-03-09T11:21:25.416+0000] {logging_mixin.py:188} INFO - [2024-03-09T11:21:25.415+0000] {dagbag.py:540} INFO - Filling up the DagBag from /home/airflow/.local/lib/python3.8/site-packages/airflow/example_dags/example_trigger_controller_dag.py
[2024-03-09T11:21:25.425+0000] {processor.py:840} INFO - DAG(s) 'example_trigger_controller_dag' retrieved from /home/airflow/.local/lib/python3.8/site-packages/airflow/example_dags/example_trigger_controller_dag.py
[2024-03-09T11:21:25.458+0000] {logging_mixin.py:188} INFO - [2024-03-09T11:21:25.458+0000] {dag.py:3047} INFO - Sync 1 DAGs
[2024-03-09T11:21:25.496+0000] {logging_mixin.py:188} INFO - [2024-03-09T11:21:25.496+0000] {dag.py:3834} INFO - Setting next_dagrun for example_trigger_controller_dag to 2021-01-01 00:00:00+00:00, run_after=2021-01-01 00:00:00+00:00
[2024-03-09T11:21:25.533+0000] {processor.py:183} INFO - Processing /home/airflow/.local/lib/python3.8/site-packages/airflow/example_dags/example_trigger_controller_dag.py took 0.128 seconds
[2024-03-09T13:38:20.055+0000] {processor.py:161} INFO - Started process (PID=7284) to work on /home/airflow/.local/lib/python3.8/site-packages/airflow/example_dags/example_trigger_controller_dag.py
[2024-03-09T13:38:20.059+0000] {processor.py:830} INFO - Processing file /home/airflow/.local/lib/python3.8/site-packages/airflow/example_dags/example_trigger_controller_dag.py for tasks to queue
[2024-03-09T13:38:20.061+0000] {logging_mixin.py:188} INFO - [2024-03-09T13:38:20.061+0000] {dagbag.py:540} INFO - Filling up the DagBag from /home/airflow/.local/lib/python3.8/site-packages/airflow/example_dags/example_trigger_controller_dag.py
[2024-03-09T13:38:20.084+0000] {processor.py:840} INFO - DAG(s) 'example_trigger_controller_dag' retrieved from /home/airflow/.local/lib/python3.8/site-packages/airflow/example_dags/example_trigger_controller_dag.py
[2024-03-09T13:38:20.129+0000] {logging_mixin.py:188} INFO - [2024-03-09T13:38:20.128+0000] {dag.py:3047} INFO - Sync 1 DAGs
[2024-03-09T13:38:20.182+0000] {logging_mixin.py:188} INFO - [2024-03-09T13:38:20.181+0000] {dag.py:3834} INFO - Setting next_dagrun for example_trigger_controller_dag to 2021-01-01 00:00:00+00:00, run_after=2021-01-01 00:00:00+00:00
[2024-03-09T13:38:20.243+0000] {processor.py:183} INFO - Processing /home/airflow/.local/lib/python3.8/site-packages/airflow/example_dags/example_trigger_controller_dag.py took 0.197 seconds
[2024-03-09T13:38:50.597+0000] {processor.py:161} INFO - Started process (PID=7531) to work on /home/airflow/.local/lib/python3.8/site-packages/airflow/example_dags/example_trigger_controller_dag.py
[2024-03-09T13:38:50.600+0000] {processor.py:830} INFO - Processing file /home/airflow/.local/lib/python3.8/site-packages/airflow/example_dags/example_trigger_controller_dag.py for tasks to queue
[2024-03-09T13:38:50.602+0000] {logging_mixin.py:188} INFO - [2024-03-09T13:38:50.601+0000] {dagbag.py:540} INFO - Filling up the DagBag from /home/airflow/.local/lib/python3.8/site-packages/airflow/example_dags/example_trigger_controller_dag.py
[2024-03-09T13:38:50.610+0000] {processor.py:840} INFO - DAG(s) 'example_trigger_controller_dag' retrieved from /home/airflow/.local/lib/python3.8/site-packages/airflow/example_dags/example_trigger_controller_dag.py
[2024-03-09T13:38:50.646+0000] {logging_mixin.py:188} INFO - [2024-03-09T13:38:50.646+0000] {dag.py:3047} INFO - Sync 1 DAGs
[2024-03-09T13:38:50.686+0000] {logging_mixin.py:188} INFO - [2024-03-09T13:38:50.686+0000] {dag.py:3834} INFO - Setting next_dagrun for example_trigger_controller_dag to 2021-01-01 00:00:00+00:00, run_after=2021-01-01 00:00:00+00:00
[2024-03-09T13:38:50.722+0000] {processor.py:183} INFO - Processing /home/airflow/.local/lib/python3.8/site-packages/airflow/example_dags/example_trigger_controller_dag.py took 0.130 seconds
[2024-03-09T13:39:22.190+0000] {processor.py:161} INFO - Started process (PID=7778) to work on /home/airflow/.local/lib/python3.8/site-packages/airflow/example_dags/example_trigger_controller_dag.py
[2024-03-09T13:39:22.192+0000] {processor.py:830} INFO - Processing file /home/airflow/.local/lib/python3.8/site-packages/airflow/example_dags/example_trigger_controller_dag.py for tasks to queue
[2024-03-09T13:39:22.195+0000] {logging_mixin.py:188} INFO - [2024-03-09T13:39:22.194+0000] {dagbag.py:540} INFO - Filling up the DagBag from /home/airflow/.local/lib/python3.8/site-packages/airflow/example_dags/example_trigger_controller_dag.py
[2024-03-09T13:39:22.204+0000] {processor.py:840} INFO - DAG(s) 'example_trigger_controller_dag' retrieved from /home/airflow/.local/lib/python3.8/site-packages/airflow/example_dags/example_trigger_controller_dag.py
[2024-03-09T13:39:22.239+0000] {logging_mixin.py:188} INFO - [2024-03-09T13:39:22.238+0000] {dag.py:3047} INFO - Sync 1 DAGs
[2024-03-09T13:39:22.278+0000] {logging_mixin.py:188} INFO - [2024-03-09T13:39:22.278+0000] {dag.py:3834} INFO - Setting next_dagrun for example_trigger_controller_dag to 2021-01-01 00:00:00+00:00, run_after=2021-01-01 00:00:00+00:00
[2024-03-09T13:39:22.322+0000] {processor.py:183} INFO - Processing /home/airflow/.local/lib/python3.8/site-packages/airflow/example_dags/example_trigger_controller_dag.py took 0.138 seconds
[2024-03-09T13:39:53.277+0000] {processor.py:161} INFO - Started process (PID=8025) to work on /home/airflow/.local/lib/python3.8/site-packages/airflow/example_dags/example_trigger_controller_dag.py
[2024-03-09T13:39:53.279+0000] {processor.py:830} INFO - Processing file /home/airflow/.local/lib/python3.8/site-packages/airflow/example_dags/example_trigger_controller_dag.py for tasks to queue
[2024-03-09T13:39:53.282+0000] {logging_mixin.py:188} INFO - [2024-03-09T13:39:53.281+0000] {dagbag.py:540} INFO - Filling up the DagBag from /home/airflow/.local/lib/python3.8/site-packages/airflow/example_dags/example_trigger_controller_dag.py
[2024-03-09T13:39:53.289+0000] {processor.py:840} INFO - DAG(s) 'example_trigger_controller_dag' retrieved from /home/airflow/.local/lib/python3.8/site-packages/airflow/example_dags/example_trigger_controller_dag.py
[2024-03-09T13:39:53.322+0000] {logging_mixin.py:188} INFO - [2024-03-09T13:39:53.322+0000] {dag.py:3047} INFO - Sync 1 DAGs
[2024-03-09T13:39:53.356+0000] {logging_mixin.py:188} INFO - [2024-03-09T13:39:53.356+0000] {dag.py:3834} INFO - Setting next_dagrun for example_trigger_controller_dag to 2021-01-01 00:00:00+00:00, run_after=2021-01-01 00:00:00+00:00
[2024-03-09T13:39:53.388+0000] {processor.py:183} INFO - Processing /home/airflow/.local/lib/python3.8/site-packages/airflow/example_dags/example_trigger_controller_dag.py took 0.116 seconds
[2024-03-09T13:40:23.638+0000] {processor.py:161} INFO - Started process (PID=8272) to work on /home/airflow/.local/lib/python3.8/site-packages/airflow/example_dags/example_trigger_controller_dag.py
[2024-03-09T13:40:23.640+0000] {processor.py:830} INFO - Processing file /home/airflow/.local/lib/python3.8/site-packages/airflow/example_dags/example_trigger_controller_dag.py for tasks to queue
[2024-03-09T13:40:23.642+0000] {logging_mixin.py:188} INFO - [2024-03-09T13:40:23.641+0000] {dagbag.py:540} INFO - Filling up the DagBag from /home/airflow/.local/lib/python3.8/site-packages/airflow/example_dags/example_trigger_controller_dag.py
[2024-03-09T13:40:23.651+0000] {processor.py:840} INFO - DAG(s) 'example_trigger_controller_dag' retrieved from /home/airflow/.local/lib/python3.8/site-packages/airflow/example_dags/example_trigger_controller_dag.py
[2024-03-09T13:40:23.687+0000] {logging_mixin.py:188} INFO - [2024-03-09T13:40:23.687+0000] {dag.py:3047} INFO - Sync 1 DAGs
[2024-03-09T13:40:23.725+0000] {logging_mixin.py:188} INFO - [2024-03-09T13:40:23.724+0000] {dag.py:3834} INFO - Setting next_dagrun for example_trigger_controller_dag to 2021-01-01 00:00:00+00:00, run_after=2021-01-01 00:00:00+00:00
[2024-03-09T13:40:23.767+0000] {processor.py:183} INFO - Processing /home/airflow/.local/lib/python3.8/site-packages/airflow/example_dags/example_trigger_controller_dag.py took 0.135 seconds
[2024-03-09T13:40:53.937+0000] {processor.py:161} INFO - Started process (PID=8519) to work on /home/airflow/.local/lib/python3.8/site-packages/airflow/example_dags/example_trigger_controller_dag.py
[2024-03-09T13:40:53.939+0000] {processor.py:830} INFO - Processing file /home/airflow/.local/lib/python3.8/site-packages/airflow/example_dags/example_trigger_controller_dag.py for tasks to queue
[2024-03-09T13:40:53.941+0000] {logging_mixin.py:188} INFO - [2024-03-09T13:40:53.941+0000] {dagbag.py:540} INFO - Filling up the DagBag from /home/airflow/.local/lib/python3.8/site-packages/airflow/example_dags/example_trigger_controller_dag.py
[2024-03-09T13:40:53.952+0000] {processor.py:840} INFO - DAG(s) 'example_trigger_controller_dag' retrieved from /home/airflow/.local/lib/python3.8/site-packages/airflow/example_dags/example_trigger_controller_dag.py
[2024-03-09T13:40:53.987+0000] {logging_mixin.py:188} INFO - [2024-03-09T13:40:53.986+0000] {dag.py:3047} INFO - Sync 1 DAGs
[2024-03-09T13:40:54.027+0000] {logging_mixin.py:188} INFO - [2024-03-09T13:40:54.026+0000] {dag.py:3834} INFO - Setting next_dagrun for example_trigger_controller_dag to 2021-01-01 00:00:00+00:00, run_after=2021-01-01 00:00:00+00:00
[2024-03-09T13:40:54.065+0000] {processor.py:183} INFO - Processing /home/airflow/.local/lib/python3.8/site-packages/airflow/example_dags/example_trigger_controller_dag.py took 0.133 seconds
[2024-03-09T13:41:24.632+0000] {processor.py:161} INFO - Started process (PID=8766) to work on /home/airflow/.local/lib/python3.8/site-packages/airflow/example_dags/example_trigger_controller_dag.py
[2024-03-09T13:41:24.634+0000] {processor.py:830} INFO - Processing file /home/airflow/.local/lib/python3.8/site-packages/airflow/example_dags/example_trigger_controller_dag.py for tasks to queue
[2024-03-09T13:41:24.635+0000] {logging_mixin.py:188} INFO - [2024-03-09T13:41:24.635+0000] {dagbag.py:540} INFO - Filling up the DagBag from /home/airflow/.local/lib/python3.8/site-packages/airflow/example_dags/example_trigger_controller_dag.py
[2024-03-09T13:41:24.643+0000] {processor.py:840} INFO - DAG(s) 'example_trigger_controller_dag' retrieved from /home/airflow/.local/lib/python3.8/site-packages/airflow/example_dags/example_trigger_controller_dag.py
[2024-03-09T13:41:24.674+0000] {logging_mixin.py:188} INFO - [2024-03-09T13:41:24.674+0000] {dag.py:3047} INFO - Sync 1 DAGs
[2024-03-09T13:41:24.709+0000] {logging_mixin.py:188} INFO - [2024-03-09T13:41:24.708+0000] {dag.py:3834} INFO - Setting next_dagrun for example_trigger_controller_dag to 2021-01-01 00:00:00+00:00, run_after=2021-01-01 00:00:00+00:00
[2024-03-09T13:41:24.738+0000] {processor.py:183} INFO - Processing /home/airflow/.local/lib/python3.8/site-packages/airflow/example_dags/example_trigger_controller_dag.py took 0.111 seconds
[2024-03-09T13:41:54.996+0000] {processor.py:161} INFO - Started process (PID=9013) to work on /home/airflow/.local/lib/python3.8/site-packages/airflow/example_dags/example_trigger_controller_dag.py
[2024-03-09T13:41:54.999+0000] {processor.py:830} INFO - Processing file /home/airflow/.local/lib/python3.8/site-packages/airflow/example_dags/example_trigger_controller_dag.py for tasks to queue
[2024-03-09T13:41:55.001+0000] {logging_mixin.py:188} INFO - [2024-03-09T13:41:55.000+0000] {dagbag.py:540} INFO - Filling up the DagBag from /home/airflow/.local/lib/python3.8/site-packages/airflow/example_dags/example_trigger_controller_dag.py
[2024-03-09T13:41:55.010+0000] {processor.py:840} INFO - DAG(s) 'example_trigger_controller_dag' retrieved from /home/airflow/.local/lib/python3.8/site-packages/airflow/example_dags/example_trigger_controller_dag.py
[2024-03-09T13:41:55.052+0000] {logging_mixin.py:188} INFO - [2024-03-09T13:41:55.052+0000] {dag.py:3047} INFO - Sync 1 DAGs
[2024-03-09T13:41:55.113+0000] {logging_mixin.py:188} INFO - [2024-03-09T13:41:55.113+0000] {dag.py:3834} INFO - Setting next_dagrun for example_trigger_controller_dag to 2021-01-01 00:00:00+00:00, run_after=2021-01-01 00:00:00+00:00
[2024-03-09T13:41:55.156+0000] {processor.py:183} INFO - Processing /home/airflow/.local/lib/python3.8/site-packages/airflow/example_dags/example_trigger_controller_dag.py took 0.165 seconds
[2024-03-09T13:42:25.346+0000] {processor.py:161} INFO - Started process (PID=9260) to work on /home/airflow/.local/lib/python3.8/site-packages/airflow/example_dags/example_trigger_controller_dag.py
[2024-03-09T13:42:25.348+0000] {processor.py:830} INFO - Processing file /home/airflow/.local/lib/python3.8/site-packages/airflow/example_dags/example_trigger_controller_dag.py for tasks to queue
[2024-03-09T13:42:25.350+0000] {logging_mixin.py:188} INFO - [2024-03-09T13:42:25.350+0000] {dagbag.py:540} INFO - Filling up the DagBag from /home/airflow/.local/lib/python3.8/site-packages/airflow/example_dags/example_trigger_controller_dag.py
[2024-03-09T13:42:25.361+0000] {processor.py:840} INFO - DAG(s) 'example_trigger_controller_dag' retrieved from /home/airflow/.local/lib/python3.8/site-packages/airflow/example_dags/example_trigger_controller_dag.py
[2024-03-09T13:42:25.395+0000] {logging_mixin.py:188} INFO - [2024-03-09T13:42:25.395+0000] {dag.py:3047} INFO - Sync 1 DAGs
[2024-03-09T13:42:25.431+0000] {logging_mixin.py:188} INFO - [2024-03-09T13:42:25.431+0000] {dag.py:3834} INFO - Setting next_dagrun for example_trigger_controller_dag to 2021-01-01 00:00:00+00:00, run_after=2021-01-01 00:00:00+00:00
[2024-03-09T13:42:25.460+0000] {processor.py:183} INFO - Processing /home/airflow/.local/lib/python3.8/site-packages/airflow/example_dags/example_trigger_controller_dag.py took 0.121 seconds
[2024-03-09T13:42:55.634+0000] {processor.py:161} INFO - Started process (PID=9507) to work on /home/airflow/.local/lib/python3.8/site-packages/airflow/example_dags/example_trigger_controller_dag.py
[2024-03-09T13:42:55.635+0000] {processor.py:830} INFO - Processing file /home/airflow/.local/lib/python3.8/site-packages/airflow/example_dags/example_trigger_controller_dag.py for tasks to queue
[2024-03-09T13:42:55.638+0000] {logging_mixin.py:188} INFO - [2024-03-09T13:42:55.637+0000] {dagbag.py:540} INFO - Filling up the DagBag from /home/airflow/.local/lib/python3.8/site-packages/airflow/example_dags/example_trigger_controller_dag.py
[2024-03-09T13:42:55.646+0000] {processor.py:840} INFO - DAG(s) 'example_trigger_controller_dag' retrieved from /home/airflow/.local/lib/python3.8/site-packages/airflow/example_dags/example_trigger_controller_dag.py
[2024-03-09T13:42:55.677+0000] {logging_mixin.py:188} INFO - [2024-03-09T13:42:55.677+0000] {dag.py:3047} INFO - Sync 1 DAGs
[2024-03-09T13:42:55.712+0000] {logging_mixin.py:188} INFO - [2024-03-09T13:42:55.711+0000] {dag.py:3834} INFO - Setting next_dagrun for example_trigger_controller_dag to 2021-01-01 00:00:00+00:00, run_after=2021-01-01 00:00:00+00:00
[2024-03-09T13:42:55.742+0000] {processor.py:183} INFO - Processing /home/airflow/.local/lib/python3.8/site-packages/airflow/example_dags/example_trigger_controller_dag.py took 0.113 seconds
[2024-03-09T13:43:26.305+0000] {processor.py:161} INFO - Started process (PID=9754) to work on /home/airflow/.local/lib/python3.8/site-packages/airflow/example_dags/example_trigger_controller_dag.py
[2024-03-09T13:43:26.307+0000] {processor.py:830} INFO - Processing file /home/airflow/.local/lib/python3.8/site-packages/airflow/example_dags/example_trigger_controller_dag.py for tasks to queue
[2024-03-09T13:43:26.309+0000] {logging_mixin.py:188} INFO - [2024-03-09T13:43:26.308+0000] {dagbag.py:540} INFO - Filling up the DagBag from /home/airflow/.local/lib/python3.8/site-packages/airflow/example_dags/example_trigger_controller_dag.py
[2024-03-09T13:43:26.319+0000] {processor.py:840} INFO - DAG(s) 'example_trigger_controller_dag' retrieved from /home/airflow/.local/lib/python3.8/site-packages/airflow/example_dags/example_trigger_controller_dag.py
[2024-03-09T13:43:26.351+0000] {logging_mixin.py:188} INFO - [2024-03-09T13:43:26.351+0000] {dag.py:3047} INFO - Sync 1 DAGs
[2024-03-09T13:43:26.388+0000] {logging_mixin.py:188} INFO - [2024-03-09T13:43:26.388+0000] {dag.py:3834} INFO - Setting next_dagrun for example_trigger_controller_dag to 2021-01-01 00:00:00+00:00, run_after=2021-01-01 00:00:00+00:00
[2024-03-09T13:43:26.421+0000] {processor.py:183} INFO - Processing /home/airflow/.local/lib/python3.8/site-packages/airflow/example_dags/example_trigger_controller_dag.py took 0.122 seconds
[2024-03-09T13:43:56.939+0000] {processor.py:161} INFO - Started process (PID=10001) to work on /home/airflow/.local/lib/python3.8/site-packages/airflow/example_dags/example_trigger_controller_dag.py
[2024-03-09T13:43:56.941+0000] {processor.py:830} INFO - Processing file /home/airflow/.local/lib/python3.8/site-packages/airflow/example_dags/example_trigger_controller_dag.py for tasks to queue
[2024-03-09T13:43:56.942+0000] {logging_mixin.py:188} INFO - [2024-03-09T13:43:56.942+0000] {dagbag.py:540} INFO - Filling up the DagBag from /home/airflow/.local/lib/python3.8/site-packages/airflow/example_dags/example_trigger_controller_dag.py
[2024-03-09T13:43:56.950+0000] {processor.py:840} INFO - DAG(s) 'example_trigger_controller_dag' retrieved from /home/airflow/.local/lib/python3.8/site-packages/airflow/example_dags/example_trigger_controller_dag.py
[2024-03-09T13:43:56.985+0000] {logging_mixin.py:188} INFO - [2024-03-09T13:43:56.985+0000] {dag.py:3047} INFO - Sync 1 DAGs
[2024-03-09T13:43:57.024+0000] {logging_mixin.py:188} INFO - [2024-03-09T13:43:57.024+0000] {dag.py:3834} INFO - Setting next_dagrun for example_trigger_controller_dag to 2021-01-01 00:00:00+00:00, run_after=2021-01-01 00:00:00+00:00
[2024-03-09T13:43:57.053+0000] {processor.py:183} INFO - Processing /home/airflow/.local/lib/python3.8/site-packages/airflow/example_dags/example_trigger_controller_dag.py took 0.121 seconds
