[2024-03-09T11:07:34.728+0000] {processor.py:161} INFO - Started process (PID=373) to work on /home/airflow/.local/lib/python3.8/site-packages/airflow/example_dags/example_python_decorator.py
[2024-03-09T11:07:34.730+0000] {processor.py:830} INFO - Processing file /home/airflow/.local/lib/python3.8/site-packages/airflow/example_dags/example_python_decorator.py for tasks to queue
[2024-03-09T11:07:34.733+0000] {logging_mixin.py:188} INFO - [2024-03-09T11:07:34.732+0000] {dagbag.py:540} INFO - Filling up the DagBag from /home/airflow/.local/lib/python3.8/site-packages/airflow/example_dags/example_python_decorator.py
[2024-03-09T11:07:34.764+0000] {processor.py:840} INFO - DAG(s) 'example_python_decorator' retrieved from /home/airflow/.local/lib/python3.8/site-packages/airflow/example_dags/example_python_decorator.py
[2024-03-09T11:07:34.981+0000] {logging_mixin.py:188} INFO - [2024-03-09T11:07:34.980+0000] {dag.py:3047} INFO - Sync 1 DAGs
[2024-03-09T11:07:34.999+0000] {logging_mixin.py:188} INFO - [2024-03-09T11:07:34.999+0000] {dag.py:3834} INFO - Setting next_dagrun for example_python_decorator to None, run_after=None
[2024-03-09T11:07:35.036+0000] {processor.py:183} INFO - Processing /home/airflow/.local/lib/python3.8/site-packages/airflow/example_dags/example_python_decorator.py took 0.315 seconds
[2024-03-09T11:08:05.727+0000] {processor.py:161} INFO - Started process (PID=620) to work on /home/airflow/.local/lib/python3.8/site-packages/airflow/example_dags/example_python_decorator.py
[2024-03-09T11:08:05.730+0000] {processor.py:830} INFO - Processing file /home/airflow/.local/lib/python3.8/site-packages/airflow/example_dags/example_python_decorator.py for tasks to queue
[2024-03-09T11:08:05.733+0000] {logging_mixin.py:188} INFO - [2024-03-09T11:08:05.732+0000] {dagbag.py:540} INFO - Filling up the DagBag from /home/airflow/.local/lib/python3.8/site-packages/airflow/example_dags/example_python_decorator.py
[2024-03-09T11:08:05.757+0000] {processor.py:840} INFO - DAG(s) 'example_python_decorator' retrieved from /home/airflow/.local/lib/python3.8/site-packages/airflow/example_dags/example_python_decorator.py
[2024-03-09T11:08:05.792+0000] {logging_mixin.py:188} INFO - [2024-03-09T11:08:05.791+0000] {dag.py:3047} INFO - Sync 1 DAGs
[2024-03-09T11:08:05.810+0000] {logging_mixin.py:188} INFO - [2024-03-09T11:08:05.810+0000] {dag.py:3834} INFO - Setting next_dagrun for example_python_decorator to None, run_after=None
[2024-03-09T11:08:05.839+0000] {processor.py:183} INFO - Processing /home/airflow/.local/lib/python3.8/site-packages/airflow/example_dags/example_python_decorator.py took 0.119 seconds
[2024-03-09T11:08:36.374+0000] {processor.py:161} INFO - Started process (PID=869) to work on /home/airflow/.local/lib/python3.8/site-packages/airflow/example_dags/example_python_decorator.py
[2024-03-09T11:08:36.376+0000] {processor.py:830} INFO - Processing file /home/airflow/.local/lib/python3.8/site-packages/airflow/example_dags/example_python_decorator.py for tasks to queue
[2024-03-09T11:08:36.378+0000] {logging_mixin.py:188} INFO - [2024-03-09T11:08:36.377+0000] {dagbag.py:540} INFO - Filling up the DagBag from /home/airflow/.local/lib/python3.8/site-packages/airflow/example_dags/example_python_decorator.py
[2024-03-09T11:08:36.401+0000] {processor.py:840} INFO - DAG(s) 'example_python_decorator' retrieved from /home/airflow/.local/lib/python3.8/site-packages/airflow/example_dags/example_python_decorator.py
[2024-03-09T11:08:36.436+0000] {logging_mixin.py:188} INFO - [2024-03-09T11:08:36.435+0000] {dag.py:3047} INFO - Sync 1 DAGs
[2024-03-09T11:08:36.456+0000] {logging_mixin.py:188} INFO - [2024-03-09T11:08:36.456+0000] {dag.py:3834} INFO - Setting next_dagrun for example_python_decorator to None, run_after=None
[2024-03-09T11:08:36.489+0000] {processor.py:183} INFO - Processing /home/airflow/.local/lib/python3.8/site-packages/airflow/example_dags/example_python_decorator.py took 0.119 seconds
[2024-03-09T11:09:07.447+0000] {processor.py:161} INFO - Started process (PID=1115) to work on /home/airflow/.local/lib/python3.8/site-packages/airflow/example_dags/example_python_decorator.py
[2024-03-09T11:09:07.452+0000] {processor.py:830} INFO - Processing file /home/airflow/.local/lib/python3.8/site-packages/airflow/example_dags/example_python_decorator.py for tasks to queue
[2024-03-09T11:09:07.454+0000] {logging_mixin.py:188} INFO - [2024-03-09T11:09:07.453+0000] {dagbag.py:540} INFO - Filling up the DagBag from /home/airflow/.local/lib/python3.8/site-packages/airflow/example_dags/example_python_decorator.py
[2024-03-09T11:09:07.485+0000] {processor.py:840} INFO - DAG(s) 'example_python_decorator' retrieved from /home/airflow/.local/lib/python3.8/site-packages/airflow/example_dags/example_python_decorator.py
[2024-03-09T11:09:07.570+0000] {logging_mixin.py:188} INFO - [2024-03-09T11:09:07.567+0000] {dag.py:3047} INFO - Sync 1 DAGs
[2024-03-09T11:09:07.596+0000] {logging_mixin.py:188} INFO - [2024-03-09T11:09:07.595+0000] {dag.py:3834} INFO - Setting next_dagrun for example_python_decorator to None, run_after=None
[2024-03-09T11:09:07.647+0000] {processor.py:183} INFO - Processing /home/airflow/.local/lib/python3.8/site-packages/airflow/example_dags/example_python_decorator.py took 0.209 seconds
[2024-03-09T11:09:37.709+0000] {processor.py:161} INFO - Started process (PID=1364) to work on /home/airflow/.local/lib/python3.8/site-packages/airflow/example_dags/example_python_decorator.py
[2024-03-09T11:09:37.711+0000] {processor.py:830} INFO - Processing file /home/airflow/.local/lib/python3.8/site-packages/airflow/example_dags/example_python_decorator.py for tasks to queue
[2024-03-09T11:09:37.713+0000] {logging_mixin.py:188} INFO - [2024-03-09T11:09:37.713+0000] {dagbag.py:540} INFO - Filling up the DagBag from /home/airflow/.local/lib/python3.8/site-packages/airflow/example_dags/example_python_decorator.py
[2024-03-09T11:09:37.735+0000] {processor.py:840} INFO - DAG(s) 'example_python_decorator' retrieved from /home/airflow/.local/lib/python3.8/site-packages/airflow/example_dags/example_python_decorator.py
[2024-03-09T11:09:37.788+0000] {logging_mixin.py:188} INFO - [2024-03-09T11:09:37.788+0000] {dag.py:3047} INFO - Sync 1 DAGs
[2024-03-09T11:09:37.822+0000] {logging_mixin.py:188} INFO - [2024-03-09T11:09:37.821+0000] {dag.py:3834} INFO - Setting next_dagrun for example_python_decorator to None, run_after=None
[2024-03-09T11:09:37.863+0000] {processor.py:183} INFO - Processing /home/airflow/.local/lib/python3.8/site-packages/airflow/example_dags/example_python_decorator.py took 0.159 seconds
[2024-03-09T11:10:08.752+0000] {processor.py:161} INFO - Started process (PID=1610) to work on /home/airflow/.local/lib/python3.8/site-packages/airflow/example_dags/example_python_decorator.py
[2024-03-09T11:10:08.753+0000] {processor.py:830} INFO - Processing file /home/airflow/.local/lib/python3.8/site-packages/airflow/example_dags/example_python_decorator.py for tasks to queue
[2024-03-09T11:10:08.758+0000] {logging_mixin.py:188} INFO - [2024-03-09T11:10:08.757+0000] {dagbag.py:540} INFO - Filling up the DagBag from /home/airflow/.local/lib/python3.8/site-packages/airflow/example_dags/example_python_decorator.py
[2024-03-09T11:10:08.793+0000] {processor.py:840} INFO - DAG(s) 'example_python_decorator' retrieved from /home/airflow/.local/lib/python3.8/site-packages/airflow/example_dags/example_python_decorator.py
[2024-03-09T11:10:08.851+0000] {logging_mixin.py:188} INFO - [2024-03-09T11:10:08.851+0000] {dag.py:3047} INFO - Sync 1 DAGs
[2024-03-09T11:10:08.882+0000] {logging_mixin.py:188} INFO - [2024-03-09T11:10:08.882+0000] {dag.py:3834} INFO - Setting next_dagrun for example_python_decorator to None, run_after=None
[2024-03-09T11:10:08.934+0000] {processor.py:183} INFO - Processing /home/airflow/.local/lib/python3.8/site-packages/airflow/example_dags/example_python_decorator.py took 0.187 seconds
[2024-03-09T11:10:39.447+0000] {processor.py:161} INFO - Started process (PID=1858) to work on /home/airflow/.local/lib/python3.8/site-packages/airflow/example_dags/example_python_decorator.py
[2024-03-09T11:10:39.449+0000] {processor.py:830} INFO - Processing file /home/airflow/.local/lib/python3.8/site-packages/airflow/example_dags/example_python_decorator.py for tasks to queue
[2024-03-09T11:10:39.451+0000] {logging_mixin.py:188} INFO - [2024-03-09T11:10:39.450+0000] {dagbag.py:540} INFO - Filling up the DagBag from /home/airflow/.local/lib/python3.8/site-packages/airflow/example_dags/example_python_decorator.py
[2024-03-09T11:10:39.475+0000] {processor.py:840} INFO - DAG(s) 'example_python_decorator' retrieved from /home/airflow/.local/lib/python3.8/site-packages/airflow/example_dags/example_python_decorator.py
[2024-03-09T11:10:39.510+0000] {logging_mixin.py:188} INFO - [2024-03-09T11:10:39.510+0000] {dag.py:3047} INFO - Sync 1 DAGs
[2024-03-09T11:10:39.532+0000] {logging_mixin.py:188} INFO - [2024-03-09T11:10:39.532+0000] {dag.py:3834} INFO - Setting next_dagrun for example_python_decorator to None, run_after=None
[2024-03-09T11:10:39.563+0000] {processor.py:183} INFO - Processing /home/airflow/.local/lib/python3.8/site-packages/airflow/example_dags/example_python_decorator.py took 0.121 seconds
[2024-03-09T11:11:09.947+0000] {processor.py:161} INFO - Started process (PID=2105) to work on /home/airflow/.local/lib/python3.8/site-packages/airflow/example_dags/example_python_decorator.py
[2024-03-09T11:11:09.949+0000] {processor.py:830} INFO - Processing file /home/airflow/.local/lib/python3.8/site-packages/airflow/example_dags/example_python_decorator.py for tasks to queue
[2024-03-09T11:11:09.951+0000] {logging_mixin.py:188} INFO - [2024-03-09T11:11:09.950+0000] {dagbag.py:540} INFO - Filling up the DagBag from /home/airflow/.local/lib/python3.8/site-packages/airflow/example_dags/example_python_decorator.py
[2024-03-09T11:11:09.979+0000] {processor.py:840} INFO - DAG(s) 'example_python_decorator' retrieved from /home/airflow/.local/lib/python3.8/site-packages/airflow/example_dags/example_python_decorator.py
[2024-03-09T11:11:10.025+0000] {logging_mixin.py:188} INFO - [2024-03-09T11:11:10.024+0000] {dag.py:3047} INFO - Sync 1 DAGs
[2024-03-09T11:11:10.054+0000] {logging_mixin.py:188} INFO - [2024-03-09T11:11:10.054+0000] {dag.py:3834} INFO - Setting next_dagrun for example_python_decorator to None, run_after=None
[2024-03-09T11:11:10.096+0000] {processor.py:183} INFO - Processing /home/airflow/.local/lib/python3.8/site-packages/airflow/example_dags/example_python_decorator.py took 0.157 seconds
[2024-03-09T11:11:40.725+0000] {processor.py:161} INFO - Started process (PID=2350) to work on /home/airflow/.local/lib/python3.8/site-packages/airflow/example_dags/example_python_decorator.py
[2024-03-09T11:11:40.727+0000] {processor.py:830} INFO - Processing file /home/airflow/.local/lib/python3.8/site-packages/airflow/example_dags/example_python_decorator.py for tasks to queue
[2024-03-09T11:11:40.729+0000] {logging_mixin.py:188} INFO - [2024-03-09T11:11:40.729+0000] {dagbag.py:540} INFO - Filling up the DagBag from /home/airflow/.local/lib/python3.8/site-packages/airflow/example_dags/example_python_decorator.py
[2024-03-09T11:11:40.754+0000] {processor.py:840} INFO - DAG(s) 'example_python_decorator' retrieved from /home/airflow/.local/lib/python3.8/site-packages/airflow/example_dags/example_python_decorator.py
[2024-03-09T11:11:40.809+0000] {logging_mixin.py:188} INFO - [2024-03-09T11:11:40.809+0000] {dag.py:3047} INFO - Sync 1 DAGs
[2024-03-09T11:11:40.851+0000] {logging_mixin.py:188} INFO - [2024-03-09T11:11:40.850+0000] {dag.py:3834} INFO - Setting next_dagrun for example_python_decorator to None, run_after=None
[2024-03-09T11:11:40.888+0000] {processor.py:183} INFO - Processing /home/airflow/.local/lib/python3.8/site-packages/airflow/example_dags/example_python_decorator.py took 0.169 seconds
[2024-03-09T11:12:11.748+0000] {processor.py:161} INFO - Started process (PID=2597) to work on /home/airflow/.local/lib/python3.8/site-packages/airflow/example_dags/example_python_decorator.py
[2024-03-09T11:12:11.750+0000] {processor.py:830} INFO - Processing file /home/airflow/.local/lib/python3.8/site-packages/airflow/example_dags/example_python_decorator.py for tasks to queue
[2024-03-09T11:12:11.753+0000] {logging_mixin.py:188} INFO - [2024-03-09T11:12:11.752+0000] {dagbag.py:540} INFO - Filling up the DagBag from /home/airflow/.local/lib/python3.8/site-packages/airflow/example_dags/example_python_decorator.py
[2024-03-09T11:12:11.777+0000] {processor.py:840} INFO - DAG(s) 'example_python_decorator' retrieved from /home/airflow/.local/lib/python3.8/site-packages/airflow/example_dags/example_python_decorator.py
[2024-03-09T11:12:11.816+0000] {logging_mixin.py:188} INFO - [2024-03-09T11:12:11.815+0000] {dag.py:3047} INFO - Sync 1 DAGs
[2024-03-09T11:12:11.838+0000] {logging_mixin.py:188} INFO - [2024-03-09T11:12:11.837+0000] {dag.py:3834} INFO - Setting next_dagrun for example_python_decorator to None, run_after=None
[2024-03-09T11:12:11.870+0000] {processor.py:183} INFO - Processing /home/airflow/.local/lib/python3.8/site-packages/airflow/example_dags/example_python_decorator.py took 0.127 seconds
[2024-03-09T11:12:42.021+0000] {processor.py:161} INFO - Started process (PID=2846) to work on /home/airflow/.local/lib/python3.8/site-packages/airflow/example_dags/example_python_decorator.py
[2024-03-09T11:12:42.023+0000] {processor.py:830} INFO - Processing file /home/airflow/.local/lib/python3.8/site-packages/airflow/example_dags/example_python_decorator.py for tasks to queue
[2024-03-09T11:12:42.025+0000] {logging_mixin.py:188} INFO - [2024-03-09T11:12:42.024+0000] {dagbag.py:540} INFO - Filling up the DagBag from /home/airflow/.local/lib/python3.8/site-packages/airflow/example_dags/example_python_decorator.py
[2024-03-09T11:12:42.044+0000] {processor.py:840} INFO - DAG(s) 'example_python_decorator' retrieved from /home/airflow/.local/lib/python3.8/site-packages/airflow/example_dags/example_python_decorator.py
[2024-03-09T11:12:42.080+0000] {logging_mixin.py:188} INFO - [2024-03-09T11:12:42.080+0000] {dag.py:3047} INFO - Sync 1 DAGs
[2024-03-09T11:12:42.099+0000] {logging_mixin.py:188} INFO - [2024-03-09T11:12:42.099+0000] {dag.py:3834} INFO - Setting next_dagrun for example_python_decorator to None, run_after=None
[2024-03-09T11:12:42.129+0000] {processor.py:183} INFO - Processing /home/airflow/.local/lib/python3.8/site-packages/airflow/example_dags/example_python_decorator.py took 0.114 seconds
[2024-03-09T11:13:12.859+0000] {processor.py:161} INFO - Started process (PID=3091) to work on /home/airflow/.local/lib/python3.8/site-packages/airflow/example_dags/example_python_decorator.py
[2024-03-09T11:13:12.861+0000] {processor.py:830} INFO - Processing file /home/airflow/.local/lib/python3.8/site-packages/airflow/example_dags/example_python_decorator.py for tasks to queue
[2024-03-09T11:13:12.863+0000] {logging_mixin.py:188} INFO - [2024-03-09T11:13:12.863+0000] {dagbag.py:540} INFO - Filling up the DagBag from /home/airflow/.local/lib/python3.8/site-packages/airflow/example_dags/example_python_decorator.py
[2024-03-09T11:13:12.886+0000] {processor.py:840} INFO - DAG(s) 'example_python_decorator' retrieved from /home/airflow/.local/lib/python3.8/site-packages/airflow/example_dags/example_python_decorator.py
[2024-03-09T11:13:12.921+0000] {logging_mixin.py:188} INFO - [2024-03-09T11:13:12.921+0000] {dag.py:3047} INFO - Sync 1 DAGs
[2024-03-09T11:13:12.941+0000] {logging_mixin.py:188} INFO - [2024-03-09T11:13:12.941+0000] {dag.py:3834} INFO - Setting next_dagrun for example_python_decorator to None, run_after=None
[2024-03-09T11:13:12.977+0000] {processor.py:183} INFO - Processing /home/airflow/.local/lib/python3.8/site-packages/airflow/example_dags/example_python_decorator.py took 0.125 seconds
[2024-03-09T11:13:47.230+0000] {processor.py:161} INFO - Started process (PID=3359) to work on /home/airflow/.local/lib/python3.8/site-packages/airflow/example_dags/example_python_decorator.py
[2024-03-09T11:13:47.232+0000] {processor.py:830} INFO - Processing file /home/airflow/.local/lib/python3.8/site-packages/airflow/example_dags/example_python_decorator.py for tasks to queue
[2024-03-09T11:13:47.234+0000] {logging_mixin.py:188} INFO - [2024-03-09T11:13:47.234+0000] {dagbag.py:540} INFO - Filling up the DagBag from /home/airflow/.local/lib/python3.8/site-packages/airflow/example_dags/example_python_decorator.py
[2024-03-09T11:13:47.263+0000] {processor.py:840} INFO - DAG(s) 'example_python_decorator' retrieved from /home/airflow/.local/lib/python3.8/site-packages/airflow/example_dags/example_python_decorator.py
[2024-03-09T11:13:47.301+0000] {logging_mixin.py:188} INFO - [2024-03-09T11:13:47.300+0000] {dag.py:3047} INFO - Sync 1 DAGs
[2024-03-09T11:13:47.334+0000] {logging_mixin.py:188} INFO - [2024-03-09T11:13:47.334+0000] {dag.py:3834} INFO - Setting next_dagrun for example_python_decorator to None, run_after=None
[2024-03-09T11:13:47.367+0000] {processor.py:183} INFO - Processing /home/airflow/.local/lib/python3.8/site-packages/airflow/example_dags/example_python_decorator.py took 0.143 seconds
[2024-03-09T11:14:17.532+0000] {processor.py:161} INFO - Started process (PID=3609) to work on /home/airflow/.local/lib/python3.8/site-packages/airflow/example_dags/example_python_decorator.py
[2024-03-09T11:14:17.534+0000] {processor.py:830} INFO - Processing file /home/airflow/.local/lib/python3.8/site-packages/airflow/example_dags/example_python_decorator.py for tasks to queue
[2024-03-09T11:14:17.536+0000] {logging_mixin.py:188} INFO - [2024-03-09T11:14:17.535+0000] {dagbag.py:540} INFO - Filling up the DagBag from /home/airflow/.local/lib/python3.8/site-packages/airflow/example_dags/example_python_decorator.py
[2024-03-09T11:14:17.556+0000] {processor.py:840} INFO - DAG(s) 'example_python_decorator' retrieved from /home/airflow/.local/lib/python3.8/site-packages/airflow/example_dags/example_python_decorator.py
[2024-03-09T11:14:17.592+0000] {logging_mixin.py:188} INFO - [2024-03-09T11:14:17.592+0000] {dag.py:3047} INFO - Sync 1 DAGs
[2024-03-09T11:14:17.611+0000] {logging_mixin.py:188} INFO - [2024-03-09T11:14:17.611+0000] {dag.py:3834} INFO - Setting next_dagrun for example_python_decorator to None, run_after=None
[2024-03-09T11:14:17.664+0000] {processor.py:183} INFO - Processing /home/airflow/.local/lib/python3.8/site-packages/airflow/example_dags/example_python_decorator.py took 0.137 seconds
[2024-03-09T11:14:47.949+0000] {processor.py:161} INFO - Started process (PID=3856) to work on /home/airflow/.local/lib/python3.8/site-packages/airflow/example_dags/example_python_decorator.py
[2024-03-09T11:14:47.952+0000] {processor.py:830} INFO - Processing file /home/airflow/.local/lib/python3.8/site-packages/airflow/example_dags/example_python_decorator.py for tasks to queue
[2024-03-09T11:14:47.954+0000] {logging_mixin.py:188} INFO - [2024-03-09T11:14:47.953+0000] {dagbag.py:540} INFO - Filling up the DagBag from /home/airflow/.local/lib/python3.8/site-packages/airflow/example_dags/example_python_decorator.py
[2024-03-09T11:14:47.987+0000] {processor.py:840} INFO - DAG(s) 'example_python_decorator' retrieved from /home/airflow/.local/lib/python3.8/site-packages/airflow/example_dags/example_python_decorator.py
[2024-03-09T11:14:48.029+0000] {logging_mixin.py:188} INFO - [2024-03-09T11:14:48.028+0000] {dag.py:3047} INFO - Sync 1 DAGs
[2024-03-09T11:14:48.050+0000] {logging_mixin.py:188} INFO - [2024-03-09T11:14:48.050+0000] {dag.py:3834} INFO - Setting next_dagrun for example_python_decorator to None, run_after=None
[2024-03-09T11:14:48.094+0000] {processor.py:183} INFO - Processing /home/airflow/.local/lib/python3.8/site-packages/airflow/example_dags/example_python_decorator.py took 0.150 seconds
[2024-03-09T11:15:18.617+0000] {processor.py:161} INFO - Started process (PID=4103) to work on /home/airflow/.local/lib/python3.8/site-packages/airflow/example_dags/example_python_decorator.py
[2024-03-09T11:15:18.620+0000] {processor.py:830} INFO - Processing file /home/airflow/.local/lib/python3.8/site-packages/airflow/example_dags/example_python_decorator.py for tasks to queue
[2024-03-09T11:15:18.622+0000] {logging_mixin.py:188} INFO - [2024-03-09T11:15:18.622+0000] {dagbag.py:540} INFO - Filling up the DagBag from /home/airflow/.local/lib/python3.8/site-packages/airflow/example_dags/example_python_decorator.py
[2024-03-09T11:15:18.658+0000] {processor.py:840} INFO - DAG(s) 'example_python_decorator' retrieved from /home/airflow/.local/lib/python3.8/site-packages/airflow/example_dags/example_python_decorator.py
[2024-03-09T11:15:18.720+0000] {logging_mixin.py:188} INFO - [2024-03-09T11:15:18.719+0000] {dag.py:3047} INFO - Sync 1 DAGs
[2024-03-09T11:15:18.749+0000] {logging_mixin.py:188} INFO - [2024-03-09T11:15:18.749+0000] {dag.py:3834} INFO - Setting next_dagrun for example_python_decorator to None, run_after=None
[2024-03-09T11:15:18.795+0000] {processor.py:183} INFO - Processing /home/airflow/.local/lib/python3.8/site-packages/airflow/example_dags/example_python_decorator.py took 0.184 seconds
[2024-03-09T11:15:49.202+0000] {processor.py:161} INFO - Started process (PID=4350) to work on /home/airflow/.local/lib/python3.8/site-packages/airflow/example_dags/example_python_decorator.py
[2024-03-09T11:15:49.205+0000] {processor.py:830} INFO - Processing file /home/airflow/.local/lib/python3.8/site-packages/airflow/example_dags/example_python_decorator.py for tasks to queue
[2024-03-09T11:15:49.207+0000] {logging_mixin.py:188} INFO - [2024-03-09T11:15:49.206+0000] {dagbag.py:540} INFO - Filling up the DagBag from /home/airflow/.local/lib/python3.8/site-packages/airflow/example_dags/example_python_decorator.py
[2024-03-09T11:15:49.232+0000] {processor.py:840} INFO - DAG(s) 'example_python_decorator' retrieved from /home/airflow/.local/lib/python3.8/site-packages/airflow/example_dags/example_python_decorator.py
[2024-03-09T11:15:49.275+0000] {logging_mixin.py:188} INFO - [2024-03-09T11:15:49.274+0000] {dag.py:3047} INFO - Sync 1 DAGs
[2024-03-09T11:15:49.297+0000] {logging_mixin.py:188} INFO - [2024-03-09T11:15:49.297+0000] {dag.py:3834} INFO - Setting next_dagrun for example_python_decorator to None, run_after=None
[2024-03-09T11:15:49.330+0000] {processor.py:183} INFO - Processing /home/airflow/.local/lib/python3.8/site-packages/airflow/example_dags/example_python_decorator.py took 0.134 seconds
[2024-03-09T11:16:20.158+0000] {processor.py:161} INFO - Started process (PID=4597) to work on /home/airflow/.local/lib/python3.8/site-packages/airflow/example_dags/example_python_decorator.py
[2024-03-09T11:16:20.160+0000] {processor.py:830} INFO - Processing file /home/airflow/.local/lib/python3.8/site-packages/airflow/example_dags/example_python_decorator.py for tasks to queue
[2024-03-09T11:16:20.162+0000] {logging_mixin.py:188} INFO - [2024-03-09T11:16:20.161+0000] {dagbag.py:540} INFO - Filling up the DagBag from /home/airflow/.local/lib/python3.8/site-packages/airflow/example_dags/example_python_decorator.py
[2024-03-09T11:16:20.186+0000] {processor.py:840} INFO - DAG(s) 'example_python_decorator' retrieved from /home/airflow/.local/lib/python3.8/site-packages/airflow/example_dags/example_python_decorator.py
[2024-03-09T11:16:20.222+0000] {logging_mixin.py:188} INFO - [2024-03-09T11:16:20.222+0000] {dag.py:3047} INFO - Sync 1 DAGs
[2024-03-09T11:16:20.241+0000] {logging_mixin.py:188} INFO - [2024-03-09T11:16:20.241+0000] {dag.py:3834} INFO - Setting next_dagrun for example_python_decorator to None, run_after=None
[2024-03-09T11:16:20.320+0000] {processor.py:183} INFO - Processing /home/airflow/.local/lib/python3.8/site-packages/airflow/example_dags/example_python_decorator.py took 0.167 seconds
[2024-03-09T11:16:50.469+0000] {processor.py:161} INFO - Started process (PID=4844) to work on /home/airflow/.local/lib/python3.8/site-packages/airflow/example_dags/example_python_decorator.py
[2024-03-09T11:16:50.471+0000] {processor.py:830} INFO - Processing file /home/airflow/.local/lib/python3.8/site-packages/airflow/example_dags/example_python_decorator.py for tasks to queue
[2024-03-09T11:16:50.473+0000] {logging_mixin.py:188} INFO - [2024-03-09T11:16:50.473+0000] {dagbag.py:540} INFO - Filling up the DagBag from /home/airflow/.local/lib/python3.8/site-packages/airflow/example_dags/example_python_decorator.py
[2024-03-09T11:16:50.494+0000] {processor.py:840} INFO - DAG(s) 'example_python_decorator' retrieved from /home/airflow/.local/lib/python3.8/site-packages/airflow/example_dags/example_python_decorator.py
[2024-03-09T11:16:50.530+0000] {logging_mixin.py:188} INFO - [2024-03-09T11:16:50.530+0000] {dag.py:3047} INFO - Sync 1 DAGs
[2024-03-09T11:16:50.554+0000] {logging_mixin.py:188} INFO - [2024-03-09T11:16:50.553+0000] {dag.py:3834} INFO - Setting next_dagrun for example_python_decorator to None, run_after=None
[2024-03-09T11:16:50.585+0000] {processor.py:183} INFO - Processing /home/airflow/.local/lib/python3.8/site-packages/airflow/example_dags/example_python_decorator.py took 0.122 seconds
[2024-03-09T11:17:21.026+0000] {processor.py:161} INFO - Started process (PID=5091) to work on /home/airflow/.local/lib/python3.8/site-packages/airflow/example_dags/example_python_decorator.py
[2024-03-09T11:17:21.028+0000] {processor.py:830} INFO - Processing file /home/airflow/.local/lib/python3.8/site-packages/airflow/example_dags/example_python_decorator.py for tasks to queue
[2024-03-09T11:17:21.030+0000] {logging_mixin.py:188} INFO - [2024-03-09T11:17:21.029+0000] {dagbag.py:540} INFO - Filling up the DagBag from /home/airflow/.local/lib/python3.8/site-packages/airflow/example_dags/example_python_decorator.py
[2024-03-09T11:17:21.055+0000] {processor.py:840} INFO - DAG(s) 'example_python_decorator' retrieved from /home/airflow/.local/lib/python3.8/site-packages/airflow/example_dags/example_python_decorator.py
[2024-03-09T11:17:21.095+0000] {logging_mixin.py:188} INFO - [2024-03-09T11:17:21.094+0000] {dag.py:3047} INFO - Sync 1 DAGs
[2024-03-09T11:17:21.117+0000] {logging_mixin.py:188} INFO - [2024-03-09T11:17:21.116+0000] {dag.py:3834} INFO - Setting next_dagrun for example_python_decorator to None, run_after=None
[2024-03-09T11:17:21.151+0000] {processor.py:183} INFO - Processing /home/airflow/.local/lib/python3.8/site-packages/airflow/example_dags/example_python_decorator.py took 0.130 seconds
[2024-03-09T11:17:51.369+0000] {processor.py:161} INFO - Started process (PID=5338) to work on /home/airflow/.local/lib/python3.8/site-packages/airflow/example_dags/example_python_decorator.py
[2024-03-09T11:17:51.372+0000] {processor.py:830} INFO - Processing file /home/airflow/.local/lib/python3.8/site-packages/airflow/example_dags/example_python_decorator.py for tasks to queue
[2024-03-09T11:17:51.373+0000] {logging_mixin.py:188} INFO - [2024-03-09T11:17:51.373+0000] {dagbag.py:540} INFO - Filling up the DagBag from /home/airflow/.local/lib/python3.8/site-packages/airflow/example_dags/example_python_decorator.py
[2024-03-09T11:17:51.393+0000] {processor.py:840} INFO - DAG(s) 'example_python_decorator' retrieved from /home/airflow/.local/lib/python3.8/site-packages/airflow/example_dags/example_python_decorator.py
[2024-03-09T11:17:51.437+0000] {logging_mixin.py:188} INFO - [2024-03-09T11:17:51.437+0000] {dag.py:3047} INFO - Sync 1 DAGs
[2024-03-09T11:17:51.463+0000] {logging_mixin.py:188} INFO - [2024-03-09T11:17:51.463+0000] {dag.py:3834} INFO - Setting next_dagrun for example_python_decorator to None, run_after=None
[2024-03-09T11:17:51.499+0000] {processor.py:183} INFO - Processing /home/airflow/.local/lib/python3.8/site-packages/airflow/example_dags/example_python_decorator.py took 0.136 seconds
[2024-03-09T11:18:21.730+0000] {processor.py:161} INFO - Started process (PID=5585) to work on /home/airflow/.local/lib/python3.8/site-packages/airflow/example_dags/example_python_decorator.py
[2024-03-09T11:18:21.732+0000] {processor.py:830} INFO - Processing file /home/airflow/.local/lib/python3.8/site-packages/airflow/example_dags/example_python_decorator.py for tasks to queue
[2024-03-09T11:18:21.734+0000] {logging_mixin.py:188} INFO - [2024-03-09T11:18:21.733+0000] {dagbag.py:540} INFO - Filling up the DagBag from /home/airflow/.local/lib/python3.8/site-packages/airflow/example_dags/example_python_decorator.py
[2024-03-09T11:18:21.754+0000] {processor.py:840} INFO - DAG(s) 'example_python_decorator' retrieved from /home/airflow/.local/lib/python3.8/site-packages/airflow/example_dags/example_python_decorator.py
[2024-03-09T11:18:21.789+0000] {logging_mixin.py:188} INFO - [2024-03-09T11:18:21.789+0000] {dag.py:3047} INFO - Sync 1 DAGs
[2024-03-09T11:18:21.809+0000] {logging_mixin.py:188} INFO - [2024-03-09T11:18:21.808+0000] {dag.py:3834} INFO - Setting next_dagrun for example_python_decorator to None, run_after=None
[2024-03-09T11:18:21.841+0000] {processor.py:183} INFO - Processing /home/airflow/.local/lib/python3.8/site-packages/airflow/example_dags/example_python_decorator.py took 0.116 seconds
[2024-03-09T11:18:52.367+0000] {processor.py:161} INFO - Started process (PID=5832) to work on /home/airflow/.local/lib/python3.8/site-packages/airflow/example_dags/example_python_decorator.py
[2024-03-09T11:18:52.369+0000] {processor.py:830} INFO - Processing file /home/airflow/.local/lib/python3.8/site-packages/airflow/example_dags/example_python_decorator.py for tasks to queue
[2024-03-09T11:18:52.371+0000] {logging_mixin.py:188} INFO - [2024-03-09T11:18:52.371+0000] {dagbag.py:540} INFO - Filling up the DagBag from /home/airflow/.local/lib/python3.8/site-packages/airflow/example_dags/example_python_decorator.py
[2024-03-09T11:18:52.396+0000] {processor.py:840} INFO - DAG(s) 'example_python_decorator' retrieved from /home/airflow/.local/lib/python3.8/site-packages/airflow/example_dags/example_python_decorator.py
[2024-03-09T11:18:52.431+0000] {logging_mixin.py:188} INFO - [2024-03-09T11:18:52.430+0000] {dag.py:3047} INFO - Sync 1 DAGs
[2024-03-09T11:18:52.451+0000] {logging_mixin.py:188} INFO - [2024-03-09T11:18:52.451+0000] {dag.py:3834} INFO - Setting next_dagrun for example_python_decorator to None, run_after=None
[2024-03-09T11:18:52.480+0000] {processor.py:183} INFO - Processing /home/airflow/.local/lib/python3.8/site-packages/airflow/example_dags/example_python_decorator.py took 0.119 seconds
[2024-03-09T11:19:22.593+0000] {processor.py:161} INFO - Started process (PID=6079) to work on /home/airflow/.local/lib/python3.8/site-packages/airflow/example_dags/example_python_decorator.py
[2024-03-09T11:19:22.595+0000] {processor.py:830} INFO - Processing file /home/airflow/.local/lib/python3.8/site-packages/airflow/example_dags/example_python_decorator.py for tasks to queue
[2024-03-09T11:19:22.597+0000] {logging_mixin.py:188} INFO - [2024-03-09T11:19:22.597+0000] {dagbag.py:540} INFO - Filling up the DagBag from /home/airflow/.local/lib/python3.8/site-packages/airflow/example_dags/example_python_decorator.py
[2024-03-09T11:19:22.619+0000] {processor.py:840} INFO - DAG(s) 'example_python_decorator' retrieved from /home/airflow/.local/lib/python3.8/site-packages/airflow/example_dags/example_python_decorator.py
[2024-03-09T11:19:22.651+0000] {logging_mixin.py:188} INFO - [2024-03-09T11:19:22.651+0000] {dag.py:3047} INFO - Sync 1 DAGs
[2024-03-09T11:19:22.668+0000] {logging_mixin.py:188} INFO - [2024-03-09T11:19:22.668+0000] {dag.py:3834} INFO - Setting next_dagrun for example_python_decorator to None, run_after=None
[2024-03-09T11:19:22.705+0000] {processor.py:183} INFO - Processing /home/airflow/.local/lib/python3.8/site-packages/airflow/example_dags/example_python_decorator.py took 0.118 seconds
[2024-03-09T11:19:53.335+0000] {processor.py:161} INFO - Started process (PID=6326) to work on /home/airflow/.local/lib/python3.8/site-packages/airflow/example_dags/example_python_decorator.py
[2024-03-09T11:19:53.337+0000] {processor.py:830} INFO - Processing file /home/airflow/.local/lib/python3.8/site-packages/airflow/example_dags/example_python_decorator.py for tasks to queue
[2024-03-09T11:19:53.339+0000] {logging_mixin.py:188} INFO - [2024-03-09T11:19:53.339+0000] {dagbag.py:540} INFO - Filling up the DagBag from /home/airflow/.local/lib/python3.8/site-packages/airflow/example_dags/example_python_decorator.py
[2024-03-09T11:19:53.366+0000] {processor.py:840} INFO - DAG(s) 'example_python_decorator' retrieved from /home/airflow/.local/lib/python3.8/site-packages/airflow/example_dags/example_python_decorator.py
[2024-03-09T11:19:53.408+0000] {logging_mixin.py:188} INFO - [2024-03-09T11:19:53.407+0000] {dag.py:3047} INFO - Sync 1 DAGs
[2024-03-09T11:19:53.428+0000] {logging_mixin.py:188} INFO - [2024-03-09T11:19:53.427+0000] {dag.py:3834} INFO - Setting next_dagrun for example_python_decorator to None, run_after=None
[2024-03-09T11:19:53.459+0000] {processor.py:183} INFO - Processing /home/airflow/.local/lib/python3.8/site-packages/airflow/example_dags/example_python_decorator.py took 0.129 seconds
[2024-03-09T11:20:24.051+0000] {processor.py:161} INFO - Started process (PID=6573) to work on /home/airflow/.local/lib/python3.8/site-packages/airflow/example_dags/example_python_decorator.py
[2024-03-09T11:20:24.053+0000] {processor.py:830} INFO - Processing file /home/airflow/.local/lib/python3.8/site-packages/airflow/example_dags/example_python_decorator.py for tasks to queue
[2024-03-09T11:20:24.055+0000] {logging_mixin.py:188} INFO - [2024-03-09T11:20:24.055+0000] {dagbag.py:540} INFO - Filling up the DagBag from /home/airflow/.local/lib/python3.8/site-packages/airflow/example_dags/example_python_decorator.py
[2024-03-09T11:20:24.074+0000] {processor.py:840} INFO - DAG(s) 'example_python_decorator' retrieved from /home/airflow/.local/lib/python3.8/site-packages/airflow/example_dags/example_python_decorator.py
[2024-03-09T11:20:24.110+0000] {logging_mixin.py:188} INFO - [2024-03-09T11:20:24.109+0000] {dag.py:3047} INFO - Sync 1 DAGs
[2024-03-09T11:20:24.133+0000] {logging_mixin.py:188} INFO - [2024-03-09T11:20:24.133+0000] {dag.py:3834} INFO - Setting next_dagrun for example_python_decorator to None, run_after=None
[2024-03-09T11:20:24.165+0000] {processor.py:183} INFO - Processing /home/airflow/.local/lib/python3.8/site-packages/airflow/example_dags/example_python_decorator.py took 0.119 seconds
[2024-03-09T11:20:54.978+0000] {processor.py:161} INFO - Started process (PID=6822) to work on /home/airflow/.local/lib/python3.8/site-packages/airflow/example_dags/example_python_decorator.py
[2024-03-09T11:20:54.980+0000] {processor.py:830} INFO - Processing file /home/airflow/.local/lib/python3.8/site-packages/airflow/example_dags/example_python_decorator.py for tasks to queue
[2024-03-09T11:20:54.982+0000] {logging_mixin.py:188} INFO - [2024-03-09T11:20:54.981+0000] {dagbag.py:540} INFO - Filling up the DagBag from /home/airflow/.local/lib/python3.8/site-packages/airflow/example_dags/example_python_decorator.py
[2024-03-09T11:20:55.007+0000] {processor.py:840} INFO - DAG(s) 'example_python_decorator' retrieved from /home/airflow/.local/lib/python3.8/site-packages/airflow/example_dags/example_python_decorator.py
[2024-03-09T11:20:55.045+0000] {logging_mixin.py:188} INFO - [2024-03-09T11:20:55.045+0000] {dag.py:3047} INFO - Sync 1 DAGs
[2024-03-09T11:20:55.066+0000] {logging_mixin.py:188} INFO - [2024-03-09T11:20:55.065+0000] {dag.py:3834} INFO - Setting next_dagrun for example_python_decorator to None, run_after=None
[2024-03-09T11:20:55.097+0000] {processor.py:183} INFO - Processing /home/airflow/.local/lib/python3.8/site-packages/airflow/example_dags/example_python_decorator.py took 0.124 seconds
[2024-03-09T11:21:25.753+0000] {processor.py:161} INFO - Started process (PID=7067) to work on /home/airflow/.local/lib/python3.8/site-packages/airflow/example_dags/example_python_decorator.py
[2024-03-09T11:21:25.756+0000] {processor.py:830} INFO - Processing file /home/airflow/.local/lib/python3.8/site-packages/airflow/example_dags/example_python_decorator.py for tasks to queue
[2024-03-09T11:21:25.758+0000] {logging_mixin.py:188} INFO - [2024-03-09T11:21:25.757+0000] {dagbag.py:540} INFO - Filling up the DagBag from /home/airflow/.local/lib/python3.8/site-packages/airflow/example_dags/example_python_decorator.py
[2024-03-09T11:21:25.783+0000] {processor.py:840} INFO - DAG(s) 'example_python_decorator' retrieved from /home/airflow/.local/lib/python3.8/site-packages/airflow/example_dags/example_python_decorator.py
[2024-03-09T11:21:25.824+0000] {logging_mixin.py:188} INFO - [2024-03-09T11:21:25.823+0000] {dag.py:3047} INFO - Sync 1 DAGs
[2024-03-09T11:21:25.846+0000] {logging_mixin.py:188} INFO - [2024-03-09T11:21:25.846+0000] {dag.py:3834} INFO - Setting next_dagrun for example_python_decorator to None, run_after=None
[2024-03-09T11:21:25.880+0000] {processor.py:183} INFO - Processing /home/airflow/.local/lib/python3.8/site-packages/airflow/example_dags/example_python_decorator.py took 0.132 seconds
[2024-03-09T13:38:20.525+0000] {processor.py:161} INFO - Started process (PID=7304) to work on /home/airflow/.local/lib/python3.8/site-packages/airflow/example_dags/example_python_decorator.py
[2024-03-09T13:38:20.527+0000] {processor.py:830} INFO - Processing file /home/airflow/.local/lib/python3.8/site-packages/airflow/example_dags/example_python_decorator.py for tasks to queue
[2024-03-09T13:38:20.530+0000] {logging_mixin.py:188} INFO - [2024-03-09T13:38:20.529+0000] {dagbag.py:540} INFO - Filling up the DagBag from /home/airflow/.local/lib/python3.8/site-packages/airflow/example_dags/example_python_decorator.py
[2024-03-09T13:38:20.566+0000] {processor.py:840} INFO - DAG(s) 'example_python_decorator' retrieved from /home/airflow/.local/lib/python3.8/site-packages/airflow/example_dags/example_python_decorator.py
[2024-03-09T13:38:20.612+0000] {logging_mixin.py:188} INFO - [2024-03-09T13:38:20.611+0000] {dag.py:3047} INFO - Sync 1 DAGs
[2024-03-09T13:38:20.636+0000] {logging_mixin.py:188} INFO - [2024-03-09T13:38:20.635+0000] {dag.py:3834} INFO - Setting next_dagrun for example_python_decorator to None, run_after=None
[2024-03-09T13:38:20.667+0000] {processor.py:183} INFO - Processing /home/airflow/.local/lib/python3.8/site-packages/airflow/example_dags/example_python_decorator.py took 0.150 seconds
[2024-03-09T13:38:50.975+0000] {processor.py:161} INFO - Started process (PID=7551) to work on /home/airflow/.local/lib/python3.8/site-packages/airflow/example_dags/example_python_decorator.py
[2024-03-09T13:38:50.977+0000] {processor.py:830} INFO - Processing file /home/airflow/.local/lib/python3.8/site-packages/airflow/example_dags/example_python_decorator.py for tasks to queue
[2024-03-09T13:38:50.978+0000] {logging_mixin.py:188} INFO - [2024-03-09T13:38:50.978+0000] {dagbag.py:540} INFO - Filling up the DagBag from /home/airflow/.local/lib/python3.8/site-packages/airflow/example_dags/example_python_decorator.py
[2024-03-09T13:38:51.007+0000] {processor.py:840} INFO - DAG(s) 'example_python_decorator' retrieved from /home/airflow/.local/lib/python3.8/site-packages/airflow/example_dags/example_python_decorator.py
[2024-03-09T13:38:51.052+0000] {logging_mixin.py:188} INFO - [2024-03-09T13:38:51.050+0000] {dag.py:3047} INFO - Sync 1 DAGs
[2024-03-09T13:38:51.076+0000] {logging_mixin.py:188} INFO - [2024-03-09T13:38:51.076+0000] {dag.py:3834} INFO - Setting next_dagrun for example_python_decorator to None, run_after=None
[2024-03-09T13:38:51.115+0000] {processor.py:183} INFO - Processing /home/airflow/.local/lib/python3.8/site-packages/airflow/example_dags/example_python_decorator.py took 0.145 seconds
[2024-03-09T13:39:22.613+0000] {processor.py:161} INFO - Started process (PID=7798) to work on /home/airflow/.local/lib/python3.8/site-packages/airflow/example_dags/example_python_decorator.py
[2024-03-09T13:39:22.615+0000] {processor.py:830} INFO - Processing file /home/airflow/.local/lib/python3.8/site-packages/airflow/example_dags/example_python_decorator.py for tasks to queue
[2024-03-09T13:39:22.618+0000] {logging_mixin.py:188} INFO - [2024-03-09T13:39:22.617+0000] {dagbag.py:540} INFO - Filling up the DagBag from /home/airflow/.local/lib/python3.8/site-packages/airflow/example_dags/example_python_decorator.py
[2024-03-09T13:39:22.644+0000] {processor.py:840} INFO - DAG(s) 'example_python_decorator' retrieved from /home/airflow/.local/lib/python3.8/site-packages/airflow/example_dags/example_python_decorator.py
[2024-03-09T13:39:22.692+0000] {logging_mixin.py:188} INFO - [2024-03-09T13:39:22.691+0000] {dag.py:3047} INFO - Sync 1 DAGs
[2024-03-09T13:39:22.721+0000] {logging_mixin.py:188} INFO - [2024-03-09T13:39:22.720+0000] {dag.py:3834} INFO - Setting next_dagrun for example_python_decorator to None, run_after=None
[2024-03-09T13:39:22.763+0000] {processor.py:183} INFO - Processing /home/airflow/.local/lib/python3.8/site-packages/airflow/example_dags/example_python_decorator.py took 0.159 seconds
[2024-03-09T13:39:53.798+0000] {processor.py:161} INFO - Started process (PID=8047) to work on /home/airflow/.local/lib/python3.8/site-packages/airflow/example_dags/example_python_decorator.py
[2024-03-09T13:39:53.800+0000] {processor.py:830} INFO - Processing file /home/airflow/.local/lib/python3.8/site-packages/airflow/example_dags/example_python_decorator.py for tasks to queue
[2024-03-09T13:39:53.802+0000] {logging_mixin.py:188} INFO - [2024-03-09T13:39:53.802+0000] {dagbag.py:540} INFO - Filling up the DagBag from /home/airflow/.local/lib/python3.8/site-packages/airflow/example_dags/example_python_decorator.py
[2024-03-09T13:39:53.825+0000] {processor.py:840} INFO - DAG(s) 'example_python_decorator' retrieved from /home/airflow/.local/lib/python3.8/site-packages/airflow/example_dags/example_python_decorator.py
[2024-03-09T13:39:53.868+0000] {logging_mixin.py:188} INFO - [2024-03-09T13:39:53.868+0000] {dag.py:3047} INFO - Sync 1 DAGs
[2024-03-09T13:39:53.889+0000] {logging_mixin.py:188} INFO - [2024-03-09T13:39:53.889+0000] {dag.py:3834} INFO - Setting next_dagrun for example_python_decorator to None, run_after=None
[2024-03-09T13:39:53.924+0000] {processor.py:183} INFO - Processing /home/airflow/.local/lib/python3.8/site-packages/airflow/example_dags/example_python_decorator.py took 0.132 seconds
[2024-03-09T13:40:24.089+0000] {processor.py:161} INFO - Started process (PID=8292) to work on /home/airflow/.local/lib/python3.8/site-packages/airflow/example_dags/example_python_decorator.py
[2024-03-09T13:40:24.092+0000] {processor.py:830} INFO - Processing file /home/airflow/.local/lib/python3.8/site-packages/airflow/example_dags/example_python_decorator.py for tasks to queue
[2024-03-09T13:40:24.093+0000] {logging_mixin.py:188} INFO - [2024-03-09T13:40:24.093+0000] {dagbag.py:540} INFO - Filling up the DagBag from /home/airflow/.local/lib/python3.8/site-packages/airflow/example_dags/example_python_decorator.py
[2024-03-09T13:40:24.121+0000] {processor.py:840} INFO - DAG(s) 'example_python_decorator' retrieved from /home/airflow/.local/lib/python3.8/site-packages/airflow/example_dags/example_python_decorator.py
[2024-03-09T13:40:24.157+0000] {logging_mixin.py:188} INFO - [2024-03-09T13:40:24.156+0000] {dag.py:3047} INFO - Sync 1 DAGs
[2024-03-09T13:40:24.179+0000] {logging_mixin.py:188} INFO - [2024-03-09T13:40:24.179+0000] {dag.py:3834} INFO - Setting next_dagrun for example_python_decorator to None, run_after=None
[2024-03-09T13:40:24.214+0000] {processor.py:183} INFO - Processing /home/airflow/.local/lib/python3.8/site-packages/airflow/example_dags/example_python_decorator.py took 0.130 seconds
[2024-03-09T13:40:54.286+0000] {processor.py:161} INFO - Started process (PID=8539) to work on /home/airflow/.local/lib/python3.8/site-packages/airflow/example_dags/example_python_decorator.py
[2024-03-09T13:40:54.288+0000] {processor.py:830} INFO - Processing file /home/airflow/.local/lib/python3.8/site-packages/airflow/example_dags/example_python_decorator.py for tasks to queue
[2024-03-09T13:40:54.289+0000] {logging_mixin.py:188} INFO - [2024-03-09T13:40:54.289+0000] {dagbag.py:540} INFO - Filling up the DagBag from /home/airflow/.local/lib/python3.8/site-packages/airflow/example_dags/example_python_decorator.py
[2024-03-09T13:40:54.311+0000] {processor.py:840} INFO - DAG(s) 'example_python_decorator' retrieved from /home/airflow/.local/lib/python3.8/site-packages/airflow/example_dags/example_python_decorator.py
[2024-03-09T13:40:54.346+0000] {logging_mixin.py:188} INFO - [2024-03-09T13:40:54.346+0000] {dag.py:3047} INFO - Sync 1 DAGs
[2024-03-09T13:40:54.364+0000] {logging_mixin.py:188} INFO - [2024-03-09T13:40:54.364+0000] {dag.py:3834} INFO - Setting next_dagrun for example_python_decorator to None, run_after=None
[2024-03-09T13:40:54.392+0000] {processor.py:183} INFO - Processing /home/airflow/.local/lib/python3.8/site-packages/airflow/example_dags/example_python_decorator.py took 0.111 seconds
[2024-03-09T13:41:24.950+0000] {processor.py:161} INFO - Started process (PID=8786) to work on /home/airflow/.local/lib/python3.8/site-packages/airflow/example_dags/example_python_decorator.py
[2024-03-09T13:41:24.952+0000] {processor.py:830} INFO - Processing file /home/airflow/.local/lib/python3.8/site-packages/airflow/example_dags/example_python_decorator.py for tasks to queue
[2024-03-09T13:41:24.954+0000] {logging_mixin.py:188} INFO - [2024-03-09T13:41:24.953+0000] {dagbag.py:540} INFO - Filling up the DagBag from /home/airflow/.local/lib/python3.8/site-packages/airflow/example_dags/example_python_decorator.py
[2024-03-09T13:41:24.978+0000] {processor.py:840} INFO - DAG(s) 'example_python_decorator' retrieved from /home/airflow/.local/lib/python3.8/site-packages/airflow/example_dags/example_python_decorator.py
[2024-03-09T13:41:25.015+0000] {logging_mixin.py:188} INFO - [2024-03-09T13:41:25.014+0000] {dag.py:3047} INFO - Sync 1 DAGs
[2024-03-09T13:41:25.038+0000] {logging_mixin.py:188} INFO - [2024-03-09T13:41:25.037+0000] {dag.py:3834} INFO - Setting next_dagrun for example_python_decorator to None, run_after=None
[2024-03-09T13:41:25.086+0000] {processor.py:183} INFO - Processing /home/airflow/.local/lib/python3.8/site-packages/airflow/example_dags/example_python_decorator.py took 0.141 seconds
[2024-03-09T13:41:55.370+0000] {processor.py:161} INFO - Started process (PID=9033) to work on /home/airflow/.local/lib/python3.8/site-packages/airflow/example_dags/example_python_decorator.py
[2024-03-09T13:41:55.372+0000] {processor.py:830} INFO - Processing file /home/airflow/.local/lib/python3.8/site-packages/airflow/example_dags/example_python_decorator.py for tasks to queue
[2024-03-09T13:41:55.375+0000] {logging_mixin.py:188} INFO - [2024-03-09T13:41:55.374+0000] {dagbag.py:540} INFO - Filling up the DagBag from /home/airflow/.local/lib/python3.8/site-packages/airflow/example_dags/example_python_decorator.py
[2024-03-09T13:41:55.397+0000] {processor.py:840} INFO - DAG(s) 'example_python_decorator' retrieved from /home/airflow/.local/lib/python3.8/site-packages/airflow/example_dags/example_python_decorator.py
[2024-03-09T13:41:55.434+0000] {logging_mixin.py:188} INFO - [2024-03-09T13:41:55.433+0000] {dag.py:3047} INFO - Sync 1 DAGs
[2024-03-09T13:41:55.454+0000] {logging_mixin.py:188} INFO - [2024-03-09T13:41:55.454+0000] {dag.py:3834} INFO - Setting next_dagrun for example_python_decorator to None, run_after=None
[2024-03-09T13:41:55.482+0000] {processor.py:183} INFO - Processing /home/airflow/.local/lib/python3.8/site-packages/airflow/example_dags/example_python_decorator.py took 0.117 seconds
[2024-03-09T13:42:25.668+0000] {processor.py:161} INFO - Started process (PID=9280) to work on /home/airflow/.local/lib/python3.8/site-packages/airflow/example_dags/example_python_decorator.py
[2024-03-09T13:42:25.670+0000] {processor.py:830} INFO - Processing file /home/airflow/.local/lib/python3.8/site-packages/airflow/example_dags/example_python_decorator.py for tasks to queue
[2024-03-09T13:42:25.672+0000] {logging_mixin.py:188} INFO - [2024-03-09T13:42:25.671+0000] {dagbag.py:540} INFO - Filling up the DagBag from /home/airflow/.local/lib/python3.8/site-packages/airflow/example_dags/example_python_decorator.py
[2024-03-09T13:42:25.692+0000] {processor.py:840} INFO - DAG(s) 'example_python_decorator' retrieved from /home/airflow/.local/lib/python3.8/site-packages/airflow/example_dags/example_python_decorator.py
[2024-03-09T13:42:25.723+0000] {logging_mixin.py:188} INFO - [2024-03-09T13:42:25.723+0000] {dag.py:3047} INFO - Sync 1 DAGs
[2024-03-09T13:42:25.740+0000] {logging_mixin.py:188} INFO - [2024-03-09T13:42:25.740+0000] {dag.py:3834} INFO - Setting next_dagrun for example_python_decorator to None, run_after=None
[2024-03-09T13:42:25.770+0000] {processor.py:183} INFO - Processing /home/airflow/.local/lib/python3.8/site-packages/airflow/example_dags/example_python_decorator.py took 0.107 seconds
[2024-03-09T13:42:55.959+0000] {processor.py:161} INFO - Started process (PID=9527) to work on /home/airflow/.local/lib/python3.8/site-packages/airflow/example_dags/example_python_decorator.py
[2024-03-09T13:42:55.961+0000] {processor.py:830} INFO - Processing file /home/airflow/.local/lib/python3.8/site-packages/airflow/example_dags/example_python_decorator.py for tasks to queue
[2024-03-09T13:42:55.963+0000] {logging_mixin.py:188} INFO - [2024-03-09T13:42:55.962+0000] {dagbag.py:540} INFO - Filling up the DagBag from /home/airflow/.local/lib/python3.8/site-packages/airflow/example_dags/example_python_decorator.py
[2024-03-09T13:42:55.984+0000] {processor.py:840} INFO - DAG(s) 'example_python_decorator' retrieved from /home/airflow/.local/lib/python3.8/site-packages/airflow/example_dags/example_python_decorator.py
[2024-03-09T13:42:56.018+0000] {logging_mixin.py:188} INFO - [2024-03-09T13:42:56.018+0000] {dag.py:3047} INFO - Sync 1 DAGs
[2024-03-09T13:42:56.037+0000] {logging_mixin.py:188} INFO - [2024-03-09T13:42:56.035+0000] {dag.py:3834} INFO - Setting next_dagrun for example_python_decorator to None, run_after=None
[2024-03-09T13:42:56.070+0000] {processor.py:183} INFO - Processing /home/airflow/.local/lib/python3.8/site-packages/airflow/example_dags/example_python_decorator.py took 0.116 seconds
[2024-03-09T13:43:26.811+0000] {processor.py:161} INFO - Started process (PID=9776) to work on /home/airflow/.local/lib/python3.8/site-packages/airflow/example_dags/example_python_decorator.py
[2024-03-09T13:43:26.813+0000] {processor.py:830} INFO - Processing file /home/airflow/.local/lib/python3.8/site-packages/airflow/example_dags/example_python_decorator.py for tasks to queue
[2024-03-09T13:43:26.815+0000] {logging_mixin.py:188} INFO - [2024-03-09T13:43:26.814+0000] {dagbag.py:540} INFO - Filling up the DagBag from /home/airflow/.local/lib/python3.8/site-packages/airflow/example_dags/example_python_decorator.py
[2024-03-09T13:43:26.835+0000] {processor.py:840} INFO - DAG(s) 'example_python_decorator' retrieved from /home/airflow/.local/lib/python3.8/site-packages/airflow/example_dags/example_python_decorator.py
[2024-03-09T13:43:26.870+0000] {logging_mixin.py:188} INFO - [2024-03-09T13:43:26.869+0000] {dag.py:3047} INFO - Sync 1 DAGs
[2024-03-09T13:43:26.890+0000] {logging_mixin.py:188} INFO - [2024-03-09T13:43:26.890+0000] {dag.py:3834} INFO - Setting next_dagrun for example_python_decorator to None, run_after=None
[2024-03-09T13:43:26.921+0000] {processor.py:183} INFO - Processing /home/airflow/.local/lib/python3.8/site-packages/airflow/example_dags/example_python_decorator.py took 0.116 seconds
[2024-03-09T13:43:57.265+0000] {processor.py:161} INFO - Started process (PID=10021) to work on /home/airflow/.local/lib/python3.8/site-packages/airflow/example_dags/example_python_decorator.py
[2024-03-09T13:43:57.267+0000] {processor.py:830} INFO - Processing file /home/airflow/.local/lib/python3.8/site-packages/airflow/example_dags/example_python_decorator.py for tasks to queue
[2024-03-09T13:43:57.269+0000] {logging_mixin.py:188} INFO - [2024-03-09T13:43:57.268+0000] {dagbag.py:540} INFO - Filling up the DagBag from /home/airflow/.local/lib/python3.8/site-packages/airflow/example_dags/example_python_decorator.py
[2024-03-09T13:43:57.291+0000] {processor.py:840} INFO - DAG(s) 'example_python_decorator' retrieved from /home/airflow/.local/lib/python3.8/site-packages/airflow/example_dags/example_python_decorator.py
[2024-03-09T13:43:57.324+0000] {logging_mixin.py:188} INFO - [2024-03-09T13:43:57.323+0000] {dag.py:3047} INFO - Sync 1 DAGs
[2024-03-09T13:43:57.342+0000] {logging_mixin.py:188} INFO - [2024-03-09T13:43:57.342+0000] {dag.py:3834} INFO - Setting next_dagrun for example_python_decorator to None, run_after=None
[2024-03-09T13:43:57.378+0000] {processor.py:183} INFO - Processing /home/airflow/.local/lib/python3.8/site-packages/airflow/example_dags/example_python_decorator.py took 0.118 seconds
