[2024-03-09T11:07:29.220+0000] {processor.py:161} INFO - Started process (PID=237) to work on /home/airflow/.local/lib/python3.8/site-packages/airflow/example_dags/example_skip_dag.py
[2024-03-09T11:07:29.222+0000] {processor.py:830} INFO - Processing file /home/airflow/.local/lib/python3.8/site-packages/airflow/example_dags/example_skip_dag.py for tasks to queue
[2024-03-09T11:07:29.224+0000] {logging_mixin.py:188} INFO - [2024-03-09T11:07:29.224+0000] {dagbag.py:540} INFO - Filling up the DagBag from /home/airflow/.local/lib/python3.8/site-packages/airflow/example_dags/example_skip_dag.py
[2024-03-09T11:07:29.240+0000] {processor.py:840} INFO - DAG(s) 'example_skip_dag' retrieved from /home/airflow/.local/lib/python3.8/site-packages/airflow/example_dags/example_skip_dag.py
[2024-03-09T11:07:29.423+0000] {logging_mixin.py:188} INFO - [2024-03-09T11:07:29.423+0000] {dag.py:3047} INFO - Sync 1 DAGs
[2024-03-09T11:07:29.460+0000] {logging_mixin.py:188} INFO - [2024-03-09T11:07:29.459+0000] {dag.py:3834} INFO - Setting next_dagrun for example_skip_dag to 2024-03-08 00:00:00+00:00, run_after=2024-03-09 00:00:00+00:00
[2024-03-09T11:07:29.495+0000] {processor.py:183} INFO - Processing /home/airflow/.local/lib/python3.8/site-packages/airflow/example_dags/example_skip_dag.py took 0.280 seconds
[2024-03-09T11:08:00.102+0000] {processor.py:161} INFO - Started process (PID=484) to work on /home/airflow/.local/lib/python3.8/site-packages/airflow/example_dags/example_skip_dag.py
[2024-03-09T11:08:00.104+0000] {processor.py:830} INFO - Processing file /home/airflow/.local/lib/python3.8/site-packages/airflow/example_dags/example_skip_dag.py for tasks to queue
[2024-03-09T11:08:00.106+0000] {logging_mixin.py:188} INFO - [2024-03-09T11:08:00.105+0000] {dagbag.py:540} INFO - Filling up the DagBag from /home/airflow/.local/lib/python3.8/site-packages/airflow/example_dags/example_skip_dag.py
[2024-03-09T11:08:00.116+0000] {processor.py:840} INFO - DAG(s) 'example_skip_dag' retrieved from /home/airflow/.local/lib/python3.8/site-packages/airflow/example_dags/example_skip_dag.py
[2024-03-09T11:08:00.148+0000] {logging_mixin.py:188} INFO - [2024-03-09T11:08:00.148+0000] {dag.py:3047} INFO - Sync 1 DAGs
[2024-03-09T11:08:00.189+0000] {logging_mixin.py:188} INFO - [2024-03-09T11:08:00.188+0000] {dag.py:3834} INFO - Setting next_dagrun for example_skip_dag to 2024-03-08 00:00:00+00:00, run_after=2024-03-09 00:00:00+00:00
[2024-03-09T11:08:00.224+0000] {processor.py:183} INFO - Processing /home/airflow/.local/lib/python3.8/site-packages/airflow/example_dags/example_skip_dag.py took 0.127 seconds
[2024-03-09T11:08:31.294+0000] {processor.py:161} INFO - Started process (PID=733) to work on /home/airflow/.local/lib/python3.8/site-packages/airflow/example_dags/example_skip_dag.py
[2024-03-09T11:08:31.296+0000] {processor.py:830} INFO - Processing file /home/airflow/.local/lib/python3.8/site-packages/airflow/example_dags/example_skip_dag.py for tasks to queue
[2024-03-09T11:08:31.298+0000] {logging_mixin.py:188} INFO - [2024-03-09T11:08:31.298+0000] {dagbag.py:540} INFO - Filling up the DagBag from /home/airflow/.local/lib/python3.8/site-packages/airflow/example_dags/example_skip_dag.py
[2024-03-09T11:08:31.309+0000] {processor.py:840} INFO - DAG(s) 'example_skip_dag' retrieved from /home/airflow/.local/lib/python3.8/site-packages/airflow/example_dags/example_skip_dag.py
[2024-03-09T11:08:31.342+0000] {logging_mixin.py:188} INFO - [2024-03-09T11:08:31.341+0000] {dag.py:3047} INFO - Sync 1 DAGs
[2024-03-09T11:08:31.375+0000] {logging_mixin.py:188} INFO - [2024-03-09T11:08:31.375+0000] {dag.py:3834} INFO - Setting next_dagrun for example_skip_dag to 2024-03-08 00:00:00+00:00, run_after=2024-03-09 00:00:00+00:00
[2024-03-09T11:08:31.446+0000] {processor.py:183} INFO - Processing /home/airflow/.local/lib/python3.8/site-packages/airflow/example_dags/example_skip_dag.py took 0.157 seconds
[2024-03-09T11:09:02.093+0000] {processor.py:161} INFO - Started process (PID=980) to work on /home/airflow/.local/lib/python3.8/site-packages/airflow/example_dags/example_skip_dag.py
[2024-03-09T11:09:02.097+0000] {processor.py:830} INFO - Processing file /home/airflow/.local/lib/python3.8/site-packages/airflow/example_dags/example_skip_dag.py for tasks to queue
[2024-03-09T11:09:02.098+0000] {logging_mixin.py:188} INFO - [2024-03-09T11:09:02.098+0000] {dagbag.py:540} INFO - Filling up the DagBag from /home/airflow/.local/lib/python3.8/site-packages/airflow/example_dags/example_skip_dag.py
[2024-03-09T11:09:02.111+0000] {processor.py:840} INFO - DAG(s) 'example_skip_dag' retrieved from /home/airflow/.local/lib/python3.8/site-packages/airflow/example_dags/example_skip_dag.py
[2024-03-09T11:09:02.144+0000] {logging_mixin.py:188} INFO - [2024-03-09T11:09:02.143+0000] {dag.py:3047} INFO - Sync 1 DAGs
[2024-03-09T11:09:02.182+0000] {logging_mixin.py:188} INFO - [2024-03-09T11:09:02.182+0000] {dag.py:3834} INFO - Setting next_dagrun for example_skip_dag to 2024-03-08 00:00:00+00:00, run_after=2024-03-09 00:00:00+00:00
[2024-03-09T11:09:02.217+0000] {processor.py:183} INFO - Processing /home/airflow/.local/lib/python3.8/site-packages/airflow/example_dags/example_skip_dag.py took 0.130 seconds
[2024-03-09T11:09:32.563+0000] {processor.py:161} INFO - Started process (PID=1228) to work on /home/airflow/.local/lib/python3.8/site-packages/airflow/example_dags/example_skip_dag.py
[2024-03-09T11:09:32.564+0000] {processor.py:830} INFO - Processing file /home/airflow/.local/lib/python3.8/site-packages/airflow/example_dags/example_skip_dag.py for tasks to queue
[2024-03-09T11:09:32.566+0000] {logging_mixin.py:188} INFO - [2024-03-09T11:09:32.566+0000] {dagbag.py:540} INFO - Filling up the DagBag from /home/airflow/.local/lib/python3.8/site-packages/airflow/example_dags/example_skip_dag.py
[2024-03-09T11:09:32.577+0000] {processor.py:840} INFO - DAG(s) 'example_skip_dag' retrieved from /home/airflow/.local/lib/python3.8/site-packages/airflow/example_dags/example_skip_dag.py
[2024-03-09T11:09:32.611+0000] {logging_mixin.py:188} INFO - [2024-03-09T11:09:32.610+0000] {dag.py:3047} INFO - Sync 1 DAGs
[2024-03-09T11:09:32.653+0000] {logging_mixin.py:188} INFO - [2024-03-09T11:09:32.653+0000] {dag.py:3834} INFO - Setting next_dagrun for example_skip_dag to 2024-03-08 00:00:00+00:00, run_after=2024-03-09 00:00:00+00:00
[2024-03-09T11:09:32.685+0000] {processor.py:183} INFO - Processing /home/airflow/.local/lib/python3.8/site-packages/airflow/example_dags/example_skip_dag.py took 0.127 seconds
[2024-03-09T11:10:02.997+0000] {processor.py:161} INFO - Started process (PID=1473) to work on /home/airflow/.local/lib/python3.8/site-packages/airflow/example_dags/example_skip_dag.py
[2024-03-09T11:10:03.000+0000] {processor.py:830} INFO - Processing file /home/airflow/.local/lib/python3.8/site-packages/airflow/example_dags/example_skip_dag.py for tasks to queue
[2024-03-09T11:10:03.002+0000] {logging_mixin.py:188} INFO - [2024-03-09T11:10:03.001+0000] {dagbag.py:540} INFO - Filling up the DagBag from /home/airflow/.local/lib/python3.8/site-packages/airflow/example_dags/example_skip_dag.py
[2024-03-09T11:10:03.015+0000] {processor.py:840} INFO - DAG(s) 'example_skip_dag' retrieved from /home/airflow/.local/lib/python3.8/site-packages/airflow/example_dags/example_skip_dag.py
[2024-03-09T11:10:03.052+0000] {logging_mixin.py:188} INFO - [2024-03-09T11:10:03.051+0000] {dag.py:3047} INFO - Sync 1 DAGs
[2024-03-09T11:10:03.089+0000] {logging_mixin.py:188} INFO - [2024-03-09T11:10:03.089+0000] {dag.py:3834} INFO - Setting next_dagrun for example_skip_dag to 2024-03-08 00:00:00+00:00, run_after=2024-03-09 00:00:00+00:00
[2024-03-09T11:10:03.121+0000] {processor.py:183} INFO - Processing /home/airflow/.local/lib/python3.8/site-packages/airflow/example_dags/example_skip_dag.py took 0.130 seconds
[2024-03-09T11:10:33.796+0000] {processor.py:161} INFO - Started process (PID=1722) to work on /home/airflow/.local/lib/python3.8/site-packages/airflow/example_dags/example_skip_dag.py
[2024-03-09T11:10:33.800+0000] {processor.py:830} INFO - Processing file /home/airflow/.local/lib/python3.8/site-packages/airflow/example_dags/example_skip_dag.py for tasks to queue
[2024-03-09T11:10:33.803+0000] {logging_mixin.py:188} INFO - [2024-03-09T11:10:33.803+0000] {dagbag.py:540} INFO - Filling up the DagBag from /home/airflow/.local/lib/python3.8/site-packages/airflow/example_dags/example_skip_dag.py
[2024-03-09T11:10:33.818+0000] {processor.py:840} INFO - DAG(s) 'example_skip_dag' retrieved from /home/airflow/.local/lib/python3.8/site-packages/airflow/example_dags/example_skip_dag.py
[2024-03-09T11:10:33.867+0000] {logging_mixin.py:188} INFO - [2024-03-09T11:10:33.867+0000] {dag.py:3047} INFO - Sync 1 DAGs
[2024-03-09T11:10:33.919+0000] {logging_mixin.py:188} INFO - [2024-03-09T11:10:33.918+0000] {dag.py:3834} INFO - Setting next_dagrun for example_skip_dag to 2024-03-08 00:00:00+00:00, run_after=2024-03-09 00:00:00+00:00
[2024-03-09T11:10:33.961+0000] {processor.py:183} INFO - Processing /home/airflow/.local/lib/python3.8/site-packages/airflow/example_dags/example_skip_dag.py took 0.173 seconds
[2024-03-09T11:11:05.141+0000] {processor.py:161} INFO - Started process (PID=1969) to work on /home/airflow/.local/lib/python3.8/site-packages/airflow/example_dags/example_skip_dag.py
[2024-03-09T11:11:05.143+0000] {processor.py:830} INFO - Processing file /home/airflow/.local/lib/python3.8/site-packages/airflow/example_dags/example_skip_dag.py for tasks to queue
[2024-03-09T11:11:05.144+0000] {logging_mixin.py:188} INFO - [2024-03-09T11:11:05.144+0000] {dagbag.py:540} INFO - Filling up the DagBag from /home/airflow/.local/lib/python3.8/site-packages/airflow/example_dags/example_skip_dag.py
[2024-03-09T11:11:05.158+0000] {processor.py:840} INFO - DAG(s) 'example_skip_dag' retrieved from /home/airflow/.local/lib/python3.8/site-packages/airflow/example_dags/example_skip_dag.py
[2024-03-09T11:11:05.216+0000] {logging_mixin.py:188} INFO - [2024-03-09T11:11:05.215+0000] {dag.py:3047} INFO - Sync 1 DAGs
[2024-03-09T11:11:05.287+0000] {logging_mixin.py:188} INFO - [2024-03-09T11:11:05.286+0000] {dag.py:3834} INFO - Setting next_dagrun for example_skip_dag to 2024-03-08 00:00:00+00:00, run_after=2024-03-09 00:00:00+00:00
[2024-03-09T11:11:05.319+0000] {processor.py:183} INFO - Processing /home/airflow/.local/lib/python3.8/site-packages/airflow/example_dags/example_skip_dag.py took 0.193 seconds
[2024-03-09T11:11:35.795+0000] {processor.py:161} INFO - Started process (PID=2220) to work on /home/airflow/.local/lib/python3.8/site-packages/airflow/example_dags/example_skip_dag.py
[2024-03-09T11:11:35.797+0000] {processor.py:830} INFO - Processing file /home/airflow/.local/lib/python3.8/site-packages/airflow/example_dags/example_skip_dag.py for tasks to queue
[2024-03-09T11:11:35.799+0000] {logging_mixin.py:188} INFO - [2024-03-09T11:11:35.798+0000] {dagbag.py:540} INFO - Filling up the DagBag from /home/airflow/.local/lib/python3.8/site-packages/airflow/example_dags/example_skip_dag.py
[2024-03-09T11:11:35.811+0000] {processor.py:840} INFO - DAG(s) 'example_skip_dag' retrieved from /home/airflow/.local/lib/python3.8/site-packages/airflow/example_dags/example_skip_dag.py
[2024-03-09T11:11:35.852+0000] {logging_mixin.py:188} INFO - [2024-03-09T11:11:35.851+0000] {dag.py:3047} INFO - Sync 1 DAGs
[2024-03-09T11:11:35.887+0000] {logging_mixin.py:188} INFO - [2024-03-09T11:11:35.887+0000] {dag.py:3834} INFO - Setting next_dagrun for example_skip_dag to 2024-03-08 00:00:00+00:00, run_after=2024-03-09 00:00:00+00:00
[2024-03-09T11:11:35.921+0000] {processor.py:183} INFO - Processing /home/airflow/.local/lib/python3.8/site-packages/airflow/example_dags/example_skip_dag.py took 0.131 seconds
[2024-03-09T11:12:06.319+0000] {processor.py:161} INFO - Started process (PID=2469) to work on /home/airflow/.local/lib/python3.8/site-packages/airflow/example_dags/example_skip_dag.py
[2024-03-09T11:12:06.321+0000] {processor.py:830} INFO - Processing file /home/airflow/.local/lib/python3.8/site-packages/airflow/example_dags/example_skip_dag.py for tasks to queue
[2024-03-09T11:12:06.323+0000] {logging_mixin.py:188} INFO - [2024-03-09T11:12:06.322+0000] {dagbag.py:540} INFO - Filling up the DagBag from /home/airflow/.local/lib/python3.8/site-packages/airflow/example_dags/example_skip_dag.py
[2024-03-09T11:12:06.332+0000] {processor.py:840} INFO - DAG(s) 'example_skip_dag' retrieved from /home/airflow/.local/lib/python3.8/site-packages/airflow/example_dags/example_skip_dag.py
[2024-03-09T11:12:06.365+0000] {logging_mixin.py:188} INFO - [2024-03-09T11:12:06.364+0000] {dag.py:3047} INFO - Sync 1 DAGs
[2024-03-09T11:12:06.401+0000] {logging_mixin.py:188} INFO - [2024-03-09T11:12:06.401+0000] {dag.py:3834} INFO - Setting next_dagrun for example_skip_dag to 2024-03-08 00:00:00+00:00, run_after=2024-03-09 00:00:00+00:00
[2024-03-09T11:12:06.430+0000] {processor.py:183} INFO - Processing /home/airflow/.local/lib/python3.8/site-packages/airflow/example_dags/example_skip_dag.py took 0.116 seconds
[2024-03-09T11:12:36.591+0000] {processor.py:161} INFO - Started process (PID=2714) to work on /home/airflow/.local/lib/python3.8/site-packages/airflow/example_dags/example_skip_dag.py
[2024-03-09T11:12:36.593+0000] {processor.py:830} INFO - Processing file /home/airflow/.local/lib/python3.8/site-packages/airflow/example_dags/example_skip_dag.py for tasks to queue
[2024-03-09T11:12:36.595+0000] {logging_mixin.py:188} INFO - [2024-03-09T11:12:36.594+0000] {dagbag.py:540} INFO - Filling up the DagBag from /home/airflow/.local/lib/python3.8/site-packages/airflow/example_dags/example_skip_dag.py
[2024-03-09T11:12:36.609+0000] {processor.py:840} INFO - DAG(s) 'example_skip_dag' retrieved from /home/airflow/.local/lib/python3.8/site-packages/airflow/example_dags/example_skip_dag.py
[2024-03-09T11:12:36.645+0000] {logging_mixin.py:188} INFO - [2024-03-09T11:12:36.644+0000] {dag.py:3047} INFO - Sync 1 DAGs
[2024-03-09T11:12:36.680+0000] {logging_mixin.py:188} INFO - [2024-03-09T11:12:36.680+0000] {dag.py:3834} INFO - Setting next_dagrun for example_skip_dag to 2024-03-08 00:00:00+00:00, run_after=2024-03-09 00:00:00+00:00
[2024-03-09T11:12:36.715+0000] {processor.py:183} INFO - Processing /home/airflow/.local/lib/python3.8/site-packages/airflow/example_dags/example_skip_dag.py took 0.129 seconds
[2024-03-09T11:13:06.963+0000] {processor.py:161} INFO - Started process (PID=2961) to work on /home/airflow/.local/lib/python3.8/site-packages/airflow/example_dags/example_skip_dag.py
[2024-03-09T11:13:06.965+0000] {processor.py:830} INFO - Processing file /home/airflow/.local/lib/python3.8/site-packages/airflow/example_dags/example_skip_dag.py for tasks to queue
[2024-03-09T11:13:06.967+0000] {logging_mixin.py:188} INFO - [2024-03-09T11:13:06.967+0000] {dagbag.py:540} INFO - Filling up the DagBag from /home/airflow/.local/lib/python3.8/site-packages/airflow/example_dags/example_skip_dag.py
[2024-03-09T11:13:06.979+0000] {processor.py:840} INFO - DAG(s) 'example_skip_dag' retrieved from /home/airflow/.local/lib/python3.8/site-packages/airflow/example_dags/example_skip_dag.py
[2024-03-09T11:13:07.014+0000] {logging_mixin.py:188} INFO - [2024-03-09T11:13:07.014+0000] {dag.py:3047} INFO - Sync 1 DAGs
[2024-03-09T11:13:07.044+0000] {logging_mixin.py:188} INFO - [2024-03-09T11:13:07.044+0000] {dag.py:3834} INFO - Setting next_dagrun for example_skip_dag to 2024-03-08 00:00:00+00:00, run_after=2024-03-09 00:00:00+00:00
[2024-03-09T11:13:07.093+0000] {processor.py:183} INFO - Processing /home/airflow/.local/lib/python3.8/site-packages/airflow/example_dags/example_skip_dag.py took 0.136 seconds
[2024-03-09T11:13:44.183+0000] {processor.py:161} INFO - Started process (PID=3225) to work on /home/airflow/.local/lib/python3.8/site-packages/airflow/example_dags/example_skip_dag.py
[2024-03-09T11:13:44.190+0000] {processor.py:830} INFO - Processing file /home/airflow/.local/lib/python3.8/site-packages/airflow/example_dags/example_skip_dag.py for tasks to queue
[2024-03-09T11:13:44.196+0000] {logging_mixin.py:188} INFO - [2024-03-09T11:13:44.195+0000] {dagbag.py:540} INFO - Filling up the DagBag from /home/airflow/.local/lib/python3.8/site-packages/airflow/example_dags/example_skip_dag.py
[2024-03-09T11:13:44.214+0000] {processor.py:840} INFO - DAG(s) 'example_skip_dag' retrieved from /home/airflow/.local/lib/python3.8/site-packages/airflow/example_dags/example_skip_dag.py
[2024-03-09T11:13:44.300+0000] {logging_mixin.py:188} INFO - [2024-03-09T11:13:44.299+0000] {dag.py:3047} INFO - Sync 1 DAGs
[2024-03-09T11:13:44.356+0000] {logging_mixin.py:188} INFO - [2024-03-09T11:13:44.356+0000] {dag.py:3834} INFO - Setting next_dagrun for example_skip_dag to 2024-03-08 00:00:00+00:00, run_after=2024-03-09 00:00:00+00:00
[2024-03-09T11:13:44.408+0000] {processor.py:183} INFO - Processing /home/airflow/.local/lib/python3.8/site-packages/airflow/example_dags/example_skip_dag.py took 0.251 seconds
[2024-03-09T11:14:14.690+0000] {processor.py:161} INFO - Started process (PID=3481) to work on /home/airflow/.local/lib/python3.8/site-packages/airflow/example_dags/example_skip_dag.py
[2024-03-09T11:14:14.691+0000] {processor.py:830} INFO - Processing file /home/airflow/.local/lib/python3.8/site-packages/airflow/example_dags/example_skip_dag.py for tasks to queue
[2024-03-09T11:14:14.694+0000] {logging_mixin.py:188} INFO - [2024-03-09T11:14:14.693+0000] {dagbag.py:540} INFO - Filling up the DagBag from /home/airflow/.local/lib/python3.8/site-packages/airflow/example_dags/example_skip_dag.py
[2024-03-09T11:14:14.707+0000] {processor.py:840} INFO - DAG(s) 'example_skip_dag' retrieved from /home/airflow/.local/lib/python3.8/site-packages/airflow/example_dags/example_skip_dag.py
[2024-03-09T11:14:14.744+0000] {logging_mixin.py:188} INFO - [2024-03-09T11:14:14.743+0000] {dag.py:3047} INFO - Sync 1 DAGs
[2024-03-09T11:14:14.782+0000] {logging_mixin.py:188} INFO - [2024-03-09T11:14:14.782+0000] {dag.py:3834} INFO - Setting next_dagrun for example_skip_dag to 2024-03-08 00:00:00+00:00, run_after=2024-03-09 00:00:00+00:00
[2024-03-09T11:14:14.820+0000] {processor.py:183} INFO - Processing /home/airflow/.local/lib/python3.8/site-packages/airflow/example_dags/example_skip_dag.py took 0.136 seconds
[2024-03-09T11:14:45.055+0000] {processor.py:161} INFO - Started process (PID=3731) to work on /home/airflow/.local/lib/python3.8/site-packages/airflow/example_dags/example_skip_dag.py
[2024-03-09T11:14:45.057+0000] {processor.py:830} INFO - Processing file /home/airflow/.local/lib/python3.8/site-packages/airflow/example_dags/example_skip_dag.py for tasks to queue
[2024-03-09T11:14:45.059+0000] {logging_mixin.py:188} INFO - [2024-03-09T11:14:45.058+0000] {dagbag.py:540} INFO - Filling up the DagBag from /home/airflow/.local/lib/python3.8/site-packages/airflow/example_dags/example_skip_dag.py
[2024-03-09T11:14:45.074+0000] {processor.py:840} INFO - DAG(s) 'example_skip_dag' retrieved from /home/airflow/.local/lib/python3.8/site-packages/airflow/example_dags/example_skip_dag.py
[2024-03-09T11:14:45.127+0000] {logging_mixin.py:188} INFO - [2024-03-09T11:14:45.126+0000] {dag.py:3047} INFO - Sync 1 DAGs
[2024-03-09T11:14:45.174+0000] {logging_mixin.py:188} INFO - [2024-03-09T11:14:45.174+0000] {dag.py:3834} INFO - Setting next_dagrun for example_skip_dag to 2024-03-08 00:00:00+00:00, run_after=2024-03-09 00:00:00+00:00
[2024-03-09T11:14:45.212+0000] {processor.py:183} INFO - Processing /home/airflow/.local/lib/python3.8/site-packages/airflow/example_dags/example_skip_dag.py took 0.164 seconds
[2024-03-09T11:15:15.496+0000] {processor.py:161} INFO - Started process (PID=3978) to work on /home/airflow/.local/lib/python3.8/site-packages/airflow/example_dags/example_skip_dag.py
[2024-03-09T11:15:15.498+0000] {processor.py:830} INFO - Processing file /home/airflow/.local/lib/python3.8/site-packages/airflow/example_dags/example_skip_dag.py for tasks to queue
[2024-03-09T11:15:15.500+0000] {logging_mixin.py:188} INFO - [2024-03-09T11:15:15.500+0000] {dagbag.py:540} INFO - Filling up the DagBag from /home/airflow/.local/lib/python3.8/site-packages/airflow/example_dags/example_skip_dag.py
[2024-03-09T11:15:15.513+0000] {processor.py:840} INFO - DAG(s) 'example_skip_dag' retrieved from /home/airflow/.local/lib/python3.8/site-packages/airflow/example_dags/example_skip_dag.py
[2024-03-09T11:15:15.555+0000] {logging_mixin.py:188} INFO - [2024-03-09T11:15:15.554+0000] {dag.py:3047} INFO - Sync 1 DAGs
[2024-03-09T11:15:15.597+0000] {logging_mixin.py:188} INFO - [2024-03-09T11:15:15.596+0000] {dag.py:3834} INFO - Setting next_dagrun for example_skip_dag to 2024-03-08 00:00:00+00:00, run_after=2024-03-09 00:00:00+00:00
[2024-03-09T11:15:15.632+0000] {processor.py:183} INFO - Processing /home/airflow/.local/lib/python3.8/site-packages/airflow/example_dags/example_skip_dag.py took 0.142 seconds
[2024-03-09T11:15:46.209+0000] {processor.py:161} INFO - Started process (PID=4225) to work on /home/airflow/.local/lib/python3.8/site-packages/airflow/example_dags/example_skip_dag.py
[2024-03-09T11:15:46.211+0000] {processor.py:830} INFO - Processing file /home/airflow/.local/lib/python3.8/site-packages/airflow/example_dags/example_skip_dag.py for tasks to queue
[2024-03-09T11:15:46.212+0000] {logging_mixin.py:188} INFO - [2024-03-09T11:15:46.212+0000] {dagbag.py:540} INFO - Filling up the DagBag from /home/airflow/.local/lib/python3.8/site-packages/airflow/example_dags/example_skip_dag.py
[2024-03-09T11:15:46.228+0000] {processor.py:840} INFO - DAG(s) 'example_skip_dag' retrieved from /home/airflow/.local/lib/python3.8/site-packages/airflow/example_dags/example_skip_dag.py
[2024-03-09T11:15:46.271+0000] {logging_mixin.py:188} INFO - [2024-03-09T11:15:46.271+0000] {dag.py:3047} INFO - Sync 1 DAGs
[2024-03-09T11:15:46.311+0000] {logging_mixin.py:188} INFO - [2024-03-09T11:15:46.311+0000] {dag.py:3834} INFO - Setting next_dagrun for example_skip_dag to 2024-03-08 00:00:00+00:00, run_after=2024-03-09 00:00:00+00:00
[2024-03-09T11:15:46.347+0000] {processor.py:183} INFO - Processing /home/airflow/.local/lib/python3.8/site-packages/airflow/example_dags/example_skip_dag.py took 0.144 seconds
[2024-03-09T11:16:16.426+0000] {processor.py:161} INFO - Started process (PID=4464) to work on /home/airflow/.local/lib/python3.8/site-packages/airflow/example_dags/example_skip_dag.py
[2024-03-09T11:16:16.428+0000] {processor.py:830} INFO - Processing file /home/airflow/.local/lib/python3.8/site-packages/airflow/example_dags/example_skip_dag.py for tasks to queue
[2024-03-09T11:16:16.430+0000] {logging_mixin.py:188} INFO - [2024-03-09T11:16:16.429+0000] {dagbag.py:540} INFO - Filling up the DagBag from /home/airflow/.local/lib/python3.8/site-packages/airflow/example_dags/example_skip_dag.py
[2024-03-09T11:16:16.441+0000] {processor.py:840} INFO - DAG(s) 'example_skip_dag' retrieved from /home/airflow/.local/lib/python3.8/site-packages/airflow/example_dags/example_skip_dag.py
[2024-03-09T11:16:16.480+0000] {logging_mixin.py:188} INFO - [2024-03-09T11:16:16.479+0000] {dag.py:3047} INFO - Sync 1 DAGs
[2024-03-09T11:16:16.519+0000] {logging_mixin.py:188} INFO - [2024-03-09T11:16:16.519+0000] {dag.py:3834} INFO - Setting next_dagrun for example_skip_dag to 2024-03-08 00:00:00+00:00, run_after=2024-03-09 00:00:00+00:00
[2024-03-09T11:16:16.557+0000] {processor.py:183} INFO - Processing /home/airflow/.local/lib/python3.8/site-packages/airflow/example_dags/example_skip_dag.py took 0.137 seconds
[2024-03-09T11:16:46.730+0000] {processor.py:161} INFO - Started process (PID=4711) to work on /home/airflow/.local/lib/python3.8/site-packages/airflow/example_dags/example_skip_dag.py
[2024-03-09T11:16:46.732+0000] {processor.py:830} INFO - Processing file /home/airflow/.local/lib/python3.8/site-packages/airflow/example_dags/example_skip_dag.py for tasks to queue
[2024-03-09T11:16:46.734+0000] {logging_mixin.py:188} INFO - [2024-03-09T11:16:46.733+0000] {dagbag.py:540} INFO - Filling up the DagBag from /home/airflow/.local/lib/python3.8/site-packages/airflow/example_dags/example_skip_dag.py
[2024-03-09T11:16:46.746+0000] {processor.py:840} INFO - DAG(s) 'example_skip_dag' retrieved from /home/airflow/.local/lib/python3.8/site-packages/airflow/example_dags/example_skip_dag.py
[2024-03-09T11:16:46.791+0000] {logging_mixin.py:188} INFO - [2024-03-09T11:16:46.791+0000] {dag.py:3047} INFO - Sync 1 DAGs
[2024-03-09T11:16:46.831+0000] {logging_mixin.py:188} INFO - [2024-03-09T11:16:46.831+0000] {dag.py:3834} INFO - Setting next_dagrun for example_skip_dag to 2024-03-08 00:00:00+00:00, run_after=2024-03-09 00:00:00+00:00
[2024-03-09T11:16:46.875+0000] {processor.py:183} INFO - Processing /home/airflow/.local/lib/python3.8/site-packages/airflow/example_dags/example_skip_dag.py took 0.150 seconds
[2024-03-09T11:17:17.407+0000] {processor.py:161} INFO - Started process (PID=4956) to work on /home/airflow/.local/lib/python3.8/site-packages/airflow/example_dags/example_skip_dag.py
[2024-03-09T11:17:17.409+0000] {processor.py:830} INFO - Processing file /home/airflow/.local/lib/python3.8/site-packages/airflow/example_dags/example_skip_dag.py for tasks to queue
[2024-03-09T11:17:17.411+0000] {logging_mixin.py:188} INFO - [2024-03-09T11:17:17.410+0000] {dagbag.py:540} INFO - Filling up the DagBag from /home/airflow/.local/lib/python3.8/site-packages/airflow/example_dags/example_skip_dag.py
[2024-03-09T11:17:17.424+0000] {processor.py:840} INFO - DAG(s) 'example_skip_dag' retrieved from /home/airflow/.local/lib/python3.8/site-packages/airflow/example_dags/example_skip_dag.py
[2024-03-09T11:17:17.460+0000] {logging_mixin.py:188} INFO - [2024-03-09T11:17:17.459+0000] {dag.py:3047} INFO - Sync 1 DAGs
[2024-03-09T11:17:17.497+0000] {logging_mixin.py:188} INFO - [2024-03-09T11:17:17.497+0000] {dag.py:3834} INFO - Setting next_dagrun for example_skip_dag to 2024-03-08 00:00:00+00:00, run_after=2024-03-09 00:00:00+00:00
[2024-03-09T11:17:17.530+0000] {processor.py:183} INFO - Processing /home/airflow/.local/lib/python3.8/site-packages/airflow/example_dags/example_skip_dag.py took 0.128 seconds
[2024-03-09T11:17:47.691+0000] {processor.py:161} INFO - Started process (PID=5203) to work on /home/airflow/.local/lib/python3.8/site-packages/airflow/example_dags/example_skip_dag.py
[2024-03-09T11:17:47.693+0000] {processor.py:830} INFO - Processing file /home/airflow/.local/lib/python3.8/site-packages/airflow/example_dags/example_skip_dag.py for tasks to queue
[2024-03-09T11:17:47.695+0000] {logging_mixin.py:188} INFO - [2024-03-09T11:17:47.695+0000] {dagbag.py:540} INFO - Filling up the DagBag from /home/airflow/.local/lib/python3.8/site-packages/airflow/example_dags/example_skip_dag.py
[2024-03-09T11:17:47.708+0000] {processor.py:840} INFO - DAG(s) 'example_skip_dag' retrieved from /home/airflow/.local/lib/python3.8/site-packages/airflow/example_dags/example_skip_dag.py
[2024-03-09T11:17:47.745+0000] {logging_mixin.py:188} INFO - [2024-03-09T11:17:47.744+0000] {dag.py:3047} INFO - Sync 1 DAGs
[2024-03-09T11:17:47.780+0000] {logging_mixin.py:188} INFO - [2024-03-09T11:17:47.779+0000] {dag.py:3834} INFO - Setting next_dagrun for example_skip_dag to 2024-03-08 00:00:00+00:00, run_after=2024-03-09 00:00:00+00:00
[2024-03-09T11:17:47.808+0000] {processor.py:183} INFO - Processing /home/airflow/.local/lib/python3.8/site-packages/airflow/example_dags/example_skip_dag.py took 0.123 seconds
[2024-03-09T11:18:18.259+0000] {processor.py:161} INFO - Started process (PID=5450) to work on /home/airflow/.local/lib/python3.8/site-packages/airflow/example_dags/example_skip_dag.py
[2024-03-09T11:18:18.261+0000] {processor.py:830} INFO - Processing file /home/airflow/.local/lib/python3.8/site-packages/airflow/example_dags/example_skip_dag.py for tasks to queue
[2024-03-09T11:18:18.263+0000] {logging_mixin.py:188} INFO - [2024-03-09T11:18:18.262+0000] {dagbag.py:540} INFO - Filling up the DagBag from /home/airflow/.local/lib/python3.8/site-packages/airflow/example_dags/example_skip_dag.py
[2024-03-09T11:18:18.275+0000] {processor.py:840} INFO - DAG(s) 'example_skip_dag' retrieved from /home/airflow/.local/lib/python3.8/site-packages/airflow/example_dags/example_skip_dag.py
[2024-03-09T11:18:18.313+0000] {logging_mixin.py:188} INFO - [2024-03-09T11:18:18.312+0000] {dag.py:3047} INFO - Sync 1 DAGs
[2024-03-09T11:18:18.346+0000] {logging_mixin.py:188} INFO - [2024-03-09T11:18:18.345+0000] {dag.py:3834} INFO - Setting next_dagrun for example_skip_dag to 2024-03-08 00:00:00+00:00, run_after=2024-03-09 00:00:00+00:00
[2024-03-09T11:18:18.374+0000] {processor.py:183} INFO - Processing /home/airflow/.local/lib/python3.8/site-packages/airflow/example_dags/example_skip_dag.py took 0.120 seconds
[2024-03-09T11:18:48.678+0000] {processor.py:161} INFO - Started process (PID=5697) to work on /home/airflow/.local/lib/python3.8/site-packages/airflow/example_dags/example_skip_dag.py
[2024-03-09T11:18:48.680+0000] {processor.py:830} INFO - Processing file /home/airflow/.local/lib/python3.8/site-packages/airflow/example_dags/example_skip_dag.py for tasks to queue
[2024-03-09T11:18:48.682+0000] {logging_mixin.py:188} INFO - [2024-03-09T11:18:48.681+0000] {dagbag.py:540} INFO - Filling up the DagBag from /home/airflow/.local/lib/python3.8/site-packages/airflow/example_dags/example_skip_dag.py
[2024-03-09T11:18:48.693+0000] {processor.py:840} INFO - DAG(s) 'example_skip_dag' retrieved from /home/airflow/.local/lib/python3.8/site-packages/airflow/example_dags/example_skip_dag.py
[2024-03-09T11:18:48.736+0000] {logging_mixin.py:188} INFO - [2024-03-09T11:18:48.735+0000] {dag.py:3047} INFO - Sync 1 DAGs
[2024-03-09T11:18:48.781+0000] {logging_mixin.py:188} INFO - [2024-03-09T11:18:48.781+0000] {dag.py:3834} INFO - Setting next_dagrun for example_skip_dag to 2024-03-08 00:00:00+00:00, run_after=2024-03-09 00:00:00+00:00
[2024-03-09T11:18:48.815+0000] {processor.py:183} INFO - Processing /home/airflow/.local/lib/python3.8/site-packages/airflow/example_dags/example_skip_dag.py took 0.142 seconds
[2024-03-09T11:19:19.005+0000] {processor.py:161} INFO - Started process (PID=5944) to work on /home/airflow/.local/lib/python3.8/site-packages/airflow/example_dags/example_skip_dag.py
[2024-03-09T11:19:19.007+0000] {processor.py:830} INFO - Processing file /home/airflow/.local/lib/python3.8/site-packages/airflow/example_dags/example_skip_dag.py for tasks to queue
[2024-03-09T11:19:19.008+0000] {logging_mixin.py:188} INFO - [2024-03-09T11:19:19.008+0000] {dagbag.py:540} INFO - Filling up the DagBag from /home/airflow/.local/lib/python3.8/site-packages/airflow/example_dags/example_skip_dag.py
[2024-03-09T11:19:19.020+0000] {processor.py:840} INFO - DAG(s) 'example_skip_dag' retrieved from /home/airflow/.local/lib/python3.8/site-packages/airflow/example_dags/example_skip_dag.py
[2024-03-09T11:19:19.056+0000] {logging_mixin.py:188} INFO - [2024-03-09T11:19:19.056+0000] {dag.py:3047} INFO - Sync 1 DAGs
[2024-03-09T11:19:19.089+0000] {logging_mixin.py:188} INFO - [2024-03-09T11:19:19.089+0000] {dag.py:3834} INFO - Setting next_dagrun for example_skip_dag to 2024-03-08 00:00:00+00:00, run_after=2024-03-09 00:00:00+00:00
[2024-03-09T11:19:19.136+0000] {processor.py:183} INFO - Processing /home/airflow/.local/lib/python3.8/site-packages/airflow/example_dags/example_skip_dag.py took 0.137 seconds
[2024-03-09T11:19:49.915+0000] {processor.py:161} INFO - Started process (PID=6191) to work on /home/airflow/.local/lib/python3.8/site-packages/airflow/example_dags/example_skip_dag.py
[2024-03-09T11:19:49.917+0000] {processor.py:830} INFO - Processing file /home/airflow/.local/lib/python3.8/site-packages/airflow/example_dags/example_skip_dag.py for tasks to queue
[2024-03-09T11:19:49.918+0000] {logging_mixin.py:188} INFO - [2024-03-09T11:19:49.918+0000] {dagbag.py:540} INFO - Filling up the DagBag from /home/airflow/.local/lib/python3.8/site-packages/airflow/example_dags/example_skip_dag.py
[2024-03-09T11:19:49.929+0000] {processor.py:840} INFO - DAG(s) 'example_skip_dag' retrieved from /home/airflow/.local/lib/python3.8/site-packages/airflow/example_dags/example_skip_dag.py
[2024-03-09T11:19:49.966+0000] {logging_mixin.py:188} INFO - [2024-03-09T11:19:49.966+0000] {dag.py:3047} INFO - Sync 1 DAGs
[2024-03-09T11:19:50.007+0000] {logging_mixin.py:188} INFO - [2024-03-09T11:19:50.007+0000] {dag.py:3834} INFO - Setting next_dagrun for example_skip_dag to 2024-03-08 00:00:00+00:00, run_after=2024-03-09 00:00:00+00:00
[2024-03-09T11:19:50.046+0000] {processor.py:183} INFO - Processing /home/airflow/.local/lib/python3.8/site-packages/airflow/example_dags/example_skip_dag.py took 0.136 seconds
[2024-03-09T11:20:20.666+0000] {processor.py:161} INFO - Started process (PID=6438) to work on /home/airflow/.local/lib/python3.8/site-packages/airflow/example_dags/example_skip_dag.py
[2024-03-09T11:20:20.668+0000] {processor.py:830} INFO - Processing file /home/airflow/.local/lib/python3.8/site-packages/airflow/example_dags/example_skip_dag.py for tasks to queue
[2024-03-09T11:20:20.670+0000] {logging_mixin.py:188} INFO - [2024-03-09T11:20:20.669+0000] {dagbag.py:540} INFO - Filling up the DagBag from /home/airflow/.local/lib/python3.8/site-packages/airflow/example_dags/example_skip_dag.py
[2024-03-09T11:20:20.683+0000] {processor.py:840} INFO - DAG(s) 'example_skip_dag' retrieved from /home/airflow/.local/lib/python3.8/site-packages/airflow/example_dags/example_skip_dag.py
[2024-03-09T11:20:20.719+0000] {logging_mixin.py:188} INFO - [2024-03-09T11:20:20.718+0000] {dag.py:3047} INFO - Sync 1 DAGs
[2024-03-09T11:20:20.753+0000] {logging_mixin.py:188} INFO - [2024-03-09T11:20:20.752+0000] {dag.py:3834} INFO - Setting next_dagrun for example_skip_dag to 2024-03-08 00:00:00+00:00, run_after=2024-03-09 00:00:00+00:00
[2024-03-09T11:20:20.784+0000] {processor.py:183} INFO - Processing /home/airflow/.local/lib/python3.8/site-packages/airflow/example_dags/example_skip_dag.py took 0.123 seconds
[2024-03-09T11:20:51.083+0000] {processor.py:161} INFO - Started process (PID=6685) to work on /home/airflow/.local/lib/python3.8/site-packages/airflow/example_dags/example_skip_dag.py
[2024-03-09T11:20:51.085+0000] {processor.py:830} INFO - Processing file /home/airflow/.local/lib/python3.8/site-packages/airflow/example_dags/example_skip_dag.py for tasks to queue
[2024-03-09T11:20:51.087+0000] {logging_mixin.py:188} INFO - [2024-03-09T11:20:51.086+0000] {dagbag.py:540} INFO - Filling up the DagBag from /home/airflow/.local/lib/python3.8/site-packages/airflow/example_dags/example_skip_dag.py
[2024-03-09T11:20:51.097+0000] {processor.py:840} INFO - DAG(s) 'example_skip_dag' retrieved from /home/airflow/.local/lib/python3.8/site-packages/airflow/example_dags/example_skip_dag.py
[2024-03-09T11:20:51.136+0000] {logging_mixin.py:188} INFO - [2024-03-09T11:20:51.135+0000] {dag.py:3047} INFO - Sync 1 DAGs
[2024-03-09T11:20:51.176+0000] {logging_mixin.py:188} INFO - [2024-03-09T11:20:51.175+0000] {dag.py:3834} INFO - Setting next_dagrun for example_skip_dag to 2024-03-08 00:00:00+00:00, run_after=2024-03-09 00:00:00+00:00
[2024-03-09T11:20:51.206+0000] {processor.py:183} INFO - Processing /home/airflow/.local/lib/python3.8/site-packages/airflow/example_dags/example_skip_dag.py took 0.128 seconds
[2024-03-09T11:21:21.832+0000] {processor.py:161} INFO - Started process (PID=6932) to work on /home/airflow/.local/lib/python3.8/site-packages/airflow/example_dags/example_skip_dag.py
[2024-03-09T11:21:21.997+0000] {processor.py:830} INFO - Processing file /home/airflow/.local/lib/python3.8/site-packages/airflow/example_dags/example_skip_dag.py for tasks to queue
[2024-03-09T11:21:21.999+0000] {logging_mixin.py:188} INFO - [2024-03-09T11:21:21.998+0000] {dagbag.py:540} INFO - Filling up the DagBag from /home/airflow/.local/lib/python3.8/site-packages/airflow/example_dags/example_skip_dag.py
[2024-03-09T11:21:22.015+0000] {processor.py:840} INFO - DAG(s) 'example_skip_dag' retrieved from /home/airflow/.local/lib/python3.8/site-packages/airflow/example_dags/example_skip_dag.py
[2024-03-09T11:21:22.067+0000] {logging_mixin.py:188} INFO - [2024-03-09T11:21:22.066+0000] {dag.py:3047} INFO - Sync 1 DAGs
[2024-03-09T11:21:22.117+0000] {logging_mixin.py:188} INFO - [2024-03-09T11:21:22.117+0000] {dag.py:3834} INFO - Setting next_dagrun for example_skip_dag to 2024-03-08 00:00:00+00:00, run_after=2024-03-09 00:00:00+00:00
[2024-03-09T11:21:22.156+0000] {processor.py:183} INFO - Processing /home/airflow/.local/lib/python3.8/site-packages/airflow/example_dags/example_skip_dag.py took 0.330 seconds
[2024-03-09T13:38:17.016+0000] {processor.py:161} INFO - Started process (PID=7174) to work on /home/airflow/.local/lib/python3.8/site-packages/airflow/example_dags/example_skip_dag.py
[2024-03-09T13:38:17.018+0000] {processor.py:830} INFO - Processing file /home/airflow/.local/lib/python3.8/site-packages/airflow/example_dags/example_skip_dag.py for tasks to queue
[2024-03-09T13:38:17.023+0000] {logging_mixin.py:188} INFO - [2024-03-09T13:38:17.021+0000] {dagbag.py:540} INFO - Filling up the DagBag from /home/airflow/.local/lib/python3.8/site-packages/airflow/example_dags/example_skip_dag.py
[2024-03-09T13:38:17.045+0000] {processor.py:840} INFO - DAG(s) 'example_skip_dag' retrieved from /home/airflow/.local/lib/python3.8/site-packages/airflow/example_dags/example_skip_dag.py
[2024-03-09T13:38:17.103+0000] {logging_mixin.py:188} INFO - [2024-03-09T13:38:17.101+0000] {dag.py:3047} INFO - Sync 1 DAGs
[2024-03-09T13:38:17.168+0000] {logging_mixin.py:188} INFO - [2024-03-09T13:38:17.168+0000] {dag.py:3834} INFO - Setting next_dagrun for example_skip_dag to 2024-03-08 00:00:00+00:00, run_after=2024-03-09 00:00:00+00:00
[2024-03-09T13:38:17.211+0000] {processor.py:183} INFO - Processing /home/airflow/.local/lib/python3.8/site-packages/airflow/example_dags/example_skip_dag.py took 0.203 seconds
[2024-03-09T13:38:48.085+0000] {processor.py:161} INFO - Started process (PID=7421) to work on /home/airflow/.local/lib/python3.8/site-packages/airflow/example_dags/example_skip_dag.py
[2024-03-09T13:38:48.087+0000] {processor.py:830} INFO - Processing file /home/airflow/.local/lib/python3.8/site-packages/airflow/example_dags/example_skip_dag.py for tasks to queue
[2024-03-09T13:38:48.089+0000] {logging_mixin.py:188} INFO - [2024-03-09T13:38:48.088+0000] {dagbag.py:540} INFO - Filling up the DagBag from /home/airflow/.local/lib/python3.8/site-packages/airflow/example_dags/example_skip_dag.py
[2024-03-09T13:38:48.109+0000] {processor.py:840} INFO - DAG(s) 'example_skip_dag' retrieved from /home/airflow/.local/lib/python3.8/site-packages/airflow/example_dags/example_skip_dag.py
[2024-03-09T13:38:48.151+0000] {logging_mixin.py:188} INFO - [2024-03-09T13:38:48.150+0000] {dag.py:3047} INFO - Sync 1 DAGs
[2024-03-09T13:38:48.188+0000] {logging_mixin.py:188} INFO - [2024-03-09T13:38:48.187+0000] {dag.py:3834} INFO - Setting next_dagrun for example_skip_dag to 2024-03-08 00:00:00+00:00, run_after=2024-03-09 00:00:00+00:00
[2024-03-09T13:38:48.224+0000] {processor.py:183} INFO - Processing /home/airflow/.local/lib/python3.8/site-packages/airflow/example_dags/example_skip_dag.py took 0.146 seconds
[2024-03-09T13:39:19.575+0000] {processor.py:161} INFO - Started process (PID=7670) to work on /home/airflow/.local/lib/python3.8/site-packages/airflow/example_dags/example_skip_dag.py
[2024-03-09T13:39:19.577+0000] {processor.py:830} INFO - Processing file /home/airflow/.local/lib/python3.8/site-packages/airflow/example_dags/example_skip_dag.py for tasks to queue
[2024-03-09T13:39:19.579+0000] {logging_mixin.py:188} INFO - [2024-03-09T13:39:19.579+0000] {dagbag.py:540} INFO - Filling up the DagBag from /home/airflow/.local/lib/python3.8/site-packages/airflow/example_dags/example_skip_dag.py
[2024-03-09T13:39:19.595+0000] {processor.py:840} INFO - DAG(s) 'example_skip_dag' retrieved from /home/airflow/.local/lib/python3.8/site-packages/airflow/example_dags/example_skip_dag.py
[2024-03-09T13:39:19.632+0000] {logging_mixin.py:188} INFO - [2024-03-09T13:39:19.632+0000] {dag.py:3047} INFO - Sync 1 DAGs
[2024-03-09T13:39:19.674+0000] {logging_mixin.py:188} INFO - [2024-03-09T13:39:19.673+0000] {dag.py:3834} INFO - Setting next_dagrun for example_skip_dag to 2024-03-08 00:00:00+00:00, run_after=2024-03-09 00:00:00+00:00
[2024-03-09T13:39:19.714+0000] {processor.py:183} INFO - Processing /home/airflow/.local/lib/python3.8/site-packages/airflow/example_dags/example_skip_dag.py took 0.145 seconds
[2024-03-09T13:39:49.865+0000] {processor.py:161} INFO - Started process (PID=7915) to work on /home/airflow/.local/lib/python3.8/site-packages/airflow/example_dags/example_skip_dag.py
[2024-03-09T13:39:49.867+0000] {processor.py:830} INFO - Processing file /home/airflow/.local/lib/python3.8/site-packages/airflow/example_dags/example_skip_dag.py for tasks to queue
[2024-03-09T13:39:49.869+0000] {logging_mixin.py:188} INFO - [2024-03-09T13:39:49.868+0000] {dagbag.py:540} INFO - Filling up the DagBag from /home/airflow/.local/lib/python3.8/site-packages/airflow/example_dags/example_skip_dag.py
[2024-03-09T13:39:49.879+0000] {processor.py:840} INFO - DAG(s) 'example_skip_dag' retrieved from /home/airflow/.local/lib/python3.8/site-packages/airflow/example_dags/example_skip_dag.py
[2024-03-09T13:39:49.911+0000] {logging_mixin.py:188} INFO - [2024-03-09T13:39:49.911+0000] {dag.py:3047} INFO - Sync 1 DAGs
[2024-03-09T13:39:49.946+0000] {logging_mixin.py:188} INFO - [2024-03-09T13:39:49.945+0000] {dag.py:3834} INFO - Setting next_dagrun for example_skip_dag to 2024-03-08 00:00:00+00:00, run_after=2024-03-09 00:00:00+00:00
[2024-03-09T13:39:49.986+0000] {processor.py:183} INFO - Processing /home/airflow/.local/lib/python3.8/site-packages/airflow/example_dags/example_skip_dag.py took 0.126 seconds
[2024-03-09T13:40:20.151+0000] {processor.py:161} INFO - Started process (PID=8162) to work on /home/airflow/.local/lib/python3.8/site-packages/airflow/example_dags/example_skip_dag.py
[2024-03-09T13:40:20.154+0000] {processor.py:830} INFO - Processing file /home/airflow/.local/lib/python3.8/site-packages/airflow/example_dags/example_skip_dag.py for tasks to queue
[2024-03-09T13:40:20.156+0000] {logging_mixin.py:188} INFO - [2024-03-09T13:40:20.156+0000] {dagbag.py:540} INFO - Filling up the DagBag from /home/airflow/.local/lib/python3.8/site-packages/airflow/example_dags/example_skip_dag.py
[2024-03-09T13:40:20.169+0000] {processor.py:840} INFO - DAG(s) 'example_skip_dag' retrieved from /home/airflow/.local/lib/python3.8/site-packages/airflow/example_dags/example_skip_dag.py
[2024-03-09T13:40:20.261+0000] {logging_mixin.py:188} INFO - [2024-03-09T13:40:20.261+0000] {dag.py:3047} INFO - Sync 1 DAGs
[2024-03-09T13:40:20.303+0000] {logging_mixin.py:188} INFO - [2024-03-09T13:40:20.303+0000] {dag.py:3834} INFO - Setting next_dagrun for example_skip_dag to 2024-03-08 00:00:00+00:00, run_after=2024-03-09 00:00:00+00:00
[2024-03-09T13:40:20.343+0000] {processor.py:183} INFO - Processing /home/airflow/.local/lib/python3.8/site-packages/airflow/example_dags/example_skip_dag.py took 0.200 seconds
[2024-03-09T13:40:50.464+0000] {processor.py:161} INFO - Started process (PID=8406) to work on /home/airflow/.local/lib/python3.8/site-packages/airflow/example_dags/example_skip_dag.py
[2024-03-09T13:40:50.466+0000] {processor.py:830} INFO - Processing file /home/airflow/.local/lib/python3.8/site-packages/airflow/example_dags/example_skip_dag.py for tasks to queue
[2024-03-09T13:40:50.468+0000] {logging_mixin.py:188} INFO - [2024-03-09T13:40:50.468+0000] {dagbag.py:540} INFO - Filling up the DagBag from /home/airflow/.local/lib/python3.8/site-packages/airflow/example_dags/example_skip_dag.py
[2024-03-09T13:40:50.480+0000] {processor.py:840} INFO - DAG(s) 'example_skip_dag' retrieved from /home/airflow/.local/lib/python3.8/site-packages/airflow/example_dags/example_skip_dag.py
[2024-03-09T13:40:50.521+0000] {logging_mixin.py:188} INFO - [2024-03-09T13:40:50.520+0000] {dag.py:3047} INFO - Sync 1 DAGs
[2024-03-09T13:40:50.559+0000] {logging_mixin.py:188} INFO - [2024-03-09T13:40:50.559+0000] {dag.py:3834} INFO - Setting next_dagrun for example_skip_dag to 2024-03-08 00:00:00+00:00, run_after=2024-03-09 00:00:00+00:00
[2024-03-09T13:40:50.592+0000] {processor.py:183} INFO - Processing /home/airflow/.local/lib/python3.8/site-packages/airflow/example_dags/example_skip_dag.py took 0.133 seconds
[2024-03-09T13:41:20.733+0000] {processor.py:161} INFO - Started process (PID=8653) to work on /home/airflow/.local/lib/python3.8/site-packages/airflow/example_dags/example_skip_dag.py
[2024-03-09T13:41:20.735+0000] {processor.py:830} INFO - Processing file /home/airflow/.local/lib/python3.8/site-packages/airflow/example_dags/example_skip_dag.py for tasks to queue
[2024-03-09T13:41:20.736+0000] {logging_mixin.py:188} INFO - [2024-03-09T13:41:20.736+0000] {dagbag.py:540} INFO - Filling up the DagBag from /home/airflow/.local/lib/python3.8/site-packages/airflow/example_dags/example_skip_dag.py
[2024-03-09T13:41:20.751+0000] {processor.py:840} INFO - DAG(s) 'example_skip_dag' retrieved from /home/airflow/.local/lib/python3.8/site-packages/airflow/example_dags/example_skip_dag.py
[2024-03-09T13:41:20.787+0000] {logging_mixin.py:188} INFO - [2024-03-09T13:41:20.786+0000] {dag.py:3047} INFO - Sync 1 DAGs
[2024-03-09T13:41:20.829+0000] {logging_mixin.py:188} INFO - [2024-03-09T13:41:20.829+0000] {dag.py:3834} INFO - Setting next_dagrun for example_skip_dag to 2024-03-08 00:00:00+00:00, run_after=2024-03-09 00:00:00+00:00
[2024-03-09T13:41:20.864+0000] {processor.py:183} INFO - Processing /home/airflow/.local/lib/python3.8/site-packages/airflow/example_dags/example_skip_dag.py took 0.137 seconds
[2024-03-09T13:41:51.626+0000] {processor.py:161} INFO - Started process (PID=8898) to work on /home/airflow/.local/lib/python3.8/site-packages/airflow/example_dags/example_skip_dag.py
[2024-03-09T13:41:51.628+0000] {processor.py:830} INFO - Processing file /home/airflow/.local/lib/python3.8/site-packages/airflow/example_dags/example_skip_dag.py for tasks to queue
[2024-03-09T13:41:51.630+0000] {logging_mixin.py:188} INFO - [2024-03-09T13:41:51.630+0000] {dagbag.py:540} INFO - Filling up the DagBag from /home/airflow/.local/lib/python3.8/site-packages/airflow/example_dags/example_skip_dag.py
[2024-03-09T13:41:51.644+0000] {processor.py:840} INFO - DAG(s) 'example_skip_dag' retrieved from /home/airflow/.local/lib/python3.8/site-packages/airflow/example_dags/example_skip_dag.py
[2024-03-09T13:41:51.680+0000] {logging_mixin.py:188} INFO - [2024-03-09T13:41:51.679+0000] {dag.py:3047} INFO - Sync 1 DAGs
[2024-03-09T13:41:51.716+0000] {logging_mixin.py:188} INFO - [2024-03-09T13:41:51.716+0000] {dag.py:3834} INFO - Setting next_dagrun for example_skip_dag to 2024-03-08 00:00:00+00:00, run_after=2024-03-09 00:00:00+00:00
[2024-03-09T13:41:51.746+0000] {processor.py:183} INFO - Processing /home/airflow/.local/lib/python3.8/site-packages/airflow/example_dags/example_skip_dag.py took 0.127 seconds
[2024-03-09T13:42:22.065+0000] {processor.py:161} INFO - Started process (PID=9145) to work on /home/airflow/.local/lib/python3.8/site-packages/airflow/example_dags/example_skip_dag.py
[2024-03-09T13:42:22.067+0000] {processor.py:830} INFO - Processing file /home/airflow/.local/lib/python3.8/site-packages/airflow/example_dags/example_skip_dag.py for tasks to queue
[2024-03-09T13:42:22.069+0000] {logging_mixin.py:188} INFO - [2024-03-09T13:42:22.068+0000] {dagbag.py:540} INFO - Filling up the DagBag from /home/airflow/.local/lib/python3.8/site-packages/airflow/example_dags/example_skip_dag.py
[2024-03-09T13:42:22.079+0000] {processor.py:840} INFO - DAG(s) 'example_skip_dag' retrieved from /home/airflow/.local/lib/python3.8/site-packages/airflow/example_dags/example_skip_dag.py
[2024-03-09T13:42:22.115+0000] {logging_mixin.py:188} INFO - [2024-03-09T13:42:22.114+0000] {dag.py:3047} INFO - Sync 1 DAGs
[2024-03-09T13:42:22.152+0000] {logging_mixin.py:188} INFO - [2024-03-09T13:42:22.152+0000] {dag.py:3834} INFO - Setting next_dagrun for example_skip_dag to 2024-03-08 00:00:00+00:00, run_after=2024-03-09 00:00:00+00:00
[2024-03-09T13:42:22.181+0000] {processor.py:183} INFO - Processing /home/airflow/.local/lib/python3.8/site-packages/airflow/example_dags/example_skip_dag.py took 0.122 seconds
[2024-03-09T13:42:52.324+0000] {processor.py:161} INFO - Started process (PID=9392) to work on /home/airflow/.local/lib/python3.8/site-packages/airflow/example_dags/example_skip_dag.py
[2024-03-09T13:42:52.326+0000] {processor.py:830} INFO - Processing file /home/airflow/.local/lib/python3.8/site-packages/airflow/example_dags/example_skip_dag.py for tasks to queue
[2024-03-09T13:42:52.328+0000] {logging_mixin.py:188} INFO - [2024-03-09T13:42:52.327+0000] {dagbag.py:540} INFO - Filling up the DagBag from /home/airflow/.local/lib/python3.8/site-packages/airflow/example_dags/example_skip_dag.py
[2024-03-09T13:42:52.340+0000] {processor.py:840} INFO - DAG(s) 'example_skip_dag' retrieved from /home/airflow/.local/lib/python3.8/site-packages/airflow/example_dags/example_skip_dag.py
[2024-03-09T13:42:52.374+0000] {logging_mixin.py:188} INFO - [2024-03-09T13:42:52.373+0000] {dag.py:3047} INFO - Sync 1 DAGs
[2024-03-09T13:42:52.418+0000] {logging_mixin.py:188} INFO - [2024-03-09T13:42:52.417+0000] {dag.py:3834} INFO - Setting next_dagrun for example_skip_dag to 2024-03-08 00:00:00+00:00, run_after=2024-03-09 00:00:00+00:00
[2024-03-09T13:42:52.451+0000] {processor.py:183} INFO - Processing /home/airflow/.local/lib/python3.8/site-packages/airflow/example_dags/example_skip_dag.py took 0.132 seconds
[2024-03-09T13:43:22.575+0000] {processor.py:161} INFO - Started process (PID=9639) to work on /home/airflow/.local/lib/python3.8/site-packages/airflow/example_dags/example_skip_dag.py
[2024-03-09T13:43:22.577+0000] {processor.py:830} INFO - Processing file /home/airflow/.local/lib/python3.8/site-packages/airflow/example_dags/example_skip_dag.py for tasks to queue
[2024-03-09T13:43:22.578+0000] {logging_mixin.py:188} INFO - [2024-03-09T13:43:22.578+0000] {dagbag.py:540} INFO - Filling up the DagBag from /home/airflow/.local/lib/python3.8/site-packages/airflow/example_dags/example_skip_dag.py
[2024-03-09T13:43:22.590+0000] {processor.py:840} INFO - DAG(s) 'example_skip_dag' retrieved from /home/airflow/.local/lib/python3.8/site-packages/airflow/example_dags/example_skip_dag.py
[2024-03-09T13:43:22.627+0000] {logging_mixin.py:188} INFO - [2024-03-09T13:43:22.626+0000] {dag.py:3047} INFO - Sync 1 DAGs
[2024-03-09T13:43:22.664+0000] {logging_mixin.py:188} INFO - [2024-03-09T13:43:22.664+0000] {dag.py:3834} INFO - Setting next_dagrun for example_skip_dag to 2024-03-08 00:00:00+00:00, run_after=2024-03-09 00:00:00+00:00
[2024-03-09T13:43:22.693+0000] {processor.py:183} INFO - Processing /home/airflow/.local/lib/python3.8/site-packages/airflow/example_dags/example_skip_dag.py took 0.124 seconds
[2024-03-09T13:43:53.521+0000] {processor.py:161} INFO - Started process (PID=9886) to work on /home/airflow/.local/lib/python3.8/site-packages/airflow/example_dags/example_skip_dag.py
[2024-03-09T13:43:53.523+0000] {processor.py:830} INFO - Processing file /home/airflow/.local/lib/python3.8/site-packages/airflow/example_dags/example_skip_dag.py for tasks to queue
[2024-03-09T13:43:53.525+0000] {logging_mixin.py:188} INFO - [2024-03-09T13:43:53.524+0000] {dagbag.py:540} INFO - Filling up the DagBag from /home/airflow/.local/lib/python3.8/site-packages/airflow/example_dags/example_skip_dag.py
[2024-03-09T13:43:53.537+0000] {processor.py:840} INFO - DAG(s) 'example_skip_dag' retrieved from /home/airflow/.local/lib/python3.8/site-packages/airflow/example_dags/example_skip_dag.py
[2024-03-09T13:43:53.575+0000] {logging_mixin.py:188} INFO - [2024-03-09T13:43:53.574+0000] {dag.py:3047} INFO - Sync 1 DAGs
[2024-03-09T13:43:53.608+0000] {logging_mixin.py:188} INFO - [2024-03-09T13:43:53.608+0000] {dag.py:3834} INFO - Setting next_dagrun for example_skip_dag to 2024-03-08 00:00:00+00:00, run_after=2024-03-09 00:00:00+00:00
[2024-03-09T13:43:53.640+0000] {processor.py:183} INFO - Processing /home/airflow/.local/lib/python3.8/site-packages/airflow/example_dags/example_skip_dag.py took 0.124 seconds
