[2024-03-09T11:07:35.104+0000] {processor.py:161} INFO - Started process (PID=383) to work on /home/airflow/.local/lib/python3.8/site-packages/airflow/example_dags/example_external_task_marker_dag.py
[2024-03-09T11:07:35.108+0000] {processor.py:830} INFO - Processing file /home/airflow/.local/lib/python3.8/site-packages/airflow/example_dags/example_external_task_marker_dag.py for tasks to queue
[2024-03-09T11:07:35.110+0000] {logging_mixin.py:188} INFO - [2024-03-09T11:07:35.109+0000] {dagbag.py:540} INFO - Filling up the DagBag from /home/airflow/.local/lib/python3.8/site-packages/airflow/example_dags/example_external_task_marker_dag.py
[2024-03-09T11:07:35.124+0000] {processor.py:840} INFO - DAG(s) 'example_external_task_marker_child', 'example_external_task_marker_parent' retrieved from /home/airflow/.local/lib/python3.8/site-packages/airflow/example_dags/example_external_task_marker_dag.py
[2024-03-09T11:07:35.356+0000] {logging_mixin.py:188} INFO - [2024-03-09T11:07:35.355+0000] {dag.py:3047} INFO - Sync 2 DAGs
[2024-03-09T11:07:35.383+0000] {logging_mixin.py:188} INFO - [2024-03-09T11:07:35.382+0000] {dag.py:3834} INFO - Setting next_dagrun for example_external_task_marker_child to None, run_after=None
[2024-03-09T11:07:35.390+0000] {logging_mixin.py:188} INFO - [2024-03-09T11:07:35.389+0000] {dag.py:3834} INFO - Setting next_dagrun for example_external_task_marker_parent to None, run_after=None
[2024-03-09T11:07:35.432+0000] {processor.py:183} INFO - Processing /home/airflow/.local/lib/python3.8/site-packages/airflow/example_dags/example_external_task_marker_dag.py took 0.338 seconds
[2024-03-09T11:08:05.884+0000] {processor.py:161} INFO - Started process (PID=630) to work on /home/airflow/.local/lib/python3.8/site-packages/airflow/example_dags/example_external_task_marker_dag.py
[2024-03-09T11:08:05.887+0000] {processor.py:830} INFO - Processing file /home/airflow/.local/lib/python3.8/site-packages/airflow/example_dags/example_external_task_marker_dag.py for tasks to queue
[2024-03-09T11:08:05.889+0000] {logging_mixin.py:188} INFO - [2024-03-09T11:08:05.888+0000] {dagbag.py:540} INFO - Filling up the DagBag from /home/airflow/.local/lib/python3.8/site-packages/airflow/example_dags/example_external_task_marker_dag.py
[2024-03-09T11:08:05.900+0000] {processor.py:840} INFO - DAG(s) 'example_external_task_marker_parent', 'example_external_task_marker_child' retrieved from /home/airflow/.local/lib/python3.8/site-packages/airflow/example_dags/example_external_task_marker_dag.py
[2024-03-09T11:08:05.940+0000] {logging_mixin.py:188} INFO - [2024-03-09T11:08:05.939+0000] {dag.py:3047} INFO - Sync 2 DAGs
[2024-03-09T11:08:05.962+0000] {logging_mixin.py:188} INFO - [2024-03-09T11:08:05.962+0000] {dag.py:3834} INFO - Setting next_dagrun for example_external_task_marker_child to None, run_after=None
[2024-03-09T11:08:05.970+0000] {logging_mixin.py:188} INFO - [2024-03-09T11:08:05.970+0000] {dag.py:3834} INFO - Setting next_dagrun for example_external_task_marker_parent to None, run_after=None
[2024-03-09T11:08:05.998+0000] {processor.py:183} INFO - Processing /home/airflow/.local/lib/python3.8/site-packages/airflow/example_dags/example_external_task_marker_dag.py took 0.119 seconds
[2024-03-09T11:08:36.535+0000] {processor.py:161} INFO - Started process (PID=877) to work on /home/airflow/.local/lib/python3.8/site-packages/airflow/example_dags/example_external_task_marker_dag.py
[2024-03-09T11:08:36.537+0000] {processor.py:830} INFO - Processing file /home/airflow/.local/lib/python3.8/site-packages/airflow/example_dags/example_external_task_marker_dag.py for tasks to queue
[2024-03-09T11:08:36.539+0000] {logging_mixin.py:188} INFO - [2024-03-09T11:08:36.539+0000] {dagbag.py:540} INFO - Filling up the DagBag from /home/airflow/.local/lib/python3.8/site-packages/airflow/example_dags/example_external_task_marker_dag.py
[2024-03-09T11:08:36.550+0000] {processor.py:840} INFO - DAG(s) 'example_external_task_marker_child', 'example_external_task_marker_parent' retrieved from /home/airflow/.local/lib/python3.8/site-packages/airflow/example_dags/example_external_task_marker_dag.py
[2024-03-09T11:08:36.591+0000] {logging_mixin.py:188} INFO - [2024-03-09T11:08:36.590+0000] {dag.py:3047} INFO - Sync 2 DAGs
[2024-03-09T11:08:36.614+0000] {logging_mixin.py:188} INFO - [2024-03-09T11:08:36.614+0000] {dag.py:3834} INFO - Setting next_dagrun for example_external_task_marker_child to None, run_after=None
[2024-03-09T11:08:36.621+0000] {logging_mixin.py:188} INFO - [2024-03-09T11:08:36.620+0000] {dag.py:3834} INFO - Setting next_dagrun for example_external_task_marker_parent to None, run_after=None
[2024-03-09T11:08:36.649+0000] {processor.py:183} INFO - Processing /home/airflow/.local/lib/python3.8/site-packages/airflow/example_dags/example_external_task_marker_dag.py took 0.119 seconds
[2024-03-09T11:09:07.710+0000] {processor.py:161} INFO - Started process (PID=1125) to work on /home/airflow/.local/lib/python3.8/site-packages/airflow/example_dags/example_external_task_marker_dag.py
[2024-03-09T11:09:07.713+0000] {processor.py:830} INFO - Processing file /home/airflow/.local/lib/python3.8/site-packages/airflow/example_dags/example_external_task_marker_dag.py for tasks to queue
[2024-03-09T11:09:07.716+0000] {logging_mixin.py:188} INFO - [2024-03-09T11:09:07.715+0000] {dagbag.py:540} INFO - Filling up the DagBag from /home/airflow/.local/lib/python3.8/site-packages/airflow/example_dags/example_external_task_marker_dag.py
[2024-03-09T11:09:07.733+0000] {processor.py:840} INFO - DAG(s) 'example_external_task_marker_child', 'example_external_task_marker_parent' retrieved from /home/airflow/.local/lib/python3.8/site-packages/airflow/example_dags/example_external_task_marker_dag.py
[2024-03-09T11:09:07.800+0000] {logging_mixin.py:188} INFO - [2024-03-09T11:09:07.799+0000] {dag.py:3047} INFO - Sync 2 DAGs
[2024-03-09T11:09:07.824+0000] {logging_mixin.py:188} INFO - [2024-03-09T11:09:07.823+0000] {dag.py:3834} INFO - Setting next_dagrun for example_external_task_marker_child to None, run_after=None
[2024-03-09T11:09:07.832+0000] {logging_mixin.py:188} INFO - [2024-03-09T11:09:07.831+0000] {dag.py:3834} INFO - Setting next_dagrun for example_external_task_marker_parent to None, run_after=None
[2024-03-09T11:09:07.861+0000] {processor.py:183} INFO - Processing /home/airflow/.local/lib/python3.8/site-packages/airflow/example_dags/example_external_task_marker_dag.py took 0.159 seconds
[2024-03-09T11:09:37.928+0000] {processor.py:161} INFO - Started process (PID=1372) to work on /home/airflow/.local/lib/python3.8/site-packages/airflow/example_dags/example_external_task_marker_dag.py
[2024-03-09T11:09:37.931+0000] {processor.py:830} INFO - Processing file /home/airflow/.local/lib/python3.8/site-packages/airflow/example_dags/example_external_task_marker_dag.py for tasks to queue
[2024-03-09T11:09:37.933+0000] {logging_mixin.py:188} INFO - [2024-03-09T11:09:37.932+0000] {dagbag.py:540} INFO - Filling up the DagBag from /home/airflow/.local/lib/python3.8/site-packages/airflow/example_dags/example_external_task_marker_dag.py
[2024-03-09T11:09:37.944+0000] {processor.py:840} INFO - DAG(s) 'example_external_task_marker_parent', 'example_external_task_marker_child' retrieved from /home/airflow/.local/lib/python3.8/site-packages/airflow/example_dags/example_external_task_marker_dag.py
[2024-03-09T11:09:37.985+0000] {logging_mixin.py:188} INFO - [2024-03-09T11:09:37.984+0000] {dag.py:3047} INFO - Sync 2 DAGs
[2024-03-09T11:09:38.007+0000] {logging_mixin.py:188} INFO - [2024-03-09T11:09:38.007+0000] {dag.py:3834} INFO - Setting next_dagrun for example_external_task_marker_child to None, run_after=None
[2024-03-09T11:09:38.014+0000] {logging_mixin.py:188} INFO - [2024-03-09T11:09:38.014+0000] {dag.py:3834} INFO - Setting next_dagrun for example_external_task_marker_parent to None, run_after=None
[2024-03-09T11:09:38.043+0000] {processor.py:183} INFO - Processing /home/airflow/.local/lib/python3.8/site-packages/airflow/example_dags/example_external_task_marker_dag.py took 0.120 seconds
[2024-03-09T11:10:09.002+0000] {processor.py:161} INFO - Started process (PID=1619) to work on /home/airflow/.local/lib/python3.8/site-packages/airflow/example_dags/example_external_task_marker_dag.py
[2024-03-09T11:10:09.014+0000] {processor.py:830} INFO - Processing file /home/airflow/.local/lib/python3.8/site-packages/airflow/example_dags/example_external_task_marker_dag.py for tasks to queue
[2024-03-09T11:10:09.017+0000] {logging_mixin.py:188} INFO - [2024-03-09T11:10:09.016+0000] {dagbag.py:540} INFO - Filling up the DagBag from /home/airflow/.local/lib/python3.8/site-packages/airflow/example_dags/example_external_task_marker_dag.py
[2024-03-09T11:10:09.030+0000] {processor.py:840} INFO - DAG(s) 'example_external_task_marker_parent', 'example_external_task_marker_child' retrieved from /home/airflow/.local/lib/python3.8/site-packages/airflow/example_dags/example_external_task_marker_dag.py
[2024-03-09T11:10:09.084+0000] {logging_mixin.py:188} INFO - [2024-03-09T11:10:09.084+0000] {dag.py:3047} INFO - Sync 2 DAGs
[2024-03-09T11:10:09.121+0000] {logging_mixin.py:188} INFO - [2024-03-09T11:10:09.120+0000] {dag.py:3834} INFO - Setting next_dagrun for example_external_task_marker_child to None, run_after=None
[2024-03-09T11:10:09.130+0000] {logging_mixin.py:188} INFO - [2024-03-09T11:10:09.130+0000] {dag.py:3834} INFO - Setting next_dagrun for example_external_task_marker_parent to None, run_after=None
[2024-03-09T11:10:09.165+0000] {processor.py:183} INFO - Processing /home/airflow/.local/lib/python3.8/site-packages/airflow/example_dags/example_external_task_marker_dag.py took 0.174 seconds
[2024-03-09T11:10:39.610+0000] {processor.py:161} INFO - Started process (PID=1866) to work on /home/airflow/.local/lib/python3.8/site-packages/airflow/example_dags/example_external_task_marker_dag.py
[2024-03-09T11:10:39.612+0000] {processor.py:830} INFO - Processing file /home/airflow/.local/lib/python3.8/site-packages/airflow/example_dags/example_external_task_marker_dag.py for tasks to queue
[2024-03-09T11:10:39.614+0000] {logging_mixin.py:188} INFO - [2024-03-09T11:10:39.613+0000] {dagbag.py:540} INFO - Filling up the DagBag from /home/airflow/.local/lib/python3.8/site-packages/airflow/example_dags/example_external_task_marker_dag.py
[2024-03-09T11:10:39.626+0000] {processor.py:840} INFO - DAG(s) 'example_external_task_marker_parent', 'example_external_task_marker_child' retrieved from /home/airflow/.local/lib/python3.8/site-packages/airflow/example_dags/example_external_task_marker_dag.py
[2024-03-09T11:10:39.678+0000] {logging_mixin.py:188} INFO - [2024-03-09T11:10:39.678+0000] {dag.py:3047} INFO - Sync 2 DAGs
[2024-03-09T11:10:39.701+0000] {logging_mixin.py:188} INFO - [2024-03-09T11:10:39.700+0000] {dag.py:3834} INFO - Setting next_dagrun for example_external_task_marker_child to None, run_after=None
[2024-03-09T11:10:39.707+0000] {logging_mixin.py:188} INFO - [2024-03-09T11:10:39.706+0000] {dag.py:3834} INFO - Setting next_dagrun for example_external_task_marker_parent to None, run_after=None
[2024-03-09T11:10:39.740+0000] {processor.py:183} INFO - Processing /home/airflow/.local/lib/python3.8/site-packages/airflow/example_dags/example_external_task_marker_dag.py took 0.135 seconds
[2024-03-09T11:11:10.148+0000] {processor.py:161} INFO - Started process (PID=2113) to work on /home/airflow/.local/lib/python3.8/site-packages/airflow/example_dags/example_external_task_marker_dag.py
[2024-03-09T11:11:10.151+0000] {processor.py:830} INFO - Processing file /home/airflow/.local/lib/python3.8/site-packages/airflow/example_dags/example_external_task_marker_dag.py for tasks to queue
[2024-03-09T11:11:10.153+0000] {logging_mixin.py:188} INFO - [2024-03-09T11:11:10.152+0000] {dagbag.py:540} INFO - Filling up the DagBag from /home/airflow/.local/lib/python3.8/site-packages/airflow/example_dags/example_external_task_marker_dag.py
[2024-03-09T11:11:10.162+0000] {processor.py:840} INFO - DAG(s) 'example_external_task_marker_parent', 'example_external_task_marker_child' retrieved from /home/airflow/.local/lib/python3.8/site-packages/airflow/example_dags/example_external_task_marker_dag.py
[2024-03-09T11:11:10.201+0000] {logging_mixin.py:188} INFO - [2024-03-09T11:11:10.200+0000] {dag.py:3047} INFO - Sync 2 DAGs
[2024-03-09T11:11:10.221+0000] {logging_mixin.py:188} INFO - [2024-03-09T11:11:10.220+0000] {dag.py:3834} INFO - Setting next_dagrun for example_external_task_marker_child to None, run_after=None
[2024-03-09T11:11:10.226+0000] {logging_mixin.py:188} INFO - [2024-03-09T11:11:10.226+0000] {dag.py:3834} INFO - Setting next_dagrun for example_external_task_marker_parent to None, run_after=None
[2024-03-09T11:11:10.255+0000] {processor.py:183} INFO - Processing /home/airflow/.local/lib/python3.8/site-packages/airflow/example_dags/example_external_task_marker_dag.py took 0.112 seconds
[2024-03-09T11:11:40.939+0000] {processor.py:161} INFO - Started process (PID=2360) to work on /home/airflow/.local/lib/python3.8/site-packages/airflow/example_dags/example_external_task_marker_dag.py
[2024-03-09T11:11:40.941+0000] {processor.py:830} INFO - Processing file /home/airflow/.local/lib/python3.8/site-packages/airflow/example_dags/example_external_task_marker_dag.py for tasks to queue
[2024-03-09T11:11:40.943+0000] {logging_mixin.py:188} INFO - [2024-03-09T11:11:40.942+0000] {dagbag.py:540} INFO - Filling up the DagBag from /home/airflow/.local/lib/python3.8/site-packages/airflow/example_dags/example_external_task_marker_dag.py
[2024-03-09T11:11:40.956+0000] {processor.py:840} INFO - DAG(s) 'example_external_task_marker_parent', 'example_external_task_marker_child' retrieved from /home/airflow/.local/lib/python3.8/site-packages/airflow/example_dags/example_external_task_marker_dag.py
[2024-03-09T11:11:40.995+0000] {logging_mixin.py:188} INFO - [2024-03-09T11:11:40.994+0000] {dag.py:3047} INFO - Sync 2 DAGs
[2024-03-09T11:11:41.019+0000] {logging_mixin.py:188} INFO - [2024-03-09T11:11:41.018+0000] {dag.py:3834} INFO - Setting next_dagrun for example_external_task_marker_child to None, run_after=None
[2024-03-09T11:11:41.028+0000] {logging_mixin.py:188} INFO - [2024-03-09T11:11:41.028+0000] {dag.py:3834} INFO - Setting next_dagrun for example_external_task_marker_parent to None, run_after=None
[2024-03-09T11:11:41.059+0000] {processor.py:183} INFO - Processing /home/airflow/.local/lib/python3.8/site-packages/airflow/example_dags/example_external_task_marker_dag.py took 0.127 seconds
[2024-03-09T11:12:11.919+0000] {processor.py:161} INFO - Started process (PID=2607) to work on /home/airflow/.local/lib/python3.8/site-packages/airflow/example_dags/example_external_task_marker_dag.py
[2024-03-09T11:12:11.922+0000] {processor.py:830} INFO - Processing file /home/airflow/.local/lib/python3.8/site-packages/airflow/example_dags/example_external_task_marker_dag.py for tasks to queue
[2024-03-09T11:12:11.924+0000] {logging_mixin.py:188} INFO - [2024-03-09T11:12:11.923+0000] {dagbag.py:540} INFO - Filling up the DagBag from /home/airflow/.local/lib/python3.8/site-packages/airflow/example_dags/example_external_task_marker_dag.py
[2024-03-09T11:12:11.933+0000] {processor.py:840} INFO - DAG(s) 'example_external_task_marker_child', 'example_external_task_marker_parent' retrieved from /home/airflow/.local/lib/python3.8/site-packages/airflow/example_dags/example_external_task_marker_dag.py
[2024-03-09T11:12:11.982+0000] {logging_mixin.py:188} INFO - [2024-03-09T11:12:11.982+0000] {dag.py:3047} INFO - Sync 2 DAGs
[2024-03-09T11:12:12.003+0000] {logging_mixin.py:188} INFO - [2024-03-09T11:12:12.002+0000] {dag.py:3834} INFO - Setting next_dagrun for example_external_task_marker_child to None, run_after=None
[2024-03-09T11:12:12.009+0000] {logging_mixin.py:188} INFO - [2024-03-09T11:12:12.009+0000] {dag.py:3834} INFO - Setting next_dagrun for example_external_task_marker_parent to None, run_after=None
[2024-03-09T11:12:12.037+0000] {processor.py:183} INFO - Processing /home/airflow/.local/lib/python3.8/site-packages/airflow/example_dags/example_external_task_marker_dag.py took 0.123 seconds
[2024-03-09T11:12:42.174+0000] {processor.py:161} INFO - Started process (PID=2854) to work on /home/airflow/.local/lib/python3.8/site-packages/airflow/example_dags/example_external_task_marker_dag.py
[2024-03-09T11:12:42.176+0000] {processor.py:830} INFO - Processing file /home/airflow/.local/lib/python3.8/site-packages/airflow/example_dags/example_external_task_marker_dag.py for tasks to queue
[2024-03-09T11:12:42.178+0000] {logging_mixin.py:188} INFO - [2024-03-09T11:12:42.177+0000] {dagbag.py:540} INFO - Filling up the DagBag from /home/airflow/.local/lib/python3.8/site-packages/airflow/example_dags/example_external_task_marker_dag.py
[2024-03-09T11:12:42.187+0000] {processor.py:840} INFO - DAG(s) 'example_external_task_marker_parent', 'example_external_task_marker_child' retrieved from /home/airflow/.local/lib/python3.8/site-packages/airflow/example_dags/example_external_task_marker_dag.py
[2024-03-09T11:12:42.226+0000] {logging_mixin.py:188} INFO - [2024-03-09T11:12:42.225+0000] {dag.py:3047} INFO - Sync 2 DAGs
[2024-03-09T11:12:42.245+0000] {logging_mixin.py:188} INFO - [2024-03-09T11:12:42.245+0000] {dag.py:3834} INFO - Setting next_dagrun for example_external_task_marker_child to None, run_after=None
[2024-03-09T11:12:42.251+0000] {logging_mixin.py:188} INFO - [2024-03-09T11:12:42.251+0000] {dag.py:3834} INFO - Setting next_dagrun for example_external_task_marker_parent to None, run_after=None
[2024-03-09T11:12:42.278+0000] {processor.py:183} INFO - Processing /home/airflow/.local/lib/python3.8/site-packages/airflow/example_dags/example_external_task_marker_dag.py took 0.108 seconds
[2024-03-09T11:13:13.023+0000] {processor.py:161} INFO - Started process (PID=3101) to work on /home/airflow/.local/lib/python3.8/site-packages/airflow/example_dags/example_external_task_marker_dag.py
[2024-03-09T11:13:13.025+0000] {processor.py:830} INFO - Processing file /home/airflow/.local/lib/python3.8/site-packages/airflow/example_dags/example_external_task_marker_dag.py for tasks to queue
[2024-03-09T11:13:13.027+0000] {logging_mixin.py:188} INFO - [2024-03-09T11:13:13.027+0000] {dagbag.py:540} INFO - Filling up the DagBag from /home/airflow/.local/lib/python3.8/site-packages/airflow/example_dags/example_external_task_marker_dag.py
[2024-03-09T11:13:13.037+0000] {processor.py:840} INFO - DAG(s) 'example_external_task_marker_parent', 'example_external_task_marker_child' retrieved from /home/airflow/.local/lib/python3.8/site-packages/airflow/example_dags/example_external_task_marker_dag.py
[2024-03-09T11:13:13.080+0000] {logging_mixin.py:188} INFO - [2024-03-09T11:13:13.079+0000] {dag.py:3047} INFO - Sync 2 DAGs
[2024-03-09T11:13:13.102+0000] {logging_mixin.py:188} INFO - [2024-03-09T11:13:13.101+0000] {dag.py:3834} INFO - Setting next_dagrun for example_external_task_marker_child to None, run_after=None
[2024-03-09T11:13:13.109+0000] {logging_mixin.py:188} INFO - [2024-03-09T11:13:13.109+0000] {dag.py:3834} INFO - Setting next_dagrun for example_external_task_marker_parent to None, run_after=None
[2024-03-09T11:13:13.138+0000] {processor.py:183} INFO - Processing /home/airflow/.local/lib/python3.8/site-packages/airflow/example_dags/example_external_task_marker_dag.py took 0.120 seconds
[2024-03-09T11:13:47.416+0000] {processor.py:161} INFO - Started process (PID=3369) to work on /home/airflow/.local/lib/python3.8/site-packages/airflow/example_dags/example_external_task_marker_dag.py
[2024-03-09T11:13:47.418+0000] {processor.py:830} INFO - Processing file /home/airflow/.local/lib/python3.8/site-packages/airflow/example_dags/example_external_task_marker_dag.py for tasks to queue
[2024-03-09T11:13:47.419+0000] {logging_mixin.py:188} INFO - [2024-03-09T11:13:47.419+0000] {dagbag.py:540} INFO - Filling up the DagBag from /home/airflow/.local/lib/python3.8/site-packages/airflow/example_dags/example_external_task_marker_dag.py
[2024-03-09T11:13:47.436+0000] {processor.py:840} INFO - DAG(s) 'example_external_task_marker_child', 'example_external_task_marker_parent' retrieved from /home/airflow/.local/lib/python3.8/site-packages/airflow/example_dags/example_external_task_marker_dag.py
[2024-03-09T11:13:47.480+0000] {logging_mixin.py:188} INFO - [2024-03-09T11:13:47.479+0000] {dag.py:3047} INFO - Sync 2 DAGs
[2024-03-09T11:13:47.507+0000] {logging_mixin.py:188} INFO - [2024-03-09T11:13:47.507+0000] {dag.py:3834} INFO - Setting next_dagrun for example_external_task_marker_child to None, run_after=None
[2024-03-09T11:13:47.516+0000] {logging_mixin.py:188} INFO - [2024-03-09T11:13:47.515+0000] {dag.py:3834} INFO - Setting next_dagrun for example_external_task_marker_parent to None, run_after=None
[2024-03-09T11:13:47.546+0000] {processor.py:183} INFO - Processing /home/airflow/.local/lib/python3.8/site-packages/airflow/example_dags/example_external_task_marker_dag.py took 0.136 seconds
[2024-03-09T11:14:17.725+0000] {processor.py:161} INFO - Started process (PID=3619) to work on /home/airflow/.local/lib/python3.8/site-packages/airflow/example_dags/example_external_task_marker_dag.py
[2024-03-09T11:14:17.727+0000] {processor.py:830} INFO - Processing file /home/airflow/.local/lib/python3.8/site-packages/airflow/example_dags/example_external_task_marker_dag.py for tasks to queue
[2024-03-09T11:14:17.729+0000] {logging_mixin.py:188} INFO - [2024-03-09T11:14:17.728+0000] {dagbag.py:540} INFO - Filling up the DagBag from /home/airflow/.local/lib/python3.8/site-packages/airflow/example_dags/example_external_task_marker_dag.py
[2024-03-09T11:14:17.739+0000] {processor.py:840} INFO - DAG(s) 'example_external_task_marker_child', 'example_external_task_marker_parent' retrieved from /home/airflow/.local/lib/python3.8/site-packages/airflow/example_dags/example_external_task_marker_dag.py
[2024-03-09T11:14:17.778+0000] {logging_mixin.py:188} INFO - [2024-03-09T11:14:17.777+0000] {dag.py:3047} INFO - Sync 2 DAGs
[2024-03-09T11:14:17.798+0000] {logging_mixin.py:188} INFO - [2024-03-09T11:14:17.797+0000] {dag.py:3834} INFO - Setting next_dagrun for example_external_task_marker_child to None, run_after=None
[2024-03-09T11:14:17.804+0000] {logging_mixin.py:188} INFO - [2024-03-09T11:14:17.804+0000] {dag.py:3834} INFO - Setting next_dagrun for example_external_task_marker_parent to None, run_after=None
[2024-03-09T11:14:17.843+0000] {processor.py:183} INFO - Processing /home/airflow/.local/lib/python3.8/site-packages/airflow/example_dags/example_external_task_marker_dag.py took 0.122 seconds
[2024-03-09T11:14:48.151+0000] {processor.py:161} INFO - Started process (PID=3866) to work on /home/airflow/.local/lib/python3.8/site-packages/airflow/example_dags/example_external_task_marker_dag.py
[2024-03-09T11:14:48.153+0000] {processor.py:830} INFO - Processing file /home/airflow/.local/lib/python3.8/site-packages/airflow/example_dags/example_external_task_marker_dag.py for tasks to queue
[2024-03-09T11:14:48.155+0000] {logging_mixin.py:188} INFO - [2024-03-09T11:14:48.154+0000] {dagbag.py:540} INFO - Filling up the DagBag from /home/airflow/.local/lib/python3.8/site-packages/airflow/example_dags/example_external_task_marker_dag.py
[2024-03-09T11:14:48.167+0000] {processor.py:840} INFO - DAG(s) 'example_external_task_marker_parent', 'example_external_task_marker_child' retrieved from /home/airflow/.local/lib/python3.8/site-packages/airflow/example_dags/example_external_task_marker_dag.py
[2024-03-09T11:14:48.212+0000] {logging_mixin.py:188} INFO - [2024-03-09T11:14:48.211+0000] {dag.py:3047} INFO - Sync 2 DAGs
[2024-03-09T11:14:48.257+0000] {logging_mixin.py:188} INFO - [2024-03-09T11:14:48.257+0000] {dag.py:3834} INFO - Setting next_dagrun for example_external_task_marker_child to None, run_after=None
[2024-03-09T11:14:48.275+0000] {logging_mixin.py:188} INFO - [2024-03-09T11:14:48.271+0000] {dag.py:3834} INFO - Setting next_dagrun for example_external_task_marker_parent to None, run_after=None
[2024-03-09T11:14:48.338+0000] {processor.py:183} INFO - Processing /home/airflow/.local/lib/python3.8/site-packages/airflow/example_dags/example_external_task_marker_dag.py took 0.192 seconds
[2024-03-09T11:15:18.859+0000] {processor.py:161} INFO - Started process (PID=4113) to work on /home/airflow/.local/lib/python3.8/site-packages/airflow/example_dags/example_external_task_marker_dag.py
[2024-03-09T11:15:18.861+0000] {processor.py:830} INFO - Processing file /home/airflow/.local/lib/python3.8/site-packages/airflow/example_dags/example_external_task_marker_dag.py for tasks to queue
[2024-03-09T11:15:18.863+0000] {logging_mixin.py:188} INFO - [2024-03-09T11:15:18.863+0000] {dagbag.py:540} INFO - Filling up the DagBag from /home/airflow/.local/lib/python3.8/site-packages/airflow/example_dags/example_external_task_marker_dag.py
[2024-03-09T11:15:18.877+0000] {processor.py:840} INFO - DAG(s) 'example_external_task_marker_parent', 'example_external_task_marker_child' retrieved from /home/airflow/.local/lib/python3.8/site-packages/airflow/example_dags/example_external_task_marker_dag.py
[2024-03-09T11:15:18.933+0000] {logging_mixin.py:188} INFO - [2024-03-09T11:15:18.933+0000] {dag.py:3047} INFO - Sync 2 DAGs
[2024-03-09T11:15:18.984+0000] {logging_mixin.py:188} INFO - [2024-03-09T11:15:18.984+0000] {dag.py:3834} INFO - Setting next_dagrun for example_external_task_marker_child to None, run_after=None
[2024-03-09T11:15:18.993+0000] {logging_mixin.py:188} INFO - [2024-03-09T11:15:18.993+0000] {dag.py:3834} INFO - Setting next_dagrun for example_external_task_marker_parent to None, run_after=None
[2024-03-09T11:15:19.031+0000] {processor.py:183} INFO - Processing /home/airflow/.local/lib/python3.8/site-packages/airflow/example_dags/example_external_task_marker_dag.py took 0.181 seconds
[2024-03-09T11:15:49.378+0000] {processor.py:161} INFO - Started process (PID=4360) to work on /home/airflow/.local/lib/python3.8/site-packages/airflow/example_dags/example_external_task_marker_dag.py
[2024-03-09T11:15:49.380+0000] {processor.py:830} INFO - Processing file /home/airflow/.local/lib/python3.8/site-packages/airflow/example_dags/example_external_task_marker_dag.py for tasks to queue
[2024-03-09T11:15:49.382+0000] {logging_mixin.py:188} INFO - [2024-03-09T11:15:49.382+0000] {dagbag.py:540} INFO - Filling up the DagBag from /home/airflow/.local/lib/python3.8/site-packages/airflow/example_dags/example_external_task_marker_dag.py
[2024-03-09T11:15:49.392+0000] {processor.py:840} INFO - DAG(s) 'example_external_task_marker_child', 'example_external_task_marker_parent' retrieved from /home/airflow/.local/lib/python3.8/site-packages/airflow/example_dags/example_external_task_marker_dag.py
[2024-03-09T11:15:49.440+0000] {logging_mixin.py:188} INFO - [2024-03-09T11:15:49.440+0000] {dag.py:3047} INFO - Sync 2 DAGs
[2024-03-09T11:15:49.470+0000] {logging_mixin.py:188} INFO - [2024-03-09T11:15:49.469+0000] {dag.py:3834} INFO - Setting next_dagrun for example_external_task_marker_child to None, run_after=None
[2024-03-09T11:15:49.478+0000] {logging_mixin.py:188} INFO - [2024-03-09T11:15:49.478+0000] {dag.py:3834} INFO - Setting next_dagrun for example_external_task_marker_parent to None, run_after=None
[2024-03-09T11:15:49.519+0000] {processor.py:183} INFO - Processing /home/airflow/.local/lib/python3.8/site-packages/airflow/example_dags/example_external_task_marker_dag.py took 0.147 seconds
[2024-03-09T11:16:20.386+0000] {processor.py:161} INFO - Started process (PID=4607) to work on /home/airflow/.local/lib/python3.8/site-packages/airflow/example_dags/example_external_task_marker_dag.py
[2024-03-09T11:16:20.388+0000] {processor.py:830} INFO - Processing file /home/airflow/.local/lib/python3.8/site-packages/airflow/example_dags/example_external_task_marker_dag.py for tasks to queue
[2024-03-09T11:16:20.389+0000] {logging_mixin.py:188} INFO - [2024-03-09T11:16:20.389+0000] {dagbag.py:540} INFO - Filling up the DagBag from /home/airflow/.local/lib/python3.8/site-packages/airflow/example_dags/example_external_task_marker_dag.py
[2024-03-09T11:16:20.398+0000] {processor.py:840} INFO - DAG(s) 'example_external_task_marker_child', 'example_external_task_marker_parent' retrieved from /home/airflow/.local/lib/python3.8/site-packages/airflow/example_dags/example_external_task_marker_dag.py
[2024-03-09T11:16:20.437+0000] {logging_mixin.py:188} INFO - [2024-03-09T11:16:20.436+0000] {dag.py:3047} INFO - Sync 2 DAGs
[2024-03-09T11:16:20.460+0000] {logging_mixin.py:188} INFO - [2024-03-09T11:16:20.460+0000] {dag.py:3834} INFO - Setting next_dagrun for example_external_task_marker_child to None, run_after=None
[2024-03-09T11:16:20.466+0000] {logging_mixin.py:188} INFO - [2024-03-09T11:16:20.466+0000] {dag.py:3834} INFO - Setting next_dagrun for example_external_task_marker_parent to None, run_after=None
[2024-03-09T11:16:20.497+0000] {processor.py:183} INFO - Processing /home/airflow/.local/lib/python3.8/site-packages/airflow/example_dags/example_external_task_marker_dag.py took 0.116 seconds
[2024-03-09T11:16:50.637+0000] {processor.py:161} INFO - Started process (PID=4854) to work on /home/airflow/.local/lib/python3.8/site-packages/airflow/example_dags/example_external_task_marker_dag.py
[2024-03-09T11:16:50.639+0000] {processor.py:830} INFO - Processing file /home/airflow/.local/lib/python3.8/site-packages/airflow/example_dags/example_external_task_marker_dag.py for tasks to queue
[2024-03-09T11:16:50.641+0000] {logging_mixin.py:188} INFO - [2024-03-09T11:16:50.640+0000] {dagbag.py:540} INFO - Filling up the DagBag from /home/airflow/.local/lib/python3.8/site-packages/airflow/example_dags/example_external_task_marker_dag.py
[2024-03-09T11:16:50.651+0000] {processor.py:840} INFO - DAG(s) 'example_external_task_marker_parent', 'example_external_task_marker_child' retrieved from /home/airflow/.local/lib/python3.8/site-packages/airflow/example_dags/example_external_task_marker_dag.py
[2024-03-09T11:16:50.692+0000] {logging_mixin.py:188} INFO - [2024-03-09T11:16:50.692+0000] {dag.py:3047} INFO - Sync 2 DAGs
[2024-03-09T11:16:50.712+0000] {logging_mixin.py:188} INFO - [2024-03-09T11:16:50.712+0000] {dag.py:3834} INFO - Setting next_dagrun for example_external_task_marker_child to None, run_after=None
[2024-03-09T11:16:50.719+0000] {logging_mixin.py:188} INFO - [2024-03-09T11:16:50.718+0000] {dag.py:3834} INFO - Setting next_dagrun for example_external_task_marker_parent to None, run_after=None
[2024-03-09T11:16:50.746+0000] {processor.py:183} INFO - Processing /home/airflow/.local/lib/python3.8/site-packages/airflow/example_dags/example_external_task_marker_dag.py took 0.116 seconds
[2024-03-09T11:17:21.200+0000] {processor.py:161} INFO - Started process (PID=5101) to work on /home/airflow/.local/lib/python3.8/site-packages/airflow/example_dags/example_external_task_marker_dag.py
[2024-03-09T11:17:21.201+0000] {processor.py:830} INFO - Processing file /home/airflow/.local/lib/python3.8/site-packages/airflow/example_dags/example_external_task_marker_dag.py for tasks to queue
[2024-03-09T11:17:21.203+0000] {logging_mixin.py:188} INFO - [2024-03-09T11:17:21.202+0000] {dagbag.py:540} INFO - Filling up the DagBag from /home/airflow/.local/lib/python3.8/site-packages/airflow/example_dags/example_external_task_marker_dag.py
[2024-03-09T11:17:21.212+0000] {processor.py:840} INFO - DAG(s) 'example_external_task_marker_child', 'example_external_task_marker_parent' retrieved from /home/airflow/.local/lib/python3.8/site-packages/airflow/example_dags/example_external_task_marker_dag.py
[2024-03-09T11:17:21.254+0000] {logging_mixin.py:188} INFO - [2024-03-09T11:17:21.254+0000] {dag.py:3047} INFO - Sync 2 DAGs
[2024-03-09T11:17:21.275+0000] {logging_mixin.py:188} INFO - [2024-03-09T11:17:21.274+0000] {dag.py:3834} INFO - Setting next_dagrun for example_external_task_marker_child to None, run_after=None
[2024-03-09T11:17:21.281+0000] {logging_mixin.py:188} INFO - [2024-03-09T11:17:21.281+0000] {dag.py:3834} INFO - Setting next_dagrun for example_external_task_marker_parent to None, run_after=None
[2024-03-09T11:17:21.316+0000] {processor.py:183} INFO - Processing /home/airflow/.local/lib/python3.8/site-packages/airflow/example_dags/example_external_task_marker_dag.py took 0.122 seconds
[2024-03-09T11:17:51.548+0000] {processor.py:161} INFO - Started process (PID=5348) to work on /home/airflow/.local/lib/python3.8/site-packages/airflow/example_dags/example_external_task_marker_dag.py
[2024-03-09T11:17:51.550+0000] {processor.py:830} INFO - Processing file /home/airflow/.local/lib/python3.8/site-packages/airflow/example_dags/example_external_task_marker_dag.py for tasks to queue
[2024-03-09T11:17:51.552+0000] {logging_mixin.py:188} INFO - [2024-03-09T11:17:51.552+0000] {dagbag.py:540} INFO - Filling up the DagBag from /home/airflow/.local/lib/python3.8/site-packages/airflow/example_dags/example_external_task_marker_dag.py
[2024-03-09T11:17:51.563+0000] {processor.py:840} INFO - DAG(s) 'example_external_task_marker_parent', 'example_external_task_marker_child' retrieved from /home/airflow/.local/lib/python3.8/site-packages/airflow/example_dags/example_external_task_marker_dag.py
[2024-03-09T11:17:51.604+0000] {logging_mixin.py:188} INFO - [2024-03-09T11:17:51.603+0000] {dag.py:3047} INFO - Sync 2 DAGs
[2024-03-09T11:17:51.624+0000] {logging_mixin.py:188} INFO - [2024-03-09T11:17:51.623+0000] {dag.py:3834} INFO - Setting next_dagrun for example_external_task_marker_child to None, run_after=None
[2024-03-09T11:17:51.629+0000] {logging_mixin.py:188} INFO - [2024-03-09T11:17:51.629+0000] {dag.py:3834} INFO - Setting next_dagrun for example_external_task_marker_parent to None, run_after=None
[2024-03-09T11:17:51.654+0000] {processor.py:183} INFO - Processing /home/airflow/.local/lib/python3.8/site-packages/airflow/example_dags/example_external_task_marker_dag.py took 0.111 seconds
[2024-03-09T11:18:21.888+0000] {processor.py:161} INFO - Started process (PID=5595) to work on /home/airflow/.local/lib/python3.8/site-packages/airflow/example_dags/example_external_task_marker_dag.py
[2024-03-09T11:18:21.889+0000] {processor.py:830} INFO - Processing file /home/airflow/.local/lib/python3.8/site-packages/airflow/example_dags/example_external_task_marker_dag.py for tasks to queue
[2024-03-09T11:18:21.891+0000] {logging_mixin.py:188} INFO - [2024-03-09T11:18:21.891+0000] {dagbag.py:540} INFO - Filling up the DagBag from /home/airflow/.local/lib/python3.8/site-packages/airflow/example_dags/example_external_task_marker_dag.py
[2024-03-09T11:18:21.900+0000] {processor.py:840} INFO - DAG(s) 'example_external_task_marker_parent', 'example_external_task_marker_child' retrieved from /home/airflow/.local/lib/python3.8/site-packages/airflow/example_dags/example_external_task_marker_dag.py
[2024-03-09T11:18:21.935+0000] {logging_mixin.py:188} INFO - [2024-03-09T11:18:21.935+0000] {dag.py:3047} INFO - Sync 2 DAGs
[2024-03-09T11:18:21.957+0000] {logging_mixin.py:188} INFO - [2024-03-09T11:18:21.956+0000] {dag.py:3834} INFO - Setting next_dagrun for example_external_task_marker_child to None, run_after=None
[2024-03-09T11:18:21.963+0000] {logging_mixin.py:188} INFO - [2024-03-09T11:18:21.962+0000] {dag.py:3834} INFO - Setting next_dagrun for example_external_task_marker_parent to None, run_after=None
[2024-03-09T11:18:21.990+0000] {processor.py:183} INFO - Processing /home/airflow/.local/lib/python3.8/site-packages/airflow/example_dags/example_external_task_marker_dag.py took 0.108 seconds
[2024-03-09T11:18:52.529+0000] {processor.py:161} INFO - Started process (PID=5842) to work on /home/airflow/.local/lib/python3.8/site-packages/airflow/example_dags/example_external_task_marker_dag.py
[2024-03-09T11:18:52.531+0000] {processor.py:830} INFO - Processing file /home/airflow/.local/lib/python3.8/site-packages/airflow/example_dags/example_external_task_marker_dag.py for tasks to queue
[2024-03-09T11:18:52.532+0000] {logging_mixin.py:188} INFO - [2024-03-09T11:18:52.532+0000] {dagbag.py:540} INFO - Filling up the DagBag from /home/airflow/.local/lib/python3.8/site-packages/airflow/example_dags/example_external_task_marker_dag.py
[2024-03-09T11:18:52.543+0000] {processor.py:840} INFO - DAG(s) 'example_external_task_marker_child', 'example_external_task_marker_parent' retrieved from /home/airflow/.local/lib/python3.8/site-packages/airflow/example_dags/example_external_task_marker_dag.py
[2024-03-09T11:18:52.587+0000] {logging_mixin.py:188} INFO - [2024-03-09T11:18:52.586+0000] {dag.py:3047} INFO - Sync 2 DAGs
[2024-03-09T11:18:52.613+0000] {logging_mixin.py:188} INFO - [2024-03-09T11:18:52.612+0000] {dag.py:3834} INFO - Setting next_dagrun for example_external_task_marker_child to None, run_after=None
[2024-03-09T11:18:52.620+0000] {logging_mixin.py:188} INFO - [2024-03-09T11:18:52.620+0000] {dag.py:3834} INFO - Setting next_dagrun for example_external_task_marker_parent to None, run_after=None
[2024-03-09T11:18:52.655+0000] {processor.py:183} INFO - Processing /home/airflow/.local/lib/python3.8/site-packages/airflow/example_dags/example_external_task_marker_dag.py took 0.131 seconds
[2024-03-09T11:19:22.751+0000] {processor.py:161} INFO - Started process (PID=6089) to work on /home/airflow/.local/lib/python3.8/site-packages/airflow/example_dags/example_external_task_marker_dag.py
[2024-03-09T11:19:22.753+0000] {processor.py:830} INFO - Processing file /home/airflow/.local/lib/python3.8/site-packages/airflow/example_dags/example_external_task_marker_dag.py for tasks to queue
[2024-03-09T11:19:22.754+0000] {logging_mixin.py:188} INFO - [2024-03-09T11:19:22.754+0000] {dagbag.py:540} INFO - Filling up the DagBag from /home/airflow/.local/lib/python3.8/site-packages/airflow/example_dags/example_external_task_marker_dag.py
[2024-03-09T11:19:22.764+0000] {processor.py:840} INFO - DAG(s) 'example_external_task_marker_parent', 'example_external_task_marker_child' retrieved from /home/airflow/.local/lib/python3.8/site-packages/airflow/example_dags/example_external_task_marker_dag.py
[2024-03-09T11:19:22.800+0000] {logging_mixin.py:188} INFO - [2024-03-09T11:19:22.799+0000] {dag.py:3047} INFO - Sync 2 DAGs
[2024-03-09T11:19:22.824+0000] {logging_mixin.py:188} INFO - [2024-03-09T11:19:22.824+0000] {dag.py:3834} INFO - Setting next_dagrun for example_external_task_marker_child to None, run_after=None
[2024-03-09T11:19:22.831+0000] {logging_mixin.py:188} INFO - [2024-03-09T11:19:22.831+0000] {dag.py:3834} INFO - Setting next_dagrun for example_external_task_marker_parent to None, run_after=None
[2024-03-09T11:19:22.860+0000] {processor.py:183} INFO - Processing /home/airflow/.local/lib/python3.8/site-packages/airflow/example_dags/example_external_task_marker_dag.py took 0.115 seconds
[2024-03-09T11:19:53.504+0000] {processor.py:161} INFO - Started process (PID=6336) to work on /home/airflow/.local/lib/python3.8/site-packages/airflow/example_dags/example_external_task_marker_dag.py
[2024-03-09T11:19:53.506+0000] {processor.py:830} INFO - Processing file /home/airflow/.local/lib/python3.8/site-packages/airflow/example_dags/example_external_task_marker_dag.py for tasks to queue
[2024-03-09T11:19:53.508+0000] {logging_mixin.py:188} INFO - [2024-03-09T11:19:53.508+0000] {dagbag.py:540} INFO - Filling up the DagBag from /home/airflow/.local/lib/python3.8/site-packages/airflow/example_dags/example_external_task_marker_dag.py
[2024-03-09T11:19:53.519+0000] {processor.py:840} INFO - DAG(s) 'example_external_task_marker_parent', 'example_external_task_marker_child' retrieved from /home/airflow/.local/lib/python3.8/site-packages/airflow/example_dags/example_external_task_marker_dag.py
[2024-03-09T11:19:53.558+0000] {logging_mixin.py:188} INFO - [2024-03-09T11:19:53.558+0000] {dag.py:3047} INFO - Sync 2 DAGs
[2024-03-09T11:19:53.582+0000] {logging_mixin.py:188} INFO - [2024-03-09T11:19:53.581+0000] {dag.py:3834} INFO - Setting next_dagrun for example_external_task_marker_child to None, run_after=None
[2024-03-09T11:19:53.588+0000] {logging_mixin.py:188} INFO - [2024-03-09T11:19:53.588+0000] {dag.py:3834} INFO - Setting next_dagrun for example_external_task_marker_parent to None, run_after=None
[2024-03-09T11:19:53.613+0000] {processor.py:183} INFO - Processing /home/airflow/.local/lib/python3.8/site-packages/airflow/example_dags/example_external_task_marker_dag.py took 0.114 seconds
[2024-03-09T11:20:24.215+0000] {processor.py:161} INFO - Started process (PID=6583) to work on /home/airflow/.local/lib/python3.8/site-packages/airflow/example_dags/example_external_task_marker_dag.py
[2024-03-09T11:20:24.217+0000] {processor.py:830} INFO - Processing file /home/airflow/.local/lib/python3.8/site-packages/airflow/example_dags/example_external_task_marker_dag.py for tasks to queue
[2024-03-09T11:20:24.219+0000] {logging_mixin.py:188} INFO - [2024-03-09T11:20:24.218+0000] {dagbag.py:540} INFO - Filling up the DagBag from /home/airflow/.local/lib/python3.8/site-packages/airflow/example_dags/example_external_task_marker_dag.py
[2024-03-09T11:20:24.228+0000] {processor.py:840} INFO - DAG(s) 'example_external_task_marker_child', 'example_external_task_marker_parent' retrieved from /home/airflow/.local/lib/python3.8/site-packages/airflow/example_dags/example_external_task_marker_dag.py
[2024-03-09T11:20:24.263+0000] {logging_mixin.py:188} INFO - [2024-03-09T11:20:24.263+0000] {dag.py:3047} INFO - Sync 2 DAGs
[2024-03-09T11:20:24.283+0000] {logging_mixin.py:188} INFO - [2024-03-09T11:20:24.282+0000] {dag.py:3834} INFO - Setting next_dagrun for example_external_task_marker_child to None, run_after=None
[2024-03-09T11:20:24.289+0000] {logging_mixin.py:188} INFO - [2024-03-09T11:20:24.288+0000] {dag.py:3834} INFO - Setting next_dagrun for example_external_task_marker_parent to None, run_after=None
[2024-03-09T11:20:24.318+0000] {processor.py:183} INFO - Processing /home/airflow/.local/lib/python3.8/site-packages/airflow/example_dags/example_external_task_marker_dag.py took 0.108 seconds
[2024-03-09T11:20:55.142+0000] {processor.py:161} INFO - Started process (PID=6830) to work on /home/airflow/.local/lib/python3.8/site-packages/airflow/example_dags/example_external_task_marker_dag.py
[2024-03-09T11:20:55.144+0000] {processor.py:830} INFO - Processing file /home/airflow/.local/lib/python3.8/site-packages/airflow/example_dags/example_external_task_marker_dag.py for tasks to queue
[2024-03-09T11:20:55.146+0000] {logging_mixin.py:188} INFO - [2024-03-09T11:20:55.146+0000] {dagbag.py:540} INFO - Filling up the DagBag from /home/airflow/.local/lib/python3.8/site-packages/airflow/example_dags/example_external_task_marker_dag.py
[2024-03-09T11:20:55.157+0000] {processor.py:840} INFO - DAG(s) 'example_external_task_marker_child', 'example_external_task_marker_parent' retrieved from /home/airflow/.local/lib/python3.8/site-packages/airflow/example_dags/example_external_task_marker_dag.py
[2024-03-09T11:20:55.199+0000] {logging_mixin.py:188} INFO - [2024-03-09T11:20:55.199+0000] {dag.py:3047} INFO - Sync 2 DAGs
[2024-03-09T11:20:55.220+0000] {logging_mixin.py:188} INFO - [2024-03-09T11:20:55.219+0000] {dag.py:3834} INFO - Setting next_dagrun for example_external_task_marker_child to None, run_after=None
[2024-03-09T11:20:55.226+0000] {logging_mixin.py:188} INFO - [2024-03-09T11:20:55.225+0000] {dag.py:3834} INFO - Setting next_dagrun for example_external_task_marker_parent to None, run_after=None
[2024-03-09T11:20:55.252+0000] {processor.py:183} INFO - Processing /home/airflow/.local/lib/python3.8/site-packages/airflow/example_dags/example_external_task_marker_dag.py took 0.116 seconds
[2024-03-09T11:21:25.931+0000] {processor.py:161} INFO - Started process (PID=7077) to work on /home/airflow/.local/lib/python3.8/site-packages/airflow/example_dags/example_external_task_marker_dag.py
[2024-03-09T11:21:25.933+0000] {processor.py:830} INFO - Processing file /home/airflow/.local/lib/python3.8/site-packages/airflow/example_dags/example_external_task_marker_dag.py for tasks to queue
[2024-03-09T11:21:25.935+0000] {logging_mixin.py:188} INFO - [2024-03-09T11:21:25.935+0000] {dagbag.py:540} INFO - Filling up the DagBag from /home/airflow/.local/lib/python3.8/site-packages/airflow/example_dags/example_external_task_marker_dag.py
[2024-03-09T11:21:25.946+0000] {processor.py:840} INFO - DAG(s) 'example_external_task_marker_child', 'example_external_task_marker_parent' retrieved from /home/airflow/.local/lib/python3.8/site-packages/airflow/example_dags/example_external_task_marker_dag.py
[2024-03-09T11:21:25.988+0000] {logging_mixin.py:188} INFO - [2024-03-09T11:21:25.987+0000] {dag.py:3047} INFO - Sync 2 DAGs
[2024-03-09T11:21:26.008+0000] {logging_mixin.py:188} INFO - [2024-03-09T11:21:26.007+0000] {dag.py:3834} INFO - Setting next_dagrun for example_external_task_marker_child to None, run_after=None
[2024-03-09T11:21:26.013+0000] {logging_mixin.py:188} INFO - [2024-03-09T11:21:26.013+0000] {dag.py:3834} INFO - Setting next_dagrun for example_external_task_marker_parent to None, run_after=None
[2024-03-09T11:21:26.044+0000] {processor.py:183} INFO - Processing /home/airflow/.local/lib/python3.8/site-packages/airflow/example_dags/example_external_task_marker_dag.py took 0.119 seconds
[2024-03-09T13:38:20.721+0000] {processor.py:161} INFO - Started process (PID=7314) to work on /home/airflow/.local/lib/python3.8/site-packages/airflow/example_dags/example_external_task_marker_dag.py
[2024-03-09T13:38:20.724+0000] {processor.py:830} INFO - Processing file /home/airflow/.local/lib/python3.8/site-packages/airflow/example_dags/example_external_task_marker_dag.py for tasks to queue
[2024-03-09T13:38:20.726+0000] {logging_mixin.py:188} INFO - [2024-03-09T13:38:20.725+0000] {dagbag.py:540} INFO - Filling up the DagBag from /home/airflow/.local/lib/python3.8/site-packages/airflow/example_dags/example_external_task_marker_dag.py
[2024-03-09T13:38:20.740+0000] {processor.py:840} INFO - DAG(s) 'example_external_task_marker_parent', 'example_external_task_marker_child' retrieved from /home/airflow/.local/lib/python3.8/site-packages/airflow/example_dags/example_external_task_marker_dag.py
[2024-03-09T13:38:20.784+0000] {logging_mixin.py:188} INFO - [2024-03-09T13:38:20.783+0000] {dag.py:3047} INFO - Sync 2 DAGs
[2024-03-09T13:38:20.820+0000] {logging_mixin.py:188} INFO - [2024-03-09T13:38:20.820+0000] {dag.py:3834} INFO - Setting next_dagrun for example_external_task_marker_child to None, run_after=None
[2024-03-09T13:38:20.829+0000] {logging_mixin.py:188} INFO - [2024-03-09T13:38:20.828+0000] {dag.py:3834} INFO - Setting next_dagrun for example_external_task_marker_parent to None, run_after=None
[2024-03-09T13:38:20.865+0000] {processor.py:183} INFO - Processing /home/airflow/.local/lib/python3.8/site-packages/airflow/example_dags/example_external_task_marker_dag.py took 0.150 seconds
[2024-03-09T13:38:51.177+0000] {processor.py:161} INFO - Started process (PID=7561) to work on /home/airflow/.local/lib/python3.8/site-packages/airflow/example_dags/example_external_task_marker_dag.py
[2024-03-09T13:38:51.179+0000] {processor.py:830} INFO - Processing file /home/airflow/.local/lib/python3.8/site-packages/airflow/example_dags/example_external_task_marker_dag.py for tasks to queue
[2024-03-09T13:38:51.181+0000] {logging_mixin.py:188} INFO - [2024-03-09T13:38:51.181+0000] {dagbag.py:540} INFO - Filling up the DagBag from /home/airflow/.local/lib/python3.8/site-packages/airflow/example_dags/example_external_task_marker_dag.py
[2024-03-09T13:38:51.209+0000] {processor.py:840} INFO - DAG(s) 'example_external_task_marker_child', 'example_external_task_marker_parent' retrieved from /home/airflow/.local/lib/python3.8/site-packages/airflow/example_dags/example_external_task_marker_dag.py
[2024-03-09T13:38:51.258+0000] {logging_mixin.py:188} INFO - [2024-03-09T13:38:51.253+0000] {dag.py:3047} INFO - Sync 2 DAGs
[2024-03-09T13:38:51.282+0000] {logging_mixin.py:188} INFO - [2024-03-09T13:38:51.281+0000] {dag.py:3834} INFO - Setting next_dagrun for example_external_task_marker_child to None, run_after=None
[2024-03-09T13:38:51.289+0000] {logging_mixin.py:188} INFO - [2024-03-09T13:38:51.289+0000] {dag.py:3834} INFO - Setting next_dagrun for example_external_task_marker_parent to None, run_after=None
[2024-03-09T13:38:51.320+0000] {processor.py:183} INFO - Processing /home/airflow/.local/lib/python3.8/site-packages/airflow/example_dags/example_external_task_marker_dag.py took 0.157 seconds
[2024-03-09T13:39:22.827+0000] {processor.py:161} INFO - Started process (PID=7808) to work on /home/airflow/.local/lib/python3.8/site-packages/airflow/example_dags/example_external_task_marker_dag.py
[2024-03-09T13:39:22.829+0000] {processor.py:830} INFO - Processing file /home/airflow/.local/lib/python3.8/site-packages/airflow/example_dags/example_external_task_marker_dag.py for tasks to queue
[2024-03-09T13:39:22.831+0000] {logging_mixin.py:188} INFO - [2024-03-09T13:39:22.831+0000] {dagbag.py:540} INFO - Filling up the DagBag from /home/airflow/.local/lib/python3.8/site-packages/airflow/example_dags/example_external_task_marker_dag.py
[2024-03-09T13:39:22.844+0000] {processor.py:840} INFO - DAG(s) 'example_external_task_marker_parent', 'example_external_task_marker_child' retrieved from /home/airflow/.local/lib/python3.8/site-packages/airflow/example_dags/example_external_task_marker_dag.py
[2024-03-09T13:39:22.886+0000] {logging_mixin.py:188} INFO - [2024-03-09T13:39:22.885+0000] {dag.py:3047} INFO - Sync 2 DAGs
[2024-03-09T13:39:22.909+0000] {logging_mixin.py:188} INFO - [2024-03-09T13:39:22.908+0000] {dag.py:3834} INFO - Setting next_dagrun for example_external_task_marker_child to None, run_after=None
[2024-03-09T13:39:22.916+0000] {logging_mixin.py:188} INFO - [2024-03-09T13:39:22.915+0000] {dag.py:3834} INFO - Setting next_dagrun for example_external_task_marker_parent to None, run_after=None
[2024-03-09T13:39:22.949+0000] {processor.py:183} INFO - Processing /home/airflow/.local/lib/python3.8/site-packages/airflow/example_dags/example_external_task_marker_dag.py took 0.128 seconds
[2024-03-09T13:39:53.983+0000] {processor.py:161} INFO - Started process (PID=8055) to work on /home/airflow/.local/lib/python3.8/site-packages/airflow/example_dags/example_external_task_marker_dag.py
[2024-03-09T13:39:53.984+0000] {processor.py:830} INFO - Processing file /home/airflow/.local/lib/python3.8/site-packages/airflow/example_dags/example_external_task_marker_dag.py for tasks to queue
[2024-03-09T13:39:53.986+0000] {logging_mixin.py:188} INFO - [2024-03-09T13:39:53.986+0000] {dagbag.py:540} INFO - Filling up the DagBag from /home/airflow/.local/lib/python3.8/site-packages/airflow/example_dags/example_external_task_marker_dag.py
[2024-03-09T13:39:53.996+0000] {processor.py:840} INFO - DAG(s) 'example_external_task_marker_parent', 'example_external_task_marker_child' retrieved from /home/airflow/.local/lib/python3.8/site-packages/airflow/example_dags/example_external_task_marker_dag.py
[2024-03-09T13:39:54.035+0000] {logging_mixin.py:188} INFO - [2024-03-09T13:39:54.034+0000] {dag.py:3047} INFO - Sync 2 DAGs
[2024-03-09T13:39:54.059+0000] {logging_mixin.py:188} INFO - [2024-03-09T13:39:54.059+0000] {dag.py:3834} INFO - Setting next_dagrun for example_external_task_marker_child to None, run_after=None
[2024-03-09T13:39:54.066+0000] {logging_mixin.py:188} INFO - [2024-03-09T13:39:54.066+0000] {dag.py:3834} INFO - Setting next_dagrun for example_external_task_marker_parent to None, run_after=None
[2024-03-09T13:39:54.093+0000] {processor.py:183} INFO - Processing /home/airflow/.local/lib/python3.8/site-packages/airflow/example_dags/example_external_task_marker_dag.py took 0.116 seconds
[2024-03-09T13:40:24.151+0000] {processor.py:161} INFO - Started process (PID=8297) to work on /home/airflow/.local/lib/python3.8/site-packages/airflow/example_dags/example_external_task_marker_dag.py
[2024-03-09T13:40:24.153+0000] {processor.py:830} INFO - Processing file /home/airflow/.local/lib/python3.8/site-packages/airflow/example_dags/example_external_task_marker_dag.py for tasks to queue
[2024-03-09T13:40:24.154+0000] {logging_mixin.py:188} INFO - [2024-03-09T13:40:24.154+0000] {dagbag.py:540} INFO - Filling up the DagBag from /home/airflow/.local/lib/python3.8/site-packages/airflow/example_dags/example_external_task_marker_dag.py
[2024-03-09T13:40:24.166+0000] {processor.py:840} INFO - DAG(s) 'example_external_task_marker_child', 'example_external_task_marker_parent' retrieved from /home/airflow/.local/lib/python3.8/site-packages/airflow/example_dags/example_external_task_marker_dag.py
[2024-03-09T13:40:24.210+0000] {logging_mixin.py:188} INFO - [2024-03-09T13:40:24.209+0000] {dag.py:3047} INFO - Sync 2 DAGs
[2024-03-09T13:40:24.235+0000] {logging_mixin.py:188} INFO - [2024-03-09T13:40:24.235+0000] {dag.py:3834} INFO - Setting next_dagrun for example_external_task_marker_child to None, run_after=None
[2024-03-09T13:40:24.242+0000] {logging_mixin.py:188} INFO - [2024-03-09T13:40:24.241+0000] {dag.py:3834} INFO - Setting next_dagrun for example_external_task_marker_parent to None, run_after=None
[2024-03-09T13:40:24.274+0000] {processor.py:183} INFO - Processing /home/airflow/.local/lib/python3.8/site-packages/airflow/example_dags/example_external_task_marker_dag.py took 0.131 seconds
[2024-03-09T13:40:54.321+0000] {processor.py:161} INFO - Started process (PID=8544) to work on /home/airflow/.local/lib/python3.8/site-packages/airflow/example_dags/example_external_task_marker_dag.py
[2024-03-09T13:40:54.323+0000] {processor.py:830} INFO - Processing file /home/airflow/.local/lib/python3.8/site-packages/airflow/example_dags/example_external_task_marker_dag.py for tasks to queue
[2024-03-09T13:40:54.325+0000] {logging_mixin.py:188} INFO - [2024-03-09T13:40:54.324+0000] {dagbag.py:540} INFO - Filling up the DagBag from /home/airflow/.local/lib/python3.8/site-packages/airflow/example_dags/example_external_task_marker_dag.py
[2024-03-09T13:40:54.335+0000] {processor.py:840} INFO - DAG(s) 'example_external_task_marker_parent', 'example_external_task_marker_child' retrieved from /home/airflow/.local/lib/python3.8/site-packages/airflow/example_dags/example_external_task_marker_dag.py
[2024-03-09T13:40:54.374+0000] {logging_mixin.py:188} INFO - [2024-03-09T13:40:54.373+0000] {dag.py:3047} INFO - Sync 2 DAGs
[2024-03-09T13:40:54.392+0000] {logging_mixin.py:188} INFO - [2024-03-09T13:40:54.391+0000] {dag.py:3834} INFO - Setting next_dagrun for example_external_task_marker_child to None, run_after=None
[2024-03-09T13:40:54.399+0000] {logging_mixin.py:188} INFO - [2024-03-09T13:40:54.399+0000] {dag.py:3834} INFO - Setting next_dagrun for example_external_task_marker_parent to None, run_after=None
[2024-03-09T13:40:54.427+0000] {processor.py:183} INFO - Processing /home/airflow/.local/lib/python3.8/site-packages/airflow/example_dags/example_external_task_marker_dag.py took 0.111 seconds
[2024-03-09T13:41:25.016+0000] {processor.py:161} INFO - Started process (PID=8791) to work on /home/airflow/.local/lib/python3.8/site-packages/airflow/example_dags/example_external_task_marker_dag.py
[2024-03-09T13:41:25.018+0000] {processor.py:830} INFO - Processing file /home/airflow/.local/lib/python3.8/site-packages/airflow/example_dags/example_external_task_marker_dag.py for tasks to queue
[2024-03-09T13:41:25.021+0000] {logging_mixin.py:188} INFO - [2024-03-09T13:41:25.020+0000] {dagbag.py:540} INFO - Filling up the DagBag from /home/airflow/.local/lib/python3.8/site-packages/airflow/example_dags/example_external_task_marker_dag.py
[2024-03-09T13:41:25.033+0000] {processor.py:840} INFO - DAG(s) 'example_external_task_marker_child', 'example_external_task_marker_parent' retrieved from /home/airflow/.local/lib/python3.8/site-packages/airflow/example_dags/example_external_task_marker_dag.py
[2024-03-09T13:41:25.090+0000] {logging_mixin.py:188} INFO - [2024-03-09T13:41:25.089+0000] {dag.py:3047} INFO - Sync 2 DAGs
[2024-03-09T13:41:25.120+0000] {logging_mixin.py:188} INFO - [2024-03-09T13:41:25.119+0000] {dag.py:3834} INFO - Setting next_dagrun for example_external_task_marker_child to None, run_after=None
[2024-03-09T13:41:25.131+0000] {logging_mixin.py:188} INFO - [2024-03-09T13:41:25.130+0000] {dag.py:3834} INFO - Setting next_dagrun for example_external_task_marker_parent to None, run_after=None
[2024-03-09T13:41:25.170+0000] {processor.py:183} INFO - Processing /home/airflow/.local/lib/python3.8/site-packages/airflow/example_dags/example_external_task_marker_dag.py took 0.161 seconds
[2024-03-09T13:41:55.531+0000] {processor.py:161} INFO - Started process (PID=9043) to work on /home/airflow/.local/lib/python3.8/site-packages/airflow/example_dags/example_external_task_marker_dag.py
[2024-03-09T13:41:55.533+0000] {processor.py:830} INFO - Processing file /home/airflow/.local/lib/python3.8/site-packages/airflow/example_dags/example_external_task_marker_dag.py for tasks to queue
[2024-03-09T13:41:55.535+0000] {logging_mixin.py:188} INFO - [2024-03-09T13:41:55.534+0000] {dagbag.py:540} INFO - Filling up the DagBag from /home/airflow/.local/lib/python3.8/site-packages/airflow/example_dags/example_external_task_marker_dag.py
[2024-03-09T13:41:55.546+0000] {processor.py:840} INFO - DAG(s) 'example_external_task_marker_child', 'example_external_task_marker_parent' retrieved from /home/airflow/.local/lib/python3.8/site-packages/airflow/example_dags/example_external_task_marker_dag.py
[2024-03-09T13:41:55.586+0000] {logging_mixin.py:188} INFO - [2024-03-09T13:41:55.585+0000] {dag.py:3047} INFO - Sync 2 DAGs
[2024-03-09T13:41:55.611+0000] {logging_mixin.py:188} INFO - [2024-03-09T13:41:55.611+0000] {dag.py:3834} INFO - Setting next_dagrun for example_external_task_marker_child to None, run_after=None
[2024-03-09T13:41:55.617+0000] {logging_mixin.py:188} INFO - [2024-03-09T13:41:55.617+0000] {dag.py:3834} INFO - Setting next_dagrun for example_external_task_marker_parent to None, run_after=None
[2024-03-09T13:41:55.650+0000] {processor.py:183} INFO - Processing /home/airflow/.local/lib/python3.8/site-packages/airflow/example_dags/example_external_task_marker_dag.py took 0.125 seconds
[2024-03-09T13:42:25.815+0000] {processor.py:161} INFO - Started process (PID=9290) to work on /home/airflow/.local/lib/python3.8/site-packages/airflow/example_dags/example_external_task_marker_dag.py
[2024-03-09T13:42:25.817+0000] {processor.py:830} INFO - Processing file /home/airflow/.local/lib/python3.8/site-packages/airflow/example_dags/example_external_task_marker_dag.py for tasks to queue
[2024-03-09T13:42:25.818+0000] {logging_mixin.py:188} INFO - [2024-03-09T13:42:25.818+0000] {dagbag.py:540} INFO - Filling up the DagBag from /home/airflow/.local/lib/python3.8/site-packages/airflow/example_dags/example_external_task_marker_dag.py
[2024-03-09T13:42:25.828+0000] {processor.py:840} INFO - DAG(s) 'example_external_task_marker_child', 'example_external_task_marker_parent' retrieved from /home/airflow/.local/lib/python3.8/site-packages/airflow/example_dags/example_external_task_marker_dag.py
[2024-03-09T13:42:25.869+0000] {logging_mixin.py:188} INFO - [2024-03-09T13:42:25.869+0000] {dag.py:3047} INFO - Sync 2 DAGs
[2024-03-09T13:42:25.889+0000] {logging_mixin.py:188} INFO - [2024-03-09T13:42:25.888+0000] {dag.py:3834} INFO - Setting next_dagrun for example_external_task_marker_child to None, run_after=None
[2024-03-09T13:42:25.898+0000] {logging_mixin.py:188} INFO - [2024-03-09T13:42:25.897+0000] {dag.py:3834} INFO - Setting next_dagrun for example_external_task_marker_parent to None, run_after=None
[2024-03-09T13:42:25.926+0000] {processor.py:183} INFO - Processing /home/airflow/.local/lib/python3.8/site-packages/airflow/example_dags/example_external_task_marker_dag.py took 0.117 seconds
[2024-03-09T13:42:56.114+0000] {processor.py:161} INFO - Started process (PID=9537) to work on /home/airflow/.local/lib/python3.8/site-packages/airflow/example_dags/example_external_task_marker_dag.py
[2024-03-09T13:42:56.116+0000] {processor.py:830} INFO - Processing file /home/airflow/.local/lib/python3.8/site-packages/airflow/example_dags/example_external_task_marker_dag.py for tasks to queue
[2024-03-09T13:42:56.118+0000] {logging_mixin.py:188} INFO - [2024-03-09T13:42:56.118+0000] {dagbag.py:540} INFO - Filling up the DagBag from /home/airflow/.local/lib/python3.8/site-packages/airflow/example_dags/example_external_task_marker_dag.py
[2024-03-09T13:42:56.128+0000] {processor.py:840} INFO - DAG(s) 'example_external_task_marker_child', 'example_external_task_marker_parent' retrieved from /home/airflow/.local/lib/python3.8/site-packages/airflow/example_dags/example_external_task_marker_dag.py
[2024-03-09T13:42:56.172+0000] {logging_mixin.py:188} INFO - [2024-03-09T13:42:56.171+0000] {dag.py:3047} INFO - Sync 2 DAGs
[2024-03-09T13:42:56.197+0000] {logging_mixin.py:188} INFO - [2024-03-09T13:42:56.196+0000] {dag.py:3834} INFO - Setting next_dagrun for example_external_task_marker_child to None, run_after=None
[2024-03-09T13:42:56.203+0000] {logging_mixin.py:188} INFO - [2024-03-09T13:42:56.203+0000] {dag.py:3834} INFO - Setting next_dagrun for example_external_task_marker_parent to None, run_after=None
[2024-03-09T13:42:56.229+0000] {processor.py:183} INFO - Processing /home/airflow/.local/lib/python3.8/site-packages/airflow/example_dags/example_external_task_marker_dag.py took 0.120 seconds
[2024-03-09T13:43:26.964+0000] {processor.py:161} INFO - Started process (PID=9784) to work on /home/airflow/.local/lib/python3.8/site-packages/airflow/example_dags/example_external_task_marker_dag.py
[2024-03-09T13:43:26.965+0000] {processor.py:830} INFO - Processing file /home/airflow/.local/lib/python3.8/site-packages/airflow/example_dags/example_external_task_marker_dag.py for tasks to queue
[2024-03-09T13:43:26.967+0000] {logging_mixin.py:188} INFO - [2024-03-09T13:43:26.967+0000] {dagbag.py:540} INFO - Filling up the DagBag from /home/airflow/.local/lib/python3.8/site-packages/airflow/example_dags/example_external_task_marker_dag.py
[2024-03-09T13:43:26.977+0000] {processor.py:840} INFO - DAG(s) 'example_external_task_marker_parent', 'example_external_task_marker_child' retrieved from /home/airflow/.local/lib/python3.8/site-packages/airflow/example_dags/example_external_task_marker_dag.py
[2024-03-09T13:43:27.023+0000] {logging_mixin.py:188} INFO - [2024-03-09T13:43:27.022+0000] {dag.py:3047} INFO - Sync 2 DAGs
[2024-03-09T13:43:27.043+0000] {logging_mixin.py:188} INFO - [2024-03-09T13:43:27.042+0000] {dag.py:3834} INFO - Setting next_dagrun for example_external_task_marker_child to None, run_after=None
[2024-03-09T13:43:27.048+0000] {logging_mixin.py:188} INFO - [2024-03-09T13:43:27.048+0000] {dag.py:3834} INFO - Setting next_dagrun for example_external_task_marker_parent to None, run_after=None
[2024-03-09T13:43:27.075+0000] {processor.py:183} INFO - Processing /home/airflow/.local/lib/python3.8/site-packages/airflow/example_dags/example_external_task_marker_dag.py took 0.116 seconds
[2024-03-09T13:43:57.421+0000] {processor.py:161} INFO - Started process (PID=10031) to work on /home/airflow/.local/lib/python3.8/site-packages/airflow/example_dags/example_external_task_marker_dag.py
[2024-03-09T13:43:57.422+0000] {processor.py:830} INFO - Processing file /home/airflow/.local/lib/python3.8/site-packages/airflow/example_dags/example_external_task_marker_dag.py for tasks to queue
[2024-03-09T13:43:57.424+0000] {logging_mixin.py:188} INFO - [2024-03-09T13:43:57.424+0000] {dagbag.py:540} INFO - Filling up the DagBag from /home/airflow/.local/lib/python3.8/site-packages/airflow/example_dags/example_external_task_marker_dag.py
[2024-03-09T13:43:57.433+0000] {processor.py:840} INFO - DAG(s) 'example_external_task_marker_child', 'example_external_task_marker_parent' retrieved from /home/airflow/.local/lib/python3.8/site-packages/airflow/example_dags/example_external_task_marker_dag.py
[2024-03-09T13:43:57.471+0000] {logging_mixin.py:188} INFO - [2024-03-09T13:43:57.471+0000] {dag.py:3047} INFO - Sync 2 DAGs
[2024-03-09T13:43:57.493+0000] {logging_mixin.py:188} INFO - [2024-03-09T13:43:57.492+0000] {dag.py:3834} INFO - Setting next_dagrun for example_external_task_marker_child to None, run_after=None
[2024-03-09T13:43:57.498+0000] {logging_mixin.py:188} INFO - [2024-03-09T13:43:57.498+0000] {dag.py:3834} INFO - Setting next_dagrun for example_external_task_marker_parent to None, run_after=None
[2024-03-09T13:43:57.525+0000] {processor.py:183} INFO - Processing /home/airflow/.local/lib/python3.8/site-packages/airflow/example_dags/example_external_task_marker_dag.py took 0.109 seconds
