[2024-03-09T11:07:31.592+0000] {processor.py:161} INFO - Started process (PID=294) to work on /home/airflow/.local/lib/python3.8/site-packages/airflow/example_dags/example_latest_only.py
[2024-03-09T11:07:31.594+0000] {processor.py:830} INFO - Processing file /home/airflow/.local/lib/python3.8/site-packages/airflow/example_dags/example_latest_only.py for tasks to queue
[2024-03-09T11:07:31.596+0000] {logging_mixin.py:188} INFO - [2024-03-09T11:07:31.595+0000] {dagbag.py:540} INFO - Filling up the DagBag from /home/airflow/.local/lib/python3.8/site-packages/airflow/example_dags/example_latest_only.py
[2024-03-09T11:07:31.609+0000] {processor.py:840} INFO - DAG(s) 'latest_only' retrieved from /home/airflow/.local/lib/python3.8/site-packages/airflow/example_dags/example_latest_only.py
[2024-03-09T11:07:31.787+0000] {logging_mixin.py:188} INFO - [2024-03-09T11:07:31.787+0000] {dag.py:3047} INFO - Sync 1 DAGs
[2024-03-09T11:07:31.819+0000] {logging_mixin.py:188} INFO - [2024-03-09T11:07:31.819+0000] {dag.py:3834} INFO - Setting next_dagrun for latest_only to 2024-03-09 04:00:00+00:00, run_after=2024-03-09 08:00:00+00:00
[2024-03-09T11:07:31.849+0000] {processor.py:183} INFO - Processing /home/airflow/.local/lib/python3.8/site-packages/airflow/example_dags/example_latest_only.py took 0.262 seconds
[2024-03-09T11:08:02.002+0000] {processor.py:161} INFO - Started process (PID=539) to work on /home/airflow/.local/lib/python3.8/site-packages/airflow/example_dags/example_latest_only.py
[2024-03-09T11:08:02.005+0000] {processor.py:830} INFO - Processing file /home/airflow/.local/lib/python3.8/site-packages/airflow/example_dags/example_latest_only.py for tasks to queue
[2024-03-09T11:08:02.006+0000] {logging_mixin.py:188} INFO - [2024-03-09T11:08:02.006+0000] {dagbag.py:540} INFO - Filling up the DagBag from /home/airflow/.local/lib/python3.8/site-packages/airflow/example_dags/example_latest_only.py
[2024-03-09T11:08:02.015+0000] {processor.py:840} INFO - DAG(s) 'latest_only' retrieved from /home/airflow/.local/lib/python3.8/site-packages/airflow/example_dags/example_latest_only.py
[2024-03-09T11:08:02.044+0000] {logging_mixin.py:188} INFO - [2024-03-09T11:08:02.044+0000] {dag.py:3047} INFO - Sync 1 DAGs
[2024-03-09T11:08:02.078+0000] {logging_mixin.py:188} INFO - [2024-03-09T11:08:02.078+0000] {dag.py:3834} INFO - Setting next_dagrun for latest_only to 2024-03-09 04:00:00+00:00, run_after=2024-03-09 08:00:00+00:00
[2024-03-09T11:08:02.112+0000] {processor.py:183} INFO - Processing /home/airflow/.local/lib/python3.8/site-packages/airflow/example_dags/example_latest_only.py took 0.114 seconds
[2024-03-09T11:08:32.577+0000] {processor.py:161} INFO - Started process (PID=788) to work on /home/airflow/.local/lib/python3.8/site-packages/airflow/example_dags/example_latest_only.py
[2024-03-09T11:08:32.579+0000] {processor.py:830} INFO - Processing file /home/airflow/.local/lib/python3.8/site-packages/airflow/example_dags/example_latest_only.py for tasks to queue
[2024-03-09T11:08:32.581+0000] {logging_mixin.py:188} INFO - [2024-03-09T11:08:32.581+0000] {dagbag.py:540} INFO - Filling up the DagBag from /home/airflow/.local/lib/python3.8/site-packages/airflow/example_dags/example_latest_only.py
[2024-03-09T11:08:32.590+0000] {processor.py:840} INFO - DAG(s) 'latest_only' retrieved from /home/airflow/.local/lib/python3.8/site-packages/airflow/example_dags/example_latest_only.py
[2024-03-09T11:08:32.620+0000] {logging_mixin.py:188} INFO - [2024-03-09T11:08:32.620+0000] {dag.py:3047} INFO - Sync 1 DAGs
[2024-03-09T11:08:32.657+0000] {logging_mixin.py:188} INFO - [2024-03-09T11:08:32.657+0000] {dag.py:3834} INFO - Setting next_dagrun for latest_only to 2024-03-09 04:00:00+00:00, run_after=2024-03-09 08:00:00+00:00
[2024-03-09T11:08:32.690+0000] {processor.py:183} INFO - Processing /home/airflow/.local/lib/python3.8/site-packages/airflow/example_dags/example_latest_only.py took 0.119 seconds
[2024-03-09T11:09:03.552+0000] {processor.py:161} INFO - Started process (PID=1035) to work on /home/airflow/.local/lib/python3.8/site-packages/airflow/example_dags/example_latest_only.py
[2024-03-09T11:09:03.554+0000] {processor.py:830} INFO - Processing file /home/airflow/.local/lib/python3.8/site-packages/airflow/example_dags/example_latest_only.py for tasks to queue
[2024-03-09T11:09:03.556+0000] {logging_mixin.py:188} INFO - [2024-03-09T11:09:03.555+0000] {dagbag.py:540} INFO - Filling up the DagBag from /home/airflow/.local/lib/python3.8/site-packages/airflow/example_dags/example_latest_only.py
[2024-03-09T11:09:03.566+0000] {processor.py:840} INFO - DAG(s) 'latest_only' retrieved from /home/airflow/.local/lib/python3.8/site-packages/airflow/example_dags/example_latest_only.py
[2024-03-09T11:09:03.599+0000] {logging_mixin.py:188} INFO - [2024-03-09T11:09:03.599+0000] {dag.py:3047} INFO - Sync 1 DAGs
[2024-03-09T11:09:03.635+0000] {logging_mixin.py:188} INFO - [2024-03-09T11:09:03.635+0000] {dag.py:3834} INFO - Setting next_dagrun for latest_only to 2024-03-09 04:00:00+00:00, run_after=2024-03-09 08:00:00+00:00
[2024-03-09T11:09:03.671+0000] {processor.py:183} INFO - Processing /home/airflow/.local/lib/python3.8/site-packages/airflow/example_dags/example_latest_only.py took 0.124 seconds
[2024-03-09T11:09:34.013+0000] {processor.py:161} INFO - Started process (PID=1283) to work on /home/airflow/.local/lib/python3.8/site-packages/airflow/example_dags/example_latest_only.py
[2024-03-09T11:09:34.016+0000] {processor.py:830} INFO - Processing file /home/airflow/.local/lib/python3.8/site-packages/airflow/example_dags/example_latest_only.py for tasks to queue
[2024-03-09T11:09:34.018+0000] {logging_mixin.py:188} INFO - [2024-03-09T11:09:34.017+0000] {dagbag.py:540} INFO - Filling up the DagBag from /home/airflow/.local/lib/python3.8/site-packages/airflow/example_dags/example_latest_only.py
[2024-03-09T11:09:34.028+0000] {processor.py:840} INFO - DAG(s) 'latest_only' retrieved from /home/airflow/.local/lib/python3.8/site-packages/airflow/example_dags/example_latest_only.py
[2024-03-09T11:09:34.067+0000] {logging_mixin.py:188} INFO - [2024-03-09T11:09:34.067+0000] {dag.py:3047} INFO - Sync 1 DAGs
[2024-03-09T11:09:34.105+0000] {logging_mixin.py:188} INFO - [2024-03-09T11:09:34.104+0000] {dag.py:3834} INFO - Setting next_dagrun for latest_only to 2024-03-09 04:00:00+00:00, run_after=2024-03-09 08:00:00+00:00
[2024-03-09T11:09:34.135+0000] {processor.py:183} INFO - Processing /home/airflow/.local/lib/python3.8/site-packages/airflow/example_dags/example_latest_only.py took 0.129 seconds
[2024-03-09T11:10:04.226+0000] {processor.py:161} INFO - Started process (PID=1530) to work on /home/airflow/.local/lib/python3.8/site-packages/airflow/example_dags/example_latest_only.py
[2024-03-09T11:10:04.229+0000] {processor.py:830} INFO - Processing file /home/airflow/.local/lib/python3.8/site-packages/airflow/example_dags/example_latest_only.py for tasks to queue
[2024-03-09T11:10:04.231+0000] {logging_mixin.py:188} INFO - [2024-03-09T11:10:04.230+0000] {dagbag.py:540} INFO - Filling up the DagBag from /home/airflow/.local/lib/python3.8/site-packages/airflow/example_dags/example_latest_only.py
[2024-03-09T11:10:04.240+0000] {processor.py:840} INFO - DAG(s) 'latest_only' retrieved from /home/airflow/.local/lib/python3.8/site-packages/airflow/example_dags/example_latest_only.py
[2024-03-09T11:10:04.274+0000] {logging_mixin.py:188} INFO - [2024-03-09T11:10:04.274+0000] {dag.py:3047} INFO - Sync 1 DAGs
[2024-03-09T11:10:04.309+0000] {logging_mixin.py:188} INFO - [2024-03-09T11:10:04.308+0000] {dag.py:3834} INFO - Setting next_dagrun for latest_only to 2024-03-09 04:00:00+00:00, run_after=2024-03-09 08:00:00+00:00
[2024-03-09T11:10:04.339+0000] {processor.py:183} INFO - Processing /home/airflow/.local/lib/python3.8/site-packages/airflow/example_dags/example_latest_only.py took 0.119 seconds
[2024-03-09T11:10:35.148+0000] {processor.py:161} INFO - Started process (PID=1783) to work on /home/airflow/.local/lib/python3.8/site-packages/airflow/example_dags/example_latest_only.py
[2024-03-09T11:10:35.150+0000] {processor.py:830} INFO - Processing file /home/airflow/.local/lib/python3.8/site-packages/airflow/example_dags/example_latest_only.py for tasks to queue
[2024-03-09T11:10:35.153+0000] {logging_mixin.py:188} INFO - [2024-03-09T11:10:35.152+0000] {dagbag.py:540} INFO - Filling up the DagBag from /home/airflow/.local/lib/python3.8/site-packages/airflow/example_dags/example_latest_only.py
[2024-03-09T11:10:35.166+0000] {processor.py:840} INFO - DAG(s) 'latest_only' retrieved from /home/airflow/.local/lib/python3.8/site-packages/airflow/example_dags/example_latest_only.py
[2024-03-09T11:10:35.203+0000] {logging_mixin.py:188} INFO - [2024-03-09T11:10:35.203+0000] {dag.py:3047} INFO - Sync 1 DAGs
[2024-03-09T11:10:35.256+0000] {logging_mixin.py:188} INFO - [2024-03-09T11:10:35.255+0000] {dag.py:3834} INFO - Setting next_dagrun for latest_only to 2024-03-09 04:00:00+00:00, run_after=2024-03-09 08:00:00+00:00
[2024-03-09T11:10:35.291+0000] {processor.py:183} INFO - Processing /home/airflow/.local/lib/python3.8/site-packages/airflow/example_dags/example_latest_only.py took 0.149 seconds
[2024-03-09T11:11:06.323+0000] {processor.py:161} INFO - Started process (PID=2028) to work on /home/airflow/.local/lib/python3.8/site-packages/airflow/example_dags/example_latest_only.py
[2024-03-09T11:11:06.327+0000] {processor.py:830} INFO - Processing file /home/airflow/.local/lib/python3.8/site-packages/airflow/example_dags/example_latest_only.py for tasks to queue
[2024-03-09T11:11:06.330+0000] {logging_mixin.py:188} INFO - [2024-03-09T11:11:06.329+0000] {dagbag.py:540} INFO - Filling up the DagBag from /home/airflow/.local/lib/python3.8/site-packages/airflow/example_dags/example_latest_only.py
[2024-03-09T11:11:06.343+0000] {processor.py:840} INFO - DAG(s) 'latest_only' retrieved from /home/airflow/.local/lib/python3.8/site-packages/airflow/example_dags/example_latest_only.py
[2024-03-09T11:11:06.383+0000] {logging_mixin.py:188} INFO - [2024-03-09T11:11:06.382+0000] {dag.py:3047} INFO - Sync 1 DAGs
[2024-03-09T11:11:06.420+0000] {logging_mixin.py:188} INFO - [2024-03-09T11:11:06.419+0000] {dag.py:3834} INFO - Setting next_dagrun for latest_only to 2024-03-09 04:00:00+00:00, run_after=2024-03-09 08:00:00+00:00
[2024-03-09T11:11:06.462+0000] {processor.py:183} INFO - Processing /home/airflow/.local/lib/python3.8/site-packages/airflow/example_dags/example_latest_only.py took 0.145 seconds
[2024-03-09T11:11:36.924+0000] {processor.py:161} INFO - Started process (PID=2275) to work on /home/airflow/.local/lib/python3.8/site-packages/airflow/example_dags/example_latest_only.py
[2024-03-09T11:11:36.926+0000] {processor.py:830} INFO - Processing file /home/airflow/.local/lib/python3.8/site-packages/airflow/example_dags/example_latest_only.py for tasks to queue
[2024-03-09T11:11:36.929+0000] {logging_mixin.py:188} INFO - [2024-03-09T11:11:36.928+0000] {dagbag.py:540} INFO - Filling up the DagBag from /home/airflow/.local/lib/python3.8/site-packages/airflow/example_dags/example_latest_only.py
[2024-03-09T11:11:36.940+0000] {processor.py:840} INFO - DAG(s) 'latest_only' retrieved from /home/airflow/.local/lib/python3.8/site-packages/airflow/example_dags/example_latest_only.py
[2024-03-09T11:11:36.978+0000] {logging_mixin.py:188} INFO - [2024-03-09T11:11:36.978+0000] {dag.py:3047} INFO - Sync 1 DAGs
[2024-03-09T11:11:37.017+0000] {logging_mixin.py:188} INFO - [2024-03-09T11:11:37.017+0000] {dag.py:3834} INFO - Setting next_dagrun for latest_only to 2024-03-09 04:00:00+00:00, run_after=2024-03-09 08:00:00+00:00
[2024-03-09T11:11:37.051+0000] {processor.py:183} INFO - Processing /home/airflow/.local/lib/python3.8/site-packages/airflow/example_dags/example_latest_only.py took 0.133 seconds
[2024-03-09T11:12:07.395+0000] {processor.py:161} INFO - Started process (PID=2522) to work on /home/airflow/.local/lib/python3.8/site-packages/airflow/example_dags/example_latest_only.py
[2024-03-09T11:12:07.397+0000] {processor.py:830} INFO - Processing file /home/airflow/.local/lib/python3.8/site-packages/airflow/example_dags/example_latest_only.py for tasks to queue
[2024-03-09T11:12:07.399+0000] {logging_mixin.py:188} INFO - [2024-03-09T11:12:07.398+0000] {dagbag.py:540} INFO - Filling up the DagBag from /home/airflow/.local/lib/python3.8/site-packages/airflow/example_dags/example_latest_only.py
[2024-03-09T11:12:07.408+0000] {processor.py:840} INFO - DAG(s) 'latest_only' retrieved from /home/airflow/.local/lib/python3.8/site-packages/airflow/example_dags/example_latest_only.py
[2024-03-09T11:12:07.443+0000] {logging_mixin.py:188} INFO - [2024-03-09T11:12:07.443+0000] {dag.py:3047} INFO - Sync 1 DAGs
[2024-03-09T11:12:07.481+0000] {logging_mixin.py:188} INFO - [2024-03-09T11:12:07.480+0000] {dag.py:3834} INFO - Setting next_dagrun for latest_only to 2024-03-09 04:00:00+00:00, run_after=2024-03-09 08:00:00+00:00
[2024-03-09T11:12:07.520+0000] {processor.py:183} INFO - Processing /home/airflow/.local/lib/python3.8/site-packages/airflow/example_dags/example_latest_only.py took 0.131 seconds
[2024-03-09T11:12:37.670+0000] {processor.py:161} INFO - Started process (PID=2769) to work on /home/airflow/.local/lib/python3.8/site-packages/airflow/example_dags/example_latest_only.py
[2024-03-09T11:12:37.672+0000] {processor.py:830} INFO - Processing file /home/airflow/.local/lib/python3.8/site-packages/airflow/example_dags/example_latest_only.py for tasks to queue
[2024-03-09T11:12:37.674+0000] {logging_mixin.py:188} INFO - [2024-03-09T11:12:37.674+0000] {dagbag.py:540} INFO - Filling up the DagBag from /home/airflow/.local/lib/python3.8/site-packages/airflow/example_dags/example_latest_only.py
[2024-03-09T11:12:37.685+0000] {processor.py:840} INFO - DAG(s) 'latest_only' retrieved from /home/airflow/.local/lib/python3.8/site-packages/airflow/example_dags/example_latest_only.py
[2024-03-09T11:12:37.722+0000] {logging_mixin.py:188} INFO - [2024-03-09T11:12:37.722+0000] {dag.py:3047} INFO - Sync 1 DAGs
[2024-03-09T11:12:37.761+0000] {logging_mixin.py:188} INFO - [2024-03-09T11:12:37.760+0000] {dag.py:3834} INFO - Setting next_dagrun for latest_only to 2024-03-09 04:00:00+00:00, run_after=2024-03-09 08:00:00+00:00
[2024-03-09T11:12:37.791+0000] {processor.py:183} INFO - Processing /home/airflow/.local/lib/python3.8/site-packages/airflow/example_dags/example_latest_only.py took 0.127 seconds
[2024-03-09T11:13:08.336+0000] {processor.py:161} INFO - Started process (PID=3018) to work on /home/airflow/.local/lib/python3.8/site-packages/airflow/example_dags/example_latest_only.py
[2024-03-09T11:13:08.338+0000] {processor.py:830} INFO - Processing file /home/airflow/.local/lib/python3.8/site-packages/airflow/example_dags/example_latest_only.py for tasks to queue
[2024-03-09T11:13:08.339+0000] {logging_mixin.py:188} INFO - [2024-03-09T11:13:08.339+0000] {dagbag.py:540} INFO - Filling up the DagBag from /home/airflow/.local/lib/python3.8/site-packages/airflow/example_dags/example_latest_only.py
[2024-03-09T11:13:08.347+0000] {processor.py:840} INFO - DAG(s) 'latest_only' retrieved from /home/airflow/.local/lib/python3.8/site-packages/airflow/example_dags/example_latest_only.py
[2024-03-09T11:13:08.381+0000] {logging_mixin.py:188} INFO - [2024-03-09T11:13:08.380+0000] {dag.py:3047} INFO - Sync 1 DAGs
[2024-03-09T11:13:08.423+0000] {logging_mixin.py:188} INFO - [2024-03-09T11:13:08.423+0000] {dag.py:3834} INFO - Setting next_dagrun for latest_only to 2024-03-09 04:00:00+00:00, run_after=2024-03-09 08:00:00+00:00
[2024-03-09T11:13:08.450+0000] {processor.py:183} INFO - Processing /home/airflow/.local/lib/python3.8/site-packages/airflow/example_dags/example_latest_only.py took 0.119 seconds
[2024-03-09T11:13:45.581+0000] {processor.py:161} INFO - Started process (PID=3285) to work on /home/airflow/.local/lib/python3.8/site-packages/airflow/example_dags/example_latest_only.py
[2024-03-09T11:13:45.586+0000] {processor.py:830} INFO - Processing file /home/airflow/.local/lib/python3.8/site-packages/airflow/example_dags/example_latest_only.py for tasks to queue
[2024-03-09T11:13:45.588+0000] {logging_mixin.py:188} INFO - [2024-03-09T11:13:45.587+0000] {dagbag.py:540} INFO - Filling up the DagBag from /home/airflow/.local/lib/python3.8/site-packages/airflow/example_dags/example_latest_only.py
[2024-03-09T11:13:45.600+0000] {processor.py:840} INFO - DAG(s) 'latest_only' retrieved from /home/airflow/.local/lib/python3.8/site-packages/airflow/example_dags/example_latest_only.py
[2024-03-09T11:13:45.636+0000] {logging_mixin.py:188} INFO - [2024-03-09T11:13:45.635+0000] {dag.py:3047} INFO - Sync 1 DAGs
[2024-03-09T11:13:45.691+0000] {logging_mixin.py:188} INFO - [2024-03-09T11:13:45.690+0000] {dag.py:3834} INFO - Setting next_dagrun for latest_only to 2024-03-09 04:00:00+00:00, run_after=2024-03-09 08:00:00+00:00
[2024-03-09T11:13:45.729+0000] {processor.py:183} INFO - Processing /home/airflow/.local/lib/python3.8/site-packages/airflow/example_dags/example_latest_only.py took 0.156 seconds
[2024-03-09T11:14:16.045+0000] {processor.py:161} INFO - Started process (PID=3536) to work on /home/airflow/.local/lib/python3.8/site-packages/airflow/example_dags/example_latest_only.py
[2024-03-09T11:14:16.050+0000] {processor.py:830} INFO - Processing file /home/airflow/.local/lib/python3.8/site-packages/airflow/example_dags/example_latest_only.py for tasks to queue
[2024-03-09T11:14:16.052+0000] {logging_mixin.py:188} INFO - [2024-03-09T11:14:16.052+0000] {dagbag.py:540} INFO - Filling up the DagBag from /home/airflow/.local/lib/python3.8/site-packages/airflow/example_dags/example_latest_only.py
[2024-03-09T11:14:16.064+0000] {processor.py:840} INFO - DAG(s) 'latest_only' retrieved from /home/airflow/.local/lib/python3.8/site-packages/airflow/example_dags/example_latest_only.py
[2024-03-09T11:14:16.100+0000] {logging_mixin.py:188} INFO - [2024-03-09T11:14:16.099+0000] {dag.py:3047} INFO - Sync 1 DAGs
[2024-03-09T11:14:16.145+0000] {logging_mixin.py:188} INFO - [2024-03-09T11:14:16.144+0000] {dag.py:3834} INFO - Setting next_dagrun for latest_only to 2024-03-09 04:00:00+00:00, run_after=2024-03-09 08:00:00+00:00
[2024-03-09T11:14:16.182+0000] {processor.py:183} INFO - Processing /home/airflow/.local/lib/python3.8/site-packages/airflow/example_dags/example_latest_only.py took 0.143 seconds
[2024-03-09T11:14:46.413+0000] {processor.py:161} INFO - Started process (PID=3783) to work on /home/airflow/.local/lib/python3.8/site-packages/airflow/example_dags/example_latest_only.py
[2024-03-09T11:14:46.415+0000] {processor.py:830} INFO - Processing file /home/airflow/.local/lib/python3.8/site-packages/airflow/example_dags/example_latest_only.py for tasks to queue
[2024-03-09T11:14:46.417+0000] {logging_mixin.py:188} INFO - [2024-03-09T11:14:46.416+0000] {dagbag.py:540} INFO - Filling up the DagBag from /home/airflow/.local/lib/python3.8/site-packages/airflow/example_dags/example_latest_only.py
[2024-03-09T11:14:46.427+0000] {processor.py:840} INFO - DAG(s) 'latest_only' retrieved from /home/airflow/.local/lib/python3.8/site-packages/airflow/example_dags/example_latest_only.py
[2024-03-09T11:14:46.461+0000] {logging_mixin.py:188} INFO - [2024-03-09T11:14:46.461+0000] {dag.py:3047} INFO - Sync 1 DAGs
[2024-03-09T11:14:46.499+0000] {logging_mixin.py:188} INFO - [2024-03-09T11:14:46.499+0000] {dag.py:3834} INFO - Setting next_dagrun for latest_only to 2024-03-09 04:00:00+00:00, run_after=2024-03-09 08:00:00+00:00
[2024-03-09T11:14:46.532+0000] {processor.py:183} INFO - Processing /home/airflow/.local/lib/python3.8/site-packages/airflow/example_dags/example_latest_only.py took 0.125 seconds
[2024-03-09T11:15:16.791+0000] {processor.py:161} INFO - Started process (PID=4030) to work on /home/airflow/.local/lib/python3.8/site-packages/airflow/example_dags/example_latest_only.py
[2024-03-09T11:15:16.793+0000] {processor.py:830} INFO - Processing file /home/airflow/.local/lib/python3.8/site-packages/airflow/example_dags/example_latest_only.py for tasks to queue
[2024-03-09T11:15:16.795+0000] {logging_mixin.py:188} INFO - [2024-03-09T11:15:16.794+0000] {dagbag.py:540} INFO - Filling up the DagBag from /home/airflow/.local/lib/python3.8/site-packages/airflow/example_dags/example_latest_only.py
[2024-03-09T11:15:16.807+0000] {processor.py:840} INFO - DAG(s) 'latest_only' retrieved from /home/airflow/.local/lib/python3.8/site-packages/airflow/example_dags/example_latest_only.py
[2024-03-09T11:15:16.849+0000] {logging_mixin.py:188} INFO - [2024-03-09T11:15:16.848+0000] {dag.py:3047} INFO - Sync 1 DAGs
[2024-03-09T11:15:16.913+0000] {logging_mixin.py:188} INFO - [2024-03-09T11:15:16.912+0000] {dag.py:3834} INFO - Setting next_dagrun for latest_only to 2024-03-09 04:00:00+00:00, run_after=2024-03-09 08:00:00+00:00
[2024-03-09T11:15:16.964+0000] {processor.py:183} INFO - Processing /home/airflow/.local/lib/python3.8/site-packages/airflow/example_dags/example_latest_only.py took 0.179 seconds
[2024-03-09T11:15:47.381+0000] {processor.py:161} INFO - Started process (PID=4275) to work on /home/airflow/.local/lib/python3.8/site-packages/airflow/example_dags/example_latest_only.py
[2024-03-09T11:15:47.384+0000] {processor.py:830} INFO - Processing file /home/airflow/.local/lib/python3.8/site-packages/airflow/example_dags/example_latest_only.py for tasks to queue
[2024-03-09T11:15:47.387+0000] {logging_mixin.py:188} INFO - [2024-03-09T11:15:47.386+0000] {dagbag.py:540} INFO - Filling up the DagBag from /home/airflow/.local/lib/python3.8/site-packages/airflow/example_dags/example_latest_only.py
[2024-03-09T11:15:47.402+0000] {processor.py:840} INFO - DAG(s) 'latest_only' retrieved from /home/airflow/.local/lib/python3.8/site-packages/airflow/example_dags/example_latest_only.py
[2024-03-09T11:15:47.449+0000] {logging_mixin.py:188} INFO - [2024-03-09T11:15:47.448+0000] {dag.py:3047} INFO - Sync 1 DAGs
[2024-03-09T11:15:47.516+0000] {logging_mixin.py:188} INFO - [2024-03-09T11:15:47.515+0000] {dag.py:3834} INFO - Setting next_dagrun for latest_only to 2024-03-09 04:00:00+00:00, run_after=2024-03-09 08:00:00+00:00
[2024-03-09T11:15:47.556+0000] {processor.py:183} INFO - Processing /home/airflow/.local/lib/python3.8/site-packages/airflow/example_dags/example_latest_only.py took 0.184 seconds
[2024-03-09T11:16:17.796+0000] {processor.py:161} INFO - Started process (PID=4522) to work on /home/airflow/.local/lib/python3.8/site-packages/airflow/example_dags/example_latest_only.py
[2024-03-09T11:16:17.798+0000] {processor.py:830} INFO - Processing file /home/airflow/.local/lib/python3.8/site-packages/airflow/example_dags/example_latest_only.py for tasks to queue
[2024-03-09T11:16:17.800+0000] {logging_mixin.py:188} INFO - [2024-03-09T11:16:17.799+0000] {dagbag.py:540} INFO - Filling up the DagBag from /home/airflow/.local/lib/python3.8/site-packages/airflow/example_dags/example_latest_only.py
[2024-03-09T11:16:17.809+0000] {processor.py:840} INFO - DAG(s) 'latest_only' retrieved from /home/airflow/.local/lib/python3.8/site-packages/airflow/example_dags/example_latest_only.py
[2024-03-09T11:16:17.844+0000] {logging_mixin.py:188} INFO - [2024-03-09T11:16:17.843+0000] {dag.py:3047} INFO - Sync 1 DAGs
[2024-03-09T11:16:17.880+0000] {logging_mixin.py:188} INFO - [2024-03-09T11:16:17.879+0000] {dag.py:3834} INFO - Setting next_dagrun for latest_only to 2024-03-09 04:00:00+00:00, run_after=2024-03-09 08:00:00+00:00
[2024-03-09T11:16:17.913+0000] {processor.py:183} INFO - Processing /home/airflow/.local/lib/python3.8/site-packages/airflow/example_dags/example_latest_only.py took 0.122 seconds
[2024-03-09T11:16:48.997+0000] {processor.py:161} INFO - Started process (PID=4769) to work on /home/airflow/.local/lib/python3.8/site-packages/airflow/example_dags/example_latest_only.py
[2024-03-09T11:16:48.999+0000] {processor.py:830} INFO - Processing file /home/airflow/.local/lib/python3.8/site-packages/airflow/example_dags/example_latest_only.py for tasks to queue
[2024-03-09T11:16:49.001+0000] {logging_mixin.py:188} INFO - [2024-03-09T11:16:49.000+0000] {dagbag.py:540} INFO - Filling up the DagBag from /home/airflow/.local/lib/python3.8/site-packages/airflow/example_dags/example_latest_only.py
[2024-03-09T11:16:49.010+0000] {processor.py:840} INFO - DAG(s) 'latest_only' retrieved from /home/airflow/.local/lib/python3.8/site-packages/airflow/example_dags/example_latest_only.py
[2024-03-09T11:16:49.043+0000] {logging_mixin.py:188} INFO - [2024-03-09T11:16:49.043+0000] {dag.py:3047} INFO - Sync 1 DAGs
[2024-03-09T11:16:49.076+0000] {logging_mixin.py:188} INFO - [2024-03-09T11:16:49.076+0000] {dag.py:3834} INFO - Setting next_dagrun for latest_only to 2024-03-09 04:00:00+00:00, run_after=2024-03-09 08:00:00+00:00
[2024-03-09T11:16:49.110+0000] {processor.py:183} INFO - Processing /home/airflow/.local/lib/python3.8/site-packages/airflow/example_dags/example_latest_only.py took 0.118 seconds
[2024-03-09T11:17:19.636+0000] {processor.py:161} INFO - Started process (PID=5016) to work on /home/airflow/.local/lib/python3.8/site-packages/airflow/example_dags/example_latest_only.py
[2024-03-09T11:17:19.638+0000] {processor.py:830} INFO - Processing file /home/airflow/.local/lib/python3.8/site-packages/airflow/example_dags/example_latest_only.py for tasks to queue
[2024-03-09T11:17:19.640+0000] {logging_mixin.py:188} INFO - [2024-03-09T11:17:19.639+0000] {dagbag.py:540} INFO - Filling up the DagBag from /home/airflow/.local/lib/python3.8/site-packages/airflow/example_dags/example_latest_only.py
[2024-03-09T11:17:19.649+0000] {processor.py:840} INFO - DAG(s) 'latest_only' retrieved from /home/airflow/.local/lib/python3.8/site-packages/airflow/example_dags/example_latest_only.py
[2024-03-09T11:17:19.678+0000] {logging_mixin.py:188} INFO - [2024-03-09T11:17:19.678+0000] {dag.py:3047} INFO - Sync 1 DAGs
[2024-03-09T11:17:19.709+0000] {logging_mixin.py:188} INFO - [2024-03-09T11:17:19.709+0000] {dag.py:3834} INFO - Setting next_dagrun for latest_only to 2024-03-09 04:00:00+00:00, run_after=2024-03-09 08:00:00+00:00
[2024-03-09T11:17:19.747+0000] {processor.py:183} INFO - Processing /home/airflow/.local/lib/python3.8/site-packages/airflow/example_dags/example_latest_only.py took 0.116 seconds
[2024-03-09T11:17:50.107+0000] {processor.py:161} INFO - Started process (PID=5263) to work on /home/airflow/.local/lib/python3.8/site-packages/airflow/example_dags/example_latest_only.py
[2024-03-09T11:17:50.109+0000] {processor.py:830} INFO - Processing file /home/airflow/.local/lib/python3.8/site-packages/airflow/example_dags/example_latest_only.py for tasks to queue
[2024-03-09T11:17:50.112+0000] {logging_mixin.py:188} INFO - [2024-03-09T11:17:50.111+0000] {dagbag.py:540} INFO - Filling up the DagBag from /home/airflow/.local/lib/python3.8/site-packages/airflow/example_dags/example_latest_only.py
[2024-03-09T11:17:50.121+0000] {processor.py:840} INFO - DAG(s) 'latest_only' retrieved from /home/airflow/.local/lib/python3.8/site-packages/airflow/example_dags/example_latest_only.py
[2024-03-09T11:17:50.154+0000] {logging_mixin.py:188} INFO - [2024-03-09T11:17:50.153+0000] {dag.py:3047} INFO - Sync 1 DAGs
[2024-03-09T11:17:50.196+0000] {logging_mixin.py:188} INFO - [2024-03-09T11:17:50.195+0000] {dag.py:3834} INFO - Setting next_dagrun for latest_only to 2024-03-09 04:00:00+00:00, run_after=2024-03-09 08:00:00+00:00
[2024-03-09T11:17:50.226+0000] {processor.py:183} INFO - Processing /home/airflow/.local/lib/python3.8/site-packages/airflow/example_dags/example_latest_only.py took 0.124 seconds
[2024-03-09T11:18:20.437+0000] {processor.py:161} INFO - Started process (PID=5510) to work on /home/airflow/.local/lib/python3.8/site-packages/airflow/example_dags/example_latest_only.py
[2024-03-09T11:18:20.439+0000] {processor.py:830} INFO - Processing file /home/airflow/.local/lib/python3.8/site-packages/airflow/example_dags/example_latest_only.py for tasks to queue
[2024-03-09T11:18:20.441+0000] {logging_mixin.py:188} INFO - [2024-03-09T11:18:20.440+0000] {dagbag.py:540} INFO - Filling up the DagBag from /home/airflow/.local/lib/python3.8/site-packages/airflow/example_dags/example_latest_only.py
[2024-03-09T11:18:20.452+0000] {processor.py:840} INFO - DAG(s) 'latest_only' retrieved from /home/airflow/.local/lib/python3.8/site-packages/airflow/example_dags/example_latest_only.py
[2024-03-09T11:18:20.485+0000] {logging_mixin.py:188} INFO - [2024-03-09T11:18:20.485+0000] {dag.py:3047} INFO - Sync 1 DAGs
[2024-03-09T11:18:20.522+0000] {logging_mixin.py:188} INFO - [2024-03-09T11:18:20.521+0000] {dag.py:3834} INFO - Setting next_dagrun for latest_only to 2024-03-09 04:00:00+00:00, run_after=2024-03-09 08:00:00+00:00
[2024-03-09T11:18:20.558+0000] {processor.py:183} INFO - Processing /home/airflow/.local/lib/python3.8/site-packages/airflow/example_dags/example_latest_only.py took 0.127 seconds
[2024-03-09T11:18:50.992+0000] {processor.py:161} INFO - Started process (PID=5759) to work on /home/airflow/.local/lib/python3.8/site-packages/airflow/example_dags/example_latest_only.py
[2024-03-09T11:18:50.994+0000] {processor.py:830} INFO - Processing file /home/airflow/.local/lib/python3.8/site-packages/airflow/example_dags/example_latest_only.py for tasks to queue
[2024-03-09T11:18:50.996+0000] {logging_mixin.py:188} INFO - [2024-03-09T11:18:50.996+0000] {dagbag.py:540} INFO - Filling up the DagBag from /home/airflow/.local/lib/python3.8/site-packages/airflow/example_dags/example_latest_only.py
[2024-03-09T11:18:51.005+0000] {processor.py:840} INFO - DAG(s) 'latest_only' retrieved from /home/airflow/.local/lib/python3.8/site-packages/airflow/example_dags/example_latest_only.py
[2024-03-09T11:18:51.038+0000] {logging_mixin.py:188} INFO - [2024-03-09T11:18:51.037+0000] {dag.py:3047} INFO - Sync 1 DAGs
[2024-03-09T11:18:51.071+0000] {logging_mixin.py:188} INFO - [2024-03-09T11:18:51.071+0000] {dag.py:3834} INFO - Setting next_dagrun for latest_only to 2024-03-09 04:00:00+00:00, run_after=2024-03-09 08:00:00+00:00
[2024-03-09T11:18:51.104+0000] {processor.py:183} INFO - Processing /home/airflow/.local/lib/python3.8/site-packages/airflow/example_dags/example_latest_only.py took 0.117 seconds
[2024-03-09T11:19:21.205+0000] {processor.py:161} INFO - Started process (PID=6004) to work on /home/airflow/.local/lib/python3.8/site-packages/airflow/example_dags/example_latest_only.py
[2024-03-09T11:19:21.207+0000] {processor.py:830} INFO - Processing file /home/airflow/.local/lib/python3.8/site-packages/airflow/example_dags/example_latest_only.py for tasks to queue
[2024-03-09T11:19:21.209+0000] {logging_mixin.py:188} INFO - [2024-03-09T11:19:21.208+0000] {dagbag.py:540} INFO - Filling up the DagBag from /home/airflow/.local/lib/python3.8/site-packages/airflow/example_dags/example_latest_only.py
[2024-03-09T11:19:21.217+0000] {processor.py:840} INFO - DAG(s) 'latest_only' retrieved from /home/airflow/.local/lib/python3.8/site-packages/airflow/example_dags/example_latest_only.py
[2024-03-09T11:19:21.248+0000] {logging_mixin.py:188} INFO - [2024-03-09T11:19:21.248+0000] {dag.py:3047} INFO - Sync 1 DAGs
[2024-03-09T11:19:21.285+0000] {logging_mixin.py:188} INFO - [2024-03-09T11:19:21.285+0000] {dag.py:3834} INFO - Setting next_dagrun for latest_only to 2024-03-09 04:00:00+00:00, run_after=2024-03-09 08:00:00+00:00
[2024-03-09T11:19:21.322+0000] {processor.py:183} INFO - Processing /home/airflow/.local/lib/python3.8/site-packages/airflow/example_dags/example_latest_only.py took 0.121 seconds
[2024-03-09T11:19:51.992+0000] {processor.py:161} INFO - Started process (PID=6251) to work on /home/airflow/.local/lib/python3.8/site-packages/airflow/example_dags/example_latest_only.py
[2024-03-09T11:19:51.994+0000] {processor.py:830} INFO - Processing file /home/airflow/.local/lib/python3.8/site-packages/airflow/example_dags/example_latest_only.py for tasks to queue
[2024-03-09T11:19:51.996+0000] {logging_mixin.py:188} INFO - [2024-03-09T11:19:51.995+0000] {dagbag.py:540} INFO - Filling up the DagBag from /home/airflow/.local/lib/python3.8/site-packages/airflow/example_dags/example_latest_only.py
[2024-03-09T11:19:52.004+0000] {processor.py:840} INFO - DAG(s) 'latest_only' retrieved from /home/airflow/.local/lib/python3.8/site-packages/airflow/example_dags/example_latest_only.py
[2024-03-09T11:19:52.037+0000] {logging_mixin.py:188} INFO - [2024-03-09T11:19:52.037+0000] {dag.py:3047} INFO - Sync 1 DAGs
[2024-03-09T11:19:52.077+0000] {logging_mixin.py:188} INFO - [2024-03-09T11:19:52.077+0000] {dag.py:3834} INFO - Setting next_dagrun for latest_only to 2024-03-09 04:00:00+00:00, run_after=2024-03-09 08:00:00+00:00
[2024-03-09T11:19:52.112+0000] {processor.py:183} INFO - Processing /home/airflow/.local/lib/python3.8/site-packages/airflow/example_dags/example_latest_only.py took 0.126 seconds
[2024-03-09T11:20:22.825+0000] {processor.py:161} INFO - Started process (PID=6498) to work on /home/airflow/.local/lib/python3.8/site-packages/airflow/example_dags/example_latest_only.py
[2024-03-09T11:20:22.827+0000] {processor.py:830} INFO - Processing file /home/airflow/.local/lib/python3.8/site-packages/airflow/example_dags/example_latest_only.py for tasks to queue
[2024-03-09T11:20:22.830+0000] {logging_mixin.py:188} INFO - [2024-03-09T11:20:22.829+0000] {dagbag.py:540} INFO - Filling up the DagBag from /home/airflow/.local/lib/python3.8/site-packages/airflow/example_dags/example_latest_only.py
[2024-03-09T11:20:22.839+0000] {processor.py:840} INFO - DAG(s) 'latest_only' retrieved from /home/airflow/.local/lib/python3.8/site-packages/airflow/example_dags/example_latest_only.py
[2024-03-09T11:20:22.869+0000] {logging_mixin.py:188} INFO - [2024-03-09T11:20:22.869+0000] {dag.py:3047} INFO - Sync 1 DAGs
[2024-03-09T11:20:22.903+0000] {logging_mixin.py:188} INFO - [2024-03-09T11:20:22.902+0000] {dag.py:3834} INFO - Setting next_dagrun for latest_only to 2024-03-09 04:00:00+00:00, run_after=2024-03-09 08:00:00+00:00
[2024-03-09T11:20:22.930+0000] {processor.py:183} INFO - Processing /home/airflow/.local/lib/python3.8/site-packages/airflow/example_dags/example_latest_only.py took 0.110 seconds
[2024-03-09T11:20:53.113+0000] {processor.py:161} INFO - Started process (PID=6745) to work on /home/airflow/.local/lib/python3.8/site-packages/airflow/example_dags/example_latest_only.py
[2024-03-09T11:20:53.115+0000] {processor.py:830} INFO - Processing file /home/airflow/.local/lib/python3.8/site-packages/airflow/example_dags/example_latest_only.py for tasks to queue
[2024-03-09T11:20:53.117+0000] {logging_mixin.py:188} INFO - [2024-03-09T11:20:53.116+0000] {dagbag.py:540} INFO - Filling up the DagBag from /home/airflow/.local/lib/python3.8/site-packages/airflow/example_dags/example_latest_only.py
[2024-03-09T11:20:53.127+0000] {processor.py:840} INFO - DAG(s) 'latest_only' retrieved from /home/airflow/.local/lib/python3.8/site-packages/airflow/example_dags/example_latest_only.py
[2024-03-09T11:20:53.158+0000] {logging_mixin.py:188} INFO - [2024-03-09T11:20:53.157+0000] {dag.py:3047} INFO - Sync 1 DAGs
[2024-03-09T11:20:53.233+0000] {logging_mixin.py:188} INFO - [2024-03-09T11:20:53.233+0000] {dag.py:3834} INFO - Setting next_dagrun for latest_only to 2024-03-09 04:00:00+00:00, run_after=2024-03-09 08:00:00+00:00
[2024-03-09T11:20:53.265+0000] {processor.py:183} INFO - Processing /home/airflow/.local/lib/python3.8/site-packages/airflow/example_dags/example_latest_only.py took 0.157 seconds
[2024-03-09T11:21:24.235+0000] {processor.py:161} INFO - Started process (PID=6992) to work on /home/airflow/.local/lib/python3.8/site-packages/airflow/example_dags/example_latest_only.py
[2024-03-09T11:21:24.237+0000] {processor.py:830} INFO - Processing file /home/airflow/.local/lib/python3.8/site-packages/airflow/example_dags/example_latest_only.py for tasks to queue
[2024-03-09T11:21:24.239+0000] {logging_mixin.py:188} INFO - [2024-03-09T11:21:24.238+0000] {dagbag.py:540} INFO - Filling up the DagBag from /home/airflow/.local/lib/python3.8/site-packages/airflow/example_dags/example_latest_only.py
[2024-03-09T11:21:24.249+0000] {processor.py:840} INFO - DAG(s) 'latest_only' retrieved from /home/airflow/.local/lib/python3.8/site-packages/airflow/example_dags/example_latest_only.py
[2024-03-09T11:21:24.282+0000] {logging_mixin.py:188} INFO - [2024-03-09T11:21:24.281+0000] {dag.py:3047} INFO - Sync 1 DAGs
[2024-03-09T11:21:24.315+0000] {logging_mixin.py:188} INFO - [2024-03-09T11:21:24.315+0000] {dag.py:3834} INFO - Setting next_dagrun for latest_only to 2024-03-09 04:00:00+00:00, run_after=2024-03-09 08:00:00+00:00
[2024-03-09T11:21:24.346+0000] {processor.py:183} INFO - Processing /home/airflow/.local/lib/python3.8/site-packages/airflow/example_dags/example_latest_only.py took 0.116 seconds
[2024-03-09T13:38:18.831+0000] {processor.py:161} INFO - Started process (PID=7229) to work on /home/airflow/.local/lib/python3.8/site-packages/airflow/example_dags/example_latest_only.py
[2024-03-09T13:38:18.833+0000] {processor.py:830} INFO - Processing file /home/airflow/.local/lib/python3.8/site-packages/airflow/example_dags/example_latest_only.py for tasks to queue
[2024-03-09T13:38:18.835+0000] {logging_mixin.py:188} INFO - [2024-03-09T13:38:18.835+0000] {dagbag.py:540} INFO - Filling up the DagBag from /home/airflow/.local/lib/python3.8/site-packages/airflow/example_dags/example_latest_only.py
[2024-03-09T13:38:18.846+0000] {processor.py:840} INFO - DAG(s) 'latest_only' retrieved from /home/airflow/.local/lib/python3.8/site-packages/airflow/example_dags/example_latest_only.py
[2024-03-09T13:38:18.886+0000] {logging_mixin.py:188} INFO - [2024-03-09T13:38:18.885+0000] {dag.py:3047} INFO - Sync 1 DAGs
[2024-03-09T13:38:18.937+0000] {logging_mixin.py:188} INFO - [2024-03-09T13:38:18.937+0000] {dag.py:3834} INFO - Setting next_dagrun for latest_only to 2024-03-09 08:00:00+00:00, run_after=2024-03-09 12:00:00+00:00
[2024-03-09T13:38:18.988+0000] {processor.py:183} INFO - Processing /home/airflow/.local/lib/python3.8/site-packages/airflow/example_dags/example_latest_only.py took 0.165 seconds
[2024-03-09T13:38:49.321+0000] {processor.py:161} INFO - Started process (PID=7476) to work on /home/airflow/.local/lib/python3.8/site-packages/airflow/example_dags/example_latest_only.py
[2024-03-09T13:38:49.323+0000] {processor.py:830} INFO - Processing file /home/airflow/.local/lib/python3.8/site-packages/airflow/example_dags/example_latest_only.py for tasks to queue
[2024-03-09T13:38:49.325+0000] {logging_mixin.py:188} INFO - [2024-03-09T13:38:49.324+0000] {dagbag.py:540} INFO - Filling up the DagBag from /home/airflow/.local/lib/python3.8/site-packages/airflow/example_dags/example_latest_only.py
[2024-03-09T13:38:49.334+0000] {processor.py:840} INFO - DAG(s) 'latest_only' retrieved from /home/airflow/.local/lib/python3.8/site-packages/airflow/example_dags/example_latest_only.py
[2024-03-09T13:38:49.374+0000] {logging_mixin.py:188} INFO - [2024-03-09T13:38:49.374+0000] {dag.py:3047} INFO - Sync 1 DAGs
[2024-03-09T13:38:49.424+0000] {logging_mixin.py:188} INFO - [2024-03-09T13:38:49.423+0000] {dag.py:3834} INFO - Setting next_dagrun for latest_only to 2024-03-09 08:00:00+00:00, run_after=2024-03-09 12:00:00+00:00
[2024-03-09T13:38:49.463+0000] {processor.py:183} INFO - Processing /home/airflow/.local/lib/python3.8/site-packages/airflow/example_dags/example_latest_only.py took 0.148 seconds
[2024-03-09T13:39:20.721+0000] {processor.py:161} INFO - Started process (PID=7723) to work on /home/airflow/.local/lib/python3.8/site-packages/airflow/example_dags/example_latest_only.py
[2024-03-09T13:39:20.725+0000] {processor.py:830} INFO - Processing file /home/airflow/.local/lib/python3.8/site-packages/airflow/example_dags/example_latest_only.py for tasks to queue
[2024-03-09T13:39:20.729+0000] {logging_mixin.py:188} INFO - [2024-03-09T13:39:20.728+0000] {dagbag.py:540} INFO - Filling up the DagBag from /home/airflow/.local/lib/python3.8/site-packages/airflow/example_dags/example_latest_only.py
[2024-03-09T13:39:20.750+0000] {processor.py:840} INFO - DAG(s) 'latest_only' retrieved from /home/airflow/.local/lib/python3.8/site-packages/airflow/example_dags/example_latest_only.py
[2024-03-09T13:39:20.860+0000] {logging_mixin.py:188} INFO - [2024-03-09T13:39:20.859+0000] {dag.py:3047} INFO - Sync 1 DAGs
[2024-03-09T13:39:20.992+0000] {logging_mixin.py:188} INFO - [2024-03-09T13:39:20.992+0000] {dag.py:3834} INFO - Setting next_dagrun for latest_only to 2024-03-09 08:00:00+00:00, run_after=2024-03-09 12:00:00+00:00
[2024-03-09T13:39:21.091+0000] {processor.py:183} INFO - Processing /home/airflow/.local/lib/python3.8/site-packages/airflow/example_dags/example_latest_only.py took 0.377 seconds
[2024-03-09T13:39:51.927+0000] {processor.py:161} INFO - Started process (PID=7972) to work on /home/airflow/.local/lib/python3.8/site-packages/airflow/example_dags/example_latest_only.py
[2024-03-09T13:39:51.928+0000] {processor.py:830} INFO - Processing file /home/airflow/.local/lib/python3.8/site-packages/airflow/example_dags/example_latest_only.py for tasks to queue
[2024-03-09T13:39:51.930+0000] {logging_mixin.py:188} INFO - [2024-03-09T13:39:51.929+0000] {dagbag.py:540} INFO - Filling up the DagBag from /home/airflow/.local/lib/python3.8/site-packages/airflow/example_dags/example_latest_only.py
[2024-03-09T13:39:51.943+0000] {processor.py:840} INFO - DAG(s) 'latest_only' retrieved from /home/airflow/.local/lib/python3.8/site-packages/airflow/example_dags/example_latest_only.py
[2024-03-09T13:39:51.979+0000] {logging_mixin.py:188} INFO - [2024-03-09T13:39:51.979+0000] {dag.py:3047} INFO - Sync 1 DAGs
[2024-03-09T13:39:52.020+0000] {logging_mixin.py:188} INFO - [2024-03-09T13:39:52.019+0000] {dag.py:3834} INFO - Setting next_dagrun for latest_only to 2024-03-09 08:00:00+00:00, run_after=2024-03-09 12:00:00+00:00
[2024-03-09T13:39:52.056+0000] {processor.py:183} INFO - Processing /home/airflow/.local/lib/python3.8/site-packages/airflow/example_dags/example_latest_only.py took 0.137 seconds
[2024-03-09T13:40:22.388+0000] {processor.py:161} INFO - Started process (PID=8219) to work on /home/airflow/.local/lib/python3.8/site-packages/airflow/example_dags/example_latest_only.py
[2024-03-09T13:40:22.390+0000] {processor.py:830} INFO - Processing file /home/airflow/.local/lib/python3.8/site-packages/airflow/example_dags/example_latest_only.py for tasks to queue
[2024-03-09T13:40:22.392+0000] {logging_mixin.py:188} INFO - [2024-03-09T13:40:22.392+0000] {dagbag.py:540} INFO - Filling up the DagBag from /home/airflow/.local/lib/python3.8/site-packages/airflow/example_dags/example_latest_only.py
[2024-03-09T13:40:22.403+0000] {processor.py:840} INFO - DAG(s) 'latest_only' retrieved from /home/airflow/.local/lib/python3.8/site-packages/airflow/example_dags/example_latest_only.py
[2024-03-09T13:40:22.439+0000] {logging_mixin.py:188} INFO - [2024-03-09T13:40:22.438+0000] {dag.py:3047} INFO - Sync 1 DAGs
[2024-03-09T13:40:22.477+0000] {logging_mixin.py:188} INFO - [2024-03-09T13:40:22.477+0000] {dag.py:3834} INFO - Setting next_dagrun for latest_only to 2024-03-09 08:00:00+00:00, run_after=2024-03-09 12:00:00+00:00
[2024-03-09T13:40:22.508+0000] {processor.py:183} INFO - Processing /home/airflow/.local/lib/python3.8/site-packages/airflow/example_dags/example_latest_only.py took 0.126 seconds
[2024-03-09T13:40:52.848+0000] {processor.py:161} INFO - Started process (PID=8466) to work on /home/airflow/.local/lib/python3.8/site-packages/airflow/example_dags/example_latest_only.py
[2024-03-09T13:40:52.850+0000] {processor.py:830} INFO - Processing file /home/airflow/.local/lib/python3.8/site-packages/airflow/example_dags/example_latest_only.py for tasks to queue
[2024-03-09T13:40:52.851+0000] {logging_mixin.py:188} INFO - [2024-03-09T13:40:52.851+0000] {dagbag.py:540} INFO - Filling up the DagBag from /home/airflow/.local/lib/python3.8/site-packages/airflow/example_dags/example_latest_only.py
[2024-03-09T13:40:52.859+0000] {processor.py:840} INFO - DAG(s) 'latest_only' retrieved from /home/airflow/.local/lib/python3.8/site-packages/airflow/example_dags/example_latest_only.py
[2024-03-09T13:40:52.892+0000] {logging_mixin.py:188} INFO - [2024-03-09T13:40:52.892+0000] {dag.py:3047} INFO - Sync 1 DAGs
[2024-03-09T13:40:52.927+0000] {logging_mixin.py:188} INFO - [2024-03-09T13:40:52.927+0000] {dag.py:3834} INFO - Setting next_dagrun for latest_only to 2024-03-09 08:00:00+00:00, run_after=2024-03-09 12:00:00+00:00
[2024-03-09T13:40:52.958+0000] {processor.py:183} INFO - Processing /home/airflow/.local/lib/python3.8/site-packages/airflow/example_dags/example_latest_only.py took 0.116 seconds
[2024-03-09T13:41:23.429+0000] {processor.py:161} INFO - Started process (PID=8713) to work on /home/airflow/.local/lib/python3.8/site-packages/airflow/example_dags/example_latest_only.py
[2024-03-09T13:41:23.431+0000] {processor.py:830} INFO - Processing file /home/airflow/.local/lib/python3.8/site-packages/airflow/example_dags/example_latest_only.py for tasks to queue
[2024-03-09T13:41:23.433+0000] {logging_mixin.py:188} INFO - [2024-03-09T13:41:23.433+0000] {dagbag.py:540} INFO - Filling up the DagBag from /home/airflow/.local/lib/python3.8/site-packages/airflow/example_dags/example_latest_only.py
[2024-03-09T13:41:23.441+0000] {processor.py:840} INFO - DAG(s) 'latest_only' retrieved from /home/airflow/.local/lib/python3.8/site-packages/airflow/example_dags/example_latest_only.py
[2024-03-09T13:41:23.472+0000] {logging_mixin.py:188} INFO - [2024-03-09T13:41:23.472+0000] {dag.py:3047} INFO - Sync 1 DAGs
[2024-03-09T13:41:23.507+0000] {logging_mixin.py:188} INFO - [2024-03-09T13:41:23.507+0000] {dag.py:3834} INFO - Setting next_dagrun for latest_only to 2024-03-09 08:00:00+00:00, run_after=2024-03-09 12:00:00+00:00
[2024-03-09T13:41:23.544+0000] {processor.py:183} INFO - Processing /home/airflow/.local/lib/python3.8/site-packages/airflow/example_dags/example_latest_only.py took 0.122 seconds
[2024-03-09T13:41:53.889+0000] {processor.py:161} INFO - Started process (PID=8960) to work on /home/airflow/.local/lib/python3.8/site-packages/airflow/example_dags/example_latest_only.py
[2024-03-09T13:41:53.892+0000] {processor.py:830} INFO - Processing file /home/airflow/.local/lib/python3.8/site-packages/airflow/example_dags/example_latest_only.py for tasks to queue
[2024-03-09T13:41:53.894+0000] {logging_mixin.py:188} INFO - [2024-03-09T13:41:53.894+0000] {dagbag.py:540} INFO - Filling up the DagBag from /home/airflow/.local/lib/python3.8/site-packages/airflow/example_dags/example_latest_only.py
[2024-03-09T13:41:53.907+0000] {processor.py:840} INFO - DAG(s) 'latest_only' retrieved from /home/airflow/.local/lib/python3.8/site-packages/airflow/example_dags/example_latest_only.py
[2024-03-09T13:41:53.948+0000] {logging_mixin.py:188} INFO - [2024-03-09T13:41:53.947+0000] {dag.py:3047} INFO - Sync 1 DAGs
[2024-03-09T13:41:53.988+0000] {logging_mixin.py:188} INFO - [2024-03-09T13:41:53.987+0000] {dag.py:3834} INFO - Setting next_dagrun for latest_only to 2024-03-09 08:00:00+00:00, run_after=2024-03-09 12:00:00+00:00
[2024-03-09T13:41:54.022+0000] {processor.py:183} INFO - Processing /home/airflow/.local/lib/python3.8/site-packages/airflow/example_dags/example_latest_only.py took 0.139 seconds
[2024-03-09T13:42:24.251+0000] {processor.py:161} INFO - Started process (PID=9207) to work on /home/airflow/.local/lib/python3.8/site-packages/airflow/example_dags/example_latest_only.py
[2024-03-09T13:42:24.253+0000] {processor.py:830} INFO - Processing file /home/airflow/.local/lib/python3.8/site-packages/airflow/example_dags/example_latest_only.py for tasks to queue
[2024-03-09T13:42:24.255+0000] {logging_mixin.py:188} INFO - [2024-03-09T13:42:24.254+0000] {dagbag.py:540} INFO - Filling up the DagBag from /home/airflow/.local/lib/python3.8/site-packages/airflow/example_dags/example_latest_only.py
[2024-03-09T13:42:24.265+0000] {processor.py:840} INFO - DAG(s) 'latest_only' retrieved from /home/airflow/.local/lib/python3.8/site-packages/airflow/example_dags/example_latest_only.py
[2024-03-09T13:42:24.297+0000] {logging_mixin.py:188} INFO - [2024-03-09T13:42:24.297+0000] {dag.py:3047} INFO - Sync 1 DAGs
[2024-03-09T13:42:24.332+0000] {logging_mixin.py:188} INFO - [2024-03-09T13:42:24.332+0000] {dag.py:3834} INFO - Setting next_dagrun for latest_only to 2024-03-09 08:00:00+00:00, run_after=2024-03-09 12:00:00+00:00
[2024-03-09T13:42:24.367+0000] {processor.py:183} INFO - Processing /home/airflow/.local/lib/python3.8/site-packages/airflow/example_dags/example_latest_only.py took 0.124 seconds
[2024-03-09T13:42:54.569+0000] {processor.py:161} INFO - Started process (PID=9454) to work on /home/airflow/.local/lib/python3.8/site-packages/airflow/example_dags/example_latest_only.py
[2024-03-09T13:42:54.571+0000] {processor.py:830} INFO - Processing file /home/airflow/.local/lib/python3.8/site-packages/airflow/example_dags/example_latest_only.py for tasks to queue
[2024-03-09T13:42:54.573+0000] {logging_mixin.py:188} INFO - [2024-03-09T13:42:54.573+0000] {dagbag.py:540} INFO - Filling up the DagBag from /home/airflow/.local/lib/python3.8/site-packages/airflow/example_dags/example_latest_only.py
[2024-03-09T13:42:54.582+0000] {processor.py:840} INFO - DAG(s) 'latest_only' retrieved from /home/airflow/.local/lib/python3.8/site-packages/airflow/example_dags/example_latest_only.py
[2024-03-09T13:42:54.619+0000] {logging_mixin.py:188} INFO - [2024-03-09T13:42:54.619+0000] {dag.py:3047} INFO - Sync 1 DAGs
[2024-03-09T13:42:54.657+0000] {logging_mixin.py:188} INFO - [2024-03-09T13:42:54.657+0000] {dag.py:3834} INFO - Setting next_dagrun for latest_only to 2024-03-09 08:00:00+00:00, run_after=2024-03-09 12:00:00+00:00
[2024-03-09T13:42:54.691+0000] {processor.py:183} INFO - Processing /home/airflow/.local/lib/python3.8/site-packages/airflow/example_dags/example_latest_only.py took 0.128 seconds
[2024-03-09T13:43:25.094+0000] {processor.py:161} INFO - Started process (PID=9701) to work on /home/airflow/.local/lib/python3.8/site-packages/airflow/example_dags/example_latest_only.py
[2024-03-09T13:43:25.097+0000] {processor.py:830} INFO - Processing file /home/airflow/.local/lib/python3.8/site-packages/airflow/example_dags/example_latest_only.py for tasks to queue
[2024-03-09T13:43:25.099+0000] {logging_mixin.py:188} INFO - [2024-03-09T13:43:25.098+0000] {dagbag.py:540} INFO - Filling up the DagBag from /home/airflow/.local/lib/python3.8/site-packages/airflow/example_dags/example_latest_only.py
[2024-03-09T13:43:25.112+0000] {processor.py:840} INFO - DAG(s) 'latest_only' retrieved from /home/airflow/.local/lib/python3.8/site-packages/airflow/example_dags/example_latest_only.py
[2024-03-09T13:43:25.159+0000] {logging_mixin.py:188} INFO - [2024-03-09T13:43:25.158+0000] {dag.py:3047} INFO - Sync 1 DAGs
[2024-03-09T13:43:25.212+0000] {logging_mixin.py:188} INFO - [2024-03-09T13:43:25.212+0000] {dag.py:3834} INFO - Setting next_dagrun for latest_only to 2024-03-09 08:00:00+00:00, run_after=2024-03-09 12:00:00+00:00
[2024-03-09T13:43:25.259+0000] {processor.py:183} INFO - Processing /home/airflow/.local/lib/python3.8/site-packages/airflow/example_dags/example_latest_only.py took 0.174 seconds
[2024-03-09T13:43:55.858+0000] {processor.py:161} INFO - Started process (PID=9948) to work on /home/airflow/.local/lib/python3.8/site-packages/airflow/example_dags/example_latest_only.py
[2024-03-09T13:43:55.861+0000] {processor.py:830} INFO - Processing file /home/airflow/.local/lib/python3.8/site-packages/airflow/example_dags/example_latest_only.py for tasks to queue
[2024-03-09T13:43:55.863+0000] {logging_mixin.py:188} INFO - [2024-03-09T13:43:55.862+0000] {dagbag.py:540} INFO - Filling up the DagBag from /home/airflow/.local/lib/python3.8/site-packages/airflow/example_dags/example_latest_only.py
[2024-03-09T13:43:55.872+0000] {processor.py:840} INFO - DAG(s) 'latest_only' retrieved from /home/airflow/.local/lib/python3.8/site-packages/airflow/example_dags/example_latest_only.py
[2024-03-09T13:43:55.907+0000] {logging_mixin.py:188} INFO - [2024-03-09T13:43:55.906+0000] {dag.py:3047} INFO - Sync 1 DAGs
[2024-03-09T13:43:55.942+0000] {logging_mixin.py:188} INFO - [2024-03-09T13:43:55.942+0000] {dag.py:3834} INFO - Setting next_dagrun for latest_only to 2024-03-09 08:00:00+00:00, run_after=2024-03-09 12:00:00+00:00
[2024-03-09T13:43:55.976+0000] {processor.py:183} INFO - Processing /home/airflow/.local/lib/python3.8/site-packages/airflow/example_dags/example_latest_only.py took 0.124 seconds
