[2024-03-09T11:07:28.335+0000] {processor.py:161} INFO - Started process (PID=222) to work on /home/airflow/.local/lib/python3.8/site-packages/airflow/example_dags/example_task_group.py
[2024-03-09T11:07:28.337+0000] {processor.py:830} INFO - Processing file /home/airflow/.local/lib/python3.8/site-packages/airflow/example_dags/example_task_group.py for tasks to queue
[2024-03-09T11:07:28.339+0000] {logging_mixin.py:188} INFO - [2024-03-09T11:07:28.338+0000] {dagbag.py:540} INFO - Filling up the DagBag from /home/airflow/.local/lib/python3.8/site-packages/airflow/example_dags/example_task_group.py
[2024-03-09T11:07:28.358+0000] {processor.py:840} INFO - DAG(s) 'example_task_group' retrieved from /home/airflow/.local/lib/python3.8/site-packages/airflow/example_dags/example_task_group.py
[2024-03-09T11:07:28.533+0000] {logging_mixin.py:188} INFO - [2024-03-09T11:07:28.532+0000] {dag.py:3047} INFO - Sync 1 DAGs
[2024-03-09T11:07:28.574+0000] {logging_mixin.py:188} INFO - [2024-03-09T11:07:28.574+0000] {dag.py:3834} INFO - Setting next_dagrun for example_task_group to 2024-03-08 00:00:00+00:00, run_after=2024-03-09 00:00:00+00:00
[2024-03-09T11:07:28.617+0000] {processor.py:183} INFO - Processing /home/airflow/.local/lib/python3.8/site-packages/airflow/example_dags/example_task_group.py took 0.287 seconds
[2024-03-09T11:07:59.624+0000] {processor.py:161} INFO - Started process (PID=469) to work on /home/airflow/.local/lib/python3.8/site-packages/airflow/example_dags/example_task_group.py
[2024-03-09T11:07:59.627+0000] {processor.py:830} INFO - Processing file /home/airflow/.local/lib/python3.8/site-packages/airflow/example_dags/example_task_group.py for tasks to queue
[2024-03-09T11:07:59.628+0000] {logging_mixin.py:188} INFO - [2024-03-09T11:07:59.628+0000] {dagbag.py:540} INFO - Filling up the DagBag from /home/airflow/.local/lib/python3.8/site-packages/airflow/example_dags/example_task_group.py
[2024-03-09T11:07:59.644+0000] {processor.py:840} INFO - DAG(s) 'example_task_group' retrieved from /home/airflow/.local/lib/python3.8/site-packages/airflow/example_dags/example_task_group.py
[2024-03-09T11:07:59.683+0000] {logging_mixin.py:188} INFO - [2024-03-09T11:07:59.683+0000] {dag.py:3047} INFO - Sync 1 DAGs
[2024-03-09T11:07:59.721+0000] {logging_mixin.py:188} INFO - [2024-03-09T11:07:59.721+0000] {dag.py:3834} INFO - Setting next_dagrun for example_task_group to 2024-03-08 00:00:00+00:00, run_after=2024-03-09 00:00:00+00:00
[2024-03-09T11:07:59.751+0000] {processor.py:183} INFO - Processing /home/airflow/.local/lib/python3.8/site-packages/airflow/example_dags/example_task_group.py took 0.134 seconds
[2024-03-09T11:08:29.842+0000] {processor.py:161} INFO - Started process (PID=713) to work on /home/airflow/.local/lib/python3.8/site-packages/airflow/example_dags/example_task_group.py
[2024-03-09T11:08:29.844+0000] {processor.py:830} INFO - Processing file /home/airflow/.local/lib/python3.8/site-packages/airflow/example_dags/example_task_group.py for tasks to queue
[2024-03-09T11:08:29.847+0000] {logging_mixin.py:188} INFO - [2024-03-09T11:08:29.846+0000] {dagbag.py:540} INFO - Filling up the DagBag from /home/airflow/.local/lib/python3.8/site-packages/airflow/example_dags/example_task_group.py
[2024-03-09T11:08:29.858+0000] {processor.py:840} INFO - DAG(s) 'example_task_group' retrieved from /home/airflow/.local/lib/python3.8/site-packages/airflow/example_dags/example_task_group.py
[2024-03-09T11:08:29.890+0000] {logging_mixin.py:188} INFO - [2024-03-09T11:08:29.889+0000] {dag.py:3047} INFO - Sync 1 DAGs
[2024-03-09T11:08:29.920+0000] {logging_mixin.py:188} INFO - [2024-03-09T11:08:29.919+0000] {dag.py:3834} INFO - Setting next_dagrun for example_task_group to 2024-03-08 00:00:00+00:00, run_after=2024-03-09 00:00:00+00:00
[2024-03-09T11:08:29.951+0000] {processor.py:183} INFO - Processing /home/airflow/.local/lib/python3.8/site-packages/airflow/example_dags/example_task_group.py took 0.114 seconds
[2024-03-09T11:09:00.466+0000] {processor.py:161} INFO - Started process (PID=958) to work on /home/airflow/.local/lib/python3.8/site-packages/airflow/example_dags/example_task_group.py
[2024-03-09T11:09:00.468+0000] {processor.py:830} INFO - Processing file /home/airflow/.local/lib/python3.8/site-packages/airflow/example_dags/example_task_group.py for tasks to queue
[2024-03-09T11:09:00.470+0000] {logging_mixin.py:188} INFO - [2024-03-09T11:09:00.469+0000] {dagbag.py:540} INFO - Filling up the DagBag from /home/airflow/.local/lib/python3.8/site-packages/airflow/example_dags/example_task_group.py
[2024-03-09T11:09:00.485+0000] {processor.py:840} INFO - DAG(s) 'example_task_group' retrieved from /home/airflow/.local/lib/python3.8/site-packages/airflow/example_dags/example_task_group.py
[2024-03-09T11:09:00.523+0000] {logging_mixin.py:188} INFO - [2024-03-09T11:09:00.522+0000] {dag.py:3047} INFO - Sync 1 DAGs
[2024-03-09T11:09:00.563+0000] {logging_mixin.py:188} INFO - [2024-03-09T11:09:00.563+0000] {dag.py:3834} INFO - Setting next_dagrun for example_task_group to 2024-03-08 00:00:00+00:00, run_after=2024-03-09 00:00:00+00:00
[2024-03-09T11:09:00.601+0000] {processor.py:183} INFO - Processing /home/airflow/.local/lib/python3.8/site-packages/airflow/example_dags/example_task_group.py took 0.143 seconds
[2024-03-09T11:09:31.104+0000] {processor.py:161} INFO - Started process (PID=1206) to work on /home/airflow/.local/lib/python3.8/site-packages/airflow/example_dags/example_task_group.py
[2024-03-09T11:09:31.106+0000] {processor.py:830} INFO - Processing file /home/airflow/.local/lib/python3.8/site-packages/airflow/example_dags/example_task_group.py for tasks to queue
[2024-03-09T11:09:31.109+0000] {logging_mixin.py:188} INFO - [2024-03-09T11:09:31.108+0000] {dagbag.py:540} INFO - Filling up the DagBag from /home/airflow/.local/lib/python3.8/site-packages/airflow/example_dags/example_task_group.py
[2024-03-09T11:09:31.124+0000] {processor.py:840} INFO - DAG(s) 'example_task_group' retrieved from /home/airflow/.local/lib/python3.8/site-packages/airflow/example_dags/example_task_group.py
[2024-03-09T11:09:31.161+0000] {logging_mixin.py:188} INFO - [2024-03-09T11:09:31.161+0000] {dag.py:3047} INFO - Sync 1 DAGs
[2024-03-09T11:09:31.196+0000] {logging_mixin.py:188} INFO - [2024-03-09T11:09:31.196+0000] {dag.py:3834} INFO - Setting next_dagrun for example_task_group to 2024-03-08 00:00:00+00:00, run_after=2024-03-09 00:00:00+00:00
[2024-03-09T11:09:31.228+0000] {processor.py:183} INFO - Processing /home/airflow/.local/lib/python3.8/site-packages/airflow/example_dags/example_task_group.py took 0.130 seconds
[2024-03-09T11:10:01.518+0000] {processor.py:161} INFO - Started process (PID=1453) to work on /home/airflow/.local/lib/python3.8/site-packages/airflow/example_dags/example_task_group.py
[2024-03-09T11:10:01.522+0000] {processor.py:830} INFO - Processing file /home/airflow/.local/lib/python3.8/site-packages/airflow/example_dags/example_task_group.py for tasks to queue
[2024-03-09T11:10:01.530+0000] {logging_mixin.py:188} INFO - [2024-03-09T11:10:01.528+0000] {dagbag.py:540} INFO - Filling up the DagBag from /home/airflow/.local/lib/python3.8/site-packages/airflow/example_dags/example_task_group.py
[2024-03-09T11:10:01.553+0000] {processor.py:840} INFO - DAG(s) 'example_task_group' retrieved from /home/airflow/.local/lib/python3.8/site-packages/airflow/example_dags/example_task_group.py
[2024-03-09T11:10:01.621+0000] {logging_mixin.py:188} INFO - [2024-03-09T11:10:01.621+0000] {dag.py:3047} INFO - Sync 1 DAGs
[2024-03-09T11:10:01.679+0000] {logging_mixin.py:188} INFO - [2024-03-09T11:10:01.679+0000] {dag.py:3834} INFO - Setting next_dagrun for example_task_group to 2024-03-08 00:00:00+00:00, run_after=2024-03-09 00:00:00+00:00
[2024-03-09T11:10:01.715+0000] {processor.py:183} INFO - Processing /home/airflow/.local/lib/python3.8/site-packages/airflow/example_dags/example_task_group.py took 0.203 seconds
[2024-03-09T11:10:32.149+0000] {processor.py:161} INFO - Started process (PID=1700) to work on /home/airflow/.local/lib/python3.8/site-packages/airflow/example_dags/example_task_group.py
[2024-03-09T11:10:32.152+0000] {processor.py:830} INFO - Processing file /home/airflow/.local/lib/python3.8/site-packages/airflow/example_dags/example_task_group.py for tasks to queue
[2024-03-09T11:10:32.154+0000] {logging_mixin.py:188} INFO - [2024-03-09T11:10:32.153+0000] {dagbag.py:540} INFO - Filling up the DagBag from /home/airflow/.local/lib/python3.8/site-packages/airflow/example_dags/example_task_group.py
[2024-03-09T11:10:32.171+0000] {processor.py:840} INFO - DAG(s) 'example_task_group' retrieved from /home/airflow/.local/lib/python3.8/site-packages/airflow/example_dags/example_task_group.py
[2024-03-09T11:10:32.214+0000] {logging_mixin.py:188} INFO - [2024-03-09T11:10:32.213+0000] {dag.py:3047} INFO - Sync 1 DAGs
[2024-03-09T11:10:32.257+0000] {logging_mixin.py:188} INFO - [2024-03-09T11:10:32.257+0000] {dag.py:3834} INFO - Setting next_dagrun for example_task_group to 2024-03-08 00:00:00+00:00, run_after=2024-03-09 00:00:00+00:00
[2024-03-09T11:10:32.303+0000] {processor.py:183} INFO - Processing /home/airflow/.local/lib/python3.8/site-packages/airflow/example_dags/example_task_group.py took 0.161 seconds
[2024-03-09T11:11:02.808+0000] {processor.py:161} INFO - Started process (PID=1947) to work on /home/airflow/.local/lib/python3.8/site-packages/airflow/example_dags/example_task_group.py
[2024-03-09T11:11:02.810+0000] {processor.py:830} INFO - Processing file /home/airflow/.local/lib/python3.8/site-packages/airflow/example_dags/example_task_group.py for tasks to queue
[2024-03-09T11:11:02.812+0000] {logging_mixin.py:188} INFO - [2024-03-09T11:11:02.811+0000] {dagbag.py:540} INFO - Filling up the DagBag from /home/airflow/.local/lib/python3.8/site-packages/airflow/example_dags/example_task_group.py
[2024-03-09T11:11:02.825+0000] {processor.py:840} INFO - DAG(s) 'example_task_group' retrieved from /home/airflow/.local/lib/python3.8/site-packages/airflow/example_dags/example_task_group.py
[2024-03-09T11:11:02.866+0000] {logging_mixin.py:188} INFO - [2024-03-09T11:11:02.866+0000] {dag.py:3047} INFO - Sync 1 DAGs
[2024-03-09T11:11:02.902+0000] {logging_mixin.py:188} INFO - [2024-03-09T11:11:02.902+0000] {dag.py:3834} INFO - Setting next_dagrun for example_task_group to 2024-03-08 00:00:00+00:00, run_after=2024-03-09 00:00:00+00:00
[2024-03-09T11:11:02.930+0000] {processor.py:183} INFO - Processing /home/airflow/.local/lib/python3.8/site-packages/airflow/example_dags/example_task_group.py took 0.129 seconds
[2024-03-09T11:11:33.413+0000] {processor.py:161} INFO - Started process (PID=2194) to work on /home/airflow/.local/lib/python3.8/site-packages/airflow/example_dags/example_task_group.py
[2024-03-09T11:11:33.415+0000] {processor.py:830} INFO - Processing file /home/airflow/.local/lib/python3.8/site-packages/airflow/example_dags/example_task_group.py for tasks to queue
[2024-03-09T11:11:33.417+0000] {logging_mixin.py:188} INFO - [2024-03-09T11:11:33.416+0000] {dagbag.py:540} INFO - Filling up the DagBag from /home/airflow/.local/lib/python3.8/site-packages/airflow/example_dags/example_task_group.py
[2024-03-09T11:11:33.430+0000] {processor.py:840} INFO - DAG(s) 'example_task_group' retrieved from /home/airflow/.local/lib/python3.8/site-packages/airflow/example_dags/example_task_group.py
[2024-03-09T11:11:33.472+0000] {logging_mixin.py:188} INFO - [2024-03-09T11:11:33.472+0000] {dag.py:3047} INFO - Sync 1 DAGs
[2024-03-09T11:11:33.517+0000] {logging_mixin.py:188} INFO - [2024-03-09T11:11:33.517+0000] {dag.py:3834} INFO - Setting next_dagrun for example_task_group to 2024-03-08 00:00:00+00:00, run_after=2024-03-09 00:00:00+00:00
[2024-03-09T11:11:33.558+0000] {processor.py:183} INFO - Processing /home/airflow/.local/lib/python3.8/site-packages/airflow/example_dags/example_task_group.py took 0.150 seconds
[2024-03-09T11:12:03.711+0000] {processor.py:161} INFO - Started process (PID=2441) to work on /home/airflow/.local/lib/python3.8/site-packages/airflow/example_dags/example_task_group.py
[2024-03-09T11:12:03.713+0000] {processor.py:830} INFO - Processing file /home/airflow/.local/lib/python3.8/site-packages/airflow/example_dags/example_task_group.py for tasks to queue
[2024-03-09T11:12:03.715+0000] {logging_mixin.py:188} INFO - [2024-03-09T11:12:03.715+0000] {dagbag.py:540} INFO - Filling up the DagBag from /home/airflow/.local/lib/python3.8/site-packages/airflow/example_dags/example_task_group.py
[2024-03-09T11:12:03.733+0000] {processor.py:840} INFO - DAG(s) 'example_task_group' retrieved from /home/airflow/.local/lib/python3.8/site-packages/airflow/example_dags/example_task_group.py
[2024-03-09T11:12:03.778+0000] {logging_mixin.py:188} INFO - [2024-03-09T11:12:03.778+0000] {dag.py:3047} INFO - Sync 1 DAGs
[2024-03-09T11:12:03.819+0000] {logging_mixin.py:188} INFO - [2024-03-09T11:12:03.818+0000] {dag.py:3834} INFO - Setting next_dagrun for example_task_group to 2024-03-08 00:00:00+00:00, run_after=2024-03-09 00:00:00+00:00
[2024-03-09T11:12:03.861+0000] {processor.py:183} INFO - Processing /home/airflow/.local/lib/python3.8/site-packages/airflow/example_dags/example_task_group.py took 0.158 seconds
[2024-03-09T11:12:33.968+0000] {processor.py:161} INFO - Started process (PID=2688) to work on /home/airflow/.local/lib/python3.8/site-packages/airflow/example_dags/example_task_group.py
[2024-03-09T11:12:33.970+0000] {processor.py:830} INFO - Processing file /home/airflow/.local/lib/python3.8/site-packages/airflow/example_dags/example_task_group.py for tasks to queue
[2024-03-09T11:12:33.973+0000] {logging_mixin.py:188} INFO - [2024-03-09T11:12:33.972+0000] {dagbag.py:540} INFO - Filling up the DagBag from /home/airflow/.local/lib/python3.8/site-packages/airflow/example_dags/example_task_group.py
[2024-03-09T11:12:33.990+0000] {processor.py:840} INFO - DAG(s) 'example_task_group' retrieved from /home/airflow/.local/lib/python3.8/site-packages/airflow/example_dags/example_task_group.py
[2024-03-09T11:12:34.025+0000] {logging_mixin.py:188} INFO - [2024-03-09T11:12:34.025+0000] {dag.py:3047} INFO - Sync 1 DAGs
[2024-03-09T11:12:34.056+0000] {logging_mixin.py:188} INFO - [2024-03-09T11:12:34.056+0000] {dag.py:3834} INFO - Setting next_dagrun for example_task_group to 2024-03-08 00:00:00+00:00, run_after=2024-03-09 00:00:00+00:00
[2024-03-09T11:12:34.085+0000] {processor.py:183} INFO - Processing /home/airflow/.local/lib/python3.8/site-packages/airflow/example_dags/example_task_group.py took 0.123 seconds
[2024-03-09T11:13:04.272+0000] {processor.py:161} INFO - Started process (PID=2935) to work on /home/airflow/.local/lib/python3.8/site-packages/airflow/example_dags/example_task_group.py
[2024-03-09T11:13:04.274+0000] {processor.py:830} INFO - Processing file /home/airflow/.local/lib/python3.8/site-packages/airflow/example_dags/example_task_group.py for tasks to queue
[2024-03-09T11:13:04.276+0000] {logging_mixin.py:188} INFO - [2024-03-09T11:13:04.276+0000] {dagbag.py:540} INFO - Filling up the DagBag from /home/airflow/.local/lib/python3.8/site-packages/airflow/example_dags/example_task_group.py
[2024-03-09T11:13:04.289+0000] {processor.py:840} INFO - DAG(s) 'example_task_group' retrieved from /home/airflow/.local/lib/python3.8/site-packages/airflow/example_dags/example_task_group.py
[2024-03-09T11:13:04.327+0000] {logging_mixin.py:188} INFO - [2024-03-09T11:13:04.327+0000] {dag.py:3047} INFO - Sync 1 DAGs
[2024-03-09T11:13:04.361+0000] {logging_mixin.py:188} INFO - [2024-03-09T11:13:04.361+0000] {dag.py:3834} INFO - Setting next_dagrun for example_task_group to 2024-03-08 00:00:00+00:00, run_after=2024-03-09 00:00:00+00:00
[2024-03-09T11:13:04.391+0000] {processor.py:183} INFO - Processing /home/airflow/.local/lib/python3.8/site-packages/airflow/example_dags/example_task_group.py took 0.124 seconds
[2024-03-09T11:13:42.351+0000] {processor.py:161} INFO - Started process (PID=3198) to work on /home/airflow/.local/lib/python3.8/site-packages/airflow/example_dags/example_task_group.py
[2024-03-09T11:13:42.363+0000] {processor.py:830} INFO - Processing file /home/airflow/.local/lib/python3.8/site-packages/airflow/example_dags/example_task_group.py for tasks to queue
[2024-03-09T11:13:42.375+0000] {logging_mixin.py:188} INFO - [2024-03-09T11:13:42.372+0000] {dagbag.py:540} INFO - Filling up the DagBag from /home/airflow/.local/lib/python3.8/site-packages/airflow/example_dags/example_task_group.py
[2024-03-09T11:13:42.442+0000] {processor.py:840} INFO - DAG(s) 'example_task_group' retrieved from /home/airflow/.local/lib/python3.8/site-packages/airflow/example_dags/example_task_group.py
[2024-03-09T11:13:42.555+0000] {logging_mixin.py:188} INFO - [2024-03-09T11:13:42.551+0000] {dag.py:3047} INFO - Sync 1 DAGs
[2024-03-09T11:13:42.622+0000] {logging_mixin.py:188} INFO - [2024-03-09T11:13:42.622+0000] {dag.py:3834} INFO - Setting next_dagrun for example_task_group to 2024-03-08 00:00:00+00:00, run_after=2024-03-09 00:00:00+00:00
[2024-03-09T11:13:42.698+0000] {processor.py:183} INFO - Processing /home/airflow/.local/lib/python3.8/site-packages/airflow/example_dags/example_task_group.py took 0.398 seconds
[2024-03-09T11:14:12.778+0000] {processor.py:161} INFO - Started process (PID=3459) to work on /home/airflow/.local/lib/python3.8/site-packages/airflow/example_dags/example_task_group.py
[2024-03-09T11:14:12.780+0000] {processor.py:830} INFO - Processing file /home/airflow/.local/lib/python3.8/site-packages/airflow/example_dags/example_task_group.py for tasks to queue
[2024-03-09T11:14:12.782+0000] {logging_mixin.py:188} INFO - [2024-03-09T11:14:12.782+0000] {dagbag.py:540} INFO - Filling up the DagBag from /home/airflow/.local/lib/python3.8/site-packages/airflow/example_dags/example_task_group.py
[2024-03-09T11:14:12.795+0000] {processor.py:840} INFO - DAG(s) 'example_task_group' retrieved from /home/airflow/.local/lib/python3.8/site-packages/airflow/example_dags/example_task_group.py
[2024-03-09T11:14:12.832+0000] {logging_mixin.py:188} INFO - [2024-03-09T11:14:12.832+0000] {dag.py:3047} INFO - Sync 1 DAGs
[2024-03-09T11:14:12.869+0000] {logging_mixin.py:188} INFO - [2024-03-09T11:14:12.869+0000] {dag.py:3834} INFO - Setting next_dagrun for example_task_group to 2024-03-08 00:00:00+00:00, run_after=2024-03-09 00:00:00+00:00
[2024-03-09T11:14:12.901+0000] {processor.py:183} INFO - Processing /home/airflow/.local/lib/python3.8/site-packages/airflow/example_dags/example_task_group.py took 0.128 seconds
[2024-03-09T11:14:43.491+0000] {processor.py:161} INFO - Started process (PID=3706) to work on /home/airflow/.local/lib/python3.8/site-packages/airflow/example_dags/example_task_group.py
[2024-03-09T11:14:43.493+0000] {processor.py:830} INFO - Processing file /home/airflow/.local/lib/python3.8/site-packages/airflow/example_dags/example_task_group.py for tasks to queue
[2024-03-09T11:14:43.495+0000] {logging_mixin.py:188} INFO - [2024-03-09T11:14:43.495+0000] {dagbag.py:540} INFO - Filling up the DagBag from /home/airflow/.local/lib/python3.8/site-packages/airflow/example_dags/example_task_group.py
[2024-03-09T11:14:43.510+0000] {processor.py:840} INFO - DAG(s) 'example_task_group' retrieved from /home/airflow/.local/lib/python3.8/site-packages/airflow/example_dags/example_task_group.py
[2024-03-09T11:14:43.548+0000] {logging_mixin.py:188} INFO - [2024-03-09T11:14:43.547+0000] {dag.py:3047} INFO - Sync 1 DAGs
[2024-03-09T11:14:43.584+0000] {logging_mixin.py:188} INFO - [2024-03-09T11:14:43.583+0000] {dag.py:3834} INFO - Setting next_dagrun for example_task_group to 2024-03-08 00:00:00+00:00, run_after=2024-03-09 00:00:00+00:00
[2024-03-09T11:14:43.614+0000] {processor.py:183} INFO - Processing /home/airflow/.local/lib/python3.8/site-packages/airflow/example_dags/example_task_group.py took 0.129 seconds
[2024-03-09T11:15:13.904+0000] {processor.py:161} INFO - Started process (PID=3953) to work on /home/airflow/.local/lib/python3.8/site-packages/airflow/example_dags/example_task_group.py
[2024-03-09T11:15:13.906+0000] {processor.py:830} INFO - Processing file /home/airflow/.local/lib/python3.8/site-packages/airflow/example_dags/example_task_group.py for tasks to queue
[2024-03-09T11:15:13.908+0000] {logging_mixin.py:188} INFO - [2024-03-09T11:15:13.908+0000] {dagbag.py:540} INFO - Filling up the DagBag from /home/airflow/.local/lib/python3.8/site-packages/airflow/example_dags/example_task_group.py
[2024-03-09T11:15:13.924+0000] {processor.py:840} INFO - DAG(s) 'example_task_group' retrieved from /home/airflow/.local/lib/python3.8/site-packages/airflow/example_dags/example_task_group.py
[2024-03-09T11:15:13.962+0000] {logging_mixin.py:188} INFO - [2024-03-09T11:15:13.962+0000] {dag.py:3047} INFO - Sync 1 DAGs
[2024-03-09T11:15:14.006+0000] {logging_mixin.py:188} INFO - [2024-03-09T11:15:14.005+0000] {dag.py:3834} INFO - Setting next_dagrun for example_task_group to 2024-03-08 00:00:00+00:00, run_after=2024-03-09 00:00:00+00:00
[2024-03-09T11:15:14.038+0000] {processor.py:183} INFO - Processing /home/airflow/.local/lib/python3.8/site-packages/airflow/example_dags/example_task_group.py took 0.140 seconds
[2024-03-09T11:15:44.477+0000] {processor.py:161} INFO - Started process (PID=4200) to work on /home/airflow/.local/lib/python3.8/site-packages/airflow/example_dags/example_task_group.py
[2024-03-09T11:15:44.480+0000] {processor.py:830} INFO - Processing file /home/airflow/.local/lib/python3.8/site-packages/airflow/example_dags/example_task_group.py for tasks to queue
[2024-03-09T11:15:44.482+0000] {logging_mixin.py:188} INFO - [2024-03-09T11:15:44.482+0000] {dagbag.py:540} INFO - Filling up the DagBag from /home/airflow/.local/lib/python3.8/site-packages/airflow/example_dags/example_task_group.py
[2024-03-09T11:15:44.504+0000] {processor.py:840} INFO - DAG(s) 'example_task_group' retrieved from /home/airflow/.local/lib/python3.8/site-packages/airflow/example_dags/example_task_group.py
[2024-03-09T11:15:44.571+0000] {logging_mixin.py:188} INFO - [2024-03-09T11:15:44.570+0000] {dag.py:3047} INFO - Sync 1 DAGs
[2024-03-09T11:15:44.625+0000] {logging_mixin.py:188} INFO - [2024-03-09T11:15:44.625+0000] {dag.py:3834} INFO - Setting next_dagrun for example_task_group to 2024-03-08 00:00:00+00:00, run_after=2024-03-09 00:00:00+00:00
[2024-03-09T11:15:44.676+0000] {processor.py:183} INFO - Processing /home/airflow/.local/lib/python3.8/site-packages/airflow/example_dags/example_task_group.py took 0.210 seconds
[2024-03-09T11:16:14.793+0000] {processor.py:161} INFO - Started process (PID=4449) to work on /home/airflow/.local/lib/python3.8/site-packages/airflow/example_dags/example_task_group.py
[2024-03-09T11:16:14.795+0000] {processor.py:830} INFO - Processing file /home/airflow/.local/lib/python3.8/site-packages/airflow/example_dags/example_task_group.py for tasks to queue
[2024-03-09T11:16:14.797+0000] {logging_mixin.py:188} INFO - [2024-03-09T11:16:14.796+0000] {dagbag.py:540} INFO - Filling up the DagBag from /home/airflow/.local/lib/python3.8/site-packages/airflow/example_dags/example_task_group.py
[2024-03-09T11:16:14.810+0000] {processor.py:840} INFO - DAG(s) 'example_task_group' retrieved from /home/airflow/.local/lib/python3.8/site-packages/airflow/example_dags/example_task_group.py
[2024-03-09T11:16:14.848+0000] {logging_mixin.py:188} INFO - [2024-03-09T11:16:14.848+0000] {dag.py:3047} INFO - Sync 1 DAGs
[2024-03-09T11:16:14.890+0000] {logging_mixin.py:188} INFO - [2024-03-09T11:16:14.890+0000] {dag.py:3834} INFO - Setting next_dagrun for example_task_group to 2024-03-08 00:00:00+00:00, run_after=2024-03-09 00:00:00+00:00
[2024-03-09T11:16:14.920+0000] {processor.py:183} INFO - Processing /home/airflow/.local/lib/python3.8/site-packages/airflow/example_dags/example_task_group.py took 0.132 seconds
[2024-03-09T11:16:45.182+0000] {processor.py:161} INFO - Started process (PID=4694) to work on /home/airflow/.local/lib/python3.8/site-packages/airflow/example_dags/example_task_group.py
[2024-03-09T11:16:45.184+0000] {processor.py:830} INFO - Processing file /home/airflow/.local/lib/python3.8/site-packages/airflow/example_dags/example_task_group.py for tasks to queue
[2024-03-09T11:16:45.186+0000] {logging_mixin.py:188} INFO - [2024-03-09T11:16:45.186+0000] {dagbag.py:540} INFO - Filling up the DagBag from /home/airflow/.local/lib/python3.8/site-packages/airflow/example_dags/example_task_group.py
[2024-03-09T11:16:45.201+0000] {processor.py:840} INFO - DAG(s) 'example_task_group' retrieved from /home/airflow/.local/lib/python3.8/site-packages/airflow/example_dags/example_task_group.py
[2024-03-09T11:16:45.233+0000] {logging_mixin.py:188} INFO - [2024-03-09T11:16:45.233+0000] {dag.py:3047} INFO - Sync 1 DAGs
[2024-03-09T11:16:45.265+0000] {logging_mixin.py:188} INFO - [2024-03-09T11:16:45.265+0000] {dag.py:3834} INFO - Setting next_dagrun for example_task_group to 2024-03-08 00:00:00+00:00, run_after=2024-03-09 00:00:00+00:00
[2024-03-09T11:16:45.297+0000] {processor.py:183} INFO - Processing /home/airflow/.local/lib/python3.8/site-packages/airflow/example_dags/example_task_group.py took 0.121 seconds
[2024-03-09T11:17:16.171+0000] {processor.py:161} INFO - Started process (PID=4941) to work on /home/airflow/.local/lib/python3.8/site-packages/airflow/example_dags/example_task_group.py
[2024-03-09T11:17:16.173+0000] {processor.py:830} INFO - Processing file /home/airflow/.local/lib/python3.8/site-packages/airflow/example_dags/example_task_group.py for tasks to queue
[2024-03-09T11:17:16.175+0000] {logging_mixin.py:188} INFO - [2024-03-09T11:17:16.175+0000] {dagbag.py:540} INFO - Filling up the DagBag from /home/airflow/.local/lib/python3.8/site-packages/airflow/example_dags/example_task_group.py
[2024-03-09T11:17:16.189+0000] {processor.py:840} INFO - DAG(s) 'example_task_group' retrieved from /home/airflow/.local/lib/python3.8/site-packages/airflow/example_dags/example_task_group.py
[2024-03-09T11:17:16.222+0000] {logging_mixin.py:188} INFO - [2024-03-09T11:17:16.221+0000] {dag.py:3047} INFO - Sync 1 DAGs
[2024-03-09T11:17:16.255+0000] {logging_mixin.py:188} INFO - [2024-03-09T11:17:16.254+0000] {dag.py:3834} INFO - Setting next_dagrun for example_task_group to 2024-03-08 00:00:00+00:00, run_after=2024-03-09 00:00:00+00:00
[2024-03-09T11:17:16.289+0000] {processor.py:183} INFO - Processing /home/airflow/.local/lib/python3.8/site-packages/airflow/example_dags/example_task_group.py took 0.125 seconds
[2024-03-09T11:17:46.432+0000] {processor.py:161} INFO - Started process (PID=5188) to work on /home/airflow/.local/lib/python3.8/site-packages/airflow/example_dags/example_task_group.py
[2024-03-09T11:17:46.434+0000] {processor.py:830} INFO - Processing file /home/airflow/.local/lib/python3.8/site-packages/airflow/example_dags/example_task_group.py for tasks to queue
[2024-03-09T11:17:46.437+0000] {logging_mixin.py:188} INFO - [2024-03-09T11:17:46.436+0000] {dagbag.py:540} INFO - Filling up the DagBag from /home/airflow/.local/lib/python3.8/site-packages/airflow/example_dags/example_task_group.py
[2024-03-09T11:17:46.451+0000] {processor.py:840} INFO - DAG(s) 'example_task_group' retrieved from /home/airflow/.local/lib/python3.8/site-packages/airflow/example_dags/example_task_group.py
[2024-03-09T11:17:46.484+0000] {logging_mixin.py:188} INFO - [2024-03-09T11:17:46.484+0000] {dag.py:3047} INFO - Sync 1 DAGs
[2024-03-09T11:17:46.516+0000] {logging_mixin.py:188} INFO - [2024-03-09T11:17:46.516+0000] {dag.py:3834} INFO - Setting next_dagrun for example_task_group to 2024-03-08 00:00:00+00:00, run_after=2024-03-09 00:00:00+00:00
[2024-03-09T11:17:46.544+0000] {processor.py:183} INFO - Processing /home/airflow/.local/lib/python3.8/site-packages/airflow/example_dags/example_task_group.py took 0.116 seconds
[2024-03-09T11:18:16.994+0000] {processor.py:161} INFO - Started process (PID=5435) to work on /home/airflow/.local/lib/python3.8/site-packages/airflow/example_dags/example_task_group.py
[2024-03-09T11:18:16.996+0000] {processor.py:830} INFO - Processing file /home/airflow/.local/lib/python3.8/site-packages/airflow/example_dags/example_task_group.py for tasks to queue
[2024-03-09T11:18:16.999+0000] {logging_mixin.py:188} INFO - [2024-03-09T11:18:16.998+0000] {dagbag.py:540} INFO - Filling up the DagBag from /home/airflow/.local/lib/python3.8/site-packages/airflow/example_dags/example_task_group.py
[2024-03-09T11:18:17.012+0000] {processor.py:840} INFO - DAG(s) 'example_task_group' retrieved from /home/airflow/.local/lib/python3.8/site-packages/airflow/example_dags/example_task_group.py
[2024-03-09T11:18:17.050+0000] {logging_mixin.py:188} INFO - [2024-03-09T11:18:17.050+0000] {dag.py:3047} INFO - Sync 1 DAGs
[2024-03-09T11:18:17.082+0000] {logging_mixin.py:188} INFO - [2024-03-09T11:18:17.082+0000] {dag.py:3834} INFO - Setting next_dagrun for example_task_group to 2024-03-08 00:00:00+00:00, run_after=2024-03-09 00:00:00+00:00
[2024-03-09T11:18:17.110+0000] {processor.py:183} INFO - Processing /home/airflow/.local/lib/python3.8/site-packages/airflow/example_dags/example_task_group.py took 0.121 seconds
[2024-03-09T11:18:47.433+0000] {processor.py:161} INFO - Started process (PID=5682) to work on /home/airflow/.local/lib/python3.8/site-packages/airflow/example_dags/example_task_group.py
[2024-03-09T11:18:47.435+0000] {processor.py:830} INFO - Processing file /home/airflow/.local/lib/python3.8/site-packages/airflow/example_dags/example_task_group.py for tasks to queue
[2024-03-09T11:18:47.436+0000] {logging_mixin.py:188} INFO - [2024-03-09T11:18:47.436+0000] {dagbag.py:540} INFO - Filling up the DagBag from /home/airflow/.local/lib/python3.8/site-packages/airflow/example_dags/example_task_group.py
[2024-03-09T11:18:47.453+0000] {processor.py:840} INFO - DAG(s) 'example_task_group' retrieved from /home/airflow/.local/lib/python3.8/site-packages/airflow/example_dags/example_task_group.py
[2024-03-09T11:18:47.486+0000] {logging_mixin.py:188} INFO - [2024-03-09T11:18:47.485+0000] {dag.py:3047} INFO - Sync 1 DAGs
[2024-03-09T11:18:47.523+0000] {logging_mixin.py:188} INFO - [2024-03-09T11:18:47.523+0000] {dag.py:3834} INFO - Setting next_dagrun for example_task_group to 2024-03-08 00:00:00+00:00, run_after=2024-03-09 00:00:00+00:00
[2024-03-09T11:18:47.557+0000] {processor.py:183} INFO - Processing /home/airflow/.local/lib/python3.8/site-packages/airflow/example_dags/example_task_group.py took 0.131 seconds
[2024-03-09T11:19:17.756+0000] {processor.py:161} INFO - Started process (PID=5929) to work on /home/airflow/.local/lib/python3.8/site-packages/airflow/example_dags/example_task_group.py
[2024-03-09T11:19:17.758+0000] {processor.py:830} INFO - Processing file /home/airflow/.local/lib/python3.8/site-packages/airflow/example_dags/example_task_group.py for tasks to queue
[2024-03-09T11:19:17.760+0000] {logging_mixin.py:188} INFO - [2024-03-09T11:19:17.760+0000] {dagbag.py:540} INFO - Filling up the DagBag from /home/airflow/.local/lib/python3.8/site-packages/airflow/example_dags/example_task_group.py
[2024-03-09T11:19:17.773+0000] {processor.py:840} INFO - DAG(s) 'example_task_group' retrieved from /home/airflow/.local/lib/python3.8/site-packages/airflow/example_dags/example_task_group.py
[2024-03-09T11:19:17.807+0000] {logging_mixin.py:188} INFO - [2024-03-09T11:19:17.807+0000] {dag.py:3047} INFO - Sync 1 DAGs
[2024-03-09T11:19:17.841+0000] {logging_mixin.py:188} INFO - [2024-03-09T11:19:17.840+0000] {dag.py:3834} INFO - Setting next_dagrun for example_task_group to 2024-03-08 00:00:00+00:00, run_after=2024-03-09 00:00:00+00:00
[2024-03-09T11:19:17.883+0000] {processor.py:183} INFO - Processing /home/airflow/.local/lib/python3.8/site-packages/airflow/example_dags/example_task_group.py took 0.132 seconds
[2024-03-09T11:19:48.672+0000] {processor.py:161} INFO - Started process (PID=6176) to work on /home/airflow/.local/lib/python3.8/site-packages/airflow/example_dags/example_task_group.py
[2024-03-09T11:19:48.674+0000] {processor.py:830} INFO - Processing file /home/airflow/.local/lib/python3.8/site-packages/airflow/example_dags/example_task_group.py for tasks to queue
[2024-03-09T11:19:48.676+0000] {logging_mixin.py:188} INFO - [2024-03-09T11:19:48.676+0000] {dagbag.py:540} INFO - Filling up the DagBag from /home/airflow/.local/lib/python3.8/site-packages/airflow/example_dags/example_task_group.py
[2024-03-09T11:19:48.689+0000] {processor.py:840} INFO - DAG(s) 'example_task_group' retrieved from /home/airflow/.local/lib/python3.8/site-packages/airflow/example_dags/example_task_group.py
[2024-03-09T11:19:48.720+0000] {logging_mixin.py:188} INFO - [2024-03-09T11:19:48.720+0000] {dag.py:3047} INFO - Sync 1 DAGs
[2024-03-09T11:19:48.758+0000] {logging_mixin.py:188} INFO - [2024-03-09T11:19:48.758+0000] {dag.py:3834} INFO - Setting next_dagrun for example_task_group to 2024-03-08 00:00:00+00:00, run_after=2024-03-09 00:00:00+00:00
[2024-03-09T11:19:48.797+0000] {processor.py:183} INFO - Processing /home/airflow/.local/lib/python3.8/site-packages/airflow/example_dags/example_task_group.py took 0.129 seconds
[2024-03-09T11:20:19.432+0000] {processor.py:161} INFO - Started process (PID=6423) to work on /home/airflow/.local/lib/python3.8/site-packages/airflow/example_dags/example_task_group.py
[2024-03-09T11:20:19.434+0000] {processor.py:830} INFO - Processing file /home/airflow/.local/lib/python3.8/site-packages/airflow/example_dags/example_task_group.py for tasks to queue
[2024-03-09T11:20:19.436+0000] {logging_mixin.py:188} INFO - [2024-03-09T11:20:19.436+0000] {dagbag.py:540} INFO - Filling up the DagBag from /home/airflow/.local/lib/python3.8/site-packages/airflow/example_dags/example_task_group.py
[2024-03-09T11:20:19.448+0000] {processor.py:840} INFO - DAG(s) 'example_task_group' retrieved from /home/airflow/.local/lib/python3.8/site-packages/airflow/example_dags/example_task_group.py
[2024-03-09T11:20:19.480+0000] {logging_mixin.py:188} INFO - [2024-03-09T11:20:19.479+0000] {dag.py:3047} INFO - Sync 1 DAGs
[2024-03-09T11:20:19.511+0000] {logging_mixin.py:188} INFO - [2024-03-09T11:20:19.511+0000] {dag.py:3834} INFO - Setting next_dagrun for example_task_group to 2024-03-08 00:00:00+00:00, run_after=2024-03-09 00:00:00+00:00
[2024-03-09T11:20:19.539+0000] {processor.py:183} INFO - Processing /home/airflow/.local/lib/python3.8/site-packages/airflow/example_dags/example_task_group.py took 0.113 seconds
[2024-03-09T11:20:49.826+0000] {processor.py:161} INFO - Started process (PID=6670) to work on /home/airflow/.local/lib/python3.8/site-packages/airflow/example_dags/example_task_group.py
[2024-03-09T11:20:49.828+0000] {processor.py:830} INFO - Processing file /home/airflow/.local/lib/python3.8/site-packages/airflow/example_dags/example_task_group.py for tasks to queue
[2024-03-09T11:20:49.830+0000] {logging_mixin.py:188} INFO - [2024-03-09T11:20:49.829+0000] {dagbag.py:540} INFO - Filling up the DagBag from /home/airflow/.local/lib/python3.8/site-packages/airflow/example_dags/example_task_group.py
[2024-03-09T11:20:49.844+0000] {processor.py:840} INFO - DAG(s) 'example_task_group' retrieved from /home/airflow/.local/lib/python3.8/site-packages/airflow/example_dags/example_task_group.py
[2024-03-09T11:20:49.879+0000] {logging_mixin.py:188} INFO - [2024-03-09T11:20:49.878+0000] {dag.py:3047} INFO - Sync 1 DAGs
[2024-03-09T11:20:49.912+0000] {logging_mixin.py:188} INFO - [2024-03-09T11:20:49.912+0000] {dag.py:3834} INFO - Setting next_dagrun for example_task_group to 2024-03-08 00:00:00+00:00, run_after=2024-03-09 00:00:00+00:00
[2024-03-09T11:20:49.945+0000] {processor.py:183} INFO - Processing /home/airflow/.local/lib/python3.8/site-packages/airflow/example_dags/example_task_group.py took 0.125 seconds
[2024-03-09T11:21:20.305+0000] {processor.py:161} INFO - Started process (PID=6917) to work on /home/airflow/.local/lib/python3.8/site-packages/airflow/example_dags/example_task_group.py
[2024-03-09T11:21:20.312+0000] {processor.py:830} INFO - Processing file /home/airflow/.local/lib/python3.8/site-packages/airflow/example_dags/example_task_group.py for tasks to queue
[2024-03-09T11:21:20.318+0000] {logging_mixin.py:188} INFO - [2024-03-09T11:21:20.317+0000] {dagbag.py:540} INFO - Filling up the DagBag from /home/airflow/.local/lib/python3.8/site-packages/airflow/example_dags/example_task_group.py
[2024-03-09T11:21:20.342+0000] {processor.py:840} INFO - DAG(s) 'example_task_group' retrieved from /home/airflow/.local/lib/python3.8/site-packages/airflow/example_dags/example_task_group.py
[2024-03-09T11:21:20.442+0000] {logging_mixin.py:188} INFO - [2024-03-09T11:21:20.442+0000] {dag.py:3047} INFO - Sync 1 DAGs
[2024-03-09T11:21:20.529+0000] {logging_mixin.py:188} INFO - [2024-03-09T11:21:20.529+0000] {dag.py:3834} INFO - Setting next_dagrun for example_task_group to 2024-03-08 00:00:00+00:00, run_after=2024-03-09 00:00:00+00:00
[2024-03-09T11:21:20.632+0000] {processor.py:183} INFO - Processing /home/airflow/.local/lib/python3.8/site-packages/airflow/example_dags/example_task_group.py took 0.334 seconds
[2024-03-09T13:38:16.118+0000] {processor.py:161} INFO - Started process (PID=7159) to work on /home/airflow/.local/lib/python3.8/site-packages/airflow/example_dags/example_task_group.py
[2024-03-09T13:38:16.122+0000] {processor.py:830} INFO - Processing file /home/airflow/.local/lib/python3.8/site-packages/airflow/example_dags/example_task_group.py for tasks to queue
[2024-03-09T13:38:16.126+0000] {logging_mixin.py:188} INFO - [2024-03-09T13:38:16.124+0000] {dagbag.py:540} INFO - Filling up the DagBag from /home/airflow/.local/lib/python3.8/site-packages/airflow/example_dags/example_task_group.py
[2024-03-09T13:38:16.141+0000] {processor.py:840} INFO - DAG(s) 'example_task_group' retrieved from /home/airflow/.local/lib/python3.8/site-packages/airflow/example_dags/example_task_group.py
[2024-03-09T13:38:16.336+0000] {logging_mixin.py:188} INFO - [2024-03-09T13:38:16.335+0000] {dag.py:3047} INFO - Sync 1 DAGs
[2024-03-09T13:38:16.561+0000] {logging_mixin.py:188} INFO - [2024-03-09T13:38:16.560+0000] {dag.py:3834} INFO - Setting next_dagrun for example_task_group to 2024-03-08 00:00:00+00:00, run_after=2024-03-09 00:00:00+00:00
[2024-03-09T13:38:16.621+0000] {processor.py:183} INFO - Processing /home/airflow/.local/lib/python3.8/site-packages/airflow/example_dags/example_task_group.py took 0.509 seconds
[2024-03-09T13:38:47.491+0000] {processor.py:161} INFO - Started process (PID=7406) to work on /home/airflow/.local/lib/python3.8/site-packages/airflow/example_dags/example_task_group.py
[2024-03-09T13:38:47.493+0000] {processor.py:830} INFO - Processing file /home/airflow/.local/lib/python3.8/site-packages/airflow/example_dags/example_task_group.py for tasks to queue
[2024-03-09T13:38:47.495+0000] {logging_mixin.py:188} INFO - [2024-03-09T13:38:47.495+0000] {dagbag.py:540} INFO - Filling up the DagBag from /home/airflow/.local/lib/python3.8/site-packages/airflow/example_dags/example_task_group.py
[2024-03-09T13:38:47.509+0000] {processor.py:840} INFO - DAG(s) 'example_task_group' retrieved from /home/airflow/.local/lib/python3.8/site-packages/airflow/example_dags/example_task_group.py
[2024-03-09T13:38:47.546+0000] {logging_mixin.py:188} INFO - [2024-03-09T13:38:47.545+0000] {dag.py:3047} INFO - Sync 1 DAGs
[2024-03-09T13:38:47.586+0000] {logging_mixin.py:188} INFO - [2024-03-09T13:38:47.586+0000] {dag.py:3834} INFO - Setting next_dagrun for example_task_group to 2024-03-08 00:00:00+00:00, run_after=2024-03-09 00:00:00+00:00
[2024-03-09T13:38:47.624+0000] {processor.py:183} INFO - Processing /home/airflow/.local/lib/python3.8/site-packages/airflow/example_dags/example_task_group.py took 0.138 seconds
[2024-03-09T13:39:17.696+0000] {processor.py:161} INFO - Started process (PID=7650) to work on /home/airflow/.local/lib/python3.8/site-packages/airflow/example_dags/example_task_group.py
[2024-03-09T13:39:17.697+0000] {processor.py:830} INFO - Processing file /home/airflow/.local/lib/python3.8/site-packages/airflow/example_dags/example_task_group.py for tasks to queue
[2024-03-09T13:39:17.700+0000] {logging_mixin.py:188} INFO - [2024-03-09T13:39:17.699+0000] {dagbag.py:540} INFO - Filling up the DagBag from /home/airflow/.local/lib/python3.8/site-packages/airflow/example_dags/example_task_group.py
[2024-03-09T13:39:17.717+0000] {processor.py:840} INFO - DAG(s) 'example_task_group' retrieved from /home/airflow/.local/lib/python3.8/site-packages/airflow/example_dags/example_task_group.py
[2024-03-09T13:39:17.758+0000] {logging_mixin.py:188} INFO - [2024-03-09T13:39:17.757+0000] {dag.py:3047} INFO - Sync 1 DAGs
[2024-03-09T13:39:17.808+0000] {logging_mixin.py:188} INFO - [2024-03-09T13:39:17.807+0000] {dag.py:3834} INFO - Setting next_dagrun for example_task_group to 2024-03-08 00:00:00+00:00, run_after=2024-03-09 00:00:00+00:00
[2024-03-09T13:39:17.843+0000] {processor.py:183} INFO - Processing /home/airflow/.local/lib/python3.8/site-packages/airflow/example_dags/example_task_group.py took 0.153 seconds
[2024-03-09T13:39:48.168+0000] {processor.py:161} INFO - Started process (PID=7897) to work on /home/airflow/.local/lib/python3.8/site-packages/airflow/example_dags/example_task_group.py
[2024-03-09T13:39:48.171+0000] {processor.py:830} INFO - Processing file /home/airflow/.local/lib/python3.8/site-packages/airflow/example_dags/example_task_group.py for tasks to queue
[2024-03-09T13:39:48.173+0000] {logging_mixin.py:188} INFO - [2024-03-09T13:39:48.172+0000] {dagbag.py:540} INFO - Filling up the DagBag from /home/airflow/.local/lib/python3.8/site-packages/airflow/example_dags/example_task_group.py
[2024-03-09T13:39:48.186+0000] {processor.py:840} INFO - DAG(s) 'example_task_group' retrieved from /home/airflow/.local/lib/python3.8/site-packages/airflow/example_dags/example_task_group.py
[2024-03-09T13:39:48.222+0000] {logging_mixin.py:188} INFO - [2024-03-09T13:39:48.221+0000] {dag.py:3047} INFO - Sync 1 DAGs
[2024-03-09T13:39:48.255+0000] {logging_mixin.py:188} INFO - [2024-03-09T13:39:48.255+0000] {dag.py:3834} INFO - Setting next_dagrun for example_task_group to 2024-03-08 00:00:00+00:00, run_after=2024-03-09 00:00:00+00:00
[2024-03-09T13:39:48.290+0000] {processor.py:183} INFO - Processing /home/airflow/.local/lib/python3.8/site-packages/airflow/example_dags/example_task_group.py took 0.127 seconds
[2024-03-09T13:40:18.471+0000] {processor.py:161} INFO - Started process (PID=8144) to work on /home/airflow/.local/lib/python3.8/site-packages/airflow/example_dags/example_task_group.py
[2024-03-09T13:40:18.473+0000] {processor.py:830} INFO - Processing file /home/airflow/.local/lib/python3.8/site-packages/airflow/example_dags/example_task_group.py for tasks to queue
[2024-03-09T13:40:18.475+0000] {logging_mixin.py:188} INFO - [2024-03-09T13:40:18.475+0000] {dagbag.py:540} INFO - Filling up the DagBag from /home/airflow/.local/lib/python3.8/site-packages/airflow/example_dags/example_task_group.py
[2024-03-09T13:40:18.489+0000] {processor.py:840} INFO - DAG(s) 'example_task_group' retrieved from /home/airflow/.local/lib/python3.8/site-packages/airflow/example_dags/example_task_group.py
[2024-03-09T13:40:18.528+0000] {logging_mixin.py:188} INFO - [2024-03-09T13:40:18.528+0000] {dag.py:3047} INFO - Sync 1 DAGs
[2024-03-09T13:40:18.561+0000] {logging_mixin.py:188} INFO - [2024-03-09T13:40:18.561+0000] {dag.py:3834} INFO - Setting next_dagrun for example_task_group to 2024-03-08 00:00:00+00:00, run_after=2024-03-09 00:00:00+00:00
[2024-03-09T13:40:18.596+0000] {processor.py:183} INFO - Processing /home/airflow/.local/lib/python3.8/site-packages/airflow/example_dags/example_task_group.py took 0.129 seconds
[2024-03-09T13:40:48.774+0000] {processor.py:161} INFO - Started process (PID=8391) to work on /home/airflow/.local/lib/python3.8/site-packages/airflow/example_dags/example_task_group.py
[2024-03-09T13:40:48.776+0000] {processor.py:830} INFO - Processing file /home/airflow/.local/lib/python3.8/site-packages/airflow/example_dags/example_task_group.py for tasks to queue
[2024-03-09T13:40:48.778+0000] {logging_mixin.py:188} INFO - [2024-03-09T13:40:48.778+0000] {dagbag.py:540} INFO - Filling up the DagBag from /home/airflow/.local/lib/python3.8/site-packages/airflow/example_dags/example_task_group.py
[2024-03-09T13:40:48.791+0000] {processor.py:840} INFO - DAG(s) 'example_task_group' retrieved from /home/airflow/.local/lib/python3.8/site-packages/airflow/example_dags/example_task_group.py
[2024-03-09T13:40:48.832+0000] {logging_mixin.py:188} INFO - [2024-03-09T13:40:48.832+0000] {dag.py:3047} INFO - Sync 1 DAGs
[2024-03-09T13:40:48.869+0000] {logging_mixin.py:188} INFO - [2024-03-09T13:40:48.869+0000] {dag.py:3834} INFO - Setting next_dagrun for example_task_group to 2024-03-08 00:00:00+00:00, run_after=2024-03-09 00:00:00+00:00
[2024-03-09T13:40:48.907+0000] {processor.py:183} INFO - Processing /home/airflow/.local/lib/python3.8/site-packages/airflow/example_dags/example_task_group.py took 0.139 seconds
[2024-03-09T13:41:19.060+0000] {processor.py:161} INFO - Started process (PID=8638) to work on /home/airflow/.local/lib/python3.8/site-packages/airflow/example_dags/example_task_group.py
[2024-03-09T13:41:19.062+0000] {processor.py:830} INFO - Processing file /home/airflow/.local/lib/python3.8/site-packages/airflow/example_dags/example_task_group.py for tasks to queue
[2024-03-09T13:41:19.064+0000] {logging_mixin.py:188} INFO - [2024-03-09T13:41:19.063+0000] {dagbag.py:540} INFO - Filling up the DagBag from /home/airflow/.local/lib/python3.8/site-packages/airflow/example_dags/example_task_group.py
[2024-03-09T13:41:19.076+0000] {processor.py:840} INFO - DAG(s) 'example_task_group' retrieved from /home/airflow/.local/lib/python3.8/site-packages/airflow/example_dags/example_task_group.py
[2024-03-09T13:41:19.119+0000] {logging_mixin.py:188} INFO - [2024-03-09T13:41:19.118+0000] {dag.py:3047} INFO - Sync 1 DAGs
[2024-03-09T13:41:19.155+0000] {logging_mixin.py:188} INFO - [2024-03-09T13:41:19.154+0000] {dag.py:3834} INFO - Setting next_dagrun for example_task_group to 2024-03-08 00:00:00+00:00, run_after=2024-03-09 00:00:00+00:00
[2024-03-09T13:41:19.188+0000] {processor.py:183} INFO - Processing /home/airflow/.local/lib/python3.8/site-packages/airflow/example_dags/example_task_group.py took 0.134 seconds
[2024-03-09T13:41:49.296+0000] {processor.py:161} INFO - Started process (PID=8883) to work on /home/airflow/.local/lib/python3.8/site-packages/airflow/example_dags/example_task_group.py
[2024-03-09T13:41:49.297+0000] {processor.py:830} INFO - Processing file /home/airflow/.local/lib/python3.8/site-packages/airflow/example_dags/example_task_group.py for tasks to queue
[2024-03-09T13:41:49.299+0000] {logging_mixin.py:188} INFO - [2024-03-09T13:41:49.299+0000] {dagbag.py:540} INFO - Filling up the DagBag from /home/airflow/.local/lib/python3.8/site-packages/airflow/example_dags/example_task_group.py
[2024-03-09T13:41:49.312+0000] {processor.py:840} INFO - DAG(s) 'example_task_group' retrieved from /home/airflow/.local/lib/python3.8/site-packages/airflow/example_dags/example_task_group.py
[2024-03-09T13:41:49.345+0000] {logging_mixin.py:188} INFO - [2024-03-09T13:41:49.345+0000] {dag.py:3047} INFO - Sync 1 DAGs
[2024-03-09T13:41:49.380+0000] {logging_mixin.py:188} INFO - [2024-03-09T13:41:49.379+0000] {dag.py:3834} INFO - Setting next_dagrun for example_task_group to 2024-03-08 00:00:00+00:00, run_after=2024-03-09 00:00:00+00:00
[2024-03-09T13:41:49.414+0000] {processor.py:183} INFO - Processing /home/airflow/.local/lib/python3.8/site-packages/airflow/example_dags/example_task_group.py took 0.124 seconds
[2024-03-09T13:42:19.692+0000] {processor.py:161} INFO - Started process (PID=9130) to work on /home/airflow/.local/lib/python3.8/site-packages/airflow/example_dags/example_task_group.py
[2024-03-09T13:42:19.694+0000] {processor.py:830} INFO - Processing file /home/airflow/.local/lib/python3.8/site-packages/airflow/example_dags/example_task_group.py for tasks to queue
[2024-03-09T13:42:19.695+0000] {logging_mixin.py:188} INFO - [2024-03-09T13:42:19.695+0000] {dagbag.py:540} INFO - Filling up the DagBag from /home/airflow/.local/lib/python3.8/site-packages/airflow/example_dags/example_task_group.py
[2024-03-09T13:42:19.708+0000] {processor.py:840} INFO - DAG(s) 'example_task_group' retrieved from /home/airflow/.local/lib/python3.8/site-packages/airflow/example_dags/example_task_group.py
[2024-03-09T13:42:19.750+0000] {logging_mixin.py:188} INFO - [2024-03-09T13:42:19.750+0000] {dag.py:3047} INFO - Sync 1 DAGs
[2024-03-09T13:42:19.785+0000] {logging_mixin.py:188} INFO - [2024-03-09T13:42:19.785+0000] {dag.py:3834} INFO - Setting next_dagrun for example_task_group to 2024-03-08 00:00:00+00:00, run_after=2024-03-09 00:00:00+00:00
[2024-03-09T13:42:19.816+0000] {processor.py:183} INFO - Processing /home/airflow/.local/lib/python3.8/site-packages/airflow/example_dags/example_task_group.py took 0.130 seconds
[2024-03-09T13:42:49.935+0000] {processor.py:161} INFO - Started process (PID=9377) to work on /home/airflow/.local/lib/python3.8/site-packages/airflow/example_dags/example_task_group.py
[2024-03-09T13:42:49.937+0000] {processor.py:830} INFO - Processing file /home/airflow/.local/lib/python3.8/site-packages/airflow/example_dags/example_task_group.py for tasks to queue
[2024-03-09T13:42:49.940+0000] {logging_mixin.py:188} INFO - [2024-03-09T13:42:49.939+0000] {dagbag.py:540} INFO - Filling up the DagBag from /home/airflow/.local/lib/python3.8/site-packages/airflow/example_dags/example_task_group.py
[2024-03-09T13:42:49.952+0000] {processor.py:840} INFO - DAG(s) 'example_task_group' retrieved from /home/airflow/.local/lib/python3.8/site-packages/airflow/example_dags/example_task_group.py
[2024-03-09T13:42:49.991+0000] {logging_mixin.py:188} INFO - [2024-03-09T13:42:49.991+0000] {dag.py:3047} INFO - Sync 1 DAGs
[2024-03-09T13:42:50.030+0000] {logging_mixin.py:188} INFO - [2024-03-09T13:42:50.029+0000] {dag.py:3834} INFO - Setting next_dagrun for example_task_group to 2024-03-08 00:00:00+00:00, run_after=2024-03-09 00:00:00+00:00
[2024-03-09T13:42:50.065+0000] {processor.py:183} INFO - Processing /home/airflow/.local/lib/python3.8/site-packages/airflow/example_dags/example_task_group.py took 0.135 seconds
[2024-03-09T13:43:20.219+0000] {processor.py:161} INFO - Started process (PID=9624) to work on /home/airflow/.local/lib/python3.8/site-packages/airflow/example_dags/example_task_group.py
[2024-03-09T13:43:20.221+0000] {processor.py:830} INFO - Processing file /home/airflow/.local/lib/python3.8/site-packages/airflow/example_dags/example_task_group.py for tasks to queue
[2024-03-09T13:43:20.223+0000] {logging_mixin.py:188} INFO - [2024-03-09T13:43:20.222+0000] {dagbag.py:540} INFO - Filling up the DagBag from /home/airflow/.local/lib/python3.8/site-packages/airflow/example_dags/example_task_group.py
[2024-03-09T13:43:20.234+0000] {processor.py:840} INFO - DAG(s) 'example_task_group' retrieved from /home/airflow/.local/lib/python3.8/site-packages/airflow/example_dags/example_task_group.py
[2024-03-09T13:43:20.269+0000] {logging_mixin.py:188} INFO - [2024-03-09T13:43:20.268+0000] {dag.py:3047} INFO - Sync 1 DAGs
[2024-03-09T13:43:20.304+0000] {logging_mixin.py:188} INFO - [2024-03-09T13:43:20.304+0000] {dag.py:3834} INFO - Setting next_dagrun for example_task_group to 2024-03-08 00:00:00+00:00, run_after=2024-03-09 00:00:00+00:00
[2024-03-09T13:43:20.337+0000] {processor.py:183} INFO - Processing /home/airflow/.local/lib/python3.8/site-packages/airflow/example_dags/example_task_group.py took 0.123 seconds
[2024-03-09T13:43:51.149+0000] {processor.py:161} INFO - Started process (PID=9871) to work on /home/airflow/.local/lib/python3.8/site-packages/airflow/example_dags/example_task_group.py
[2024-03-09T13:43:51.151+0000] {processor.py:830} INFO - Processing file /home/airflow/.local/lib/python3.8/site-packages/airflow/example_dags/example_task_group.py for tasks to queue
[2024-03-09T13:43:51.153+0000] {logging_mixin.py:188} INFO - [2024-03-09T13:43:51.152+0000] {dagbag.py:540} INFO - Filling up the DagBag from /home/airflow/.local/lib/python3.8/site-packages/airflow/example_dags/example_task_group.py
[2024-03-09T13:43:51.166+0000] {processor.py:840} INFO - DAG(s) 'example_task_group' retrieved from /home/airflow/.local/lib/python3.8/site-packages/airflow/example_dags/example_task_group.py
[2024-03-09T13:43:51.200+0000] {logging_mixin.py:188} INFO - [2024-03-09T13:43:51.200+0000] {dag.py:3047} INFO - Sync 1 DAGs
[2024-03-09T13:43:51.240+0000] {logging_mixin.py:188} INFO - [2024-03-09T13:43:51.240+0000] {dag.py:3834} INFO - Setting next_dagrun for example_task_group to 2024-03-08 00:00:00+00:00, run_after=2024-03-09 00:00:00+00:00
[2024-03-09T13:43:51.274+0000] {processor.py:183} INFO - Processing /home/airflow/.local/lib/python3.8/site-packages/airflow/example_dags/example_task_group.py took 0.132 seconds
