[2024-03-09T11:07:32.251+0000] {processor.py:161} INFO - Started process (PID=309) to work on /home/airflow/.local/lib/python3.8/site-packages/airflow/example_dags/example_branch_operator.py
[2024-03-09T11:07:32.253+0000] {processor.py:830} INFO - Processing file /home/airflow/.local/lib/python3.8/site-packages/airflow/example_dags/example_branch_operator.py for tasks to queue
[2024-03-09T11:07:32.256+0000] {logging_mixin.py:188} INFO - [2024-03-09T11:07:32.255+0000] {dagbag.py:540} INFO - Filling up the DagBag from /home/airflow/.local/lib/python3.8/site-packages/airflow/example_dags/example_branch_operator.py
[2024-03-09T11:07:32.303+0000] {processor.py:840} INFO - DAG(s) 'example_branch_operator' retrieved from /home/airflow/.local/lib/python3.8/site-packages/airflow/example_dags/example_branch_operator.py
[2024-03-09T11:07:32.540+0000] {logging_mixin.py:188} INFO - [2024-03-09T11:07:32.540+0000] {dag.py:3047} INFO - Sync 1 DAGs
[2024-03-09T11:07:32.582+0000] {logging_mixin.py:188} INFO - [2024-03-09T11:07:32.582+0000] {dag.py:3834} INFO - Setting next_dagrun for example_branch_operator to 2024-03-08 00:00:00+00:00, run_after=2024-03-09 00:00:00+00:00
[2024-03-09T11:07:32.624+0000] {processor.py:183} INFO - Processing /home/airflow/.local/lib/python3.8/site-packages/airflow/example_dags/example_branch_operator.py took 0.379 seconds
[2024-03-09T11:08:03.291+0000] {processor.py:161} INFO - Started process (PID=556) to work on /home/airflow/.local/lib/python3.8/site-packages/airflow/example_dags/example_branch_operator.py
[2024-03-09T11:08:03.293+0000] {processor.py:830} INFO - Processing file /home/airflow/.local/lib/python3.8/site-packages/airflow/example_dags/example_branch_operator.py for tasks to queue
[2024-03-09T11:08:03.295+0000] {logging_mixin.py:188} INFO - [2024-03-09T11:08:03.295+0000] {dagbag.py:540} INFO - Filling up the DagBag from /home/airflow/.local/lib/python3.8/site-packages/airflow/example_dags/example_branch_operator.py
[2024-03-09T11:08:03.327+0000] {processor.py:840} INFO - DAG(s) 'example_branch_operator' retrieved from /home/airflow/.local/lib/python3.8/site-packages/airflow/example_dags/example_branch_operator.py
[2024-03-09T11:08:03.376+0000] {logging_mixin.py:188} INFO - [2024-03-09T11:08:03.375+0000] {dag.py:3047} INFO - Sync 1 DAGs
[2024-03-09T11:08:03.415+0000] {logging_mixin.py:188} INFO - [2024-03-09T11:08:03.414+0000] {dag.py:3834} INFO - Setting next_dagrun for example_branch_operator to 2024-03-08 00:00:00+00:00, run_after=2024-03-09 00:00:00+00:00
[2024-03-09T11:08:03.458+0000] {processor.py:183} INFO - Processing /home/airflow/.local/lib/python3.8/site-packages/airflow/example_dags/example_branch_operator.py took 0.172 seconds
[2024-03-09T11:08:33.930+0000] {processor.py:161} INFO - Started process (PID=803) to work on /home/airflow/.local/lib/python3.8/site-packages/airflow/example_dags/example_branch_operator.py
[2024-03-09T11:08:33.932+0000] {processor.py:830} INFO - Processing file /home/airflow/.local/lib/python3.8/site-packages/airflow/example_dags/example_branch_operator.py for tasks to queue
[2024-03-09T11:08:33.934+0000] {logging_mixin.py:188} INFO - [2024-03-09T11:08:33.933+0000] {dagbag.py:540} INFO - Filling up the DagBag from /home/airflow/.local/lib/python3.8/site-packages/airflow/example_dags/example_branch_operator.py
[2024-03-09T11:08:33.966+0000] {processor.py:840} INFO - DAG(s) 'example_branch_operator' retrieved from /home/airflow/.local/lib/python3.8/site-packages/airflow/example_dags/example_branch_operator.py
[2024-03-09T11:08:34.011+0000] {logging_mixin.py:188} INFO - [2024-03-09T11:08:34.011+0000] {dag.py:3047} INFO - Sync 1 DAGs
[2024-03-09T11:08:34.093+0000] {logging_mixin.py:188} INFO - [2024-03-09T11:08:34.092+0000] {dag.py:3834} INFO - Setting next_dagrun for example_branch_operator to 2024-03-08 00:00:00+00:00, run_after=2024-03-09 00:00:00+00:00
[2024-03-09T11:08:34.125+0000] {processor.py:183} INFO - Processing /home/airflow/.local/lib/python3.8/site-packages/airflow/example_dags/example_branch_operator.py took 0.202 seconds
[2024-03-09T11:09:04.970+0000] {processor.py:161} INFO - Started process (PID=1057) to work on /home/airflow/.local/lib/python3.8/site-packages/airflow/example_dags/example_branch_operator.py
[2024-03-09T11:09:04.977+0000] {processor.py:830} INFO - Processing file /home/airflow/.local/lib/python3.8/site-packages/airflow/example_dags/example_branch_operator.py for tasks to queue
[2024-03-09T11:09:04.983+0000] {logging_mixin.py:188} INFO - [2024-03-09T11:09:04.982+0000] {dagbag.py:540} INFO - Filling up the DagBag from /home/airflow/.local/lib/python3.8/site-packages/airflow/example_dags/example_branch_operator.py
[2024-03-09T11:09:05.058+0000] {processor.py:840} INFO - DAG(s) 'example_branch_operator' retrieved from /home/airflow/.local/lib/python3.8/site-packages/airflow/example_dags/example_branch_operator.py
[2024-03-09T11:09:05.124+0000] {logging_mixin.py:188} INFO - [2024-03-09T11:09:05.123+0000] {dag.py:3047} INFO - Sync 1 DAGs
[2024-03-09T11:09:05.188+0000] {logging_mixin.py:188} INFO - [2024-03-09T11:09:05.187+0000] {dag.py:3834} INFO - Setting next_dagrun for example_branch_operator to 2024-03-08 00:00:00+00:00, run_after=2024-03-09 00:00:00+00:00
[2024-03-09T11:09:05.229+0000] {processor.py:183} INFO - Processing /home/airflow/.local/lib/python3.8/site-packages/airflow/example_dags/example_branch_operator.py took 0.266 seconds
[2024-03-09T11:09:35.397+0000] {processor.py:161} INFO - Started process (PID=1304) to work on /home/airflow/.local/lib/python3.8/site-packages/airflow/example_dags/example_branch_operator.py
[2024-03-09T11:09:35.399+0000] {processor.py:830} INFO - Processing file /home/airflow/.local/lib/python3.8/site-packages/airflow/example_dags/example_branch_operator.py for tasks to queue
[2024-03-09T11:09:35.401+0000] {logging_mixin.py:188} INFO - [2024-03-09T11:09:35.401+0000] {dagbag.py:540} INFO - Filling up the DagBag from /home/airflow/.local/lib/python3.8/site-packages/airflow/example_dags/example_branch_operator.py
[2024-03-09T11:09:35.442+0000] {processor.py:840} INFO - DAG(s) 'example_branch_operator' retrieved from /home/airflow/.local/lib/python3.8/site-packages/airflow/example_dags/example_branch_operator.py
[2024-03-09T11:09:35.501+0000] {logging_mixin.py:188} INFO - [2024-03-09T11:09:35.500+0000] {dag.py:3047} INFO - Sync 1 DAGs
[2024-03-09T11:09:35.546+0000] {logging_mixin.py:188} INFO - [2024-03-09T11:09:35.546+0000] {dag.py:3834} INFO - Setting next_dagrun for example_branch_operator to 2024-03-08 00:00:00+00:00, run_after=2024-03-09 00:00:00+00:00
[2024-03-09T11:09:35.588+0000] {processor.py:183} INFO - Processing /home/airflow/.local/lib/python3.8/site-packages/airflow/example_dags/example_branch_operator.py took 0.197 seconds
[2024-03-09T11:10:06.427+0000] {processor.py:161} INFO - Started process (PID=1551) to work on /home/airflow/.local/lib/python3.8/site-packages/airflow/example_dags/example_branch_operator.py
[2024-03-09T11:10:06.429+0000] {processor.py:830} INFO - Processing file /home/airflow/.local/lib/python3.8/site-packages/airflow/example_dags/example_branch_operator.py for tasks to queue
[2024-03-09T11:10:06.431+0000] {logging_mixin.py:188} INFO - [2024-03-09T11:10:06.430+0000] {dagbag.py:540} INFO - Filling up the DagBag from /home/airflow/.local/lib/python3.8/site-packages/airflow/example_dags/example_branch_operator.py
[2024-03-09T11:10:06.464+0000] {processor.py:840} INFO - DAG(s) 'example_branch_operator' retrieved from /home/airflow/.local/lib/python3.8/site-packages/airflow/example_dags/example_branch_operator.py
[2024-03-09T11:10:06.520+0000] {logging_mixin.py:188} INFO - [2024-03-09T11:10:06.519+0000] {dag.py:3047} INFO - Sync 1 DAGs
[2024-03-09T11:10:06.568+0000] {logging_mixin.py:188} INFO - [2024-03-09T11:10:06.568+0000] {dag.py:3834} INFO - Setting next_dagrun for example_branch_operator to 2024-03-08 00:00:00+00:00, run_after=2024-03-09 00:00:00+00:00
[2024-03-09T11:10:06.607+0000] {processor.py:183} INFO - Processing /home/airflow/.local/lib/python3.8/site-packages/airflow/example_dags/example_branch_operator.py took 0.185 seconds
[2024-03-09T11:10:37.403+0000] {processor.py:161} INFO - Started process (PID=1798) to work on /home/airflow/.local/lib/python3.8/site-packages/airflow/example_dags/example_branch_operator.py
[2024-03-09T11:10:37.405+0000] {processor.py:830} INFO - Processing file /home/airflow/.local/lib/python3.8/site-packages/airflow/example_dags/example_branch_operator.py for tasks to queue
[2024-03-09T11:10:37.407+0000] {logging_mixin.py:188} INFO - [2024-03-09T11:10:37.406+0000] {dagbag.py:540} INFO - Filling up the DagBag from /home/airflow/.local/lib/python3.8/site-packages/airflow/example_dags/example_branch_operator.py
[2024-03-09T11:10:37.442+0000] {processor.py:840} INFO - DAG(s) 'example_branch_operator' retrieved from /home/airflow/.local/lib/python3.8/site-packages/airflow/example_dags/example_branch_operator.py
[2024-03-09T11:10:37.491+0000] {logging_mixin.py:188} INFO - [2024-03-09T11:10:37.491+0000] {dag.py:3047} INFO - Sync 1 DAGs
[2024-03-09T11:10:37.534+0000] {logging_mixin.py:188} INFO - [2024-03-09T11:10:37.533+0000] {dag.py:3834} INFO - Setting next_dagrun for example_branch_operator to 2024-03-08 00:00:00+00:00, run_after=2024-03-09 00:00:00+00:00
[2024-03-09T11:10:37.570+0000] {processor.py:183} INFO - Processing /home/airflow/.local/lib/python3.8/site-packages/airflow/example_dags/example_branch_operator.py took 0.174 seconds
[2024-03-09T11:11:07.707+0000] {processor.py:161} INFO - Started process (PID=2048) to work on /home/airflow/.local/lib/python3.8/site-packages/airflow/example_dags/example_branch_operator.py
[2024-03-09T11:11:07.709+0000] {processor.py:830} INFO - Processing file /home/airflow/.local/lib/python3.8/site-packages/airflow/example_dags/example_branch_operator.py for tasks to queue
[2024-03-09T11:11:07.713+0000] {logging_mixin.py:188} INFO - [2024-03-09T11:11:07.712+0000] {dagbag.py:540} INFO - Filling up the DagBag from /home/airflow/.local/lib/python3.8/site-packages/airflow/example_dags/example_branch_operator.py
[2024-03-09T11:11:07.748+0000] {processor.py:840} INFO - DAG(s) 'example_branch_operator' retrieved from /home/airflow/.local/lib/python3.8/site-packages/airflow/example_dags/example_branch_operator.py
[2024-03-09T11:11:07.844+0000] {logging_mixin.py:188} INFO - [2024-03-09T11:11:07.843+0000] {dag.py:3047} INFO - Sync 1 DAGs
[2024-03-09T11:11:07.911+0000] {logging_mixin.py:188} INFO - [2024-03-09T11:11:07.911+0000] {dag.py:3834} INFO - Setting next_dagrun for example_branch_operator to 2024-03-08 00:00:00+00:00, run_after=2024-03-09 00:00:00+00:00
[2024-03-09T11:11:07.956+0000] {processor.py:183} INFO - Processing /home/airflow/.local/lib/python3.8/site-packages/airflow/example_dags/example_branch_operator.py took 0.256 seconds
[2024-03-09T11:11:38.214+0000] {processor.py:161} INFO - Started process (PID=2292) to work on /home/airflow/.local/lib/python3.8/site-packages/airflow/example_dags/example_branch_operator.py
[2024-03-09T11:11:38.221+0000] {processor.py:830} INFO - Processing file /home/airflow/.local/lib/python3.8/site-packages/airflow/example_dags/example_branch_operator.py for tasks to queue
[2024-03-09T11:11:38.223+0000] {logging_mixin.py:188} INFO - [2024-03-09T11:11:38.222+0000] {dagbag.py:540} INFO - Filling up the DagBag from /home/airflow/.local/lib/python3.8/site-packages/airflow/example_dags/example_branch_operator.py
[2024-03-09T11:11:38.273+0000] {processor.py:840} INFO - DAG(s) 'example_branch_operator' retrieved from /home/airflow/.local/lib/python3.8/site-packages/airflow/example_dags/example_branch_operator.py
[2024-03-09T11:11:38.353+0000] {logging_mixin.py:188} INFO - [2024-03-09T11:11:38.352+0000] {dag.py:3047} INFO - Sync 1 DAGs
[2024-03-09T11:11:38.402+0000] {logging_mixin.py:188} INFO - [2024-03-09T11:11:38.401+0000] {dag.py:3834} INFO - Setting next_dagrun for example_branch_operator to 2024-03-08 00:00:00+00:00, run_after=2024-03-09 00:00:00+00:00
[2024-03-09T11:11:38.438+0000] {processor.py:183} INFO - Processing /home/airflow/.local/lib/python3.8/site-packages/airflow/example_dags/example_branch_operator.py took 0.232 seconds
[2024-03-09T11:12:08.631+0000] {processor.py:161} INFO - Started process (PID=2539) to work on /home/airflow/.local/lib/python3.8/site-packages/airflow/example_dags/example_branch_operator.py
[2024-03-09T11:12:08.633+0000] {processor.py:830} INFO - Processing file /home/airflow/.local/lib/python3.8/site-packages/airflow/example_dags/example_branch_operator.py for tasks to queue
[2024-03-09T11:12:08.635+0000] {logging_mixin.py:188} INFO - [2024-03-09T11:12:08.634+0000] {dagbag.py:540} INFO - Filling up the DagBag from /home/airflow/.local/lib/python3.8/site-packages/airflow/example_dags/example_branch_operator.py
[2024-03-09T11:12:08.666+0000] {processor.py:840} INFO - DAG(s) 'example_branch_operator' retrieved from /home/airflow/.local/lib/python3.8/site-packages/airflow/example_dags/example_branch_operator.py
[2024-03-09T11:12:08.717+0000] {logging_mixin.py:188} INFO - [2024-03-09T11:12:08.717+0000] {dag.py:3047} INFO - Sync 1 DAGs
[2024-03-09T11:12:08.762+0000] {logging_mixin.py:188} INFO - [2024-03-09T11:12:08.762+0000] {dag.py:3834} INFO - Setting next_dagrun for example_branch_operator to 2024-03-08 00:00:00+00:00, run_after=2024-03-09 00:00:00+00:00
[2024-03-09T11:12:08.800+0000] {processor.py:183} INFO - Processing /home/airflow/.local/lib/python3.8/site-packages/airflow/example_dags/example_branch_operator.py took 0.174 seconds
[2024-03-09T11:12:38.951+0000] {processor.py:161} INFO - Started process (PID=2786) to work on /home/airflow/.local/lib/python3.8/site-packages/airflow/example_dags/example_branch_operator.py
[2024-03-09T11:12:38.954+0000] {processor.py:830} INFO - Processing file /home/airflow/.local/lib/python3.8/site-packages/airflow/example_dags/example_branch_operator.py for tasks to queue
[2024-03-09T11:12:38.956+0000] {logging_mixin.py:188} INFO - [2024-03-09T11:12:38.955+0000] {dagbag.py:540} INFO - Filling up the DagBag from /home/airflow/.local/lib/python3.8/site-packages/airflow/example_dags/example_branch_operator.py
[2024-03-09T11:12:38.987+0000] {processor.py:840} INFO - DAG(s) 'example_branch_operator' retrieved from /home/airflow/.local/lib/python3.8/site-packages/airflow/example_dags/example_branch_operator.py
[2024-03-09T11:12:39.033+0000] {logging_mixin.py:188} INFO - [2024-03-09T11:12:39.033+0000] {dag.py:3047} INFO - Sync 1 DAGs
[2024-03-09T11:12:39.070+0000] {logging_mixin.py:188} INFO - [2024-03-09T11:12:39.070+0000] {dag.py:3834} INFO - Setting next_dagrun for example_branch_operator to 2024-03-08 00:00:00+00:00, run_after=2024-03-09 00:00:00+00:00
[2024-03-09T11:12:39.103+0000] {processor.py:183} INFO - Processing /home/airflow/.local/lib/python3.8/site-packages/airflow/example_dags/example_branch_operator.py took 0.158 seconds
[2024-03-09T11:13:09.688+0000] {processor.py:161} INFO - Started process (PID=3033) to work on /home/airflow/.local/lib/python3.8/site-packages/airflow/example_dags/example_branch_operator.py
[2024-03-09T11:13:09.691+0000] {processor.py:830} INFO - Processing file /home/airflow/.local/lib/python3.8/site-packages/airflow/example_dags/example_branch_operator.py for tasks to queue
[2024-03-09T11:13:09.692+0000] {logging_mixin.py:188} INFO - [2024-03-09T11:13:09.692+0000] {dagbag.py:540} INFO - Filling up the DagBag from /home/airflow/.local/lib/python3.8/site-packages/airflow/example_dags/example_branch_operator.py
[2024-03-09T11:13:09.721+0000] {processor.py:840} INFO - DAG(s) 'example_branch_operator' retrieved from /home/airflow/.local/lib/python3.8/site-packages/airflow/example_dags/example_branch_operator.py
[2024-03-09T11:13:09.771+0000] {logging_mixin.py:188} INFO - [2024-03-09T11:13:09.770+0000] {dag.py:3047} INFO - Sync 1 DAGs
[2024-03-09T11:13:09.811+0000] {logging_mixin.py:188} INFO - [2024-03-09T11:13:09.810+0000] {dag.py:3834} INFO - Setting next_dagrun for example_branch_operator to 2024-03-08 00:00:00+00:00, run_after=2024-03-09 00:00:00+00:00
[2024-03-09T11:13:09.841+0000] {processor.py:183} INFO - Processing /home/airflow/.local/lib/python3.8/site-packages/airflow/example_dags/example_branch_operator.py took 0.159 seconds
[2024-03-09T11:13:45.823+0000] {processor.py:161} INFO - Started process (PID=3298) to work on /home/airflow/.local/lib/python3.8/site-packages/airflow/example_dags/example_branch_operator.py
[2024-03-09T11:13:45.826+0000] {processor.py:830} INFO - Processing file /home/airflow/.local/lib/python3.8/site-packages/airflow/example_dags/example_branch_operator.py for tasks to queue
[2024-03-09T11:13:45.828+0000] {logging_mixin.py:188} INFO - [2024-03-09T11:13:45.827+0000] {dagbag.py:540} INFO - Filling up the DagBag from /home/airflow/.local/lib/python3.8/site-packages/airflow/example_dags/example_branch_operator.py
[2024-03-09T11:13:45.859+0000] {processor.py:840} INFO - DAG(s) 'example_branch_operator' retrieved from /home/airflow/.local/lib/python3.8/site-packages/airflow/example_dags/example_branch_operator.py
[2024-03-09T11:13:45.925+0000] {logging_mixin.py:188} INFO - [2024-03-09T11:13:45.924+0000] {dag.py:3047} INFO - Sync 1 DAGs
[2024-03-09T11:13:45.992+0000] {logging_mixin.py:188} INFO - [2024-03-09T11:13:45.992+0000] {dag.py:3834} INFO - Setting next_dagrun for example_branch_operator to 2024-03-08 00:00:00+00:00, run_after=2024-03-09 00:00:00+00:00
[2024-03-09T11:13:46.055+0000] {processor.py:183} INFO - Processing /home/airflow/.local/lib/python3.8/site-packages/airflow/example_dags/example_branch_operator.py took 0.237 seconds
[2024-03-09T11:14:16.434+0000] {processor.py:161} INFO - Started process (PID=3551) to work on /home/airflow/.local/lib/python3.8/site-packages/airflow/example_dags/example_branch_operator.py
[2024-03-09T11:14:16.436+0000] {processor.py:830} INFO - Processing file /home/airflow/.local/lib/python3.8/site-packages/airflow/example_dags/example_branch_operator.py for tasks to queue
[2024-03-09T11:14:16.438+0000] {logging_mixin.py:188} INFO - [2024-03-09T11:14:16.438+0000] {dagbag.py:540} INFO - Filling up the DagBag from /home/airflow/.local/lib/python3.8/site-packages/airflow/example_dags/example_branch_operator.py
[2024-03-09T11:14:16.470+0000] {processor.py:840} INFO - DAG(s) 'example_branch_operator' retrieved from /home/airflow/.local/lib/python3.8/site-packages/airflow/example_dags/example_branch_operator.py
[2024-03-09T11:14:16.516+0000] {logging_mixin.py:188} INFO - [2024-03-09T11:14:16.516+0000] {dag.py:3047} INFO - Sync 1 DAGs
[2024-03-09T11:14:16.552+0000] {logging_mixin.py:188} INFO - [2024-03-09T11:14:16.552+0000] {dag.py:3834} INFO - Setting next_dagrun for example_branch_operator to 2024-03-08 00:00:00+00:00, run_after=2024-03-09 00:00:00+00:00
[2024-03-09T11:14:16.592+0000] {processor.py:183} INFO - Processing /home/airflow/.local/lib/python3.8/site-packages/airflow/example_dags/example_branch_operator.py took 0.164 seconds
[2024-03-09T11:14:46.794+0000] {processor.py:161} INFO - Started process (PID=3798) to work on /home/airflow/.local/lib/python3.8/site-packages/airflow/example_dags/example_branch_operator.py
[2024-03-09T11:14:46.796+0000] {processor.py:830} INFO - Processing file /home/airflow/.local/lib/python3.8/site-packages/airflow/example_dags/example_branch_operator.py for tasks to queue
[2024-03-09T11:14:46.798+0000] {logging_mixin.py:188} INFO - [2024-03-09T11:14:46.798+0000] {dagbag.py:540} INFO - Filling up the DagBag from /home/airflow/.local/lib/python3.8/site-packages/airflow/example_dags/example_branch_operator.py
[2024-03-09T11:14:46.831+0000] {processor.py:840} INFO - DAG(s) 'example_branch_operator' retrieved from /home/airflow/.local/lib/python3.8/site-packages/airflow/example_dags/example_branch_operator.py
[2024-03-09T11:14:46.884+0000] {logging_mixin.py:188} INFO - [2024-03-09T11:14:46.884+0000] {dag.py:3047} INFO - Sync 1 DAGs
[2024-03-09T11:14:46.929+0000] {logging_mixin.py:188} INFO - [2024-03-09T11:14:46.929+0000] {dag.py:3834} INFO - Setting next_dagrun for example_branch_operator to 2024-03-08 00:00:00+00:00, run_after=2024-03-09 00:00:00+00:00
[2024-03-09T11:14:46.966+0000] {processor.py:183} INFO - Processing /home/airflow/.local/lib/python3.8/site-packages/airflow/example_dags/example_branch_operator.py took 0.179 seconds
[2024-03-09T11:15:17.310+0000] {processor.py:161} INFO - Started process (PID=4045) to work on /home/airflow/.local/lib/python3.8/site-packages/airflow/example_dags/example_branch_operator.py
[2024-03-09T11:15:17.313+0000] {processor.py:830} INFO - Processing file /home/airflow/.local/lib/python3.8/site-packages/airflow/example_dags/example_branch_operator.py for tasks to queue
[2024-03-09T11:15:17.315+0000] {logging_mixin.py:188} INFO - [2024-03-09T11:15:17.314+0000] {dagbag.py:540} INFO - Filling up the DagBag from /home/airflow/.local/lib/python3.8/site-packages/airflow/example_dags/example_branch_operator.py
[2024-03-09T11:15:17.365+0000] {processor.py:840} INFO - DAG(s) 'example_branch_operator' retrieved from /home/airflow/.local/lib/python3.8/site-packages/airflow/example_dags/example_branch_operator.py
[2024-03-09T11:15:17.479+0000] {logging_mixin.py:188} INFO - [2024-03-09T11:15:17.479+0000] {dag.py:3047} INFO - Sync 1 DAGs
[2024-03-09T11:15:17.591+0000] {logging_mixin.py:188} INFO - [2024-03-09T11:15:17.590+0000] {dag.py:3834} INFO - Setting next_dagrun for example_branch_operator to 2024-03-08 00:00:00+00:00, run_after=2024-03-09 00:00:00+00:00
[2024-03-09T11:15:17.655+0000] {processor.py:183} INFO - Processing /home/airflow/.local/lib/python3.8/site-packages/airflow/example_dags/example_branch_operator.py took 0.354 seconds
[2024-03-09T11:15:47.810+0000] {processor.py:161} INFO - Started process (PID=4295) to work on /home/airflow/.local/lib/python3.8/site-packages/airflow/example_dags/example_branch_operator.py
[2024-03-09T11:15:47.812+0000] {processor.py:830} INFO - Processing file /home/airflow/.local/lib/python3.8/site-packages/airflow/example_dags/example_branch_operator.py for tasks to queue
[2024-03-09T11:15:47.816+0000] {logging_mixin.py:188} INFO - [2024-03-09T11:15:47.815+0000] {dagbag.py:540} INFO - Filling up the DagBag from /home/airflow/.local/lib/python3.8/site-packages/airflow/example_dags/example_branch_operator.py
[2024-03-09T11:15:47.850+0000] {processor.py:840} INFO - DAG(s) 'example_branch_operator' retrieved from /home/airflow/.local/lib/python3.8/site-packages/airflow/example_dags/example_branch_operator.py
[2024-03-09T11:15:47.900+0000] {logging_mixin.py:188} INFO - [2024-03-09T11:15:47.899+0000] {dag.py:3047} INFO - Sync 1 DAGs
[2024-03-09T11:15:47.935+0000] {logging_mixin.py:188} INFO - [2024-03-09T11:15:47.934+0000] {dag.py:3834} INFO - Setting next_dagrun for example_branch_operator to 2024-03-08 00:00:00+00:00, run_after=2024-03-09 00:00:00+00:00
[2024-03-09T11:15:47.968+0000] {processor.py:183} INFO - Processing /home/airflow/.local/lib/python3.8/site-packages/airflow/example_dags/example_branch_operator.py took 0.167 seconds
[2024-03-09T11:16:18.060+0000] {processor.py:161} INFO - Started process (PID=4537) to work on /home/airflow/.local/lib/python3.8/site-packages/airflow/example_dags/example_branch_operator.py
[2024-03-09T11:16:18.062+0000] {processor.py:830} INFO - Processing file /home/airflow/.local/lib/python3.8/site-packages/airflow/example_dags/example_branch_operator.py for tasks to queue
[2024-03-09T11:16:18.064+0000] {logging_mixin.py:188} INFO - [2024-03-09T11:16:18.064+0000] {dagbag.py:540} INFO - Filling up the DagBag from /home/airflow/.local/lib/python3.8/site-packages/airflow/example_dags/example_branch_operator.py
[2024-03-09T11:16:18.093+0000] {processor.py:840} INFO - DAG(s) 'example_branch_operator' retrieved from /home/airflow/.local/lib/python3.8/site-packages/airflow/example_dags/example_branch_operator.py
[2024-03-09T11:16:18.139+0000] {logging_mixin.py:188} INFO - [2024-03-09T11:16:18.138+0000] {dag.py:3047} INFO - Sync 1 DAGs
[2024-03-09T11:16:18.179+0000] {logging_mixin.py:188} INFO - [2024-03-09T11:16:18.179+0000] {dag.py:3834} INFO - Setting next_dagrun for example_branch_operator to 2024-03-08 00:00:00+00:00, run_after=2024-03-09 00:00:00+00:00
[2024-03-09T11:16:18.212+0000] {processor.py:183} INFO - Processing /home/airflow/.local/lib/python3.8/site-packages/airflow/example_dags/example_branch_operator.py took 0.157 seconds
[2024-03-09T11:16:49.230+0000] {processor.py:161} INFO - Started process (PID=4784) to work on /home/airflow/.local/lib/python3.8/site-packages/airflow/example_dags/example_branch_operator.py
[2024-03-09T11:16:49.232+0000] {processor.py:830} INFO - Processing file /home/airflow/.local/lib/python3.8/site-packages/airflow/example_dags/example_branch_operator.py for tasks to queue
[2024-03-09T11:16:49.234+0000] {logging_mixin.py:188} INFO - [2024-03-09T11:16:49.233+0000] {dagbag.py:540} INFO - Filling up the DagBag from /home/airflow/.local/lib/python3.8/site-packages/airflow/example_dags/example_branch_operator.py
[2024-03-09T11:16:49.262+0000] {processor.py:840} INFO - DAG(s) 'example_branch_operator' retrieved from /home/airflow/.local/lib/python3.8/site-packages/airflow/example_dags/example_branch_operator.py
[2024-03-09T11:16:49.314+0000] {logging_mixin.py:188} INFO - [2024-03-09T11:16:49.313+0000] {dag.py:3047} INFO - Sync 1 DAGs
[2024-03-09T11:16:49.353+0000] {logging_mixin.py:188} INFO - [2024-03-09T11:16:49.353+0000] {dag.py:3834} INFO - Setting next_dagrun for example_branch_operator to 2024-03-08 00:00:00+00:00, run_after=2024-03-09 00:00:00+00:00
[2024-03-09T11:16:49.383+0000] {processor.py:183} INFO - Processing /home/airflow/.local/lib/python3.8/site-packages/airflow/example_dags/example_branch_operator.py took 0.158 seconds
[2024-03-09T11:17:19.844+0000] {processor.py:161} INFO - Started process (PID=5031) to work on /home/airflow/.local/lib/python3.8/site-packages/airflow/example_dags/example_branch_operator.py
[2024-03-09T11:17:19.846+0000] {processor.py:830} INFO - Processing file /home/airflow/.local/lib/python3.8/site-packages/airflow/example_dags/example_branch_operator.py for tasks to queue
[2024-03-09T11:17:19.848+0000] {logging_mixin.py:188} INFO - [2024-03-09T11:17:19.847+0000] {dagbag.py:540} INFO - Filling up the DagBag from /home/airflow/.local/lib/python3.8/site-packages/airflow/example_dags/example_branch_operator.py
[2024-03-09T11:17:19.879+0000] {processor.py:840} INFO - DAG(s) 'example_branch_operator' retrieved from /home/airflow/.local/lib/python3.8/site-packages/airflow/example_dags/example_branch_operator.py
[2024-03-09T11:17:19.929+0000] {logging_mixin.py:188} INFO - [2024-03-09T11:17:19.928+0000] {dag.py:3047} INFO - Sync 1 DAGs
[2024-03-09T11:17:19.969+0000] {logging_mixin.py:188} INFO - [2024-03-09T11:17:19.969+0000] {dag.py:3834} INFO - Setting next_dagrun for example_branch_operator to 2024-03-08 00:00:00+00:00, run_after=2024-03-09 00:00:00+00:00
[2024-03-09T11:17:20.011+0000] {processor.py:183} INFO - Processing /home/airflow/.local/lib/python3.8/site-packages/airflow/example_dags/example_branch_operator.py took 0.172 seconds
[2024-03-09T11:17:50.301+0000] {processor.py:161} INFO - Started process (PID=5278) to work on /home/airflow/.local/lib/python3.8/site-packages/airflow/example_dags/example_branch_operator.py
[2024-03-09T11:17:50.303+0000] {processor.py:830} INFO - Processing file /home/airflow/.local/lib/python3.8/site-packages/airflow/example_dags/example_branch_operator.py for tasks to queue
[2024-03-09T11:17:50.305+0000] {logging_mixin.py:188} INFO - [2024-03-09T11:17:50.304+0000] {dagbag.py:540} INFO - Filling up the DagBag from /home/airflow/.local/lib/python3.8/site-packages/airflow/example_dags/example_branch_operator.py
[2024-03-09T11:17:50.333+0000] {processor.py:840} INFO - DAG(s) 'example_branch_operator' retrieved from /home/airflow/.local/lib/python3.8/site-packages/airflow/example_dags/example_branch_operator.py
[2024-03-09T11:17:50.381+0000] {logging_mixin.py:188} INFO - [2024-03-09T11:17:50.380+0000] {dag.py:3047} INFO - Sync 1 DAGs
[2024-03-09T11:17:50.421+0000] {logging_mixin.py:188} INFO - [2024-03-09T11:17:50.421+0000] {dag.py:3834} INFO - Setting next_dagrun for example_branch_operator to 2024-03-08 00:00:00+00:00, run_after=2024-03-09 00:00:00+00:00
[2024-03-09T11:17:50.455+0000] {processor.py:183} INFO - Processing /home/airflow/.local/lib/python3.8/site-packages/airflow/example_dags/example_branch_operator.py took 0.160 seconds
[2024-03-09T11:18:20.650+0000] {processor.py:161} INFO - Started process (PID=5525) to work on /home/airflow/.local/lib/python3.8/site-packages/airflow/example_dags/example_branch_operator.py
[2024-03-09T11:18:20.653+0000] {processor.py:830} INFO - Processing file /home/airflow/.local/lib/python3.8/site-packages/airflow/example_dags/example_branch_operator.py for tasks to queue
[2024-03-09T11:18:20.655+0000] {logging_mixin.py:188} INFO - [2024-03-09T11:18:20.654+0000] {dagbag.py:540} INFO - Filling up the DagBag from /home/airflow/.local/lib/python3.8/site-packages/airflow/example_dags/example_branch_operator.py
[2024-03-09T11:18:20.687+0000] {processor.py:840} INFO - DAG(s) 'example_branch_operator' retrieved from /home/airflow/.local/lib/python3.8/site-packages/airflow/example_dags/example_branch_operator.py
[2024-03-09T11:18:20.738+0000] {logging_mixin.py:188} INFO - [2024-03-09T11:18:20.738+0000] {dag.py:3047} INFO - Sync 1 DAGs
[2024-03-09T11:18:20.781+0000] {logging_mixin.py:188} INFO - [2024-03-09T11:18:20.781+0000] {dag.py:3834} INFO - Setting next_dagrun for example_branch_operator to 2024-03-08 00:00:00+00:00, run_after=2024-03-09 00:00:00+00:00
[2024-03-09T11:18:20.821+0000] {processor.py:183} INFO - Processing /home/airflow/.local/lib/python3.8/site-packages/airflow/example_dags/example_branch_operator.py took 0.177 seconds
[2024-03-09T11:18:51.343+0000] {processor.py:161} INFO - Started process (PID=5774) to work on /home/airflow/.local/lib/python3.8/site-packages/airflow/example_dags/example_branch_operator.py
[2024-03-09T11:18:51.345+0000] {processor.py:830} INFO - Processing file /home/airflow/.local/lib/python3.8/site-packages/airflow/example_dags/example_branch_operator.py for tasks to queue
[2024-03-09T11:18:51.347+0000] {logging_mixin.py:188} INFO - [2024-03-09T11:18:51.347+0000] {dagbag.py:540} INFO - Filling up the DagBag from /home/airflow/.local/lib/python3.8/site-packages/airflow/example_dags/example_branch_operator.py
[2024-03-09T11:18:51.380+0000] {processor.py:840} INFO - DAG(s) 'example_branch_operator' retrieved from /home/airflow/.local/lib/python3.8/site-packages/airflow/example_dags/example_branch_operator.py
[2024-03-09T11:18:51.425+0000] {logging_mixin.py:188} INFO - [2024-03-09T11:18:51.425+0000] {dag.py:3047} INFO - Sync 1 DAGs
[2024-03-09T11:18:51.462+0000] {logging_mixin.py:188} INFO - [2024-03-09T11:18:51.462+0000] {dag.py:3834} INFO - Setting next_dagrun for example_branch_operator to 2024-03-08 00:00:00+00:00, run_after=2024-03-09 00:00:00+00:00
[2024-03-09T11:18:51.498+0000] {processor.py:183} INFO - Processing /home/airflow/.local/lib/python3.8/site-packages/airflow/example_dags/example_branch_operator.py took 0.161 seconds
[2024-03-09T11:19:21.553+0000] {processor.py:161} INFO - Started process (PID=6021) to work on /home/airflow/.local/lib/python3.8/site-packages/airflow/example_dags/example_branch_operator.py
[2024-03-09T11:19:21.556+0000] {processor.py:830} INFO - Processing file /home/airflow/.local/lib/python3.8/site-packages/airflow/example_dags/example_branch_operator.py for tasks to queue
[2024-03-09T11:19:21.557+0000] {logging_mixin.py:188} INFO - [2024-03-09T11:19:21.557+0000] {dagbag.py:540} INFO - Filling up the DagBag from /home/airflow/.local/lib/python3.8/site-packages/airflow/example_dags/example_branch_operator.py
[2024-03-09T11:19:21.583+0000] {processor.py:840} INFO - DAG(s) 'example_branch_operator' retrieved from /home/airflow/.local/lib/python3.8/site-packages/airflow/example_dags/example_branch_operator.py
[2024-03-09T11:19:21.629+0000] {logging_mixin.py:188} INFO - [2024-03-09T11:19:21.629+0000] {dag.py:3047} INFO - Sync 1 DAGs
[2024-03-09T11:19:21.666+0000] {logging_mixin.py:188} INFO - [2024-03-09T11:19:21.665+0000] {dag.py:3834} INFO - Setting next_dagrun for example_branch_operator to 2024-03-08 00:00:00+00:00, run_after=2024-03-09 00:00:00+00:00
[2024-03-09T11:19:21.697+0000] {processor.py:183} INFO - Processing /home/airflow/.local/lib/python3.8/site-packages/airflow/example_dags/example_branch_operator.py took 0.151 seconds
[2024-03-09T11:19:52.318+0000] {processor.py:161} INFO - Started process (PID=6266) to work on /home/airflow/.local/lib/python3.8/site-packages/airflow/example_dags/example_branch_operator.py
[2024-03-09T11:19:52.320+0000] {processor.py:830} INFO - Processing file /home/airflow/.local/lib/python3.8/site-packages/airflow/example_dags/example_branch_operator.py for tasks to queue
[2024-03-09T11:19:52.322+0000] {logging_mixin.py:188} INFO - [2024-03-09T11:19:52.321+0000] {dagbag.py:540} INFO - Filling up the DagBag from /home/airflow/.local/lib/python3.8/site-packages/airflow/example_dags/example_branch_operator.py
[2024-03-09T11:19:52.347+0000] {processor.py:840} INFO - DAG(s) 'example_branch_operator' retrieved from /home/airflow/.local/lib/python3.8/site-packages/airflow/example_dags/example_branch_operator.py
[2024-03-09T11:19:52.390+0000] {logging_mixin.py:188} INFO - [2024-03-09T11:19:52.390+0000] {dag.py:3047} INFO - Sync 1 DAGs
[2024-03-09T11:19:52.430+0000] {logging_mixin.py:188} INFO - [2024-03-09T11:19:52.429+0000] {dag.py:3834} INFO - Setting next_dagrun for example_branch_operator to 2024-03-08 00:00:00+00:00, run_after=2024-03-09 00:00:00+00:00
[2024-03-09T11:19:52.463+0000] {processor.py:183} INFO - Processing /home/airflow/.local/lib/python3.8/site-packages/airflow/example_dags/example_branch_operator.py took 0.151 seconds
[2024-03-09T11:20:23.006+0000] {processor.py:161} INFO - Started process (PID=6513) to work on /home/airflow/.local/lib/python3.8/site-packages/airflow/example_dags/example_branch_operator.py
[2024-03-09T11:20:23.008+0000] {processor.py:830} INFO - Processing file /home/airflow/.local/lib/python3.8/site-packages/airflow/example_dags/example_branch_operator.py for tasks to queue
[2024-03-09T11:20:23.010+0000] {logging_mixin.py:188} INFO - [2024-03-09T11:20:23.010+0000] {dagbag.py:540} INFO - Filling up the DagBag from /home/airflow/.local/lib/python3.8/site-packages/airflow/example_dags/example_branch_operator.py
[2024-03-09T11:20:23.038+0000] {processor.py:840} INFO - DAG(s) 'example_branch_operator' retrieved from /home/airflow/.local/lib/python3.8/site-packages/airflow/example_dags/example_branch_operator.py
[2024-03-09T11:20:23.084+0000] {logging_mixin.py:188} INFO - [2024-03-09T11:20:23.083+0000] {dag.py:3047} INFO - Sync 1 DAGs
[2024-03-09T11:20:23.124+0000] {logging_mixin.py:188} INFO - [2024-03-09T11:20:23.123+0000] {dag.py:3834} INFO - Setting next_dagrun for example_branch_operator to 2024-03-08 00:00:00+00:00, run_after=2024-03-09 00:00:00+00:00
[2024-03-09T11:20:23.154+0000] {processor.py:183} INFO - Processing /home/airflow/.local/lib/python3.8/site-packages/airflow/example_dags/example_branch_operator.py took 0.153 seconds
[2024-03-09T11:20:53.474+0000] {processor.py:161} INFO - Started process (PID=6760) to work on /home/airflow/.local/lib/python3.8/site-packages/airflow/example_dags/example_branch_operator.py
[2024-03-09T11:20:53.475+0000] {processor.py:830} INFO - Processing file /home/airflow/.local/lib/python3.8/site-packages/airflow/example_dags/example_branch_operator.py for tasks to queue
[2024-03-09T11:20:53.477+0000] {logging_mixin.py:188} INFO - [2024-03-09T11:20:53.477+0000] {dagbag.py:540} INFO - Filling up the DagBag from /home/airflow/.local/lib/python3.8/site-packages/airflow/example_dags/example_branch_operator.py
[2024-03-09T11:20:53.505+0000] {processor.py:840} INFO - DAG(s) 'example_branch_operator' retrieved from /home/airflow/.local/lib/python3.8/site-packages/airflow/example_dags/example_branch_operator.py
[2024-03-09T11:20:53.547+0000] {logging_mixin.py:188} INFO - [2024-03-09T11:20:53.546+0000] {dag.py:3047} INFO - Sync 1 DAGs
[2024-03-09T11:20:53.582+0000] {logging_mixin.py:188} INFO - [2024-03-09T11:20:53.582+0000] {dag.py:3834} INFO - Setting next_dagrun for example_branch_operator to 2024-03-08 00:00:00+00:00, run_after=2024-03-09 00:00:00+00:00
[2024-03-09T11:20:53.618+0000] {processor.py:183} INFO - Processing /home/airflow/.local/lib/python3.8/site-packages/airflow/example_dags/example_branch_operator.py took 0.151 seconds
[2024-03-09T11:21:24.644+0000] {processor.py:161} INFO - Started process (PID=7007) to work on /home/airflow/.local/lib/python3.8/site-packages/airflow/example_dags/example_branch_operator.py
[2024-03-09T11:21:24.647+0000] {processor.py:830} INFO - Processing file /home/airflow/.local/lib/python3.8/site-packages/airflow/example_dags/example_branch_operator.py for tasks to queue
[2024-03-09T11:21:24.649+0000] {logging_mixin.py:188} INFO - [2024-03-09T11:21:24.648+0000] {dagbag.py:540} INFO - Filling up the DagBag from /home/airflow/.local/lib/python3.8/site-packages/airflow/example_dags/example_branch_operator.py
[2024-03-09T11:21:24.684+0000] {processor.py:840} INFO - DAG(s) 'example_branch_operator' retrieved from /home/airflow/.local/lib/python3.8/site-packages/airflow/example_dags/example_branch_operator.py
[2024-03-09T11:21:24.740+0000] {logging_mixin.py:188} INFO - [2024-03-09T11:21:24.739+0000] {dag.py:3047} INFO - Sync 1 DAGs
[2024-03-09T11:21:24.786+0000] {logging_mixin.py:188} INFO - [2024-03-09T11:21:24.786+0000] {dag.py:3834} INFO - Setting next_dagrun for example_branch_operator to 2024-03-08 00:00:00+00:00, run_after=2024-03-09 00:00:00+00:00
[2024-03-09T11:21:24.819+0000] {processor.py:183} INFO - Processing /home/airflow/.local/lib/python3.8/site-packages/airflow/example_dags/example_branch_operator.py took 0.181 seconds
[2024-03-09T13:38:19.199+0000] {processor.py:161} INFO - Started process (PID=7244) to work on /home/airflow/.local/lib/python3.8/site-packages/airflow/example_dags/example_branch_operator.py
[2024-03-09T13:38:19.201+0000] {processor.py:830} INFO - Processing file /home/airflow/.local/lib/python3.8/site-packages/airflow/example_dags/example_branch_operator.py for tasks to queue
[2024-03-09T13:38:19.204+0000] {logging_mixin.py:188} INFO - [2024-03-09T13:38:19.203+0000] {dagbag.py:540} INFO - Filling up the DagBag from /home/airflow/.local/lib/python3.8/site-packages/airflow/example_dags/example_branch_operator.py
[2024-03-09T13:38:19.258+0000] {processor.py:840} INFO - DAG(s) 'example_branch_operator' retrieved from /home/airflow/.local/lib/python3.8/site-packages/airflow/example_dags/example_branch_operator.py
[2024-03-09T13:38:19.332+0000] {logging_mixin.py:188} INFO - [2024-03-09T13:38:19.332+0000] {dag.py:3047} INFO - Sync 1 DAGs
[2024-03-09T13:38:19.379+0000] {logging_mixin.py:188} INFO - [2024-03-09T13:38:19.378+0000] {dag.py:3834} INFO - Setting next_dagrun for example_branch_operator to 2024-03-08 00:00:00+00:00, run_after=2024-03-09 00:00:00+00:00
[2024-03-09T13:38:19.415+0000] {processor.py:183} INFO - Processing /home/airflow/.local/lib/python3.8/site-packages/airflow/example_dags/example_branch_operator.py took 0.222 seconds
[2024-03-09T13:38:49.588+0000] {processor.py:161} INFO - Started process (PID=7491) to work on /home/airflow/.local/lib/python3.8/site-packages/airflow/example_dags/example_branch_operator.py
[2024-03-09T13:38:49.590+0000] {processor.py:830} INFO - Processing file /home/airflow/.local/lib/python3.8/site-packages/airflow/example_dags/example_branch_operator.py for tasks to queue
[2024-03-09T13:38:49.592+0000] {logging_mixin.py:188} INFO - [2024-03-09T13:38:49.591+0000] {dagbag.py:540} INFO - Filling up the DagBag from /home/airflow/.local/lib/python3.8/site-packages/airflow/example_dags/example_branch_operator.py
[2024-03-09T13:38:49.627+0000] {processor.py:840} INFO - DAG(s) 'example_branch_operator' retrieved from /home/airflow/.local/lib/python3.8/site-packages/airflow/example_dags/example_branch_operator.py
[2024-03-09T13:38:49.680+0000] {logging_mixin.py:188} INFO - [2024-03-09T13:38:49.680+0000] {dag.py:3047} INFO - Sync 1 DAGs
[2024-03-09T13:38:49.732+0000] {logging_mixin.py:188} INFO - [2024-03-09T13:38:49.731+0000] {dag.py:3834} INFO - Setting next_dagrun for example_branch_operator to 2024-03-08 00:00:00+00:00, run_after=2024-03-09 00:00:00+00:00
[2024-03-09T13:38:49.775+0000] {processor.py:183} INFO - Processing /home/airflow/.local/lib/python3.8/site-packages/airflow/example_dags/example_branch_operator.py took 0.194 seconds
[2024-03-09T13:39:21.220+0000] {processor.py:161} INFO - Started process (PID=7738) to work on /home/airflow/.local/lib/python3.8/site-packages/airflow/example_dags/example_branch_operator.py
[2024-03-09T13:39:21.223+0000] {processor.py:830} INFO - Processing file /home/airflow/.local/lib/python3.8/site-packages/airflow/example_dags/example_branch_operator.py for tasks to queue
[2024-03-09T13:39:21.225+0000] {logging_mixin.py:188} INFO - [2024-03-09T13:39:21.224+0000] {dagbag.py:540} INFO - Filling up the DagBag from /home/airflow/.local/lib/python3.8/site-packages/airflow/example_dags/example_branch_operator.py
[2024-03-09T13:39:21.264+0000] {processor.py:840} INFO - DAG(s) 'example_branch_operator' retrieved from /home/airflow/.local/lib/python3.8/site-packages/airflow/example_dags/example_branch_operator.py
[2024-03-09T13:39:21.338+0000] {logging_mixin.py:188} INFO - [2024-03-09T13:39:21.337+0000] {dag.py:3047} INFO - Sync 1 DAGs
[2024-03-09T13:39:21.391+0000] {logging_mixin.py:188} INFO - [2024-03-09T13:39:21.390+0000] {dag.py:3834} INFO - Setting next_dagrun for example_branch_operator to 2024-03-08 00:00:00+00:00, run_after=2024-03-09 00:00:00+00:00
[2024-03-09T13:39:21.426+0000] {processor.py:183} INFO - Processing /home/airflow/.local/lib/python3.8/site-packages/airflow/example_dags/example_branch_operator.py took 0.212 seconds
[2024-03-09T13:39:52.291+0000] {processor.py:161} INFO - Started process (PID=7987) to work on /home/airflow/.local/lib/python3.8/site-packages/airflow/example_dags/example_branch_operator.py
[2024-03-09T13:39:52.293+0000] {processor.py:830} INFO - Processing file /home/airflow/.local/lib/python3.8/site-packages/airflow/example_dags/example_branch_operator.py for tasks to queue
[2024-03-09T13:39:52.295+0000] {logging_mixin.py:188} INFO - [2024-03-09T13:39:52.294+0000] {dagbag.py:540} INFO - Filling up the DagBag from /home/airflow/.local/lib/python3.8/site-packages/airflow/example_dags/example_branch_operator.py
[2024-03-09T13:39:52.326+0000] {processor.py:840} INFO - DAG(s) 'example_branch_operator' retrieved from /home/airflow/.local/lib/python3.8/site-packages/airflow/example_dags/example_branch_operator.py
[2024-03-09T13:39:52.376+0000] {logging_mixin.py:188} INFO - [2024-03-09T13:39:52.376+0000] {dag.py:3047} INFO - Sync 1 DAGs
[2024-03-09T13:39:52.419+0000] {logging_mixin.py:188} INFO - [2024-03-09T13:39:52.418+0000] {dag.py:3834} INFO - Setting next_dagrun for example_branch_operator to 2024-03-08 00:00:00+00:00, run_after=2024-03-09 00:00:00+00:00
[2024-03-09T13:39:52.461+0000] {processor.py:183} INFO - Processing /home/airflow/.local/lib/python3.8/site-packages/airflow/example_dags/example_branch_operator.py took 0.176 seconds
[2024-03-09T13:40:22.769+0000] {processor.py:161} INFO - Started process (PID=8234) to work on /home/airflow/.local/lib/python3.8/site-packages/airflow/example_dags/example_branch_operator.py
[2024-03-09T13:40:22.771+0000] {processor.py:830} INFO - Processing file /home/airflow/.local/lib/python3.8/site-packages/airflow/example_dags/example_branch_operator.py for tasks to queue
[2024-03-09T13:40:22.772+0000] {logging_mixin.py:188} INFO - [2024-03-09T13:40:22.772+0000] {dagbag.py:540} INFO - Filling up the DagBag from /home/airflow/.local/lib/python3.8/site-packages/airflow/example_dags/example_branch_operator.py
[2024-03-09T13:40:22.845+0000] {processor.py:840} INFO - DAG(s) 'example_branch_operator' retrieved from /home/airflow/.local/lib/python3.8/site-packages/airflow/example_dags/example_branch_operator.py
[2024-03-09T13:40:22.906+0000] {logging_mixin.py:188} INFO - [2024-03-09T13:40:22.906+0000] {dag.py:3047} INFO - Sync 1 DAGs
[2024-03-09T13:40:22.943+0000] {logging_mixin.py:188} INFO - [2024-03-09T13:40:22.943+0000] {dag.py:3834} INFO - Setting next_dagrun for example_branch_operator to 2024-03-08 00:00:00+00:00, run_after=2024-03-09 00:00:00+00:00
[2024-03-09T13:40:22.977+0000] {processor.py:183} INFO - Processing /home/airflow/.local/lib/python3.8/site-packages/airflow/example_dags/example_branch_operator.py took 0.215 seconds
[2024-03-09T13:40:53.204+0000] {processor.py:161} INFO - Started process (PID=8481) to work on /home/airflow/.local/lib/python3.8/site-packages/airflow/example_dags/example_branch_operator.py
[2024-03-09T13:40:53.206+0000] {processor.py:830} INFO - Processing file /home/airflow/.local/lib/python3.8/site-packages/airflow/example_dags/example_branch_operator.py for tasks to queue
[2024-03-09T13:40:53.208+0000] {logging_mixin.py:188} INFO - [2024-03-09T13:40:53.207+0000] {dagbag.py:540} INFO - Filling up the DagBag from /home/airflow/.local/lib/python3.8/site-packages/airflow/example_dags/example_branch_operator.py
[2024-03-09T13:40:53.234+0000] {processor.py:840} INFO - DAG(s) 'example_branch_operator' retrieved from /home/airflow/.local/lib/python3.8/site-packages/airflow/example_dags/example_branch_operator.py
[2024-03-09T13:40:53.278+0000] {logging_mixin.py:188} INFO - [2024-03-09T13:40:53.277+0000] {dag.py:3047} INFO - Sync 1 DAGs
[2024-03-09T13:40:53.314+0000] {logging_mixin.py:188} INFO - [2024-03-09T13:40:53.313+0000] {dag.py:3834} INFO - Setting next_dagrun for example_branch_operator to 2024-03-08 00:00:00+00:00, run_after=2024-03-09 00:00:00+00:00
[2024-03-09T13:40:53.347+0000] {processor.py:183} INFO - Processing /home/airflow/.local/lib/python3.8/site-packages/airflow/example_dags/example_branch_operator.py took 0.148 seconds
[2024-03-09T13:41:23.876+0000] {processor.py:161} INFO - Started process (PID=8728) to work on /home/airflow/.local/lib/python3.8/site-packages/airflow/example_dags/example_branch_operator.py
[2024-03-09T13:41:23.880+0000] {processor.py:830} INFO - Processing file /home/airflow/.local/lib/python3.8/site-packages/airflow/example_dags/example_branch_operator.py for tasks to queue
[2024-03-09T13:41:23.883+0000] {logging_mixin.py:188} INFO - [2024-03-09T13:41:23.882+0000] {dagbag.py:540} INFO - Filling up the DagBag from /home/airflow/.local/lib/python3.8/site-packages/airflow/example_dags/example_branch_operator.py
[2024-03-09T13:41:23.937+0000] {processor.py:840} INFO - DAG(s) 'example_branch_operator' retrieved from /home/airflow/.local/lib/python3.8/site-packages/airflow/example_dags/example_branch_operator.py
[2024-03-09T13:41:24.004+0000] {logging_mixin.py:188} INFO - [2024-03-09T13:41:24.004+0000] {dag.py:3047} INFO - Sync 1 DAGs
[2024-03-09T13:41:24.045+0000] {logging_mixin.py:188} INFO - [2024-03-09T13:41:24.045+0000] {dag.py:3834} INFO - Setting next_dagrun for example_branch_operator to 2024-03-08 00:00:00+00:00, run_after=2024-03-09 00:00:00+00:00
[2024-03-09T13:41:24.078+0000] {processor.py:183} INFO - Processing /home/airflow/.local/lib/python3.8/site-packages/airflow/example_dags/example_branch_operator.py took 0.209 seconds
[2024-03-09T13:41:54.275+0000] {processor.py:161} INFO - Started process (PID=8975) to work on /home/airflow/.local/lib/python3.8/site-packages/airflow/example_dags/example_branch_operator.py
[2024-03-09T13:41:54.277+0000] {processor.py:830} INFO - Processing file /home/airflow/.local/lib/python3.8/site-packages/airflow/example_dags/example_branch_operator.py for tasks to queue
[2024-03-09T13:41:54.279+0000] {logging_mixin.py:188} INFO - [2024-03-09T13:41:54.278+0000] {dagbag.py:540} INFO - Filling up the DagBag from /home/airflow/.local/lib/python3.8/site-packages/airflow/example_dags/example_branch_operator.py
[2024-03-09T13:41:54.308+0000] {processor.py:840} INFO - DAG(s) 'example_branch_operator' retrieved from /home/airflow/.local/lib/python3.8/site-packages/airflow/example_dags/example_branch_operator.py
[2024-03-09T13:41:54.364+0000] {logging_mixin.py:188} INFO - [2024-03-09T13:41:54.363+0000] {dag.py:3047} INFO - Sync 1 DAGs
[2024-03-09T13:41:54.402+0000] {logging_mixin.py:188} INFO - [2024-03-09T13:41:54.402+0000] {dag.py:3834} INFO - Setting next_dagrun for example_branch_operator to 2024-03-08 00:00:00+00:00, run_after=2024-03-09 00:00:00+00:00
[2024-03-09T13:41:54.437+0000] {processor.py:183} INFO - Processing /home/airflow/.local/lib/python3.8/site-packages/airflow/example_dags/example_branch_operator.py took 0.167 seconds
[2024-03-09T13:42:24.628+0000] {processor.py:161} INFO - Started process (PID=9222) to work on /home/airflow/.local/lib/python3.8/site-packages/airflow/example_dags/example_branch_operator.py
[2024-03-09T13:42:24.631+0000] {processor.py:830} INFO - Processing file /home/airflow/.local/lib/python3.8/site-packages/airflow/example_dags/example_branch_operator.py for tasks to queue
[2024-03-09T13:42:24.633+0000] {logging_mixin.py:188} INFO - [2024-03-09T13:42:24.633+0000] {dagbag.py:540} INFO - Filling up the DagBag from /home/airflow/.local/lib/python3.8/site-packages/airflow/example_dags/example_branch_operator.py
[2024-03-09T13:42:24.666+0000] {processor.py:840} INFO - DAG(s) 'example_branch_operator' retrieved from /home/airflow/.local/lib/python3.8/site-packages/airflow/example_dags/example_branch_operator.py
[2024-03-09T13:42:24.710+0000] {logging_mixin.py:188} INFO - [2024-03-09T13:42:24.710+0000] {dag.py:3047} INFO - Sync 1 DAGs
[2024-03-09T13:42:24.743+0000] {logging_mixin.py:188} INFO - [2024-03-09T13:42:24.742+0000] {dag.py:3834} INFO - Setting next_dagrun for example_branch_operator to 2024-03-08 00:00:00+00:00, run_after=2024-03-09 00:00:00+00:00
[2024-03-09T13:42:24.770+0000] {processor.py:183} INFO - Processing /home/airflow/.local/lib/python3.8/site-packages/airflow/example_dags/example_branch_operator.py took 0.148 seconds
[2024-03-09T13:42:54.949+0000] {processor.py:161} INFO - Started process (PID=9469) to work on /home/airflow/.local/lib/python3.8/site-packages/airflow/example_dags/example_branch_operator.py
[2024-03-09T13:42:54.951+0000] {processor.py:830} INFO - Processing file /home/airflow/.local/lib/python3.8/site-packages/airflow/example_dags/example_branch_operator.py for tasks to queue
[2024-03-09T13:42:54.953+0000] {logging_mixin.py:188} INFO - [2024-03-09T13:42:54.952+0000] {dagbag.py:540} INFO - Filling up the DagBag from /home/airflow/.local/lib/python3.8/site-packages/airflow/example_dags/example_branch_operator.py
[2024-03-09T13:42:54.979+0000] {processor.py:840} INFO - DAG(s) 'example_branch_operator' retrieved from /home/airflow/.local/lib/python3.8/site-packages/airflow/example_dags/example_branch_operator.py
[2024-03-09T13:42:55.023+0000] {logging_mixin.py:188} INFO - [2024-03-09T13:42:55.022+0000] {dag.py:3047} INFO - Sync 1 DAGs
[2024-03-09T13:42:55.070+0000] {logging_mixin.py:188} INFO - [2024-03-09T13:42:55.069+0000] {dag.py:3834} INFO - Setting next_dagrun for example_branch_operator to 2024-03-08 00:00:00+00:00, run_after=2024-03-09 00:00:00+00:00
[2024-03-09T13:42:55.109+0000] {processor.py:183} INFO - Processing /home/airflow/.local/lib/python3.8/site-packages/airflow/example_dags/example_branch_operator.py took 0.165 seconds
[2024-03-09T13:43:25.327+0000] {processor.py:161} INFO - Started process (PID=9714) to work on /home/airflow/.local/lib/python3.8/site-packages/airflow/example_dags/example_branch_operator.py
[2024-03-09T13:43:25.329+0000] {processor.py:830} INFO - Processing file /home/airflow/.local/lib/python3.8/site-packages/airflow/example_dags/example_branch_operator.py for tasks to queue
[2024-03-09T13:43:25.331+0000] {logging_mixin.py:188} INFO - [2024-03-09T13:43:25.330+0000] {dagbag.py:540} INFO - Filling up the DagBag from /home/airflow/.local/lib/python3.8/site-packages/airflow/example_dags/example_branch_operator.py
[2024-03-09T13:43:25.361+0000] {processor.py:840} INFO - DAG(s) 'example_branch_operator' retrieved from /home/airflow/.local/lib/python3.8/site-packages/airflow/example_dags/example_branch_operator.py
[2024-03-09T13:43:25.405+0000] {logging_mixin.py:188} INFO - [2024-03-09T13:43:25.405+0000] {dag.py:3047} INFO - Sync 1 DAGs
[2024-03-09T13:43:25.441+0000] {logging_mixin.py:188} INFO - [2024-03-09T13:43:25.441+0000] {dag.py:3834} INFO - Setting next_dagrun for example_branch_operator to 2024-03-08 00:00:00+00:00, run_after=2024-03-09 00:00:00+00:00
[2024-03-09T13:43:25.478+0000] {processor.py:183} INFO - Processing /home/airflow/.local/lib/python3.8/site-packages/airflow/example_dags/example_branch_operator.py took 0.156 seconds
[2024-03-09T13:43:56.235+0000] {processor.py:161} INFO - Started process (PID=9963) to work on /home/airflow/.local/lib/python3.8/site-packages/airflow/example_dags/example_branch_operator.py
[2024-03-09T13:43:56.237+0000] {processor.py:830} INFO - Processing file /home/airflow/.local/lib/python3.8/site-packages/airflow/example_dags/example_branch_operator.py for tasks to queue
[2024-03-09T13:43:56.240+0000] {logging_mixin.py:188} INFO - [2024-03-09T13:43:56.240+0000] {dagbag.py:540} INFO - Filling up the DagBag from /home/airflow/.local/lib/python3.8/site-packages/airflow/example_dags/example_branch_operator.py
[2024-03-09T13:43:56.279+0000] {processor.py:840} INFO - DAG(s) 'example_branch_operator' retrieved from /home/airflow/.local/lib/python3.8/site-packages/airflow/example_dags/example_branch_operator.py
[2024-03-09T13:43:56.331+0000] {logging_mixin.py:188} INFO - [2024-03-09T13:43:56.331+0000] {dag.py:3047} INFO - Sync 1 DAGs
[2024-03-09T13:43:56.365+0000] {logging_mixin.py:188} INFO - [2024-03-09T13:43:56.365+0000] {dag.py:3834} INFO - Setting next_dagrun for example_branch_operator to 2024-03-08 00:00:00+00:00, run_after=2024-03-09 00:00:00+00:00
[2024-03-09T13:43:56.395+0000] {processor.py:183} INFO - Processing /home/airflow/.local/lib/python3.8/site-packages/airflow/example_dags/example_branch_operator.py took 0.166 seconds
