[2024-03-09T11:07:35.500+0000] {processor.py:161} INFO - Started process (PID=390) to work on /home/airflow/.local/lib/python3.8/site-packages/airflow/example_dags/example_xcomargs.py
[2024-03-09T11:07:35.502+0000] {processor.py:830} INFO - Processing file /home/airflow/.local/lib/python3.8/site-packages/airflow/example_dags/example_xcomargs.py for tasks to queue
[2024-03-09T11:07:35.504+0000] {logging_mixin.py:188} INFO - [2024-03-09T11:07:35.503+0000] {dagbag.py:540} INFO - Filling up the DagBag from /home/airflow/.local/lib/python3.8/site-packages/airflow/example_dags/example_xcomargs.py
[2024-03-09T11:07:35.519+0000] {processor.py:840} INFO - DAG(s) 'example_xcom_args_with_operators', 'example_xcom_args' retrieved from /home/airflow/.local/lib/python3.8/site-packages/airflow/example_dags/example_xcomargs.py
[2024-03-09T11:07:35.714+0000] {logging_mixin.py:188} INFO - [2024-03-09T11:07:35.714+0000] {dag.py:3047} INFO - Sync 2 DAGs
[2024-03-09T11:07:35.736+0000] {logging_mixin.py:188} INFO - [2024-03-09T11:07:35.735+0000] {dag.py:3834} INFO - Setting next_dagrun for example_xcom_args to None, run_after=None
[2024-03-09T11:07:35.741+0000] {logging_mixin.py:188} INFO - [2024-03-09T11:07:35.741+0000] {dag.py:3834} INFO - Setting next_dagrun for example_xcom_args_with_operators to None, run_after=None
[2024-03-09T11:07:35.775+0000] {processor.py:183} INFO - Processing /home/airflow/.local/lib/python3.8/site-packages/airflow/example_dags/example_xcomargs.py took 0.280 seconds
[2024-03-09T11:08:05.969+0000] {processor.py:161} INFO - Started process (PID=635) to work on /home/airflow/.local/lib/python3.8/site-packages/airflow/example_dags/example_xcomargs.py
[2024-03-09T11:08:05.972+0000] {processor.py:830} INFO - Processing file /home/airflow/.local/lib/python3.8/site-packages/airflow/example_dags/example_xcomargs.py for tasks to queue
[2024-03-09T11:08:05.973+0000] {logging_mixin.py:188} INFO - [2024-03-09T11:08:05.973+0000] {dagbag.py:540} INFO - Filling up the DagBag from /home/airflow/.local/lib/python3.8/site-packages/airflow/example_dags/example_xcomargs.py
[2024-03-09T11:08:05.988+0000] {processor.py:840} INFO - DAG(s) 'example_xcom_args_with_operators', 'example_xcom_args' retrieved from /home/airflow/.local/lib/python3.8/site-packages/airflow/example_dags/example_xcomargs.py
[2024-03-09T11:08:06.049+0000] {logging_mixin.py:188} INFO - [2024-03-09T11:08:06.049+0000] {dag.py:3047} INFO - Sync 2 DAGs
[2024-03-09T11:08:06.077+0000] {logging_mixin.py:188} INFO - [2024-03-09T11:08:06.077+0000] {dag.py:3834} INFO - Setting next_dagrun for example_xcom_args to None, run_after=None
[2024-03-09T11:08:06.086+0000] {logging_mixin.py:188} INFO - [2024-03-09T11:08:06.085+0000] {dag.py:3834} INFO - Setting next_dagrun for example_xcom_args_with_operators to None, run_after=None
[2024-03-09T11:08:06.122+0000] {processor.py:183} INFO - Processing /home/airflow/.local/lib/python3.8/site-packages/airflow/example_dags/example_xcomargs.py took 0.158 seconds
[2024-03-09T11:08:36.589+0000] {processor.py:161} INFO - Started process (PID=882) to work on /home/airflow/.local/lib/python3.8/site-packages/airflow/example_dags/example_xcomargs.py
[2024-03-09T11:08:36.591+0000] {processor.py:830} INFO - Processing file /home/airflow/.local/lib/python3.8/site-packages/airflow/example_dags/example_xcomargs.py for tasks to queue
[2024-03-09T11:08:36.593+0000] {logging_mixin.py:188} INFO - [2024-03-09T11:08:36.593+0000] {dagbag.py:540} INFO - Filling up the DagBag from /home/airflow/.local/lib/python3.8/site-packages/airflow/example_dags/example_xcomargs.py
[2024-03-09T11:08:36.609+0000] {processor.py:840} INFO - DAG(s) 'example_xcom_args', 'example_xcom_args_with_operators' retrieved from /home/airflow/.local/lib/python3.8/site-packages/airflow/example_dags/example_xcomargs.py
[2024-03-09T11:08:36.647+0000] {logging_mixin.py:188} INFO - [2024-03-09T11:08:36.647+0000] {dag.py:3047} INFO - Sync 2 DAGs
[2024-03-09T11:08:36.670+0000] {logging_mixin.py:188} INFO - [2024-03-09T11:08:36.670+0000] {dag.py:3834} INFO - Setting next_dagrun for example_xcom_args to None, run_after=None
[2024-03-09T11:08:36.679+0000] {logging_mixin.py:188} INFO - [2024-03-09T11:08:36.678+0000] {dag.py:3834} INFO - Setting next_dagrun for example_xcom_args_with_operators to None, run_after=None
[2024-03-09T11:08:36.708+0000] {processor.py:183} INFO - Processing /home/airflow/.local/lib/python3.8/site-packages/airflow/example_dags/example_xcomargs.py took 0.124 seconds
[2024-03-09T11:09:07.826+0000] {processor.py:161} INFO - Started process (PID=1130) to work on /home/airflow/.local/lib/python3.8/site-packages/airflow/example_dags/example_xcomargs.py
[2024-03-09T11:09:07.829+0000] {processor.py:830} INFO - Processing file /home/airflow/.local/lib/python3.8/site-packages/airflow/example_dags/example_xcomargs.py for tasks to queue
[2024-03-09T11:09:07.830+0000] {logging_mixin.py:188} INFO - [2024-03-09T11:09:07.830+0000] {dagbag.py:540} INFO - Filling up the DagBag from /home/airflow/.local/lib/python3.8/site-packages/airflow/example_dags/example_xcomargs.py
[2024-03-09T11:09:07.844+0000] {processor.py:840} INFO - DAG(s) 'example_xcom_args_with_operators', 'example_xcom_args' retrieved from /home/airflow/.local/lib/python3.8/site-packages/airflow/example_dags/example_xcomargs.py
[2024-03-09T11:09:07.888+0000] {logging_mixin.py:188} INFO - [2024-03-09T11:09:07.887+0000] {dag.py:3047} INFO - Sync 2 DAGs
[2024-03-09T11:09:07.918+0000] {logging_mixin.py:188} INFO - [2024-03-09T11:09:07.918+0000] {dag.py:3834} INFO - Setting next_dagrun for example_xcom_args to None, run_after=None
[2024-03-09T11:09:07.927+0000] {logging_mixin.py:188} INFO - [2024-03-09T11:09:07.926+0000] {dag.py:3834} INFO - Setting next_dagrun for example_xcom_args_with_operators to None, run_after=None
[2024-03-09T11:09:07.981+0000] {processor.py:183} INFO - Processing /home/airflow/.local/lib/python3.8/site-packages/airflow/example_dags/example_xcomargs.py took 0.160 seconds
[2024-03-09T11:09:38.155+0000] {processor.py:161} INFO - Started process (PID=1377) to work on /home/airflow/.local/lib/python3.8/site-packages/airflow/example_dags/example_xcomargs.py
[2024-03-09T11:09:38.158+0000] {processor.py:830} INFO - Processing file /home/airflow/.local/lib/python3.8/site-packages/airflow/example_dags/example_xcomargs.py for tasks to queue
[2024-03-09T11:09:38.160+0000] {logging_mixin.py:188} INFO - [2024-03-09T11:09:38.159+0000] {dagbag.py:540} INFO - Filling up the DagBag from /home/airflow/.local/lib/python3.8/site-packages/airflow/example_dags/example_xcomargs.py
[2024-03-09T11:09:38.177+0000] {processor.py:840} INFO - DAG(s) 'example_xcom_args', 'example_xcom_args_with_operators' retrieved from /home/airflow/.local/lib/python3.8/site-packages/airflow/example_dags/example_xcomargs.py
[2024-03-09T11:09:38.225+0000] {logging_mixin.py:188} INFO - [2024-03-09T11:09:38.225+0000] {dag.py:3047} INFO - Sync 2 DAGs
[2024-03-09T11:09:38.247+0000] {logging_mixin.py:188} INFO - [2024-03-09T11:09:38.247+0000] {dag.py:3834} INFO - Setting next_dagrun for example_xcom_args to None, run_after=None
[2024-03-09T11:09:38.255+0000] {logging_mixin.py:188} INFO - [2024-03-09T11:09:38.254+0000] {dag.py:3834} INFO - Setting next_dagrun for example_xcom_args_with_operators to None, run_after=None
[2024-03-09T11:09:38.291+0000] {processor.py:183} INFO - Processing /home/airflow/.local/lib/python3.8/site-packages/airflow/example_dags/example_xcomargs.py took 0.142 seconds
[2024-03-09T11:10:09.132+0000] {processor.py:161} INFO - Started process (PID=1624) to work on /home/airflow/.local/lib/python3.8/site-packages/airflow/example_dags/example_xcomargs.py
[2024-03-09T11:10:09.134+0000] {processor.py:830} INFO - Processing file /home/airflow/.local/lib/python3.8/site-packages/airflow/example_dags/example_xcomargs.py for tasks to queue
[2024-03-09T11:10:09.135+0000] {logging_mixin.py:188} INFO - [2024-03-09T11:10:09.135+0000] {dagbag.py:540} INFO - Filling up the DagBag from /home/airflow/.local/lib/python3.8/site-packages/airflow/example_dags/example_xcomargs.py
[2024-03-09T11:10:09.151+0000] {processor.py:840} INFO - DAG(s) 'example_xcom_args_with_operators', 'example_xcom_args' retrieved from /home/airflow/.local/lib/python3.8/site-packages/airflow/example_dags/example_xcomargs.py
[2024-03-09T11:10:09.199+0000] {logging_mixin.py:188} INFO - [2024-03-09T11:10:09.199+0000] {dag.py:3047} INFO - Sync 2 DAGs
[2024-03-09T11:10:09.224+0000] {logging_mixin.py:188} INFO - [2024-03-09T11:10:09.224+0000] {dag.py:3834} INFO - Setting next_dagrun for example_xcom_args to None, run_after=None
[2024-03-09T11:10:09.230+0000] {logging_mixin.py:188} INFO - [2024-03-09T11:10:09.230+0000] {dag.py:3834} INFO - Setting next_dagrun for example_xcom_args_with_operators to None, run_after=None
[2024-03-09T11:10:09.261+0000] {processor.py:183} INFO - Processing /home/airflow/.local/lib/python3.8/site-packages/airflow/example_dags/example_xcomargs.py took 0.135 seconds
[2024-03-09T11:10:39.690+0000] {processor.py:161} INFO - Started process (PID=1871) to work on /home/airflow/.local/lib/python3.8/site-packages/airflow/example_dags/example_xcomargs.py
[2024-03-09T11:10:39.692+0000] {processor.py:830} INFO - Processing file /home/airflow/.local/lib/python3.8/site-packages/airflow/example_dags/example_xcomargs.py for tasks to queue
[2024-03-09T11:10:39.694+0000] {logging_mixin.py:188} INFO - [2024-03-09T11:10:39.693+0000] {dagbag.py:540} INFO - Filling up the DagBag from /home/airflow/.local/lib/python3.8/site-packages/airflow/example_dags/example_xcomargs.py
[2024-03-09T11:10:39.710+0000] {processor.py:840} INFO - DAG(s) 'example_xcom_args_with_operators', 'example_xcom_args' retrieved from /home/airflow/.local/lib/python3.8/site-packages/airflow/example_dags/example_xcomargs.py
[2024-03-09T11:10:39.757+0000] {logging_mixin.py:188} INFO - [2024-03-09T11:10:39.757+0000] {dag.py:3047} INFO - Sync 2 DAGs
[2024-03-09T11:10:39.780+0000] {logging_mixin.py:188} INFO - [2024-03-09T11:10:39.779+0000] {dag.py:3834} INFO - Setting next_dagrun for example_xcom_args to None, run_after=None
[2024-03-09T11:10:39.789+0000] {logging_mixin.py:188} INFO - [2024-03-09T11:10:39.789+0000] {dag.py:3834} INFO - Setting next_dagrun for example_xcom_args_with_operators to None, run_after=None
[2024-03-09T11:10:39.819+0000] {processor.py:183} INFO - Processing /home/airflow/.local/lib/python3.8/site-packages/airflow/example_dags/example_xcomargs.py took 0.135 seconds
[2024-03-09T11:11:10.196+0000] {processor.py:161} INFO - Started process (PID=2118) to work on /home/airflow/.local/lib/python3.8/site-packages/airflow/example_dags/example_xcomargs.py
[2024-03-09T11:11:10.198+0000] {processor.py:830} INFO - Processing file /home/airflow/.local/lib/python3.8/site-packages/airflow/example_dags/example_xcomargs.py for tasks to queue
[2024-03-09T11:11:10.200+0000] {logging_mixin.py:188} INFO - [2024-03-09T11:11:10.199+0000] {dagbag.py:540} INFO - Filling up the DagBag from /home/airflow/.local/lib/python3.8/site-packages/airflow/example_dags/example_xcomargs.py
[2024-03-09T11:11:10.213+0000] {processor.py:840} INFO - DAG(s) 'example_xcom_args', 'example_xcom_args_with_operators' retrieved from /home/airflow/.local/lib/python3.8/site-packages/airflow/example_dags/example_xcomargs.py
[2024-03-09T11:11:10.252+0000] {logging_mixin.py:188} INFO - [2024-03-09T11:11:10.251+0000] {dag.py:3047} INFO - Sync 2 DAGs
[2024-03-09T11:11:10.279+0000] {logging_mixin.py:188} INFO - [2024-03-09T11:11:10.279+0000] {dag.py:3834} INFO - Setting next_dagrun for example_xcom_args to None, run_after=None
[2024-03-09T11:11:10.288+0000] {logging_mixin.py:188} INFO - [2024-03-09T11:11:10.287+0000] {dag.py:3834} INFO - Setting next_dagrun for example_xcom_args_with_operators to None, run_after=None
[2024-03-09T11:11:10.320+0000] {processor.py:183} INFO - Processing /home/airflow/.local/lib/python3.8/site-packages/airflow/example_dags/example_xcomargs.py took 0.128 seconds
[2024-03-09T11:11:41.055+0000] {processor.py:161} INFO - Started process (PID=2365) to work on /home/airflow/.local/lib/python3.8/site-packages/airflow/example_dags/example_xcomargs.py
[2024-03-09T11:11:41.057+0000] {processor.py:830} INFO - Processing file /home/airflow/.local/lib/python3.8/site-packages/airflow/example_dags/example_xcomargs.py for tasks to queue
[2024-03-09T11:11:41.059+0000] {logging_mixin.py:188} INFO - [2024-03-09T11:11:41.058+0000] {dagbag.py:540} INFO - Filling up the DagBag from /home/airflow/.local/lib/python3.8/site-packages/airflow/example_dags/example_xcomargs.py
[2024-03-09T11:11:41.078+0000] {processor.py:840} INFO - DAG(s) 'example_xcom_args_with_operators', 'example_xcom_args' retrieved from /home/airflow/.local/lib/python3.8/site-packages/airflow/example_dags/example_xcomargs.py
[2024-03-09T11:11:41.119+0000] {logging_mixin.py:188} INFO - [2024-03-09T11:11:41.119+0000] {dag.py:3047} INFO - Sync 2 DAGs
[2024-03-09T11:11:41.141+0000] {logging_mixin.py:188} INFO - [2024-03-09T11:11:41.141+0000] {dag.py:3834} INFO - Setting next_dagrun for example_xcom_args to None, run_after=None
[2024-03-09T11:11:41.149+0000] {logging_mixin.py:188} INFO - [2024-03-09T11:11:41.149+0000] {dag.py:3834} INFO - Setting next_dagrun for example_xcom_args_with_operators to None, run_after=None
[2024-03-09T11:11:41.183+0000] {processor.py:183} INFO - Processing /home/airflow/.local/lib/python3.8/site-packages/airflow/example_dags/example_xcomargs.py took 0.133 seconds
[2024-03-09T11:12:11.989+0000] {processor.py:161} INFO - Started process (PID=2612) to work on /home/airflow/.local/lib/python3.8/site-packages/airflow/example_dags/example_xcomargs.py
[2024-03-09T11:12:11.991+0000] {processor.py:830} INFO - Processing file /home/airflow/.local/lib/python3.8/site-packages/airflow/example_dags/example_xcomargs.py for tasks to queue
[2024-03-09T11:12:11.993+0000] {logging_mixin.py:188} INFO - [2024-03-09T11:12:11.992+0000] {dagbag.py:540} INFO - Filling up the DagBag from /home/airflow/.local/lib/python3.8/site-packages/airflow/example_dags/example_xcomargs.py
[2024-03-09T11:12:12.009+0000] {processor.py:840} INFO - DAG(s) 'example_xcom_args_with_operators', 'example_xcom_args' retrieved from /home/airflow/.local/lib/python3.8/site-packages/airflow/example_dags/example_xcomargs.py
[2024-03-09T11:12:12.049+0000] {logging_mixin.py:188} INFO - [2024-03-09T11:12:12.049+0000] {dag.py:3047} INFO - Sync 2 DAGs
[2024-03-09T11:12:12.074+0000] {logging_mixin.py:188} INFO - [2024-03-09T11:12:12.073+0000] {dag.py:3834} INFO - Setting next_dagrun for example_xcom_args to None, run_after=None
[2024-03-09T11:12:12.081+0000] {logging_mixin.py:188} INFO - [2024-03-09T11:12:12.080+0000] {dag.py:3834} INFO - Setting next_dagrun for example_xcom_args_with_operators to None, run_after=None
[2024-03-09T11:12:12.122+0000] {processor.py:183} INFO - Processing /home/airflow/.local/lib/python3.8/site-packages/airflow/example_dags/example_xcomargs.py took 0.140 seconds
[2024-03-09T11:12:42.339+0000] {processor.py:161} INFO - Started process (PID=2866) to work on /home/airflow/.local/lib/python3.8/site-packages/airflow/example_dags/example_xcomargs.py
[2024-03-09T11:12:42.340+0000] {processor.py:830} INFO - Processing file /home/airflow/.local/lib/python3.8/site-packages/airflow/example_dags/example_xcomargs.py for tasks to queue
[2024-03-09T11:12:42.342+0000] {logging_mixin.py:188} INFO - [2024-03-09T11:12:42.342+0000] {dagbag.py:540} INFO - Filling up the DagBag from /home/airflow/.local/lib/python3.8/site-packages/airflow/example_dags/example_xcomargs.py
[2024-03-09T11:12:42.354+0000] {processor.py:840} INFO - DAG(s) 'example_xcom_args', 'example_xcom_args_with_operators' retrieved from /home/airflow/.local/lib/python3.8/site-packages/airflow/example_dags/example_xcomargs.py
[2024-03-09T11:12:42.389+0000] {logging_mixin.py:188} INFO - [2024-03-09T11:12:42.389+0000] {dag.py:3047} INFO - Sync 2 DAGs
[2024-03-09T11:12:42.409+0000] {logging_mixin.py:188} INFO - [2024-03-09T11:12:42.408+0000] {dag.py:3834} INFO - Setting next_dagrun for example_xcom_args to None, run_after=None
[2024-03-09T11:12:42.415+0000] {logging_mixin.py:188} INFO - [2024-03-09T11:12:42.415+0000] {dag.py:3834} INFO - Setting next_dagrun for example_xcom_args_with_operators to None, run_after=None
[2024-03-09T11:12:42.449+0000] {processor.py:183} INFO - Processing /home/airflow/.local/lib/python3.8/site-packages/airflow/example_dags/example_xcomargs.py took 0.115 seconds
[2024-03-09T11:13:13.105+0000] {processor.py:161} INFO - Started process (PID=3106) to work on /home/airflow/.local/lib/python3.8/site-packages/airflow/example_dags/example_xcomargs.py
[2024-03-09T11:13:13.107+0000] {processor.py:830} INFO - Processing file /home/airflow/.local/lib/python3.8/site-packages/airflow/example_dags/example_xcomargs.py for tasks to queue
[2024-03-09T11:13:13.108+0000] {logging_mixin.py:188} INFO - [2024-03-09T11:13:13.108+0000] {dagbag.py:540} INFO - Filling up the DagBag from /home/airflow/.local/lib/python3.8/site-packages/airflow/example_dags/example_xcomargs.py
[2024-03-09T11:13:13.121+0000] {processor.py:840} INFO - DAG(s) 'example_xcom_args', 'example_xcom_args_with_operators' retrieved from /home/airflow/.local/lib/python3.8/site-packages/airflow/example_dags/example_xcomargs.py
[2024-03-09T11:13:13.161+0000] {logging_mixin.py:188} INFO - [2024-03-09T11:13:13.160+0000] {dag.py:3047} INFO - Sync 2 DAGs
[2024-03-09T11:13:13.179+0000] {logging_mixin.py:188} INFO - [2024-03-09T11:13:13.178+0000] {dag.py:3834} INFO - Setting next_dagrun for example_xcom_args to None, run_after=None
[2024-03-09T11:13:13.185+0000] {logging_mixin.py:188} INFO - [2024-03-09T11:13:13.184+0000] {dag.py:3834} INFO - Setting next_dagrun for example_xcom_args_with_operators to None, run_after=None
[2024-03-09T11:13:13.299+0000] {processor.py:183} INFO - Processing /home/airflow/.local/lib/python3.8/site-packages/airflow/example_dags/example_xcomargs.py took 0.202 seconds
[2024-03-09T11:13:47.616+0000] {processor.py:161} INFO - Started process (PID=3376) to work on /home/airflow/.local/lib/python3.8/site-packages/airflow/example_dags/example_xcomargs.py
[2024-03-09T11:13:47.618+0000] {processor.py:830} INFO - Processing file /home/airflow/.local/lib/python3.8/site-packages/airflow/example_dags/example_xcomargs.py for tasks to queue
[2024-03-09T11:13:47.620+0000] {logging_mixin.py:188} INFO - [2024-03-09T11:13:47.619+0000] {dagbag.py:540} INFO - Filling up the DagBag from /home/airflow/.local/lib/python3.8/site-packages/airflow/example_dags/example_xcomargs.py
[2024-03-09T11:13:47.635+0000] {processor.py:840} INFO - DAG(s) 'example_xcom_args_with_operators', 'example_xcom_args' retrieved from /home/airflow/.local/lib/python3.8/site-packages/airflow/example_dags/example_xcomargs.py
[2024-03-09T11:13:47.683+0000] {logging_mixin.py:188} INFO - [2024-03-09T11:13:47.682+0000] {dag.py:3047} INFO - Sync 2 DAGs
[2024-03-09T11:13:47.712+0000] {logging_mixin.py:188} INFO - [2024-03-09T11:13:47.711+0000] {dag.py:3834} INFO - Setting next_dagrun for example_xcom_args to None, run_after=None
[2024-03-09T11:13:47.722+0000] {logging_mixin.py:188} INFO - [2024-03-09T11:13:47.722+0000] {dag.py:3834} INFO - Setting next_dagrun for example_xcom_args_with_operators to None, run_after=None
[2024-03-09T11:13:47.754+0000] {processor.py:183} INFO - Processing /home/airflow/.local/lib/python3.8/site-packages/airflow/example_dags/example_xcomargs.py took 0.145 seconds
[2024-03-09T11:14:17.939+0000] {processor.py:161} INFO - Started process (PID=3629) to work on /home/airflow/.local/lib/python3.8/site-packages/airflow/example_dags/example_xcomargs.py
[2024-03-09T11:14:17.941+0000] {processor.py:830} INFO - Processing file /home/airflow/.local/lib/python3.8/site-packages/airflow/example_dags/example_xcomargs.py for tasks to queue
[2024-03-09T11:14:17.944+0000] {logging_mixin.py:188} INFO - [2024-03-09T11:14:17.943+0000] {dagbag.py:540} INFO - Filling up the DagBag from /home/airflow/.local/lib/python3.8/site-packages/airflow/example_dags/example_xcomargs.py
[2024-03-09T11:14:17.959+0000] {processor.py:840} INFO - DAG(s) 'example_xcom_args_with_operators', 'example_xcom_args' retrieved from /home/airflow/.local/lib/python3.8/site-packages/airflow/example_dags/example_xcomargs.py
[2024-03-09T11:14:18.016+0000] {logging_mixin.py:188} INFO - [2024-03-09T11:14:18.016+0000] {dag.py:3047} INFO - Sync 2 DAGs
[2024-03-09T11:14:18.042+0000] {logging_mixin.py:188} INFO - [2024-03-09T11:14:18.042+0000] {dag.py:3834} INFO - Setting next_dagrun for example_xcom_args to None, run_after=None
[2024-03-09T11:14:18.051+0000] {logging_mixin.py:188} INFO - [2024-03-09T11:14:18.051+0000] {dag.py:3834} INFO - Setting next_dagrun for example_xcom_args_with_operators to None, run_after=None
[2024-03-09T11:14:18.099+0000] {processor.py:183} INFO - Processing /home/airflow/.local/lib/python3.8/site-packages/airflow/example_dags/example_xcomargs.py took 0.166 seconds
[2024-03-09T11:14:48.509+0000] {processor.py:161} INFO - Started process (PID=3878) to work on /home/airflow/.local/lib/python3.8/site-packages/airflow/example_dags/example_xcomargs.py
[2024-03-09T11:14:48.513+0000] {processor.py:830} INFO - Processing file /home/airflow/.local/lib/python3.8/site-packages/airflow/example_dags/example_xcomargs.py for tasks to queue
[2024-03-09T11:14:48.523+0000] {logging_mixin.py:188} INFO - [2024-03-09T11:14:48.522+0000] {dagbag.py:540} INFO - Filling up the DagBag from /home/airflow/.local/lib/python3.8/site-packages/airflow/example_dags/example_xcomargs.py
[2024-03-09T11:14:48.555+0000] {processor.py:840} INFO - DAG(s) 'example_xcom_args_with_operators', 'example_xcom_args' retrieved from /home/airflow/.local/lib/python3.8/site-packages/airflow/example_dags/example_xcomargs.py
[2024-03-09T11:14:48.648+0000] {logging_mixin.py:188} INFO - [2024-03-09T11:14:48.647+0000] {dag.py:3047} INFO - Sync 2 DAGs
[2024-03-09T11:14:48.690+0000] {logging_mixin.py:188} INFO - [2024-03-09T11:14:48.689+0000] {dag.py:3834} INFO - Setting next_dagrun for example_xcom_args to None, run_after=None
[2024-03-09T11:14:48.702+0000] {logging_mixin.py:188} INFO - [2024-03-09T11:14:48.701+0000] {dag.py:3834} INFO - Setting next_dagrun for example_xcom_args_with_operators to None, run_after=None
[2024-03-09T11:14:48.779+0000] {processor.py:183} INFO - Processing /home/airflow/.local/lib/python3.8/site-packages/airflow/example_dags/example_xcomargs.py took 0.277 seconds
[2024-03-09T11:15:19.089+0000] {processor.py:161} INFO - Started process (PID=4125) to work on /home/airflow/.local/lib/python3.8/site-packages/airflow/example_dags/example_xcomargs.py
[2024-03-09T11:15:19.091+0000] {processor.py:830} INFO - Processing file /home/airflow/.local/lib/python3.8/site-packages/airflow/example_dags/example_xcomargs.py for tasks to queue
[2024-03-09T11:15:19.093+0000] {logging_mixin.py:188} INFO - [2024-03-09T11:15:19.092+0000] {dagbag.py:540} INFO - Filling up the DagBag from /home/airflow/.local/lib/python3.8/site-packages/airflow/example_dags/example_xcomargs.py
[2024-03-09T11:15:19.113+0000] {processor.py:840} INFO - DAG(s) 'example_xcom_args', 'example_xcom_args_with_operators' retrieved from /home/airflow/.local/lib/python3.8/site-packages/airflow/example_dags/example_xcomargs.py
[2024-03-09T11:15:19.165+0000] {logging_mixin.py:188} INFO - [2024-03-09T11:15:19.164+0000] {dag.py:3047} INFO - Sync 2 DAGs
[2024-03-09T11:15:19.189+0000] {logging_mixin.py:188} INFO - [2024-03-09T11:15:19.188+0000] {dag.py:3834} INFO - Setting next_dagrun for example_xcom_args to None, run_after=None
[2024-03-09T11:15:19.196+0000] {logging_mixin.py:188} INFO - [2024-03-09T11:15:19.195+0000] {dag.py:3834} INFO - Setting next_dagrun for example_xcom_args_with_operators to None, run_after=None
[2024-03-09T11:15:19.240+0000] {processor.py:183} INFO - Processing /home/airflow/.local/lib/python3.8/site-packages/airflow/example_dags/example_xcomargs.py took 0.158 seconds
[2024-03-09T11:15:49.469+0000] {processor.py:161} INFO - Started process (PID=4365) to work on /home/airflow/.local/lib/python3.8/site-packages/airflow/example_dags/example_xcomargs.py
[2024-03-09T11:15:49.471+0000] {processor.py:830} INFO - Processing file /home/airflow/.local/lib/python3.8/site-packages/airflow/example_dags/example_xcomargs.py for tasks to queue
[2024-03-09T11:15:49.474+0000] {logging_mixin.py:188} INFO - [2024-03-09T11:15:49.473+0000] {dagbag.py:540} INFO - Filling up the DagBag from /home/airflow/.local/lib/python3.8/site-packages/airflow/example_dags/example_xcomargs.py
[2024-03-09T11:15:49.493+0000] {processor.py:840} INFO - DAG(s) 'example_xcom_args_with_operators', 'example_xcom_args' retrieved from /home/airflow/.local/lib/python3.8/site-packages/airflow/example_dags/example_xcomargs.py
[2024-03-09T11:15:49.560+0000] {logging_mixin.py:188} INFO - [2024-03-09T11:15:49.560+0000] {dag.py:3047} INFO - Sync 2 DAGs
[2024-03-09T11:15:49.592+0000] {logging_mixin.py:188} INFO - [2024-03-09T11:15:49.592+0000] {dag.py:3834} INFO - Setting next_dagrun for example_xcom_args to None, run_after=None
[2024-03-09T11:15:49.600+0000] {logging_mixin.py:188} INFO - [2024-03-09T11:15:49.599+0000] {dag.py:3834} INFO - Setting next_dagrun for example_xcom_args_with_operators to None, run_after=None
[2024-03-09T11:15:49.642+0000] {processor.py:183} INFO - Processing /home/airflow/.local/lib/python3.8/site-packages/airflow/example_dags/example_xcomargs.py took 0.180 seconds
[2024-03-09T11:16:20.560+0000] {processor.py:161} INFO - Started process (PID=4614) to work on /home/airflow/.local/lib/python3.8/site-packages/airflow/example_dags/example_xcomargs.py
[2024-03-09T11:16:20.561+0000] {processor.py:830} INFO - Processing file /home/airflow/.local/lib/python3.8/site-packages/airflow/example_dags/example_xcomargs.py for tasks to queue
[2024-03-09T11:16:20.563+0000] {logging_mixin.py:188} INFO - [2024-03-09T11:16:20.563+0000] {dagbag.py:540} INFO - Filling up the DagBag from /home/airflow/.local/lib/python3.8/site-packages/airflow/example_dags/example_xcomargs.py
[2024-03-09T11:16:20.576+0000] {processor.py:840} INFO - DAG(s) 'example_xcom_args_with_operators', 'example_xcom_args' retrieved from /home/airflow/.local/lib/python3.8/site-packages/airflow/example_dags/example_xcomargs.py
[2024-03-09T11:16:20.614+0000] {logging_mixin.py:188} INFO - [2024-03-09T11:16:20.614+0000] {dag.py:3047} INFO - Sync 2 DAGs
[2024-03-09T11:16:20.636+0000] {logging_mixin.py:188} INFO - [2024-03-09T11:16:20.636+0000] {dag.py:3834} INFO - Setting next_dagrun for example_xcom_args to None, run_after=None
[2024-03-09T11:16:20.644+0000] {logging_mixin.py:188} INFO - [2024-03-09T11:16:20.643+0000] {dag.py:3834} INFO - Setting next_dagrun for example_xcom_args_with_operators to None, run_after=None
[2024-03-09T11:16:20.672+0000] {processor.py:183} INFO - Processing /home/airflow/.local/lib/python3.8/site-packages/airflow/example_dags/example_xcomargs.py took 0.117 seconds
[2024-03-09T11:16:50.808+0000] {processor.py:161} INFO - Started process (PID=4861) to work on /home/airflow/.local/lib/python3.8/site-packages/airflow/example_dags/example_xcomargs.py
[2024-03-09T11:16:50.810+0000] {processor.py:830} INFO - Processing file /home/airflow/.local/lib/python3.8/site-packages/airflow/example_dags/example_xcomargs.py for tasks to queue
[2024-03-09T11:16:50.811+0000] {logging_mixin.py:188} INFO - [2024-03-09T11:16:50.811+0000] {dagbag.py:540} INFO - Filling up the DagBag from /home/airflow/.local/lib/python3.8/site-packages/airflow/example_dags/example_xcomargs.py
[2024-03-09T11:16:50.826+0000] {processor.py:840} INFO - DAG(s) 'example_xcom_args', 'example_xcom_args_with_operators' retrieved from /home/airflow/.local/lib/python3.8/site-packages/airflow/example_dags/example_xcomargs.py
[2024-03-09T11:16:50.869+0000] {logging_mixin.py:188} INFO - [2024-03-09T11:16:50.868+0000] {dag.py:3047} INFO - Sync 2 DAGs
[2024-03-09T11:16:50.891+0000] {logging_mixin.py:188} INFO - [2024-03-09T11:16:50.890+0000] {dag.py:3834} INFO - Setting next_dagrun for example_xcom_args to None, run_after=None
[2024-03-09T11:16:50.898+0000] {logging_mixin.py:188} INFO - [2024-03-09T11:16:50.898+0000] {dag.py:3834} INFO - Setting next_dagrun for example_xcom_args_with_operators to None, run_after=None
[2024-03-09T11:16:50.928+0000] {processor.py:183} INFO - Processing /home/airflow/.local/lib/python3.8/site-packages/airflow/example_dags/example_xcomargs.py took 0.126 seconds
[2024-03-09T11:17:21.339+0000] {processor.py:161} INFO - Started process (PID=5106) to work on /home/airflow/.local/lib/python3.8/site-packages/airflow/example_dags/example_xcomargs.py
[2024-03-09T11:17:21.341+0000] {processor.py:830} INFO - Processing file /home/airflow/.local/lib/python3.8/site-packages/airflow/example_dags/example_xcomargs.py for tasks to queue
[2024-03-09T11:17:21.343+0000] {logging_mixin.py:188} INFO - [2024-03-09T11:17:21.342+0000] {dagbag.py:540} INFO - Filling up the DagBag from /home/airflow/.local/lib/python3.8/site-packages/airflow/example_dags/example_xcomargs.py
[2024-03-09T11:17:21.358+0000] {processor.py:840} INFO - DAG(s) 'example_xcom_args_with_operators', 'example_xcom_args' retrieved from /home/airflow/.local/lib/python3.8/site-packages/airflow/example_dags/example_xcomargs.py
[2024-03-09T11:17:21.398+0000] {logging_mixin.py:188} INFO - [2024-03-09T11:17:21.397+0000] {dag.py:3047} INFO - Sync 2 DAGs
[2024-03-09T11:17:21.418+0000] {logging_mixin.py:188} INFO - [2024-03-09T11:17:21.417+0000] {dag.py:3834} INFO - Setting next_dagrun for example_xcom_args to None, run_after=None
[2024-03-09T11:17:21.427+0000] {logging_mixin.py:188} INFO - [2024-03-09T11:17:21.426+0000] {dag.py:3834} INFO - Setting next_dagrun for example_xcom_args_with_operators to None, run_after=None
[2024-03-09T11:17:21.461+0000] {processor.py:183} INFO - Processing /home/airflow/.local/lib/python3.8/site-packages/airflow/example_dags/example_xcomargs.py took 0.128 seconds
[2024-03-09T11:17:51.703+0000] {processor.py:161} INFO - Started process (PID=5355) to work on /home/airflow/.local/lib/python3.8/site-packages/airflow/example_dags/example_xcomargs.py
[2024-03-09T11:17:51.704+0000] {processor.py:830} INFO - Processing file /home/airflow/.local/lib/python3.8/site-packages/airflow/example_dags/example_xcomargs.py for tasks to queue
[2024-03-09T11:17:51.706+0000] {logging_mixin.py:188} INFO - [2024-03-09T11:17:51.706+0000] {dagbag.py:540} INFO - Filling up the DagBag from /home/airflow/.local/lib/python3.8/site-packages/airflow/example_dags/example_xcomargs.py
[2024-03-09T11:17:51.718+0000] {processor.py:840} INFO - DAG(s) 'example_xcom_args_with_operators', 'example_xcom_args' retrieved from /home/airflow/.local/lib/python3.8/site-packages/airflow/example_dags/example_xcomargs.py
[2024-03-09T11:17:51.764+0000] {logging_mixin.py:188} INFO - [2024-03-09T11:17:51.764+0000] {dag.py:3047} INFO - Sync 2 DAGs
[2024-03-09T11:17:51.782+0000] {logging_mixin.py:188} INFO - [2024-03-09T11:17:51.782+0000] {dag.py:3834} INFO - Setting next_dagrun for example_xcom_args to None, run_after=None
[2024-03-09T11:17:51.788+0000] {logging_mixin.py:188} INFO - [2024-03-09T11:17:51.788+0000] {dag.py:3834} INFO - Setting next_dagrun for example_xcom_args_with_operators to None, run_after=None
[2024-03-09T11:17:51.818+0000] {processor.py:183} INFO - Processing /home/airflow/.local/lib/python3.8/site-packages/airflow/example_dags/example_xcomargs.py took 0.121 seconds
[2024-03-09T11:18:22.049+0000] {processor.py:161} INFO - Started process (PID=5602) to work on /home/airflow/.local/lib/python3.8/site-packages/airflow/example_dags/example_xcomargs.py
[2024-03-09T11:18:22.051+0000] {processor.py:830} INFO - Processing file /home/airflow/.local/lib/python3.8/site-packages/airflow/example_dags/example_xcomargs.py for tasks to queue
[2024-03-09T11:18:22.053+0000] {logging_mixin.py:188} INFO - [2024-03-09T11:18:22.052+0000] {dagbag.py:540} INFO - Filling up the DagBag from /home/airflow/.local/lib/python3.8/site-packages/airflow/example_dags/example_xcomargs.py
[2024-03-09T11:18:22.066+0000] {processor.py:840} INFO - DAG(s) 'example_xcom_args_with_operators', 'example_xcom_args' retrieved from /home/airflow/.local/lib/python3.8/site-packages/airflow/example_dags/example_xcomargs.py
[2024-03-09T11:18:22.103+0000] {logging_mixin.py:188} INFO - [2024-03-09T11:18:22.103+0000] {dag.py:3047} INFO - Sync 2 DAGs
[2024-03-09T11:18:22.125+0000] {logging_mixin.py:188} INFO - [2024-03-09T11:18:22.124+0000] {dag.py:3834} INFO - Setting next_dagrun for example_xcom_args to None, run_after=None
[2024-03-09T11:18:22.131+0000] {logging_mixin.py:188} INFO - [2024-03-09T11:18:22.131+0000] {dag.py:3834} INFO - Setting next_dagrun for example_xcom_args_with_operators to None, run_after=None
[2024-03-09T11:18:22.158+0000] {processor.py:183} INFO - Processing /home/airflow/.local/lib/python3.8/site-packages/airflow/example_dags/example_xcomargs.py took 0.114 seconds
[2024-03-09T11:18:52.633+0000] {processor.py:161} INFO - Started process (PID=5847) to work on /home/airflow/.local/lib/python3.8/site-packages/airflow/example_dags/example_xcomargs.py
[2024-03-09T11:18:52.635+0000] {processor.py:830} INFO - Processing file /home/airflow/.local/lib/python3.8/site-packages/airflow/example_dags/example_xcomargs.py for tasks to queue
[2024-03-09T11:18:52.637+0000] {logging_mixin.py:188} INFO - [2024-03-09T11:18:52.636+0000] {dagbag.py:540} INFO - Filling up the DagBag from /home/airflow/.local/lib/python3.8/site-packages/airflow/example_dags/example_xcomargs.py
[2024-03-09T11:18:52.651+0000] {processor.py:840} INFO - DAG(s) 'example_xcom_args_with_operators', 'example_xcom_args' retrieved from /home/airflow/.local/lib/python3.8/site-packages/airflow/example_dags/example_xcomargs.py
[2024-03-09T11:18:52.695+0000] {logging_mixin.py:188} INFO - [2024-03-09T11:18:52.694+0000] {dag.py:3047} INFO - Sync 2 DAGs
[2024-03-09T11:18:52.715+0000] {logging_mixin.py:188} INFO - [2024-03-09T11:18:52.715+0000] {dag.py:3834} INFO - Setting next_dagrun for example_xcom_args to None, run_after=None
[2024-03-09T11:18:52.721+0000] {logging_mixin.py:188} INFO - [2024-03-09T11:18:52.721+0000] {dag.py:3834} INFO - Setting next_dagrun for example_xcom_args_with_operators to None, run_after=None
[2024-03-09T11:18:52.753+0000] {processor.py:183} INFO - Processing /home/airflow/.local/lib/python3.8/site-packages/airflow/example_dags/example_xcomargs.py took 0.126 seconds
[2024-03-09T11:19:22.837+0000] {processor.py:161} INFO - Started process (PID=6094) to work on /home/airflow/.local/lib/python3.8/site-packages/airflow/example_dags/example_xcomargs.py
[2024-03-09T11:19:22.839+0000] {processor.py:830} INFO - Processing file /home/airflow/.local/lib/python3.8/site-packages/airflow/example_dags/example_xcomargs.py for tasks to queue
[2024-03-09T11:19:22.841+0000] {logging_mixin.py:188} INFO - [2024-03-09T11:19:22.840+0000] {dagbag.py:540} INFO - Filling up the DagBag from /home/airflow/.local/lib/python3.8/site-packages/airflow/example_dags/example_xcomargs.py
[2024-03-09T11:19:22.854+0000] {processor.py:840} INFO - DAG(s) 'example_xcom_args', 'example_xcom_args_with_operators' retrieved from /home/airflow/.local/lib/python3.8/site-packages/airflow/example_dags/example_xcomargs.py
[2024-03-09T11:19:22.894+0000] {logging_mixin.py:188} INFO - [2024-03-09T11:19:22.894+0000] {dag.py:3047} INFO - Sync 2 DAGs
[2024-03-09T11:19:22.917+0000] {logging_mixin.py:188} INFO - [2024-03-09T11:19:22.916+0000] {dag.py:3834} INFO - Setting next_dagrun for example_xcom_args to None, run_after=None
[2024-03-09T11:19:22.923+0000] {logging_mixin.py:188} INFO - [2024-03-09T11:19:22.922+0000] {dag.py:3834} INFO - Setting next_dagrun for example_xcom_args_with_operators to None, run_after=None
[2024-03-09T11:19:22.962+0000] {processor.py:183} INFO - Processing /home/airflow/.local/lib/python3.8/site-packages/airflow/example_dags/example_xcomargs.py took 0.130 seconds
[2024-03-09T11:19:53.600+0000] {processor.py:161} INFO - Started process (PID=6341) to work on /home/airflow/.local/lib/python3.8/site-packages/airflow/example_dags/example_xcomargs.py
[2024-03-09T11:19:53.602+0000] {processor.py:830} INFO - Processing file /home/airflow/.local/lib/python3.8/site-packages/airflow/example_dags/example_xcomargs.py for tasks to queue
[2024-03-09T11:19:53.603+0000] {logging_mixin.py:188} INFO - [2024-03-09T11:19:53.603+0000] {dagbag.py:540} INFO - Filling up the DagBag from /home/airflow/.local/lib/python3.8/site-packages/airflow/example_dags/example_xcomargs.py
[2024-03-09T11:19:53.616+0000] {processor.py:840} INFO - DAG(s) 'example_xcom_args_with_operators', 'example_xcom_args' retrieved from /home/airflow/.local/lib/python3.8/site-packages/airflow/example_dags/example_xcomargs.py
[2024-03-09T11:19:53.655+0000] {logging_mixin.py:188} INFO - [2024-03-09T11:19:53.655+0000] {dag.py:3047} INFO - Sync 2 DAGs
[2024-03-09T11:19:53.677+0000] {logging_mixin.py:188} INFO - [2024-03-09T11:19:53.676+0000] {dag.py:3834} INFO - Setting next_dagrun for example_xcom_args to None, run_after=None
[2024-03-09T11:19:53.684+0000] {logging_mixin.py:188} INFO - [2024-03-09T11:19:53.683+0000] {dag.py:3834} INFO - Setting next_dagrun for example_xcom_args_with_operators to None, run_after=None
[2024-03-09T11:19:53.715+0000] {processor.py:183} INFO - Processing /home/airflow/.local/lib/python3.8/site-packages/airflow/example_dags/example_xcomargs.py took 0.120 seconds
[2024-03-09T11:20:24.376+0000] {processor.py:161} INFO - Started process (PID=6590) to work on /home/airflow/.local/lib/python3.8/site-packages/airflow/example_dags/example_xcomargs.py
[2024-03-09T11:20:24.378+0000] {processor.py:830} INFO - Processing file /home/airflow/.local/lib/python3.8/site-packages/airflow/example_dags/example_xcomargs.py for tasks to queue
[2024-03-09T11:20:24.380+0000] {logging_mixin.py:188} INFO - [2024-03-09T11:20:24.379+0000] {dagbag.py:540} INFO - Filling up the DagBag from /home/airflow/.local/lib/python3.8/site-packages/airflow/example_dags/example_xcomargs.py
[2024-03-09T11:20:24.392+0000] {processor.py:840} INFO - DAG(s) 'example_xcom_args', 'example_xcom_args_with_operators' retrieved from /home/airflow/.local/lib/python3.8/site-packages/airflow/example_dags/example_xcomargs.py
[2024-03-09T11:20:24.429+0000] {logging_mixin.py:188} INFO - [2024-03-09T11:20:24.429+0000] {dag.py:3047} INFO - Sync 2 DAGs
[2024-03-09T11:20:24.451+0000] {logging_mixin.py:188} INFO - [2024-03-09T11:20:24.450+0000] {dag.py:3834} INFO - Setting next_dagrun for example_xcom_args to None, run_after=None
[2024-03-09T11:20:24.458+0000] {logging_mixin.py:188} INFO - [2024-03-09T11:20:24.458+0000] {dag.py:3834} INFO - Setting next_dagrun for example_xcom_args_with_operators to None, run_after=None
[2024-03-09T11:20:24.490+0000] {processor.py:183} INFO - Processing /home/airflow/.local/lib/python3.8/site-packages/airflow/example_dags/example_xcomargs.py took 0.118 seconds
[2024-03-09T11:20:55.197+0000] {processor.py:161} INFO - Started process (PID=6835) to work on /home/airflow/.local/lib/python3.8/site-packages/airflow/example_dags/example_xcomargs.py
[2024-03-09T11:20:55.199+0000] {processor.py:830} INFO - Processing file /home/airflow/.local/lib/python3.8/site-packages/airflow/example_dags/example_xcomargs.py for tasks to queue
[2024-03-09T11:20:55.201+0000] {logging_mixin.py:188} INFO - [2024-03-09T11:20:55.200+0000] {dagbag.py:540} INFO - Filling up the DagBag from /home/airflow/.local/lib/python3.8/site-packages/airflow/example_dags/example_xcomargs.py
[2024-03-09T11:20:55.214+0000] {processor.py:840} INFO - DAG(s) 'example_xcom_args_with_operators', 'example_xcom_args' retrieved from /home/airflow/.local/lib/python3.8/site-packages/airflow/example_dags/example_xcomargs.py
[2024-03-09T11:20:55.253+0000] {logging_mixin.py:188} INFO - [2024-03-09T11:20:55.253+0000] {dag.py:3047} INFO - Sync 2 DAGs
[2024-03-09T11:20:55.275+0000] {logging_mixin.py:188} INFO - [2024-03-09T11:20:55.274+0000] {dag.py:3834} INFO - Setting next_dagrun for example_xcom_args to None, run_after=None
[2024-03-09T11:20:55.282+0000] {logging_mixin.py:188} INFO - [2024-03-09T11:20:55.281+0000] {dag.py:3834} INFO - Setting next_dagrun for example_xcom_args_with_operators to None, run_after=None
[2024-03-09T11:20:55.307+0000] {processor.py:183} INFO - Processing /home/airflow/.local/lib/python3.8/site-packages/airflow/example_dags/example_xcomargs.py took 0.115 seconds
[2024-03-09T11:21:26.065+0000] {processor.py:161} INFO - Started process (PID=7082) to work on /home/airflow/.local/lib/python3.8/site-packages/airflow/example_dags/example_xcomargs.py
[2024-03-09T11:21:26.067+0000] {processor.py:830} INFO - Processing file /home/airflow/.local/lib/python3.8/site-packages/airflow/example_dags/example_xcomargs.py for tasks to queue
[2024-03-09T11:21:26.069+0000] {logging_mixin.py:188} INFO - [2024-03-09T11:21:26.069+0000] {dagbag.py:540} INFO - Filling up the DagBag from /home/airflow/.local/lib/python3.8/site-packages/airflow/example_dags/example_xcomargs.py
[2024-03-09T11:21:26.084+0000] {processor.py:840} INFO - DAG(s) 'example_xcom_args', 'example_xcom_args_with_operators' retrieved from /home/airflow/.local/lib/python3.8/site-packages/airflow/example_dags/example_xcomargs.py
[2024-03-09T11:21:26.122+0000] {logging_mixin.py:188} INFO - [2024-03-09T11:21:26.121+0000] {dag.py:3047} INFO - Sync 2 DAGs
[2024-03-09T11:21:26.142+0000] {logging_mixin.py:188} INFO - [2024-03-09T11:21:26.142+0000] {dag.py:3834} INFO - Setting next_dagrun for example_xcom_args to None, run_after=None
[2024-03-09T11:21:26.149+0000] {logging_mixin.py:188} INFO - [2024-03-09T11:21:26.149+0000] {dag.py:3834} INFO - Setting next_dagrun for example_xcom_args_with_operators to None, run_after=None
[2024-03-09T11:21:26.179+0000] {processor.py:183} INFO - Processing /home/airflow/.local/lib/python3.8/site-packages/airflow/example_dags/example_xcomargs.py took 0.118 seconds
[2024-03-09T13:38:20.867+0000] {processor.py:161} INFO - Started process (PID=7319) to work on /home/airflow/.local/lib/python3.8/site-packages/airflow/example_dags/example_xcomargs.py
[2024-03-09T13:38:20.870+0000] {processor.py:830} INFO - Processing file /home/airflow/.local/lib/python3.8/site-packages/airflow/example_dags/example_xcomargs.py for tasks to queue
[2024-03-09T13:38:20.872+0000] {logging_mixin.py:188} INFO - [2024-03-09T13:38:20.871+0000] {dagbag.py:540} INFO - Filling up the DagBag from /home/airflow/.local/lib/python3.8/site-packages/airflow/example_dags/example_xcomargs.py
[2024-03-09T13:38:20.890+0000] {processor.py:840} INFO - DAG(s) 'example_xcom_args', 'example_xcom_args_with_operators' retrieved from /home/airflow/.local/lib/python3.8/site-packages/airflow/example_dags/example_xcomargs.py
[2024-03-09T13:38:20.934+0000] {logging_mixin.py:188} INFO - [2024-03-09T13:38:20.934+0000] {dag.py:3047} INFO - Sync 2 DAGs
[2024-03-09T13:38:20.959+0000] {logging_mixin.py:188} INFO - [2024-03-09T13:38:20.959+0000] {dag.py:3834} INFO - Setting next_dagrun for example_xcom_args to None, run_after=None
[2024-03-09T13:38:20.966+0000] {logging_mixin.py:188} INFO - [2024-03-09T13:38:20.966+0000] {dag.py:3834} INFO - Setting next_dagrun for example_xcom_args_with_operators to None, run_after=None
[2024-03-09T13:38:21.002+0000] {processor.py:183} INFO - Processing /home/airflow/.local/lib/python3.8/site-packages/airflow/example_dags/example_xcomargs.py took 0.140 seconds
[2024-03-09T13:38:51.375+0000] {processor.py:161} INFO - Started process (PID=7568) to work on /home/airflow/.local/lib/python3.8/site-packages/airflow/example_dags/example_xcomargs.py
[2024-03-09T13:38:51.377+0000] {processor.py:830} INFO - Processing file /home/airflow/.local/lib/python3.8/site-packages/airflow/example_dags/example_xcomargs.py for tasks to queue
[2024-03-09T13:38:51.379+0000] {logging_mixin.py:188} INFO - [2024-03-09T13:38:51.378+0000] {dagbag.py:540} INFO - Filling up the DagBag from /home/airflow/.local/lib/python3.8/site-packages/airflow/example_dags/example_xcomargs.py
[2024-03-09T13:38:51.392+0000] {processor.py:840} INFO - DAG(s) 'example_xcom_args_with_operators', 'example_xcom_args' retrieved from /home/airflow/.local/lib/python3.8/site-packages/airflow/example_dags/example_xcomargs.py
[2024-03-09T13:38:51.436+0000] {logging_mixin.py:188} INFO - [2024-03-09T13:38:51.436+0000] {dag.py:3047} INFO - Sync 2 DAGs
[2024-03-09T13:38:51.456+0000] {logging_mixin.py:188} INFO - [2024-03-09T13:38:51.456+0000] {dag.py:3834} INFO - Setting next_dagrun for example_xcom_args to None, run_after=None
[2024-03-09T13:38:51.463+0000] {logging_mixin.py:188} INFO - [2024-03-09T13:38:51.463+0000] {dag.py:3834} INFO - Setting next_dagrun for example_xcom_args_with_operators to None, run_after=None
[2024-03-09T13:38:51.490+0000] {processor.py:183} INFO - Processing /home/airflow/.local/lib/python3.8/site-packages/airflow/example_dags/example_xcomargs.py took 0.120 seconds
[2024-03-09T13:39:22.973+0000] {processor.py:161} INFO - Started process (PID=7813) to work on /home/airflow/.local/lib/python3.8/site-packages/airflow/example_dags/example_xcomargs.py
[2024-03-09T13:39:22.977+0000] {processor.py:830} INFO - Processing file /home/airflow/.local/lib/python3.8/site-packages/airflow/example_dags/example_xcomargs.py for tasks to queue
[2024-03-09T13:39:22.979+0000] {logging_mixin.py:188} INFO - [2024-03-09T13:39:22.979+0000] {dagbag.py:540} INFO - Filling up the DagBag from /home/airflow/.local/lib/python3.8/site-packages/airflow/example_dags/example_xcomargs.py
[2024-03-09T13:39:23.001+0000] {processor.py:840} INFO - DAG(s) 'example_xcom_args', 'example_xcom_args_with_operators' retrieved from /home/airflow/.local/lib/python3.8/site-packages/airflow/example_dags/example_xcomargs.py
[2024-03-09T13:39:23.053+0000] {logging_mixin.py:188} INFO - [2024-03-09T13:39:23.053+0000] {dag.py:3047} INFO - Sync 2 DAGs
[2024-03-09T13:39:23.079+0000] {logging_mixin.py:188} INFO - [2024-03-09T13:39:23.079+0000] {dag.py:3834} INFO - Setting next_dagrun for example_xcom_args to None, run_after=None
[2024-03-09T13:39:23.089+0000] {logging_mixin.py:188} INFO - [2024-03-09T13:39:23.088+0000] {dag.py:3834} INFO - Setting next_dagrun for example_xcom_args_with_operators to None, run_after=None
[2024-03-09T13:39:23.122+0000] {processor.py:183} INFO - Processing /home/airflow/.local/lib/python3.8/site-packages/airflow/example_dags/example_xcomargs.py took 0.157 seconds
[2024-03-09T13:39:54.138+0000] {processor.py:161} INFO - Started process (PID=8060) to work on /home/airflow/.local/lib/python3.8/site-packages/airflow/example_dags/example_xcomargs.py
[2024-03-09T13:39:54.140+0000] {processor.py:830} INFO - Processing file /home/airflow/.local/lib/python3.8/site-packages/airflow/example_dags/example_xcomargs.py for tasks to queue
[2024-03-09T13:39:54.142+0000] {logging_mixin.py:188} INFO - [2024-03-09T13:39:54.141+0000] {dagbag.py:540} INFO - Filling up the DagBag from /home/airflow/.local/lib/python3.8/site-packages/airflow/example_dags/example_xcomargs.py
[2024-03-09T13:39:54.156+0000] {processor.py:840} INFO - DAG(s) 'example_xcom_args', 'example_xcom_args_with_operators' retrieved from /home/airflow/.local/lib/python3.8/site-packages/airflow/example_dags/example_xcomargs.py
[2024-03-09T13:39:54.202+0000] {logging_mixin.py:188} INFO - [2024-03-09T13:39:54.202+0000] {dag.py:3047} INFO - Sync 2 DAGs
[2024-03-09T13:39:54.225+0000] {logging_mixin.py:188} INFO - [2024-03-09T13:39:54.224+0000] {dag.py:3834} INFO - Setting next_dagrun for example_xcom_args to None, run_after=None
[2024-03-09T13:39:54.232+0000] {logging_mixin.py:188} INFO - [2024-03-09T13:39:54.232+0000] {dag.py:3834} INFO - Setting next_dagrun for example_xcom_args_with_operators to None, run_after=None
[2024-03-09T13:39:54.265+0000] {processor.py:183} INFO - Processing /home/airflow/.local/lib/python3.8/site-packages/airflow/example_dags/example_xcomargs.py took 0.131 seconds
[2024-03-09T13:40:24.323+0000] {processor.py:161} INFO - Started process (PID=8307) to work on /home/airflow/.local/lib/python3.8/site-packages/airflow/example_dags/example_xcomargs.py
[2024-03-09T13:40:24.325+0000] {processor.py:830} INFO - Processing file /home/airflow/.local/lib/python3.8/site-packages/airflow/example_dags/example_xcomargs.py for tasks to queue
[2024-03-09T13:40:24.327+0000] {logging_mixin.py:188} INFO - [2024-03-09T13:40:24.326+0000] {dagbag.py:540} INFO - Filling up the DagBag from /home/airflow/.local/lib/python3.8/site-packages/airflow/example_dags/example_xcomargs.py
[2024-03-09T13:40:24.340+0000] {processor.py:840} INFO - DAG(s) 'example_xcom_args_with_operators', 'example_xcom_args' retrieved from /home/airflow/.local/lib/python3.8/site-packages/airflow/example_dags/example_xcomargs.py
[2024-03-09T13:40:24.383+0000] {logging_mixin.py:188} INFO - [2024-03-09T13:40:24.382+0000] {dag.py:3047} INFO - Sync 2 DAGs
[2024-03-09T13:40:24.403+0000] {logging_mixin.py:188} INFO - [2024-03-09T13:40:24.402+0000] {dag.py:3834} INFO - Setting next_dagrun for example_xcom_args to None, run_after=None
[2024-03-09T13:40:24.408+0000] {logging_mixin.py:188} INFO - [2024-03-09T13:40:24.408+0000] {dag.py:3834} INFO - Setting next_dagrun for example_xcom_args_with_operators to None, run_after=None
[2024-03-09T13:40:24.438+0000] {processor.py:183} INFO - Processing /home/airflow/.local/lib/python3.8/site-packages/airflow/example_dags/example_xcomargs.py took 0.120 seconds
[2024-03-09T13:40:54.685+0000] {processor.py:161} INFO - Started process (PID=8556) to work on /home/airflow/.local/lib/python3.8/site-packages/airflow/example_dags/example_xcomargs.py
[2024-03-09T13:40:54.687+0000] {processor.py:830} INFO - Processing file /home/airflow/.local/lib/python3.8/site-packages/airflow/example_dags/example_xcomargs.py for tasks to queue
[2024-03-09T13:40:54.690+0000] {logging_mixin.py:188} INFO - [2024-03-09T13:40:54.689+0000] {dagbag.py:540} INFO - Filling up the DagBag from /home/airflow/.local/lib/python3.8/site-packages/airflow/example_dags/example_xcomargs.py
[2024-03-09T13:40:54.704+0000] {processor.py:840} INFO - DAG(s) 'example_xcom_args', 'example_xcom_args_with_operators' retrieved from /home/airflow/.local/lib/python3.8/site-packages/airflow/example_dags/example_xcomargs.py
[2024-03-09T13:40:54.745+0000] {logging_mixin.py:188} INFO - [2024-03-09T13:40:54.744+0000] {dag.py:3047} INFO - Sync 2 DAGs
[2024-03-09T13:40:54.764+0000] {logging_mixin.py:188} INFO - [2024-03-09T13:40:54.764+0000] {dag.py:3834} INFO - Setting next_dagrun for example_xcom_args to None, run_after=None
[2024-03-09T13:40:54.770+0000] {logging_mixin.py:188} INFO - [2024-03-09T13:40:54.770+0000] {dag.py:3834} INFO - Setting next_dagrun for example_xcom_args_with_operators to None, run_after=None
[2024-03-09T13:40:54.799+0000] {processor.py:183} INFO - Processing /home/airflow/.local/lib/python3.8/site-packages/airflow/example_dags/example_xcomargs.py took 0.120 seconds
[2024-03-09T13:41:25.213+0000] {processor.py:161} INFO - Started process (PID=8801) to work on /home/airflow/.local/lib/python3.8/site-packages/airflow/example_dags/example_xcomargs.py
[2024-03-09T13:41:25.215+0000] {processor.py:830} INFO - Processing file /home/airflow/.local/lib/python3.8/site-packages/airflow/example_dags/example_xcomargs.py for tasks to queue
[2024-03-09T13:41:25.217+0000] {logging_mixin.py:188} INFO - [2024-03-09T13:41:25.216+0000] {dagbag.py:540} INFO - Filling up the DagBag from /home/airflow/.local/lib/python3.8/site-packages/airflow/example_dags/example_xcomargs.py
[2024-03-09T13:41:25.229+0000] {processor.py:840} INFO - DAG(s) 'example_xcom_args_with_operators', 'example_xcom_args' retrieved from /home/airflow/.local/lib/python3.8/site-packages/airflow/example_dags/example_xcomargs.py
[2024-03-09T13:41:25.268+0000] {logging_mixin.py:188} INFO - [2024-03-09T13:41:25.267+0000] {dag.py:3047} INFO - Sync 2 DAGs
[2024-03-09T13:41:25.287+0000] {logging_mixin.py:188} INFO - [2024-03-09T13:41:25.286+0000] {dag.py:3834} INFO - Setting next_dagrun for example_xcom_args to None, run_after=None
[2024-03-09T13:41:25.295+0000] {logging_mixin.py:188} INFO - [2024-03-09T13:41:25.294+0000] {dag.py:3834} INFO - Setting next_dagrun for example_xcom_args_with_operators to None, run_after=None
[2024-03-09T13:41:25.323+0000] {processor.py:183} INFO - Processing /home/airflow/.local/lib/python3.8/site-packages/airflow/example_dags/example_xcomargs.py took 0.115 seconds
[2024-03-09T13:41:55.624+0000] {processor.py:161} INFO - Started process (PID=9048) to work on /home/airflow/.local/lib/python3.8/site-packages/airflow/example_dags/example_xcomargs.py
[2024-03-09T13:41:55.626+0000] {processor.py:830} INFO - Processing file /home/airflow/.local/lib/python3.8/site-packages/airflow/example_dags/example_xcomargs.py for tasks to queue
[2024-03-09T13:41:55.628+0000] {logging_mixin.py:188} INFO - [2024-03-09T13:41:55.627+0000] {dagbag.py:540} INFO - Filling up the DagBag from /home/airflow/.local/lib/python3.8/site-packages/airflow/example_dags/example_xcomargs.py
[2024-03-09T13:41:55.645+0000] {processor.py:840} INFO - DAG(s) 'example_xcom_args', 'example_xcom_args_with_operators' retrieved from /home/airflow/.local/lib/python3.8/site-packages/airflow/example_dags/example_xcomargs.py
[2024-03-09T13:41:55.687+0000] {logging_mixin.py:188} INFO - [2024-03-09T13:41:55.687+0000] {dag.py:3047} INFO - Sync 2 DAGs
[2024-03-09T13:41:55.710+0000] {logging_mixin.py:188} INFO - [2024-03-09T13:41:55.710+0000] {dag.py:3834} INFO - Setting next_dagrun for example_xcom_args to None, run_after=None
[2024-03-09T13:41:55.717+0000] {logging_mixin.py:188} INFO - [2024-03-09T13:41:55.716+0000] {dag.py:3834} INFO - Setting next_dagrun for example_xcom_args_with_operators to None, run_after=None
[2024-03-09T13:41:55.746+0000] {processor.py:183} INFO - Processing /home/airflow/.local/lib/python3.8/site-packages/airflow/example_dags/example_xcomargs.py took 0.128 seconds
[2024-03-09T13:42:25.904+0000] {processor.py:161} INFO - Started process (PID=9295) to work on /home/airflow/.local/lib/python3.8/site-packages/airflow/example_dags/example_xcomargs.py
[2024-03-09T13:42:25.906+0000] {processor.py:830} INFO - Processing file /home/airflow/.local/lib/python3.8/site-packages/airflow/example_dags/example_xcomargs.py for tasks to queue
[2024-03-09T13:42:25.908+0000] {logging_mixin.py:188} INFO - [2024-03-09T13:42:25.908+0000] {dagbag.py:540} INFO - Filling up the DagBag from /home/airflow/.local/lib/python3.8/site-packages/airflow/example_dags/example_xcomargs.py
[2024-03-09T13:42:25.922+0000] {processor.py:840} INFO - DAG(s) 'example_xcom_args_with_operators', 'example_xcom_args' retrieved from /home/airflow/.local/lib/python3.8/site-packages/airflow/example_dags/example_xcomargs.py
[2024-03-09T13:42:25.960+0000] {logging_mixin.py:188} INFO - [2024-03-09T13:42:25.959+0000] {dag.py:3047} INFO - Sync 2 DAGs
[2024-03-09T13:42:25.978+0000] {logging_mixin.py:188} INFO - [2024-03-09T13:42:25.978+0000] {dag.py:3834} INFO - Setting next_dagrun for example_xcom_args to None, run_after=None
[2024-03-09T13:42:25.985+0000] {logging_mixin.py:188} INFO - [2024-03-09T13:42:25.984+0000] {dag.py:3834} INFO - Setting next_dagrun for example_xcom_args_with_operators to None, run_after=None
[2024-03-09T13:42:26.011+0000] {processor.py:183} INFO - Processing /home/airflow/.local/lib/python3.8/site-packages/airflow/example_dags/example_xcomargs.py took 0.111 seconds
[2024-03-09T13:42:56.211+0000] {processor.py:161} INFO - Started process (PID=9542) to work on /home/airflow/.local/lib/python3.8/site-packages/airflow/example_dags/example_xcomargs.py
[2024-03-09T13:42:56.213+0000] {processor.py:830} INFO - Processing file /home/airflow/.local/lib/python3.8/site-packages/airflow/example_dags/example_xcomargs.py for tasks to queue
[2024-03-09T13:42:56.214+0000] {logging_mixin.py:188} INFO - [2024-03-09T13:42:56.214+0000] {dagbag.py:540} INFO - Filling up the DagBag from /home/airflow/.local/lib/python3.8/site-packages/airflow/example_dags/example_xcomargs.py
[2024-03-09T13:42:56.228+0000] {processor.py:840} INFO - DAG(s) 'example_xcom_args', 'example_xcom_args_with_operators' retrieved from /home/airflow/.local/lib/python3.8/site-packages/airflow/example_dags/example_xcomargs.py
[2024-03-09T13:42:56.267+0000] {logging_mixin.py:188} INFO - [2024-03-09T13:42:56.267+0000] {dag.py:3047} INFO - Sync 2 DAGs
[2024-03-09T13:42:56.288+0000] {logging_mixin.py:188} INFO - [2024-03-09T13:42:56.288+0000] {dag.py:3834} INFO - Setting next_dagrun for example_xcom_args to None, run_after=None
[2024-03-09T13:42:56.294+0000] {logging_mixin.py:188} INFO - [2024-03-09T13:42:56.294+0000] {dag.py:3834} INFO - Setting next_dagrun for example_xcom_args_with_operators to None, run_after=None
[2024-03-09T13:42:56.326+0000] {processor.py:183} INFO - Processing /home/airflow/.local/lib/python3.8/site-packages/airflow/example_dags/example_xcomargs.py took 0.120 seconds
[2024-03-09T13:43:27.016+0000] {processor.py:161} INFO - Started process (PID=9789) to work on /home/airflow/.local/lib/python3.8/site-packages/airflow/example_dags/example_xcomargs.py
[2024-03-09T13:43:27.018+0000] {processor.py:830} INFO - Processing file /home/airflow/.local/lib/python3.8/site-packages/airflow/example_dags/example_xcomargs.py for tasks to queue
[2024-03-09T13:43:27.020+0000] {logging_mixin.py:188} INFO - [2024-03-09T13:43:27.020+0000] {dagbag.py:540} INFO - Filling up the DagBag from /home/airflow/.local/lib/python3.8/site-packages/airflow/example_dags/example_xcomargs.py
[2024-03-09T13:43:27.033+0000] {processor.py:840} INFO - DAG(s) 'example_xcom_args_with_operators', 'example_xcom_args' retrieved from /home/airflow/.local/lib/python3.8/site-packages/airflow/example_dags/example_xcomargs.py
[2024-03-09T13:43:27.071+0000] {logging_mixin.py:188} INFO - [2024-03-09T13:43:27.070+0000] {dag.py:3047} INFO - Sync 2 DAGs
[2024-03-09T13:43:27.091+0000] {logging_mixin.py:188} INFO - [2024-03-09T13:43:27.090+0000] {dag.py:3834} INFO - Setting next_dagrun for example_xcom_args to None, run_after=None
[2024-03-09T13:43:27.097+0000] {logging_mixin.py:188} INFO - [2024-03-09T13:43:27.097+0000] {dag.py:3834} INFO - Setting next_dagrun for example_xcom_args_with_operators to None, run_after=None
[2024-03-09T13:43:27.126+0000] {processor.py:183} INFO - Processing /home/airflow/.local/lib/python3.8/site-packages/airflow/example_dags/example_xcomargs.py took 0.115 seconds
[2024-03-09T13:43:57.502+0000] {processor.py:161} INFO - Started process (PID=10036) to work on /home/airflow/.local/lib/python3.8/site-packages/airflow/example_dags/example_xcomargs.py
[2024-03-09T13:43:57.504+0000] {processor.py:830} INFO - Processing file /home/airflow/.local/lib/python3.8/site-packages/airflow/example_dags/example_xcomargs.py for tasks to queue
[2024-03-09T13:43:57.506+0000] {logging_mixin.py:188} INFO - [2024-03-09T13:43:57.506+0000] {dagbag.py:540} INFO - Filling up the DagBag from /home/airflow/.local/lib/python3.8/site-packages/airflow/example_dags/example_xcomargs.py
[2024-03-09T13:43:57.520+0000] {processor.py:840} INFO - DAG(s) 'example_xcom_args', 'example_xcom_args_with_operators' retrieved from /home/airflow/.local/lib/python3.8/site-packages/airflow/example_dags/example_xcomargs.py
[2024-03-09T13:43:57.560+0000] {logging_mixin.py:188} INFO - [2024-03-09T13:43:57.559+0000] {dag.py:3047} INFO - Sync 2 DAGs
[2024-03-09T13:43:57.579+0000] {logging_mixin.py:188} INFO - [2024-03-09T13:43:57.578+0000] {dag.py:3834} INFO - Setting next_dagrun for example_xcom_args to None, run_after=None
[2024-03-09T13:43:57.585+0000] {logging_mixin.py:188} INFO - [2024-03-09T13:43:57.584+0000] {dag.py:3834} INFO - Setting next_dagrun for example_xcom_args_with_operators to None, run_after=None
[2024-03-09T13:43:57.633+0000] {processor.py:183} INFO - Processing /home/airflow/.local/lib/python3.8/site-packages/airflow/example_dags/example_xcomargs.py took 0.135 seconds
