[2024-03-09T11:07:34.388+0000] {processor.py:161} INFO - Started process (PID=365) to work on /home/airflow/.local/lib/python3.8/site-packages/airflow/example_dags/example_latest_only_with_trigger.py
[2024-03-09T11:07:34.390+0000] {processor.py:830} INFO - Processing file /home/airflow/.local/lib/python3.8/site-packages/airflow/example_dags/example_latest_only_with_trigger.py for tasks to queue
[2024-03-09T11:07:34.392+0000] {logging_mixin.py:188} INFO - [2024-03-09T11:07:34.391+0000] {dagbag.py:540} INFO - Filling up the DagBag from /home/airflow/.local/lib/python3.8/site-packages/airflow/example_dags/example_latest_only_with_trigger.py
[2024-03-09T11:07:34.406+0000] {processor.py:840} INFO - DAG(s) 'latest_only_with_trigger' retrieved from /home/airflow/.local/lib/python3.8/site-packages/airflow/example_dags/example_latest_only_with_trigger.py
[2024-03-09T11:07:34.590+0000] {logging_mixin.py:188} INFO - [2024-03-09T11:07:34.590+0000] {dag.py:3047} INFO - Sync 1 DAGs
[2024-03-09T11:07:34.624+0000] {logging_mixin.py:188} INFO - [2024-03-09T11:07:34.623+0000] {dag.py:3834} INFO - Setting next_dagrun for latest_only_with_trigger to 2024-03-09 04:00:00+00:00, run_after=2024-03-09 08:00:00+00:00
[2024-03-09T11:07:34.658+0000] {processor.py:183} INFO - Processing /home/airflow/.local/lib/python3.8/site-packages/airflow/example_dags/example_latest_only_with_trigger.py took 0.275 seconds
[2024-03-09T11:08:05.582+0000] {processor.py:161} INFO - Started process (PID=612) to work on /home/airflow/.local/lib/python3.8/site-packages/airflow/example_dags/example_latest_only_with_trigger.py
[2024-03-09T11:08:05.585+0000] {processor.py:830} INFO - Processing file /home/airflow/.local/lib/python3.8/site-packages/airflow/example_dags/example_latest_only_with_trigger.py for tasks to queue
[2024-03-09T11:08:05.587+0000] {logging_mixin.py:188} INFO - [2024-03-09T11:08:05.586+0000] {dagbag.py:540} INFO - Filling up the DagBag from /home/airflow/.local/lib/python3.8/site-packages/airflow/example_dags/example_latest_only_with_trigger.py
[2024-03-09T11:08:05.596+0000] {processor.py:840} INFO - DAG(s) 'latest_only_with_trigger' retrieved from /home/airflow/.local/lib/python3.8/site-packages/airflow/example_dags/example_latest_only_with_trigger.py
[2024-03-09T11:08:05.628+0000] {logging_mixin.py:188} INFO - [2024-03-09T11:08:05.628+0000] {dag.py:3047} INFO - Sync 1 DAGs
[2024-03-09T11:08:05.666+0000] {logging_mixin.py:188} INFO - [2024-03-09T11:08:05.666+0000] {dag.py:3834} INFO - Setting next_dagrun for latest_only_with_trigger to 2024-03-09 04:00:00+00:00, run_after=2024-03-09 08:00:00+00:00
[2024-03-09T11:08:05.698+0000] {processor.py:183} INFO - Processing /home/airflow/.local/lib/python3.8/site-packages/airflow/example_dags/example_latest_only_with_trigger.py took 0.120 seconds
[2024-03-09T11:08:36.216+0000] {processor.py:161} INFO - Started process (PID=859) to work on /home/airflow/.local/lib/python3.8/site-packages/airflow/example_dags/example_latest_only_with_trigger.py
[2024-03-09T11:08:36.218+0000] {processor.py:830} INFO - Processing file /home/airflow/.local/lib/python3.8/site-packages/airflow/example_dags/example_latest_only_with_trigger.py for tasks to queue
[2024-03-09T11:08:36.220+0000] {logging_mixin.py:188} INFO - [2024-03-09T11:08:36.219+0000] {dagbag.py:540} INFO - Filling up the DagBag from /home/airflow/.local/lib/python3.8/site-packages/airflow/example_dags/example_latest_only_with_trigger.py
[2024-03-09T11:08:36.232+0000] {processor.py:840} INFO - DAG(s) 'latest_only_with_trigger' retrieved from /home/airflow/.local/lib/python3.8/site-packages/airflow/example_dags/example_latest_only_with_trigger.py
[2024-03-09T11:08:36.268+0000] {logging_mixin.py:188} INFO - [2024-03-09T11:08:36.268+0000] {dag.py:3047} INFO - Sync 1 DAGs
[2024-03-09T11:08:36.301+0000] {logging_mixin.py:188} INFO - [2024-03-09T11:08:36.301+0000] {dag.py:3834} INFO - Setting next_dagrun for latest_only_with_trigger to 2024-03-09 04:00:00+00:00, run_after=2024-03-09 08:00:00+00:00
[2024-03-09T11:08:36.333+0000] {processor.py:183} INFO - Processing /home/airflow/.local/lib/python3.8/site-packages/airflow/example_dags/example_latest_only_with_trigger.py took 0.122 seconds
[2024-03-09T11:09:07.235+0000] {processor.py:161} INFO - Started process (PID=1107) to work on /home/airflow/.local/lib/python3.8/site-packages/airflow/example_dags/example_latest_only_with_trigger.py
[2024-03-09T11:09:07.238+0000] {processor.py:830} INFO - Processing file /home/airflow/.local/lib/python3.8/site-packages/airflow/example_dags/example_latest_only_with_trigger.py for tasks to queue
[2024-03-09T11:09:07.240+0000] {logging_mixin.py:188} INFO - [2024-03-09T11:09:07.239+0000] {dagbag.py:540} INFO - Filling up the DagBag from /home/airflow/.local/lib/python3.8/site-packages/airflow/example_dags/example_latest_only_with_trigger.py
[2024-03-09T11:09:07.255+0000] {processor.py:840} INFO - DAG(s) 'latest_only_with_trigger' retrieved from /home/airflow/.local/lib/python3.8/site-packages/airflow/example_dags/example_latest_only_with_trigger.py
[2024-03-09T11:09:07.303+0000] {logging_mixin.py:188} INFO - [2024-03-09T11:09:07.301+0000] {dag.py:3047} INFO - Sync 1 DAGs
[2024-03-09T11:09:07.366+0000] {logging_mixin.py:188} INFO - [2024-03-09T11:09:07.365+0000] {dag.py:3834} INFO - Setting next_dagrun for latest_only_with_trigger to 2024-03-09 04:00:00+00:00, run_after=2024-03-09 08:00:00+00:00
[2024-03-09T11:09:07.416+0000] {processor.py:183} INFO - Processing /home/airflow/.local/lib/python3.8/site-packages/airflow/example_dags/example_latest_only_with_trigger.py took 0.189 seconds
[2024-03-09T11:09:37.511+0000] {processor.py:161} INFO - Started process (PID=1354) to work on /home/airflow/.local/lib/python3.8/site-packages/airflow/example_dags/example_latest_only_with_trigger.py
[2024-03-09T11:09:37.513+0000] {processor.py:830} INFO - Processing file /home/airflow/.local/lib/python3.8/site-packages/airflow/example_dags/example_latest_only_with_trigger.py for tasks to queue
[2024-03-09T11:09:37.515+0000] {logging_mixin.py:188} INFO - [2024-03-09T11:09:37.515+0000] {dagbag.py:540} INFO - Filling up the DagBag from /home/airflow/.local/lib/python3.8/site-packages/airflow/example_dags/example_latest_only_with_trigger.py
[2024-03-09T11:09:37.527+0000] {processor.py:840} INFO - DAG(s) 'latest_only_with_trigger' retrieved from /home/airflow/.local/lib/python3.8/site-packages/airflow/example_dags/example_latest_only_with_trigger.py
[2024-03-09T11:09:37.563+0000] {logging_mixin.py:188} INFO - [2024-03-09T11:09:37.562+0000] {dag.py:3047} INFO - Sync 1 DAGs
[2024-03-09T11:09:37.605+0000] {logging_mixin.py:188} INFO - [2024-03-09T11:09:37.604+0000] {dag.py:3834} INFO - Setting next_dagrun for latest_only_with_trigger to 2024-03-09 04:00:00+00:00, run_after=2024-03-09 08:00:00+00:00
[2024-03-09T11:09:37.651+0000] {processor.py:183} INFO - Processing /home/airflow/.local/lib/python3.8/site-packages/airflow/example_dags/example_latest_only_with_trigger.py took 0.147 seconds
[2024-03-09T11:10:08.539+0000] {processor.py:161} INFO - Started process (PID=1601) to work on /home/airflow/.local/lib/python3.8/site-packages/airflow/example_dags/example_latest_only_with_trigger.py
[2024-03-09T11:10:08.541+0000] {processor.py:830} INFO - Processing file /home/airflow/.local/lib/python3.8/site-packages/airflow/example_dags/example_latest_only_with_trigger.py for tasks to queue
[2024-03-09T11:10:08.543+0000] {logging_mixin.py:188} INFO - [2024-03-09T11:10:08.542+0000] {dagbag.py:540} INFO - Filling up the DagBag from /home/airflow/.local/lib/python3.8/site-packages/airflow/example_dags/example_latest_only_with_trigger.py
[2024-03-09T11:10:08.557+0000] {processor.py:840} INFO - DAG(s) 'latest_only_with_trigger' retrieved from /home/airflow/.local/lib/python3.8/site-packages/airflow/example_dags/example_latest_only_with_trigger.py
[2024-03-09T11:10:08.626+0000] {logging_mixin.py:188} INFO - [2024-03-09T11:10:08.625+0000] {dag.py:3047} INFO - Sync 1 DAGs
[2024-03-09T11:10:08.676+0000] {logging_mixin.py:188} INFO - [2024-03-09T11:10:08.676+0000] {dag.py:3834} INFO - Setting next_dagrun for latest_only_with_trigger to 2024-03-09 04:00:00+00:00, run_after=2024-03-09 08:00:00+00:00
[2024-03-09T11:10:08.712+0000] {processor.py:183} INFO - Processing /home/airflow/.local/lib/python3.8/site-packages/airflow/example_dags/example_latest_only_with_trigger.py took 0.180 seconds
[2024-03-09T11:10:39.296+0000] {processor.py:161} INFO - Started process (PID=1848) to work on /home/airflow/.local/lib/python3.8/site-packages/airflow/example_dags/example_latest_only_with_trigger.py
[2024-03-09T11:10:39.298+0000] {processor.py:830} INFO - Processing file /home/airflow/.local/lib/python3.8/site-packages/airflow/example_dags/example_latest_only_with_trigger.py for tasks to queue
[2024-03-09T11:10:39.300+0000] {logging_mixin.py:188} INFO - [2024-03-09T11:10:39.300+0000] {dagbag.py:540} INFO - Filling up the DagBag from /home/airflow/.local/lib/python3.8/site-packages/airflow/example_dags/example_latest_only_with_trigger.py
[2024-03-09T11:10:39.312+0000] {processor.py:840} INFO - DAG(s) 'latest_only_with_trigger' retrieved from /home/airflow/.local/lib/python3.8/site-packages/airflow/example_dags/example_latest_only_with_trigger.py
[2024-03-09T11:10:39.351+0000] {logging_mixin.py:188} INFO - [2024-03-09T11:10:39.351+0000] {dag.py:3047} INFO - Sync 1 DAGs
[2024-03-09T11:10:39.384+0000] {logging_mixin.py:188} INFO - [2024-03-09T11:10:39.384+0000] {dag.py:3834} INFO - Setting next_dagrun for latest_only_with_trigger to 2024-03-09 04:00:00+00:00, run_after=2024-03-09 08:00:00+00:00
[2024-03-09T11:10:39.417+0000] {processor.py:183} INFO - Processing /home/airflow/.local/lib/python3.8/site-packages/airflow/example_dags/example_latest_only_with_trigger.py took 0.128 seconds
[2024-03-09T11:11:09.734+0000] {processor.py:161} INFO - Started process (PID=2095) to work on /home/airflow/.local/lib/python3.8/site-packages/airflow/example_dags/example_latest_only_with_trigger.py
[2024-03-09T11:11:09.736+0000] {processor.py:830} INFO - Processing file /home/airflow/.local/lib/python3.8/site-packages/airflow/example_dags/example_latest_only_with_trigger.py for tasks to queue
[2024-03-09T11:11:09.739+0000] {logging_mixin.py:188} INFO - [2024-03-09T11:11:09.738+0000] {dagbag.py:540} INFO - Filling up the DagBag from /home/airflow/.local/lib/python3.8/site-packages/airflow/example_dags/example_latest_only_with_trigger.py
[2024-03-09T11:11:09.749+0000] {processor.py:840} INFO - DAG(s) 'latest_only_with_trigger' retrieved from /home/airflow/.local/lib/python3.8/site-packages/airflow/example_dags/example_latest_only_with_trigger.py
[2024-03-09T11:11:09.791+0000] {logging_mixin.py:188} INFO - [2024-03-09T11:11:09.790+0000] {dag.py:3047} INFO - Sync 1 DAGs
[2024-03-09T11:11:09.848+0000] {logging_mixin.py:188} INFO - [2024-03-09T11:11:09.847+0000] {dag.py:3834} INFO - Setting next_dagrun for latest_only_with_trigger to 2024-03-09 04:00:00+00:00, run_after=2024-03-09 08:00:00+00:00
[2024-03-09T11:11:09.894+0000] {processor.py:183} INFO - Processing /home/airflow/.local/lib/python3.8/site-packages/airflow/example_dags/example_latest_only_with_trigger.py took 0.165 seconds
[2024-03-09T11:11:40.334+0000] {processor.py:161} INFO - Started process (PID=2342) to work on /home/airflow/.local/lib/python3.8/site-packages/airflow/example_dags/example_latest_only_with_trigger.py
[2024-03-09T11:11:40.337+0000] {processor.py:830} INFO - Processing file /home/airflow/.local/lib/python3.8/site-packages/airflow/example_dags/example_latest_only_with_trigger.py for tasks to queue
[2024-03-09T11:11:40.339+0000] {logging_mixin.py:188} INFO - [2024-03-09T11:11:40.338+0000] {dagbag.py:540} INFO - Filling up the DagBag from /home/airflow/.local/lib/python3.8/site-packages/airflow/example_dags/example_latest_only_with_trigger.py
[2024-03-09T11:11:40.353+0000] {processor.py:840} INFO - DAG(s) 'latest_only_with_trigger' retrieved from /home/airflow/.local/lib/python3.8/site-packages/airflow/example_dags/example_latest_only_with_trigger.py
[2024-03-09T11:11:40.410+0000] {logging_mixin.py:188} INFO - [2024-03-09T11:11:40.409+0000] {dag.py:3047} INFO - Sync 1 DAGs
[2024-03-09T11:11:40.636+0000] {logging_mixin.py:188} INFO - [2024-03-09T11:11:40.636+0000] {dag.py:3834} INFO - Setting next_dagrun for latest_only_with_trigger to 2024-03-09 04:00:00+00:00, run_after=2024-03-09 08:00:00+00:00
[2024-03-09T11:11:40.699+0000] {processor.py:183} INFO - Processing /home/airflow/.local/lib/python3.8/site-packages/airflow/example_dags/example_latest_only_with_trigger.py took 0.372 seconds
[2024-03-09T11:12:11.600+0000] {processor.py:161} INFO - Started process (PID=2589) to work on /home/airflow/.local/lib/python3.8/site-packages/airflow/example_dags/example_latest_only_with_trigger.py
[2024-03-09T11:12:11.602+0000] {processor.py:830} INFO - Processing file /home/airflow/.local/lib/python3.8/site-packages/airflow/example_dags/example_latest_only_with_trigger.py for tasks to queue
[2024-03-09T11:12:11.604+0000] {logging_mixin.py:188} INFO - [2024-03-09T11:12:11.604+0000] {dagbag.py:540} INFO - Filling up the DagBag from /home/airflow/.local/lib/python3.8/site-packages/airflow/example_dags/example_latest_only_with_trigger.py
[2024-03-09T11:12:11.616+0000] {processor.py:840} INFO - DAG(s) 'latest_only_with_trigger' retrieved from /home/airflow/.local/lib/python3.8/site-packages/airflow/example_dags/example_latest_only_with_trigger.py
[2024-03-09T11:12:11.650+0000] {logging_mixin.py:188} INFO - [2024-03-09T11:12:11.650+0000] {dag.py:3047} INFO - Sync 1 DAGs
[2024-03-09T11:12:11.690+0000] {logging_mixin.py:188} INFO - [2024-03-09T11:12:11.689+0000] {dag.py:3834} INFO - Setting next_dagrun for latest_only_with_trigger to 2024-03-09 04:00:00+00:00, run_after=2024-03-09 08:00:00+00:00
[2024-03-09T11:12:11.724+0000] {processor.py:183} INFO - Processing /home/airflow/.local/lib/python3.8/site-packages/airflow/example_dags/example_latest_only_with_trigger.py took 0.130 seconds
[2024-03-09T11:12:41.859+0000] {processor.py:161} INFO - Started process (PID=2836) to work on /home/airflow/.local/lib/python3.8/site-packages/airflow/example_dags/example_latest_only_with_trigger.py
[2024-03-09T11:12:41.861+0000] {processor.py:830} INFO - Processing file /home/airflow/.local/lib/python3.8/site-packages/airflow/example_dags/example_latest_only_with_trigger.py for tasks to queue
[2024-03-09T11:12:41.863+0000] {logging_mixin.py:188} INFO - [2024-03-09T11:12:41.862+0000] {dagbag.py:540} INFO - Filling up the DagBag from /home/airflow/.local/lib/python3.8/site-packages/airflow/example_dags/example_latest_only_with_trigger.py
[2024-03-09T11:12:41.873+0000] {processor.py:840} INFO - DAG(s) 'latest_only_with_trigger' retrieved from /home/airflow/.local/lib/python3.8/site-packages/airflow/example_dags/example_latest_only_with_trigger.py
[2024-03-09T11:12:41.909+0000] {logging_mixin.py:188} INFO - [2024-03-09T11:12:41.909+0000] {dag.py:3047} INFO - Sync 1 DAGs
[2024-03-09T11:12:41.952+0000] {logging_mixin.py:188} INFO - [2024-03-09T11:12:41.952+0000] {dag.py:3834} INFO - Setting next_dagrun for latest_only_with_trigger to 2024-03-09 04:00:00+00:00, run_after=2024-03-09 08:00:00+00:00
[2024-03-09T11:12:41.990+0000] {processor.py:183} INFO - Processing /home/airflow/.local/lib/python3.8/site-packages/airflow/example_dags/example_latest_only_with_trigger.py took 0.136 seconds
[2024-03-09T11:13:12.683+0000] {processor.py:161} INFO - Started process (PID=3083) to work on /home/airflow/.local/lib/python3.8/site-packages/airflow/example_dags/example_latest_only_with_trigger.py
[2024-03-09T11:13:12.685+0000] {processor.py:830} INFO - Processing file /home/airflow/.local/lib/python3.8/site-packages/airflow/example_dags/example_latest_only_with_trigger.py for tasks to queue
[2024-03-09T11:13:12.687+0000] {logging_mixin.py:188} INFO - [2024-03-09T11:13:12.686+0000] {dagbag.py:540} INFO - Filling up the DagBag from /home/airflow/.local/lib/python3.8/site-packages/airflow/example_dags/example_latest_only_with_trigger.py
[2024-03-09T11:13:12.697+0000] {processor.py:840} INFO - DAG(s) 'latest_only_with_trigger' retrieved from /home/airflow/.local/lib/python3.8/site-packages/airflow/example_dags/example_latest_only_with_trigger.py
[2024-03-09T11:13:12.731+0000] {logging_mixin.py:188} INFO - [2024-03-09T11:13:12.730+0000] {dag.py:3047} INFO - Sync 1 DAGs
[2024-03-09T11:13:12.765+0000] {logging_mixin.py:188} INFO - [2024-03-09T11:13:12.764+0000] {dag.py:3834} INFO - Setting next_dagrun for latest_only_with_trigger to 2024-03-09 04:00:00+00:00, run_after=2024-03-09 08:00:00+00:00
[2024-03-09T11:13:12.847+0000] {processor.py:183} INFO - Processing /home/airflow/.local/lib/python3.8/site-packages/airflow/example_dags/example_latest_only_with_trigger.py took 0.168 seconds
[2024-03-09T11:13:47.017+0000] {processor.py:161} INFO - Started process (PID=3349) to work on /home/airflow/.local/lib/python3.8/site-packages/airflow/example_dags/example_latest_only_with_trigger.py
[2024-03-09T11:13:47.019+0000] {processor.py:830} INFO - Processing file /home/airflow/.local/lib/python3.8/site-packages/airflow/example_dags/example_latest_only_with_trigger.py for tasks to queue
[2024-03-09T11:13:47.020+0000] {logging_mixin.py:188} INFO - [2024-03-09T11:13:47.020+0000] {dagbag.py:540} INFO - Filling up the DagBag from /home/airflow/.local/lib/python3.8/site-packages/airflow/example_dags/example_latest_only_with_trigger.py
[2024-03-09T11:13:47.034+0000] {processor.py:840} INFO - DAG(s) 'latest_only_with_trigger' retrieved from /home/airflow/.local/lib/python3.8/site-packages/airflow/example_dags/example_latest_only_with_trigger.py
[2024-03-09T11:13:47.075+0000] {logging_mixin.py:188} INFO - [2024-03-09T11:13:47.074+0000] {dag.py:3047} INFO - Sync 1 DAGs
[2024-03-09T11:13:47.116+0000] {logging_mixin.py:188} INFO - [2024-03-09T11:13:47.116+0000] {dag.py:3834} INFO - Setting next_dagrun for latest_only_with_trigger to 2024-03-09 04:00:00+00:00, run_after=2024-03-09 08:00:00+00:00
[2024-03-09T11:13:47.157+0000] {processor.py:183} INFO - Processing /home/airflow/.local/lib/python3.8/site-packages/airflow/example_dags/example_latest_only_with_trigger.py took 0.147 seconds
[2024-03-09T11:14:17.356+0000] {processor.py:161} INFO - Started process (PID=3599) to work on /home/airflow/.local/lib/python3.8/site-packages/airflow/example_dags/example_latest_only_with_trigger.py
[2024-03-09T11:14:17.359+0000] {processor.py:830} INFO - Processing file /home/airflow/.local/lib/python3.8/site-packages/airflow/example_dags/example_latest_only_with_trigger.py for tasks to queue
[2024-03-09T11:14:17.362+0000] {logging_mixin.py:188} INFO - [2024-03-09T11:14:17.361+0000] {dagbag.py:540} INFO - Filling up the DagBag from /home/airflow/.local/lib/python3.8/site-packages/airflow/example_dags/example_latest_only_with_trigger.py
[2024-03-09T11:14:17.378+0000] {processor.py:840} INFO - DAG(s) 'latest_only_with_trigger' retrieved from /home/airflow/.local/lib/python3.8/site-packages/airflow/example_dags/example_latest_only_with_trigger.py
[2024-03-09T11:14:17.418+0000] {logging_mixin.py:188} INFO - [2024-03-09T11:14:17.418+0000] {dag.py:3047} INFO - Sync 1 DAGs
[2024-03-09T11:14:17.456+0000] {logging_mixin.py:188} INFO - [2024-03-09T11:14:17.456+0000] {dag.py:3834} INFO - Setting next_dagrun for latest_only_with_trigger to 2024-03-09 04:00:00+00:00, run_after=2024-03-09 08:00:00+00:00
[2024-03-09T11:14:17.488+0000] {processor.py:183} INFO - Processing /home/airflow/.local/lib/python3.8/site-packages/airflow/example_dags/example_latest_only_with_trigger.py took 0.141 seconds
[2024-03-09T11:14:47.777+0000] {processor.py:161} INFO - Started process (PID=3846) to work on /home/airflow/.local/lib/python3.8/site-packages/airflow/example_dags/example_latest_only_with_trigger.py
[2024-03-09T11:14:47.779+0000] {processor.py:830} INFO - Processing file /home/airflow/.local/lib/python3.8/site-packages/airflow/example_dags/example_latest_only_with_trigger.py for tasks to queue
[2024-03-09T11:14:47.781+0000] {logging_mixin.py:188} INFO - [2024-03-09T11:14:47.781+0000] {dagbag.py:540} INFO - Filling up the DagBag from /home/airflow/.local/lib/python3.8/site-packages/airflow/example_dags/example_latest_only_with_trigger.py
[2024-03-09T11:14:47.795+0000] {processor.py:840} INFO - DAG(s) 'latest_only_with_trigger' retrieved from /home/airflow/.local/lib/python3.8/site-packages/airflow/example_dags/example_latest_only_with_trigger.py
[2024-03-09T11:14:47.832+0000] {logging_mixin.py:188} INFO - [2024-03-09T11:14:47.832+0000] {dag.py:3047} INFO - Sync 1 DAGs
[2024-03-09T11:14:47.868+0000] {logging_mixin.py:188} INFO - [2024-03-09T11:14:47.868+0000] {dag.py:3834} INFO - Setting next_dagrun for latest_only_with_trigger to 2024-03-09 04:00:00+00:00, run_after=2024-03-09 08:00:00+00:00
[2024-03-09T11:14:47.901+0000] {processor.py:183} INFO - Processing /home/airflow/.local/lib/python3.8/site-packages/airflow/example_dags/example_latest_only_with_trigger.py took 0.130 seconds
[2024-03-09T11:15:18.445+0000] {processor.py:161} INFO - Started process (PID=4093) to work on /home/airflow/.local/lib/python3.8/site-packages/airflow/example_dags/example_latest_only_with_trigger.py
[2024-03-09T11:15:18.447+0000] {processor.py:830} INFO - Processing file /home/airflow/.local/lib/python3.8/site-packages/airflow/example_dags/example_latest_only_with_trigger.py for tasks to queue
[2024-03-09T11:15:18.449+0000] {logging_mixin.py:188} INFO - [2024-03-09T11:15:18.448+0000] {dagbag.py:540} INFO - Filling up the DagBag from /home/airflow/.local/lib/python3.8/site-packages/airflow/example_dags/example_latest_only_with_trigger.py
[2024-03-09T11:15:18.459+0000] {processor.py:840} INFO - DAG(s) 'latest_only_with_trigger' retrieved from /home/airflow/.local/lib/python3.8/site-packages/airflow/example_dags/example_latest_only_with_trigger.py
[2024-03-09T11:15:18.497+0000] {logging_mixin.py:188} INFO - [2024-03-09T11:15:18.496+0000] {dag.py:3047} INFO - Sync 1 DAGs
[2024-03-09T11:15:18.532+0000] {logging_mixin.py:188} INFO - [2024-03-09T11:15:18.532+0000] {dag.py:3834} INFO - Setting next_dagrun for latest_only_with_trigger to 2024-03-09 04:00:00+00:00, run_after=2024-03-09 08:00:00+00:00
[2024-03-09T11:15:18.565+0000] {processor.py:183} INFO - Processing /home/airflow/.local/lib/python3.8/site-packages/airflow/example_dags/example_latest_only_with_trigger.py took 0.126 seconds
[2024-03-09T11:15:49.004+0000] {processor.py:161} INFO - Started process (PID=4340) to work on /home/airflow/.local/lib/python3.8/site-packages/airflow/example_dags/example_latest_only_with_trigger.py
[2024-03-09T11:15:49.006+0000] {processor.py:830} INFO - Processing file /home/airflow/.local/lib/python3.8/site-packages/airflow/example_dags/example_latest_only_with_trigger.py for tasks to queue
[2024-03-09T11:15:49.008+0000] {logging_mixin.py:188} INFO - [2024-03-09T11:15:49.008+0000] {dagbag.py:540} INFO - Filling up the DagBag from /home/airflow/.local/lib/python3.8/site-packages/airflow/example_dags/example_latest_only_with_trigger.py
[2024-03-09T11:15:49.024+0000] {processor.py:840} INFO - DAG(s) 'latest_only_with_trigger' retrieved from /home/airflow/.local/lib/python3.8/site-packages/airflow/example_dags/example_latest_only_with_trigger.py
[2024-03-09T11:15:49.064+0000] {logging_mixin.py:188} INFO - [2024-03-09T11:15:49.064+0000] {dag.py:3047} INFO - Sync 1 DAGs
[2024-03-09T11:15:49.112+0000] {logging_mixin.py:188} INFO - [2024-03-09T11:15:49.111+0000] {dag.py:3834} INFO - Setting next_dagrun for latest_only_with_trigger to 2024-03-09 04:00:00+00:00, run_after=2024-03-09 08:00:00+00:00
[2024-03-09T11:15:49.150+0000] {processor.py:183} INFO - Processing /home/airflow/.local/lib/python3.8/site-packages/airflow/example_dags/example_latest_only_with_trigger.py took 0.153 seconds
[2024-03-09T11:16:19.982+0000] {processor.py:161} INFO - Started process (PID=4587) to work on /home/airflow/.local/lib/python3.8/site-packages/airflow/example_dags/example_latest_only_with_trigger.py
[2024-03-09T11:16:19.984+0000] {processor.py:830} INFO - Processing file /home/airflow/.local/lib/python3.8/site-packages/airflow/example_dags/example_latest_only_with_trigger.py for tasks to queue
[2024-03-09T11:16:19.986+0000] {logging_mixin.py:188} INFO - [2024-03-09T11:16:19.985+0000] {dagbag.py:540} INFO - Filling up the DagBag from /home/airflow/.local/lib/python3.8/site-packages/airflow/example_dags/example_latest_only_with_trigger.py
[2024-03-09T11:16:20.000+0000] {processor.py:840} INFO - DAG(s) 'latest_only_with_trigger' retrieved from /home/airflow/.local/lib/python3.8/site-packages/airflow/example_dags/example_latest_only_with_trigger.py
[2024-03-09T11:16:20.037+0000] {logging_mixin.py:188} INFO - [2024-03-09T11:16:20.037+0000] {dag.py:3047} INFO - Sync 1 DAGs
[2024-03-09T11:16:20.076+0000] {logging_mixin.py:188} INFO - [2024-03-09T11:16:20.076+0000] {dag.py:3834} INFO - Setting next_dagrun for latest_only_with_trigger to 2024-03-09 04:00:00+00:00, run_after=2024-03-09 08:00:00+00:00
[2024-03-09T11:16:20.105+0000] {processor.py:183} INFO - Processing /home/airflow/.local/lib/python3.8/site-packages/airflow/example_dags/example_latest_only_with_trigger.py took 0.128 seconds
[2024-03-09T11:16:50.295+0000] {processor.py:161} INFO - Started process (PID=4834) to work on /home/airflow/.local/lib/python3.8/site-packages/airflow/example_dags/example_latest_only_with_trigger.py
[2024-03-09T11:16:50.297+0000] {processor.py:830} INFO - Processing file /home/airflow/.local/lib/python3.8/site-packages/airflow/example_dags/example_latest_only_with_trigger.py for tasks to queue
[2024-03-09T11:16:50.299+0000] {logging_mixin.py:188} INFO - [2024-03-09T11:16:50.298+0000] {dagbag.py:540} INFO - Filling up the DagBag from /home/airflow/.local/lib/python3.8/site-packages/airflow/example_dags/example_latest_only_with_trigger.py
[2024-03-09T11:16:50.308+0000] {processor.py:840} INFO - DAG(s) 'latest_only_with_trigger' retrieved from /home/airflow/.local/lib/python3.8/site-packages/airflow/example_dags/example_latest_only_with_trigger.py
[2024-03-09T11:16:50.341+0000] {logging_mixin.py:188} INFO - [2024-03-09T11:16:50.341+0000] {dag.py:3047} INFO - Sync 1 DAGs
[2024-03-09T11:16:50.381+0000] {logging_mixin.py:188} INFO - [2024-03-09T11:16:50.380+0000] {dag.py:3834} INFO - Setting next_dagrun for latest_only_with_trigger to 2024-03-09 04:00:00+00:00, run_after=2024-03-09 08:00:00+00:00
[2024-03-09T11:16:50.415+0000] {processor.py:183} INFO - Processing /home/airflow/.local/lib/python3.8/site-packages/airflow/example_dags/example_latest_only_with_trigger.py took 0.125 seconds
[2024-03-09T11:17:20.848+0000] {processor.py:161} INFO - Started process (PID=5081) to work on /home/airflow/.local/lib/python3.8/site-packages/airflow/example_dags/example_latest_only_with_trigger.py
[2024-03-09T11:17:20.850+0000] {processor.py:830} INFO - Processing file /home/airflow/.local/lib/python3.8/site-packages/airflow/example_dags/example_latest_only_with_trigger.py for tasks to queue
[2024-03-09T11:17:20.851+0000] {logging_mixin.py:188} INFO - [2024-03-09T11:17:20.851+0000] {dagbag.py:540} INFO - Filling up the DagBag from /home/airflow/.local/lib/python3.8/site-packages/airflow/example_dags/example_latest_only_with_trigger.py
[2024-03-09T11:17:20.862+0000] {processor.py:840} INFO - DAG(s) 'latest_only_with_trigger' retrieved from /home/airflow/.local/lib/python3.8/site-packages/airflow/example_dags/example_latest_only_with_trigger.py
[2024-03-09T11:17:20.901+0000] {logging_mixin.py:188} INFO - [2024-03-09T11:17:20.901+0000] {dag.py:3047} INFO - Sync 1 DAGs
[2024-03-09T11:17:20.940+0000] {logging_mixin.py:188} INFO - [2024-03-09T11:17:20.940+0000] {dag.py:3834} INFO - Setting next_dagrun for latest_only_with_trigger to 2024-03-09 04:00:00+00:00, run_after=2024-03-09 08:00:00+00:00
[2024-03-09T11:17:20.977+0000] {processor.py:183} INFO - Processing /home/airflow/.local/lib/python3.8/site-packages/airflow/example_dags/example_latest_only_with_trigger.py took 0.134 seconds
[2024-03-09T11:17:51.202+0000] {processor.py:161} INFO - Started process (PID=5328) to work on /home/airflow/.local/lib/python3.8/site-packages/airflow/example_dags/example_latest_only_with_trigger.py
[2024-03-09T11:17:51.204+0000] {processor.py:830} INFO - Processing file /home/airflow/.local/lib/python3.8/site-packages/airflow/example_dags/example_latest_only_with_trigger.py for tasks to queue
[2024-03-09T11:17:51.206+0000] {logging_mixin.py:188} INFO - [2024-03-09T11:17:51.205+0000] {dagbag.py:540} INFO - Filling up the DagBag from /home/airflow/.local/lib/python3.8/site-packages/airflow/example_dags/example_latest_only_with_trigger.py
[2024-03-09T11:17:51.219+0000] {processor.py:840} INFO - DAG(s) 'latest_only_with_trigger' retrieved from /home/airflow/.local/lib/python3.8/site-packages/airflow/example_dags/example_latest_only_with_trigger.py
[2024-03-09T11:17:51.250+0000] {logging_mixin.py:188} INFO - [2024-03-09T11:17:51.250+0000] {dag.py:3047} INFO - Sync 1 DAGs
[2024-03-09T11:17:51.283+0000] {logging_mixin.py:188} INFO - [2024-03-09T11:17:51.282+0000] {dag.py:3834} INFO - Setting next_dagrun for latest_only_with_trigger to 2024-03-09 04:00:00+00:00, run_after=2024-03-09 08:00:00+00:00
[2024-03-09T11:17:51.318+0000] {processor.py:183} INFO - Processing /home/airflow/.local/lib/python3.8/site-packages/airflow/example_dags/example_latest_only_with_trigger.py took 0.121 seconds
[2024-03-09T11:18:21.556+0000] {processor.py:161} INFO - Started process (PID=5575) to work on /home/airflow/.local/lib/python3.8/site-packages/airflow/example_dags/example_latest_only_with_trigger.py
[2024-03-09T11:18:21.558+0000] {processor.py:830} INFO - Processing file /home/airflow/.local/lib/python3.8/site-packages/airflow/example_dags/example_latest_only_with_trigger.py for tasks to queue
[2024-03-09T11:18:21.560+0000] {logging_mixin.py:188} INFO - [2024-03-09T11:18:21.560+0000] {dagbag.py:540} INFO - Filling up the DagBag from /home/airflow/.local/lib/python3.8/site-packages/airflow/example_dags/example_latest_only_with_trigger.py
[2024-03-09T11:18:21.570+0000] {processor.py:840} INFO - DAG(s) 'latest_only_with_trigger' retrieved from /home/airflow/.local/lib/python3.8/site-packages/airflow/example_dags/example_latest_only_with_trigger.py
[2024-03-09T11:18:21.605+0000] {logging_mixin.py:188} INFO - [2024-03-09T11:18:21.605+0000] {dag.py:3047} INFO - Sync 1 DAGs
[2024-03-09T11:18:21.644+0000] {logging_mixin.py:188} INFO - [2024-03-09T11:18:21.643+0000] {dag.py:3834} INFO - Setting next_dagrun for latest_only_with_trigger to 2024-03-09 04:00:00+00:00, run_after=2024-03-09 08:00:00+00:00
[2024-03-09T11:18:21.677+0000] {processor.py:183} INFO - Processing /home/airflow/.local/lib/python3.8/site-packages/airflow/example_dags/example_latest_only_with_trigger.py took 0.126 seconds
[2024-03-09T11:18:52.204+0000] {processor.py:161} INFO - Started process (PID=5822) to work on /home/airflow/.local/lib/python3.8/site-packages/airflow/example_dags/example_latest_only_with_trigger.py
[2024-03-09T11:18:52.206+0000] {processor.py:830} INFO - Processing file /home/airflow/.local/lib/python3.8/site-packages/airflow/example_dags/example_latest_only_with_trigger.py for tasks to queue
[2024-03-09T11:18:52.209+0000] {logging_mixin.py:188} INFO - [2024-03-09T11:18:52.208+0000] {dagbag.py:540} INFO - Filling up the DagBag from /home/airflow/.local/lib/python3.8/site-packages/airflow/example_dags/example_latest_only_with_trigger.py
[2024-03-09T11:18:52.222+0000] {processor.py:840} INFO - DAG(s) 'latest_only_with_trigger' retrieved from /home/airflow/.local/lib/python3.8/site-packages/airflow/example_dags/example_latest_only_with_trigger.py
[2024-03-09T11:18:52.254+0000] {logging_mixin.py:188} INFO - [2024-03-09T11:18:52.253+0000] {dag.py:3047} INFO - Sync 1 DAGs
[2024-03-09T11:18:52.286+0000] {logging_mixin.py:188} INFO - [2024-03-09T11:18:52.286+0000] {dag.py:3834} INFO - Setting next_dagrun for latest_only_with_trigger to 2024-03-09 04:00:00+00:00, run_after=2024-03-09 08:00:00+00:00
[2024-03-09T11:18:52.318+0000] {processor.py:183} INFO - Processing /home/airflow/.local/lib/python3.8/site-packages/airflow/example_dags/example_latest_only_with_trigger.py took 0.123 seconds
[2024-03-09T11:19:22.427+0000] {processor.py:161} INFO - Started process (PID=6069) to work on /home/airflow/.local/lib/python3.8/site-packages/airflow/example_dags/example_latest_only_with_trigger.py
[2024-03-09T11:19:22.428+0000] {processor.py:830} INFO - Processing file /home/airflow/.local/lib/python3.8/site-packages/airflow/example_dags/example_latest_only_with_trigger.py for tasks to queue
[2024-03-09T11:19:22.430+0000] {logging_mixin.py:188} INFO - [2024-03-09T11:19:22.430+0000] {dagbag.py:540} INFO - Filling up the DagBag from /home/airflow/.local/lib/python3.8/site-packages/airflow/example_dags/example_latest_only_with_trigger.py
[2024-03-09T11:19:22.440+0000] {processor.py:840} INFO - DAG(s) 'latest_only_with_trigger' retrieved from /home/airflow/.local/lib/python3.8/site-packages/airflow/example_dags/example_latest_only_with_trigger.py
[2024-03-09T11:19:22.475+0000] {logging_mixin.py:188} INFO - [2024-03-09T11:19:22.475+0000] {dag.py:3047} INFO - Sync 1 DAGs
[2024-03-09T11:19:22.508+0000] {logging_mixin.py:188} INFO - [2024-03-09T11:19:22.507+0000] {dag.py:3834} INFO - Setting next_dagrun for latest_only_with_trigger to 2024-03-09 04:00:00+00:00, run_after=2024-03-09 08:00:00+00:00
[2024-03-09T11:19:22.543+0000] {processor.py:183} INFO - Processing /home/airflow/.local/lib/python3.8/site-packages/airflow/example_dags/example_latest_only_with_trigger.py took 0.122 seconds
[2024-03-09T11:19:53.166+0000] {processor.py:161} INFO - Started process (PID=6316) to work on /home/airflow/.local/lib/python3.8/site-packages/airflow/example_dags/example_latest_only_with_trigger.py
[2024-03-09T11:19:53.168+0000] {processor.py:830} INFO - Processing file /home/airflow/.local/lib/python3.8/site-packages/airflow/example_dags/example_latest_only_with_trigger.py for tasks to queue
[2024-03-09T11:19:53.170+0000] {logging_mixin.py:188} INFO - [2024-03-09T11:19:53.169+0000] {dagbag.py:540} INFO - Filling up the DagBag from /home/airflow/.local/lib/python3.8/site-packages/airflow/example_dags/example_latest_only_with_trigger.py
[2024-03-09T11:19:53.181+0000] {processor.py:840} INFO - DAG(s) 'latest_only_with_trigger' retrieved from /home/airflow/.local/lib/python3.8/site-packages/airflow/example_dags/example_latest_only_with_trigger.py
[2024-03-09T11:19:53.215+0000] {logging_mixin.py:188} INFO - [2024-03-09T11:19:53.215+0000] {dag.py:3047} INFO - Sync 1 DAGs
[2024-03-09T11:19:53.254+0000] {logging_mixin.py:188} INFO - [2024-03-09T11:19:53.254+0000] {dag.py:3834} INFO - Setting next_dagrun for latest_only_with_trigger to 2024-03-09 04:00:00+00:00, run_after=2024-03-09 08:00:00+00:00
[2024-03-09T11:19:53.285+0000] {processor.py:183} INFO - Processing /home/airflow/.local/lib/python3.8/site-packages/airflow/example_dags/example_latest_only_with_trigger.py took 0.124 seconds
[2024-03-09T11:20:23.889+0000] {processor.py:161} INFO - Started process (PID=6563) to work on /home/airflow/.local/lib/python3.8/site-packages/airflow/example_dags/example_latest_only_with_trigger.py
[2024-03-09T11:20:23.891+0000] {processor.py:830} INFO - Processing file /home/airflow/.local/lib/python3.8/site-packages/airflow/example_dags/example_latest_only_with_trigger.py for tasks to queue
[2024-03-09T11:20:23.893+0000] {logging_mixin.py:188} INFO - [2024-03-09T11:20:23.893+0000] {dagbag.py:540} INFO - Filling up the DagBag from /home/airflow/.local/lib/python3.8/site-packages/airflow/example_dags/example_latest_only_with_trigger.py
[2024-03-09T11:20:23.905+0000] {processor.py:840} INFO - DAG(s) 'latest_only_with_trigger' retrieved from /home/airflow/.local/lib/python3.8/site-packages/airflow/example_dags/example_latest_only_with_trigger.py
[2024-03-09T11:20:23.938+0000] {logging_mixin.py:188} INFO - [2024-03-09T11:20:23.938+0000] {dag.py:3047} INFO - Sync 1 DAGs
[2024-03-09T11:20:23.972+0000] {logging_mixin.py:188} INFO - [2024-03-09T11:20:23.971+0000] {dag.py:3834} INFO - Setting next_dagrun for latest_only_with_trigger to 2024-03-09 04:00:00+00:00, run_after=2024-03-09 08:00:00+00:00
[2024-03-09T11:20:24.004+0000] {processor.py:183} INFO - Processing /home/airflow/.local/lib/python3.8/site-packages/airflow/example_dags/example_latest_only_with_trigger.py took 0.120 seconds
[2024-03-09T11:20:54.821+0000] {processor.py:161} INFO - Started process (PID=6812) to work on /home/airflow/.local/lib/python3.8/site-packages/airflow/example_dags/example_latest_only_with_trigger.py
[2024-03-09T11:20:54.823+0000] {processor.py:830} INFO - Processing file /home/airflow/.local/lib/python3.8/site-packages/airflow/example_dags/example_latest_only_with_trigger.py for tasks to queue
[2024-03-09T11:20:54.825+0000] {logging_mixin.py:188} INFO - [2024-03-09T11:20:54.825+0000] {dagbag.py:540} INFO - Filling up the DagBag from /home/airflow/.local/lib/python3.8/site-packages/airflow/example_dags/example_latest_only_with_trigger.py
[2024-03-09T11:20:54.837+0000] {processor.py:840} INFO - DAG(s) 'latest_only_with_trigger' retrieved from /home/airflow/.local/lib/python3.8/site-packages/airflow/example_dags/example_latest_only_with_trigger.py
[2024-03-09T11:20:54.871+0000] {logging_mixin.py:188} INFO - [2024-03-09T11:20:54.870+0000] {dag.py:3047} INFO - Sync 1 DAGs
[2024-03-09T11:20:54.903+0000] {logging_mixin.py:188} INFO - [2024-03-09T11:20:54.903+0000] {dag.py:3834} INFO - Setting next_dagrun for latest_only_with_trigger to 2024-03-09 04:00:00+00:00, run_after=2024-03-09 08:00:00+00:00
[2024-03-09T11:20:54.935+0000] {processor.py:183} INFO - Processing /home/airflow/.local/lib/python3.8/site-packages/airflow/example_dags/example_latest_only_with_trigger.py took 0.121 seconds
[2024-03-09T11:21:25.582+0000] {processor.py:161} INFO - Started process (PID=7057) to work on /home/airflow/.local/lib/python3.8/site-packages/airflow/example_dags/example_latest_only_with_trigger.py
[2024-03-09T11:21:25.585+0000] {processor.py:830} INFO - Processing file /home/airflow/.local/lib/python3.8/site-packages/airflow/example_dags/example_latest_only_with_trigger.py for tasks to queue
[2024-03-09T11:21:25.586+0000] {logging_mixin.py:188} INFO - [2024-03-09T11:21:25.586+0000] {dagbag.py:540} INFO - Filling up the DagBag from /home/airflow/.local/lib/python3.8/site-packages/airflow/example_dags/example_latest_only_with_trigger.py
[2024-03-09T11:21:25.597+0000] {processor.py:840} INFO - DAG(s) 'latest_only_with_trigger' retrieved from /home/airflow/.local/lib/python3.8/site-packages/airflow/example_dags/example_latest_only_with_trigger.py
[2024-03-09T11:21:25.629+0000] {logging_mixin.py:188} INFO - [2024-03-09T11:21:25.629+0000] {dag.py:3047} INFO - Sync 1 DAGs
[2024-03-09T11:21:25.667+0000] {logging_mixin.py:188} INFO - [2024-03-09T11:21:25.666+0000] {dag.py:3834} INFO - Setting next_dagrun for latest_only_with_trigger to 2024-03-09 04:00:00+00:00, run_after=2024-03-09 08:00:00+00:00
[2024-03-09T11:21:25.701+0000] {processor.py:183} INFO - Processing /home/airflow/.local/lib/python3.8/site-packages/airflow/example_dags/example_latest_only_with_trigger.py took 0.123 seconds
[2024-03-09T13:38:20.308+0000] {processor.py:161} INFO - Started process (PID=7294) to work on /home/airflow/.local/lib/python3.8/site-packages/airflow/example_dags/example_latest_only_with_trigger.py
[2024-03-09T13:38:20.311+0000] {processor.py:830} INFO - Processing file /home/airflow/.local/lib/python3.8/site-packages/airflow/example_dags/example_latest_only_with_trigger.py for tasks to queue
[2024-03-09T13:38:20.313+0000] {logging_mixin.py:188} INFO - [2024-03-09T13:38:20.312+0000] {dagbag.py:540} INFO - Filling up the DagBag from /home/airflow/.local/lib/python3.8/site-packages/airflow/example_dags/example_latest_only_with_trigger.py
[2024-03-09T13:38:20.335+0000] {processor.py:840} INFO - DAG(s) 'latest_only_with_trigger' retrieved from /home/airflow/.local/lib/python3.8/site-packages/airflow/example_dags/example_latest_only_with_trigger.py
[2024-03-09T13:38:20.383+0000] {logging_mixin.py:188} INFO - [2024-03-09T13:38:20.382+0000] {dag.py:3047} INFO - Sync 1 DAGs
[2024-03-09T13:38:20.434+0000] {logging_mixin.py:188} INFO - [2024-03-09T13:38:20.433+0000] {dag.py:3834} INFO - Setting next_dagrun for latest_only_with_trigger to 2024-03-09 08:00:00+00:00, run_after=2024-03-09 12:00:00+00:00
[2024-03-09T13:38:20.472+0000] {processor.py:183} INFO - Processing /home/airflow/.local/lib/python3.8/site-packages/airflow/example_dags/example_latest_only_with_trigger.py took 0.174 seconds
[2024-03-09T13:38:50.779+0000] {processor.py:161} INFO - Started process (PID=7541) to work on /home/airflow/.local/lib/python3.8/site-packages/airflow/example_dags/example_latest_only_with_trigger.py
[2024-03-09T13:38:50.782+0000] {processor.py:830} INFO - Processing file /home/airflow/.local/lib/python3.8/site-packages/airflow/example_dags/example_latest_only_with_trigger.py for tasks to queue
[2024-03-09T13:38:50.784+0000] {logging_mixin.py:188} INFO - [2024-03-09T13:38:50.784+0000] {dagbag.py:540} INFO - Filling up the DagBag from /home/airflow/.local/lib/python3.8/site-packages/airflow/example_dags/example_latest_only_with_trigger.py
[2024-03-09T13:38:50.795+0000] {processor.py:840} INFO - DAG(s) 'latest_only_with_trigger' retrieved from /home/airflow/.local/lib/python3.8/site-packages/airflow/example_dags/example_latest_only_with_trigger.py
[2024-03-09T13:38:50.831+0000] {logging_mixin.py:188} INFO - [2024-03-09T13:38:50.830+0000] {dag.py:3047} INFO - Sync 1 DAGs
[2024-03-09T13:38:50.871+0000] {logging_mixin.py:188} INFO - [2024-03-09T13:38:50.870+0000] {dag.py:3834} INFO - Setting next_dagrun for latest_only_with_trigger to 2024-03-09 08:00:00+00:00, run_after=2024-03-09 12:00:00+00:00
[2024-03-09T13:38:50.924+0000] {processor.py:183} INFO - Processing /home/airflow/.local/lib/python3.8/site-packages/airflow/example_dags/example_latest_only_with_trigger.py took 0.151 seconds
[2024-03-09T13:39:22.378+0000] {processor.py:161} INFO - Started process (PID=7788) to work on /home/airflow/.local/lib/python3.8/site-packages/airflow/example_dags/example_latest_only_with_trigger.py
[2024-03-09T13:39:22.381+0000] {processor.py:830} INFO - Processing file /home/airflow/.local/lib/python3.8/site-packages/airflow/example_dags/example_latest_only_with_trigger.py for tasks to queue
[2024-03-09T13:39:22.383+0000] {logging_mixin.py:188} INFO - [2024-03-09T13:39:22.382+0000] {dagbag.py:540} INFO - Filling up the DagBag from /home/airflow/.local/lib/python3.8/site-packages/airflow/example_dags/example_latest_only_with_trigger.py
[2024-03-09T13:39:22.397+0000] {processor.py:840} INFO - DAG(s) 'latest_only_with_trigger' retrieved from /home/airflow/.local/lib/python3.8/site-packages/airflow/example_dags/example_latest_only_with_trigger.py
[2024-03-09T13:39:22.440+0000] {logging_mixin.py:188} INFO - [2024-03-09T13:39:22.439+0000] {dag.py:3047} INFO - Sync 1 DAGs
[2024-03-09T13:39:22.489+0000] {logging_mixin.py:188} INFO - [2024-03-09T13:39:22.489+0000] {dag.py:3834} INFO - Setting next_dagrun for latest_only_with_trigger to 2024-03-09 08:00:00+00:00, run_after=2024-03-09 12:00:00+00:00
[2024-03-09T13:39:22.544+0000] {processor.py:183} INFO - Processing /home/airflow/.local/lib/python3.8/site-packages/airflow/example_dags/example_latest_only_with_trigger.py took 0.171 seconds
[2024-03-09T13:39:53.461+0000] {processor.py:161} INFO - Started process (PID=8035) to work on /home/airflow/.local/lib/python3.8/site-packages/airflow/example_dags/example_latest_only_with_trigger.py
[2024-03-09T13:39:53.463+0000] {processor.py:830} INFO - Processing file /home/airflow/.local/lib/python3.8/site-packages/airflow/example_dags/example_latest_only_with_trigger.py for tasks to queue
[2024-03-09T13:39:53.465+0000] {logging_mixin.py:188} INFO - [2024-03-09T13:39:53.465+0000] {dagbag.py:540} INFO - Filling up the DagBag from /home/airflow/.local/lib/python3.8/site-packages/airflow/example_dags/example_latest_only_with_trigger.py
[2024-03-09T13:39:53.476+0000] {processor.py:840} INFO - DAG(s) 'latest_only_with_trigger' retrieved from /home/airflow/.local/lib/python3.8/site-packages/airflow/example_dags/example_latest_only_with_trigger.py
[2024-03-09T13:39:53.511+0000] {logging_mixin.py:188} INFO - [2024-03-09T13:39:53.510+0000] {dag.py:3047} INFO - Sync 1 DAGs
[2024-03-09T13:39:53.544+0000] {logging_mixin.py:188} INFO - [2024-03-09T13:39:53.543+0000] {dag.py:3834} INFO - Setting next_dagrun for latest_only_with_trigger to 2024-03-09 08:00:00+00:00, run_after=2024-03-09 12:00:00+00:00
[2024-03-09T13:39:53.573+0000] {processor.py:183} INFO - Processing /home/airflow/.local/lib/python3.8/site-packages/airflow/example_dags/example_latest_only_with_trigger.py took 0.118 seconds
[2024-03-09T13:40:23.843+0000] {processor.py:161} INFO - Started process (PID=8282) to work on /home/airflow/.local/lib/python3.8/site-packages/airflow/example_dags/example_latest_only_with_trigger.py
[2024-03-09T13:40:23.846+0000] {processor.py:830} INFO - Processing file /home/airflow/.local/lib/python3.8/site-packages/airflow/example_dags/example_latest_only_with_trigger.py for tasks to queue
[2024-03-09T13:40:23.849+0000] {logging_mixin.py:188} INFO - [2024-03-09T13:40:23.849+0000] {dagbag.py:540} INFO - Filling up the DagBag from /home/airflow/.local/lib/python3.8/site-packages/airflow/example_dags/example_latest_only_with_trigger.py
[2024-03-09T13:40:23.864+0000] {processor.py:840} INFO - DAG(s) 'latest_only_with_trigger' retrieved from /home/airflow/.local/lib/python3.8/site-packages/airflow/example_dags/example_latest_only_with_trigger.py
[2024-03-09T13:40:23.928+0000] {logging_mixin.py:188} INFO - [2024-03-09T13:40:23.927+0000] {dag.py:3047} INFO - Sync 1 DAGs
[2024-03-09T13:40:23.984+0000] {logging_mixin.py:188} INFO - [2024-03-09T13:40:23.984+0000] {dag.py:3834} INFO - Setting next_dagrun for latest_only_with_trigger to 2024-03-09 08:00:00+00:00, run_after=2024-03-09 12:00:00+00:00
[2024-03-09T13:40:24.030+0000] {processor.py:183} INFO - Processing /home/airflow/.local/lib/python3.8/site-packages/airflow/example_dags/example_latest_only_with_trigger.py took 0.193 seconds
[2024-03-09T13:40:54.113+0000] {processor.py:161} INFO - Started process (PID=8529) to work on /home/airflow/.local/lib/python3.8/site-packages/airflow/example_dags/example_latest_only_with_trigger.py
[2024-03-09T13:40:54.115+0000] {processor.py:830} INFO - Processing file /home/airflow/.local/lib/python3.8/site-packages/airflow/example_dags/example_latest_only_with_trigger.py for tasks to queue
[2024-03-09T13:40:54.117+0000] {logging_mixin.py:188} INFO - [2024-03-09T13:40:54.117+0000] {dagbag.py:540} INFO - Filling up the DagBag from /home/airflow/.local/lib/python3.8/site-packages/airflow/example_dags/example_latest_only_with_trigger.py
[2024-03-09T13:40:54.129+0000] {processor.py:840} INFO - DAG(s) 'latest_only_with_trigger' retrieved from /home/airflow/.local/lib/python3.8/site-packages/airflow/example_dags/example_latest_only_with_trigger.py
[2024-03-09T13:40:54.166+0000] {logging_mixin.py:188} INFO - [2024-03-09T13:40:54.165+0000] {dag.py:3047} INFO - Sync 1 DAGs
[2024-03-09T13:40:54.203+0000] {logging_mixin.py:188} INFO - [2024-03-09T13:40:54.203+0000] {dag.py:3834} INFO - Setting next_dagrun for latest_only_with_trigger to 2024-03-09 08:00:00+00:00, run_after=2024-03-09 12:00:00+00:00
[2024-03-09T13:40:54.238+0000] {processor.py:183} INFO - Processing /home/airflow/.local/lib/python3.8/site-packages/airflow/example_dags/example_latest_only_with_trigger.py took 0.131 seconds
[2024-03-09T13:41:24.785+0000] {processor.py:161} INFO - Started process (PID=8776) to work on /home/airflow/.local/lib/python3.8/site-packages/airflow/example_dags/example_latest_only_with_trigger.py
[2024-03-09T13:41:24.787+0000] {processor.py:830} INFO - Processing file /home/airflow/.local/lib/python3.8/site-packages/airflow/example_dags/example_latest_only_with_trigger.py for tasks to queue
[2024-03-09T13:41:24.789+0000] {logging_mixin.py:188} INFO - [2024-03-09T13:41:24.788+0000] {dagbag.py:540} INFO - Filling up the DagBag from /home/airflow/.local/lib/python3.8/site-packages/airflow/example_dags/example_latest_only_with_trigger.py
[2024-03-09T13:41:24.799+0000] {processor.py:840} INFO - DAG(s) 'latest_only_with_trigger' retrieved from /home/airflow/.local/lib/python3.8/site-packages/airflow/example_dags/example_latest_only_with_trigger.py
[2024-03-09T13:41:24.835+0000] {logging_mixin.py:188} INFO - [2024-03-09T13:41:24.835+0000] {dag.py:3047} INFO - Sync 1 DAGs
[2024-03-09T13:41:24.872+0000] {logging_mixin.py:188} INFO - [2024-03-09T13:41:24.872+0000] {dag.py:3834} INFO - Setting next_dagrun for latest_only_with_trigger to 2024-03-09 08:00:00+00:00, run_after=2024-03-09 12:00:00+00:00
[2024-03-09T13:41:24.902+0000] {processor.py:183} INFO - Processing /home/airflow/.local/lib/python3.8/site-packages/airflow/example_dags/example_latest_only_with_trigger.py took 0.122 seconds
[2024-03-09T13:41:55.207+0000] {processor.py:161} INFO - Started process (PID=9023) to work on /home/airflow/.local/lib/python3.8/site-packages/airflow/example_dags/example_latest_only_with_trigger.py
[2024-03-09T13:41:55.209+0000] {processor.py:830} INFO - Processing file /home/airflow/.local/lib/python3.8/site-packages/airflow/example_dags/example_latest_only_with_trigger.py for tasks to queue
[2024-03-09T13:41:55.211+0000] {logging_mixin.py:188} INFO - [2024-03-09T13:41:55.211+0000] {dagbag.py:540} INFO - Filling up the DagBag from /home/airflow/.local/lib/python3.8/site-packages/airflow/example_dags/example_latest_only_with_trigger.py
[2024-03-09T13:41:55.221+0000] {processor.py:840} INFO - DAG(s) 'latest_only_with_trigger' retrieved from /home/airflow/.local/lib/python3.8/site-packages/airflow/example_dags/example_latest_only_with_trigger.py
[2024-03-09T13:41:55.258+0000] {logging_mixin.py:188} INFO - [2024-03-09T13:41:55.257+0000] {dag.py:3047} INFO - Sync 1 DAGs
[2024-03-09T13:41:55.293+0000] {logging_mixin.py:188} INFO - [2024-03-09T13:41:55.293+0000] {dag.py:3834} INFO - Setting next_dagrun for latest_only_with_trigger to 2024-03-09 08:00:00+00:00, run_after=2024-03-09 12:00:00+00:00
[2024-03-09T13:41:55.324+0000] {processor.py:183} INFO - Processing /home/airflow/.local/lib/python3.8/site-packages/airflow/example_dags/example_latest_only_with_trigger.py took 0.122 seconds
[2024-03-09T13:42:25.506+0000] {processor.py:161} INFO - Started process (PID=9270) to work on /home/airflow/.local/lib/python3.8/site-packages/airflow/example_dags/example_latest_only_with_trigger.py
[2024-03-09T13:42:25.508+0000] {processor.py:830} INFO - Processing file /home/airflow/.local/lib/python3.8/site-packages/airflow/example_dags/example_latest_only_with_trigger.py for tasks to queue
[2024-03-09T13:42:25.509+0000] {logging_mixin.py:188} INFO - [2024-03-09T13:42:25.509+0000] {dagbag.py:540} INFO - Filling up the DagBag from /home/airflow/.local/lib/python3.8/site-packages/airflow/example_dags/example_latest_only_with_trigger.py
[2024-03-09T13:42:25.521+0000] {processor.py:840} INFO - DAG(s) 'latest_only_with_trigger' retrieved from /home/airflow/.local/lib/python3.8/site-packages/airflow/example_dags/example_latest_only_with_trigger.py
[2024-03-09T13:42:25.554+0000] {logging_mixin.py:188} INFO - [2024-03-09T13:42:25.553+0000] {dag.py:3047} INFO - Sync 1 DAGs
[2024-03-09T13:42:25.584+0000] {logging_mixin.py:188} INFO - [2024-03-09T13:42:25.584+0000] {dag.py:3834} INFO - Setting next_dagrun for latest_only_with_trigger to 2024-03-09 08:00:00+00:00, run_after=2024-03-09 12:00:00+00:00
[2024-03-09T13:42:25.617+0000] {processor.py:183} INFO - Processing /home/airflow/.local/lib/python3.8/site-packages/airflow/example_dags/example_latest_only_with_trigger.py took 0.118 seconds
[2024-03-09T13:42:55.790+0000] {processor.py:161} INFO - Started process (PID=9517) to work on /home/airflow/.local/lib/python3.8/site-packages/airflow/example_dags/example_latest_only_with_trigger.py
[2024-03-09T13:42:55.792+0000] {processor.py:830} INFO - Processing file /home/airflow/.local/lib/python3.8/site-packages/airflow/example_dags/example_latest_only_with_trigger.py for tasks to queue
[2024-03-09T13:42:55.793+0000] {logging_mixin.py:188} INFO - [2024-03-09T13:42:55.793+0000] {dagbag.py:540} INFO - Filling up the DagBag from /home/airflow/.local/lib/python3.8/site-packages/airflow/example_dags/example_latest_only_with_trigger.py
[2024-03-09T13:42:55.804+0000] {processor.py:840} INFO - DAG(s) 'latest_only_with_trigger' retrieved from /home/airflow/.local/lib/python3.8/site-packages/airflow/example_dags/example_latest_only_with_trigger.py
[2024-03-09T13:42:55.841+0000] {logging_mixin.py:188} INFO - [2024-03-09T13:42:55.841+0000] {dag.py:3047} INFO - Sync 1 DAGs
[2024-03-09T13:42:55.875+0000] {logging_mixin.py:188} INFO - [2024-03-09T13:42:55.875+0000] {dag.py:3834} INFO - Setting next_dagrun for latest_only_with_trigger to 2024-03-09 08:00:00+00:00, run_after=2024-03-09 12:00:00+00:00
[2024-03-09T13:42:55.911+0000] {processor.py:183} INFO - Processing /home/airflow/.local/lib/python3.8/site-packages/airflow/example_dags/example_latest_only_with_trigger.py took 0.127 seconds
[2024-03-09T13:43:26.649+0000] {processor.py:161} INFO - Started process (PID=9766) to work on /home/airflow/.local/lib/python3.8/site-packages/airflow/example_dags/example_latest_only_with_trigger.py
[2024-03-09T13:43:26.651+0000] {processor.py:830} INFO - Processing file /home/airflow/.local/lib/python3.8/site-packages/airflow/example_dags/example_latest_only_with_trigger.py for tasks to queue
[2024-03-09T13:43:26.653+0000] {logging_mixin.py:188} INFO - [2024-03-09T13:43:26.653+0000] {dagbag.py:540} INFO - Filling up the DagBag from /home/airflow/.local/lib/python3.8/site-packages/airflow/example_dags/example_latest_only_with_trigger.py
[2024-03-09T13:43:26.663+0000] {processor.py:840} INFO - DAG(s) 'latest_only_with_trigger' retrieved from /home/airflow/.local/lib/python3.8/site-packages/airflow/example_dags/example_latest_only_with_trigger.py
[2024-03-09T13:43:26.697+0000] {logging_mixin.py:188} INFO - [2024-03-09T13:43:26.697+0000] {dag.py:3047} INFO - Sync 1 DAGs
[2024-03-09T13:43:26.731+0000] {logging_mixin.py:188} INFO - [2024-03-09T13:43:26.731+0000] {dag.py:3834} INFO - Setting next_dagrun for latest_only_with_trigger to 2024-03-09 08:00:00+00:00, run_after=2024-03-09 12:00:00+00:00
[2024-03-09T13:43:26.763+0000] {processor.py:183} INFO - Processing /home/airflow/.local/lib/python3.8/site-packages/airflow/example_dags/example_latest_only_with_trigger.py took 0.120 seconds
[2024-03-09T13:43:57.097+0000] {processor.py:161} INFO - Started process (PID=10011) to work on /home/airflow/.local/lib/python3.8/site-packages/airflow/example_dags/example_latest_only_with_trigger.py
[2024-03-09T13:43:57.099+0000] {processor.py:830} INFO - Processing file /home/airflow/.local/lib/python3.8/site-packages/airflow/example_dags/example_latest_only_with_trigger.py for tasks to queue
[2024-03-09T13:43:57.102+0000] {logging_mixin.py:188} INFO - [2024-03-09T13:43:57.101+0000] {dagbag.py:540} INFO - Filling up the DagBag from /home/airflow/.local/lib/python3.8/site-packages/airflow/example_dags/example_latest_only_with_trigger.py
[2024-03-09T13:43:57.113+0000] {processor.py:840} INFO - DAG(s) 'latest_only_with_trigger' retrieved from /home/airflow/.local/lib/python3.8/site-packages/airflow/example_dags/example_latest_only_with_trigger.py
[2024-03-09T13:43:57.151+0000] {logging_mixin.py:188} INFO - [2024-03-09T13:43:57.151+0000] {dag.py:3047} INFO - Sync 1 DAGs
[2024-03-09T13:43:57.187+0000] {logging_mixin.py:188} INFO - [2024-03-09T13:43:57.187+0000] {dag.py:3834} INFO - Setting next_dagrun for latest_only_with_trigger to 2024-03-09 08:00:00+00:00, run_after=2024-03-09 12:00:00+00:00
[2024-03-09T13:43:57.217+0000] {processor.py:183} INFO - Processing /home/airflow/.local/lib/python3.8/site-packages/airflow/example_dags/example_latest_only_with_trigger.py took 0.125 seconds
