[2024-03-09T11:07:31.594+0000] {processor.py:161} INFO - Started process (PID=297) to work on /home/airflow/.local/lib/python3.8/site-packages/airflow/example_dags/example_python_operator.py
[2024-03-09T11:07:31.597+0000] {processor.py:830} INFO - Processing file /home/airflow/.local/lib/python3.8/site-packages/airflow/example_dags/example_python_operator.py for tasks to queue
[2024-03-09T11:07:31.599+0000] {logging_mixin.py:188} INFO - [2024-03-09T11:07:31.599+0000] {dagbag.py:540} INFO - Filling up the DagBag from /home/airflow/.local/lib/python3.8/site-packages/airflow/example_dags/example_python_operator.py
[2024-03-09T11:07:31.625+0000] {processor.py:840} INFO - DAG(s) 'example_python_operator' retrieved from /home/airflow/.local/lib/python3.8/site-packages/airflow/example_dags/example_python_operator.py
[2024-03-09T11:07:31.812+0000] {logging_mixin.py:188} INFO - [2024-03-09T11:07:31.812+0000] {dag.py:3047} INFO - Sync 1 DAGs
[2024-03-09T11:07:31.829+0000] {logging_mixin.py:188} INFO - [2024-03-09T11:07:31.828+0000] {dag.py:3834} INFO - Setting next_dagrun for example_python_operator to None, run_after=None
[2024-03-09T11:07:31.860+0000] {processor.py:183} INFO - Processing /home/airflow/.local/lib/python3.8/site-packages/airflow/example_dags/example_python_operator.py took 0.271 seconds
[2024-03-09T11:08:02.117+0000] {processor.py:161} INFO - Started process (PID=544) to work on /home/airflow/.local/lib/python3.8/site-packages/airflow/example_dags/example_python_operator.py
[2024-03-09T11:08:02.120+0000] {processor.py:830} INFO - Processing file /home/airflow/.local/lib/python3.8/site-packages/airflow/example_dags/example_python_operator.py for tasks to queue
[2024-03-09T11:08:02.121+0000] {logging_mixin.py:188} INFO - [2024-03-09T11:08:02.121+0000] {dagbag.py:540} INFO - Filling up the DagBag from /home/airflow/.local/lib/python3.8/site-packages/airflow/example_dags/example_python_operator.py
[2024-03-09T11:08:02.138+0000] {processor.py:840} INFO - DAG(s) 'example_python_operator' retrieved from /home/airflow/.local/lib/python3.8/site-packages/airflow/example_dags/example_python_operator.py
[2024-03-09T11:08:02.173+0000] {logging_mixin.py:188} INFO - [2024-03-09T11:08:02.172+0000] {dag.py:3047} INFO - Sync 1 DAGs
[2024-03-09T11:08:02.191+0000] {logging_mixin.py:188} INFO - [2024-03-09T11:08:02.191+0000] {dag.py:3834} INFO - Setting next_dagrun for example_python_operator to None, run_after=None
[2024-03-09T11:08:02.223+0000] {processor.py:183} INFO - Processing /home/airflow/.local/lib/python3.8/site-packages/airflow/example_dags/example_python_operator.py took 0.111 seconds
[2024-03-09T11:08:32.756+0000] {processor.py:161} INFO - Started process (PID=793) to work on /home/airflow/.local/lib/python3.8/site-packages/airflow/example_dags/example_python_operator.py
[2024-03-09T11:08:32.758+0000] {processor.py:830} INFO - Processing file /home/airflow/.local/lib/python3.8/site-packages/airflow/example_dags/example_python_operator.py for tasks to queue
[2024-03-09T11:08:32.760+0000] {logging_mixin.py:188} INFO - [2024-03-09T11:08:32.760+0000] {dagbag.py:540} INFO - Filling up the DagBag from /home/airflow/.local/lib/python3.8/site-packages/airflow/example_dags/example_python_operator.py
[2024-03-09T11:08:32.775+0000] {processor.py:840} INFO - DAG(s) 'example_python_operator' retrieved from /home/airflow/.local/lib/python3.8/site-packages/airflow/example_dags/example_python_operator.py
[2024-03-09T11:08:32.808+0000] {logging_mixin.py:188} INFO - [2024-03-09T11:08:32.808+0000] {dag.py:3047} INFO - Sync 1 DAGs
[2024-03-09T11:08:32.827+0000] {logging_mixin.py:188} INFO - [2024-03-09T11:08:32.827+0000] {dag.py:3834} INFO - Setting next_dagrun for example_python_operator to None, run_after=None
[2024-03-09T11:08:32.858+0000] {processor.py:183} INFO - Processing /home/airflow/.local/lib/python3.8/site-packages/airflow/example_dags/example_python_operator.py took 0.106 seconds
[2024-03-09T11:09:03.735+0000] {processor.py:161} INFO - Started process (PID=1040) to work on /home/airflow/.local/lib/python3.8/site-packages/airflow/example_dags/example_python_operator.py
[2024-03-09T11:09:03.738+0000] {processor.py:830} INFO - Processing file /home/airflow/.local/lib/python3.8/site-packages/airflow/example_dags/example_python_operator.py for tasks to queue
[2024-03-09T11:09:03.741+0000] {logging_mixin.py:188} INFO - [2024-03-09T11:09:03.740+0000] {dagbag.py:540} INFO - Filling up the DagBag from /home/airflow/.local/lib/python3.8/site-packages/airflow/example_dags/example_python_operator.py
[2024-03-09T11:09:03.763+0000] {processor.py:840} INFO - DAG(s) 'example_python_operator' retrieved from /home/airflow/.local/lib/python3.8/site-packages/airflow/example_dags/example_python_operator.py
[2024-03-09T11:09:03.812+0000] {logging_mixin.py:188} INFO - [2024-03-09T11:09:03.811+0000] {dag.py:3047} INFO - Sync 1 DAGs
[2024-03-09T11:09:03.835+0000] {logging_mixin.py:188} INFO - [2024-03-09T11:09:03.835+0000] {dag.py:3834} INFO - Setting next_dagrun for example_python_operator to None, run_after=None
[2024-03-09T11:09:03.878+0000] {processor.py:183} INFO - Processing /home/airflow/.local/lib/python3.8/site-packages/airflow/example_dags/example_python_operator.py took 0.150 seconds
[2024-03-09T11:09:34.015+0000] {processor.py:161} INFO - Started process (PID=1286) to work on /home/airflow/.local/lib/python3.8/site-packages/airflow/example_dags/example_python_operator.py
[2024-03-09T11:09:34.017+0000] {processor.py:830} INFO - Processing file /home/airflow/.local/lib/python3.8/site-packages/airflow/example_dags/example_python_operator.py for tasks to queue
[2024-03-09T11:09:34.019+0000] {logging_mixin.py:188} INFO - [2024-03-09T11:09:34.019+0000] {dagbag.py:540} INFO - Filling up the DagBag from /home/airflow/.local/lib/python3.8/site-packages/airflow/example_dags/example_python_operator.py
[2024-03-09T11:09:34.039+0000] {processor.py:840} INFO - DAG(s) 'example_python_operator' retrieved from /home/airflow/.local/lib/python3.8/site-packages/airflow/example_dags/example_python_operator.py
[2024-03-09T11:09:34.084+0000] {logging_mixin.py:188} INFO - [2024-03-09T11:09:34.084+0000] {dag.py:3047} INFO - Sync 1 DAGs
[2024-03-09T11:09:34.106+0000] {logging_mixin.py:188} INFO - [2024-03-09T11:09:34.106+0000] {dag.py:3834} INFO - Setting next_dagrun for example_python_operator to None, run_after=None
[2024-03-09T11:09:34.135+0000] {processor.py:183} INFO - Processing /home/airflow/.local/lib/python3.8/site-packages/airflow/example_dags/example_python_operator.py took 0.127 seconds
[2024-03-09T11:10:04.227+0000] {processor.py:161} INFO - Started process (PID=1533) to work on /home/airflow/.local/lib/python3.8/site-packages/airflow/example_dags/example_python_operator.py
[2024-03-09T11:10:04.230+0000] {processor.py:830} INFO - Processing file /home/airflow/.local/lib/python3.8/site-packages/airflow/example_dags/example_python_operator.py for tasks to queue
[2024-03-09T11:10:04.232+0000] {logging_mixin.py:188} INFO - [2024-03-09T11:10:04.231+0000] {dagbag.py:540} INFO - Filling up the DagBag from /home/airflow/.local/lib/python3.8/site-packages/airflow/example_dags/example_python_operator.py
[2024-03-09T11:10:04.251+0000] {processor.py:840} INFO - DAG(s) 'example_python_operator' retrieved from /home/airflow/.local/lib/python3.8/site-packages/airflow/example_dags/example_python_operator.py
[2024-03-09T11:10:04.288+0000] {logging_mixin.py:188} INFO - [2024-03-09T11:10:04.287+0000] {dag.py:3047} INFO - Sync 1 DAGs
[2024-03-09T11:10:04.307+0000] {logging_mixin.py:188} INFO - [2024-03-09T11:10:04.306+0000] {dag.py:3834} INFO - Setting next_dagrun for example_python_operator to None, run_after=None
[2024-03-09T11:10:04.340+0000] {processor.py:183} INFO - Processing /home/airflow/.local/lib/python3.8/site-packages/airflow/example_dags/example_python_operator.py took 0.120 seconds
[2024-03-09T11:10:35.186+0000] {processor.py:161} INFO - Started process (PID=1786) to work on /home/airflow/.local/lib/python3.8/site-packages/airflow/example_dags/example_python_operator.py
[2024-03-09T11:10:35.188+0000] {processor.py:830} INFO - Processing file /home/airflow/.local/lib/python3.8/site-packages/airflow/example_dags/example_python_operator.py for tasks to queue
[2024-03-09T11:10:35.190+0000] {logging_mixin.py:188} INFO - [2024-03-09T11:10:35.189+0000] {dagbag.py:540} INFO - Filling up the DagBag from /home/airflow/.local/lib/python3.8/site-packages/airflow/example_dags/example_python_operator.py
[2024-03-09T11:10:35.208+0000] {processor.py:840} INFO - DAG(s) 'example_python_operator' retrieved from /home/airflow/.local/lib/python3.8/site-packages/airflow/example_dags/example_python_operator.py
[2024-03-09T11:10:35.262+0000] {logging_mixin.py:188} INFO - [2024-03-09T11:10:35.261+0000] {dag.py:3047} INFO - Sync 1 DAGs
[2024-03-09T11:10:35.285+0000] {logging_mixin.py:188} INFO - [2024-03-09T11:10:35.285+0000] {dag.py:3834} INFO - Setting next_dagrun for example_python_operator to None, run_after=None
[2024-03-09T11:10:35.321+0000] {processor.py:183} INFO - Processing /home/airflow/.local/lib/python3.8/site-packages/airflow/example_dags/example_python_operator.py took 0.143 seconds
[2024-03-09T11:11:06.423+0000] {processor.py:161} INFO - Started process (PID=2033) to work on /home/airflow/.local/lib/python3.8/site-packages/airflow/example_dags/example_python_operator.py
[2024-03-09T11:11:06.426+0000] {processor.py:830} INFO - Processing file /home/airflow/.local/lib/python3.8/site-packages/airflow/example_dags/example_python_operator.py for tasks to queue
[2024-03-09T11:11:06.428+0000] {logging_mixin.py:188} INFO - [2024-03-09T11:11:06.427+0000] {dagbag.py:540} INFO - Filling up the DagBag from /home/airflow/.local/lib/python3.8/site-packages/airflow/example_dags/example_python_operator.py
[2024-03-09T11:11:06.449+0000] {processor.py:840} INFO - DAG(s) 'example_python_operator' retrieved from /home/airflow/.local/lib/python3.8/site-packages/airflow/example_dags/example_python_operator.py
[2024-03-09T11:11:06.492+0000] {logging_mixin.py:188} INFO - [2024-03-09T11:11:06.491+0000] {dag.py:3047} INFO - Sync 1 DAGs
[2024-03-09T11:11:06.514+0000] {logging_mixin.py:188} INFO - [2024-03-09T11:11:06.513+0000] {dag.py:3834} INFO - Setting next_dagrun for example_python_operator to None, run_after=None
[2024-03-09T11:11:06.558+0000] {processor.py:183} INFO - Processing /home/airflow/.local/lib/python3.8/site-packages/airflow/example_dags/example_python_operator.py took 0.141 seconds
[2024-03-09T11:11:37.027+0000] {processor.py:161} INFO - Started process (PID=2280) to work on /home/airflow/.local/lib/python3.8/site-packages/airflow/example_dags/example_python_operator.py
[2024-03-09T11:11:37.029+0000] {processor.py:830} INFO - Processing file /home/airflow/.local/lib/python3.8/site-packages/airflow/example_dags/example_python_operator.py for tasks to queue
[2024-03-09T11:11:37.031+0000] {logging_mixin.py:188} INFO - [2024-03-09T11:11:37.030+0000] {dagbag.py:540} INFO - Filling up the DagBag from /home/airflow/.local/lib/python3.8/site-packages/airflow/example_dags/example_python_operator.py
[2024-03-09T11:11:37.051+0000] {processor.py:840} INFO - DAG(s) 'example_python_operator' retrieved from /home/airflow/.local/lib/python3.8/site-packages/airflow/example_dags/example_python_operator.py
[2024-03-09T11:11:37.093+0000] {logging_mixin.py:188} INFO - [2024-03-09T11:11:37.093+0000] {dag.py:3047} INFO - Sync 1 DAGs
[2024-03-09T11:11:37.112+0000] {logging_mixin.py:188} INFO - [2024-03-09T11:11:37.112+0000] {dag.py:3834} INFO - Setting next_dagrun for example_python_operator to None, run_after=None
[2024-03-09T11:11:37.144+0000] {processor.py:183} INFO - Processing /home/airflow/.local/lib/python3.8/site-packages/airflow/example_dags/example_python_operator.py took 0.123 seconds
[2024-03-09T11:12:07.428+0000] {processor.py:161} INFO - Started process (PID=2527) to work on /home/airflow/.local/lib/python3.8/site-packages/airflow/example_dags/example_python_operator.py
[2024-03-09T11:12:07.430+0000] {processor.py:830} INFO - Processing file /home/airflow/.local/lib/python3.8/site-packages/airflow/example_dags/example_python_operator.py for tasks to queue
[2024-03-09T11:12:07.431+0000] {logging_mixin.py:188} INFO - [2024-03-09T11:12:07.431+0000] {dagbag.py:540} INFO - Filling up the DagBag from /home/airflow/.local/lib/python3.8/site-packages/airflow/example_dags/example_python_operator.py
[2024-03-09T11:12:07.451+0000] {processor.py:840} INFO - DAG(s) 'example_python_operator' retrieved from /home/airflow/.local/lib/python3.8/site-packages/airflow/example_dags/example_python_operator.py
[2024-03-09T11:12:07.491+0000] {logging_mixin.py:188} INFO - [2024-03-09T11:12:07.491+0000] {dag.py:3047} INFO - Sync 1 DAGs
[2024-03-09T11:12:07.516+0000] {logging_mixin.py:188} INFO - [2024-03-09T11:12:07.515+0000] {dag.py:3834} INFO - Setting next_dagrun for example_python_operator to None, run_after=None
[2024-03-09T11:12:07.553+0000] {processor.py:183} INFO - Processing /home/airflow/.local/lib/python3.8/site-packages/airflow/example_dags/example_python_operator.py took 0.131 seconds
[2024-03-09T11:12:37.775+0000] {processor.py:161} INFO - Started process (PID=2774) to work on /home/airflow/.local/lib/python3.8/site-packages/airflow/example_dags/example_python_operator.py
[2024-03-09T11:12:37.778+0000] {processor.py:830} INFO - Processing file /home/airflow/.local/lib/python3.8/site-packages/airflow/example_dags/example_python_operator.py for tasks to queue
[2024-03-09T11:12:37.780+0000] {logging_mixin.py:188} INFO - [2024-03-09T11:12:37.779+0000] {dagbag.py:540} INFO - Filling up the DagBag from /home/airflow/.local/lib/python3.8/site-packages/airflow/example_dags/example_python_operator.py
[2024-03-09T11:12:37.801+0000] {processor.py:840} INFO - DAG(s) 'example_python_operator' retrieved from /home/airflow/.local/lib/python3.8/site-packages/airflow/example_dags/example_python_operator.py
[2024-03-09T11:12:37.839+0000] {logging_mixin.py:188} INFO - [2024-03-09T11:12:37.838+0000] {dag.py:3047} INFO - Sync 1 DAGs
[2024-03-09T11:12:37.857+0000] {logging_mixin.py:188} INFO - [2024-03-09T11:12:37.856+0000] {dag.py:3834} INFO - Setting next_dagrun for example_python_operator to None, run_after=None
[2024-03-09T11:12:37.888+0000] {processor.py:183} INFO - Processing /home/airflow/.local/lib/python3.8/site-packages/airflow/example_dags/example_python_operator.py took 0.120 seconds
[2024-03-09T11:13:08.507+0000] {processor.py:161} INFO - Started process (PID=3023) to work on /home/airflow/.local/lib/python3.8/site-packages/airflow/example_dags/example_python_operator.py
[2024-03-09T11:13:08.509+0000] {processor.py:830} INFO - Processing file /home/airflow/.local/lib/python3.8/site-packages/airflow/example_dags/example_python_operator.py for tasks to queue
[2024-03-09T11:13:08.511+0000] {logging_mixin.py:188} INFO - [2024-03-09T11:13:08.510+0000] {dagbag.py:540} INFO - Filling up the DagBag from /home/airflow/.local/lib/python3.8/site-packages/airflow/example_dags/example_python_operator.py
[2024-03-09T11:13:08.527+0000] {processor.py:840} INFO - DAG(s) 'example_python_operator' retrieved from /home/airflow/.local/lib/python3.8/site-packages/airflow/example_dags/example_python_operator.py
[2024-03-09T11:13:08.561+0000] {logging_mixin.py:188} INFO - [2024-03-09T11:13:08.560+0000] {dag.py:3047} INFO - Sync 1 DAGs
[2024-03-09T11:13:08.582+0000] {logging_mixin.py:188} INFO - [2024-03-09T11:13:08.581+0000] {dag.py:3834} INFO - Setting next_dagrun for example_python_operator to None, run_after=None
[2024-03-09T11:13:08.613+0000] {processor.py:183} INFO - Processing /home/airflow/.local/lib/python3.8/site-packages/airflow/example_dags/example_python_operator.py took 0.111 seconds
[2024-03-09T11:13:45.613+0000] {processor.py:161} INFO - Started process (PID=3288) to work on /home/airflow/.local/lib/python3.8/site-packages/airflow/example_dags/example_python_operator.py
[2024-03-09T11:13:45.616+0000] {processor.py:830} INFO - Processing file /home/airflow/.local/lib/python3.8/site-packages/airflow/example_dags/example_python_operator.py for tasks to queue
[2024-03-09T11:13:45.618+0000] {logging_mixin.py:188} INFO - [2024-03-09T11:13:45.617+0000] {dagbag.py:540} INFO - Filling up the DagBag from /home/airflow/.local/lib/python3.8/site-packages/airflow/example_dags/example_python_operator.py
[2024-03-09T11:13:45.641+0000] {processor.py:840} INFO - DAG(s) 'example_python_operator' retrieved from /home/airflow/.local/lib/python3.8/site-packages/airflow/example_dags/example_python_operator.py
[2024-03-09T11:13:45.690+0000] {logging_mixin.py:188} INFO - [2024-03-09T11:13:45.689+0000] {dag.py:3047} INFO - Sync 1 DAGs
[2024-03-09T11:13:45.713+0000] {logging_mixin.py:188} INFO - [2024-03-09T11:13:45.713+0000] {dag.py:3834} INFO - Setting next_dagrun for example_python_operator to None, run_after=None
[2024-03-09T11:13:45.760+0000] {processor.py:183} INFO - Processing /home/airflow/.local/lib/python3.8/site-packages/airflow/example_dags/example_python_operator.py took 0.158 seconds
[2024-03-09T11:14:16.048+0000] {processor.py:161} INFO - Started process (PID=3539) to work on /home/airflow/.local/lib/python3.8/site-packages/airflow/example_dags/example_python_operator.py
[2024-03-09T11:14:16.050+0000] {processor.py:830} INFO - Processing file /home/airflow/.local/lib/python3.8/site-packages/airflow/example_dags/example_python_operator.py for tasks to queue
[2024-03-09T11:14:16.052+0000] {logging_mixin.py:188} INFO - [2024-03-09T11:14:16.052+0000] {dagbag.py:540} INFO - Filling up the DagBag from /home/airflow/.local/lib/python3.8/site-packages/airflow/example_dags/example_python_operator.py
[2024-03-09T11:14:16.076+0000] {processor.py:840} INFO - DAG(s) 'example_python_operator' retrieved from /home/airflow/.local/lib/python3.8/site-packages/airflow/example_dags/example_python_operator.py
[2024-03-09T11:14:16.121+0000] {logging_mixin.py:188} INFO - [2024-03-09T11:14:16.120+0000] {dag.py:3047} INFO - Sync 1 DAGs
[2024-03-09T11:14:16.147+0000] {logging_mixin.py:188} INFO - [2024-03-09T11:14:16.146+0000] {dag.py:3834} INFO - Setting next_dagrun for example_python_operator to None, run_after=None
[2024-03-09T11:14:16.181+0000] {processor.py:183} INFO - Processing /home/airflow/.local/lib/python3.8/site-packages/airflow/example_dags/example_python_operator.py took 0.139 seconds
[2024-03-09T11:14:46.415+0000] {processor.py:161} INFO - Started process (PID=3786) to work on /home/airflow/.local/lib/python3.8/site-packages/airflow/example_dags/example_python_operator.py
[2024-03-09T11:14:46.417+0000] {processor.py:830} INFO - Processing file /home/airflow/.local/lib/python3.8/site-packages/airflow/example_dags/example_python_operator.py for tasks to queue
[2024-03-09T11:14:46.419+0000] {logging_mixin.py:188} INFO - [2024-03-09T11:14:46.418+0000] {dagbag.py:540} INFO - Filling up the DagBag from /home/airflow/.local/lib/python3.8/site-packages/airflow/example_dags/example_python_operator.py
[2024-03-09T11:14:46.437+0000] {processor.py:840} INFO - DAG(s) 'example_python_operator' retrieved from /home/airflow/.local/lib/python3.8/site-packages/airflow/example_dags/example_python_operator.py
[2024-03-09T11:14:46.476+0000] {logging_mixin.py:188} INFO - [2024-03-09T11:14:46.476+0000] {dag.py:3047} INFO - Sync 1 DAGs
[2024-03-09T11:14:46.498+0000] {logging_mixin.py:188} INFO - [2024-03-09T11:14:46.498+0000] {dag.py:3834} INFO - Setting next_dagrun for example_python_operator to None, run_after=None
[2024-03-09T11:14:46.532+0000] {processor.py:183} INFO - Processing /home/airflow/.local/lib/python3.8/site-packages/airflow/example_dags/example_python_operator.py took 0.122 seconds
[2024-03-09T11:15:16.804+0000] {processor.py:161} INFO - Started process (PID=4033) to work on /home/airflow/.local/lib/python3.8/site-packages/airflow/example_dags/example_python_operator.py
[2024-03-09T11:15:16.806+0000] {processor.py:830} INFO - Processing file /home/airflow/.local/lib/python3.8/site-packages/airflow/example_dags/example_python_operator.py for tasks to queue
[2024-03-09T11:15:16.808+0000] {logging_mixin.py:188} INFO - [2024-03-09T11:15:16.808+0000] {dagbag.py:540} INFO - Filling up the DagBag from /home/airflow/.local/lib/python3.8/site-packages/airflow/example_dags/example_python_operator.py
[2024-03-09T11:15:16.833+0000] {processor.py:840} INFO - DAG(s) 'example_python_operator' retrieved from /home/airflow/.local/lib/python3.8/site-packages/airflow/example_dags/example_python_operator.py
[2024-03-09T11:15:16.889+0000] {logging_mixin.py:188} INFO - [2024-03-09T11:15:16.888+0000] {dag.py:3047} INFO - Sync 1 DAGs
[2024-03-09T11:15:16.929+0000] {logging_mixin.py:188} INFO - [2024-03-09T11:15:16.929+0000] {dag.py:3834} INFO - Setting next_dagrun for example_python_operator to None, run_after=None
[2024-03-09T11:15:16.976+0000] {processor.py:183} INFO - Processing /home/airflow/.local/lib/python3.8/site-packages/airflow/example_dags/example_python_operator.py took 0.179 seconds
[2024-03-09T11:15:47.462+0000] {processor.py:161} INFO - Started process (PID=4280) to work on /home/airflow/.local/lib/python3.8/site-packages/airflow/example_dags/example_python_operator.py
[2024-03-09T11:15:47.465+0000] {processor.py:830} INFO - Processing file /home/airflow/.local/lib/python3.8/site-packages/airflow/example_dags/example_python_operator.py for tasks to queue
[2024-03-09T11:15:47.469+0000] {logging_mixin.py:188} INFO - [2024-03-09T11:15:47.467+0000] {dagbag.py:540} INFO - Filling up the DagBag from /home/airflow/.local/lib/python3.8/site-packages/airflow/example_dags/example_python_operator.py
[2024-03-09T11:15:47.503+0000] {processor.py:840} INFO - DAG(s) 'example_python_operator' retrieved from /home/airflow/.local/lib/python3.8/site-packages/airflow/example_dags/example_python_operator.py
[2024-03-09T11:15:47.555+0000] {logging_mixin.py:188} INFO - [2024-03-09T11:15:47.554+0000] {dag.py:3047} INFO - Sync 1 DAGs
[2024-03-09T11:15:47.583+0000] {logging_mixin.py:188} INFO - [2024-03-09T11:15:47.583+0000] {dag.py:3834} INFO - Setting next_dagrun for example_python_operator to None, run_after=None
[2024-03-09T11:15:47.616+0000] {processor.py:183} INFO - Processing /home/airflow/.local/lib/python3.8/site-packages/airflow/example_dags/example_python_operator.py took 0.165 seconds
[2024-03-09T11:16:17.905+0000] {processor.py:161} INFO - Started process (PID=4527) to work on /home/airflow/.local/lib/python3.8/site-packages/airflow/example_dags/example_python_operator.py
[2024-03-09T11:16:17.908+0000] {processor.py:830} INFO - Processing file /home/airflow/.local/lib/python3.8/site-packages/airflow/example_dags/example_python_operator.py for tasks to queue
[2024-03-09T11:16:17.909+0000] {logging_mixin.py:188} INFO - [2024-03-09T11:16:17.909+0000] {dagbag.py:540} INFO - Filling up the DagBag from /home/airflow/.local/lib/python3.8/site-packages/airflow/example_dags/example_python_operator.py
[2024-03-09T11:16:17.930+0000] {processor.py:840} INFO - DAG(s) 'example_python_operator' retrieved from /home/airflow/.local/lib/python3.8/site-packages/airflow/example_dags/example_python_operator.py
[2024-03-09T11:16:17.967+0000] {logging_mixin.py:188} INFO - [2024-03-09T11:16:17.966+0000] {dag.py:3047} INFO - Sync 1 DAGs
[2024-03-09T11:16:17.985+0000] {logging_mixin.py:188} INFO - [2024-03-09T11:16:17.985+0000] {dag.py:3834} INFO - Setting next_dagrun for example_python_operator to None, run_after=None
[2024-03-09T11:16:18.013+0000] {processor.py:183} INFO - Processing /home/airflow/.local/lib/python3.8/site-packages/airflow/example_dags/example_python_operator.py took 0.114 seconds
[2024-03-09T11:16:49.058+0000] {processor.py:161} INFO - Started process (PID=4774) to work on /home/airflow/.local/lib/python3.8/site-packages/airflow/example_dags/example_python_operator.py
[2024-03-09T11:16:49.059+0000] {processor.py:830} INFO - Processing file /home/airflow/.local/lib/python3.8/site-packages/airflow/example_dags/example_python_operator.py for tasks to queue
[2024-03-09T11:16:49.061+0000] {logging_mixin.py:188} INFO - [2024-03-09T11:16:49.061+0000] {dagbag.py:540} INFO - Filling up the DagBag from /home/airflow/.local/lib/python3.8/site-packages/airflow/example_dags/example_python_operator.py
[2024-03-09T11:16:49.078+0000] {processor.py:840} INFO - DAG(s) 'example_python_operator' retrieved from /home/airflow/.local/lib/python3.8/site-packages/airflow/example_dags/example_python_operator.py
[2024-03-09T11:16:49.119+0000] {logging_mixin.py:188} INFO - [2024-03-09T11:16:49.118+0000] {dag.py:3047} INFO - Sync 1 DAGs
[2024-03-09T11:16:49.142+0000] {logging_mixin.py:188} INFO - [2024-03-09T11:16:49.142+0000] {dag.py:3834} INFO - Setting next_dagrun for example_python_operator to None, run_after=None
[2024-03-09T11:16:49.180+0000] {processor.py:183} INFO - Processing /home/airflow/.local/lib/python3.8/site-packages/airflow/example_dags/example_python_operator.py took 0.128 seconds
[2024-03-09T11:17:19.687+0000] {processor.py:161} INFO - Started process (PID=5021) to work on /home/airflow/.local/lib/python3.8/site-packages/airflow/example_dags/example_python_operator.py
[2024-03-09T11:17:19.689+0000] {processor.py:830} INFO - Processing file /home/airflow/.local/lib/python3.8/site-packages/airflow/example_dags/example_python_operator.py for tasks to queue
[2024-03-09T11:17:19.690+0000] {logging_mixin.py:188} INFO - [2024-03-09T11:17:19.690+0000] {dagbag.py:540} INFO - Filling up the DagBag from /home/airflow/.local/lib/python3.8/site-packages/airflow/example_dags/example_python_operator.py
[2024-03-09T11:17:19.705+0000] {processor.py:840} INFO - DAG(s) 'example_python_operator' retrieved from /home/airflow/.local/lib/python3.8/site-packages/airflow/example_dags/example_python_operator.py
[2024-03-09T11:17:19.744+0000] {logging_mixin.py:188} INFO - [2024-03-09T11:17:19.743+0000] {dag.py:3047} INFO - Sync 1 DAGs
[2024-03-09T11:17:19.765+0000] {logging_mixin.py:188} INFO - [2024-03-09T11:17:19.764+0000] {dag.py:3834} INFO - Setting next_dagrun for example_python_operator to None, run_after=None
[2024-03-09T11:17:19.799+0000] {processor.py:183} INFO - Processing /home/airflow/.local/lib/python3.8/site-packages/airflow/example_dags/example_python_operator.py took 0.116 seconds
[2024-03-09T11:17:50.138+0000] {processor.py:161} INFO - Started process (PID=5268) to work on /home/airflow/.local/lib/python3.8/site-packages/airflow/example_dags/example_python_operator.py
[2024-03-09T11:17:50.140+0000] {processor.py:830} INFO - Processing file /home/airflow/.local/lib/python3.8/site-packages/airflow/example_dags/example_python_operator.py for tasks to queue
[2024-03-09T11:17:50.142+0000] {logging_mixin.py:188} INFO - [2024-03-09T11:17:50.141+0000] {dagbag.py:540} INFO - Filling up the DagBag from /home/airflow/.local/lib/python3.8/site-packages/airflow/example_dags/example_python_operator.py
[2024-03-09T11:17:50.158+0000] {processor.py:840} INFO - DAG(s) 'example_python_operator' retrieved from /home/airflow/.local/lib/python3.8/site-packages/airflow/example_dags/example_python_operator.py
[2024-03-09T11:17:50.202+0000] {logging_mixin.py:188} INFO - [2024-03-09T11:17:50.202+0000] {dag.py:3047} INFO - Sync 1 DAGs
[2024-03-09T11:17:50.220+0000] {logging_mixin.py:188} INFO - [2024-03-09T11:17:50.220+0000] {dag.py:3834} INFO - Setting next_dagrun for example_python_operator to None, run_after=None
[2024-03-09T11:17:50.253+0000] {processor.py:183} INFO - Processing /home/airflow/.local/lib/python3.8/site-packages/airflow/example_dags/example_python_operator.py took 0.120 seconds
[2024-03-09T11:18:20.479+0000] {processor.py:161} INFO - Started process (PID=5515) to work on /home/airflow/.local/lib/python3.8/site-packages/airflow/example_dags/example_python_operator.py
[2024-03-09T11:18:20.481+0000] {processor.py:830} INFO - Processing file /home/airflow/.local/lib/python3.8/site-packages/airflow/example_dags/example_python_operator.py for tasks to queue
[2024-03-09T11:18:20.483+0000] {logging_mixin.py:188} INFO - [2024-03-09T11:18:20.482+0000] {dagbag.py:540} INFO - Filling up the DagBag from /home/airflow/.local/lib/python3.8/site-packages/airflow/example_dags/example_python_operator.py
[2024-03-09T11:18:20.500+0000] {processor.py:840} INFO - DAG(s) 'example_python_operator' retrieved from /home/airflow/.local/lib/python3.8/site-packages/airflow/example_dags/example_python_operator.py
[2024-03-09T11:18:20.538+0000] {logging_mixin.py:188} INFO - [2024-03-09T11:18:20.538+0000] {dag.py:3047} INFO - Sync 1 DAGs
[2024-03-09T11:18:20.563+0000] {logging_mixin.py:188} INFO - [2024-03-09T11:18:20.562+0000] {dag.py:3834} INFO - Setting next_dagrun for example_python_operator to None, run_after=None
[2024-03-09T11:18:20.598+0000] {processor.py:183} INFO - Processing /home/airflow/.local/lib/python3.8/site-packages/airflow/example_dags/example_python_operator.py took 0.123 seconds
[2024-03-09T11:18:50.995+0000] {processor.py:161} INFO - Started process (PID=5762) to work on /home/airflow/.local/lib/python3.8/site-packages/airflow/example_dags/example_python_operator.py
[2024-03-09T11:18:50.996+0000] {processor.py:830} INFO - Processing file /home/airflow/.local/lib/python3.8/site-packages/airflow/example_dags/example_python_operator.py for tasks to queue
[2024-03-09T11:18:50.998+0000] {logging_mixin.py:188} INFO - [2024-03-09T11:18:50.998+0000] {dagbag.py:540} INFO - Filling up the DagBag from /home/airflow/.local/lib/python3.8/site-packages/airflow/example_dags/example_python_operator.py
[2024-03-09T11:18:51.016+0000] {processor.py:840} INFO - DAG(s) 'example_python_operator' retrieved from /home/airflow/.local/lib/python3.8/site-packages/airflow/example_dags/example_python_operator.py
[2024-03-09T11:18:51.049+0000] {logging_mixin.py:188} INFO - [2024-03-09T11:18:51.049+0000] {dag.py:3047} INFO - Sync 1 DAGs
[2024-03-09T11:18:51.068+0000] {logging_mixin.py:188} INFO - [2024-03-09T11:18:51.067+0000] {dag.py:3834} INFO - Setting next_dagrun for example_python_operator to None, run_after=None
[2024-03-09T11:18:51.098+0000] {processor.py:183} INFO - Processing /home/airflow/.local/lib/python3.8/site-packages/airflow/example_dags/example_python_operator.py took 0.108 seconds
[2024-03-09T11:19:21.280+0000] {processor.py:161} INFO - Started process (PID=6009) to work on /home/airflow/.local/lib/python3.8/site-packages/airflow/example_dags/example_python_operator.py
[2024-03-09T11:19:21.282+0000] {processor.py:830} INFO - Processing file /home/airflow/.local/lib/python3.8/site-packages/airflow/example_dags/example_python_operator.py for tasks to queue
[2024-03-09T11:19:21.284+0000] {logging_mixin.py:188} INFO - [2024-03-09T11:19:21.283+0000] {dagbag.py:540} INFO - Filling up the DagBag from /home/airflow/.local/lib/python3.8/site-packages/airflow/example_dags/example_python_operator.py
[2024-03-09T11:19:21.300+0000] {processor.py:840} INFO - DAG(s) 'example_python_operator' retrieved from /home/airflow/.local/lib/python3.8/site-packages/airflow/example_dags/example_python_operator.py
[2024-03-09T11:19:21.336+0000] {logging_mixin.py:188} INFO - [2024-03-09T11:19:21.336+0000] {dag.py:3047} INFO - Sync 1 DAGs
[2024-03-09T11:19:21.358+0000] {logging_mixin.py:188} INFO - [2024-03-09T11:19:21.358+0000] {dag.py:3834} INFO - Setting next_dagrun for example_python_operator to None, run_after=None
[2024-03-09T11:19:21.397+0000] {processor.py:183} INFO - Processing /home/airflow/.local/lib/python3.8/site-packages/airflow/example_dags/example_python_operator.py took 0.123 seconds
[2024-03-09T11:19:52.166+0000] {processor.py:161} INFO - Started process (PID=6258) to work on /home/airflow/.local/lib/python3.8/site-packages/airflow/example_dags/example_python_operator.py
[2024-03-09T11:19:52.168+0000] {processor.py:830} INFO - Processing file /home/airflow/.local/lib/python3.8/site-packages/airflow/example_dags/example_python_operator.py for tasks to queue
[2024-03-09T11:19:52.170+0000] {logging_mixin.py:188} INFO - [2024-03-09T11:19:52.169+0000] {dagbag.py:540} INFO - Filling up the DagBag from /home/airflow/.local/lib/python3.8/site-packages/airflow/example_dags/example_python_operator.py
[2024-03-09T11:19:52.188+0000] {processor.py:840} INFO - DAG(s) 'example_python_operator' retrieved from /home/airflow/.local/lib/python3.8/site-packages/airflow/example_dags/example_python_operator.py
[2024-03-09T11:19:52.222+0000] {logging_mixin.py:188} INFO - [2024-03-09T11:19:52.222+0000] {dag.py:3047} INFO - Sync 1 DAGs
[2024-03-09T11:19:52.240+0000] {logging_mixin.py:188} INFO - [2024-03-09T11:19:52.240+0000] {dag.py:3834} INFO - Setting next_dagrun for example_python_operator to None, run_after=None
[2024-03-09T11:19:52.270+0000] {processor.py:183} INFO - Processing /home/airflow/.local/lib/python3.8/site-packages/airflow/example_dags/example_python_operator.py took 0.108 seconds
[2024-03-09T11:20:22.853+0000] {processor.py:161} INFO - Started process (PID=6503) to work on /home/airflow/.local/lib/python3.8/site-packages/airflow/example_dags/example_python_operator.py
[2024-03-09T11:20:22.855+0000] {processor.py:830} INFO - Processing file /home/airflow/.local/lib/python3.8/site-packages/airflow/example_dags/example_python_operator.py for tasks to queue
[2024-03-09T11:20:22.857+0000] {logging_mixin.py:188} INFO - [2024-03-09T11:20:22.856+0000] {dagbag.py:540} INFO - Filling up the DagBag from /home/airflow/.local/lib/python3.8/site-packages/airflow/example_dags/example_python_operator.py
[2024-03-09T11:20:22.878+0000] {processor.py:840} INFO - DAG(s) 'example_python_operator' retrieved from /home/airflow/.local/lib/python3.8/site-packages/airflow/example_dags/example_python_operator.py
[2024-03-09T11:20:22.911+0000] {logging_mixin.py:188} INFO - [2024-03-09T11:20:22.910+0000] {dag.py:3047} INFO - Sync 1 DAGs
[2024-03-09T11:20:22.928+0000] {logging_mixin.py:188} INFO - [2024-03-09T11:20:22.927+0000] {dag.py:3834} INFO - Setting next_dagrun for example_python_operator to None, run_after=None
[2024-03-09T11:20:22.958+0000] {processor.py:183} INFO - Processing /home/airflow/.local/lib/python3.8/site-packages/airflow/example_dags/example_python_operator.py took 0.110 seconds
[2024-03-09T11:20:53.320+0000] {processor.py:161} INFO - Started process (PID=6752) to work on /home/airflow/.local/lib/python3.8/site-packages/airflow/example_dags/example_python_operator.py
[2024-03-09T11:20:53.322+0000] {processor.py:830} INFO - Processing file /home/airflow/.local/lib/python3.8/site-packages/airflow/example_dags/example_python_operator.py for tasks to queue
[2024-03-09T11:20:53.323+0000] {logging_mixin.py:188} INFO - [2024-03-09T11:20:53.323+0000] {dagbag.py:540} INFO - Filling up the DagBag from /home/airflow/.local/lib/python3.8/site-packages/airflow/example_dags/example_python_operator.py
[2024-03-09T11:20:53.341+0000] {processor.py:840} INFO - DAG(s) 'example_python_operator' retrieved from /home/airflow/.local/lib/python3.8/site-packages/airflow/example_dags/example_python_operator.py
[2024-03-09T11:20:53.380+0000] {logging_mixin.py:188} INFO - [2024-03-09T11:20:53.379+0000] {dag.py:3047} INFO - Sync 1 DAGs
[2024-03-09T11:20:53.400+0000] {logging_mixin.py:188} INFO - [2024-03-09T11:20:53.400+0000] {dag.py:3834} INFO - Setting next_dagrun for example_python_operator to None, run_after=None
[2024-03-09T11:20:53.428+0000] {processor.py:183} INFO - Processing /home/airflow/.local/lib/python3.8/site-packages/airflow/example_dags/example_python_operator.py took 0.114 seconds
[2024-03-09T11:21:24.394+0000] {processor.py:161} INFO - Started process (PID=6997) to work on /home/airflow/.local/lib/python3.8/site-packages/airflow/example_dags/example_python_operator.py
[2024-03-09T11:21:24.396+0000] {processor.py:830} INFO - Processing file /home/airflow/.local/lib/python3.8/site-packages/airflow/example_dags/example_python_operator.py for tasks to queue
[2024-03-09T11:21:24.398+0000] {logging_mixin.py:188} INFO - [2024-03-09T11:21:24.397+0000] {dagbag.py:540} INFO - Filling up the DagBag from /home/airflow/.local/lib/python3.8/site-packages/airflow/example_dags/example_python_operator.py
[2024-03-09T11:21:24.417+0000] {processor.py:840} INFO - DAG(s) 'example_python_operator' retrieved from /home/airflow/.local/lib/python3.8/site-packages/airflow/example_dags/example_python_operator.py
[2024-03-09T11:21:24.454+0000] {logging_mixin.py:188} INFO - [2024-03-09T11:21:24.453+0000] {dag.py:3047} INFO - Sync 1 DAGs
[2024-03-09T11:21:24.473+0000] {logging_mixin.py:188} INFO - [2024-03-09T11:21:24.472+0000] {dag.py:3834} INFO - Setting next_dagrun for example_python_operator to None, run_after=None
[2024-03-09T11:21:24.509+0000] {processor.py:183} INFO - Processing /home/airflow/.local/lib/python3.8/site-packages/airflow/example_dags/example_python_operator.py took 0.120 seconds
[2024-03-09T13:38:18.965+0000] {processor.py:161} INFO - Started process (PID=7234) to work on /home/airflow/.local/lib/python3.8/site-packages/airflow/example_dags/example_python_operator.py
[2024-03-09T13:38:18.968+0000] {processor.py:830} INFO - Processing file /home/airflow/.local/lib/python3.8/site-packages/airflow/example_dags/example_python_operator.py for tasks to queue
[2024-03-09T13:38:18.970+0000] {logging_mixin.py:188} INFO - [2024-03-09T13:38:18.969+0000] {dagbag.py:540} INFO - Filling up the DagBag from /home/airflow/.local/lib/python3.8/site-packages/airflow/example_dags/example_python_operator.py
[2024-03-09T13:38:18.995+0000] {processor.py:840} INFO - DAG(s) 'example_python_operator' retrieved from /home/airflow/.local/lib/python3.8/site-packages/airflow/example_dags/example_python_operator.py
[2024-03-09T13:38:19.050+0000] {logging_mixin.py:188} INFO - [2024-03-09T13:38:19.049+0000] {dag.py:3047} INFO - Sync 1 DAGs
[2024-03-09T13:38:19.096+0000] {logging_mixin.py:188} INFO - [2024-03-09T13:38:19.096+0000] {dag.py:3834} INFO - Setting next_dagrun for example_python_operator to None, run_after=None
[2024-03-09T13:38:19.143+0000] {processor.py:183} INFO - Processing /home/airflow/.local/lib/python3.8/site-packages/airflow/example_dags/example_python_operator.py took 0.185 seconds
[2024-03-09T13:38:49.385+0000] {processor.py:161} INFO - Started process (PID=7481) to work on /home/airflow/.local/lib/python3.8/site-packages/airflow/example_dags/example_python_operator.py
[2024-03-09T13:38:49.388+0000] {processor.py:830} INFO - Processing file /home/airflow/.local/lib/python3.8/site-packages/airflow/example_dags/example_python_operator.py for tasks to queue
[2024-03-09T13:38:49.390+0000] {logging_mixin.py:188} INFO - [2024-03-09T13:38:49.389+0000] {dagbag.py:540} INFO - Filling up the DagBag from /home/airflow/.local/lib/python3.8/site-packages/airflow/example_dags/example_python_operator.py
[2024-03-09T13:38:49.414+0000] {processor.py:840} INFO - DAG(s) 'example_python_operator' retrieved from /home/airflow/.local/lib/python3.8/site-packages/airflow/example_dags/example_python_operator.py
[2024-03-09T13:38:49.462+0000] {logging_mixin.py:188} INFO - [2024-03-09T13:38:49.461+0000] {dag.py:3047} INFO - Sync 1 DAGs
[2024-03-09T13:38:49.489+0000] {logging_mixin.py:188} INFO - [2024-03-09T13:38:49.489+0000] {dag.py:3834} INFO - Setting next_dagrun for example_python_operator to None, run_after=None
[2024-03-09T13:38:49.528+0000] {processor.py:183} INFO - Processing /home/airflow/.local/lib/python3.8/site-packages/airflow/example_dags/example_python_operator.py took 0.149 seconds
[2024-03-09T13:39:20.800+0000] {processor.py:161} INFO - Started process (PID=7728) to work on /home/airflow/.local/lib/python3.8/site-packages/airflow/example_dags/example_python_operator.py
[2024-03-09T13:39:20.808+0000] {processor.py:830} INFO - Processing file /home/airflow/.local/lib/python3.8/site-packages/airflow/example_dags/example_python_operator.py for tasks to queue
[2024-03-09T13:39:20.819+0000] {logging_mixin.py:188} INFO - [2024-03-09T13:39:20.817+0000] {dagbag.py:540} INFO - Filling up the DagBag from /home/airflow/.local/lib/python3.8/site-packages/airflow/example_dags/example_python_operator.py
[2024-03-09T13:39:20.876+0000] {processor.py:840} INFO - DAG(s) 'example_python_operator' retrieved from /home/airflow/.local/lib/python3.8/site-packages/airflow/example_dags/example_python_operator.py
[2024-03-09T13:39:21.006+0000] {logging_mixin.py:188} INFO - [2024-03-09T13:39:21.006+0000] {dag.py:3047} INFO - Sync 1 DAGs
[2024-03-09T13:39:21.071+0000] {logging_mixin.py:188} INFO - [2024-03-09T13:39:21.070+0000] {dag.py:3834} INFO - Setting next_dagrun for example_python_operator to None, run_after=None
[2024-03-09T13:39:21.136+0000] {processor.py:183} INFO - Processing /home/airflow/.local/lib/python3.8/site-packages/airflow/example_dags/example_python_operator.py took 0.347 seconds
[2024-03-09T13:39:51.921+0000] {processor.py:161} INFO - Started process (PID=7975) to work on /home/airflow/.local/lib/python3.8/site-packages/airflow/example_dags/example_python_operator.py
[2024-03-09T13:39:51.923+0000] {processor.py:830} INFO - Processing file /home/airflow/.local/lib/python3.8/site-packages/airflow/example_dags/example_python_operator.py for tasks to queue
[2024-03-09T13:39:51.926+0000] {logging_mixin.py:188} INFO - [2024-03-09T13:39:51.925+0000] {dagbag.py:540} INFO - Filling up the DagBag from /home/airflow/.local/lib/python3.8/site-packages/airflow/example_dags/example_python_operator.py
[2024-03-09T13:39:51.945+0000] {processor.py:840} INFO - DAG(s) 'example_python_operator' retrieved from /home/airflow/.local/lib/python3.8/site-packages/airflow/example_dags/example_python_operator.py
[2024-03-09T13:39:51.986+0000] {logging_mixin.py:188} INFO - [2024-03-09T13:39:51.985+0000] {dag.py:3047} INFO - Sync 1 DAGs
[2024-03-09T13:39:52.010+0000] {logging_mixin.py:188} INFO - [2024-03-09T13:39:52.009+0000] {dag.py:3834} INFO - Setting next_dagrun for example_python_operator to None, run_after=None
[2024-03-09T13:39:52.050+0000] {processor.py:183} INFO - Processing /home/airflow/.local/lib/python3.8/site-packages/airflow/example_dags/example_python_operator.py took 0.136 seconds
[2024-03-09T13:40:22.389+0000] {processor.py:161} INFO - Started process (PID=8222) to work on /home/airflow/.local/lib/python3.8/site-packages/airflow/example_dags/example_python_operator.py
[2024-03-09T13:40:22.390+0000] {processor.py:830} INFO - Processing file /home/airflow/.local/lib/python3.8/site-packages/airflow/example_dags/example_python_operator.py for tasks to queue
[2024-03-09T13:40:22.392+0000] {logging_mixin.py:188} INFO - [2024-03-09T13:40:22.392+0000] {dagbag.py:540} INFO - Filling up the DagBag from /home/airflow/.local/lib/python3.8/site-packages/airflow/example_dags/example_python_operator.py
[2024-03-09T13:40:22.411+0000] {processor.py:840} INFO - DAG(s) 'example_python_operator' retrieved from /home/airflow/.local/lib/python3.8/site-packages/airflow/example_dags/example_python_operator.py
[2024-03-09T13:40:22.450+0000] {logging_mixin.py:188} INFO - [2024-03-09T13:40:22.450+0000] {dag.py:3047} INFO - Sync 1 DAGs
[2024-03-09T13:40:22.471+0000] {logging_mixin.py:188} INFO - [2024-03-09T13:40:22.470+0000] {dag.py:3834} INFO - Setting next_dagrun for example_python_operator to None, run_after=None
[2024-03-09T13:40:22.502+0000] {processor.py:183} INFO - Processing /home/airflow/.local/lib/python3.8/site-packages/airflow/example_dags/example_python_operator.py took 0.119 seconds
[2024-03-09T13:40:52.848+0000] {processor.py:161} INFO - Started process (PID=8469) to work on /home/airflow/.local/lib/python3.8/site-packages/airflow/example_dags/example_python_operator.py
[2024-03-09T13:40:52.850+0000] {processor.py:830} INFO - Processing file /home/airflow/.local/lib/python3.8/site-packages/airflow/example_dags/example_python_operator.py for tasks to queue
[2024-03-09T13:40:52.851+0000] {logging_mixin.py:188} INFO - [2024-03-09T13:40:52.851+0000] {dagbag.py:540} INFO - Filling up the DagBag from /home/airflow/.local/lib/python3.8/site-packages/airflow/example_dags/example_python_operator.py
[2024-03-09T13:40:52.868+0000] {processor.py:840} INFO - DAG(s) 'example_python_operator' retrieved from /home/airflow/.local/lib/python3.8/site-packages/airflow/example_dags/example_python_operator.py
[2024-03-09T13:40:52.904+0000] {logging_mixin.py:188} INFO - [2024-03-09T13:40:52.904+0000] {dag.py:3047} INFO - Sync 1 DAGs
[2024-03-09T13:40:52.925+0000] {logging_mixin.py:188} INFO - [2024-03-09T13:40:52.924+0000] {dag.py:3834} INFO - Setting next_dagrun for example_python_operator to None, run_after=None
[2024-03-09T13:40:52.960+0000] {processor.py:183} INFO - Processing /home/airflow/.local/lib/python3.8/site-packages/airflow/example_dags/example_python_operator.py took 0.117 seconds
[2024-03-09T13:41:23.430+0000] {processor.py:161} INFO - Started process (PID=8716) to work on /home/airflow/.local/lib/python3.8/site-packages/airflow/example_dags/example_python_operator.py
[2024-03-09T13:41:23.432+0000] {processor.py:830} INFO - Processing file /home/airflow/.local/lib/python3.8/site-packages/airflow/example_dags/example_python_operator.py for tasks to queue
[2024-03-09T13:41:23.433+0000] {logging_mixin.py:188} INFO - [2024-03-09T13:41:23.433+0000] {dagbag.py:540} INFO - Filling up the DagBag from /home/airflow/.local/lib/python3.8/site-packages/airflow/example_dags/example_python_operator.py
[2024-03-09T13:41:23.450+0000] {processor.py:840} INFO - DAG(s) 'example_python_operator' retrieved from /home/airflow/.local/lib/python3.8/site-packages/airflow/example_dags/example_python_operator.py
[2024-03-09T13:41:23.485+0000] {logging_mixin.py:188} INFO - [2024-03-09T13:41:23.485+0000] {dag.py:3047} INFO - Sync 1 DAGs
[2024-03-09T13:41:23.505+0000] {logging_mixin.py:188} INFO - [2024-03-09T13:41:23.504+0000] {dag.py:3834} INFO - Setting next_dagrun for example_python_operator to None, run_after=None
[2024-03-09T13:41:23.542+0000] {processor.py:183} INFO - Processing /home/airflow/.local/lib/python3.8/site-packages/airflow/example_dags/example_python_operator.py took 0.118 seconds
[2024-03-09T13:41:53.892+0000] {processor.py:161} INFO - Started process (PID=8963) to work on /home/airflow/.local/lib/python3.8/site-packages/airflow/example_dags/example_python_operator.py
[2024-03-09T13:41:53.894+0000] {processor.py:830} INFO - Processing file /home/airflow/.local/lib/python3.8/site-packages/airflow/example_dags/example_python_operator.py for tasks to queue
[2024-03-09T13:41:53.896+0000] {logging_mixin.py:188} INFO - [2024-03-09T13:41:53.896+0000] {dagbag.py:540} INFO - Filling up the DagBag from /home/airflow/.local/lib/python3.8/site-packages/airflow/example_dags/example_python_operator.py
[2024-03-09T13:41:53.918+0000] {processor.py:840} INFO - DAG(s) 'example_python_operator' retrieved from /home/airflow/.local/lib/python3.8/site-packages/airflow/example_dags/example_python_operator.py
[2024-03-09T13:41:53.961+0000] {logging_mixin.py:188} INFO - [2024-03-09T13:41:53.961+0000] {dag.py:3047} INFO - Sync 1 DAGs
[2024-03-09T13:41:53.982+0000] {logging_mixin.py:188} INFO - [2024-03-09T13:41:53.982+0000] {dag.py:3834} INFO - Setting next_dagrun for example_python_operator to None, run_after=None
[2024-03-09T13:41:54.022+0000] {processor.py:183} INFO - Processing /home/airflow/.local/lib/python3.8/site-packages/airflow/example_dags/example_python_operator.py took 0.138 seconds
[2024-03-09T13:42:24.252+0000] {processor.py:161} INFO - Started process (PID=9210) to work on /home/airflow/.local/lib/python3.8/site-packages/airflow/example_dags/example_python_operator.py
[2024-03-09T13:42:24.253+0000] {processor.py:830} INFO - Processing file /home/airflow/.local/lib/python3.8/site-packages/airflow/example_dags/example_python_operator.py for tasks to queue
[2024-03-09T13:42:24.256+0000] {logging_mixin.py:188} INFO - [2024-03-09T13:42:24.255+0000] {dagbag.py:540} INFO - Filling up the DagBag from /home/airflow/.local/lib/python3.8/site-packages/airflow/example_dags/example_python_operator.py
[2024-03-09T13:42:24.273+0000] {processor.py:840} INFO - DAG(s) 'example_python_operator' retrieved from /home/airflow/.local/lib/python3.8/site-packages/airflow/example_dags/example_python_operator.py
[2024-03-09T13:42:24.309+0000] {logging_mixin.py:188} INFO - [2024-03-09T13:42:24.308+0000] {dag.py:3047} INFO - Sync 1 DAGs
[2024-03-09T13:42:24.329+0000] {logging_mixin.py:188} INFO - [2024-03-09T13:42:24.328+0000] {dag.py:3834} INFO - Setting next_dagrun for example_python_operator to None, run_after=None
[2024-03-09T13:42:24.366+0000] {processor.py:183} INFO - Processing /home/airflow/.local/lib/python3.8/site-packages/airflow/example_dags/example_python_operator.py took 0.121 seconds
[2024-03-09T13:42:54.570+0000] {processor.py:161} INFO - Started process (PID=9457) to work on /home/airflow/.local/lib/python3.8/site-packages/airflow/example_dags/example_python_operator.py
[2024-03-09T13:42:54.572+0000] {processor.py:830} INFO - Processing file /home/airflow/.local/lib/python3.8/site-packages/airflow/example_dags/example_python_operator.py for tasks to queue
[2024-03-09T13:42:54.573+0000] {logging_mixin.py:188} INFO - [2024-03-09T13:42:54.573+0000] {dagbag.py:540} INFO - Filling up the DagBag from /home/airflow/.local/lib/python3.8/site-packages/airflow/example_dags/example_python_operator.py
[2024-03-09T13:42:54.591+0000] {processor.py:840} INFO - DAG(s) 'example_python_operator' retrieved from /home/airflow/.local/lib/python3.8/site-packages/airflow/example_dags/example_python_operator.py
[2024-03-09T13:42:54.632+0000] {logging_mixin.py:188} INFO - [2024-03-09T13:42:54.632+0000] {dag.py:3047} INFO - Sync 1 DAGs
[2024-03-09T13:42:54.654+0000] {logging_mixin.py:188} INFO - [2024-03-09T13:42:54.654+0000] {dag.py:3834} INFO - Setting next_dagrun for example_python_operator to None, run_after=None
[2024-03-09T13:42:54.691+0000] {processor.py:183} INFO - Processing /home/airflow/.local/lib/python3.8/site-packages/airflow/example_dags/example_python_operator.py took 0.128 seconds
[2024-03-09T13:43:25.101+0000] {processor.py:161} INFO - Started process (PID=9704) to work on /home/airflow/.local/lib/python3.8/site-packages/airflow/example_dags/example_python_operator.py
[2024-03-09T13:43:25.104+0000] {processor.py:830} INFO - Processing file /home/airflow/.local/lib/python3.8/site-packages/airflow/example_dags/example_python_operator.py for tasks to queue
[2024-03-09T13:43:25.106+0000] {logging_mixin.py:188} INFO - [2024-03-09T13:43:25.105+0000] {dagbag.py:540} INFO - Filling up the DagBag from /home/airflow/.local/lib/python3.8/site-packages/airflow/example_dags/example_python_operator.py
[2024-03-09T13:43:25.129+0000] {processor.py:840} INFO - DAG(s) 'example_python_operator' retrieved from /home/airflow/.local/lib/python3.8/site-packages/airflow/example_dags/example_python_operator.py
[2024-03-09T13:43:25.190+0000] {logging_mixin.py:188} INFO - [2024-03-09T13:43:25.189+0000] {dag.py:3047} INFO - Sync 1 DAGs
[2024-03-09T13:43:25.231+0000] {logging_mixin.py:188} INFO - [2024-03-09T13:43:25.230+0000] {dag.py:3834} INFO - Setting next_dagrun for example_python_operator to None, run_after=None
[2024-03-09T13:43:25.272+0000] {processor.py:183} INFO - Processing /home/airflow/.local/lib/python3.8/site-packages/airflow/example_dags/example_python_operator.py took 0.181 seconds
[2024-03-09T13:43:55.861+0000] {processor.py:161} INFO - Started process (PID=9951) to work on /home/airflow/.local/lib/python3.8/site-packages/airflow/example_dags/example_python_operator.py
[2024-03-09T13:43:55.862+0000] {processor.py:830} INFO - Processing file /home/airflow/.local/lib/python3.8/site-packages/airflow/example_dags/example_python_operator.py for tasks to queue
[2024-03-09T13:43:55.864+0000] {logging_mixin.py:188} INFO - [2024-03-09T13:43:55.864+0000] {dagbag.py:540} INFO - Filling up the DagBag from /home/airflow/.local/lib/python3.8/site-packages/airflow/example_dags/example_python_operator.py
[2024-03-09T13:43:55.881+0000] {processor.py:840} INFO - DAG(s) 'example_python_operator' retrieved from /home/airflow/.local/lib/python3.8/site-packages/airflow/example_dags/example_python_operator.py
[2024-03-09T13:43:55.919+0000] {logging_mixin.py:188} INFO - [2024-03-09T13:43:55.918+0000] {dag.py:3047} INFO - Sync 1 DAGs
[2024-03-09T13:43:55.941+0000] {logging_mixin.py:188} INFO - [2024-03-09T13:43:55.940+0000] {dag.py:3834} INFO - Setting next_dagrun for example_python_operator to None, run_after=None
[2024-03-09T13:43:55.974+0000] {processor.py:183} INFO - Processing /home/airflow/.local/lib/python3.8/site-packages/airflow/example_dags/example_python_operator.py took 0.120 seconds
