[2024-03-09T11:07:35.058+0000] {processor.py:161} INFO - Started process (PID=378) to work on /home/airflow/.local/lib/python3.8/site-packages/airflow/example_dags/example_subdag_operator.py
[2024-03-09T11:07:35.060+0000] {processor.py:830} INFO - Processing file /home/airflow/.local/lib/python3.8/site-packages/airflow/example_dags/example_subdag_operator.py for tasks to queue
[2024-03-09T11:07:35.063+0000] {logging_mixin.py:188} INFO - [2024-03-09T11:07:35.062+0000] {dagbag.py:540} INFO - Filling up the DagBag from /home/airflow/.local/lib/python3.8/site-packages/airflow/example_dags/example_subdag_operator.py
[2024-03-09T11:07:35.113+0000] {processor.py:840} INFO - DAG(s) 'example_subdag_operator.section-1', 'example_subdag_operator.section-2', 'example_subdag_operator' retrieved from /home/airflow/.local/lib/python3.8/site-packages/airflow/example_dags/example_subdag_operator.py
[2024-03-09T11:07:35.298+0000] {logging_mixin.py:188} INFO - [2024-03-09T11:07:35.297+0000] {dag.py:3047} INFO - Sync 3 DAGs
[2024-03-09T11:07:35.344+0000] {logging_mixin.py:188} INFO - [2024-03-09T11:07:35.344+0000] {dag.py:3834} INFO - Setting next_dagrun for example_subdag_operator to 2022-01-01 00:00:00+00:00, run_after=2022-01-01 00:00:00+00:00
[2024-03-09T11:07:35.351+0000] {logging_mixin.py:188} INFO - [2024-03-09T11:07:35.351+0000] {dag.py:3834} INFO - Setting next_dagrun for example_subdag_operator.section-1 to None, run_after=None
[2024-03-09T11:07:35.354+0000] {logging_mixin.py:188} INFO - [2024-03-09T11:07:35.354+0000] {dag.py:3834} INFO - Setting next_dagrun for example_subdag_operator.section-2 to None, run_after=None
[2024-03-09T11:07:35.384+0000] {logging_mixin.py:188} INFO - [2024-03-09T11:07:35.383+0000] {dag.py:3047} INFO - Sync 2 DAGs
[2024-03-09T11:07:35.394+0000] {logging_mixin.py:188} INFO - [2024-03-09T11:07:35.393+0000] {dag.py:3834} INFO - Setting next_dagrun for example_subdag_operator.section-1 to None, run_after=None
[2024-03-09T11:07:35.395+0000] {logging_mixin.py:188} INFO - [2024-03-09T11:07:35.395+0000] {dag.py:3834} INFO - Setting next_dagrun for example_subdag_operator.section-2 to None, run_after=None
[2024-03-09T11:07:35.424+0000] {processor.py:183} INFO - Processing /home/airflow/.local/lib/python3.8/site-packages/airflow/example_dags/example_subdag_operator.py took 0.372 seconds
[2024-03-09T11:08:05.755+0000] {processor.py:161} INFO - Started process (PID=625) to work on /home/airflow/.local/lib/python3.8/site-packages/airflow/example_dags/example_subdag_operator.py
[2024-03-09T11:08:05.758+0000] {processor.py:830} INFO - Processing file /home/airflow/.local/lib/python3.8/site-packages/airflow/example_dags/example_subdag_operator.py for tasks to queue
[2024-03-09T11:08:05.760+0000] {logging_mixin.py:188} INFO - [2024-03-09T11:08:05.759+0000] {dagbag.py:540} INFO - Filling up the DagBag from /home/airflow/.local/lib/python3.8/site-packages/airflow/example_dags/example_subdag_operator.py
[2024-03-09T11:08:05.797+0000] {processor.py:840} INFO - DAG(s) 'example_subdag_operator.section-1', 'example_subdag_operator.section-2', 'example_subdag_operator' retrieved from /home/airflow/.local/lib/python3.8/site-packages/airflow/example_dags/example_subdag_operator.py
[2024-03-09T11:08:05.823+0000] {logging_mixin.py:188} INFO - [2024-03-09T11:08:05.823+0000] {dag.py:3047} INFO - Sync 3 DAGs
[2024-03-09T11:08:05.861+0000] {logging_mixin.py:188} INFO - [2024-03-09T11:08:05.860+0000] {dag.py:3834} INFO - Setting next_dagrun for example_subdag_operator to 2022-01-01 00:00:00+00:00, run_after=2022-01-01 00:00:00+00:00
[2024-03-09T11:08:05.868+0000] {logging_mixin.py:188} INFO - [2024-03-09T11:08:05.868+0000] {dag.py:3834} INFO - Setting next_dagrun for example_subdag_operator.section-1 to None, run_after=None
[2024-03-09T11:08:05.871+0000] {logging_mixin.py:188} INFO - [2024-03-09T11:08:05.870+0000] {dag.py:3834} INFO - Setting next_dagrun for example_subdag_operator.section-2 to None, run_after=None
[2024-03-09T11:08:05.885+0000] {logging_mixin.py:188} INFO - [2024-03-09T11:08:05.885+0000] {dag.py:3047} INFO - Sync 2 DAGs
[2024-03-09T11:08:05.896+0000] {logging_mixin.py:188} INFO - [2024-03-09T11:08:05.896+0000] {dag.py:3834} INFO - Setting next_dagrun for example_subdag_operator.section-1 to None, run_after=None
[2024-03-09T11:08:05.898+0000] {logging_mixin.py:188} INFO - [2024-03-09T11:08:05.897+0000] {dag.py:3834} INFO - Setting next_dagrun for example_subdag_operator.section-2 to None, run_after=None
[2024-03-09T11:08:05.919+0000] {processor.py:183} INFO - Processing /home/airflow/.local/lib/python3.8/site-packages/airflow/example_dags/example_subdag_operator.py took 0.170 seconds
[2024-03-09T11:08:36.385+0000] {processor.py:161} INFO - Started process (PID=872) to work on /home/airflow/.local/lib/python3.8/site-packages/airflow/example_dags/example_subdag_operator.py
[2024-03-09T11:08:36.387+0000] {processor.py:830} INFO - Processing file /home/airflow/.local/lib/python3.8/site-packages/airflow/example_dags/example_subdag_operator.py for tasks to queue
[2024-03-09T11:08:36.389+0000] {logging_mixin.py:188} INFO - [2024-03-09T11:08:36.388+0000] {dagbag.py:540} INFO - Filling up the DagBag from /home/airflow/.local/lib/python3.8/site-packages/airflow/example_dags/example_subdag_operator.py
[2024-03-09T11:08:36.429+0000] {processor.py:840} INFO - DAG(s) 'example_subdag_operator.section-1', 'example_subdag_operator.section-2', 'example_subdag_operator' retrieved from /home/airflow/.local/lib/python3.8/site-packages/airflow/example_dags/example_subdag_operator.py
[2024-03-09T11:08:36.457+0000] {logging_mixin.py:188} INFO - [2024-03-09T11:08:36.457+0000] {dag.py:3047} INFO - Sync 3 DAGs
[2024-03-09T11:08:36.492+0000] {logging_mixin.py:188} INFO - [2024-03-09T11:08:36.492+0000] {dag.py:3834} INFO - Setting next_dagrun for example_subdag_operator to 2022-01-01 00:00:00+00:00, run_after=2022-01-01 00:00:00+00:00
[2024-03-09T11:08:36.499+0000] {logging_mixin.py:188} INFO - [2024-03-09T11:08:36.498+0000] {dag.py:3834} INFO - Setting next_dagrun for example_subdag_operator.section-1 to None, run_after=None
[2024-03-09T11:08:36.502+0000] {logging_mixin.py:188} INFO - [2024-03-09T11:08:36.502+0000] {dag.py:3834} INFO - Setting next_dagrun for example_subdag_operator.section-2 to None, run_after=None
[2024-03-09T11:08:36.515+0000] {logging_mixin.py:188} INFO - [2024-03-09T11:08:36.515+0000] {dag.py:3047} INFO - Sync 2 DAGs
[2024-03-09T11:08:36.524+0000] {logging_mixin.py:188} INFO - [2024-03-09T11:08:36.523+0000] {dag.py:3834} INFO - Setting next_dagrun for example_subdag_operator.section-1 to None, run_after=None
[2024-03-09T11:08:36.525+0000] {logging_mixin.py:188} INFO - [2024-03-09T11:08:36.525+0000] {dag.py:3834} INFO - Setting next_dagrun for example_subdag_operator.section-2 to None, run_after=None
[2024-03-09T11:08:36.542+0000] {processor.py:183} INFO - Processing /home/airflow/.local/lib/python3.8/site-packages/airflow/example_dags/example_subdag_operator.py took 0.163 seconds
[2024-03-09T11:09:07.514+0000] {processor.py:161} INFO - Started process (PID=1120) to work on /home/airflow/.local/lib/python3.8/site-packages/airflow/example_dags/example_subdag_operator.py
[2024-03-09T11:09:07.517+0000] {processor.py:830} INFO - Processing file /home/airflow/.local/lib/python3.8/site-packages/airflow/example_dags/example_subdag_operator.py for tasks to queue
[2024-03-09T11:09:07.528+0000] {logging_mixin.py:188} INFO - [2024-03-09T11:09:07.523+0000] {dagbag.py:540} INFO - Filling up the DagBag from /home/airflow/.local/lib/python3.8/site-packages/airflow/example_dags/example_subdag_operator.py
[2024-03-09T11:09:07.584+0000] {processor.py:840} INFO - DAG(s) 'example_subdag_operator.section-1', 'example_subdag_operator.section-2', 'example_subdag_operator' retrieved from /home/airflow/.local/lib/python3.8/site-packages/airflow/example_dags/example_subdag_operator.py
[2024-03-09T11:09:07.629+0000] {logging_mixin.py:188} INFO - [2024-03-09T11:09:07.628+0000] {dag.py:3047} INFO - Sync 3 DAGs
[2024-03-09T11:09:07.682+0000] {logging_mixin.py:188} INFO - [2024-03-09T11:09:07.681+0000] {dag.py:3834} INFO - Setting next_dagrun for example_subdag_operator to 2022-01-01 00:00:00+00:00, run_after=2022-01-01 00:00:00+00:00
[2024-03-09T11:09:07.696+0000] {logging_mixin.py:188} INFO - [2024-03-09T11:09:07.695+0000] {dag.py:3834} INFO - Setting next_dagrun for example_subdag_operator.section-1 to None, run_after=None
[2024-03-09T11:09:07.699+0000] {logging_mixin.py:188} INFO - [2024-03-09T11:09:07.699+0000] {dag.py:3834} INFO - Setting next_dagrun for example_subdag_operator.section-2 to None, run_after=None
[2024-03-09T11:09:07.718+0000] {logging_mixin.py:188} INFO - [2024-03-09T11:09:07.717+0000] {dag.py:3047} INFO - Sync 2 DAGs
[2024-03-09T11:09:07.736+0000] {logging_mixin.py:188} INFO - [2024-03-09T11:09:07.736+0000] {dag.py:3834} INFO - Setting next_dagrun for example_subdag_operator.section-1 to None, run_after=None
[2024-03-09T11:09:07.738+0000] {logging_mixin.py:188} INFO - [2024-03-09T11:09:07.737+0000] {dag.py:3834} INFO - Setting next_dagrun for example_subdag_operator.section-2 to None, run_after=None
[2024-03-09T11:09:07.771+0000] {processor.py:183} INFO - Processing /home/airflow/.local/lib/python3.8/site-packages/airflow/example_dags/example_subdag_operator.py took 0.269 seconds
[2024-03-09T11:09:37.926+0000] {processor.py:161} INFO - Started process (PID=1369) to work on /home/airflow/.local/lib/python3.8/site-packages/airflow/example_dags/example_subdag_operator.py
[2024-03-09T11:09:37.928+0000] {processor.py:830} INFO - Processing file /home/airflow/.local/lib/python3.8/site-packages/airflow/example_dags/example_subdag_operator.py for tasks to queue
[2024-03-09T11:09:37.930+0000] {logging_mixin.py:188} INFO - [2024-03-09T11:09:37.929+0000] {dagbag.py:540} INFO - Filling up the DagBag from /home/airflow/.local/lib/python3.8/site-packages/airflow/example_dags/example_subdag_operator.py
[2024-03-09T11:09:37.969+0000] {processor.py:840} INFO - DAG(s) 'example_subdag_operator.section-1', 'example_subdag_operator.section-2', 'example_subdag_operator' retrieved from /home/airflow/.local/lib/python3.8/site-packages/airflow/example_dags/example_subdag_operator.py
[2024-03-09T11:09:37.998+0000] {logging_mixin.py:188} INFO - [2024-03-09T11:09:37.998+0000] {dag.py:3047} INFO - Sync 3 DAGs
[2024-03-09T11:09:38.032+0000] {logging_mixin.py:188} INFO - [2024-03-09T11:09:38.032+0000] {dag.py:3834} INFO - Setting next_dagrun for example_subdag_operator to 2022-01-01 00:00:00+00:00, run_after=2022-01-01 00:00:00+00:00
[2024-03-09T11:09:38.039+0000] {logging_mixin.py:188} INFO - [2024-03-09T11:09:38.038+0000] {dag.py:3834} INFO - Setting next_dagrun for example_subdag_operator.section-1 to None, run_after=None
[2024-03-09T11:09:38.041+0000] {logging_mixin.py:188} INFO - [2024-03-09T11:09:38.041+0000] {dag.py:3834} INFO - Setting next_dagrun for example_subdag_operator.section-2 to None, run_after=None
[2024-03-09T11:09:38.067+0000] {logging_mixin.py:188} INFO - [2024-03-09T11:09:38.067+0000] {dag.py:3047} INFO - Sync 2 DAGs
[2024-03-09T11:09:38.099+0000] {logging_mixin.py:188} INFO - [2024-03-09T11:09:38.098+0000] {dag.py:3834} INFO - Setting next_dagrun for example_subdag_operator.section-1 to None, run_after=None
[2024-03-09T11:09:38.106+0000] {logging_mixin.py:188} INFO - [2024-03-09T11:09:38.105+0000] {dag.py:3834} INFO - Setting next_dagrun for example_subdag_operator.section-2 to None, run_after=None
[2024-03-09T11:09:38.134+0000] {processor.py:183} INFO - Processing /home/airflow/.local/lib/python3.8/site-packages/airflow/example_dags/example_subdag_operator.py took 0.214 seconds
[2024-03-09T11:10:08.786+0000] {processor.py:161} INFO - Started process (PID=1614) to work on /home/airflow/.local/lib/python3.8/site-packages/airflow/example_dags/example_subdag_operator.py
[2024-03-09T11:10:08.788+0000] {processor.py:830} INFO - Processing file /home/airflow/.local/lib/python3.8/site-packages/airflow/example_dags/example_subdag_operator.py for tasks to queue
[2024-03-09T11:10:08.791+0000] {logging_mixin.py:188} INFO - [2024-03-09T11:10:08.790+0000] {dagbag.py:540} INFO - Filling up the DagBag from /home/airflow/.local/lib/python3.8/site-packages/airflow/example_dags/example_subdag_operator.py
[2024-03-09T11:10:08.855+0000] {processor.py:840} INFO - DAG(s) 'example_subdag_operator.section-1', 'example_subdag_operator.section-2', 'example_subdag_operator' retrieved from /home/airflow/.local/lib/python3.8/site-packages/airflow/example_dags/example_subdag_operator.py
[2024-03-09T11:10:08.902+0000] {logging_mixin.py:188} INFO - [2024-03-09T11:10:08.901+0000] {dag.py:3047} INFO - Sync 3 DAGs
[2024-03-09T11:10:08.970+0000] {logging_mixin.py:188} INFO - [2024-03-09T11:10:08.969+0000] {dag.py:3834} INFO - Setting next_dagrun for example_subdag_operator to 2022-01-01 00:00:00+00:00, run_after=2022-01-01 00:00:00+00:00
[2024-03-09T11:10:08.989+0000] {logging_mixin.py:188} INFO - [2024-03-09T11:10:08.988+0000] {dag.py:3834} INFO - Setting next_dagrun for example_subdag_operator.section-1 to None, run_after=None
[2024-03-09T11:10:08.994+0000] {logging_mixin.py:188} INFO - [2024-03-09T11:10:08.993+0000] {dag.py:3834} INFO - Setting next_dagrun for example_subdag_operator.section-2 to None, run_after=None
[2024-03-09T11:10:09.019+0000] {logging_mixin.py:188} INFO - [2024-03-09T11:10:09.018+0000] {dag.py:3047} INFO - Sync 2 DAGs
[2024-03-09T11:10:09.033+0000] {logging_mixin.py:188} INFO - [2024-03-09T11:10:09.033+0000] {dag.py:3834} INFO - Setting next_dagrun for example_subdag_operator.section-1 to None, run_after=None
[2024-03-09T11:10:09.035+0000] {logging_mixin.py:188} INFO - [2024-03-09T11:10:09.034+0000] {dag.py:3834} INFO - Setting next_dagrun for example_subdag_operator.section-2 to None, run_after=None
[2024-03-09T11:10:09.065+0000] {processor.py:183} INFO - Processing /home/airflow/.local/lib/python3.8/site-packages/airflow/example_dags/example_subdag_operator.py took 0.288 seconds
[2024-03-09T11:10:39.468+0000] {processor.py:161} INFO - Started process (PID=1861) to work on /home/airflow/.local/lib/python3.8/site-packages/airflow/example_dags/example_subdag_operator.py
[2024-03-09T11:10:39.469+0000] {processor.py:830} INFO - Processing file /home/airflow/.local/lib/python3.8/site-packages/airflow/example_dags/example_subdag_operator.py for tasks to queue
[2024-03-09T11:10:39.471+0000] {logging_mixin.py:188} INFO - [2024-03-09T11:10:39.471+0000] {dagbag.py:540} INFO - Filling up the DagBag from /home/airflow/.local/lib/python3.8/site-packages/airflow/example_dags/example_subdag_operator.py
[2024-03-09T11:10:39.512+0000] {processor.py:840} INFO - DAG(s) 'example_subdag_operator.section-1', 'example_subdag_operator.section-2', 'example_subdag_operator' retrieved from /home/airflow/.local/lib/python3.8/site-packages/airflow/example_dags/example_subdag_operator.py
[2024-03-09T11:10:39.539+0000] {logging_mixin.py:188} INFO - [2024-03-09T11:10:39.539+0000] {dag.py:3047} INFO - Sync 3 DAGs
[2024-03-09T11:10:39.578+0000] {logging_mixin.py:188} INFO - [2024-03-09T11:10:39.577+0000] {dag.py:3834} INFO - Setting next_dagrun for example_subdag_operator to 2022-01-01 00:00:00+00:00, run_after=2022-01-01 00:00:00+00:00
[2024-03-09T11:10:39.586+0000] {logging_mixin.py:188} INFO - [2024-03-09T11:10:39.586+0000] {dag.py:3834} INFO - Setting next_dagrun for example_subdag_operator.section-1 to None, run_after=None
[2024-03-09T11:10:39.589+0000] {logging_mixin.py:188} INFO - [2024-03-09T11:10:39.589+0000] {dag.py:3834} INFO - Setting next_dagrun for example_subdag_operator.section-2 to None, run_after=None
[2024-03-09T11:10:39.603+0000] {logging_mixin.py:188} INFO - [2024-03-09T11:10:39.602+0000] {dag.py:3047} INFO - Sync 2 DAGs
[2024-03-09T11:10:39.612+0000] {logging_mixin.py:188} INFO - [2024-03-09T11:10:39.612+0000] {dag.py:3834} INFO - Setting next_dagrun for example_subdag_operator.section-1 to None, run_after=None
[2024-03-09T11:10:39.614+0000] {logging_mixin.py:188} INFO - [2024-03-09T11:10:39.613+0000] {dag.py:3834} INFO - Setting next_dagrun for example_subdag_operator.section-2 to None, run_after=None
[2024-03-09T11:10:39.635+0000] {processor.py:183} INFO - Processing /home/airflow/.local/lib/python3.8/site-packages/airflow/example_dags/example_subdag_operator.py took 0.173 seconds
[2024-03-09T11:11:09.953+0000] {processor.py:161} INFO - Started process (PID=2108) to work on /home/airflow/.local/lib/python3.8/site-packages/airflow/example_dags/example_subdag_operator.py
[2024-03-09T11:11:09.956+0000] {processor.py:830} INFO - Processing file /home/airflow/.local/lib/python3.8/site-packages/airflow/example_dags/example_subdag_operator.py for tasks to queue
[2024-03-09T11:11:09.957+0000] {logging_mixin.py:188} INFO - [2024-03-09T11:11:09.957+0000] {dagbag.py:540} INFO - Filling up the DagBag from /home/airflow/.local/lib/python3.8/site-packages/airflow/example_dags/example_subdag_operator.py
[2024-03-09T11:11:10.006+0000] {processor.py:840} INFO - DAG(s) 'example_subdag_operator.section-1', 'example_subdag_operator.section-2', 'example_subdag_operator' retrieved from /home/airflow/.local/lib/python3.8/site-packages/airflow/example_dags/example_subdag_operator.py
[2024-03-09T11:11:10.043+0000] {logging_mixin.py:188} INFO - [2024-03-09T11:11:10.042+0000] {dag.py:3047} INFO - Sync 3 DAGs
[2024-03-09T11:11:10.088+0000] {logging_mixin.py:188} INFO - [2024-03-09T11:11:10.087+0000] {dag.py:3834} INFO - Setting next_dagrun for example_subdag_operator to 2022-01-01 00:00:00+00:00, run_after=2022-01-01 00:00:00+00:00
[2024-03-09T11:11:10.096+0000] {logging_mixin.py:188} INFO - [2024-03-09T11:11:10.096+0000] {dag.py:3834} INFO - Setting next_dagrun for example_subdag_operator.section-1 to None, run_after=None
[2024-03-09T11:11:10.099+0000] {logging_mixin.py:188} INFO - [2024-03-09T11:11:10.099+0000] {dag.py:3834} INFO - Setting next_dagrun for example_subdag_operator.section-2 to None, run_after=None
[2024-03-09T11:11:10.116+0000] {logging_mixin.py:188} INFO - [2024-03-09T11:11:10.115+0000] {dag.py:3047} INFO - Sync 2 DAGs
[2024-03-09T11:11:10.128+0000] {logging_mixin.py:188} INFO - [2024-03-09T11:11:10.128+0000] {dag.py:3834} INFO - Setting next_dagrun for example_subdag_operator.section-1 to None, run_after=None
[2024-03-09T11:11:10.129+0000] {logging_mixin.py:188} INFO - [2024-03-09T11:11:10.129+0000] {dag.py:3834} INFO - Setting next_dagrun for example_subdag_operator.section-2 to None, run_after=None
[2024-03-09T11:11:10.150+0000] {processor.py:183} INFO - Processing /home/airflow/.local/lib/python3.8/site-packages/airflow/example_dags/example_subdag_operator.py took 0.203 seconds
[2024-03-09T11:11:40.754+0000] {processor.py:161} INFO - Started process (PID=2355) to work on /home/airflow/.local/lib/python3.8/site-packages/airflow/example_dags/example_subdag_operator.py
[2024-03-09T11:11:40.756+0000] {processor.py:830} INFO - Processing file /home/airflow/.local/lib/python3.8/site-packages/airflow/example_dags/example_subdag_operator.py for tasks to queue
[2024-03-09T11:11:40.758+0000] {logging_mixin.py:188} INFO - [2024-03-09T11:11:40.758+0000] {dagbag.py:540} INFO - Filling up the DagBag from /home/airflow/.local/lib/python3.8/site-packages/airflow/example_dags/example_subdag_operator.py
[2024-03-09T11:11:40.853+0000] {processor.py:840} INFO - DAG(s) 'example_subdag_operator.section-1', 'example_subdag_operator.section-2', 'example_subdag_operator' retrieved from /home/airflow/.local/lib/python3.8/site-packages/airflow/example_dags/example_subdag_operator.py
[2024-03-09T11:11:40.891+0000] {logging_mixin.py:188} INFO - [2024-03-09T11:11:40.891+0000] {dag.py:3047} INFO - Sync 3 DAGs
[2024-03-09T11:11:40.939+0000] {logging_mixin.py:188} INFO - [2024-03-09T11:11:40.938+0000] {dag.py:3834} INFO - Setting next_dagrun for example_subdag_operator to 2022-01-01 00:00:00+00:00, run_after=2022-01-01 00:00:00+00:00
[2024-03-09T11:11:40.945+0000] {logging_mixin.py:188} INFO - [2024-03-09T11:11:40.945+0000] {dag.py:3834} INFO - Setting next_dagrun for example_subdag_operator.section-1 to None, run_after=None
[2024-03-09T11:11:40.948+0000] {logging_mixin.py:188} INFO - [2024-03-09T11:11:40.948+0000] {dag.py:3834} INFO - Setting next_dagrun for example_subdag_operator.section-2 to None, run_after=None
[2024-03-09T11:11:40.964+0000] {logging_mixin.py:188} INFO - [2024-03-09T11:11:40.964+0000] {dag.py:3047} INFO - Sync 2 DAGs
[2024-03-09T11:11:40.976+0000] {logging_mixin.py:188} INFO - [2024-03-09T11:11:40.975+0000] {dag.py:3834} INFO - Setting next_dagrun for example_subdag_operator.section-1 to None, run_after=None
[2024-03-09T11:11:40.977+0000] {logging_mixin.py:188} INFO - [2024-03-09T11:11:40.977+0000] {dag.py:3834} INFO - Setting next_dagrun for example_subdag_operator.section-2 to None, run_after=None
[2024-03-09T11:11:41.002+0000] {processor.py:183} INFO - Processing /home/airflow/.local/lib/python3.8/site-packages/airflow/example_dags/example_subdag_operator.py took 0.253 seconds
[2024-03-09T11:12:11.777+0000] {processor.py:161} INFO - Started process (PID=2602) to work on /home/airflow/.local/lib/python3.8/site-packages/airflow/example_dags/example_subdag_operator.py
[2024-03-09T11:12:11.779+0000] {processor.py:830} INFO - Processing file /home/airflow/.local/lib/python3.8/site-packages/airflow/example_dags/example_subdag_operator.py for tasks to queue
[2024-03-09T11:12:11.781+0000] {logging_mixin.py:188} INFO - [2024-03-09T11:12:11.781+0000] {dagbag.py:540} INFO - Filling up the DagBag from /home/airflow/.local/lib/python3.8/site-packages/airflow/example_dags/example_subdag_operator.py
[2024-03-09T11:12:11.821+0000] {processor.py:840} INFO - DAG(s) 'example_subdag_operator.section-1', 'example_subdag_operator.section-2', 'example_subdag_operator' retrieved from /home/airflow/.local/lib/python3.8/site-packages/airflow/example_dags/example_subdag_operator.py
[2024-03-09T11:12:11.848+0000] {logging_mixin.py:188} INFO - [2024-03-09T11:12:11.847+0000] {dag.py:3047} INFO - Sync 3 DAGs
[2024-03-09T11:12:11.887+0000] {logging_mixin.py:188} INFO - [2024-03-09T11:12:11.887+0000] {dag.py:3834} INFO - Setting next_dagrun for example_subdag_operator to 2022-01-01 00:00:00+00:00, run_after=2022-01-01 00:00:00+00:00
[2024-03-09T11:12:11.894+0000] {logging_mixin.py:188} INFO - [2024-03-09T11:12:11.894+0000] {dag.py:3834} INFO - Setting next_dagrun for example_subdag_operator.section-1 to None, run_after=None
[2024-03-09T11:12:11.898+0000] {logging_mixin.py:188} INFO - [2024-03-09T11:12:11.897+0000] {dag.py:3834} INFO - Setting next_dagrun for example_subdag_operator.section-2 to None, run_after=None
[2024-03-09T11:12:11.909+0000] {logging_mixin.py:188} INFO - [2024-03-09T11:12:11.909+0000] {dag.py:3047} INFO - Sync 2 DAGs
[2024-03-09T11:12:11.918+0000] {logging_mixin.py:188} INFO - [2024-03-09T11:12:11.918+0000] {dag.py:3834} INFO - Setting next_dagrun for example_subdag_operator.section-1 to None, run_after=None
[2024-03-09T11:12:11.919+0000] {logging_mixin.py:188} INFO - [2024-03-09T11:12:11.919+0000] {dag.py:3834} INFO - Setting next_dagrun for example_subdag_operator.section-2 to None, run_after=None
[2024-03-09T11:12:11.939+0000] {processor.py:183} INFO - Processing /home/airflow/.local/lib/python3.8/site-packages/airflow/example_dags/example_subdag_operator.py took 0.168 seconds
[2024-03-09T11:12:42.043+0000] {processor.py:161} INFO - Started process (PID=2849) to work on /home/airflow/.local/lib/python3.8/site-packages/airflow/example_dags/example_subdag_operator.py
[2024-03-09T11:12:42.045+0000] {processor.py:830} INFO - Processing file /home/airflow/.local/lib/python3.8/site-packages/airflow/example_dags/example_subdag_operator.py for tasks to queue
[2024-03-09T11:12:42.046+0000] {logging_mixin.py:188} INFO - [2024-03-09T11:12:42.046+0000] {dagbag.py:540} INFO - Filling up the DagBag from /home/airflow/.local/lib/python3.8/site-packages/airflow/example_dags/example_subdag_operator.py
[2024-03-09T11:12:42.088+0000] {processor.py:840} INFO - DAG(s) 'example_subdag_operator.section-1', 'example_subdag_operator.section-2', 'example_subdag_operator' retrieved from /home/airflow/.local/lib/python3.8/site-packages/airflow/example_dags/example_subdag_operator.py
[2024-03-09T11:12:42.115+0000] {logging_mixin.py:188} INFO - [2024-03-09T11:12:42.114+0000] {dag.py:3047} INFO - Sync 3 DAGs
[2024-03-09T11:12:42.147+0000] {logging_mixin.py:188} INFO - [2024-03-09T11:12:42.146+0000] {dag.py:3834} INFO - Setting next_dagrun for example_subdag_operator to 2022-01-01 00:00:00+00:00, run_after=2022-01-01 00:00:00+00:00
[2024-03-09T11:12:42.156+0000] {logging_mixin.py:188} INFO - [2024-03-09T11:12:42.156+0000] {dag.py:3834} INFO - Setting next_dagrun for example_subdag_operator.section-1 to None, run_after=None
[2024-03-09T11:12:42.159+0000] {logging_mixin.py:188} INFO - [2024-03-09T11:12:42.158+0000] {dag.py:3834} INFO - Setting next_dagrun for example_subdag_operator.section-2 to None, run_after=None
[2024-03-09T11:12:42.172+0000] {logging_mixin.py:188} INFO - [2024-03-09T11:12:42.171+0000] {dag.py:3047} INFO - Sync 2 DAGs
[2024-03-09T11:12:42.180+0000] {logging_mixin.py:188} INFO - [2024-03-09T11:12:42.179+0000] {dag.py:3834} INFO - Setting next_dagrun for example_subdag_operator.section-1 to None, run_after=None
[2024-03-09T11:12:42.181+0000] {logging_mixin.py:188} INFO - [2024-03-09T11:12:42.181+0000] {dag.py:3834} INFO - Setting next_dagrun for example_subdag_operator.section-2 to None, run_after=None
[2024-03-09T11:12:42.204+0000] {processor.py:183} INFO - Processing /home/airflow/.local/lib/python3.8/site-packages/airflow/example_dags/example_subdag_operator.py took 0.166 seconds
[2024-03-09T11:13:12.897+0000] {processor.py:161} INFO - Started process (PID=3096) to work on /home/airflow/.local/lib/python3.8/site-packages/airflow/example_dags/example_subdag_operator.py
[2024-03-09T11:13:12.899+0000] {processor.py:830} INFO - Processing file /home/airflow/.local/lib/python3.8/site-packages/airflow/example_dags/example_subdag_operator.py for tasks to queue
[2024-03-09T11:13:12.901+0000] {logging_mixin.py:188} INFO - [2024-03-09T11:13:12.900+0000] {dagbag.py:540} INFO - Filling up the DagBag from /home/airflow/.local/lib/python3.8/site-packages/airflow/example_dags/example_subdag_operator.py
[2024-03-09T11:13:12.937+0000] {processor.py:840} INFO - DAG(s) 'example_subdag_operator.section-1', 'example_subdag_operator.section-2', 'example_subdag_operator' retrieved from /home/airflow/.local/lib/python3.8/site-packages/airflow/example_dags/example_subdag_operator.py
[2024-03-09T11:13:12.967+0000] {logging_mixin.py:188} INFO - [2024-03-09T11:13:12.967+0000] {dag.py:3047} INFO - Sync 3 DAGs
[2024-03-09T11:13:13.005+0000] {logging_mixin.py:188} INFO - [2024-03-09T11:13:13.005+0000] {dag.py:3834} INFO - Setting next_dagrun for example_subdag_operator to 2022-01-01 00:00:00+00:00, run_after=2022-01-01 00:00:00+00:00
[2024-03-09T11:13:13.012+0000] {logging_mixin.py:188} INFO - [2024-03-09T11:13:13.012+0000] {dag.py:3834} INFO - Setting next_dagrun for example_subdag_operator.section-1 to None, run_after=None
[2024-03-09T11:13:13.015+0000] {logging_mixin.py:188} INFO - [2024-03-09T11:13:13.015+0000] {dag.py:3834} INFO - Setting next_dagrun for example_subdag_operator.section-2 to None, run_after=None
[2024-03-09T11:13:13.026+0000] {logging_mixin.py:188} INFO - [2024-03-09T11:13:13.025+0000] {dag.py:3047} INFO - Sync 2 DAGs
[2024-03-09T11:13:13.034+0000] {logging_mixin.py:188} INFO - [2024-03-09T11:13:13.034+0000] {dag.py:3834} INFO - Setting next_dagrun for example_subdag_operator.section-1 to None, run_after=None
[2024-03-09T11:13:13.035+0000] {logging_mixin.py:188} INFO - [2024-03-09T11:13:13.035+0000] {dag.py:3834} INFO - Setting next_dagrun for example_subdag_operator.section-2 to None, run_after=None
[2024-03-09T11:13:13.054+0000] {processor.py:183} INFO - Processing /home/airflow/.local/lib/python3.8/site-packages/airflow/example_dags/example_subdag_operator.py took 0.162 seconds
[2024-03-09T11:13:47.361+0000] {processor.py:161} INFO - Started process (PID=3364) to work on /home/airflow/.local/lib/python3.8/site-packages/airflow/example_dags/example_subdag_operator.py
[2024-03-09T11:13:47.363+0000] {processor.py:830} INFO - Processing file /home/airflow/.local/lib/python3.8/site-packages/airflow/example_dags/example_subdag_operator.py for tasks to queue
[2024-03-09T11:13:47.365+0000] {logging_mixin.py:188} INFO - [2024-03-09T11:13:47.365+0000] {dagbag.py:540} INFO - Filling up the DagBag from /home/airflow/.local/lib/python3.8/site-packages/airflow/example_dags/example_subdag_operator.py
[2024-03-09T11:13:47.409+0000] {processor.py:840} INFO - DAG(s) 'example_subdag_operator.section-1', 'example_subdag_operator.section-2', 'example_subdag_operator' retrieved from /home/airflow/.local/lib/python3.8/site-packages/airflow/example_dags/example_subdag_operator.py
[2024-03-09T11:13:47.443+0000] {logging_mixin.py:188} INFO - [2024-03-09T11:13:47.442+0000] {dag.py:3047} INFO - Sync 3 DAGs
[2024-03-09T11:13:47.486+0000] {logging_mixin.py:188} INFO - [2024-03-09T11:13:47.485+0000] {dag.py:3834} INFO - Setting next_dagrun for example_subdag_operator to 2022-01-01 00:00:00+00:00, run_after=2022-01-01 00:00:00+00:00
[2024-03-09T11:13:47.494+0000] {logging_mixin.py:188} INFO - [2024-03-09T11:13:47.493+0000] {dag.py:3834} INFO - Setting next_dagrun for example_subdag_operator.section-1 to None, run_after=None
[2024-03-09T11:13:47.497+0000] {logging_mixin.py:188} INFO - [2024-03-09T11:13:47.496+0000] {dag.py:3834} INFO - Setting next_dagrun for example_subdag_operator.section-2 to None, run_after=None
[2024-03-09T11:13:47.512+0000] {logging_mixin.py:188} INFO - [2024-03-09T11:13:47.512+0000] {dag.py:3047} INFO - Sync 2 DAGs
[2024-03-09T11:13:47.521+0000] {logging_mixin.py:188} INFO - [2024-03-09T11:13:47.521+0000] {dag.py:3834} INFO - Setting next_dagrun for example_subdag_operator.section-1 to None, run_after=None
[2024-03-09T11:13:47.522+0000] {logging_mixin.py:188} INFO - [2024-03-09T11:13:47.522+0000] {dag.py:3834} INFO - Setting next_dagrun for example_subdag_operator.section-2 to None, run_after=None
[2024-03-09T11:13:47.543+0000] {processor.py:183} INFO - Processing /home/airflow/.local/lib/python3.8/site-packages/airflow/example_dags/example_subdag_operator.py took 0.187 seconds
[2024-03-09T11:14:17.725+0000] {processor.py:161} INFO - Started process (PID=3616) to work on /home/airflow/.local/lib/python3.8/site-packages/airflow/example_dags/example_subdag_operator.py
[2024-03-09T11:14:17.726+0000] {processor.py:830} INFO - Processing file /home/airflow/.local/lib/python3.8/site-packages/airflow/example_dags/example_subdag_operator.py for tasks to queue
[2024-03-09T11:14:17.728+0000] {logging_mixin.py:188} INFO - [2024-03-09T11:14:17.728+0000] {dagbag.py:540} INFO - Filling up the DagBag from /home/airflow/.local/lib/python3.8/site-packages/airflow/example_dags/example_subdag_operator.py
[2024-03-09T11:14:17.766+0000] {processor.py:840} INFO - DAG(s) 'example_subdag_operator.section-1', 'example_subdag_operator.section-2', 'example_subdag_operator' retrieved from /home/airflow/.local/lib/python3.8/site-packages/airflow/example_dags/example_subdag_operator.py
[2024-03-09T11:14:17.793+0000] {logging_mixin.py:188} INFO - [2024-03-09T11:14:17.792+0000] {dag.py:3047} INFO - Sync 3 DAGs
[2024-03-09T11:14:17.827+0000] {logging_mixin.py:188} INFO - [2024-03-09T11:14:17.827+0000] {dag.py:3834} INFO - Setting next_dagrun for example_subdag_operator to 2022-01-01 00:00:00+00:00, run_after=2022-01-01 00:00:00+00:00
[2024-03-09T11:14:17.834+0000] {logging_mixin.py:188} INFO - [2024-03-09T11:14:17.834+0000] {dag.py:3834} INFO - Setting next_dagrun for example_subdag_operator.section-1 to None, run_after=None
[2024-03-09T11:14:17.837+0000] {logging_mixin.py:188} INFO - [2024-03-09T11:14:17.837+0000] {dag.py:3834} INFO - Setting next_dagrun for example_subdag_operator.section-2 to None, run_after=None
[2024-03-09T11:14:17.849+0000] {logging_mixin.py:188} INFO - [2024-03-09T11:14:17.849+0000] {dag.py:3047} INFO - Sync 2 DAGs
[2024-03-09T11:14:17.859+0000] {logging_mixin.py:188} INFO - [2024-03-09T11:14:17.859+0000] {dag.py:3834} INFO - Setting next_dagrun for example_subdag_operator.section-1 to None, run_after=None
[2024-03-09T11:14:17.860+0000] {logging_mixin.py:188} INFO - [2024-03-09T11:14:17.860+0000] {dag.py:3834} INFO - Setting next_dagrun for example_subdag_operator.section-2 to None, run_after=None
[2024-03-09T11:14:17.880+0000] {processor.py:183} INFO - Processing /home/airflow/.local/lib/python3.8/site-packages/airflow/example_dags/example_subdag_operator.py took 0.160 seconds
[2024-03-09T11:14:47.994+0000] {processor.py:161} INFO - Started process (PID=3861) to work on /home/airflow/.local/lib/python3.8/site-packages/airflow/example_dags/example_subdag_operator.py
[2024-03-09T11:14:47.996+0000] {processor.py:830} INFO - Processing file /home/airflow/.local/lib/python3.8/site-packages/airflow/example_dags/example_subdag_operator.py for tasks to queue
[2024-03-09T11:14:47.999+0000] {logging_mixin.py:188} INFO - [2024-03-09T11:14:47.998+0000] {dagbag.py:540} INFO - Filling up the DagBag from /home/airflow/.local/lib/python3.8/site-packages/airflow/example_dags/example_subdag_operator.py
[2024-03-09T11:14:48.042+0000] {processor.py:840} INFO - DAG(s) 'example_subdag_operator.section-1', 'example_subdag_operator.section-2', 'example_subdag_operator' retrieved from /home/airflow/.local/lib/python3.8/site-packages/airflow/example_dags/example_subdag_operator.py
[2024-03-09T11:14:48.074+0000] {logging_mixin.py:188} INFO - [2024-03-09T11:14:48.074+0000] {dag.py:3047} INFO - Sync 3 DAGs
[2024-03-09T11:14:48.136+0000] {logging_mixin.py:188} INFO - [2024-03-09T11:14:48.136+0000] {dag.py:3834} INFO - Setting next_dagrun for example_subdag_operator to 2022-01-01 00:00:00+00:00, run_after=2022-01-01 00:00:00+00:00
[2024-03-09T11:14:48.146+0000] {logging_mixin.py:188} INFO - [2024-03-09T11:14:48.145+0000] {dag.py:3834} INFO - Setting next_dagrun for example_subdag_operator.section-1 to None, run_after=None
[2024-03-09T11:14:48.149+0000] {logging_mixin.py:188} INFO - [2024-03-09T11:14:48.148+0000] {dag.py:3834} INFO - Setting next_dagrun for example_subdag_operator.section-2 to None, run_after=None
[2024-03-09T11:14:48.164+0000] {logging_mixin.py:188} INFO - [2024-03-09T11:14:48.164+0000] {dag.py:3047} INFO - Sync 2 DAGs
[2024-03-09T11:14:48.175+0000] {logging_mixin.py:188} INFO - [2024-03-09T11:14:48.175+0000] {dag.py:3834} INFO - Setting next_dagrun for example_subdag_operator.section-1 to None, run_after=None
[2024-03-09T11:14:48.177+0000] {logging_mixin.py:188} INFO - [2024-03-09T11:14:48.176+0000] {dag.py:3834} INFO - Setting next_dagrun for example_subdag_operator.section-2 to None, run_after=None
[2024-03-09T11:14:48.201+0000] {processor.py:183} INFO - Processing /home/airflow/.local/lib/python3.8/site-packages/airflow/example_dags/example_subdag_operator.py took 0.212 seconds
[2024-03-09T11:15:18.670+0000] {processor.py:161} INFO - Started process (PID=4108) to work on /home/airflow/.local/lib/python3.8/site-packages/airflow/example_dags/example_subdag_operator.py
[2024-03-09T11:15:18.674+0000] {processor.py:830} INFO - Processing file /home/airflow/.local/lib/python3.8/site-packages/airflow/example_dags/example_subdag_operator.py for tasks to queue
[2024-03-09T11:15:18.676+0000] {logging_mixin.py:188} INFO - [2024-03-09T11:15:18.675+0000] {dagbag.py:540} INFO - Filling up the DagBag from /home/airflow/.local/lib/python3.8/site-packages/airflow/example_dags/example_subdag_operator.py
[2024-03-09T11:15:18.740+0000] {processor.py:840} INFO - DAG(s) 'example_subdag_operator.section-1', 'example_subdag_operator.section-2', 'example_subdag_operator' retrieved from /home/airflow/.local/lib/python3.8/site-packages/airflow/example_dags/example_subdag_operator.py
[2024-03-09T11:15:18.780+0000] {logging_mixin.py:188} INFO - [2024-03-09T11:15:18.779+0000] {dag.py:3047} INFO - Sync 3 DAGs
[2024-03-09T11:15:18.839+0000] {logging_mixin.py:188} INFO - [2024-03-09T11:15:18.838+0000] {dag.py:3834} INFO - Setting next_dagrun for example_subdag_operator to 2022-01-01 00:00:00+00:00, run_after=2022-01-01 00:00:00+00:00
[2024-03-09T11:15:18.849+0000] {logging_mixin.py:188} INFO - [2024-03-09T11:15:18.848+0000] {dag.py:3834} INFO - Setting next_dagrun for example_subdag_operator.section-1 to None, run_after=None
[2024-03-09T11:15:18.852+0000] {logging_mixin.py:188} INFO - [2024-03-09T11:15:18.851+0000] {dag.py:3834} INFO - Setting next_dagrun for example_subdag_operator.section-2 to None, run_after=None
[2024-03-09T11:15:18.870+0000] {logging_mixin.py:188} INFO - [2024-03-09T11:15:18.869+0000] {dag.py:3047} INFO - Sync 2 DAGs
[2024-03-09T11:15:18.883+0000] {logging_mixin.py:188} INFO - [2024-03-09T11:15:18.883+0000] {dag.py:3834} INFO - Setting next_dagrun for example_subdag_operator.section-1 to None, run_after=None
[2024-03-09T11:15:18.885+0000] {logging_mixin.py:188} INFO - [2024-03-09T11:15:18.885+0000] {dag.py:3834} INFO - Setting next_dagrun for example_subdag_operator.section-2 to None, run_after=None
[2024-03-09T11:15:18.916+0000] {processor.py:183} INFO - Processing /home/airflow/.local/lib/python3.8/site-packages/airflow/example_dags/example_subdag_operator.py took 0.254 seconds
[2024-03-09T11:15:49.248+0000] {processor.py:161} INFO - Started process (PID=4355) to work on /home/airflow/.local/lib/python3.8/site-packages/airflow/example_dags/example_subdag_operator.py
[2024-03-09T11:15:49.251+0000] {processor.py:830} INFO - Processing file /home/airflow/.local/lib/python3.8/site-packages/airflow/example_dags/example_subdag_operator.py for tasks to queue
[2024-03-09T11:15:49.253+0000] {logging_mixin.py:188} INFO - [2024-03-09T11:15:49.252+0000] {dagbag.py:540} INFO - Filling up the DagBag from /home/airflow/.local/lib/python3.8/site-packages/airflow/example_dags/example_subdag_operator.py
[2024-03-09T11:15:49.296+0000] {processor.py:840} INFO - DAG(s) 'example_subdag_operator.section-1', 'example_subdag_operator.section-2', 'example_subdag_operator' retrieved from /home/airflow/.local/lib/python3.8/site-packages/airflow/example_dags/example_subdag_operator.py
[2024-03-09T11:15:49.326+0000] {logging_mixin.py:188} INFO - [2024-03-09T11:15:49.325+0000] {dag.py:3047} INFO - Sync 3 DAGs
[2024-03-09T11:15:49.361+0000] {logging_mixin.py:188} INFO - [2024-03-09T11:15:49.361+0000] {dag.py:3834} INFO - Setting next_dagrun for example_subdag_operator to 2022-01-01 00:00:00+00:00, run_after=2022-01-01 00:00:00+00:00
[2024-03-09T11:15:49.368+0000] {logging_mixin.py:188} INFO - [2024-03-09T11:15:49.368+0000] {dag.py:3834} INFO - Setting next_dagrun for example_subdag_operator.section-1 to None, run_after=None
[2024-03-09T11:15:49.372+0000] {logging_mixin.py:188} INFO - [2024-03-09T11:15:49.371+0000] {dag.py:3834} INFO - Setting next_dagrun for example_subdag_operator.section-2 to None, run_after=None
[2024-03-09T11:15:49.384+0000] {logging_mixin.py:188} INFO - [2024-03-09T11:15:49.383+0000] {dag.py:3047} INFO - Sync 2 DAGs
[2024-03-09T11:15:49.393+0000] {logging_mixin.py:188} INFO - [2024-03-09T11:15:49.393+0000] {dag.py:3834} INFO - Setting next_dagrun for example_subdag_operator.section-1 to None, run_after=None
[2024-03-09T11:15:49.394+0000] {logging_mixin.py:188} INFO - [2024-03-09T11:15:49.394+0000] {dag.py:3834} INFO - Setting next_dagrun for example_subdag_operator.section-2 to None, run_after=None
[2024-03-09T11:15:49.414+0000] {processor.py:183} INFO - Processing /home/airflow/.local/lib/python3.8/site-packages/airflow/example_dags/example_subdag_operator.py took 0.171 seconds
[2024-03-09T11:16:20.346+0000] {processor.py:161} INFO - Started process (PID=4602) to work on /home/airflow/.local/lib/python3.8/site-packages/airflow/example_dags/example_subdag_operator.py
[2024-03-09T11:16:20.349+0000] {processor.py:830} INFO - Processing file /home/airflow/.local/lib/python3.8/site-packages/airflow/example_dags/example_subdag_operator.py for tasks to queue
[2024-03-09T11:16:20.351+0000] {logging_mixin.py:188} INFO - [2024-03-09T11:16:20.351+0000] {dagbag.py:540} INFO - Filling up the DagBag from /home/airflow/.local/lib/python3.8/site-packages/airflow/example_dags/example_subdag_operator.py
[2024-03-09T11:16:20.391+0000] {processor.py:840} INFO - DAG(s) 'example_subdag_operator.section-1', 'example_subdag_operator.section-2', 'example_subdag_operator' retrieved from /home/airflow/.local/lib/python3.8/site-packages/airflow/example_dags/example_subdag_operator.py
[2024-03-09T11:16:20.417+0000] {logging_mixin.py:188} INFO - [2024-03-09T11:16:20.416+0000] {dag.py:3047} INFO - Sync 3 DAGs
[2024-03-09T11:16:20.458+0000] {logging_mixin.py:188} INFO - [2024-03-09T11:16:20.458+0000] {dag.py:3834} INFO - Setting next_dagrun for example_subdag_operator to 2022-01-01 00:00:00+00:00, run_after=2022-01-01 00:00:00+00:00
[2024-03-09T11:16:20.466+0000] {logging_mixin.py:188} INFO - [2024-03-09T11:16:20.465+0000] {dag.py:3834} INFO - Setting next_dagrun for example_subdag_operator.section-1 to None, run_after=None
[2024-03-09T11:16:20.469+0000] {logging_mixin.py:188} INFO - [2024-03-09T11:16:20.468+0000] {dag.py:3834} INFO - Setting next_dagrun for example_subdag_operator.section-2 to None, run_after=None
[2024-03-09T11:16:20.481+0000] {logging_mixin.py:188} INFO - [2024-03-09T11:16:20.481+0000] {dag.py:3047} INFO - Sync 2 DAGs
[2024-03-09T11:16:20.491+0000] {logging_mixin.py:188} INFO - [2024-03-09T11:16:20.491+0000] {dag.py:3834} INFO - Setting next_dagrun for example_subdag_operator.section-1 to None, run_after=None
[2024-03-09T11:16:20.493+0000] {logging_mixin.py:188} INFO - [2024-03-09T11:16:20.492+0000] {dag.py:3834} INFO - Setting next_dagrun for example_subdag_operator.section-2 to None, run_after=None
[2024-03-09T11:16:20.515+0000] {processor.py:183} INFO - Processing /home/airflow/.local/lib/python3.8/site-packages/airflow/example_dags/example_subdag_operator.py took 0.174 seconds
[2024-03-09T11:16:50.577+0000] {processor.py:161} INFO - Started process (PID=4849) to work on /home/airflow/.local/lib/python3.8/site-packages/airflow/example_dags/example_subdag_operator.py
[2024-03-09T11:16:50.579+0000] {processor.py:830} INFO - Processing file /home/airflow/.local/lib/python3.8/site-packages/airflow/example_dags/example_subdag_operator.py for tasks to queue
[2024-03-09T11:16:50.581+0000] {logging_mixin.py:188} INFO - [2024-03-09T11:16:50.581+0000] {dagbag.py:540} INFO - Filling up the DagBag from /home/airflow/.local/lib/python3.8/site-packages/airflow/example_dags/example_subdag_operator.py
[2024-03-09T11:16:50.623+0000] {processor.py:840} INFO - DAG(s) 'example_subdag_operator.section-1', 'example_subdag_operator.section-2', 'example_subdag_operator' retrieved from /home/airflow/.local/lib/python3.8/site-packages/airflow/example_dags/example_subdag_operator.py
[2024-03-09T11:16:50.653+0000] {logging_mixin.py:188} INFO - [2024-03-09T11:16:50.652+0000] {dag.py:3047} INFO - Sync 3 DAGs
[2024-03-09T11:16:50.690+0000] {logging_mixin.py:188} INFO - [2024-03-09T11:16:50.690+0000] {dag.py:3834} INFO - Setting next_dagrun for example_subdag_operator to 2022-01-01 00:00:00+00:00, run_after=2022-01-01 00:00:00+00:00
[2024-03-09T11:16:50.697+0000] {logging_mixin.py:188} INFO - [2024-03-09T11:16:50.696+0000] {dag.py:3834} INFO - Setting next_dagrun for example_subdag_operator.section-1 to None, run_after=None
[2024-03-09T11:16:50.700+0000] {logging_mixin.py:188} INFO - [2024-03-09T11:16:50.699+0000] {dag.py:3834} INFO - Setting next_dagrun for example_subdag_operator.section-2 to None, run_after=None
[2024-03-09T11:16:50.712+0000] {logging_mixin.py:188} INFO - [2024-03-09T11:16:50.711+0000] {dag.py:3047} INFO - Sync 2 DAGs
[2024-03-09T11:16:50.722+0000] {logging_mixin.py:188} INFO - [2024-03-09T11:16:50.722+0000] {dag.py:3834} INFO - Setting next_dagrun for example_subdag_operator.section-1 to None, run_after=None
[2024-03-09T11:16:50.723+0000] {logging_mixin.py:188} INFO - [2024-03-09T11:16:50.723+0000] {dag.py:3834} INFO - Setting next_dagrun for example_subdag_operator.section-2 to None, run_after=None
[2024-03-09T11:16:50.743+0000] {processor.py:183} INFO - Processing /home/airflow/.local/lib/python3.8/site-packages/airflow/example_dags/example_subdag_operator.py took 0.171 seconds
[2024-03-09T11:17:21.126+0000] {processor.py:161} INFO - Started process (PID=5096) to work on /home/airflow/.local/lib/python3.8/site-packages/airflow/example_dags/example_subdag_operator.py
[2024-03-09T11:17:21.128+0000] {processor.py:830} INFO - Processing file /home/airflow/.local/lib/python3.8/site-packages/airflow/example_dags/example_subdag_operator.py for tasks to queue
[2024-03-09T11:17:21.130+0000] {logging_mixin.py:188} INFO - [2024-03-09T11:17:21.129+0000] {dagbag.py:540} INFO - Filling up the DagBag from /home/airflow/.local/lib/python3.8/site-packages/airflow/example_dags/example_subdag_operator.py
[2024-03-09T11:17:21.167+0000] {processor.py:840} INFO - DAG(s) 'example_subdag_operator.section-1', 'example_subdag_operator.section-2', 'example_subdag_operator' retrieved from /home/airflow/.local/lib/python3.8/site-packages/airflow/example_dags/example_subdag_operator.py
[2024-03-09T11:17:21.200+0000] {logging_mixin.py:188} INFO - [2024-03-09T11:17:21.199+0000] {dag.py:3047} INFO - Sync 3 DAGs
[2024-03-09T11:17:21.240+0000] {logging_mixin.py:188} INFO - [2024-03-09T11:17:21.239+0000] {dag.py:3834} INFO - Setting next_dagrun for example_subdag_operator to 2022-01-01 00:00:00+00:00, run_after=2022-01-01 00:00:00+00:00
[2024-03-09T11:17:21.246+0000] {logging_mixin.py:188} INFO - [2024-03-09T11:17:21.246+0000] {dag.py:3834} INFO - Setting next_dagrun for example_subdag_operator.section-1 to None, run_after=None
[2024-03-09T11:17:21.249+0000] {logging_mixin.py:188} INFO - [2024-03-09T11:17:21.249+0000] {dag.py:3834} INFO - Setting next_dagrun for example_subdag_operator.section-2 to None, run_after=None
[2024-03-09T11:17:21.261+0000] {logging_mixin.py:188} INFO - [2024-03-09T11:17:21.260+0000] {dag.py:3047} INFO - Sync 2 DAGs
[2024-03-09T11:17:21.269+0000] {logging_mixin.py:188} INFO - [2024-03-09T11:17:21.269+0000] {dag.py:3834} INFO - Setting next_dagrun for example_subdag_operator.section-1 to None, run_after=None
[2024-03-09T11:17:21.270+0000] {logging_mixin.py:188} INFO - [2024-03-09T11:17:21.270+0000] {dag.py:3834} INFO - Setting next_dagrun for example_subdag_operator.section-2 to None, run_after=None
[2024-03-09T11:17:21.291+0000] {processor.py:183} INFO - Processing /home/airflow/.local/lib/python3.8/site-packages/airflow/example_dags/example_subdag_operator.py took 0.170 seconds
[2024-03-09T11:17:51.490+0000] {processor.py:161} INFO - Started process (PID=5343) to work on /home/airflow/.local/lib/python3.8/site-packages/airflow/example_dags/example_subdag_operator.py
[2024-03-09T11:17:51.492+0000] {processor.py:830} INFO - Processing file /home/airflow/.local/lib/python3.8/site-packages/airflow/example_dags/example_subdag_operator.py for tasks to queue
[2024-03-09T11:17:51.495+0000] {logging_mixin.py:188} INFO - [2024-03-09T11:17:51.494+0000] {dagbag.py:540} INFO - Filling up the DagBag from /home/airflow/.local/lib/python3.8/site-packages/airflow/example_dags/example_subdag_operator.py
[2024-03-09T11:17:51.535+0000] {processor.py:840} INFO - DAG(s) 'example_subdag_operator.section-1', 'example_subdag_operator.section-2', 'example_subdag_operator' retrieved from /home/airflow/.local/lib/python3.8/site-packages/airflow/example_dags/example_subdag_operator.py
[2024-03-09T11:17:51.563+0000] {logging_mixin.py:188} INFO - [2024-03-09T11:17:51.563+0000] {dag.py:3047} INFO - Sync 3 DAGs
[2024-03-09T11:17:51.599+0000] {logging_mixin.py:188} INFO - [2024-03-09T11:17:51.599+0000] {dag.py:3834} INFO - Setting next_dagrun for example_subdag_operator to 2022-01-01 00:00:00+00:00, run_after=2022-01-01 00:00:00+00:00
[2024-03-09T11:17:51.605+0000] {logging_mixin.py:188} INFO - [2024-03-09T11:17:51.605+0000] {dag.py:3834} INFO - Setting next_dagrun for example_subdag_operator.section-1 to None, run_after=None
[2024-03-09T11:17:51.608+0000] {logging_mixin.py:188} INFO - [2024-03-09T11:17:51.607+0000] {dag.py:3834} INFO - Setting next_dagrun for example_subdag_operator.section-2 to None, run_after=None
[2024-03-09T11:17:51.622+0000] {logging_mixin.py:188} INFO - [2024-03-09T11:17:51.621+0000] {dag.py:3047} INFO - Sync 2 DAGs
[2024-03-09T11:17:51.630+0000] {logging_mixin.py:188} INFO - [2024-03-09T11:17:51.630+0000] {dag.py:3834} INFO - Setting next_dagrun for example_subdag_operator.section-1 to None, run_after=None
[2024-03-09T11:17:51.631+0000] {logging_mixin.py:188} INFO - [2024-03-09T11:17:51.631+0000] {dag.py:3834} INFO - Setting next_dagrun for example_subdag_operator.section-2 to None, run_after=None
[2024-03-09T11:17:51.648+0000] {processor.py:183} INFO - Processing /home/airflow/.local/lib/python3.8/site-packages/airflow/example_dags/example_subdag_operator.py took 0.164 seconds
[2024-03-09T11:18:21.833+0000] {processor.py:161} INFO - Started process (PID=5590) to work on /home/airflow/.local/lib/python3.8/site-packages/airflow/example_dags/example_subdag_operator.py
[2024-03-09T11:18:21.836+0000] {processor.py:830} INFO - Processing file /home/airflow/.local/lib/python3.8/site-packages/airflow/example_dags/example_subdag_operator.py for tasks to queue
[2024-03-09T11:18:21.837+0000] {logging_mixin.py:188} INFO - [2024-03-09T11:18:21.837+0000] {dagbag.py:540} INFO - Filling up the DagBag from /home/airflow/.local/lib/python3.8/site-packages/airflow/example_dags/example_subdag_operator.py
[2024-03-09T11:18:21.876+0000] {processor.py:840} INFO - DAG(s) 'example_subdag_operator.section-1', 'example_subdag_operator.section-2', 'example_subdag_operator' retrieved from /home/airflow/.local/lib/python3.8/site-packages/airflow/example_dags/example_subdag_operator.py
[2024-03-09T11:18:21.900+0000] {logging_mixin.py:188} INFO - [2024-03-09T11:18:21.900+0000] {dag.py:3047} INFO - Sync 3 DAGs
[2024-03-09T11:18:21.931+0000] {logging_mixin.py:188} INFO - [2024-03-09T11:18:21.931+0000] {dag.py:3834} INFO - Setting next_dagrun for example_subdag_operator to 2022-01-01 00:00:00+00:00, run_after=2022-01-01 00:00:00+00:00
[2024-03-09T11:18:21.938+0000] {logging_mixin.py:188} INFO - [2024-03-09T11:18:21.937+0000] {dag.py:3834} INFO - Setting next_dagrun for example_subdag_operator.section-1 to None, run_after=None
[2024-03-09T11:18:21.940+0000] {logging_mixin.py:188} INFO - [2024-03-09T11:18:21.940+0000] {dag.py:3834} INFO - Setting next_dagrun for example_subdag_operator.section-2 to None, run_after=None
[2024-03-09T11:18:21.952+0000] {logging_mixin.py:188} INFO - [2024-03-09T11:18:21.952+0000] {dag.py:3047} INFO - Sync 2 DAGs
[2024-03-09T11:18:21.961+0000] {logging_mixin.py:188} INFO - [2024-03-09T11:18:21.961+0000] {dag.py:3834} INFO - Setting next_dagrun for example_subdag_operator.section-1 to None, run_after=None
[2024-03-09T11:18:21.962+0000] {logging_mixin.py:188} INFO - [2024-03-09T11:18:21.962+0000] {dag.py:3834} INFO - Setting next_dagrun for example_subdag_operator.section-2 to None, run_after=None
[2024-03-09T11:18:21.983+0000] {processor.py:183} INFO - Processing /home/airflow/.local/lib/python3.8/site-packages/airflow/example_dags/example_subdag_operator.py took 0.154 seconds
[2024-03-09T11:18:52.424+0000] {processor.py:161} INFO - Started process (PID=5837) to work on /home/airflow/.local/lib/python3.8/site-packages/airflow/example_dags/example_subdag_operator.py
[2024-03-09T11:18:52.426+0000] {processor.py:830} INFO - Processing file /home/airflow/.local/lib/python3.8/site-packages/airflow/example_dags/example_subdag_operator.py for tasks to queue
[2024-03-09T11:18:52.428+0000] {logging_mixin.py:188} INFO - [2024-03-09T11:18:52.427+0000] {dagbag.py:540} INFO - Filling up the DagBag from /home/airflow/.local/lib/python3.8/site-packages/airflow/example_dags/example_subdag_operator.py
[2024-03-09T11:18:52.465+0000] {processor.py:840} INFO - DAG(s) 'example_subdag_operator.section-1', 'example_subdag_operator.section-2', 'example_subdag_operator' retrieved from /home/airflow/.local/lib/python3.8/site-packages/airflow/example_dags/example_subdag_operator.py
[2024-03-09T11:18:52.491+0000] {logging_mixin.py:188} INFO - [2024-03-09T11:18:52.491+0000] {dag.py:3047} INFO - Sync 3 DAGs
[2024-03-09T11:18:52.529+0000] {logging_mixin.py:188} INFO - [2024-03-09T11:18:52.528+0000] {dag.py:3834} INFO - Setting next_dagrun for example_subdag_operator to 2022-01-01 00:00:00+00:00, run_after=2022-01-01 00:00:00+00:00
[2024-03-09T11:18:52.536+0000] {logging_mixin.py:188} INFO - [2024-03-09T11:18:52.536+0000] {dag.py:3834} INFO - Setting next_dagrun for example_subdag_operator.section-1 to None, run_after=None
[2024-03-09T11:18:52.539+0000] {logging_mixin.py:188} INFO - [2024-03-09T11:18:52.539+0000] {dag.py:3834} INFO - Setting next_dagrun for example_subdag_operator.section-2 to None, run_after=None
[2024-03-09T11:18:52.552+0000] {logging_mixin.py:188} INFO - [2024-03-09T11:18:52.551+0000] {dag.py:3047} INFO - Sync 2 DAGs
[2024-03-09T11:18:52.561+0000] {logging_mixin.py:188} INFO - [2024-03-09T11:18:52.561+0000] {dag.py:3834} INFO - Setting next_dagrun for example_subdag_operator.section-1 to None, run_after=None
[2024-03-09T11:18:52.562+0000] {logging_mixin.py:188} INFO - [2024-03-09T11:18:52.562+0000] {dag.py:3834} INFO - Setting next_dagrun for example_subdag_operator.section-2 to None, run_after=None
[2024-03-09T11:18:52.584+0000] {processor.py:183} INFO - Processing /home/airflow/.local/lib/python3.8/site-packages/airflow/example_dags/example_subdag_operator.py took 0.166 seconds
[2024-03-09T11:19:22.629+0000] {processor.py:161} INFO - Started process (PID=6084) to work on /home/airflow/.local/lib/python3.8/site-packages/airflow/example_dags/example_subdag_operator.py
[2024-03-09T11:19:22.631+0000] {processor.py:830} INFO - Processing file /home/airflow/.local/lib/python3.8/site-packages/airflow/example_dags/example_subdag_operator.py for tasks to queue
[2024-03-09T11:19:22.632+0000] {logging_mixin.py:188} INFO - [2024-03-09T11:19:22.632+0000] {dagbag.py:540} INFO - Filling up the DagBag from /home/airflow/.local/lib/python3.8/site-packages/airflow/example_dags/example_subdag_operator.py
[2024-03-09T11:19:22.667+0000] {processor.py:840} INFO - DAG(s) 'example_subdag_operator.section-1', 'example_subdag_operator.section-2', 'example_subdag_operator' retrieved from /home/airflow/.local/lib/python3.8/site-packages/airflow/example_dags/example_subdag_operator.py
[2024-03-09T11:19:22.691+0000] {logging_mixin.py:188} INFO - [2024-03-09T11:19:22.691+0000] {dag.py:3047} INFO - Sync 3 DAGs
[2024-03-09T11:19:22.726+0000] {logging_mixin.py:188} INFO - [2024-03-09T11:19:22.725+0000] {dag.py:3834} INFO - Setting next_dagrun for example_subdag_operator to 2022-01-01 00:00:00+00:00, run_after=2022-01-01 00:00:00+00:00
[2024-03-09T11:19:22.733+0000] {logging_mixin.py:188} INFO - [2024-03-09T11:19:22.733+0000] {dag.py:3834} INFO - Setting next_dagrun for example_subdag_operator.section-1 to None, run_after=None
[2024-03-09T11:19:22.736+0000] {logging_mixin.py:188} INFO - [2024-03-09T11:19:22.735+0000] {dag.py:3834} INFO - Setting next_dagrun for example_subdag_operator.section-2 to None, run_after=None
[2024-03-09T11:19:22.750+0000] {logging_mixin.py:188} INFO - [2024-03-09T11:19:22.749+0000] {dag.py:3047} INFO - Sync 2 DAGs
[2024-03-09T11:19:22.758+0000] {logging_mixin.py:188} INFO - [2024-03-09T11:19:22.758+0000] {dag.py:3834} INFO - Setting next_dagrun for example_subdag_operator.section-1 to None, run_after=None
[2024-03-09T11:19:22.759+0000] {logging_mixin.py:188} INFO - [2024-03-09T11:19:22.759+0000] {dag.py:3834} INFO - Setting next_dagrun for example_subdag_operator.section-2 to None, run_after=None
[2024-03-09T11:19:22.789+0000] {processor.py:183} INFO - Processing /home/airflow/.local/lib/python3.8/site-packages/airflow/example_dags/example_subdag_operator.py took 0.165 seconds
[2024-03-09T11:19:53.403+0000] {processor.py:161} INFO - Started process (PID=6331) to work on /home/airflow/.local/lib/python3.8/site-packages/airflow/example_dags/example_subdag_operator.py
[2024-03-09T11:19:53.405+0000] {processor.py:830} INFO - Processing file /home/airflow/.local/lib/python3.8/site-packages/airflow/example_dags/example_subdag_operator.py for tasks to queue
[2024-03-09T11:19:53.407+0000] {logging_mixin.py:188} INFO - [2024-03-09T11:19:53.407+0000] {dagbag.py:540} INFO - Filling up the DagBag from /home/airflow/.local/lib/python3.8/site-packages/airflow/example_dags/example_subdag_operator.py
[2024-03-09T11:19:53.444+0000] {processor.py:840} INFO - DAG(s) 'example_subdag_operator.section-1', 'example_subdag_operator.section-2', 'example_subdag_operator' retrieved from /home/airflow/.local/lib/python3.8/site-packages/airflow/example_dags/example_subdag_operator.py
[2024-03-09T11:19:53.470+0000] {logging_mixin.py:188} INFO - [2024-03-09T11:19:53.470+0000] {dag.py:3047} INFO - Sync 3 DAGs
[2024-03-09T11:19:53.507+0000] {logging_mixin.py:188} INFO - [2024-03-09T11:19:53.507+0000] {dag.py:3834} INFO - Setting next_dagrun for example_subdag_operator to 2022-01-01 00:00:00+00:00, run_after=2022-01-01 00:00:00+00:00
[2024-03-09T11:19:53.513+0000] {logging_mixin.py:188} INFO - [2024-03-09T11:19:53.513+0000] {dag.py:3834} INFO - Setting next_dagrun for example_subdag_operator.section-1 to None, run_after=None
[2024-03-09T11:19:53.516+0000] {logging_mixin.py:188} INFO - [2024-03-09T11:19:53.515+0000] {dag.py:3834} INFO - Setting next_dagrun for example_subdag_operator.section-2 to None, run_after=None
[2024-03-09T11:19:53.530+0000] {logging_mixin.py:188} INFO - [2024-03-09T11:19:53.530+0000] {dag.py:3047} INFO - Sync 2 DAGs
[2024-03-09T11:19:53.539+0000] {logging_mixin.py:188} INFO - [2024-03-09T11:19:53.539+0000] {dag.py:3834} INFO - Setting next_dagrun for example_subdag_operator.section-1 to None, run_after=None
[2024-03-09T11:19:53.540+0000] {logging_mixin.py:188} INFO - [2024-03-09T11:19:53.540+0000] {dag.py:3834} INFO - Setting next_dagrun for example_subdag_operator.section-2 to None, run_after=None
[2024-03-09T11:19:53.558+0000] {processor.py:183} INFO - Processing /home/airflow/.local/lib/python3.8/site-packages/airflow/example_dags/example_subdag_operator.py took 0.160 seconds
[2024-03-09T11:20:24.158+0000] {processor.py:161} INFO - Started process (PID=6578) to work on /home/airflow/.local/lib/python3.8/site-packages/airflow/example_dags/example_subdag_operator.py
[2024-03-09T11:20:24.159+0000] {processor.py:830} INFO - Processing file /home/airflow/.local/lib/python3.8/site-packages/airflow/example_dags/example_subdag_operator.py for tasks to queue
[2024-03-09T11:20:24.161+0000] {logging_mixin.py:188} INFO - [2024-03-09T11:20:24.161+0000] {dagbag.py:540} INFO - Filling up the DagBag from /home/airflow/.local/lib/python3.8/site-packages/airflow/example_dags/example_subdag_operator.py
[2024-03-09T11:20:24.204+0000] {processor.py:840} INFO - DAG(s) 'example_subdag_operator.section-1', 'example_subdag_operator.section-2', 'example_subdag_operator' retrieved from /home/airflow/.local/lib/python3.8/site-packages/airflow/example_dags/example_subdag_operator.py
[2024-03-09T11:20:24.229+0000] {logging_mixin.py:188} INFO - [2024-03-09T11:20:24.228+0000] {dag.py:3047} INFO - Sync 3 DAGs
[2024-03-09T11:20:24.260+0000] {logging_mixin.py:188} INFO - [2024-03-09T11:20:24.260+0000] {dag.py:3834} INFO - Setting next_dagrun for example_subdag_operator to 2022-01-01 00:00:00+00:00, run_after=2022-01-01 00:00:00+00:00
[2024-03-09T11:20:24.266+0000] {logging_mixin.py:188} INFO - [2024-03-09T11:20:24.265+0000] {dag.py:3834} INFO - Setting next_dagrun for example_subdag_operator.section-1 to None, run_after=None
[2024-03-09T11:20:24.268+0000] {logging_mixin.py:188} INFO - [2024-03-09T11:20:24.267+0000] {dag.py:3834} INFO - Setting next_dagrun for example_subdag_operator.section-2 to None, run_after=None
[2024-03-09T11:20:24.279+0000] {logging_mixin.py:188} INFO - [2024-03-09T11:20:24.278+0000] {dag.py:3047} INFO - Sync 2 DAGs
[2024-03-09T11:20:24.287+0000] {logging_mixin.py:188} INFO - [2024-03-09T11:20:24.287+0000] {dag.py:3834} INFO - Setting next_dagrun for example_subdag_operator.section-1 to None, run_after=None
[2024-03-09T11:20:24.288+0000] {logging_mixin.py:188} INFO - [2024-03-09T11:20:24.288+0000] {dag.py:3834} INFO - Setting next_dagrun for example_subdag_operator.section-2 to None, run_after=None
[2024-03-09T11:20:24.308+0000] {processor.py:183} INFO - Processing /home/airflow/.local/lib/python3.8/site-packages/airflow/example_dags/example_subdag_operator.py took 0.156 seconds
[2024-03-09T11:20:54.989+0000] {processor.py:161} INFO - Started process (PID=6825) to work on /home/airflow/.local/lib/python3.8/site-packages/airflow/example_dags/example_subdag_operator.py
[2024-03-09T11:20:54.991+0000] {processor.py:830} INFO - Processing file /home/airflow/.local/lib/python3.8/site-packages/airflow/example_dags/example_subdag_operator.py for tasks to queue
[2024-03-09T11:20:54.993+0000] {logging_mixin.py:188} INFO - [2024-03-09T11:20:54.992+0000] {dagbag.py:540} INFO - Filling up the DagBag from /home/airflow/.local/lib/python3.8/site-packages/airflow/example_dags/example_subdag_operator.py
[2024-03-09T11:20:55.038+0000] {processor.py:840} INFO - DAG(s) 'example_subdag_operator.section-1', 'example_subdag_operator.section-2', 'example_subdag_operator' retrieved from /home/airflow/.local/lib/python3.8/site-packages/airflow/example_dags/example_subdag_operator.py
[2024-03-09T11:20:55.066+0000] {logging_mixin.py:188} INFO - [2024-03-09T11:20:55.066+0000] {dag.py:3047} INFO - Sync 3 DAGs
[2024-03-09T11:20:55.099+0000] {logging_mixin.py:188} INFO - [2024-03-09T11:20:55.099+0000] {dag.py:3834} INFO - Setting next_dagrun for example_subdag_operator to 2022-01-01 00:00:00+00:00, run_after=2022-01-01 00:00:00+00:00
[2024-03-09T11:20:55.106+0000] {logging_mixin.py:188} INFO - [2024-03-09T11:20:55.105+0000] {dag.py:3834} INFO - Setting next_dagrun for example_subdag_operator.section-1 to None, run_after=None
[2024-03-09T11:20:55.108+0000] {logging_mixin.py:188} INFO - [2024-03-09T11:20:55.108+0000] {dag.py:3834} INFO - Setting next_dagrun for example_subdag_operator.section-2 to None, run_after=None
[2024-03-09T11:20:55.122+0000] {logging_mixin.py:188} INFO - [2024-03-09T11:20:55.122+0000] {dag.py:3047} INFO - Sync 2 DAGs
[2024-03-09T11:20:55.130+0000] {logging_mixin.py:188} INFO - [2024-03-09T11:20:55.130+0000] {dag.py:3834} INFO - Setting next_dagrun for example_subdag_operator.section-1 to None, run_after=None
[2024-03-09T11:20:55.131+0000] {logging_mixin.py:188} INFO - [2024-03-09T11:20:55.131+0000] {dag.py:3834} INFO - Setting next_dagrun for example_subdag_operator.section-2 to None, run_after=None
[2024-03-09T11:20:55.149+0000] {processor.py:183} INFO - Processing /home/airflow/.local/lib/python3.8/site-packages/airflow/example_dags/example_subdag_operator.py took 0.165 seconds
[2024-03-09T11:21:25.855+0000] {processor.py:161} INFO - Started process (PID=7072) to work on /home/airflow/.local/lib/python3.8/site-packages/airflow/example_dags/example_subdag_operator.py
[2024-03-09T11:21:25.857+0000] {processor.py:830} INFO - Processing file /home/airflow/.local/lib/python3.8/site-packages/airflow/example_dags/example_subdag_operator.py for tasks to queue
[2024-03-09T11:21:25.860+0000] {logging_mixin.py:188} INFO - [2024-03-09T11:21:25.859+0000] {dagbag.py:540} INFO - Filling up the DagBag from /home/airflow/.local/lib/python3.8/site-packages/airflow/example_dags/example_subdag_operator.py
[2024-03-09T11:21:25.902+0000] {processor.py:840} INFO - DAG(s) 'example_subdag_operator.section-1', 'example_subdag_operator.section-2', 'example_subdag_operator' retrieved from /home/airflow/.local/lib/python3.8/site-packages/airflow/example_dags/example_subdag_operator.py
[2024-03-09T11:21:25.936+0000] {logging_mixin.py:188} INFO - [2024-03-09T11:21:25.936+0000] {dag.py:3047} INFO - Sync 3 DAGs
[2024-03-09T11:21:25.972+0000] {logging_mixin.py:188} INFO - [2024-03-09T11:21:25.971+0000] {dag.py:3834} INFO - Setting next_dagrun for example_subdag_operator to 2022-01-01 00:00:00+00:00, run_after=2022-01-01 00:00:00+00:00
[2024-03-09T11:21:25.979+0000] {logging_mixin.py:188} INFO - [2024-03-09T11:21:25.978+0000] {dag.py:3834} INFO - Setting next_dagrun for example_subdag_operator.section-1 to None, run_after=None
[2024-03-09T11:21:25.982+0000] {logging_mixin.py:188} INFO - [2024-03-09T11:21:25.982+0000] {dag.py:3834} INFO - Setting next_dagrun for example_subdag_operator.section-2 to None, run_after=None
[2024-03-09T11:21:25.994+0000] {logging_mixin.py:188} INFO - [2024-03-09T11:21:25.994+0000] {dag.py:3047} INFO - Sync 2 DAGs
[2024-03-09T11:21:26.002+0000] {logging_mixin.py:188} INFO - [2024-03-09T11:21:26.002+0000] {dag.py:3834} INFO - Setting next_dagrun for example_subdag_operator.section-1 to None, run_after=None
[2024-03-09T11:21:26.003+0000] {logging_mixin.py:188} INFO - [2024-03-09T11:21:26.003+0000] {dag.py:3834} INFO - Setting next_dagrun for example_subdag_operator.section-2 to None, run_after=None
[2024-03-09T11:21:26.021+0000] {processor.py:183} INFO - Processing /home/airflow/.local/lib/python3.8/site-packages/airflow/example_dags/example_subdag_operator.py took 0.172 seconds
[2024-03-09T13:38:20.615+0000] {processor.py:161} INFO - Started process (PID=7309) to work on /home/airflow/.local/lib/python3.8/site-packages/airflow/example_dags/example_subdag_operator.py
[2024-03-09T13:38:20.618+0000] {processor.py:830} INFO - Processing file /home/airflow/.local/lib/python3.8/site-packages/airflow/example_dags/example_subdag_operator.py for tasks to queue
[2024-03-09T13:38:20.620+0000] {logging_mixin.py:188} INFO - [2024-03-09T13:38:20.619+0000] {dagbag.py:540} INFO - Filling up the DagBag from /home/airflow/.local/lib/python3.8/site-packages/airflow/example_dags/example_subdag_operator.py
[2024-03-09T13:38:20.662+0000] {processor.py:840} INFO - DAG(s) 'example_subdag_operator.section-1', 'example_subdag_operator.section-2', 'example_subdag_operator' retrieved from /home/airflow/.local/lib/python3.8/site-packages/airflow/example_dags/example_subdag_operator.py
[2024-03-09T13:38:20.699+0000] {logging_mixin.py:188} INFO - [2024-03-09T13:38:20.698+0000] {dag.py:3047} INFO - Sync 3 DAGs
[2024-03-09T13:38:20.750+0000] {logging_mixin.py:188} INFO - [2024-03-09T13:38:20.750+0000] {dag.py:3834} INFO - Setting next_dagrun for example_subdag_operator to 2022-01-01 00:00:00+00:00, run_after=2022-01-01 00:00:00+00:00
[2024-03-09T13:38:20.759+0000] {logging_mixin.py:188} INFO - [2024-03-09T13:38:20.758+0000] {dag.py:3834} INFO - Setting next_dagrun for example_subdag_operator.section-1 to None, run_after=None
[2024-03-09T13:38:20.762+0000] {logging_mixin.py:188} INFO - [2024-03-09T13:38:20.762+0000] {dag.py:3834} INFO - Setting next_dagrun for example_subdag_operator.section-2 to None, run_after=None
[2024-03-09T13:38:20.776+0000] {logging_mixin.py:188} INFO - [2024-03-09T13:38:20.775+0000] {dag.py:3047} INFO - Sync 2 DAGs
[2024-03-09T13:38:20.790+0000] {logging_mixin.py:188} INFO - [2024-03-09T13:38:20.790+0000] {dag.py:3834} INFO - Setting next_dagrun for example_subdag_operator.section-1 to None, run_after=None
[2024-03-09T13:38:20.792+0000] {logging_mixin.py:188} INFO - [2024-03-09T13:38:20.791+0000] {dag.py:3834} INFO - Setting next_dagrun for example_subdag_operator.section-2 to None, run_after=None
[2024-03-09T13:38:20.816+0000] {processor.py:183} INFO - Processing /home/airflow/.local/lib/python3.8/site-packages/airflow/example_dags/example_subdag_operator.py took 0.207 seconds
[2024-03-09T13:38:51.102+0000] {processor.py:161} INFO - Started process (PID=7556) to work on /home/airflow/.local/lib/python3.8/site-packages/airflow/example_dags/example_subdag_operator.py
[2024-03-09T13:38:51.104+0000] {processor.py:830} INFO - Processing file /home/airflow/.local/lib/python3.8/site-packages/airflow/example_dags/example_subdag_operator.py for tasks to queue
[2024-03-09T13:38:51.106+0000] {logging_mixin.py:188} INFO - [2024-03-09T13:38:51.105+0000] {dagbag.py:540} INFO - Filling up the DagBag from /home/airflow/.local/lib/python3.8/site-packages/airflow/example_dags/example_subdag_operator.py
[2024-03-09T13:38:51.159+0000] {processor.py:840} INFO - DAG(s) 'example_subdag_operator.section-1', 'example_subdag_operator.section-2', 'example_subdag_operator' retrieved from /home/airflow/.local/lib/python3.8/site-packages/airflow/example_dags/example_subdag_operator.py
[2024-03-09T13:38:51.200+0000] {logging_mixin.py:188} INFO - [2024-03-09T13:38:51.200+0000] {dag.py:3047} INFO - Sync 3 DAGs
[2024-03-09T13:38:51.248+0000] {logging_mixin.py:188} INFO - [2024-03-09T13:38:51.247+0000] {dag.py:3834} INFO - Setting next_dagrun for example_subdag_operator to 2022-01-01 00:00:00+00:00, run_after=2022-01-01 00:00:00+00:00
[2024-03-09T13:38:51.261+0000] {logging_mixin.py:188} INFO - [2024-03-09T13:38:51.261+0000] {dag.py:3834} INFO - Setting next_dagrun for example_subdag_operator.section-1 to None, run_after=None
[2024-03-09T13:38:51.264+0000] {logging_mixin.py:188} INFO - [2024-03-09T13:38:51.264+0000] {dag.py:3834} INFO - Setting next_dagrun for example_subdag_operator.section-2 to None, run_after=None
[2024-03-09T13:38:51.279+0000] {logging_mixin.py:188} INFO - [2024-03-09T13:38:51.278+0000] {dag.py:3047} INFO - Sync 2 DAGs
[2024-03-09T13:38:51.290+0000] {logging_mixin.py:188} INFO - [2024-03-09T13:38:51.289+0000] {dag.py:3834} INFO - Setting next_dagrun for example_subdag_operator.section-1 to None, run_after=None
[2024-03-09T13:38:51.291+0000] {logging_mixin.py:188} INFO - [2024-03-09T13:38:51.291+0000] {dag.py:3834} INFO - Setting next_dagrun for example_subdag_operator.section-2 to None, run_after=None
[2024-03-09T13:38:51.311+0000] {processor.py:183} INFO - Processing /home/airflow/.local/lib/python3.8/site-packages/airflow/example_dags/example_subdag_operator.py took 0.215 seconds
[2024-03-09T13:39:22.730+0000] {processor.py:161} INFO - Started process (PID=7803) to work on /home/airflow/.local/lib/python3.8/site-packages/airflow/example_dags/example_subdag_operator.py
[2024-03-09T13:39:22.733+0000] {processor.py:830} INFO - Processing file /home/airflow/.local/lib/python3.8/site-packages/airflow/example_dags/example_subdag_operator.py for tasks to queue
[2024-03-09T13:39:22.736+0000] {logging_mixin.py:188} INFO - [2024-03-09T13:39:22.735+0000] {dagbag.py:540} INFO - Filling up the DagBag from /home/airflow/.local/lib/python3.8/site-packages/airflow/example_dags/example_subdag_operator.py
[2024-03-09T13:39:22.793+0000] {processor.py:840} INFO - DAG(s) 'example_subdag_operator.section-1', 'example_subdag_operator.section-2', 'example_subdag_operator' retrieved from /home/airflow/.local/lib/python3.8/site-packages/airflow/example_dags/example_subdag_operator.py
[2024-03-09T13:39:22.826+0000] {logging_mixin.py:188} INFO - [2024-03-09T13:39:22.825+0000] {dag.py:3047} INFO - Sync 3 DAGs
[2024-03-09T13:39:22.864+0000] {logging_mixin.py:188} INFO - [2024-03-09T13:39:22.863+0000] {dag.py:3834} INFO - Setting next_dagrun for example_subdag_operator to 2022-01-01 00:00:00+00:00, run_after=2022-01-01 00:00:00+00:00
[2024-03-09T13:39:22.870+0000] {logging_mixin.py:188} INFO - [2024-03-09T13:39:22.870+0000] {dag.py:3834} INFO - Setting next_dagrun for example_subdag_operator.section-1 to None, run_after=None
[2024-03-09T13:39:22.873+0000] {logging_mixin.py:188} INFO - [2024-03-09T13:39:22.872+0000] {dag.py:3834} INFO - Setting next_dagrun for example_subdag_operator.section-2 to None, run_after=None
[2024-03-09T13:39:22.885+0000] {logging_mixin.py:188} INFO - [2024-03-09T13:39:22.885+0000] {dag.py:3047} INFO - Sync 2 DAGs
[2024-03-09T13:39:22.895+0000] {logging_mixin.py:188} INFO - [2024-03-09T13:39:22.895+0000] {dag.py:3834} INFO - Setting next_dagrun for example_subdag_operator.section-1 to None, run_after=None
[2024-03-09T13:39:22.896+0000] {logging_mixin.py:188} INFO - [2024-03-09T13:39:22.896+0000] {dag.py:3834} INFO - Setting next_dagrun for example_subdag_operator.section-2 to None, run_after=None
[2024-03-09T13:39:22.916+0000] {processor.py:183} INFO - Processing /home/airflow/.local/lib/python3.8/site-packages/airflow/example_dags/example_subdag_operator.py took 0.192 seconds
[2024-03-09T13:39:53.984+0000] {processor.py:161} INFO - Started process (PID=8052) to work on /home/airflow/.local/lib/python3.8/site-packages/airflow/example_dags/example_subdag_operator.py
[2024-03-09T13:39:53.985+0000] {processor.py:830} INFO - Processing file /home/airflow/.local/lib/python3.8/site-packages/airflow/example_dags/example_subdag_operator.py for tasks to queue
[2024-03-09T13:39:53.987+0000] {logging_mixin.py:188} INFO - [2024-03-09T13:39:53.987+0000] {dagbag.py:540} INFO - Filling up the DagBag from /home/airflow/.local/lib/python3.8/site-packages/airflow/example_dags/example_subdag_operator.py
[2024-03-09T13:39:54.024+0000] {processor.py:840} INFO - DAG(s) 'example_subdag_operator.section-1', 'example_subdag_operator.section-2', 'example_subdag_operator' retrieved from /home/airflow/.local/lib/python3.8/site-packages/airflow/example_dags/example_subdag_operator.py
[2024-03-09T13:39:54.053+0000] {logging_mixin.py:188} INFO - [2024-03-09T13:39:54.053+0000] {dag.py:3047} INFO - Sync 3 DAGs
[2024-03-09T13:39:54.089+0000] {logging_mixin.py:188} INFO - [2024-03-09T13:39:54.088+0000] {dag.py:3834} INFO - Setting next_dagrun for example_subdag_operator to 2022-01-01 00:00:00+00:00, run_after=2022-01-01 00:00:00+00:00
[2024-03-09T13:39:54.094+0000] {logging_mixin.py:188} INFO - [2024-03-09T13:39:54.094+0000] {dag.py:3834} INFO - Setting next_dagrun for example_subdag_operator.section-1 to None, run_after=None
[2024-03-09T13:39:54.098+0000] {logging_mixin.py:188} INFO - [2024-03-09T13:39:54.098+0000] {dag.py:3834} INFO - Setting next_dagrun for example_subdag_operator.section-2 to None, run_after=None
[2024-03-09T13:39:54.110+0000] {logging_mixin.py:188} INFO - [2024-03-09T13:39:54.110+0000] {dag.py:3047} INFO - Sync 2 DAGs
[2024-03-09T13:39:54.122+0000] {logging_mixin.py:188} INFO - [2024-03-09T13:39:54.122+0000] {dag.py:3834} INFO - Setting next_dagrun for example_subdag_operator.section-1 to None, run_after=None
[2024-03-09T13:39:54.123+0000] {logging_mixin.py:188} INFO - [2024-03-09T13:39:54.123+0000] {dag.py:3834} INFO - Setting next_dagrun for example_subdag_operator.section-2 to None, run_after=None
[2024-03-09T13:39:54.144+0000] {processor.py:183} INFO - Processing /home/airflow/.local/lib/python3.8/site-packages/airflow/example_dags/example_subdag_operator.py took 0.166 seconds
[2024-03-09T13:40:24.261+0000] {processor.py:161} INFO - Started process (PID=8302) to work on /home/airflow/.local/lib/python3.8/site-packages/airflow/example_dags/example_subdag_operator.py
[2024-03-09T13:40:24.263+0000] {processor.py:830} INFO - Processing file /home/airflow/.local/lib/python3.8/site-packages/airflow/example_dags/example_subdag_operator.py for tasks to queue
[2024-03-09T13:40:24.265+0000] {logging_mixin.py:188} INFO - [2024-03-09T13:40:24.265+0000] {dagbag.py:540} INFO - Filling up the DagBag from /home/airflow/.local/lib/python3.8/site-packages/airflow/example_dags/example_subdag_operator.py
[2024-03-09T13:40:24.307+0000] {processor.py:840} INFO - DAG(s) 'example_subdag_operator.section-1', 'example_subdag_operator.section-2', 'example_subdag_operator' retrieved from /home/airflow/.local/lib/python3.8/site-packages/airflow/example_dags/example_subdag_operator.py
[2024-03-09T13:40:24.336+0000] {logging_mixin.py:188} INFO - [2024-03-09T13:40:24.335+0000] {dag.py:3047} INFO - Sync 3 DAGs
[2024-03-09T13:40:24.373+0000] {logging_mixin.py:188} INFO - [2024-03-09T13:40:24.372+0000] {dag.py:3834} INFO - Setting next_dagrun for example_subdag_operator to 2022-01-01 00:00:00+00:00, run_after=2022-01-01 00:00:00+00:00
[2024-03-09T13:40:24.379+0000] {logging_mixin.py:188} INFO - [2024-03-09T13:40:24.378+0000] {dag.py:3834} INFO - Setting next_dagrun for example_subdag_operator.section-1 to None, run_after=None
[2024-03-09T13:40:24.383+0000] {logging_mixin.py:188} INFO - [2024-03-09T13:40:24.382+0000] {dag.py:3834} INFO - Setting next_dagrun for example_subdag_operator.section-2 to None, run_after=None
[2024-03-09T13:40:24.394+0000] {logging_mixin.py:188} INFO - [2024-03-09T13:40:24.393+0000] {dag.py:3047} INFO - Sync 2 DAGs
[2024-03-09T13:40:24.403+0000] {logging_mixin.py:188} INFO - [2024-03-09T13:40:24.403+0000] {dag.py:3834} INFO - Setting next_dagrun for example_subdag_operator.section-1 to None, run_after=None
[2024-03-09T13:40:24.404+0000] {logging_mixin.py:188} INFO - [2024-03-09T13:40:24.404+0000] {dag.py:3834} INFO - Setting next_dagrun for example_subdag_operator.section-2 to None, run_after=None
[2024-03-09T13:40:24.424+0000] {processor.py:183} INFO - Processing /home/airflow/.local/lib/python3.8/site-packages/airflow/example_dags/example_subdag_operator.py took 0.168 seconds
[2024-03-09T13:40:54.476+0000] {processor.py:161} INFO - Started process (PID=8551) to work on /home/airflow/.local/lib/python3.8/site-packages/airflow/example_dags/example_subdag_operator.py
[2024-03-09T13:40:54.478+0000] {processor.py:830} INFO - Processing file /home/airflow/.local/lib/python3.8/site-packages/airflow/example_dags/example_subdag_operator.py for tasks to queue
[2024-03-09T13:40:54.480+0000] {logging_mixin.py:188} INFO - [2024-03-09T13:40:54.479+0000] {dagbag.py:540} INFO - Filling up the DagBag from /home/airflow/.local/lib/python3.8/site-packages/airflow/example_dags/example_subdag_operator.py
[2024-03-09T13:40:54.516+0000] {processor.py:840} INFO - DAG(s) 'example_subdag_operator.section-1', 'example_subdag_operator.section-2', 'example_subdag_operator' retrieved from /home/airflow/.local/lib/python3.8/site-packages/airflow/example_dags/example_subdag_operator.py
[2024-03-09T13:40:54.541+0000] {logging_mixin.py:188} INFO - [2024-03-09T13:40:54.541+0000] {dag.py:3047} INFO - Sync 3 DAGs
[2024-03-09T13:40:54.575+0000] {logging_mixin.py:188} INFO - [2024-03-09T13:40:54.574+0000] {dag.py:3834} INFO - Setting next_dagrun for example_subdag_operator to 2022-01-01 00:00:00+00:00, run_after=2022-01-01 00:00:00+00:00
[2024-03-09T13:40:54.581+0000] {logging_mixin.py:188} INFO - [2024-03-09T13:40:54.581+0000] {dag.py:3834} INFO - Setting next_dagrun for example_subdag_operator.section-1 to None, run_after=None
[2024-03-09T13:40:54.584+0000] {logging_mixin.py:188} INFO - [2024-03-09T13:40:54.583+0000] {dag.py:3834} INFO - Setting next_dagrun for example_subdag_operator.section-2 to None, run_after=None
[2024-03-09T13:40:54.595+0000] {logging_mixin.py:188} INFO - [2024-03-09T13:40:54.595+0000] {dag.py:3047} INFO - Sync 2 DAGs
[2024-03-09T13:40:54.604+0000] {logging_mixin.py:188} INFO - [2024-03-09T13:40:54.604+0000] {dag.py:3834} INFO - Setting next_dagrun for example_subdag_operator.section-1 to None, run_after=None
[2024-03-09T13:40:54.605+0000] {logging_mixin.py:188} INFO - [2024-03-09T13:40:54.605+0000] {dag.py:3834} INFO - Setting next_dagrun for example_subdag_operator.section-2 to None, run_after=None
[2024-03-09T13:40:54.624+0000] {processor.py:183} INFO - Processing /home/airflow/.local/lib/python3.8/site-packages/airflow/example_dags/example_subdag_operator.py took 0.153 seconds
[2024-03-09T13:41:25.145+0000] {processor.py:161} INFO - Started process (PID=8796) to work on /home/airflow/.local/lib/python3.8/site-packages/airflow/example_dags/example_subdag_operator.py
[2024-03-09T13:41:25.147+0000] {processor.py:830} INFO - Processing file /home/airflow/.local/lib/python3.8/site-packages/airflow/example_dags/example_subdag_operator.py for tasks to queue
[2024-03-09T13:41:25.149+0000] {logging_mixin.py:188} INFO - [2024-03-09T13:41:25.149+0000] {dagbag.py:540} INFO - Filling up the DagBag from /home/airflow/.local/lib/python3.8/site-packages/airflow/example_dags/example_subdag_operator.py
[2024-03-09T13:41:25.191+0000] {processor.py:840} INFO - DAG(s) 'example_subdag_operator.section-1', 'example_subdag_operator.section-2', 'example_subdag_operator' retrieved from /home/airflow/.local/lib/python3.8/site-packages/airflow/example_dags/example_subdag_operator.py
[2024-03-09T13:41:25.216+0000] {logging_mixin.py:188} INFO - [2024-03-09T13:41:25.216+0000] {dag.py:3047} INFO - Sync 3 DAGs
[2024-03-09T13:41:25.249+0000] {logging_mixin.py:188} INFO - [2024-03-09T13:41:25.248+0000] {dag.py:3834} INFO - Setting next_dagrun for example_subdag_operator to 2022-01-01 00:00:00+00:00, run_after=2022-01-01 00:00:00+00:00
[2024-03-09T13:41:25.254+0000] {logging_mixin.py:188} INFO - [2024-03-09T13:41:25.254+0000] {dag.py:3834} INFO - Setting next_dagrun for example_subdag_operator.section-1 to None, run_after=None
[2024-03-09T13:41:25.257+0000] {logging_mixin.py:188} INFO - [2024-03-09T13:41:25.257+0000] {dag.py:3834} INFO - Setting next_dagrun for example_subdag_operator.section-2 to None, run_after=None
[2024-03-09T13:41:25.268+0000] {logging_mixin.py:188} INFO - [2024-03-09T13:41:25.267+0000] {dag.py:3047} INFO - Sync 2 DAGs
[2024-03-09T13:41:25.276+0000] {logging_mixin.py:188} INFO - [2024-03-09T13:41:25.276+0000] {dag.py:3834} INFO - Setting next_dagrun for example_subdag_operator.section-1 to None, run_after=None
[2024-03-09T13:41:25.277+0000] {logging_mixin.py:188} INFO - [2024-03-09T13:41:25.277+0000] {dag.py:3834} INFO - Setting next_dagrun for example_subdag_operator.section-2 to None, run_after=None
[2024-03-09T13:41:25.296+0000] {processor.py:183} INFO - Processing /home/airflow/.local/lib/python3.8/site-packages/airflow/example_dags/example_subdag_operator.py took 0.159 seconds
[2024-03-09T13:41:55.418+0000] {processor.py:161} INFO - Started process (PID=9038) to work on /home/airflow/.local/lib/python3.8/site-packages/airflow/example_dags/example_subdag_operator.py
[2024-03-09T13:41:55.421+0000] {processor.py:830} INFO - Processing file /home/airflow/.local/lib/python3.8/site-packages/airflow/example_dags/example_subdag_operator.py for tasks to queue
[2024-03-09T13:41:55.423+0000] {logging_mixin.py:188} INFO - [2024-03-09T13:41:55.422+0000] {dagbag.py:540} INFO - Filling up the DagBag from /home/airflow/.local/lib/python3.8/site-packages/airflow/example_dags/example_subdag_operator.py
[2024-03-09T13:41:55.464+0000] {processor.py:840} INFO - DAG(s) 'example_subdag_operator.section-1', 'example_subdag_operator.section-2', 'example_subdag_operator' retrieved from /home/airflow/.local/lib/python3.8/site-packages/airflow/example_dags/example_subdag_operator.py
[2024-03-09T13:41:55.489+0000] {logging_mixin.py:188} INFO - [2024-03-09T13:41:55.488+0000] {dag.py:3047} INFO - Sync 3 DAGs
[2024-03-09T13:41:55.525+0000] {logging_mixin.py:188} INFO - [2024-03-09T13:41:55.525+0000] {dag.py:3834} INFO - Setting next_dagrun for example_subdag_operator to 2022-01-01 00:00:00+00:00, run_after=2022-01-01 00:00:00+00:00
[2024-03-09T13:41:55.532+0000] {logging_mixin.py:188} INFO - [2024-03-09T13:41:55.531+0000] {dag.py:3834} INFO - Setting next_dagrun for example_subdag_operator.section-1 to None, run_after=None
[2024-03-09T13:41:55.535+0000] {logging_mixin.py:188} INFO - [2024-03-09T13:41:55.535+0000] {dag.py:3834} INFO - Setting next_dagrun for example_subdag_operator.section-2 to None, run_after=None
[2024-03-09T13:41:55.549+0000] {logging_mixin.py:188} INFO - [2024-03-09T13:41:55.549+0000] {dag.py:3047} INFO - Sync 2 DAGs
[2024-03-09T13:41:55.559+0000] {logging_mixin.py:188} INFO - [2024-03-09T13:41:55.559+0000] {dag.py:3834} INFO - Setting next_dagrun for example_subdag_operator.section-1 to None, run_after=None
[2024-03-09T13:41:55.560+0000] {logging_mixin.py:188} INFO - [2024-03-09T13:41:55.560+0000] {dag.py:3834} INFO - Setting next_dagrun for example_subdag_operator.section-2 to None, run_after=None
[2024-03-09T13:41:55.578+0000] {processor.py:183} INFO - Processing /home/airflow/.local/lib/python3.8/site-packages/airflow/example_dags/example_subdag_operator.py took 0.165 seconds
[2024-03-09T13:42:25.705+0000] {processor.py:161} INFO - Started process (PID=9285) to work on /home/airflow/.local/lib/python3.8/site-packages/airflow/example_dags/example_subdag_operator.py
[2024-03-09T13:42:25.707+0000] {processor.py:830} INFO - Processing file /home/airflow/.local/lib/python3.8/site-packages/airflow/example_dags/example_subdag_operator.py for tasks to queue
[2024-03-09T13:42:25.709+0000] {logging_mixin.py:188} INFO - [2024-03-09T13:42:25.708+0000] {dagbag.py:540} INFO - Filling up the DagBag from /home/airflow/.local/lib/python3.8/site-packages/airflow/example_dags/example_subdag_operator.py
[2024-03-09T13:42:25.744+0000] {processor.py:840} INFO - DAG(s) 'example_subdag_operator.section-1', 'example_subdag_operator.section-2', 'example_subdag_operator' retrieved from /home/airflow/.local/lib/python3.8/site-packages/airflow/example_dags/example_subdag_operator.py
[2024-03-09T13:42:25.770+0000] {logging_mixin.py:188} INFO - [2024-03-09T13:42:25.769+0000] {dag.py:3047} INFO - Sync 3 DAGs
[2024-03-09T13:42:25.810+0000] {logging_mixin.py:188} INFO - [2024-03-09T13:42:25.809+0000] {dag.py:3834} INFO - Setting next_dagrun for example_subdag_operator to 2022-01-01 00:00:00+00:00, run_after=2022-01-01 00:00:00+00:00
[2024-03-09T13:42:25.816+0000] {logging_mixin.py:188} INFO - [2024-03-09T13:42:25.815+0000] {dag.py:3834} INFO - Setting next_dagrun for example_subdag_operator.section-1 to None, run_after=None
[2024-03-09T13:42:25.818+0000] {logging_mixin.py:188} INFO - [2024-03-09T13:42:25.818+0000] {dag.py:3834} INFO - Setting next_dagrun for example_subdag_operator.section-2 to None, run_after=None
[2024-03-09T13:42:25.829+0000] {logging_mixin.py:188} INFO - [2024-03-09T13:42:25.829+0000] {dag.py:3047} INFO - Sync 2 DAGs
[2024-03-09T13:42:25.839+0000] {logging_mixin.py:188} INFO - [2024-03-09T13:42:25.838+0000] {dag.py:3834} INFO - Setting next_dagrun for example_subdag_operator.section-1 to None, run_after=None
[2024-03-09T13:42:25.840+0000] {logging_mixin.py:188} INFO - [2024-03-09T13:42:25.840+0000] {dag.py:3834} INFO - Setting next_dagrun for example_subdag_operator.section-2 to None, run_after=None
[2024-03-09T13:42:25.858+0000] {processor.py:183} INFO - Processing /home/airflow/.local/lib/python3.8/site-packages/airflow/example_dags/example_subdag_operator.py took 0.157 seconds
[2024-03-09T13:42:56.004+0000] {processor.py:161} INFO - Started process (PID=9532) to work on /home/airflow/.local/lib/python3.8/site-packages/airflow/example_dags/example_subdag_operator.py
[2024-03-09T13:42:56.006+0000] {processor.py:830} INFO - Processing file /home/airflow/.local/lib/python3.8/site-packages/airflow/example_dags/example_subdag_operator.py for tasks to queue
[2024-03-09T13:42:56.008+0000] {logging_mixin.py:188} INFO - [2024-03-09T13:42:56.008+0000] {dagbag.py:540} INFO - Filling up the DagBag from /home/airflow/.local/lib/python3.8/site-packages/airflow/example_dags/example_subdag_operator.py
[2024-03-09T13:42:56.046+0000] {processor.py:840} INFO - DAG(s) 'example_subdag_operator.section-1', 'example_subdag_operator.section-2', 'example_subdag_operator' retrieved from /home/airflow/.local/lib/python3.8/site-packages/airflow/example_dags/example_subdag_operator.py
[2024-03-09T13:42:56.074+0000] {logging_mixin.py:188} INFO - [2024-03-09T13:42:56.073+0000] {dag.py:3047} INFO - Sync 3 DAGs
[2024-03-09T13:42:56.112+0000] {logging_mixin.py:188} INFO - [2024-03-09T13:42:56.111+0000] {dag.py:3834} INFO - Setting next_dagrun for example_subdag_operator to 2022-01-01 00:00:00+00:00, run_after=2022-01-01 00:00:00+00:00
[2024-03-09T13:42:56.118+0000] {logging_mixin.py:188} INFO - [2024-03-09T13:42:56.118+0000] {dag.py:3834} INFO - Setting next_dagrun for example_subdag_operator.section-1 to None, run_after=None
[2024-03-09T13:42:56.121+0000] {logging_mixin.py:188} INFO - [2024-03-09T13:42:56.120+0000] {dag.py:3834} INFO - Setting next_dagrun for example_subdag_operator.section-2 to None, run_after=None
[2024-03-09T13:42:56.132+0000] {logging_mixin.py:188} INFO - [2024-03-09T13:42:56.132+0000] {dag.py:3047} INFO - Sync 2 DAGs
[2024-03-09T13:42:56.142+0000] {logging_mixin.py:188} INFO - [2024-03-09T13:42:56.142+0000] {dag.py:3834} INFO - Setting next_dagrun for example_subdag_operator.section-1 to None, run_after=None
[2024-03-09T13:42:56.143+0000] {logging_mixin.py:188} INFO - [2024-03-09T13:42:56.143+0000] {dag.py:3834} INFO - Setting next_dagrun for example_subdag_operator.section-2 to None, run_after=None
[2024-03-09T13:42:56.165+0000] {processor.py:183} INFO - Processing /home/airflow/.local/lib/python3.8/site-packages/airflow/example_dags/example_subdag_operator.py took 0.166 seconds
[2024-03-09T13:43:26.817+0000] {processor.py:161} INFO - Started process (PID=9779) to work on /home/airflow/.local/lib/python3.8/site-packages/airflow/example_dags/example_subdag_operator.py
[2024-03-09T13:43:26.820+0000] {processor.py:830} INFO - Processing file /home/airflow/.local/lib/python3.8/site-packages/airflow/example_dags/example_subdag_operator.py for tasks to queue
[2024-03-09T13:43:26.821+0000] {logging_mixin.py:188} INFO - [2024-03-09T13:43:26.821+0000] {dagbag.py:540} INFO - Filling up the DagBag from /home/airflow/.local/lib/python3.8/site-packages/airflow/example_dags/example_subdag_operator.py
[2024-03-09T13:43:26.859+0000] {processor.py:840} INFO - DAG(s) 'example_subdag_operator.section-1', 'example_subdag_operator.section-2', 'example_subdag_operator' retrieved from /home/airflow/.local/lib/python3.8/site-packages/airflow/example_dags/example_subdag_operator.py
[2024-03-09T13:43:26.885+0000] {logging_mixin.py:188} INFO - [2024-03-09T13:43:26.885+0000] {dag.py:3047} INFO - Sync 3 DAGs
[2024-03-09T13:43:26.920+0000] {logging_mixin.py:188} INFO - [2024-03-09T13:43:26.919+0000] {dag.py:3834} INFO - Setting next_dagrun for example_subdag_operator to 2022-01-01 00:00:00+00:00, run_after=2022-01-01 00:00:00+00:00
[2024-03-09T13:43:26.926+0000] {logging_mixin.py:188} INFO - [2024-03-09T13:43:26.925+0000] {dag.py:3834} INFO - Setting next_dagrun for example_subdag_operator.section-1 to None, run_after=None
[2024-03-09T13:43:26.929+0000] {logging_mixin.py:188} INFO - [2024-03-09T13:43:26.929+0000] {dag.py:3834} INFO - Setting next_dagrun for example_subdag_operator.section-2 to None, run_after=None
[2024-03-09T13:43:26.942+0000] {logging_mixin.py:188} INFO - [2024-03-09T13:43:26.942+0000] {dag.py:3047} INFO - Sync 2 DAGs
[2024-03-09T13:43:26.951+0000] {logging_mixin.py:188} INFO - [2024-03-09T13:43:26.950+0000] {dag.py:3834} INFO - Setting next_dagrun for example_subdag_operator.section-1 to None, run_after=None
[2024-03-09T13:43:26.952+0000] {logging_mixin.py:188} INFO - [2024-03-09T13:43:26.952+0000] {dag.py:3834} INFO - Setting next_dagrun for example_subdag_operator.section-2 to None, run_after=None
[2024-03-09T13:43:26.971+0000] {processor.py:183} INFO - Processing /home/airflow/.local/lib/python3.8/site-packages/airflow/example_dags/example_subdag_operator.py took 0.158 seconds
[2024-03-09T13:43:57.307+0000] {processor.py:161} INFO - Started process (PID=10026) to work on /home/airflow/.local/lib/python3.8/site-packages/airflow/example_dags/example_subdag_operator.py
[2024-03-09T13:43:57.309+0000] {processor.py:830} INFO - Processing file /home/airflow/.local/lib/python3.8/site-packages/airflow/example_dags/example_subdag_operator.py for tasks to queue
[2024-03-09T13:43:57.311+0000] {logging_mixin.py:188} INFO - [2024-03-09T13:43:57.310+0000] {dagbag.py:540} INFO - Filling up the DagBag from /home/airflow/.local/lib/python3.8/site-packages/airflow/example_dags/example_subdag_operator.py
[2024-03-09T13:43:57.348+0000] {processor.py:840} INFO - DAG(s) 'example_subdag_operator.section-1', 'example_subdag_operator.section-2', 'example_subdag_operator' retrieved from /home/airflow/.local/lib/python3.8/site-packages/airflow/example_dags/example_subdag_operator.py
[2024-03-09T13:43:57.377+0000] {logging_mixin.py:188} INFO - [2024-03-09T13:43:57.376+0000] {dag.py:3047} INFO - Sync 3 DAGs
[2024-03-09T13:43:57.411+0000] {logging_mixin.py:188} INFO - [2024-03-09T13:43:57.410+0000] {dag.py:3834} INFO - Setting next_dagrun for example_subdag_operator to 2022-01-01 00:00:00+00:00, run_after=2022-01-01 00:00:00+00:00
[2024-03-09T13:43:57.418+0000] {logging_mixin.py:188} INFO - [2024-03-09T13:43:57.418+0000] {dag.py:3834} INFO - Setting next_dagrun for example_subdag_operator.section-1 to None, run_after=None
[2024-03-09T13:43:57.421+0000] {logging_mixin.py:188} INFO - [2024-03-09T13:43:57.420+0000] {dag.py:3834} INFO - Setting next_dagrun for example_subdag_operator.section-2 to None, run_after=None
[2024-03-09T13:43:57.431+0000] {logging_mixin.py:188} INFO - [2024-03-09T13:43:57.431+0000] {dag.py:3047} INFO - Sync 2 DAGs
[2024-03-09T13:43:57.440+0000] {logging_mixin.py:188} INFO - [2024-03-09T13:43:57.439+0000] {dag.py:3834} INFO - Setting next_dagrun for example_subdag_operator.section-1 to None, run_after=None
[2024-03-09T13:43:57.441+0000] {logging_mixin.py:188} INFO - [2024-03-09T13:43:57.441+0000] {dag.py:3834} INFO - Setting next_dagrun for example_subdag_operator.section-2 to None, run_after=None
[2024-03-09T13:43:57.458+0000] {processor.py:183} INFO - Processing /home/airflow/.local/lib/python3.8/site-packages/airflow/example_dags/example_subdag_operator.py took 0.156 seconds
