[2024-03-09T11:07:27.450+0000] {processor.py:161} INFO - Started process (PID=197) to work on /home/airflow/.local/lib/python3.8/site-packages/airflow/example_dags/example_branch_labels.py
[2024-03-09T11:07:27.452+0000] {processor.py:830} INFO - Processing file /home/airflow/.local/lib/python3.8/site-packages/airflow/example_dags/example_branch_labels.py for tasks to queue
[2024-03-09T11:07:27.454+0000] {logging_mixin.py:188} INFO - [2024-03-09T11:07:27.453+0000] {dagbag.py:540} INFO - Filling up the DagBag from /home/airflow/.local/lib/python3.8/site-packages/airflow/example_dags/example_branch_labels.py
[2024-03-09T11:07:27.472+0000] {processor.py:840} INFO - DAG(s) 'example_branch_labels' retrieved from /home/airflow/.local/lib/python3.8/site-packages/airflow/example_dags/example_branch_labels.py
[2024-03-09T11:07:27.665+0000] {logging_mixin.py:188} INFO - [2024-03-09T11:07:27.665+0000] {dag.py:3047} INFO - Sync 1 DAGs
[2024-03-09T11:07:27.704+0000] {logging_mixin.py:188} INFO - [2024-03-09T11:07:27.704+0000] {dag.py:3834} INFO - Setting next_dagrun for example_branch_labels to 2024-03-08 00:00:00+00:00, run_after=2024-03-09 00:00:00+00:00
[2024-03-09T11:07:27.739+0000] {processor.py:183} INFO - Processing /home/airflow/.local/lib/python3.8/site-packages/airflow/example_dags/example_branch_labels.py took 0.295 seconds
[2024-03-09T11:07:58.263+0000] {processor.py:161} INFO - Started process (PID=446) to work on /home/airflow/.local/lib/python3.8/site-packages/airflow/example_dags/example_branch_labels.py
[2024-03-09T11:07:58.265+0000] {processor.py:830} INFO - Processing file /home/airflow/.local/lib/python3.8/site-packages/airflow/example_dags/example_branch_labels.py for tasks to queue
[2024-03-09T11:07:58.267+0000] {logging_mixin.py:188} INFO - [2024-03-09T11:07:58.266+0000] {dagbag.py:540} INFO - Filling up the DagBag from /home/airflow/.local/lib/python3.8/site-packages/airflow/example_dags/example_branch_labels.py
[2024-03-09T11:07:58.280+0000] {processor.py:840} INFO - DAG(s) 'example_branch_labels' retrieved from /home/airflow/.local/lib/python3.8/site-packages/airflow/example_dags/example_branch_labels.py
[2024-03-09T11:07:58.320+0000] {logging_mixin.py:188} INFO - [2024-03-09T11:07:58.319+0000] {dag.py:3047} INFO - Sync 1 DAGs
[2024-03-09T11:07:58.358+0000] {logging_mixin.py:188} INFO - [2024-03-09T11:07:58.357+0000] {dag.py:3834} INFO - Setting next_dagrun for example_branch_labels to 2024-03-08 00:00:00+00:00, run_after=2024-03-09 00:00:00+00:00
[2024-03-09T11:07:58.388+0000] {processor.py:183} INFO - Processing /home/airflow/.local/lib/python3.8/site-packages/airflow/example_dags/example_branch_labels.py took 0.130 seconds
[2024-03-09T11:08:29.247+0000] {processor.py:161} INFO - Started process (PID=691) to work on /home/airflow/.local/lib/python3.8/site-packages/airflow/example_dags/example_branch_labels.py
[2024-03-09T11:08:29.249+0000] {processor.py:830} INFO - Processing file /home/airflow/.local/lib/python3.8/site-packages/airflow/example_dags/example_branch_labels.py for tasks to queue
[2024-03-09T11:08:29.251+0000] {logging_mixin.py:188} INFO - [2024-03-09T11:08:29.250+0000] {dagbag.py:540} INFO - Filling up the DagBag from /home/airflow/.local/lib/python3.8/site-packages/airflow/example_dags/example_branch_labels.py
[2024-03-09T11:08:29.263+0000] {processor.py:840} INFO - DAG(s) 'example_branch_labels' retrieved from /home/airflow/.local/lib/python3.8/site-packages/airflow/example_dags/example_branch_labels.py
[2024-03-09T11:08:29.295+0000] {logging_mixin.py:188} INFO - [2024-03-09T11:08:29.295+0000] {dag.py:3047} INFO - Sync 1 DAGs
[2024-03-09T11:08:29.332+0000] {logging_mixin.py:188} INFO - [2024-03-09T11:08:29.332+0000] {dag.py:3834} INFO - Setting next_dagrun for example_branch_labels to 2024-03-08 00:00:00+00:00, run_after=2024-03-09 00:00:00+00:00
[2024-03-09T11:08:29.363+0000] {processor.py:183} INFO - Processing /home/airflow/.local/lib/python3.8/site-packages/airflow/example_dags/example_branch_labels.py took 0.122 seconds
[2024-03-09T11:09:00.000+0000] {processor.py:161} INFO - Started process (PID=938) to work on /home/airflow/.local/lib/python3.8/site-packages/airflow/example_dags/example_branch_labels.py
[2024-03-09T11:09:00.002+0000] {processor.py:830} INFO - Processing file /home/airflow/.local/lib/python3.8/site-packages/airflow/example_dags/example_branch_labels.py for tasks to queue
[2024-03-09T11:09:00.004+0000] {logging_mixin.py:188} INFO - [2024-03-09T11:09:00.004+0000] {dagbag.py:540} INFO - Filling up the DagBag from /home/airflow/.local/lib/python3.8/site-packages/airflow/example_dags/example_branch_labels.py
[2024-03-09T11:09:00.025+0000] {processor.py:840} INFO - DAG(s) 'example_branch_labels' retrieved from /home/airflow/.local/lib/python3.8/site-packages/airflow/example_dags/example_branch_labels.py
[2024-03-09T11:09:00.068+0000] {logging_mixin.py:188} INFO - [2024-03-09T11:09:00.067+0000] {dag.py:3047} INFO - Sync 1 DAGs
[2024-03-09T11:09:00.120+0000] {logging_mixin.py:188} INFO - [2024-03-09T11:09:00.119+0000] {dag.py:3834} INFO - Setting next_dagrun for example_branch_labels to 2024-03-08 00:00:00+00:00, run_after=2024-03-09 00:00:00+00:00
[2024-03-09T11:09:00.168+0000] {processor.py:183} INFO - Processing /home/airflow/.local/lib/python3.8/site-packages/airflow/example_dags/example_branch_labels.py took 0.175 seconds
[2024-03-09T11:09:30.506+0000] {processor.py:161} INFO - Started process (PID=1186) to work on /home/airflow/.local/lib/python3.8/site-packages/airflow/example_dags/example_branch_labels.py
[2024-03-09T11:09:30.508+0000] {processor.py:830} INFO - Processing file /home/airflow/.local/lib/python3.8/site-packages/airflow/example_dags/example_branch_labels.py for tasks to queue
[2024-03-09T11:09:30.511+0000] {logging_mixin.py:188} INFO - [2024-03-09T11:09:30.510+0000] {dagbag.py:540} INFO - Filling up the DagBag from /home/airflow/.local/lib/python3.8/site-packages/airflow/example_dags/example_branch_labels.py
[2024-03-09T11:09:30.531+0000] {processor.py:840} INFO - DAG(s) 'example_branch_labels' retrieved from /home/airflow/.local/lib/python3.8/site-packages/airflow/example_dags/example_branch_labels.py
[2024-03-09T11:09:30.583+0000] {logging_mixin.py:188} INFO - [2024-03-09T11:09:30.583+0000] {dag.py:3047} INFO - Sync 1 DAGs
[2024-03-09T11:09:30.635+0000] {logging_mixin.py:188} INFO - [2024-03-09T11:09:30.635+0000] {dag.py:3834} INFO - Setting next_dagrun for example_branch_labels to 2024-03-08 00:00:00+00:00, run_after=2024-03-09 00:00:00+00:00
[2024-03-09T11:09:30.685+0000] {processor.py:183} INFO - Processing /home/airflow/.local/lib/python3.8/site-packages/airflow/example_dags/example_branch_labels.py took 0.184 seconds
[2024-03-09T11:10:01.029+0000] {processor.py:161} INFO - Started process (PID=1433) to work on /home/airflow/.local/lib/python3.8/site-packages/airflow/example_dags/example_branch_labels.py
[2024-03-09T11:10:01.031+0000] {processor.py:830} INFO - Processing file /home/airflow/.local/lib/python3.8/site-packages/airflow/example_dags/example_branch_labels.py for tasks to queue
[2024-03-09T11:10:01.033+0000] {logging_mixin.py:188} INFO - [2024-03-09T11:10:01.033+0000] {dagbag.py:540} INFO - Filling up the DagBag from /home/airflow/.local/lib/python3.8/site-packages/airflow/example_dags/example_branch_labels.py
[2024-03-09T11:10:01.051+0000] {processor.py:840} INFO - DAG(s) 'example_branch_labels' retrieved from /home/airflow/.local/lib/python3.8/site-packages/airflow/example_dags/example_branch_labels.py
[2024-03-09T11:10:01.094+0000] {logging_mixin.py:188} INFO - [2024-03-09T11:10:01.093+0000] {dag.py:3047} INFO - Sync 1 DAGs
[2024-03-09T11:10:01.142+0000] {logging_mixin.py:188} INFO - [2024-03-09T11:10:01.141+0000] {dag.py:3834} INFO - Setting next_dagrun for example_branch_labels to 2024-03-08 00:00:00+00:00, run_after=2024-03-09 00:00:00+00:00
[2024-03-09T11:10:01.174+0000] {processor.py:183} INFO - Processing /home/airflow/.local/lib/python3.8/site-packages/airflow/example_dags/example_branch_labels.py took 0.153 seconds
[2024-03-09T11:10:31.608+0000] {processor.py:161} INFO - Started process (PID=1680) to work on /home/airflow/.local/lib/python3.8/site-packages/airflow/example_dags/example_branch_labels.py
[2024-03-09T11:10:31.610+0000] {processor.py:830} INFO - Processing file /home/airflow/.local/lib/python3.8/site-packages/airflow/example_dags/example_branch_labels.py for tasks to queue
[2024-03-09T11:10:31.612+0000] {logging_mixin.py:188} INFO - [2024-03-09T11:10:31.611+0000] {dagbag.py:540} INFO - Filling up the DagBag from /home/airflow/.local/lib/python3.8/site-packages/airflow/example_dags/example_branch_labels.py
[2024-03-09T11:10:31.625+0000] {processor.py:840} INFO - DAG(s) 'example_branch_labels' retrieved from /home/airflow/.local/lib/python3.8/site-packages/airflow/example_dags/example_branch_labels.py
[2024-03-09T11:10:31.675+0000] {logging_mixin.py:188} INFO - [2024-03-09T11:10:31.674+0000] {dag.py:3047} INFO - Sync 1 DAGs
[2024-03-09T11:10:31.724+0000] {logging_mixin.py:188} INFO - [2024-03-09T11:10:31.723+0000] {dag.py:3834} INFO - Setting next_dagrun for example_branch_labels to 2024-03-08 00:00:00+00:00, run_after=2024-03-09 00:00:00+00:00
[2024-03-09T11:10:31.758+0000] {processor.py:183} INFO - Processing /home/airflow/.local/lib/python3.8/site-packages/airflow/example_dags/example_branch_labels.py took 0.155 seconds
[2024-03-09T11:11:02.391+0000] {processor.py:161} INFO - Started process (PID=1927) to work on /home/airflow/.local/lib/python3.8/site-packages/airflow/example_dags/example_branch_labels.py
[2024-03-09T11:11:02.393+0000] {processor.py:830} INFO - Processing file /home/airflow/.local/lib/python3.8/site-packages/airflow/example_dags/example_branch_labels.py for tasks to queue
[2024-03-09T11:11:02.395+0000] {logging_mixin.py:188} INFO - [2024-03-09T11:11:02.394+0000] {dagbag.py:540} INFO - Filling up the DagBag from /home/airflow/.local/lib/python3.8/site-packages/airflow/example_dags/example_branch_labels.py
[2024-03-09T11:11:02.408+0000] {processor.py:840} INFO - DAG(s) 'example_branch_labels' retrieved from /home/airflow/.local/lib/python3.8/site-packages/airflow/example_dags/example_branch_labels.py
[2024-03-09T11:11:02.453+0000] {logging_mixin.py:188} INFO - [2024-03-09T11:11:02.453+0000] {dag.py:3047} INFO - Sync 1 DAGs
[2024-03-09T11:11:02.499+0000] {logging_mixin.py:188} INFO - [2024-03-09T11:11:02.498+0000] {dag.py:3834} INFO - Setting next_dagrun for example_branch_labels to 2024-03-08 00:00:00+00:00, run_after=2024-03-09 00:00:00+00:00
[2024-03-09T11:11:02.531+0000] {processor.py:183} INFO - Processing /home/airflow/.local/lib/python3.8/site-packages/airflow/example_dags/example_branch_labels.py took 0.145 seconds
[2024-03-09T11:11:32.842+0000] {processor.py:161} INFO - Started process (PID=2174) to work on /home/airflow/.local/lib/python3.8/site-packages/airflow/example_dags/example_branch_labels.py
[2024-03-09T11:11:32.844+0000] {processor.py:830} INFO - Processing file /home/airflow/.local/lib/python3.8/site-packages/airflow/example_dags/example_branch_labels.py for tasks to queue
[2024-03-09T11:11:32.846+0000] {logging_mixin.py:188} INFO - [2024-03-09T11:11:32.845+0000] {dagbag.py:540} INFO - Filling up the DagBag from /home/airflow/.local/lib/python3.8/site-packages/airflow/example_dags/example_branch_labels.py
[2024-03-09T11:11:32.859+0000] {processor.py:840} INFO - DAG(s) 'example_branch_labels' retrieved from /home/airflow/.local/lib/python3.8/site-packages/airflow/example_dags/example_branch_labels.py
[2024-03-09T11:11:32.895+0000] {logging_mixin.py:188} INFO - [2024-03-09T11:11:32.894+0000] {dag.py:3047} INFO - Sync 1 DAGs
[2024-03-09T11:11:32.934+0000] {logging_mixin.py:188} INFO - [2024-03-09T11:11:32.933+0000] {dag.py:3834} INFO - Setting next_dagrun for example_branch_labels to 2024-03-08 00:00:00+00:00, run_after=2024-03-09 00:00:00+00:00
[2024-03-09T11:11:32.967+0000] {processor.py:183} INFO - Processing /home/airflow/.local/lib/python3.8/site-packages/airflow/example_dags/example_branch_labels.py took 0.129 seconds
[2024-03-09T11:12:03.273+0000] {processor.py:161} INFO - Started process (PID=2421) to work on /home/airflow/.local/lib/python3.8/site-packages/airflow/example_dags/example_branch_labels.py
[2024-03-09T11:12:03.277+0000] {processor.py:830} INFO - Processing file /home/airflow/.local/lib/python3.8/site-packages/airflow/example_dags/example_branch_labels.py for tasks to queue
[2024-03-09T11:12:03.279+0000] {logging_mixin.py:188} INFO - [2024-03-09T11:12:03.278+0000] {dagbag.py:540} INFO - Filling up the DagBag from /home/airflow/.local/lib/python3.8/site-packages/airflow/example_dags/example_branch_labels.py
[2024-03-09T11:12:03.298+0000] {processor.py:840} INFO - DAG(s) 'example_branch_labels' retrieved from /home/airflow/.local/lib/python3.8/site-packages/airflow/example_dags/example_branch_labels.py
[2024-03-09T11:12:03.349+0000] {logging_mixin.py:188} INFO - [2024-03-09T11:12:03.348+0000] {dag.py:3047} INFO - Sync 1 DAGs
[2024-03-09T11:12:03.390+0000] {logging_mixin.py:188} INFO - [2024-03-09T11:12:03.389+0000] {dag.py:3834} INFO - Setting next_dagrun for example_branch_labels to 2024-03-08 00:00:00+00:00, run_after=2024-03-09 00:00:00+00:00
[2024-03-09T11:12:03.428+0000] {processor.py:183} INFO - Processing /home/airflow/.local/lib/python3.8/site-packages/airflow/example_dags/example_branch_labels.py took 0.168 seconds
[2024-03-09T11:12:33.556+0000] {processor.py:161} INFO - Started process (PID=2668) to work on /home/airflow/.local/lib/python3.8/site-packages/airflow/example_dags/example_branch_labels.py
[2024-03-09T11:12:33.558+0000] {processor.py:830} INFO - Processing file /home/airflow/.local/lib/python3.8/site-packages/airflow/example_dags/example_branch_labels.py for tasks to queue
[2024-03-09T11:12:33.559+0000] {logging_mixin.py:188} INFO - [2024-03-09T11:12:33.559+0000] {dagbag.py:540} INFO - Filling up the DagBag from /home/airflow/.local/lib/python3.8/site-packages/airflow/example_dags/example_branch_labels.py
[2024-03-09T11:12:33.572+0000] {processor.py:840} INFO - DAG(s) 'example_branch_labels' retrieved from /home/airflow/.local/lib/python3.8/site-packages/airflow/example_dags/example_branch_labels.py
[2024-03-09T11:12:33.611+0000] {logging_mixin.py:188} INFO - [2024-03-09T11:12:33.610+0000] {dag.py:3047} INFO - Sync 1 DAGs
[2024-03-09T11:12:33.647+0000] {logging_mixin.py:188} INFO - [2024-03-09T11:12:33.647+0000] {dag.py:3834} INFO - Setting next_dagrun for example_branch_labels to 2024-03-08 00:00:00+00:00, run_after=2024-03-09 00:00:00+00:00
[2024-03-09T11:12:33.677+0000] {processor.py:183} INFO - Processing /home/airflow/.local/lib/python3.8/site-packages/airflow/example_dags/example_branch_labels.py took 0.126 seconds
[2024-03-09T11:13:03.894+0000] {processor.py:161} INFO - Started process (PID=2915) to work on /home/airflow/.local/lib/python3.8/site-packages/airflow/example_dags/example_branch_labels.py
[2024-03-09T11:13:03.896+0000] {processor.py:830} INFO - Processing file /home/airflow/.local/lib/python3.8/site-packages/airflow/example_dags/example_branch_labels.py for tasks to queue
[2024-03-09T11:13:03.898+0000] {logging_mixin.py:188} INFO - [2024-03-09T11:13:03.897+0000] {dagbag.py:540} INFO - Filling up the DagBag from /home/airflow/.local/lib/python3.8/site-packages/airflow/example_dags/example_branch_labels.py
[2024-03-09T11:13:03.912+0000] {processor.py:840} INFO - DAG(s) 'example_branch_labels' retrieved from /home/airflow/.local/lib/python3.8/site-packages/airflow/example_dags/example_branch_labels.py
[2024-03-09T11:13:03.949+0000] {logging_mixin.py:188} INFO - [2024-03-09T11:13:03.949+0000] {dag.py:3047} INFO - Sync 1 DAGs
[2024-03-09T11:13:03.990+0000] {logging_mixin.py:188} INFO - [2024-03-09T11:13:03.990+0000] {dag.py:3834} INFO - Setting next_dagrun for example_branch_labels to 2024-03-08 00:00:00+00:00, run_after=2024-03-09 00:00:00+00:00
[2024-03-09T11:13:04.022+0000] {processor.py:183} INFO - Processing /home/airflow/.local/lib/python3.8/site-packages/airflow/example_dags/example_branch_labels.py took 0.134 seconds
[2024-03-09T11:13:39.570+0000] {processor.py:161} INFO - Started process (PID=3178) to work on /home/airflow/.local/lib/python3.8/site-packages/airflow/example_dags/example_branch_labels.py
[2024-03-09T11:13:39.573+0000] {processor.py:830} INFO - Processing file /home/airflow/.local/lib/python3.8/site-packages/airflow/example_dags/example_branch_labels.py for tasks to queue
[2024-03-09T11:13:39.575+0000] {logging_mixin.py:188} INFO - [2024-03-09T11:13:39.574+0000] {dagbag.py:540} INFO - Filling up the DagBag from /home/airflow/.local/lib/python3.8/site-packages/airflow/example_dags/example_branch_labels.py
[2024-03-09T11:13:39.619+0000] {processor.py:840} INFO - DAG(s) 'example_branch_labels' retrieved from /home/airflow/.local/lib/python3.8/site-packages/airflow/example_dags/example_branch_labels.py
[2024-03-09T11:13:40.067+0000] {logging_mixin.py:188} INFO - [2024-03-09T11:13:40.066+0000] {dag.py:3047} INFO - Sync 1 DAGs
[2024-03-09T11:13:40.442+0000] {logging_mixin.py:188} INFO - [2024-03-09T11:13:40.441+0000] {dag.py:3834} INFO - Setting next_dagrun for example_branch_labels to 2024-03-08 00:00:00+00:00, run_after=2024-03-09 00:00:00+00:00
[2024-03-09T11:13:40.775+0000] {processor.py:183} INFO - Processing /home/airflow/.local/lib/python3.8/site-packages/airflow/example_dags/example_branch_labels.py took 1.216 seconds
[2024-03-09T11:14:11.453+0000] {processor.py:161} INFO - Started process (PID=3441) to work on /home/airflow/.local/lib/python3.8/site-packages/airflow/example_dags/example_branch_labels.py
[2024-03-09T11:14:11.455+0000] {processor.py:830} INFO - Processing file /home/airflow/.local/lib/python3.8/site-packages/airflow/example_dags/example_branch_labels.py for tasks to queue
[2024-03-09T11:14:11.456+0000] {logging_mixin.py:188} INFO - [2024-03-09T11:14:11.456+0000] {dagbag.py:540} INFO - Filling up the DagBag from /home/airflow/.local/lib/python3.8/site-packages/airflow/example_dags/example_branch_labels.py
[2024-03-09T11:14:11.469+0000] {processor.py:840} INFO - DAG(s) 'example_branch_labels' retrieved from /home/airflow/.local/lib/python3.8/site-packages/airflow/example_dags/example_branch_labels.py
[2024-03-09T11:14:11.502+0000] {logging_mixin.py:188} INFO - [2024-03-09T11:14:11.502+0000] {dag.py:3047} INFO - Sync 1 DAGs
[2024-03-09T11:14:11.537+0000] {logging_mixin.py:188} INFO - [2024-03-09T11:14:11.536+0000] {dag.py:3834} INFO - Setting next_dagrun for example_branch_labels to 2024-03-08 00:00:00+00:00, run_after=2024-03-09 00:00:00+00:00
[2024-03-09T11:14:11.577+0000] {processor.py:183} INFO - Processing /home/airflow/.local/lib/python3.8/site-packages/airflow/example_dags/example_branch_labels.py took 0.129 seconds
[2024-03-09T11:14:42.198+0000] {processor.py:161} INFO - Started process (PID=3688) to work on /home/airflow/.local/lib/python3.8/site-packages/airflow/example_dags/example_branch_labels.py
[2024-03-09T11:14:42.200+0000] {processor.py:830} INFO - Processing file /home/airflow/.local/lib/python3.8/site-packages/airflow/example_dags/example_branch_labels.py for tasks to queue
[2024-03-09T11:14:42.202+0000] {logging_mixin.py:188} INFO - [2024-03-09T11:14:42.201+0000] {dagbag.py:540} INFO - Filling up the DagBag from /home/airflow/.local/lib/python3.8/site-packages/airflow/example_dags/example_branch_labels.py
[2024-03-09T11:14:42.218+0000] {processor.py:840} INFO - DAG(s) 'example_branch_labels' retrieved from /home/airflow/.local/lib/python3.8/site-packages/airflow/example_dags/example_branch_labels.py
[2024-03-09T11:14:42.255+0000] {logging_mixin.py:188} INFO - [2024-03-09T11:14:42.254+0000] {dag.py:3047} INFO - Sync 1 DAGs
[2024-03-09T11:14:42.297+0000] {logging_mixin.py:188} INFO - [2024-03-09T11:14:42.297+0000] {dag.py:3834} INFO - Setting next_dagrun for example_branch_labels to 2024-03-08 00:00:00+00:00, run_after=2024-03-09 00:00:00+00:00
[2024-03-09T11:14:42.333+0000] {processor.py:183} INFO - Processing /home/airflow/.local/lib/python3.8/site-packages/airflow/example_dags/example_branch_labels.py took 0.141 seconds
[2024-03-09T11:15:12.546+0000] {processor.py:161} INFO - Started process (PID=3935) to work on /home/airflow/.local/lib/python3.8/site-packages/airflow/example_dags/example_branch_labels.py
[2024-03-09T11:15:12.548+0000] {processor.py:830} INFO - Processing file /home/airflow/.local/lib/python3.8/site-packages/airflow/example_dags/example_branch_labels.py for tasks to queue
[2024-03-09T11:15:12.550+0000] {logging_mixin.py:188} INFO - [2024-03-09T11:15:12.549+0000] {dagbag.py:540} INFO - Filling up the DagBag from /home/airflow/.local/lib/python3.8/site-packages/airflow/example_dags/example_branch_labels.py
[2024-03-09T11:15:12.563+0000] {processor.py:840} INFO - DAG(s) 'example_branch_labels' retrieved from /home/airflow/.local/lib/python3.8/site-packages/airflow/example_dags/example_branch_labels.py
[2024-03-09T11:15:12.610+0000] {logging_mixin.py:188} INFO - [2024-03-09T11:15:12.609+0000] {dag.py:3047} INFO - Sync 1 DAGs
[2024-03-09T11:15:12.657+0000] {logging_mixin.py:188} INFO - [2024-03-09T11:15:12.656+0000] {dag.py:3834} INFO - Setting next_dagrun for example_branch_labels to 2024-03-08 00:00:00+00:00, run_after=2024-03-09 00:00:00+00:00
[2024-03-09T11:15:12.757+0000] {processor.py:183} INFO - Processing /home/airflow/.local/lib/python3.8/site-packages/airflow/example_dags/example_branch_labels.py took 0.216 seconds
[2024-03-09T11:15:43.087+0000] {processor.py:161} INFO - Started process (PID=4182) to work on /home/airflow/.local/lib/python3.8/site-packages/airflow/example_dags/example_branch_labels.py
[2024-03-09T11:15:43.090+0000] {processor.py:830} INFO - Processing file /home/airflow/.local/lib/python3.8/site-packages/airflow/example_dags/example_branch_labels.py for tasks to queue
[2024-03-09T11:15:43.092+0000] {logging_mixin.py:188} INFO - [2024-03-09T11:15:43.091+0000] {dagbag.py:540} INFO - Filling up the DagBag from /home/airflow/.local/lib/python3.8/site-packages/airflow/example_dags/example_branch_labels.py
[2024-03-09T11:15:43.106+0000] {processor.py:840} INFO - DAG(s) 'example_branch_labels' retrieved from /home/airflow/.local/lib/python3.8/site-packages/airflow/example_dags/example_branch_labels.py
[2024-03-09T11:15:43.148+0000] {logging_mixin.py:188} INFO - [2024-03-09T11:15:43.148+0000] {dag.py:3047} INFO - Sync 1 DAGs
[2024-03-09T11:15:43.199+0000] {logging_mixin.py:188} INFO - [2024-03-09T11:15:43.199+0000] {dag.py:3834} INFO - Setting next_dagrun for example_branch_labels to 2024-03-08 00:00:00+00:00, run_after=2024-03-09 00:00:00+00:00
[2024-03-09T11:15:43.247+0000] {processor.py:183} INFO - Processing /home/airflow/.local/lib/python3.8/site-packages/airflow/example_dags/example_branch_labels.py took 0.167 seconds
[2024-03-09T11:16:13.395+0000] {processor.py:161} INFO - Started process (PID=4429) to work on /home/airflow/.local/lib/python3.8/site-packages/airflow/example_dags/example_branch_labels.py
[2024-03-09T11:16:13.397+0000] {processor.py:830} INFO - Processing file /home/airflow/.local/lib/python3.8/site-packages/airflow/example_dags/example_branch_labels.py for tasks to queue
[2024-03-09T11:16:13.398+0000] {logging_mixin.py:188} INFO - [2024-03-09T11:16:13.398+0000] {dagbag.py:540} INFO - Filling up the DagBag from /home/airflow/.local/lib/python3.8/site-packages/airflow/example_dags/example_branch_labels.py
[2024-03-09T11:16:13.410+0000] {processor.py:840} INFO - DAG(s) 'example_branch_labels' retrieved from /home/airflow/.local/lib/python3.8/site-packages/airflow/example_dags/example_branch_labels.py
[2024-03-09T11:16:13.449+0000] {logging_mixin.py:188} INFO - [2024-03-09T11:16:13.449+0000] {dag.py:3047} INFO - Sync 1 DAGs
[2024-03-09T11:16:13.493+0000] {logging_mixin.py:188} INFO - [2024-03-09T11:16:13.492+0000] {dag.py:3834} INFO - Setting next_dagrun for example_branch_labels to 2024-03-08 00:00:00+00:00, run_after=2024-03-09 00:00:00+00:00
[2024-03-09T11:16:13.531+0000] {processor.py:183} INFO - Processing /home/airflow/.local/lib/python3.8/site-packages/airflow/example_dags/example_branch_labels.py took 0.143 seconds
[2024-03-09T11:16:43.774+0000] {processor.py:161} INFO - Started process (PID=4676) to work on /home/airflow/.local/lib/python3.8/site-packages/airflow/example_dags/example_branch_labels.py
[2024-03-09T11:16:43.776+0000] {processor.py:830} INFO - Processing file /home/airflow/.local/lib/python3.8/site-packages/airflow/example_dags/example_branch_labels.py for tasks to queue
[2024-03-09T11:16:43.779+0000] {logging_mixin.py:188} INFO - [2024-03-09T11:16:43.778+0000] {dagbag.py:540} INFO - Filling up the DagBag from /home/airflow/.local/lib/python3.8/site-packages/airflow/example_dags/example_branch_labels.py
[2024-03-09T11:16:43.795+0000] {processor.py:840} INFO - DAG(s) 'example_branch_labels' retrieved from /home/airflow/.local/lib/python3.8/site-packages/airflow/example_dags/example_branch_labels.py
[2024-03-09T11:16:43.831+0000] {logging_mixin.py:188} INFO - [2024-03-09T11:16:43.831+0000] {dag.py:3047} INFO - Sync 1 DAGs
[2024-03-09T11:16:43.870+0000] {logging_mixin.py:188} INFO - [2024-03-09T11:16:43.870+0000] {dag.py:3834} INFO - Setting next_dagrun for example_branch_labels to 2024-03-08 00:00:00+00:00, run_after=2024-03-09 00:00:00+00:00
[2024-03-09T11:16:43.904+0000] {processor.py:183} INFO - Processing /home/airflow/.local/lib/python3.8/site-packages/airflow/example_dags/example_branch_labels.py took 0.136 seconds
[2024-03-09T11:17:13.967+0000] {processor.py:161} INFO - Started process (PID=4923) to work on /home/airflow/.local/lib/python3.8/site-packages/airflow/example_dags/example_branch_labels.py
[2024-03-09T11:17:13.969+0000] {processor.py:830} INFO - Processing file /home/airflow/.local/lib/python3.8/site-packages/airflow/example_dags/example_branch_labels.py for tasks to queue
[2024-03-09T11:17:13.971+0000] {logging_mixin.py:188} INFO - [2024-03-09T11:17:13.970+0000] {dagbag.py:540} INFO - Filling up the DagBag from /home/airflow/.local/lib/python3.8/site-packages/airflow/example_dags/example_branch_labels.py
[2024-03-09T11:17:13.982+0000] {processor.py:840} INFO - DAG(s) 'example_branch_labels' retrieved from /home/airflow/.local/lib/python3.8/site-packages/airflow/example_dags/example_branch_labels.py
[2024-03-09T11:17:14.018+0000] {logging_mixin.py:188} INFO - [2024-03-09T11:17:14.017+0000] {dag.py:3047} INFO - Sync 1 DAGs
[2024-03-09T11:17:14.051+0000] {logging_mixin.py:188} INFO - [2024-03-09T11:17:14.051+0000] {dag.py:3834} INFO - Setting next_dagrun for example_branch_labels to 2024-03-08 00:00:00+00:00, run_after=2024-03-09 00:00:00+00:00
[2024-03-09T11:17:14.082+0000] {processor.py:183} INFO - Processing /home/airflow/.local/lib/python3.8/site-packages/airflow/example_dags/example_branch_labels.py took 0.120 seconds
[2024-03-09T11:17:44.231+0000] {processor.py:161} INFO - Started process (PID=5170) to work on /home/airflow/.local/lib/python3.8/site-packages/airflow/example_dags/example_branch_labels.py
[2024-03-09T11:17:44.233+0000] {processor.py:830} INFO - Processing file /home/airflow/.local/lib/python3.8/site-packages/airflow/example_dags/example_branch_labels.py for tasks to queue
[2024-03-09T11:17:44.235+0000] {logging_mixin.py:188} INFO - [2024-03-09T11:17:44.235+0000] {dagbag.py:540} INFO - Filling up the DagBag from /home/airflow/.local/lib/python3.8/site-packages/airflow/example_dags/example_branch_labels.py
[2024-03-09T11:17:44.246+0000] {processor.py:840} INFO - DAG(s) 'example_branch_labels' retrieved from /home/airflow/.local/lib/python3.8/site-packages/airflow/example_dags/example_branch_labels.py
[2024-03-09T11:17:44.279+0000] {logging_mixin.py:188} INFO - [2024-03-09T11:17:44.279+0000] {dag.py:3047} INFO - Sync 1 DAGs
[2024-03-09T11:17:44.317+0000] {logging_mixin.py:188} INFO - [2024-03-09T11:17:44.317+0000] {dag.py:3834} INFO - Setting next_dagrun for example_branch_labels to 2024-03-08 00:00:00+00:00, run_after=2024-03-09 00:00:00+00:00
[2024-03-09T11:17:44.348+0000] {processor.py:183} INFO - Processing /home/airflow/.local/lib/python3.8/site-packages/airflow/example_dags/example_branch_labels.py took 0.121 seconds
[2024-03-09T11:18:14.645+0000] {processor.py:161} INFO - Started process (PID=5417) to work on /home/airflow/.local/lib/python3.8/site-packages/airflow/example_dags/example_branch_labels.py
[2024-03-09T11:18:14.647+0000] {processor.py:830} INFO - Processing file /home/airflow/.local/lib/python3.8/site-packages/airflow/example_dags/example_branch_labels.py for tasks to queue
[2024-03-09T11:18:14.649+0000] {logging_mixin.py:188} INFO - [2024-03-09T11:18:14.648+0000] {dagbag.py:540} INFO - Filling up the DagBag from /home/airflow/.local/lib/python3.8/site-packages/airflow/example_dags/example_branch_labels.py
[2024-03-09T11:18:14.661+0000] {processor.py:840} INFO - DAG(s) 'example_branch_labels' retrieved from /home/airflow/.local/lib/python3.8/site-packages/airflow/example_dags/example_branch_labels.py
[2024-03-09T11:18:14.694+0000] {logging_mixin.py:188} INFO - [2024-03-09T11:18:14.694+0000] {dag.py:3047} INFO - Sync 1 DAGs
[2024-03-09T11:18:14.728+0000] {logging_mixin.py:188} INFO - [2024-03-09T11:18:14.728+0000] {dag.py:3834} INFO - Setting next_dagrun for example_branch_labels to 2024-03-08 00:00:00+00:00, run_after=2024-03-09 00:00:00+00:00
[2024-03-09T11:18:14.759+0000] {processor.py:183} INFO - Processing /home/airflow/.local/lib/python3.8/site-packages/airflow/example_dags/example_branch_labels.py took 0.118 seconds
[2024-03-09T11:18:45.040+0000] {processor.py:161} INFO - Started process (PID=5664) to work on /home/airflow/.local/lib/python3.8/site-packages/airflow/example_dags/example_branch_labels.py
[2024-03-09T11:18:45.043+0000] {processor.py:830} INFO - Processing file /home/airflow/.local/lib/python3.8/site-packages/airflow/example_dags/example_branch_labels.py for tasks to queue
[2024-03-09T11:18:45.045+0000] {logging_mixin.py:188} INFO - [2024-03-09T11:18:45.044+0000] {dagbag.py:540} INFO - Filling up the DagBag from /home/airflow/.local/lib/python3.8/site-packages/airflow/example_dags/example_branch_labels.py
[2024-03-09T11:18:45.061+0000] {processor.py:840} INFO - DAG(s) 'example_branch_labels' retrieved from /home/airflow/.local/lib/python3.8/site-packages/airflow/example_dags/example_branch_labels.py
[2024-03-09T11:18:45.102+0000] {logging_mixin.py:188} INFO - [2024-03-09T11:18:45.101+0000] {dag.py:3047} INFO - Sync 1 DAGs
[2024-03-09T11:18:45.141+0000] {logging_mixin.py:188} INFO - [2024-03-09T11:18:45.141+0000] {dag.py:3834} INFO - Setting next_dagrun for example_branch_labels to 2024-03-08 00:00:00+00:00, run_after=2024-03-09 00:00:00+00:00
[2024-03-09T11:18:45.171+0000] {processor.py:183} INFO - Processing /home/airflow/.local/lib/python3.8/site-packages/airflow/example_dags/example_branch_labels.py took 0.136 seconds
[2024-03-09T11:19:15.503+0000] {processor.py:161} INFO - Started process (PID=5911) to work on /home/airflow/.local/lib/python3.8/site-packages/airflow/example_dags/example_branch_labels.py
[2024-03-09T11:19:15.505+0000] {processor.py:830} INFO - Processing file /home/airflow/.local/lib/python3.8/site-packages/airflow/example_dags/example_branch_labels.py for tasks to queue
[2024-03-09T11:19:15.507+0000] {logging_mixin.py:188} INFO - [2024-03-09T11:19:15.506+0000] {dagbag.py:540} INFO - Filling up the DagBag from /home/airflow/.local/lib/python3.8/site-packages/airflow/example_dags/example_branch_labels.py
[2024-03-09T11:19:15.523+0000] {processor.py:840} INFO - DAG(s) 'example_branch_labels' retrieved from /home/airflow/.local/lib/python3.8/site-packages/airflow/example_dags/example_branch_labels.py
[2024-03-09T11:19:15.559+0000] {logging_mixin.py:188} INFO - [2024-03-09T11:19:15.559+0000] {dag.py:3047} INFO - Sync 1 DAGs
[2024-03-09T11:19:15.592+0000] {logging_mixin.py:188} INFO - [2024-03-09T11:19:15.592+0000] {dag.py:3834} INFO - Setting next_dagrun for example_branch_labels to 2024-03-08 00:00:00+00:00, run_after=2024-03-09 00:00:00+00:00
[2024-03-09T11:19:15.625+0000] {processor.py:183} INFO - Processing /home/airflow/.local/lib/python3.8/site-packages/airflow/example_dags/example_branch_labels.py took 0.129 seconds
[2024-03-09T11:19:46.322+0000] {processor.py:161} INFO - Started process (PID=6158) to work on /home/airflow/.local/lib/python3.8/site-packages/airflow/example_dags/example_branch_labels.py
[2024-03-09T11:19:46.324+0000] {processor.py:830} INFO - Processing file /home/airflow/.local/lib/python3.8/site-packages/airflow/example_dags/example_branch_labels.py for tasks to queue
[2024-03-09T11:19:46.326+0000] {logging_mixin.py:188} INFO - [2024-03-09T11:19:46.325+0000] {dagbag.py:540} INFO - Filling up the DagBag from /home/airflow/.local/lib/python3.8/site-packages/airflow/example_dags/example_branch_labels.py
[2024-03-09T11:19:46.337+0000] {processor.py:840} INFO - DAG(s) 'example_branch_labels' retrieved from /home/airflow/.local/lib/python3.8/site-packages/airflow/example_dags/example_branch_labels.py
[2024-03-09T11:19:46.369+0000] {logging_mixin.py:188} INFO - [2024-03-09T11:19:46.369+0000] {dag.py:3047} INFO - Sync 1 DAGs
[2024-03-09T11:19:46.402+0000] {logging_mixin.py:188} INFO - [2024-03-09T11:19:46.402+0000] {dag.py:3834} INFO - Setting next_dagrun for example_branch_labels to 2024-03-08 00:00:00+00:00, run_after=2024-03-09 00:00:00+00:00
[2024-03-09T11:19:46.428+0000] {processor.py:183} INFO - Processing /home/airflow/.local/lib/python3.8/site-packages/airflow/example_dags/example_branch_labels.py took 0.110 seconds
[2024-03-09T11:20:17.092+0000] {processor.py:161} INFO - Started process (PID=6405) to work on /home/airflow/.local/lib/python3.8/site-packages/airflow/example_dags/example_branch_labels.py
[2024-03-09T11:20:17.095+0000] {processor.py:830} INFO - Processing file /home/airflow/.local/lib/python3.8/site-packages/airflow/example_dags/example_branch_labels.py for tasks to queue
[2024-03-09T11:20:17.096+0000] {logging_mixin.py:188} INFO - [2024-03-09T11:20:17.096+0000] {dagbag.py:540} INFO - Filling up the DagBag from /home/airflow/.local/lib/python3.8/site-packages/airflow/example_dags/example_branch_labels.py
[2024-03-09T11:20:17.108+0000] {processor.py:840} INFO - DAG(s) 'example_branch_labels' retrieved from /home/airflow/.local/lib/python3.8/site-packages/airflow/example_dags/example_branch_labels.py
[2024-03-09T11:20:17.140+0000] {logging_mixin.py:188} INFO - [2024-03-09T11:20:17.139+0000] {dag.py:3047} INFO - Sync 1 DAGs
[2024-03-09T11:20:17.173+0000] {logging_mixin.py:188} INFO - [2024-03-09T11:20:17.173+0000] {dag.py:3834} INFO - Setting next_dagrun for example_branch_labels to 2024-03-08 00:00:00+00:00, run_after=2024-03-09 00:00:00+00:00
[2024-03-09T11:20:17.211+0000] {processor.py:183} INFO - Processing /home/airflow/.local/lib/python3.8/site-packages/airflow/example_dags/example_branch_labels.py took 0.123 seconds
[2024-03-09T11:20:47.428+0000] {processor.py:161} INFO - Started process (PID=6652) to work on /home/airflow/.local/lib/python3.8/site-packages/airflow/example_dags/example_branch_labels.py
[2024-03-09T11:20:47.430+0000] {processor.py:830} INFO - Processing file /home/airflow/.local/lib/python3.8/site-packages/airflow/example_dags/example_branch_labels.py for tasks to queue
[2024-03-09T11:20:47.432+0000] {logging_mixin.py:188} INFO - [2024-03-09T11:20:47.431+0000] {dagbag.py:540} INFO - Filling up the DagBag from /home/airflow/.local/lib/python3.8/site-packages/airflow/example_dags/example_branch_labels.py
[2024-03-09T11:20:47.446+0000] {processor.py:840} INFO - DAG(s) 'example_branch_labels' retrieved from /home/airflow/.local/lib/python3.8/site-packages/airflow/example_dags/example_branch_labels.py
[2024-03-09T11:20:47.477+0000] {logging_mixin.py:188} INFO - [2024-03-09T11:20:47.477+0000] {dag.py:3047} INFO - Sync 1 DAGs
[2024-03-09T11:20:47.509+0000] {logging_mixin.py:188} INFO - [2024-03-09T11:20:47.509+0000] {dag.py:3834} INFO - Setting next_dagrun for example_branch_labels to 2024-03-08 00:00:00+00:00, run_after=2024-03-09 00:00:00+00:00
[2024-03-09T11:20:47.537+0000] {processor.py:183} INFO - Processing /home/airflow/.local/lib/python3.8/site-packages/airflow/example_dags/example_branch_labels.py took 0.114 seconds
[2024-03-09T11:21:18.317+0000] {processor.py:161} INFO - Started process (PID=6899) to work on /home/airflow/.local/lib/python3.8/site-packages/airflow/example_dags/example_branch_labels.py
[2024-03-09T11:21:18.328+0000] {processor.py:830} INFO - Processing file /home/airflow/.local/lib/python3.8/site-packages/airflow/example_dags/example_branch_labels.py for tasks to queue
[2024-03-09T11:21:18.332+0000] {logging_mixin.py:188} INFO - [2024-03-09T11:21:18.332+0000] {dagbag.py:540} INFO - Filling up the DagBag from /home/airflow/.local/lib/python3.8/site-packages/airflow/example_dags/example_branch_labels.py
[2024-03-09T11:21:18.364+0000] {processor.py:840} INFO - DAG(s) 'example_branch_labels' retrieved from /home/airflow/.local/lib/python3.8/site-packages/airflow/example_dags/example_branch_labels.py
[2024-03-09T11:21:18.458+0000] {logging_mixin.py:188} INFO - [2024-03-09T11:21:18.457+0000] {dag.py:3047} INFO - Sync 1 DAGs
[2024-03-09T11:21:18.582+0000] {logging_mixin.py:188} INFO - [2024-03-09T11:21:18.582+0000] {dag.py:3834} INFO - Setting next_dagrun for example_branch_labels to 2024-03-08 00:00:00+00:00, run_after=2024-03-09 00:00:00+00:00
[2024-03-09T11:21:18.684+0000] {processor.py:183} INFO - Processing /home/airflow/.local/lib/python3.8/site-packages/airflow/example_dags/example_branch_labels.py took 0.374 seconds
[2024-03-09T13:38:14.996+0000] {processor.py:161} INFO - Started process (PID=7136) to work on /home/airflow/.local/lib/python3.8/site-packages/airflow/example_dags/example_branch_labels.py
[2024-03-09T13:38:14.999+0000] {processor.py:830} INFO - Processing file /home/airflow/.local/lib/python3.8/site-packages/airflow/example_dags/example_branch_labels.py for tasks to queue
[2024-03-09T13:38:15.007+0000] {logging_mixin.py:188} INFO - [2024-03-09T13:38:15.007+0000] {dagbag.py:540} INFO - Filling up the DagBag from /home/airflow/.local/lib/python3.8/site-packages/airflow/example_dags/example_branch_labels.py
[2024-03-09T13:38:15.031+0000] {processor.py:840} INFO - DAG(s) 'example_branch_labels' retrieved from /home/airflow/.local/lib/python3.8/site-packages/airflow/example_dags/example_branch_labels.py
[2024-03-09T13:38:15.109+0000] {logging_mixin.py:188} INFO - [2024-03-09T13:38:15.108+0000] {dag.py:3047} INFO - Sync 1 DAGs
[2024-03-09T13:38:15.189+0000] {logging_mixin.py:188} INFO - [2024-03-09T13:38:15.189+0000] {dag.py:3834} INFO - Setting next_dagrun for example_branch_labels to 2024-03-08 00:00:00+00:00, run_after=2024-03-09 00:00:00+00:00
[2024-03-09T13:38:15.317+0000] {processor.py:183} INFO - Processing /home/airflow/.local/lib/python3.8/site-packages/airflow/example_dags/example_branch_labels.py took 0.327 seconds
[2024-03-09T13:38:45.931+0000] {processor.py:161} INFO - Started process (PID=7381) to work on /home/airflow/.local/lib/python3.8/site-packages/airflow/example_dags/example_branch_labels.py
[2024-03-09T13:38:45.934+0000] {processor.py:830} INFO - Processing file /home/airflow/.local/lib/python3.8/site-packages/airflow/example_dags/example_branch_labels.py for tasks to queue
[2024-03-09T13:38:45.936+0000] {logging_mixin.py:188} INFO - [2024-03-09T13:38:45.935+0000] {dagbag.py:540} INFO - Filling up the DagBag from /home/airflow/.local/lib/python3.8/site-packages/airflow/example_dags/example_branch_labels.py
[2024-03-09T13:38:45.949+0000] {processor.py:840} INFO - DAG(s) 'example_branch_labels' retrieved from /home/airflow/.local/lib/python3.8/site-packages/airflow/example_dags/example_branch_labels.py
[2024-03-09T13:38:45.989+0000] {logging_mixin.py:188} INFO - [2024-03-09T13:38:45.989+0000] {dag.py:3047} INFO - Sync 1 DAGs
[2024-03-09T13:38:46.030+0000] {logging_mixin.py:188} INFO - [2024-03-09T13:38:46.030+0000] {dag.py:3834} INFO - Setting next_dagrun for example_branch_labels to 2024-03-08 00:00:00+00:00, run_after=2024-03-09 00:00:00+00:00
[2024-03-09T13:38:46.070+0000] {processor.py:183} INFO - Processing /home/airflow/.local/lib/python3.8/site-packages/airflow/example_dags/example_branch_labels.py took 0.145 seconds
[2024-03-09T13:39:16.323+0000] {processor.py:161} INFO - Started process (PID=7628) to work on /home/airflow/.local/lib/python3.8/site-packages/airflow/example_dags/example_branch_labels.py
[2024-03-09T13:39:16.326+0000] {processor.py:830} INFO - Processing file /home/airflow/.local/lib/python3.8/site-packages/airflow/example_dags/example_branch_labels.py for tasks to queue
[2024-03-09T13:39:16.327+0000] {logging_mixin.py:188} INFO - [2024-03-09T13:39:16.327+0000] {dagbag.py:540} INFO - Filling up the DagBag from /home/airflow/.local/lib/python3.8/site-packages/airflow/example_dags/example_branch_labels.py
[2024-03-09T13:39:16.341+0000] {processor.py:840} INFO - DAG(s) 'example_branch_labels' retrieved from /home/airflow/.local/lib/python3.8/site-packages/airflow/example_dags/example_branch_labels.py
[2024-03-09T13:39:16.378+0000] {logging_mixin.py:188} INFO - [2024-03-09T13:39:16.378+0000] {dag.py:3047} INFO - Sync 1 DAGs
[2024-03-09T13:39:16.418+0000] {logging_mixin.py:188} INFO - [2024-03-09T13:39:16.418+0000] {dag.py:3834} INFO - Setting next_dagrun for example_branch_labels to 2024-03-08 00:00:00+00:00, run_after=2024-03-09 00:00:00+00:00
[2024-03-09T13:39:16.450+0000] {processor.py:183} INFO - Processing /home/airflow/.local/lib/python3.8/site-packages/airflow/example_dags/example_branch_labels.py took 0.134 seconds
[2024-03-09T13:39:46.602+0000] {processor.py:161} INFO - Started process (PID=7875) to work on /home/airflow/.local/lib/python3.8/site-packages/airflow/example_dags/example_branch_labels.py
[2024-03-09T13:39:46.604+0000] {processor.py:830} INFO - Processing file /home/airflow/.local/lib/python3.8/site-packages/airflow/example_dags/example_branch_labels.py for tasks to queue
[2024-03-09T13:39:46.605+0000] {logging_mixin.py:188} INFO - [2024-03-09T13:39:46.605+0000] {dagbag.py:540} INFO - Filling up the DagBag from /home/airflow/.local/lib/python3.8/site-packages/airflow/example_dags/example_branch_labels.py
[2024-03-09T13:39:46.618+0000] {processor.py:840} INFO - DAG(s) 'example_branch_labels' retrieved from /home/airflow/.local/lib/python3.8/site-packages/airflow/example_dags/example_branch_labels.py
[2024-03-09T13:39:46.652+0000] {logging_mixin.py:188} INFO - [2024-03-09T13:39:46.652+0000] {dag.py:3047} INFO - Sync 1 DAGs
[2024-03-09T13:39:46.688+0000] {logging_mixin.py:188} INFO - [2024-03-09T13:39:46.687+0000] {dag.py:3834} INFO - Setting next_dagrun for example_branch_labels to 2024-03-08 00:00:00+00:00, run_after=2024-03-09 00:00:00+00:00
[2024-03-09T13:39:46.723+0000] {processor.py:183} INFO - Processing /home/airflow/.local/lib/python3.8/site-packages/airflow/example_dags/example_branch_labels.py took 0.127 seconds
[2024-03-09T13:40:16.950+0000] {processor.py:161} INFO - Started process (PID=8122) to work on /home/airflow/.local/lib/python3.8/site-packages/airflow/example_dags/example_branch_labels.py
[2024-03-09T13:40:16.952+0000] {processor.py:830} INFO - Processing file /home/airflow/.local/lib/python3.8/site-packages/airflow/example_dags/example_branch_labels.py for tasks to queue
[2024-03-09T13:40:16.954+0000] {logging_mixin.py:188} INFO - [2024-03-09T13:40:16.954+0000] {dagbag.py:540} INFO - Filling up the DagBag from /home/airflow/.local/lib/python3.8/site-packages/airflow/example_dags/example_branch_labels.py
[2024-03-09T13:40:16.968+0000] {processor.py:840} INFO - DAG(s) 'example_branch_labels' retrieved from /home/airflow/.local/lib/python3.8/site-packages/airflow/example_dags/example_branch_labels.py
[2024-03-09T13:40:17.003+0000] {logging_mixin.py:188} INFO - [2024-03-09T13:40:17.002+0000] {dag.py:3047} INFO - Sync 1 DAGs
[2024-03-09T13:40:17.043+0000] {logging_mixin.py:188} INFO - [2024-03-09T13:40:17.042+0000] {dag.py:3834} INFO - Setting next_dagrun for example_branch_labels to 2024-03-08 00:00:00+00:00, run_after=2024-03-09 00:00:00+00:00
[2024-03-09T13:40:17.074+0000] {processor.py:183} INFO - Processing /home/airflow/.local/lib/python3.8/site-packages/airflow/example_dags/example_branch_labels.py took 0.131 seconds
[2024-03-09T13:40:47.244+0000] {processor.py:161} INFO - Started process (PID=8369) to work on /home/airflow/.local/lib/python3.8/site-packages/airflow/example_dags/example_branch_labels.py
[2024-03-09T13:40:47.246+0000] {processor.py:830} INFO - Processing file /home/airflow/.local/lib/python3.8/site-packages/airflow/example_dags/example_branch_labels.py for tasks to queue
[2024-03-09T13:40:47.248+0000] {logging_mixin.py:188} INFO - [2024-03-09T13:40:47.248+0000] {dagbag.py:540} INFO - Filling up the DagBag from /home/airflow/.local/lib/python3.8/site-packages/airflow/example_dags/example_branch_labels.py
[2024-03-09T13:40:47.262+0000] {processor.py:840} INFO - DAG(s) 'example_branch_labels' retrieved from /home/airflow/.local/lib/python3.8/site-packages/airflow/example_dags/example_branch_labels.py
[2024-03-09T13:40:47.300+0000] {logging_mixin.py:188} INFO - [2024-03-09T13:40:47.300+0000] {dag.py:3047} INFO - Sync 1 DAGs
[2024-03-09T13:40:47.336+0000] {logging_mixin.py:188} INFO - [2024-03-09T13:40:47.336+0000] {dag.py:3834} INFO - Setting next_dagrun for example_branch_labels to 2024-03-08 00:00:00+00:00, run_after=2024-03-09 00:00:00+00:00
[2024-03-09T13:40:47.378+0000] {processor.py:183} INFO - Processing /home/airflow/.local/lib/python3.8/site-packages/airflow/example_dags/example_branch_labels.py took 0.139 seconds
[2024-03-09T13:41:17.587+0000] {processor.py:161} INFO - Started process (PID=8616) to work on /home/airflow/.local/lib/python3.8/site-packages/airflow/example_dags/example_branch_labels.py
[2024-03-09T13:41:17.588+0000] {processor.py:830} INFO - Processing file /home/airflow/.local/lib/python3.8/site-packages/airflow/example_dags/example_branch_labels.py for tasks to queue
[2024-03-09T13:41:17.590+0000] {logging_mixin.py:188} INFO - [2024-03-09T13:41:17.590+0000] {dagbag.py:540} INFO - Filling up the DagBag from /home/airflow/.local/lib/python3.8/site-packages/airflow/example_dags/example_branch_labels.py
[2024-03-09T13:41:17.602+0000] {processor.py:840} INFO - DAG(s) 'example_branch_labels' retrieved from /home/airflow/.local/lib/python3.8/site-packages/airflow/example_dags/example_branch_labels.py
[2024-03-09T13:41:17.637+0000] {logging_mixin.py:188} INFO - [2024-03-09T13:41:17.637+0000] {dag.py:3047} INFO - Sync 1 DAGs
[2024-03-09T13:41:17.681+0000] {logging_mixin.py:188} INFO - [2024-03-09T13:41:17.680+0000] {dag.py:3834} INFO - Setting next_dagrun for example_branch_labels to 2024-03-08 00:00:00+00:00, run_after=2024-03-09 00:00:00+00:00
[2024-03-09T13:41:17.709+0000] {processor.py:183} INFO - Processing /home/airflow/.local/lib/python3.8/site-packages/airflow/example_dags/example_branch_labels.py took 0.127 seconds
[2024-03-09T13:41:47.896+0000] {processor.py:161} INFO - Started process (PID=8863) to work on /home/airflow/.local/lib/python3.8/site-packages/airflow/example_dags/example_branch_labels.py
[2024-03-09T13:41:47.898+0000] {processor.py:830} INFO - Processing file /home/airflow/.local/lib/python3.8/site-packages/airflow/example_dags/example_branch_labels.py for tasks to queue
[2024-03-09T13:41:47.900+0000] {logging_mixin.py:188} INFO - [2024-03-09T13:41:47.899+0000] {dagbag.py:540} INFO - Filling up the DagBag from /home/airflow/.local/lib/python3.8/site-packages/airflow/example_dags/example_branch_labels.py
[2024-03-09T13:41:47.912+0000] {processor.py:840} INFO - DAG(s) 'example_branch_labels' retrieved from /home/airflow/.local/lib/python3.8/site-packages/airflow/example_dags/example_branch_labels.py
[2024-03-09T13:41:47.946+0000] {logging_mixin.py:188} INFO - [2024-03-09T13:41:47.946+0000] {dag.py:3047} INFO - Sync 1 DAGs
[2024-03-09T13:41:48.020+0000] {logging_mixin.py:188} INFO - [2024-03-09T13:41:48.019+0000] {dag.py:3834} INFO - Setting next_dagrun for example_branch_labels to 2024-03-08 00:00:00+00:00, run_after=2024-03-09 00:00:00+00:00
[2024-03-09T13:41:48.065+0000] {processor.py:183} INFO - Processing /home/airflow/.local/lib/python3.8/site-packages/airflow/example_dags/example_branch_labels.py took 0.175 seconds
[2024-03-09T13:42:18.360+0000] {processor.py:161} INFO - Started process (PID=9110) to work on /home/airflow/.local/lib/python3.8/site-packages/airflow/example_dags/example_branch_labels.py
[2024-03-09T13:42:18.362+0000] {processor.py:830} INFO - Processing file /home/airflow/.local/lib/python3.8/site-packages/airflow/example_dags/example_branch_labels.py for tasks to queue
[2024-03-09T13:42:18.363+0000] {logging_mixin.py:188} INFO - [2024-03-09T13:42:18.363+0000] {dagbag.py:540} INFO - Filling up the DagBag from /home/airflow/.local/lib/python3.8/site-packages/airflow/example_dags/example_branch_labels.py
[2024-03-09T13:42:18.378+0000] {processor.py:840} INFO - DAG(s) 'example_branch_labels' retrieved from /home/airflow/.local/lib/python3.8/site-packages/airflow/example_dags/example_branch_labels.py
[2024-03-09T13:42:18.412+0000] {logging_mixin.py:188} INFO - [2024-03-09T13:42:18.412+0000] {dag.py:3047} INFO - Sync 1 DAGs
[2024-03-09T13:42:18.454+0000] {logging_mixin.py:188} INFO - [2024-03-09T13:42:18.453+0000] {dag.py:3834} INFO - Setting next_dagrun for example_branch_labels to 2024-03-08 00:00:00+00:00, run_after=2024-03-09 00:00:00+00:00
[2024-03-09T13:42:18.486+0000] {processor.py:183} INFO - Processing /home/airflow/.local/lib/python3.8/site-packages/airflow/example_dags/example_branch_labels.py took 0.131 seconds
[2024-03-09T13:42:48.688+0000] {processor.py:161} INFO - Started process (PID=9357) to work on /home/airflow/.local/lib/python3.8/site-packages/airflow/example_dags/example_branch_labels.py
[2024-03-09T13:42:48.689+0000] {processor.py:830} INFO - Processing file /home/airflow/.local/lib/python3.8/site-packages/airflow/example_dags/example_branch_labels.py for tasks to queue
[2024-03-09T13:42:48.691+0000] {logging_mixin.py:188} INFO - [2024-03-09T13:42:48.691+0000] {dagbag.py:540} INFO - Filling up the DagBag from /home/airflow/.local/lib/python3.8/site-packages/airflow/example_dags/example_branch_labels.py
[2024-03-09T13:42:48.705+0000] {processor.py:840} INFO - DAG(s) 'example_branch_labels' retrieved from /home/airflow/.local/lib/python3.8/site-packages/airflow/example_dags/example_branch_labels.py
[2024-03-09T13:42:48.744+0000] {logging_mixin.py:188} INFO - [2024-03-09T13:42:48.744+0000] {dag.py:3047} INFO - Sync 1 DAGs
[2024-03-09T13:42:48.788+0000] {logging_mixin.py:188} INFO - [2024-03-09T13:42:48.787+0000] {dag.py:3834} INFO - Setting next_dagrun for example_branch_labels to 2024-03-08 00:00:00+00:00, run_after=2024-03-09 00:00:00+00:00
[2024-03-09T13:42:48.824+0000] {processor.py:183} INFO - Processing /home/airflow/.local/lib/python3.8/site-packages/airflow/example_dags/example_branch_labels.py took 0.142 seconds
[2024-03-09T13:43:19.011+0000] {processor.py:161} INFO - Started process (PID=9604) to work on /home/airflow/.local/lib/python3.8/site-packages/airflow/example_dags/example_branch_labels.py
[2024-03-09T13:43:19.013+0000] {processor.py:830} INFO - Processing file /home/airflow/.local/lib/python3.8/site-packages/airflow/example_dags/example_branch_labels.py for tasks to queue
[2024-03-09T13:43:19.014+0000] {logging_mixin.py:188} INFO - [2024-03-09T13:43:19.014+0000] {dagbag.py:540} INFO - Filling up the DagBag from /home/airflow/.local/lib/python3.8/site-packages/airflow/example_dags/example_branch_labels.py
[2024-03-09T13:43:19.028+0000] {processor.py:840} INFO - DAG(s) 'example_branch_labels' retrieved from /home/airflow/.local/lib/python3.8/site-packages/airflow/example_dags/example_branch_labels.py
[2024-03-09T13:43:19.062+0000] {logging_mixin.py:188} INFO - [2024-03-09T13:43:19.062+0000] {dag.py:3047} INFO - Sync 1 DAGs
[2024-03-09T13:43:19.096+0000] {logging_mixin.py:188} INFO - [2024-03-09T13:43:19.096+0000] {dag.py:3834} INFO - Setting next_dagrun for example_branch_labels to 2024-03-08 00:00:00+00:00, run_after=2024-03-09 00:00:00+00:00
[2024-03-09T13:43:19.129+0000] {processor.py:183} INFO - Processing /home/airflow/.local/lib/python3.8/site-packages/airflow/example_dags/example_branch_labels.py took 0.124 seconds
[2024-03-09T13:43:49.862+0000] {processor.py:161} INFO - Started process (PID=9851) to work on /home/airflow/.local/lib/python3.8/site-packages/airflow/example_dags/example_branch_labels.py
[2024-03-09T13:43:49.864+0000] {processor.py:830} INFO - Processing file /home/airflow/.local/lib/python3.8/site-packages/airflow/example_dags/example_branch_labels.py for tasks to queue
[2024-03-09T13:43:49.866+0000] {logging_mixin.py:188} INFO - [2024-03-09T13:43:49.865+0000] {dagbag.py:540} INFO - Filling up the DagBag from /home/airflow/.local/lib/python3.8/site-packages/airflow/example_dags/example_branch_labels.py
[2024-03-09T13:43:49.878+0000] {processor.py:840} INFO - DAG(s) 'example_branch_labels' retrieved from /home/airflow/.local/lib/python3.8/site-packages/airflow/example_dags/example_branch_labels.py
[2024-03-09T13:43:49.916+0000] {logging_mixin.py:188} INFO - [2024-03-09T13:43:49.916+0000] {dag.py:3047} INFO - Sync 1 DAGs
[2024-03-09T13:43:49.957+0000] {logging_mixin.py:188} INFO - [2024-03-09T13:43:49.956+0000] {dag.py:3834} INFO - Setting next_dagrun for example_branch_labels to 2024-03-08 00:00:00+00:00, run_after=2024-03-09 00:00:00+00:00
[2024-03-09T13:43:50.002+0000] {processor.py:183} INFO - Processing /home/airflow/.local/lib/python3.8/site-packages/airflow/example_dags/example_branch_labels.py took 0.145 seconds
