[2024-03-09T11:07:26.308+0000] {processor.py:161} INFO - Started process (PID=177) to work on /home/airflow/.local/lib/python3.8/site-packages/airflow/example_dags/example_short_circuit_operator.py
[2024-03-09T11:07:26.311+0000] {processor.py:830} INFO - Processing file /home/airflow/.local/lib/python3.8/site-packages/airflow/example_dags/example_short_circuit_operator.py for tasks to queue
[2024-03-09T11:07:26.320+0000] {logging_mixin.py:188} INFO - [2024-03-09T11:07:26.319+0000] {dagbag.py:540} INFO - Filling up the DagBag from /home/airflow/.local/lib/python3.8/site-packages/airflow/example_dags/example_short_circuit_operator.py
[2024-03-09T11:07:26.354+0000] {processor.py:840} INFO - DAG(s) 'example_short_circuit_operator' retrieved from /home/airflow/.local/lib/python3.8/site-packages/airflow/example_dags/example_short_circuit_operator.py
[2024-03-09T11:07:26.684+0000] {logging_mixin.py:188} INFO - [2024-03-09T11:07:26.683+0000] {dag.py:3047} INFO - Sync 1 DAGs
[2024-03-09T11:07:26.745+0000] {logging_mixin.py:188} INFO - [2024-03-09T11:07:26.744+0000] {dag.py:3834} INFO - Setting next_dagrun for example_short_circuit_operator to 2024-03-08 00:00:00+00:00, run_after=2024-03-09 00:00:00+00:00
[2024-03-09T11:07:26.802+0000] {processor.py:183} INFO - Processing /home/airflow/.local/lib/python3.8/site-packages/airflow/example_dags/example_short_circuit_operator.py took 0.500 seconds
[2024-03-09T11:07:57.644+0000] {processor.py:161} INFO - Started process (PID=426) to work on /home/airflow/.local/lib/python3.8/site-packages/airflow/example_dags/example_short_circuit_operator.py
[2024-03-09T11:07:57.647+0000] {processor.py:830} INFO - Processing file /home/airflow/.local/lib/python3.8/site-packages/airflow/example_dags/example_short_circuit_operator.py for tasks to queue
[2024-03-09T11:07:57.649+0000] {logging_mixin.py:188} INFO - [2024-03-09T11:07:57.649+0000] {dagbag.py:540} INFO - Filling up the DagBag from /home/airflow/.local/lib/python3.8/site-packages/airflow/example_dags/example_short_circuit_operator.py
[2024-03-09T11:07:57.668+0000] {processor.py:840} INFO - DAG(s) 'example_short_circuit_operator' retrieved from /home/airflow/.local/lib/python3.8/site-packages/airflow/example_dags/example_short_circuit_operator.py
[2024-03-09T11:07:57.710+0000] {logging_mixin.py:188} INFO - [2024-03-09T11:07:57.710+0000] {dag.py:3047} INFO - Sync 1 DAGs
[2024-03-09T11:07:57.755+0000] {logging_mixin.py:188} INFO - [2024-03-09T11:07:57.755+0000] {dag.py:3834} INFO - Setting next_dagrun for example_short_circuit_operator to 2024-03-08 00:00:00+00:00, run_after=2024-03-09 00:00:00+00:00
[2024-03-09T11:07:57.789+0000] {processor.py:183} INFO - Processing /home/airflow/.local/lib/python3.8/site-packages/airflow/example_dags/example_short_circuit_operator.py took 0.153 seconds
[2024-03-09T11:08:27.876+0000] {processor.py:161} INFO - Started process (PID=673) to work on /home/airflow/.local/lib/python3.8/site-packages/airflow/example_dags/example_short_circuit_operator.py
[2024-03-09T11:08:27.880+0000] {processor.py:830} INFO - Processing file /home/airflow/.local/lib/python3.8/site-packages/airflow/example_dags/example_short_circuit_operator.py for tasks to queue
[2024-03-09T11:08:27.883+0000] {logging_mixin.py:188} INFO - [2024-03-09T11:08:27.882+0000] {dagbag.py:540} INFO - Filling up the DagBag from /home/airflow/.local/lib/python3.8/site-packages/airflow/example_dags/example_short_circuit_operator.py
[2024-03-09T11:08:27.898+0000] {processor.py:840} INFO - DAG(s) 'example_short_circuit_operator' retrieved from /home/airflow/.local/lib/python3.8/site-packages/airflow/example_dags/example_short_circuit_operator.py
[2024-03-09T11:08:27.938+0000] {logging_mixin.py:188} INFO - [2024-03-09T11:08:27.937+0000] {dag.py:3047} INFO - Sync 1 DAGs
[2024-03-09T11:08:27.987+0000] {logging_mixin.py:188} INFO - [2024-03-09T11:08:27.986+0000] {dag.py:3834} INFO - Setting next_dagrun for example_short_circuit_operator to 2024-03-08 00:00:00+00:00, run_after=2024-03-09 00:00:00+00:00
[2024-03-09T11:08:28.019+0000] {processor.py:183} INFO - Processing /home/airflow/.local/lib/python3.8/site-packages/airflow/example_dags/example_short_circuit_operator.py took 0.148 seconds
[2024-03-09T11:08:58.514+0000] {processor.py:161} INFO - Started process (PID=920) to work on /home/airflow/.local/lib/python3.8/site-packages/airflow/example_dags/example_short_circuit_operator.py
[2024-03-09T11:08:58.517+0000] {processor.py:830} INFO - Processing file /home/airflow/.local/lib/python3.8/site-packages/airflow/example_dags/example_short_circuit_operator.py for tasks to queue
[2024-03-09T11:08:58.519+0000] {logging_mixin.py:188} INFO - [2024-03-09T11:08:58.518+0000] {dagbag.py:540} INFO - Filling up the DagBag from /home/airflow/.local/lib/python3.8/site-packages/airflow/example_dags/example_short_circuit_operator.py
[2024-03-09T11:08:58.545+0000] {processor.py:840} INFO - DAG(s) 'example_short_circuit_operator' retrieved from /home/airflow/.local/lib/python3.8/site-packages/airflow/example_dags/example_short_circuit_operator.py
[2024-03-09T11:08:58.616+0000] {logging_mixin.py:188} INFO - [2024-03-09T11:08:58.615+0000] {dag.py:3047} INFO - Sync 1 DAGs
[2024-03-09T11:08:58.687+0000] {logging_mixin.py:188} INFO - [2024-03-09T11:08:58.687+0000] {dag.py:3834} INFO - Setting next_dagrun for example_short_circuit_operator to 2024-03-08 00:00:00+00:00, run_after=2024-03-09 00:00:00+00:00
[2024-03-09T11:08:58.752+0000] {processor.py:183} INFO - Processing /home/airflow/.local/lib/python3.8/site-packages/airflow/example_dags/example_short_circuit_operator.py took 0.245 seconds
[2024-03-09T11:09:29.140+0000] {processor.py:161} INFO - Started process (PID=1168) to work on /home/airflow/.local/lib/python3.8/site-packages/airflow/example_dags/example_short_circuit_operator.py
[2024-03-09T11:09:29.142+0000] {processor.py:830} INFO - Processing file /home/airflow/.local/lib/python3.8/site-packages/airflow/example_dags/example_short_circuit_operator.py for tasks to queue
[2024-03-09T11:09:29.144+0000] {logging_mixin.py:188} INFO - [2024-03-09T11:09:29.143+0000] {dagbag.py:540} INFO - Filling up the DagBag from /home/airflow/.local/lib/python3.8/site-packages/airflow/example_dags/example_short_circuit_operator.py
[2024-03-09T11:09:29.158+0000] {processor.py:840} INFO - DAG(s) 'example_short_circuit_operator' retrieved from /home/airflow/.local/lib/python3.8/site-packages/airflow/example_dags/example_short_circuit_operator.py
[2024-03-09T11:09:29.198+0000] {logging_mixin.py:188} INFO - [2024-03-09T11:09:29.198+0000] {dag.py:3047} INFO - Sync 1 DAGs
[2024-03-09T11:09:29.234+0000] {logging_mixin.py:188} INFO - [2024-03-09T11:09:29.234+0000] {dag.py:3834} INFO - Setting next_dagrun for example_short_circuit_operator to 2024-03-08 00:00:00+00:00, run_after=2024-03-09 00:00:00+00:00
[2024-03-09T11:09:29.266+0000] {processor.py:183} INFO - Processing /home/airflow/.local/lib/python3.8/site-packages/airflow/example_dags/example_short_circuit_operator.py took 0.133 seconds
[2024-03-09T11:09:59.791+0000] {processor.py:161} INFO - Started process (PID=1415) to work on /home/airflow/.local/lib/python3.8/site-packages/airflow/example_dags/example_short_circuit_operator.py
[2024-03-09T11:09:59.793+0000] {processor.py:830} INFO - Processing file /home/airflow/.local/lib/python3.8/site-packages/airflow/example_dags/example_short_circuit_operator.py for tasks to queue
[2024-03-09T11:09:59.795+0000] {logging_mixin.py:188} INFO - [2024-03-09T11:09:59.795+0000] {dagbag.py:540} INFO - Filling up the DagBag from /home/airflow/.local/lib/python3.8/site-packages/airflow/example_dags/example_short_circuit_operator.py
[2024-03-09T11:09:59.810+0000] {processor.py:840} INFO - DAG(s) 'example_short_circuit_operator' retrieved from /home/airflow/.local/lib/python3.8/site-packages/airflow/example_dags/example_short_circuit_operator.py
[2024-03-09T11:09:59.848+0000] {logging_mixin.py:188} INFO - [2024-03-09T11:09:59.847+0000] {dag.py:3047} INFO - Sync 1 DAGs
[2024-03-09T11:09:59.880+0000] {logging_mixin.py:188} INFO - [2024-03-09T11:09:59.880+0000] {dag.py:3834} INFO - Setting next_dagrun for example_short_circuit_operator to 2024-03-08 00:00:00+00:00, run_after=2024-03-09 00:00:00+00:00
[2024-03-09T11:09:59.912+0000] {processor.py:183} INFO - Processing /home/airflow/.local/lib/python3.8/site-packages/airflow/example_dags/example_short_circuit_operator.py took 0.127 seconds
[2024-03-09T11:10:30.733+0000] {processor.py:161} INFO - Started process (PID=1662) to work on /home/airflow/.local/lib/python3.8/site-packages/airflow/example_dags/example_short_circuit_operator.py
[2024-03-09T11:10:30.735+0000] {processor.py:830} INFO - Processing file /home/airflow/.local/lib/python3.8/site-packages/airflow/example_dags/example_short_circuit_operator.py for tasks to queue
[2024-03-09T11:10:30.737+0000] {logging_mixin.py:188} INFO - [2024-03-09T11:10:30.737+0000] {dagbag.py:540} INFO - Filling up the DagBag from /home/airflow/.local/lib/python3.8/site-packages/airflow/example_dags/example_short_circuit_operator.py
[2024-03-09T11:10:30.752+0000] {processor.py:840} INFO - DAG(s) 'example_short_circuit_operator' retrieved from /home/airflow/.local/lib/python3.8/site-packages/airflow/example_dags/example_short_circuit_operator.py
[2024-03-09T11:10:30.945+0000] {logging_mixin.py:188} INFO - [2024-03-09T11:10:30.945+0000] {dag.py:3047} INFO - Sync 1 DAGs
[2024-03-09T11:10:31.228+0000] {logging_mixin.py:188} INFO - [2024-03-09T11:10:31.227+0000] {dag.py:3834} INFO - Setting next_dagrun for example_short_circuit_operator to 2024-03-08 00:00:00+00:00, run_after=2024-03-09 00:00:00+00:00
[2024-03-09T11:10:31.302+0000] {processor.py:183} INFO - Processing /home/airflow/.local/lib/python3.8/site-packages/airflow/example_dags/example_short_circuit_operator.py took 0.575 seconds
[2024-03-09T11:11:02.008+0000] {processor.py:161} INFO - Started process (PID=1909) to work on /home/airflow/.local/lib/python3.8/site-packages/airflow/example_dags/example_short_circuit_operator.py
[2024-03-09T11:11:02.011+0000] {processor.py:830} INFO - Processing file /home/airflow/.local/lib/python3.8/site-packages/airflow/example_dags/example_short_circuit_operator.py for tasks to queue
[2024-03-09T11:11:02.013+0000] {logging_mixin.py:188} INFO - [2024-03-09T11:11:02.012+0000] {dagbag.py:540} INFO - Filling up the DagBag from /home/airflow/.local/lib/python3.8/site-packages/airflow/example_dags/example_short_circuit_operator.py
[2024-03-09T11:11:02.027+0000] {processor.py:840} INFO - DAG(s) 'example_short_circuit_operator' retrieved from /home/airflow/.local/lib/python3.8/site-packages/airflow/example_dags/example_short_circuit_operator.py
[2024-03-09T11:11:02.062+0000] {logging_mixin.py:188} INFO - [2024-03-09T11:11:02.062+0000] {dag.py:3047} INFO - Sync 1 DAGs
[2024-03-09T11:11:02.095+0000] {logging_mixin.py:188} INFO - [2024-03-09T11:11:02.095+0000] {dag.py:3834} INFO - Setting next_dagrun for example_short_circuit_operator to 2024-03-08 00:00:00+00:00, run_after=2024-03-09 00:00:00+00:00
[2024-03-09T11:11:02.128+0000] {processor.py:183} INFO - Processing /home/airflow/.local/lib/python3.8/site-packages/airflow/example_dags/example_short_circuit_operator.py took 0.131 seconds
[2024-03-09T11:11:32.443+0000] {processor.py:161} INFO - Started process (PID=2156) to work on /home/airflow/.local/lib/python3.8/site-packages/airflow/example_dags/example_short_circuit_operator.py
[2024-03-09T11:11:32.445+0000] {processor.py:830} INFO - Processing file /home/airflow/.local/lib/python3.8/site-packages/airflow/example_dags/example_short_circuit_operator.py for tasks to queue
[2024-03-09T11:11:32.447+0000] {logging_mixin.py:188} INFO - [2024-03-09T11:11:32.447+0000] {dagbag.py:540} INFO - Filling up the DagBag from /home/airflow/.local/lib/python3.8/site-packages/airflow/example_dags/example_short_circuit_operator.py
[2024-03-09T11:11:32.460+0000] {processor.py:840} INFO - DAG(s) 'example_short_circuit_operator' retrieved from /home/airflow/.local/lib/python3.8/site-packages/airflow/example_dags/example_short_circuit_operator.py
[2024-03-09T11:11:32.525+0000] {logging_mixin.py:188} INFO - [2024-03-09T11:11:32.524+0000] {dag.py:3047} INFO - Sync 1 DAGs
[2024-03-09T11:11:32.565+0000] {logging_mixin.py:188} INFO - [2024-03-09T11:11:32.564+0000] {dag.py:3834} INFO - Setting next_dagrun for example_short_circuit_operator to 2024-03-08 00:00:00+00:00, run_after=2024-03-09 00:00:00+00:00
[2024-03-09T11:11:32.596+0000] {processor.py:183} INFO - Processing /home/airflow/.local/lib/python3.8/site-packages/airflow/example_dags/example_short_circuit_operator.py took 0.157 seconds
[2024-03-09T11:12:02.721+0000] {processor.py:161} INFO - Started process (PID=2403) to work on /home/airflow/.local/lib/python3.8/site-packages/airflow/example_dags/example_short_circuit_operator.py
[2024-03-09T11:12:02.723+0000] {processor.py:830} INFO - Processing file /home/airflow/.local/lib/python3.8/site-packages/airflow/example_dags/example_short_circuit_operator.py for tasks to queue
[2024-03-09T11:12:02.724+0000] {logging_mixin.py:188} INFO - [2024-03-09T11:12:02.724+0000] {dagbag.py:540} INFO - Filling up the DagBag from /home/airflow/.local/lib/python3.8/site-packages/airflow/example_dags/example_short_circuit_operator.py
[2024-03-09T11:12:02.739+0000] {processor.py:840} INFO - DAG(s) 'example_short_circuit_operator' retrieved from /home/airflow/.local/lib/python3.8/site-packages/airflow/example_dags/example_short_circuit_operator.py
[2024-03-09T11:12:02.779+0000] {logging_mixin.py:188} INFO - [2024-03-09T11:12:02.779+0000] {dag.py:3047} INFO - Sync 1 DAGs
[2024-03-09T11:12:02.828+0000] {logging_mixin.py:188} INFO - [2024-03-09T11:12:02.828+0000] {dag.py:3834} INFO - Setting next_dagrun for example_short_circuit_operator to 2024-03-08 00:00:00+00:00, run_after=2024-03-09 00:00:00+00:00
[2024-03-09T11:12:02.878+0000] {processor.py:183} INFO - Processing /home/airflow/.local/lib/python3.8/site-packages/airflow/example_dags/example_short_circuit_operator.py took 0.163 seconds
[2024-03-09T11:12:33.166+0000] {processor.py:161} INFO - Started process (PID=2650) to work on /home/airflow/.local/lib/python3.8/site-packages/airflow/example_dags/example_short_circuit_operator.py
[2024-03-09T11:12:33.168+0000] {processor.py:830} INFO - Processing file /home/airflow/.local/lib/python3.8/site-packages/airflow/example_dags/example_short_circuit_operator.py for tasks to queue
[2024-03-09T11:12:33.170+0000] {logging_mixin.py:188} INFO - [2024-03-09T11:12:33.170+0000] {dagbag.py:540} INFO - Filling up the DagBag from /home/airflow/.local/lib/python3.8/site-packages/airflow/example_dags/example_short_circuit_operator.py
[2024-03-09T11:12:33.185+0000] {processor.py:840} INFO - DAG(s) 'example_short_circuit_operator' retrieved from /home/airflow/.local/lib/python3.8/site-packages/airflow/example_dags/example_short_circuit_operator.py
[2024-03-09T11:12:33.226+0000] {logging_mixin.py:188} INFO - [2024-03-09T11:12:33.226+0000] {dag.py:3047} INFO - Sync 1 DAGs
[2024-03-09T11:12:33.263+0000] {logging_mixin.py:188} INFO - [2024-03-09T11:12:33.263+0000] {dag.py:3834} INFO - Setting next_dagrun for example_short_circuit_operator to 2024-03-08 00:00:00+00:00, run_after=2024-03-09 00:00:00+00:00
[2024-03-09T11:12:33.300+0000] {processor.py:183} INFO - Processing /home/airflow/.local/lib/python3.8/site-packages/airflow/example_dags/example_short_circuit_operator.py took 0.140 seconds
[2024-03-09T11:13:03.470+0000] {processor.py:161} INFO - Started process (PID=2897) to work on /home/airflow/.local/lib/python3.8/site-packages/airflow/example_dags/example_short_circuit_operator.py
[2024-03-09T11:13:03.473+0000] {processor.py:830} INFO - Processing file /home/airflow/.local/lib/python3.8/site-packages/airflow/example_dags/example_short_circuit_operator.py for tasks to queue
[2024-03-09T11:13:03.474+0000] {logging_mixin.py:188} INFO - [2024-03-09T11:13:03.474+0000] {dagbag.py:540} INFO - Filling up the DagBag from /home/airflow/.local/lib/python3.8/site-packages/airflow/example_dags/example_short_circuit_operator.py
[2024-03-09T11:13:03.487+0000] {processor.py:840} INFO - DAG(s) 'example_short_circuit_operator' retrieved from /home/airflow/.local/lib/python3.8/site-packages/airflow/example_dags/example_short_circuit_operator.py
[2024-03-09T11:13:03.527+0000] {logging_mixin.py:188} INFO - [2024-03-09T11:13:03.526+0000] {dag.py:3047} INFO - Sync 1 DAGs
[2024-03-09T11:13:03.568+0000] {logging_mixin.py:188} INFO - [2024-03-09T11:13:03.568+0000] {dag.py:3834} INFO - Setting next_dagrun for example_short_circuit_operator to 2024-03-08 00:00:00+00:00, run_after=2024-03-09 00:00:00+00:00
[2024-03-09T11:13:03.602+0000] {processor.py:183} INFO - Processing /home/airflow/.local/lib/python3.8/site-packages/airflow/example_dags/example_short_circuit_operator.py took 0.137 seconds
[2024-03-09T11:13:37.647+0000] {processor.py:161} INFO - Started process (PID=3160) to work on /home/airflow/.local/lib/python3.8/site-packages/airflow/example_dags/example_short_circuit_operator.py
[2024-03-09T11:13:37.658+0000] {processor.py:830} INFO - Processing file /home/airflow/.local/lib/python3.8/site-packages/airflow/example_dags/example_short_circuit_operator.py for tasks to queue
[2024-03-09T11:13:37.732+0000] {logging_mixin.py:188} INFO - [2024-03-09T11:13:37.695+0000] {dagbag.py:540} INFO - Filling up the DagBag from /home/airflow/.local/lib/python3.8/site-packages/airflow/example_dags/example_short_circuit_operator.py
[2024-03-09T11:13:38.185+0000] {processor.py:840} INFO - DAG(s) 'example_short_circuit_operator' retrieved from /home/airflow/.local/lib/python3.8/site-packages/airflow/example_dags/example_short_circuit_operator.py
[2024-03-09T11:13:38.545+0000] {logging_mixin.py:188} INFO - [2024-03-09T11:13:38.544+0000] {dag.py:3047} INFO - Sync 1 DAGs
[2024-03-09T11:13:38.689+0000] {logging_mixin.py:188} INFO - [2024-03-09T11:13:38.689+0000] {dag.py:3834} INFO - Setting next_dagrun for example_short_circuit_operator to 2024-03-08 00:00:00+00:00, run_after=2024-03-09 00:00:00+00:00
[2024-03-09T11:13:38.835+0000] {processor.py:183} INFO - Processing /home/airflow/.local/lib/python3.8/site-packages/airflow/example_dags/example_short_circuit_operator.py took 1.198 seconds
[2024-03-09T11:14:09.178+0000] {processor.py:161} INFO - Started process (PID=3421) to work on /home/airflow/.local/lib/python3.8/site-packages/airflow/example_dags/example_short_circuit_operator.py
[2024-03-09T11:14:09.181+0000] {processor.py:830} INFO - Processing file /home/airflow/.local/lib/python3.8/site-packages/airflow/example_dags/example_short_circuit_operator.py for tasks to queue
[2024-03-09T11:14:09.183+0000] {logging_mixin.py:188} INFO - [2024-03-09T11:14:09.182+0000] {dagbag.py:540} INFO - Filling up the DagBag from /home/airflow/.local/lib/python3.8/site-packages/airflow/example_dags/example_short_circuit_operator.py
[2024-03-09T11:14:09.195+0000] {processor.py:840} INFO - DAG(s) 'example_short_circuit_operator' retrieved from /home/airflow/.local/lib/python3.8/site-packages/airflow/example_dags/example_short_circuit_operator.py
[2024-03-09T11:14:09.236+0000] {logging_mixin.py:188} INFO - [2024-03-09T11:14:09.236+0000] {dag.py:3047} INFO - Sync 1 DAGs
[2024-03-09T11:14:09.275+0000] {logging_mixin.py:188} INFO - [2024-03-09T11:14:09.275+0000] {dag.py:3834} INFO - Setting next_dagrun for example_short_circuit_operator to 2024-03-08 00:00:00+00:00, run_after=2024-03-09 00:00:00+00:00
[2024-03-09T11:14:09.311+0000] {processor.py:183} INFO - Processing /home/airflow/.local/lib/python3.8/site-packages/airflow/example_dags/example_short_circuit_operator.py took 0.138 seconds
[2024-03-09T11:14:39.776+0000] {processor.py:161} INFO - Started process (PID=3668) to work on /home/airflow/.local/lib/python3.8/site-packages/airflow/example_dags/example_short_circuit_operator.py
[2024-03-09T11:14:39.778+0000] {processor.py:830} INFO - Processing file /home/airflow/.local/lib/python3.8/site-packages/airflow/example_dags/example_short_circuit_operator.py for tasks to queue
[2024-03-09T11:14:39.780+0000] {logging_mixin.py:188} INFO - [2024-03-09T11:14:39.779+0000] {dagbag.py:540} INFO - Filling up the DagBag from /home/airflow/.local/lib/python3.8/site-packages/airflow/example_dags/example_short_circuit_operator.py
[2024-03-09T11:14:39.795+0000] {processor.py:840} INFO - DAG(s) 'example_short_circuit_operator' retrieved from /home/airflow/.local/lib/python3.8/site-packages/airflow/example_dags/example_short_circuit_operator.py
[2024-03-09T11:14:39.847+0000] {logging_mixin.py:188} INFO - [2024-03-09T11:14:39.847+0000] {dag.py:3047} INFO - Sync 1 DAGs
[2024-03-09T11:14:39.885+0000] {logging_mixin.py:188} INFO - [2024-03-09T11:14:39.885+0000] {dag.py:3834} INFO - Setting next_dagrun for example_short_circuit_operator to 2024-03-08 00:00:00+00:00, run_after=2024-03-09 00:00:00+00:00
[2024-03-09T11:14:39.927+0000] {processor.py:183} INFO - Processing /home/airflow/.local/lib/python3.8/site-packages/airflow/example_dags/example_short_circuit_operator.py took 0.157 seconds
[2024-03-09T11:15:10.260+0000] {processor.py:161} INFO - Started process (PID=3915) to work on /home/airflow/.local/lib/python3.8/site-packages/airflow/example_dags/example_short_circuit_operator.py
[2024-03-09T11:15:10.263+0000] {processor.py:830} INFO - Processing file /home/airflow/.local/lib/python3.8/site-packages/airflow/example_dags/example_short_circuit_operator.py for tasks to queue
[2024-03-09T11:15:10.265+0000] {logging_mixin.py:188} INFO - [2024-03-09T11:15:10.265+0000] {dagbag.py:540} INFO - Filling up the DagBag from /home/airflow/.local/lib/python3.8/site-packages/airflow/example_dags/example_short_circuit_operator.py
[2024-03-09T11:15:10.289+0000] {processor.py:840} INFO - DAG(s) 'example_short_circuit_operator' retrieved from /home/airflow/.local/lib/python3.8/site-packages/airflow/example_dags/example_short_circuit_operator.py
[2024-03-09T11:15:10.334+0000] {logging_mixin.py:188} INFO - [2024-03-09T11:15:10.333+0000] {dag.py:3047} INFO - Sync 1 DAGs
[2024-03-09T11:15:10.385+0000] {logging_mixin.py:188} INFO - [2024-03-09T11:15:10.385+0000] {dag.py:3834} INFO - Setting next_dagrun for example_short_circuit_operator to 2024-03-08 00:00:00+00:00, run_after=2024-03-09 00:00:00+00:00
[2024-03-09T11:15:10.420+0000] {processor.py:183} INFO - Processing /home/airflow/.local/lib/python3.8/site-packages/airflow/example_dags/example_short_circuit_operator.py took 0.169 seconds
[2024-03-09T11:15:40.607+0000] {processor.py:161} INFO - Started process (PID=4162) to work on /home/airflow/.local/lib/python3.8/site-packages/airflow/example_dags/example_short_circuit_operator.py
[2024-03-09T11:15:40.609+0000] {processor.py:830} INFO - Processing file /home/airflow/.local/lib/python3.8/site-packages/airflow/example_dags/example_short_circuit_operator.py for tasks to queue
[2024-03-09T11:15:40.611+0000] {logging_mixin.py:188} INFO - [2024-03-09T11:15:40.611+0000] {dagbag.py:540} INFO - Filling up the DagBag from /home/airflow/.local/lib/python3.8/site-packages/airflow/example_dags/example_short_circuit_operator.py
[2024-03-09T11:15:40.640+0000] {processor.py:840} INFO - DAG(s) 'example_short_circuit_operator' retrieved from /home/airflow/.local/lib/python3.8/site-packages/airflow/example_dags/example_short_circuit_operator.py
[2024-03-09T11:15:40.713+0000] {logging_mixin.py:188} INFO - [2024-03-09T11:15:40.713+0000] {dag.py:3047} INFO - Sync 1 DAGs
[2024-03-09T11:15:40.785+0000] {logging_mixin.py:188} INFO - [2024-03-09T11:15:40.785+0000] {dag.py:3834} INFO - Setting next_dagrun for example_short_circuit_operator to 2024-03-08 00:00:00+00:00, run_after=2024-03-09 00:00:00+00:00
[2024-03-09T11:15:40.845+0000] {processor.py:183} INFO - Processing /home/airflow/.local/lib/python3.8/site-packages/airflow/example_dags/example_short_circuit_operator.py took 0.244 seconds
[2024-03-09T11:16:11.004+0000] {processor.py:161} INFO - Started process (PID=4409) to work on /home/airflow/.local/lib/python3.8/site-packages/airflow/example_dags/example_short_circuit_operator.py
[2024-03-09T11:16:11.006+0000] {processor.py:830} INFO - Processing file /home/airflow/.local/lib/python3.8/site-packages/airflow/example_dags/example_short_circuit_operator.py for tasks to queue
[2024-03-09T11:16:11.008+0000] {logging_mixin.py:188} INFO - [2024-03-09T11:16:11.007+0000] {dagbag.py:540} INFO - Filling up the DagBag from /home/airflow/.local/lib/python3.8/site-packages/airflow/example_dags/example_short_circuit_operator.py
[2024-03-09T11:16:11.021+0000] {processor.py:840} INFO - DAG(s) 'example_short_circuit_operator' retrieved from /home/airflow/.local/lib/python3.8/site-packages/airflow/example_dags/example_short_circuit_operator.py
[2024-03-09T11:16:11.057+0000] {logging_mixin.py:188} INFO - [2024-03-09T11:16:11.056+0000] {dag.py:3047} INFO - Sync 1 DAGs
[2024-03-09T11:16:11.095+0000] {logging_mixin.py:188} INFO - [2024-03-09T11:16:11.094+0000] {dag.py:3834} INFO - Setting next_dagrun for example_short_circuit_operator to 2024-03-08 00:00:00+00:00, run_after=2024-03-09 00:00:00+00:00
[2024-03-09T11:16:11.131+0000] {processor.py:183} INFO - Processing /home/airflow/.local/lib/python3.8/site-packages/airflow/example_dags/example_short_circuit_operator.py took 0.135 seconds
[2024-03-09T11:16:41.215+0000] {processor.py:161} INFO - Started process (PID=4659) to work on /home/airflow/.local/lib/python3.8/site-packages/airflow/example_dags/example_short_circuit_operator.py
[2024-03-09T11:16:41.217+0000] {processor.py:830} INFO - Processing file /home/airflow/.local/lib/python3.8/site-packages/airflow/example_dags/example_short_circuit_operator.py for tasks to queue
[2024-03-09T11:16:41.219+0000] {logging_mixin.py:188} INFO - [2024-03-09T11:16:41.218+0000] {dagbag.py:540} INFO - Filling up the DagBag from /home/airflow/.local/lib/python3.8/site-packages/airflow/example_dags/example_short_circuit_operator.py
[2024-03-09T11:16:41.231+0000] {processor.py:840} INFO - DAG(s) 'example_short_circuit_operator' retrieved from /home/airflow/.local/lib/python3.8/site-packages/airflow/example_dags/example_short_circuit_operator.py
[2024-03-09T11:16:41.267+0000] {logging_mixin.py:188} INFO - [2024-03-09T11:16:41.266+0000] {dag.py:3047} INFO - Sync 1 DAGs
[2024-03-09T11:16:41.300+0000] {logging_mixin.py:188} INFO - [2024-03-09T11:16:41.300+0000] {dag.py:3834} INFO - Setting next_dagrun for example_short_circuit_operator to 2024-03-08 00:00:00+00:00, run_after=2024-03-09 00:00:00+00:00
[2024-03-09T11:16:41.328+0000] {processor.py:183} INFO - Processing /home/airflow/.local/lib/python3.8/site-packages/airflow/example_dags/example_short_circuit_operator.py took 0.118 seconds
[2024-03-09T11:17:11.516+0000] {processor.py:161} INFO - Started process (PID=4901) to work on /home/airflow/.local/lib/python3.8/site-packages/airflow/example_dags/example_short_circuit_operator.py
[2024-03-09T11:17:11.519+0000] {processor.py:830} INFO - Processing file /home/airflow/.local/lib/python3.8/site-packages/airflow/example_dags/example_short_circuit_operator.py for tasks to queue
[2024-03-09T11:17:11.521+0000] {logging_mixin.py:188} INFO - [2024-03-09T11:17:11.520+0000] {dagbag.py:540} INFO - Filling up the DagBag from /home/airflow/.local/lib/python3.8/site-packages/airflow/example_dags/example_short_circuit_operator.py
[2024-03-09T11:17:11.535+0000] {processor.py:840} INFO - DAG(s) 'example_short_circuit_operator' retrieved from /home/airflow/.local/lib/python3.8/site-packages/airflow/example_dags/example_short_circuit_operator.py
[2024-03-09T11:17:11.574+0000] {logging_mixin.py:188} INFO - [2024-03-09T11:17:11.573+0000] {dag.py:3047} INFO - Sync 1 DAGs
[2024-03-09T11:17:11.608+0000] {logging_mixin.py:188} INFO - [2024-03-09T11:17:11.608+0000] {dag.py:3834} INFO - Setting next_dagrun for example_short_circuit_operator to 2024-03-08 00:00:00+00:00, run_after=2024-03-09 00:00:00+00:00
[2024-03-09T11:17:11.640+0000] {processor.py:183} INFO - Processing /home/airflow/.local/lib/python3.8/site-packages/airflow/example_dags/example_short_circuit_operator.py took 0.130 seconds
[2024-03-09T11:17:41.777+0000] {processor.py:161} INFO - Started process (PID=5148) to work on /home/airflow/.local/lib/python3.8/site-packages/airflow/example_dags/example_short_circuit_operator.py
[2024-03-09T11:17:41.779+0000] {processor.py:830} INFO - Processing file /home/airflow/.local/lib/python3.8/site-packages/airflow/example_dags/example_short_circuit_operator.py for tasks to queue
[2024-03-09T11:17:41.780+0000] {logging_mixin.py:188} INFO - [2024-03-09T11:17:41.780+0000] {dagbag.py:540} INFO - Filling up the DagBag from /home/airflow/.local/lib/python3.8/site-packages/airflow/example_dags/example_short_circuit_operator.py
[2024-03-09T11:17:41.796+0000] {processor.py:840} INFO - DAG(s) 'example_short_circuit_operator' retrieved from /home/airflow/.local/lib/python3.8/site-packages/airflow/example_dags/example_short_circuit_operator.py
[2024-03-09T11:17:41.841+0000] {logging_mixin.py:188} INFO - [2024-03-09T11:17:41.840+0000] {dag.py:3047} INFO - Sync 1 DAGs
[2024-03-09T11:17:41.880+0000] {logging_mixin.py:188} INFO - [2024-03-09T11:17:41.879+0000] {dag.py:3834} INFO - Setting next_dagrun for example_short_circuit_operator to 2024-03-08 00:00:00+00:00, run_after=2024-03-09 00:00:00+00:00
[2024-03-09T11:17:41.916+0000] {processor.py:183} INFO - Processing /home/airflow/.local/lib/python3.8/site-packages/airflow/example_dags/example_short_circuit_operator.py took 0.145 seconds
[2024-03-09T11:18:12.207+0000] {processor.py:161} INFO - Started process (PID=5395) to work on /home/airflow/.local/lib/python3.8/site-packages/airflow/example_dags/example_short_circuit_operator.py
[2024-03-09T11:18:12.209+0000] {processor.py:830} INFO - Processing file /home/airflow/.local/lib/python3.8/site-packages/airflow/example_dags/example_short_circuit_operator.py for tasks to queue
[2024-03-09T11:18:12.211+0000] {logging_mixin.py:188} INFO - [2024-03-09T11:18:12.210+0000] {dagbag.py:540} INFO - Filling up the DagBag from /home/airflow/.local/lib/python3.8/site-packages/airflow/example_dags/example_short_circuit_operator.py
[2024-03-09T11:18:12.225+0000] {processor.py:840} INFO - DAG(s) 'example_short_circuit_operator' retrieved from /home/airflow/.local/lib/python3.8/site-packages/airflow/example_dags/example_short_circuit_operator.py
[2024-03-09T11:18:12.262+0000] {logging_mixin.py:188} INFO - [2024-03-09T11:18:12.261+0000] {dag.py:3047} INFO - Sync 1 DAGs
[2024-03-09T11:18:12.298+0000] {logging_mixin.py:188} INFO - [2024-03-09T11:18:12.297+0000] {dag.py:3834} INFO - Setting next_dagrun for example_short_circuit_operator to 2024-03-08 00:00:00+00:00, run_after=2024-03-09 00:00:00+00:00
[2024-03-09T11:18:12.327+0000] {processor.py:183} INFO - Processing /home/airflow/.local/lib/python3.8/site-packages/airflow/example_dags/example_short_circuit_operator.py took 0.126 seconds
[2024-03-09T11:18:42.552+0000] {processor.py:161} INFO - Started process (PID=5642) to work on /home/airflow/.local/lib/python3.8/site-packages/airflow/example_dags/example_short_circuit_operator.py
[2024-03-09T11:18:42.554+0000] {processor.py:830} INFO - Processing file /home/airflow/.local/lib/python3.8/site-packages/airflow/example_dags/example_short_circuit_operator.py for tasks to queue
[2024-03-09T11:18:42.556+0000] {logging_mixin.py:188} INFO - [2024-03-09T11:18:42.556+0000] {dagbag.py:540} INFO - Filling up the DagBag from /home/airflow/.local/lib/python3.8/site-packages/airflow/example_dags/example_short_circuit_operator.py
[2024-03-09T11:18:42.571+0000] {processor.py:840} INFO - DAG(s) 'example_short_circuit_operator' retrieved from /home/airflow/.local/lib/python3.8/site-packages/airflow/example_dags/example_short_circuit_operator.py
[2024-03-09T11:18:42.611+0000] {logging_mixin.py:188} INFO - [2024-03-09T11:18:42.611+0000] {dag.py:3047} INFO - Sync 1 DAGs
[2024-03-09T11:18:42.654+0000] {logging_mixin.py:188} INFO - [2024-03-09T11:18:42.654+0000] {dag.py:3834} INFO - Setting next_dagrun for example_short_circuit_operator to 2024-03-08 00:00:00+00:00, run_after=2024-03-09 00:00:00+00:00
[2024-03-09T11:18:42.686+0000] {processor.py:183} INFO - Processing /home/airflow/.local/lib/python3.8/site-packages/airflow/example_dags/example_short_circuit_operator.py took 0.141 seconds
[2024-03-09T11:19:13.035+0000] {processor.py:161} INFO - Started process (PID=5889) to work on /home/airflow/.local/lib/python3.8/site-packages/airflow/example_dags/example_short_circuit_operator.py
[2024-03-09T11:19:13.037+0000] {processor.py:830} INFO - Processing file /home/airflow/.local/lib/python3.8/site-packages/airflow/example_dags/example_short_circuit_operator.py for tasks to queue
[2024-03-09T11:19:13.039+0000] {logging_mixin.py:188} INFO - [2024-03-09T11:19:13.039+0000] {dagbag.py:540} INFO - Filling up the DagBag from /home/airflow/.local/lib/python3.8/site-packages/airflow/example_dags/example_short_circuit_operator.py
[2024-03-09T11:19:13.058+0000] {processor.py:840} INFO - DAG(s) 'example_short_circuit_operator' retrieved from /home/airflow/.local/lib/python3.8/site-packages/airflow/example_dags/example_short_circuit_operator.py
[2024-03-09T11:19:13.099+0000] {logging_mixin.py:188} INFO - [2024-03-09T11:19:13.098+0000] {dag.py:3047} INFO - Sync 1 DAGs
[2024-03-09T11:19:13.140+0000] {logging_mixin.py:188} INFO - [2024-03-09T11:19:13.139+0000] {dag.py:3834} INFO - Setting next_dagrun for example_short_circuit_operator to 2024-03-08 00:00:00+00:00, run_after=2024-03-09 00:00:00+00:00
[2024-03-09T11:19:13.179+0000] {processor.py:183} INFO - Processing /home/airflow/.local/lib/python3.8/site-packages/airflow/example_dags/example_short_circuit_operator.py took 0.150 seconds
[2024-03-09T11:19:43.894+0000] {processor.py:161} INFO - Started process (PID=6136) to work on /home/airflow/.local/lib/python3.8/site-packages/airflow/example_dags/example_short_circuit_operator.py
[2024-03-09T11:19:43.896+0000] {processor.py:830} INFO - Processing file /home/airflow/.local/lib/python3.8/site-packages/airflow/example_dags/example_short_circuit_operator.py for tasks to queue
[2024-03-09T11:19:43.898+0000] {logging_mixin.py:188} INFO - [2024-03-09T11:19:43.897+0000] {dagbag.py:540} INFO - Filling up the DagBag from /home/airflow/.local/lib/python3.8/site-packages/airflow/example_dags/example_short_circuit_operator.py
[2024-03-09T11:19:43.912+0000] {processor.py:840} INFO - DAG(s) 'example_short_circuit_operator' retrieved from /home/airflow/.local/lib/python3.8/site-packages/airflow/example_dags/example_short_circuit_operator.py
[2024-03-09T11:19:43.951+0000] {logging_mixin.py:188} INFO - [2024-03-09T11:19:43.951+0000] {dag.py:3047} INFO - Sync 1 DAGs
[2024-03-09T11:19:43.989+0000] {logging_mixin.py:188} INFO - [2024-03-09T11:19:43.988+0000] {dag.py:3834} INFO - Setting next_dagrun for example_short_circuit_operator to 2024-03-08 00:00:00+00:00, run_after=2024-03-09 00:00:00+00:00
[2024-03-09T11:19:44.021+0000] {processor.py:183} INFO - Processing /home/airflow/.local/lib/python3.8/site-packages/airflow/example_dags/example_short_circuit_operator.py took 0.134 seconds
[2024-03-09T11:20:14.663+0000] {processor.py:161} INFO - Started process (PID=6383) to work on /home/airflow/.local/lib/python3.8/site-packages/airflow/example_dags/example_short_circuit_operator.py
[2024-03-09T11:20:14.665+0000] {processor.py:830} INFO - Processing file /home/airflow/.local/lib/python3.8/site-packages/airflow/example_dags/example_short_circuit_operator.py for tasks to queue
[2024-03-09T11:20:14.667+0000] {logging_mixin.py:188} INFO - [2024-03-09T11:20:14.666+0000] {dagbag.py:540} INFO - Filling up the DagBag from /home/airflow/.local/lib/python3.8/site-packages/airflow/example_dags/example_short_circuit_operator.py
[2024-03-09T11:20:14.679+0000] {processor.py:840} INFO - DAG(s) 'example_short_circuit_operator' retrieved from /home/airflow/.local/lib/python3.8/site-packages/airflow/example_dags/example_short_circuit_operator.py
[2024-03-09T11:20:14.722+0000] {logging_mixin.py:188} INFO - [2024-03-09T11:20:14.722+0000] {dag.py:3047} INFO - Sync 1 DAGs
[2024-03-09T11:20:14.755+0000] {logging_mixin.py:188} INFO - [2024-03-09T11:20:14.755+0000] {dag.py:3834} INFO - Setting next_dagrun for example_short_circuit_operator to 2024-03-08 00:00:00+00:00, run_after=2024-03-09 00:00:00+00:00
[2024-03-09T11:20:14.784+0000] {processor.py:183} INFO - Processing /home/airflow/.local/lib/python3.8/site-packages/airflow/example_dags/example_short_circuit_operator.py took 0.127 seconds
[2024-03-09T11:20:44.870+0000] {processor.py:161} INFO - Started process (PID=6627) to work on /home/airflow/.local/lib/python3.8/site-packages/airflow/example_dags/example_short_circuit_operator.py
[2024-03-09T11:20:44.872+0000] {processor.py:830} INFO - Processing file /home/airflow/.local/lib/python3.8/site-packages/airflow/example_dags/example_short_circuit_operator.py for tasks to queue
[2024-03-09T11:20:44.874+0000] {logging_mixin.py:188} INFO - [2024-03-09T11:20:44.873+0000] {dagbag.py:540} INFO - Filling up the DagBag from /home/airflow/.local/lib/python3.8/site-packages/airflow/example_dags/example_short_circuit_operator.py
[2024-03-09T11:20:44.886+0000] {processor.py:840} INFO - DAG(s) 'example_short_circuit_operator' retrieved from /home/airflow/.local/lib/python3.8/site-packages/airflow/example_dags/example_short_circuit_operator.py
[2024-03-09T11:20:44.931+0000] {logging_mixin.py:188} INFO - [2024-03-09T11:20:44.930+0000] {dag.py:3047} INFO - Sync 1 DAGs
[2024-03-09T11:20:44.975+0000] {logging_mixin.py:188} INFO - [2024-03-09T11:20:44.975+0000] {dag.py:3834} INFO - Setting next_dagrun for example_short_circuit_operator to 2024-03-08 00:00:00+00:00, run_after=2024-03-09 00:00:00+00:00
[2024-03-09T11:20:45.014+0000] {processor.py:183} INFO - Processing /home/airflow/.local/lib/python3.8/site-packages/airflow/example_dags/example_short_circuit_operator.py took 0.149 seconds
[2024-03-09T11:21:16.018+0000] {processor.py:161} INFO - Started process (PID=6877) to work on /home/airflow/.local/lib/python3.8/site-packages/airflow/example_dags/example_short_circuit_operator.py
[2024-03-09T11:21:16.033+0000] {processor.py:830} INFO - Processing file /home/airflow/.local/lib/python3.8/site-packages/airflow/example_dags/example_short_circuit_operator.py for tasks to queue
[2024-03-09T11:21:16.068+0000] {logging_mixin.py:188} INFO - [2024-03-09T11:21:16.067+0000] {dagbag.py:540} INFO - Filling up the DagBag from /home/airflow/.local/lib/python3.8/site-packages/airflow/example_dags/example_short_circuit_operator.py
[2024-03-09T11:21:16.125+0000] {processor.py:840} INFO - DAG(s) 'example_short_circuit_operator' retrieved from /home/airflow/.local/lib/python3.8/site-packages/airflow/example_dags/example_short_circuit_operator.py
[2024-03-09T11:21:16.272+0000] {logging_mixin.py:188} INFO - [2024-03-09T11:21:16.271+0000] {dag.py:3047} INFO - Sync 1 DAGs
[2024-03-09T11:21:16.438+0000] {logging_mixin.py:188} INFO - [2024-03-09T11:21:16.438+0000] {dag.py:3834} INFO - Setting next_dagrun for example_short_circuit_operator to 2024-03-08 00:00:00+00:00, run_after=2024-03-09 00:00:00+00:00
[2024-03-09T11:21:16.539+0000] {processor.py:183} INFO - Processing /home/airflow/.local/lib/python3.8/site-packages/airflow/example_dags/example_short_circuit_operator.py took 0.538 seconds
[2024-03-09T13:38:14.184+0000] {processor.py:161} INFO - Started process (PID=7112) to work on /home/airflow/.local/lib/python3.8/site-packages/airflow/example_dags/example_short_circuit_operator.py
[2024-03-09T13:38:14.188+0000] {processor.py:830} INFO - Processing file /home/airflow/.local/lib/python3.8/site-packages/airflow/example_dags/example_short_circuit_operator.py for tasks to queue
[2024-03-09T13:38:14.190+0000] {logging_mixin.py:188} INFO - [2024-03-09T13:38:14.190+0000] {dagbag.py:540} INFO - Filling up the DagBag from /home/airflow/.local/lib/python3.8/site-packages/airflow/example_dags/example_short_circuit_operator.py
[2024-03-09T13:38:14.216+0000] {processor.py:840} INFO - DAG(s) 'example_short_circuit_operator' retrieved from /home/airflow/.local/lib/python3.8/site-packages/airflow/example_dags/example_short_circuit_operator.py
[2024-03-09T13:38:14.306+0000] {logging_mixin.py:188} INFO - [2024-03-09T13:38:14.305+0000] {dag.py:3047} INFO - Sync 1 DAGs
[2024-03-09T13:38:14.412+0000] {logging_mixin.py:188} INFO - [2024-03-09T13:38:14.411+0000] {dag.py:3834} INFO - Setting next_dagrun for example_short_circuit_operator to 2024-03-08 00:00:00+00:00, run_after=2024-03-09 00:00:00+00:00
[2024-03-09T13:38:14.468+0000] {processor.py:183} INFO - Processing /home/airflow/.local/lib/python3.8/site-packages/airflow/example_dags/example_short_circuit_operator.py took 0.293 seconds
[2024-03-09T13:38:45.537+0000] {processor.py:161} INFO - Started process (PID=7363) to work on /home/airflow/.local/lib/python3.8/site-packages/airflow/example_dags/example_short_circuit_operator.py
[2024-03-09T13:38:45.540+0000] {processor.py:830} INFO - Processing file /home/airflow/.local/lib/python3.8/site-packages/airflow/example_dags/example_short_circuit_operator.py for tasks to queue
[2024-03-09T13:38:45.542+0000] {logging_mixin.py:188} INFO - [2024-03-09T13:38:45.541+0000] {dagbag.py:540} INFO - Filling up the DagBag from /home/airflow/.local/lib/python3.8/site-packages/airflow/example_dags/example_short_circuit_operator.py
[2024-03-09T13:38:45.560+0000] {processor.py:840} INFO - DAG(s) 'example_short_circuit_operator' retrieved from /home/airflow/.local/lib/python3.8/site-packages/airflow/example_dags/example_short_circuit_operator.py
[2024-03-09T13:38:45.598+0000] {logging_mixin.py:188} INFO - [2024-03-09T13:38:45.598+0000] {dag.py:3047} INFO - Sync 1 DAGs
[2024-03-09T13:38:45.631+0000] {logging_mixin.py:188} INFO - [2024-03-09T13:38:45.631+0000] {dag.py:3834} INFO - Setting next_dagrun for example_short_circuit_operator to 2024-03-08 00:00:00+00:00, run_after=2024-03-09 00:00:00+00:00
[2024-03-09T13:38:45.664+0000] {processor.py:183} INFO - Processing /home/airflow/.local/lib/python3.8/site-packages/airflow/example_dags/example_short_circuit_operator.py took 0.134 seconds
[2024-03-09T13:39:15.855+0000] {processor.py:161} INFO - Started process (PID=7610) to work on /home/airflow/.local/lib/python3.8/site-packages/airflow/example_dags/example_short_circuit_operator.py
[2024-03-09T13:39:15.857+0000] {processor.py:830} INFO - Processing file /home/airflow/.local/lib/python3.8/site-packages/airflow/example_dags/example_short_circuit_operator.py for tasks to queue
[2024-03-09T13:39:15.859+0000] {logging_mixin.py:188} INFO - [2024-03-09T13:39:15.859+0000] {dagbag.py:540} INFO - Filling up the DagBag from /home/airflow/.local/lib/python3.8/site-packages/airflow/example_dags/example_short_circuit_operator.py
[2024-03-09T13:39:15.875+0000] {processor.py:840} INFO - DAG(s) 'example_short_circuit_operator' retrieved from /home/airflow/.local/lib/python3.8/site-packages/airflow/example_dags/example_short_circuit_operator.py
[2024-03-09T13:39:15.924+0000] {logging_mixin.py:188} INFO - [2024-03-09T13:39:15.923+0000] {dag.py:3047} INFO - Sync 1 DAGs
[2024-03-09T13:39:15.994+0000] {logging_mixin.py:188} INFO - [2024-03-09T13:39:15.993+0000] {dag.py:3834} INFO - Setting next_dagrun for example_short_circuit_operator to 2024-03-08 00:00:00+00:00, run_after=2024-03-09 00:00:00+00:00
[2024-03-09T13:39:16.032+0000] {processor.py:183} INFO - Processing /home/airflow/.local/lib/python3.8/site-packages/airflow/example_dags/example_short_circuit_operator.py took 0.184 seconds
[2024-03-09T13:39:46.240+0000] {processor.py:161} INFO - Started process (PID=7855) to work on /home/airflow/.local/lib/python3.8/site-packages/airflow/example_dags/example_short_circuit_operator.py
[2024-03-09T13:39:46.243+0000] {processor.py:830} INFO - Processing file /home/airflow/.local/lib/python3.8/site-packages/airflow/example_dags/example_short_circuit_operator.py for tasks to queue
[2024-03-09T13:39:46.245+0000] {logging_mixin.py:188} INFO - [2024-03-09T13:39:46.244+0000] {dagbag.py:540} INFO - Filling up the DagBag from /home/airflow/.local/lib/python3.8/site-packages/airflow/example_dags/example_short_circuit_operator.py
[2024-03-09T13:39:46.261+0000] {processor.py:840} INFO - DAG(s) 'example_short_circuit_operator' retrieved from /home/airflow/.local/lib/python3.8/site-packages/airflow/example_dags/example_short_circuit_operator.py
[2024-03-09T13:39:46.299+0000] {logging_mixin.py:188} INFO - [2024-03-09T13:39:46.299+0000] {dag.py:3047} INFO - Sync 1 DAGs
[2024-03-09T13:39:46.335+0000] {logging_mixin.py:188} INFO - [2024-03-09T13:39:46.334+0000] {dag.py:3834} INFO - Setting next_dagrun for example_short_circuit_operator to 2024-03-08 00:00:00+00:00, run_after=2024-03-09 00:00:00+00:00
[2024-03-09T13:39:46.362+0000] {processor.py:183} INFO - Processing /home/airflow/.local/lib/python3.8/site-packages/airflow/example_dags/example_short_circuit_operator.py took 0.128 seconds
[2024-03-09T13:40:16.543+0000] {processor.py:161} INFO - Started process (PID=8102) to work on /home/airflow/.local/lib/python3.8/site-packages/airflow/example_dags/example_short_circuit_operator.py
[2024-03-09T13:40:16.546+0000] {processor.py:830} INFO - Processing file /home/airflow/.local/lib/python3.8/site-packages/airflow/example_dags/example_short_circuit_operator.py for tasks to queue
[2024-03-09T13:40:16.548+0000] {logging_mixin.py:188} INFO - [2024-03-09T13:40:16.547+0000] {dagbag.py:540} INFO - Filling up the DagBag from /home/airflow/.local/lib/python3.8/site-packages/airflow/example_dags/example_short_circuit_operator.py
[2024-03-09T13:40:16.562+0000] {processor.py:840} INFO - DAG(s) 'example_short_circuit_operator' retrieved from /home/airflow/.local/lib/python3.8/site-packages/airflow/example_dags/example_short_circuit_operator.py
[2024-03-09T13:40:16.601+0000] {logging_mixin.py:188} INFO - [2024-03-09T13:40:16.601+0000] {dag.py:3047} INFO - Sync 1 DAGs
[2024-03-09T13:40:16.635+0000] {logging_mixin.py:188} INFO - [2024-03-09T13:40:16.635+0000] {dag.py:3834} INFO - Setting next_dagrun for example_short_circuit_operator to 2024-03-08 00:00:00+00:00, run_after=2024-03-09 00:00:00+00:00
[2024-03-09T13:40:16.665+0000] {processor.py:183} INFO - Processing /home/airflow/.local/lib/python3.8/site-packages/airflow/example_dags/example_short_circuit_operator.py took 0.126 seconds
[2024-03-09T13:40:46.814+0000] {processor.py:161} INFO - Started process (PID=8349) to work on /home/airflow/.local/lib/python3.8/site-packages/airflow/example_dags/example_short_circuit_operator.py
[2024-03-09T13:40:46.816+0000] {processor.py:830} INFO - Processing file /home/airflow/.local/lib/python3.8/site-packages/airflow/example_dags/example_short_circuit_operator.py for tasks to queue
[2024-03-09T13:40:46.818+0000] {logging_mixin.py:188} INFO - [2024-03-09T13:40:46.818+0000] {dagbag.py:540} INFO - Filling up the DagBag from /home/airflow/.local/lib/python3.8/site-packages/airflow/example_dags/example_short_circuit_operator.py
[2024-03-09T13:40:46.832+0000] {processor.py:840} INFO - DAG(s) 'example_short_circuit_operator' retrieved from /home/airflow/.local/lib/python3.8/site-packages/airflow/example_dags/example_short_circuit_operator.py
[2024-03-09T13:40:46.870+0000] {logging_mixin.py:188} INFO - [2024-03-09T13:40:46.870+0000] {dag.py:3047} INFO - Sync 1 DAGs
[2024-03-09T13:40:46.911+0000] {logging_mixin.py:188} INFO - [2024-03-09T13:40:46.910+0000] {dag.py:3834} INFO - Setting next_dagrun for example_short_circuit_operator to 2024-03-08 00:00:00+00:00, run_after=2024-03-09 00:00:00+00:00
[2024-03-09T13:40:46.945+0000] {processor.py:183} INFO - Processing /home/airflow/.local/lib/python3.8/site-packages/airflow/example_dags/example_short_circuit_operator.py took 0.137 seconds
[2024-03-09T13:41:17.114+0000] {processor.py:161} INFO - Started process (PID=8596) to work on /home/airflow/.local/lib/python3.8/site-packages/airflow/example_dags/example_short_circuit_operator.py
[2024-03-09T13:41:17.116+0000] {processor.py:830} INFO - Processing file /home/airflow/.local/lib/python3.8/site-packages/airflow/example_dags/example_short_circuit_operator.py for tasks to queue
[2024-03-09T13:41:17.118+0000] {logging_mixin.py:188} INFO - [2024-03-09T13:41:17.118+0000] {dagbag.py:540} INFO - Filling up the DagBag from /home/airflow/.local/lib/python3.8/site-packages/airflow/example_dags/example_short_circuit_operator.py
[2024-03-09T13:41:17.135+0000] {processor.py:840} INFO - DAG(s) 'example_short_circuit_operator' retrieved from /home/airflow/.local/lib/python3.8/site-packages/airflow/example_dags/example_short_circuit_operator.py
[2024-03-09T13:41:17.179+0000] {logging_mixin.py:188} INFO - [2024-03-09T13:41:17.178+0000] {dag.py:3047} INFO - Sync 1 DAGs
[2024-03-09T13:41:17.215+0000] {logging_mixin.py:188} INFO - [2024-03-09T13:41:17.214+0000] {dag.py:3834} INFO - Setting next_dagrun for example_short_circuit_operator to 2024-03-08 00:00:00+00:00, run_after=2024-03-09 00:00:00+00:00
[2024-03-09T13:41:17.248+0000] {processor.py:183} INFO - Processing /home/airflow/.local/lib/python3.8/site-packages/airflow/example_dags/example_short_circuit_operator.py took 0.141 seconds
[2024-03-09T13:41:47.363+0000] {processor.py:161} INFO - Started process (PID=8840) to work on /home/airflow/.local/lib/python3.8/site-packages/airflow/example_dags/example_short_circuit_operator.py
[2024-03-09T13:41:47.365+0000] {processor.py:830} INFO - Processing file /home/airflow/.local/lib/python3.8/site-packages/airflow/example_dags/example_short_circuit_operator.py for tasks to queue
[2024-03-09T13:41:47.367+0000] {logging_mixin.py:188} INFO - [2024-03-09T13:41:47.367+0000] {dagbag.py:540} INFO - Filling up the DagBag from /home/airflow/.local/lib/python3.8/site-packages/airflow/example_dags/example_short_circuit_operator.py
[2024-03-09T13:41:47.380+0000] {processor.py:840} INFO - DAG(s) 'example_short_circuit_operator' retrieved from /home/airflow/.local/lib/python3.8/site-packages/airflow/example_dags/example_short_circuit_operator.py
[2024-03-09T13:41:47.417+0000] {logging_mixin.py:188} INFO - [2024-03-09T13:41:47.416+0000] {dag.py:3047} INFO - Sync 1 DAGs
[2024-03-09T13:41:47.450+0000] {logging_mixin.py:188} INFO - [2024-03-09T13:41:47.450+0000] {dag.py:3834} INFO - Setting next_dagrun for example_short_circuit_operator to 2024-03-08 00:00:00+00:00, run_after=2024-03-09 00:00:00+00:00
[2024-03-09T13:41:47.482+0000] {processor.py:183} INFO - Processing /home/airflow/.local/lib/python3.8/site-packages/airflow/example_dags/example_short_circuit_operator.py took 0.125 seconds
[2024-03-09T13:42:17.723+0000] {processor.py:161} INFO - Started process (PID=9087) to work on /home/airflow/.local/lib/python3.8/site-packages/airflow/example_dags/example_short_circuit_operator.py
[2024-03-09T13:42:17.726+0000] {processor.py:830} INFO - Processing file /home/airflow/.local/lib/python3.8/site-packages/airflow/example_dags/example_short_circuit_operator.py for tasks to queue
[2024-03-09T13:42:17.727+0000] {logging_mixin.py:188} INFO - [2024-03-09T13:42:17.727+0000] {dagbag.py:540} INFO - Filling up the DagBag from /home/airflow/.local/lib/python3.8/site-packages/airflow/example_dags/example_short_circuit_operator.py
[2024-03-09T13:42:17.743+0000] {processor.py:840} INFO - DAG(s) 'example_short_circuit_operator' retrieved from /home/airflow/.local/lib/python3.8/site-packages/airflow/example_dags/example_short_circuit_operator.py
[2024-03-09T13:42:17.783+0000] {logging_mixin.py:188} INFO - [2024-03-09T13:42:17.783+0000] {dag.py:3047} INFO - Sync 1 DAGs
[2024-03-09T13:42:17.822+0000] {logging_mixin.py:188} INFO - [2024-03-09T13:42:17.822+0000] {dag.py:3834} INFO - Setting next_dagrun for example_short_circuit_operator to 2024-03-08 00:00:00+00:00, run_after=2024-03-09 00:00:00+00:00
[2024-03-09T13:42:17.855+0000] {processor.py:183} INFO - Processing /home/airflow/.local/lib/python3.8/site-packages/airflow/example_dags/example_short_circuit_operator.py took 0.138 seconds
[2024-03-09T13:42:48.105+0000] {processor.py:161} INFO - Started process (PID=9334) to work on /home/airflow/.local/lib/python3.8/site-packages/airflow/example_dags/example_short_circuit_operator.py
[2024-03-09T13:42:48.107+0000] {processor.py:830} INFO - Processing file /home/airflow/.local/lib/python3.8/site-packages/airflow/example_dags/example_short_circuit_operator.py for tasks to queue
[2024-03-09T13:42:48.109+0000] {logging_mixin.py:188} INFO - [2024-03-09T13:42:48.109+0000] {dagbag.py:540} INFO - Filling up the DagBag from /home/airflow/.local/lib/python3.8/site-packages/airflow/example_dags/example_short_circuit_operator.py
[2024-03-09T13:42:48.128+0000] {processor.py:840} INFO - DAG(s) 'example_short_circuit_operator' retrieved from /home/airflow/.local/lib/python3.8/site-packages/airflow/example_dags/example_short_circuit_operator.py
[2024-03-09T13:42:48.166+0000] {logging_mixin.py:188} INFO - [2024-03-09T13:42:48.166+0000] {dag.py:3047} INFO - Sync 1 DAGs
[2024-03-09T13:42:48.199+0000] {logging_mixin.py:188} INFO - [2024-03-09T13:42:48.198+0000] {dag.py:3834} INFO - Setting next_dagrun for example_short_circuit_operator to 2024-03-08 00:00:00+00:00, run_after=2024-03-09 00:00:00+00:00
[2024-03-09T13:42:48.231+0000] {processor.py:183} INFO - Processing /home/airflow/.local/lib/python3.8/site-packages/airflow/example_dags/example_short_circuit_operator.py took 0.132 seconds
[2024-03-09T13:43:18.428+0000] {processor.py:161} INFO - Started process (PID=9581) to work on /home/airflow/.local/lib/python3.8/site-packages/airflow/example_dags/example_short_circuit_operator.py
[2024-03-09T13:43:18.430+0000] {processor.py:830} INFO - Processing file /home/airflow/.local/lib/python3.8/site-packages/airflow/example_dags/example_short_circuit_operator.py for tasks to queue
[2024-03-09T13:43:18.431+0000] {logging_mixin.py:188} INFO - [2024-03-09T13:43:18.431+0000] {dagbag.py:540} INFO - Filling up the DagBag from /home/airflow/.local/lib/python3.8/site-packages/airflow/example_dags/example_short_circuit_operator.py
[2024-03-09T13:43:18.444+0000] {processor.py:840} INFO - DAG(s) 'example_short_circuit_operator' retrieved from /home/airflow/.local/lib/python3.8/site-packages/airflow/example_dags/example_short_circuit_operator.py
[2024-03-09T13:43:18.488+0000] {logging_mixin.py:188} INFO - [2024-03-09T13:43:18.488+0000] {dag.py:3047} INFO - Sync 1 DAGs
[2024-03-09T13:43:18.520+0000] {logging_mixin.py:188} INFO - [2024-03-09T13:43:18.520+0000] {dag.py:3834} INFO - Setting next_dagrun for example_short_circuit_operator to 2024-03-08 00:00:00+00:00, run_after=2024-03-09 00:00:00+00:00
[2024-03-09T13:43:18.547+0000] {processor.py:183} INFO - Processing /home/airflow/.local/lib/python3.8/site-packages/airflow/example_dags/example_short_circuit_operator.py took 0.126 seconds
[2024-03-09T13:43:49.452+0000] {processor.py:161} INFO - Started process (PID=9831) to work on /home/airflow/.local/lib/python3.8/site-packages/airflow/example_dags/example_short_circuit_operator.py
[2024-03-09T13:43:49.454+0000] {processor.py:830} INFO - Processing file /home/airflow/.local/lib/python3.8/site-packages/airflow/example_dags/example_short_circuit_operator.py for tasks to queue
[2024-03-09T13:43:49.457+0000] {logging_mixin.py:188} INFO - [2024-03-09T13:43:49.456+0000] {dagbag.py:540} INFO - Filling up the DagBag from /home/airflow/.local/lib/python3.8/site-packages/airflow/example_dags/example_short_circuit_operator.py
[2024-03-09T13:43:49.469+0000] {processor.py:840} INFO - DAG(s) 'example_short_circuit_operator' retrieved from /home/airflow/.local/lib/python3.8/site-packages/airflow/example_dags/example_short_circuit_operator.py
[2024-03-09T13:43:49.505+0000] {logging_mixin.py:188} INFO - [2024-03-09T13:43:49.504+0000] {dag.py:3047} INFO - Sync 1 DAGs
[2024-03-09T13:43:49.538+0000] {logging_mixin.py:188} INFO - [2024-03-09T13:43:49.538+0000] {dag.py:3834} INFO - Setting next_dagrun for example_short_circuit_operator to 2024-03-08 00:00:00+00:00, run_after=2024-03-09 00:00:00+00:00
[2024-03-09T13:43:49.571+0000] {processor.py:183} INFO - Processing /home/airflow/.local/lib/python3.8/site-packages/airflow/example_dags/example_short_circuit_operator.py took 0.124 seconds
