[2024-03-09T11:07:33.419+0000] {processor.py:161} INFO - Started process (PID=337) to work on /home/airflow/.local/lib/python3.8/site-packages/airflow/example_dags/example_branch_python_dop_operator_3.py
[2024-03-09T11:07:33.425+0000] {processor.py:830} INFO - Processing file /home/airflow/.local/lib/python3.8/site-packages/airflow/example_dags/example_branch_python_dop_operator_3.py for tasks to queue
[2024-03-09T11:07:33.428+0000] {logging_mixin.py:188} INFO - [2024-03-09T11:07:33.426+0000] {dagbag.py:540} INFO - Filling up the DagBag from /home/airflow/.local/lib/python3.8/site-packages/airflow/example_dags/example_branch_python_dop_operator_3.py
[2024-03-09T11:07:33.458+0000] {processor.py:840} INFO - DAG(s) 'example_branch_dop_operator_v3' retrieved from /home/airflow/.local/lib/python3.8/site-packages/airflow/example_dags/example_branch_python_dop_operator_3.py
[2024-03-09T11:07:33.799+0000] {logging_mixin.py:188} INFO - [2024-03-09T11:07:33.799+0000] {dag.py:3047} INFO - Sync 1 DAGs
[2024-03-09T11:07:33.895+0000] {logging_mixin.py:188} INFO - [2024-03-09T11:07:33.895+0000] {dag.py:3834} INFO - Setting next_dagrun for example_branch_dop_operator_v3 to 2024-03-09 11:06:00+00:00, run_after=2024-03-09 11:07:00+00:00
[2024-03-09T11:07:33.957+0000] {processor.py:183} INFO - Processing /home/airflow/.local/lib/python3.8/site-packages/airflow/example_dags/example_branch_python_dop_operator_3.py took 0.545 seconds
[2024-03-09T11:08:04.165+0000] {processor.py:161} INFO - Started process (PID=590) to work on /home/airflow/.local/lib/python3.8/site-packages/airflow/example_dags/example_branch_python_dop_operator_3.py
[2024-03-09T11:08:04.168+0000] {processor.py:830} INFO - Processing file /home/airflow/.local/lib/python3.8/site-packages/airflow/example_dags/example_branch_python_dop_operator_3.py for tasks to queue
[2024-03-09T11:08:04.170+0000] {logging_mixin.py:188} INFO - [2024-03-09T11:08:04.169+0000] {dagbag.py:540} INFO - Filling up the DagBag from /home/airflow/.local/lib/python3.8/site-packages/airflow/example_dags/example_branch_python_dop_operator_3.py
[2024-03-09T11:08:04.185+0000] {processor.py:840} INFO - DAG(s) 'example_branch_dop_operator_v3' retrieved from /home/airflow/.local/lib/python3.8/site-packages/airflow/example_dags/example_branch_python_dop_operator_3.py
[2024-03-09T11:08:04.226+0000] {logging_mixin.py:188} INFO - [2024-03-09T11:08:04.225+0000] {dag.py:3047} INFO - Sync 1 DAGs
[2024-03-09T11:08:04.272+0000] {logging_mixin.py:188} INFO - [2024-03-09T11:08:04.271+0000] {dag.py:3834} INFO - Setting next_dagrun for example_branch_dop_operator_v3 to 2024-03-09 11:07:00+00:00, run_after=2024-03-09 11:08:00+00:00
[2024-03-09T11:08:04.312+0000] {processor.py:183} INFO - Processing /home/airflow/.local/lib/python3.8/site-packages/airflow/example_dags/example_branch_python_dop_operator_3.py took 0.152 seconds
[2024-03-09T11:08:34.826+0000] {processor.py:161} INFO - Started process (PID=839) to work on /home/airflow/.local/lib/python3.8/site-packages/airflow/example_dags/example_branch_python_dop_operator_3.py
[2024-03-09T11:08:34.828+0000] {processor.py:830} INFO - Processing file /home/airflow/.local/lib/python3.8/site-packages/airflow/example_dags/example_branch_python_dop_operator_3.py for tasks to queue
[2024-03-09T11:08:34.830+0000] {logging_mixin.py:188} INFO - [2024-03-09T11:08:34.830+0000] {dagbag.py:540} INFO - Filling up the DagBag from /home/airflow/.local/lib/python3.8/site-packages/airflow/example_dags/example_branch_python_dop_operator_3.py
[2024-03-09T11:08:34.847+0000] {processor.py:840} INFO - DAG(s) 'example_branch_dop_operator_v3' retrieved from /home/airflow/.local/lib/python3.8/site-packages/airflow/example_dags/example_branch_python_dop_operator_3.py
[2024-03-09T11:08:34.882+0000] {logging_mixin.py:188} INFO - [2024-03-09T11:08:34.881+0000] {dag.py:3047} INFO - Sync 1 DAGs
[2024-03-09T11:08:34.925+0000] {logging_mixin.py:188} INFO - [2024-03-09T11:08:34.925+0000] {dag.py:3834} INFO - Setting next_dagrun for example_branch_dop_operator_v3 to 2024-03-09 11:07:00+00:00, run_after=2024-03-09 11:08:00+00:00
[2024-03-09T11:08:34.956+0000] {processor.py:183} INFO - Processing /home/airflow/.local/lib/python3.8/site-packages/airflow/example_dags/example_branch_python_dop_operator_3.py took 0.136 seconds
[2024-03-09T11:09:05.774+0000] {processor.py:161} INFO - Started process (PID=1085) to work on /home/airflow/.local/lib/python3.8/site-packages/airflow/example_dags/example_branch_python_dop_operator_3.py
[2024-03-09T11:09:05.780+0000] {processor.py:830} INFO - Processing file /home/airflow/.local/lib/python3.8/site-packages/airflow/example_dags/example_branch_python_dop_operator_3.py for tasks to queue
[2024-03-09T11:09:05.785+0000] {logging_mixin.py:188} INFO - [2024-03-09T11:09:05.783+0000] {dagbag.py:540} INFO - Filling up the DagBag from /home/airflow/.local/lib/python3.8/site-packages/airflow/example_dags/example_branch_python_dop_operator_3.py
[2024-03-09T11:09:05.809+0000] {processor.py:840} INFO - DAG(s) 'example_branch_dop_operator_v3' retrieved from /home/airflow/.local/lib/python3.8/site-packages/airflow/example_dags/example_branch_python_dop_operator_3.py
[2024-03-09T11:09:05.862+0000] {logging_mixin.py:188} INFO - [2024-03-09T11:09:05.862+0000] {dag.py:3047} INFO - Sync 1 DAGs
[2024-03-09T11:09:05.914+0000] {logging_mixin.py:188} INFO - [2024-03-09T11:09:05.913+0000] {dag.py:3834} INFO - Setting next_dagrun for example_branch_dop_operator_v3 to 2024-03-09 11:08:00+00:00, run_after=2024-03-09 11:09:00+00:00
[2024-03-09T11:09:05.946+0000] {processor.py:183} INFO - Processing /home/airflow/.local/lib/python3.8/site-packages/airflow/example_dags/example_branch_python_dop_operator_3.py took 0.188 seconds
[2024-03-09T11:09:36.103+0000] {processor.py:161} INFO - Started process (PID=1332) to work on /home/airflow/.local/lib/python3.8/site-packages/airflow/example_dags/example_branch_python_dop_operator_3.py
[2024-03-09T11:09:36.105+0000] {processor.py:830} INFO - Processing file /home/airflow/.local/lib/python3.8/site-packages/airflow/example_dags/example_branch_python_dop_operator_3.py for tasks to queue
[2024-03-09T11:09:36.107+0000] {logging_mixin.py:188} INFO - [2024-03-09T11:09:36.107+0000] {dagbag.py:540} INFO - Filling up the DagBag from /home/airflow/.local/lib/python3.8/site-packages/airflow/example_dags/example_branch_python_dop_operator_3.py
[2024-03-09T11:09:36.124+0000] {processor.py:840} INFO - DAG(s) 'example_branch_dop_operator_v3' retrieved from /home/airflow/.local/lib/python3.8/site-packages/airflow/example_dags/example_branch_python_dop_operator_3.py
[2024-03-09T11:09:36.169+0000] {logging_mixin.py:188} INFO - [2024-03-09T11:09:36.169+0000] {dag.py:3047} INFO - Sync 1 DAGs
[2024-03-09T11:09:36.220+0000] {logging_mixin.py:188} INFO - [2024-03-09T11:09:36.219+0000] {dag.py:3834} INFO - Setting next_dagrun for example_branch_dop_operator_v3 to 2024-03-09 11:08:00+00:00, run_after=2024-03-09 11:09:00+00:00
[2024-03-09T11:09:36.260+0000] {processor.py:183} INFO - Processing /home/airflow/.local/lib/python3.8/site-packages/airflow/example_dags/example_branch_python_dop_operator_3.py took 0.162 seconds
[2024-03-09T11:10:07.031+0000] {processor.py:161} INFO - Started process (PID=1579) to work on /home/airflow/.local/lib/python3.8/site-packages/airflow/example_dags/example_branch_python_dop_operator_3.py
[2024-03-09T11:10:07.033+0000] {processor.py:830} INFO - Processing file /home/airflow/.local/lib/python3.8/site-packages/airflow/example_dags/example_branch_python_dop_operator_3.py for tasks to queue
[2024-03-09T11:10:07.035+0000] {logging_mixin.py:188} INFO - [2024-03-09T11:10:07.034+0000] {dagbag.py:540} INFO - Filling up the DagBag from /home/airflow/.local/lib/python3.8/site-packages/airflow/example_dags/example_branch_python_dop_operator_3.py
[2024-03-09T11:10:07.059+0000] {processor.py:840} INFO - DAG(s) 'example_branch_dop_operator_v3' retrieved from /home/airflow/.local/lib/python3.8/site-packages/airflow/example_dags/example_branch_python_dop_operator_3.py
[2024-03-09T11:10:07.104+0000] {logging_mixin.py:188} INFO - [2024-03-09T11:10:07.101+0000] {dag.py:3047} INFO - Sync 1 DAGs
[2024-03-09T11:10:07.170+0000] {logging_mixin.py:188} INFO - [2024-03-09T11:10:07.169+0000] {dag.py:3834} INFO - Setting next_dagrun for example_branch_dop_operator_v3 to 2024-03-09 11:09:00+00:00, run_after=2024-03-09 11:10:00+00:00
[2024-03-09T11:10:07.215+0000] {processor.py:183} INFO - Processing /home/airflow/.local/lib/python3.8/site-packages/airflow/example_dags/example_branch_python_dop_operator_3.py took 0.189 seconds
[2024-03-09T11:10:37.943+0000] {processor.py:161} INFO - Started process (PID=1826) to work on /home/airflow/.local/lib/python3.8/site-packages/airflow/example_dags/example_branch_python_dop_operator_3.py
[2024-03-09T11:10:37.945+0000] {processor.py:830} INFO - Processing file /home/airflow/.local/lib/python3.8/site-packages/airflow/example_dags/example_branch_python_dop_operator_3.py for tasks to queue
[2024-03-09T11:10:37.946+0000] {logging_mixin.py:188} INFO - [2024-03-09T11:10:37.946+0000] {dagbag.py:540} INFO - Filling up the DagBag from /home/airflow/.local/lib/python3.8/site-packages/airflow/example_dags/example_branch_python_dop_operator_3.py
[2024-03-09T11:10:37.962+0000] {processor.py:840} INFO - DAG(s) 'example_branch_dop_operator_v3' retrieved from /home/airflow/.local/lib/python3.8/site-packages/airflow/example_dags/example_branch_python_dop_operator_3.py
[2024-03-09T11:10:37.997+0000] {logging_mixin.py:188} INFO - [2024-03-09T11:10:37.997+0000] {dag.py:3047} INFO - Sync 1 DAGs
[2024-03-09T11:10:38.039+0000] {logging_mixin.py:188} INFO - [2024-03-09T11:10:38.039+0000] {dag.py:3834} INFO - Setting next_dagrun for example_branch_dop_operator_v3 to 2024-03-09 11:09:00+00:00, run_after=2024-03-09 11:10:00+00:00
[2024-03-09T11:10:38.070+0000] {processor.py:183} INFO - Processing /home/airflow/.local/lib/python3.8/site-packages/airflow/example_dags/example_branch_python_dop_operator_3.py took 0.133 seconds
[2024-03-09T11:11:08.297+0000] {processor.py:161} INFO - Started process (PID=2073) to work on /home/airflow/.local/lib/python3.8/site-packages/airflow/example_dags/example_branch_python_dop_operator_3.py
[2024-03-09T11:11:08.299+0000] {processor.py:830} INFO - Processing file /home/airflow/.local/lib/python3.8/site-packages/airflow/example_dags/example_branch_python_dop_operator_3.py for tasks to queue
[2024-03-09T11:11:08.301+0000] {logging_mixin.py:188} INFO - [2024-03-09T11:11:08.300+0000] {dagbag.py:540} INFO - Filling up the DagBag from /home/airflow/.local/lib/python3.8/site-packages/airflow/example_dags/example_branch_python_dop_operator_3.py
[2024-03-09T11:11:08.316+0000] {processor.py:840} INFO - DAG(s) 'example_branch_dop_operator_v3' retrieved from /home/airflow/.local/lib/python3.8/site-packages/airflow/example_dags/example_branch_python_dop_operator_3.py
[2024-03-09T11:11:08.354+0000] {logging_mixin.py:188} INFO - [2024-03-09T11:11:08.353+0000] {dag.py:3047} INFO - Sync 1 DAGs
[2024-03-09T11:11:08.404+0000] {logging_mixin.py:188} INFO - [2024-03-09T11:11:08.403+0000] {dag.py:3834} INFO - Setting next_dagrun for example_branch_dop_operator_v3 to 2024-03-09 11:10:00+00:00, run_after=2024-03-09 11:11:00+00:00
[2024-03-09T11:11:08.446+0000] {processor.py:183} INFO - Processing /home/airflow/.local/lib/python3.8/site-packages/airflow/example_dags/example_branch_python_dop_operator_3.py took 0.155 seconds
[2024-03-09T11:11:38.887+0000] {processor.py:161} INFO - Started process (PID=2320) to work on /home/airflow/.local/lib/python3.8/site-packages/airflow/example_dags/example_branch_python_dop_operator_3.py
[2024-03-09T11:11:38.890+0000] {processor.py:830} INFO - Processing file /home/airflow/.local/lib/python3.8/site-packages/airflow/example_dags/example_branch_python_dop_operator_3.py for tasks to queue
[2024-03-09T11:11:38.892+0000] {logging_mixin.py:188} INFO - [2024-03-09T11:11:38.891+0000] {dagbag.py:540} INFO - Filling up the DagBag from /home/airflow/.local/lib/python3.8/site-packages/airflow/example_dags/example_branch_python_dop_operator_3.py
[2024-03-09T11:11:38.912+0000] {processor.py:840} INFO - DAG(s) 'example_branch_dop_operator_v3' retrieved from /home/airflow/.local/lib/python3.8/site-packages/airflow/example_dags/example_branch_python_dop_operator_3.py
[2024-03-09T11:11:38.970+0000] {logging_mixin.py:188} INFO - [2024-03-09T11:11:38.969+0000] {dag.py:3047} INFO - Sync 1 DAGs
[2024-03-09T11:11:39.030+0000] {logging_mixin.py:188} INFO - [2024-03-09T11:11:39.030+0000] {dag.py:3834} INFO - Setting next_dagrun for example_branch_dop_operator_v3 to 2024-03-09 11:10:00+00:00, run_after=2024-03-09 11:11:00+00:00
[2024-03-09T11:11:39.063+0000] {processor.py:183} INFO - Processing /home/airflow/.local/lib/python3.8/site-packages/airflow/example_dags/example_branch_python_dop_operator_3.py took 0.182 seconds
[2024-03-09T11:12:09.213+0000] {processor.py:161} INFO - Started process (PID=2567) to work on /home/airflow/.local/lib/python3.8/site-packages/airflow/example_dags/example_branch_python_dop_operator_3.py
[2024-03-09T11:12:09.215+0000] {processor.py:830} INFO - Processing file /home/airflow/.local/lib/python3.8/site-packages/airflow/example_dags/example_branch_python_dop_operator_3.py for tasks to queue
[2024-03-09T11:12:09.217+0000] {logging_mixin.py:188} INFO - [2024-03-09T11:12:09.216+0000] {dagbag.py:540} INFO - Filling up the DagBag from /home/airflow/.local/lib/python3.8/site-packages/airflow/example_dags/example_branch_python_dop_operator_3.py
[2024-03-09T11:12:09.235+0000] {processor.py:840} INFO - DAG(s) 'example_branch_dop_operator_v3' retrieved from /home/airflow/.local/lib/python3.8/site-packages/airflow/example_dags/example_branch_python_dop_operator_3.py
[2024-03-09T11:12:09.270+0000] {logging_mixin.py:188} INFO - [2024-03-09T11:12:09.270+0000] {dag.py:3047} INFO - Sync 1 DAGs
[2024-03-09T11:12:09.317+0000] {logging_mixin.py:188} INFO - [2024-03-09T11:12:09.317+0000] {dag.py:3834} INFO - Setting next_dagrun for example_branch_dop_operator_v3 to 2024-03-09 11:11:00+00:00, run_after=2024-03-09 11:12:00+00:00
[2024-03-09T11:12:09.357+0000] {processor.py:183} INFO - Processing /home/airflow/.local/lib/python3.8/site-packages/airflow/example_dags/example_branch_python_dop_operator_3.py took 0.150 seconds
[2024-03-09T11:12:39.481+0000] {processor.py:161} INFO - Started process (PID=2814) to work on /home/airflow/.local/lib/python3.8/site-packages/airflow/example_dags/example_branch_python_dop_operator_3.py
[2024-03-09T11:12:39.483+0000] {processor.py:830} INFO - Processing file /home/airflow/.local/lib/python3.8/site-packages/airflow/example_dags/example_branch_python_dop_operator_3.py for tasks to queue
[2024-03-09T11:12:39.485+0000] {logging_mixin.py:188} INFO - [2024-03-09T11:12:39.484+0000] {dagbag.py:540} INFO - Filling up the DagBag from /home/airflow/.local/lib/python3.8/site-packages/airflow/example_dags/example_branch_python_dop_operator_3.py
[2024-03-09T11:12:39.503+0000] {processor.py:840} INFO - DAG(s) 'example_branch_dop_operator_v3' retrieved from /home/airflow/.local/lib/python3.8/site-packages/airflow/example_dags/example_branch_python_dop_operator_3.py
[2024-03-09T11:12:39.540+0000] {logging_mixin.py:188} INFO - [2024-03-09T11:12:39.539+0000] {dag.py:3047} INFO - Sync 1 DAGs
[2024-03-09T11:12:39.583+0000] {logging_mixin.py:188} INFO - [2024-03-09T11:12:39.583+0000] {dag.py:3834} INFO - Setting next_dagrun for example_branch_dop_operator_v3 to 2024-03-09 11:11:00+00:00, run_after=2024-03-09 11:12:00+00:00
[2024-03-09T11:12:39.617+0000] {processor.py:183} INFO - Processing /home/airflow/.local/lib/python3.8/site-packages/airflow/example_dags/example_branch_python_dop_operator_3.py took 0.141 seconds
[2024-03-09T11:13:10.299+0000] {processor.py:161} INFO - Started process (PID=3061) to work on /home/airflow/.local/lib/python3.8/site-packages/airflow/example_dags/example_branch_python_dop_operator_3.py
[2024-03-09T11:13:10.301+0000] {processor.py:830} INFO - Processing file /home/airflow/.local/lib/python3.8/site-packages/airflow/example_dags/example_branch_python_dop_operator_3.py for tasks to queue
[2024-03-09T11:13:10.302+0000] {logging_mixin.py:188} INFO - [2024-03-09T11:13:10.302+0000] {dagbag.py:540} INFO - Filling up the DagBag from /home/airflow/.local/lib/python3.8/site-packages/airflow/example_dags/example_branch_python_dop_operator_3.py
[2024-03-09T11:13:10.315+0000] {processor.py:840} INFO - DAG(s) 'example_branch_dop_operator_v3' retrieved from /home/airflow/.local/lib/python3.8/site-packages/airflow/example_dags/example_branch_python_dop_operator_3.py
[2024-03-09T11:13:10.350+0000] {logging_mixin.py:188} INFO - [2024-03-09T11:13:10.349+0000] {dag.py:3047} INFO - Sync 1 DAGs
[2024-03-09T11:13:10.393+0000] {logging_mixin.py:188} INFO - [2024-03-09T11:13:10.393+0000] {dag.py:3834} INFO - Setting next_dagrun for example_branch_dop_operator_v3 to 2024-03-09 11:12:00+00:00, run_after=2024-03-09 11:13:00+00:00
[2024-03-09T11:13:10.423+0000] {processor.py:183} INFO - Processing /home/airflow/.local/lib/python3.8/site-packages/airflow/example_dags/example_branch_python_dop_operator_3.py took 0.129 seconds
[2024-03-09T11:13:46.569+0000] {processor.py:161} INFO - Started process (PID=3329) to work on /home/airflow/.local/lib/python3.8/site-packages/airflow/example_dags/example_branch_python_dop_operator_3.py
[2024-03-09T11:13:46.571+0000] {processor.py:830} INFO - Processing file /home/airflow/.local/lib/python3.8/site-packages/airflow/example_dags/example_branch_python_dop_operator_3.py for tasks to queue
[2024-03-09T11:13:46.574+0000] {logging_mixin.py:188} INFO - [2024-03-09T11:13:46.573+0000] {dagbag.py:540} INFO - Filling up the DagBag from /home/airflow/.local/lib/python3.8/site-packages/airflow/example_dags/example_branch_python_dop_operator_3.py
[2024-03-09T11:13:46.598+0000] {processor.py:840} INFO - DAG(s) 'example_branch_dop_operator_v3' retrieved from /home/airflow/.local/lib/python3.8/site-packages/airflow/example_dags/example_branch_python_dop_operator_3.py
[2024-03-09T11:13:46.648+0000] {logging_mixin.py:188} INFO - [2024-03-09T11:13:46.648+0000] {dag.py:3047} INFO - Sync 1 DAGs
[2024-03-09T11:13:46.706+0000] {logging_mixin.py:188} INFO - [2024-03-09T11:13:46.705+0000] {dag.py:3834} INFO - Setting next_dagrun for example_branch_dop_operator_v3 to 2024-03-09 11:12:00+00:00, run_after=2024-03-09 11:13:00+00:00
[2024-03-09T11:13:46.763+0000] {processor.py:183} INFO - Processing /home/airflow/.local/lib/python3.8/site-packages/airflow/example_dags/example_branch_python_dop_operator_3.py took 0.200 seconds
[2024-03-09T11:14:16.985+0000] {processor.py:161} INFO - Started process (PID=3579) to work on /home/airflow/.local/lib/python3.8/site-packages/airflow/example_dags/example_branch_python_dop_operator_3.py
[2024-03-09T11:14:16.987+0000] {processor.py:830} INFO - Processing file /home/airflow/.local/lib/python3.8/site-packages/airflow/example_dags/example_branch_python_dop_operator_3.py for tasks to queue
[2024-03-09T11:14:16.989+0000] {logging_mixin.py:188} INFO - [2024-03-09T11:14:16.988+0000] {dagbag.py:540} INFO - Filling up the DagBag from /home/airflow/.local/lib/python3.8/site-packages/airflow/example_dags/example_branch_python_dop_operator_3.py
[2024-03-09T11:14:17.007+0000] {processor.py:840} INFO - DAG(s) 'example_branch_dop_operator_v3' retrieved from /home/airflow/.local/lib/python3.8/site-packages/airflow/example_dags/example_branch_python_dop_operator_3.py
[2024-03-09T11:14:17.046+0000] {logging_mixin.py:188} INFO - [2024-03-09T11:14:17.045+0000] {dag.py:3047} INFO - Sync 1 DAGs
[2024-03-09T11:14:17.099+0000] {logging_mixin.py:188} INFO - [2024-03-09T11:14:17.099+0000] {dag.py:3834} INFO - Setting next_dagrun for example_branch_dop_operator_v3 to 2024-03-09 11:13:00+00:00, run_after=2024-03-09 11:14:00+00:00
[2024-03-09T11:14:17.132+0000] {processor.py:183} INFO - Processing /home/airflow/.local/lib/python3.8/site-packages/airflow/example_dags/example_branch_python_dop_operator_3.py took 0.152 seconds
[2024-03-09T11:14:47.393+0000] {processor.py:161} INFO - Started process (PID=3826) to work on /home/airflow/.local/lib/python3.8/site-packages/airflow/example_dags/example_branch_python_dop_operator_3.py
[2024-03-09T11:14:47.394+0000] {processor.py:830} INFO - Processing file /home/airflow/.local/lib/python3.8/site-packages/airflow/example_dags/example_branch_python_dop_operator_3.py for tasks to queue
[2024-03-09T11:14:47.396+0000] {logging_mixin.py:188} INFO - [2024-03-09T11:14:47.396+0000] {dagbag.py:540} INFO - Filling up the DagBag from /home/airflow/.local/lib/python3.8/site-packages/airflow/example_dags/example_branch_python_dop_operator_3.py
[2024-03-09T11:14:47.413+0000] {processor.py:840} INFO - DAG(s) 'example_branch_dop_operator_v3' retrieved from /home/airflow/.local/lib/python3.8/site-packages/airflow/example_dags/example_branch_python_dop_operator_3.py
[2024-03-09T11:14:47.452+0000] {logging_mixin.py:188} INFO - [2024-03-09T11:14:47.452+0000] {dag.py:3047} INFO - Sync 1 DAGs
[2024-03-09T11:14:47.512+0000] {logging_mixin.py:188} INFO - [2024-03-09T11:14:47.511+0000] {dag.py:3834} INFO - Setting next_dagrun for example_branch_dop_operator_v3 to 2024-03-09 11:13:00+00:00, run_after=2024-03-09 11:14:00+00:00
[2024-03-09T11:14:47.551+0000] {processor.py:183} INFO - Processing /home/airflow/.local/lib/python3.8/site-packages/airflow/example_dags/example_branch_python_dop_operator_3.py took 0.164 seconds
[2024-03-09T11:15:18.064+0000] {processor.py:161} INFO - Started process (PID=4073) to work on /home/airflow/.local/lib/python3.8/site-packages/airflow/example_dags/example_branch_python_dop_operator_3.py
[2024-03-09T11:15:18.066+0000] {processor.py:830} INFO - Processing file /home/airflow/.local/lib/python3.8/site-packages/airflow/example_dags/example_branch_python_dop_operator_3.py for tasks to queue
[2024-03-09T11:15:18.068+0000] {logging_mixin.py:188} INFO - [2024-03-09T11:15:18.068+0000] {dagbag.py:540} INFO - Filling up the DagBag from /home/airflow/.local/lib/python3.8/site-packages/airflow/example_dags/example_branch_python_dop_operator_3.py
[2024-03-09T11:15:18.085+0000] {processor.py:840} INFO - DAG(s) 'example_branch_dop_operator_v3' retrieved from /home/airflow/.local/lib/python3.8/site-packages/airflow/example_dags/example_branch_python_dop_operator_3.py
[2024-03-09T11:15:18.128+0000] {logging_mixin.py:188} INFO - [2024-03-09T11:15:18.128+0000] {dag.py:3047} INFO - Sync 1 DAGs
[2024-03-09T11:15:18.177+0000] {logging_mixin.py:188} INFO - [2024-03-09T11:15:18.176+0000] {dag.py:3834} INFO - Setting next_dagrun for example_branch_dop_operator_v3 to 2024-03-09 11:14:00+00:00, run_after=2024-03-09 11:15:00+00:00
[2024-03-09T11:15:18.213+0000] {processor.py:183} INFO - Processing /home/airflow/.local/lib/python3.8/site-packages/airflow/example_dags/example_branch_python_dop_operator_3.py took 0.155 seconds
[2024-03-09T11:15:48.516+0000] {processor.py:161} INFO - Started process (PID=4321) to work on /home/airflow/.local/lib/python3.8/site-packages/airflow/example_dags/example_branch_python_dop_operator_3.py
[2024-03-09T11:15:48.517+0000] {processor.py:830} INFO - Processing file /home/airflow/.local/lib/python3.8/site-packages/airflow/example_dags/example_branch_python_dop_operator_3.py for tasks to queue
[2024-03-09T11:15:48.520+0000] {logging_mixin.py:188} INFO - [2024-03-09T11:15:48.519+0000] {dagbag.py:540} INFO - Filling up the DagBag from /home/airflow/.local/lib/python3.8/site-packages/airflow/example_dags/example_branch_python_dop_operator_3.py
[2024-03-09T11:15:48.540+0000] {processor.py:840} INFO - DAG(s) 'example_branch_dop_operator_v3' retrieved from /home/airflow/.local/lib/python3.8/site-packages/airflow/example_dags/example_branch_python_dop_operator_3.py
[2024-03-09T11:15:48.586+0000] {logging_mixin.py:188} INFO - [2024-03-09T11:15:48.585+0000] {dag.py:3047} INFO - Sync 1 DAGs
[2024-03-09T11:15:48.650+0000] {logging_mixin.py:188} INFO - [2024-03-09T11:15:48.650+0000] {dag.py:3834} INFO - Setting next_dagrun for example_branch_dop_operator_v3 to 2024-03-09 11:14:00+00:00, run_after=2024-03-09 11:15:00+00:00
[2024-03-09T11:15:48.700+0000] {processor.py:183} INFO - Processing /home/airflow/.local/lib/python3.8/site-packages/airflow/example_dags/example_branch_python_dop_operator_3.py took 0.188 seconds
[2024-03-09T11:16:19.625+0000] {processor.py:161} INFO - Started process (PID=4569) to work on /home/airflow/.local/lib/python3.8/site-packages/airflow/example_dags/example_branch_python_dop_operator_3.py
[2024-03-09T11:16:19.627+0000] {processor.py:830} INFO - Processing file /home/airflow/.local/lib/python3.8/site-packages/airflow/example_dags/example_branch_python_dop_operator_3.py for tasks to queue
[2024-03-09T11:16:19.629+0000] {logging_mixin.py:188} INFO - [2024-03-09T11:16:19.628+0000] {dagbag.py:540} INFO - Filling up the DagBag from /home/airflow/.local/lib/python3.8/site-packages/airflow/example_dags/example_branch_python_dop_operator_3.py
[2024-03-09T11:16:19.646+0000] {processor.py:840} INFO - DAG(s) 'example_branch_dop_operator_v3' retrieved from /home/airflow/.local/lib/python3.8/site-packages/airflow/example_dags/example_branch_python_dop_operator_3.py
[2024-03-09T11:16:19.678+0000] {logging_mixin.py:188} INFO - [2024-03-09T11:16:19.678+0000] {dag.py:3047} INFO - Sync 1 DAGs
[2024-03-09T11:16:19.715+0000] {logging_mixin.py:188} INFO - [2024-03-09T11:16:19.714+0000] {dag.py:3834} INFO - Setting next_dagrun for example_branch_dop_operator_v3 to 2024-03-09 11:15:00+00:00, run_after=2024-03-09 11:16:00+00:00
[2024-03-09T11:16:19.744+0000] {processor.py:183} INFO - Processing /home/airflow/.local/lib/python3.8/site-packages/airflow/example_dags/example_branch_python_dop_operator_3.py took 0.124 seconds
[2024-03-09T11:16:49.914+0000] {processor.py:161} INFO - Started process (PID=4816) to work on /home/airflow/.local/lib/python3.8/site-packages/airflow/example_dags/example_branch_python_dop_operator_3.py
[2024-03-09T11:16:49.916+0000] {processor.py:830} INFO - Processing file /home/airflow/.local/lib/python3.8/site-packages/airflow/example_dags/example_branch_python_dop_operator_3.py for tasks to queue
[2024-03-09T11:16:49.917+0000] {logging_mixin.py:188} INFO - [2024-03-09T11:16:49.917+0000] {dagbag.py:540} INFO - Filling up the DagBag from /home/airflow/.local/lib/python3.8/site-packages/airflow/example_dags/example_branch_python_dop_operator_3.py
[2024-03-09T11:16:49.931+0000] {processor.py:840} INFO - DAG(s) 'example_branch_dop_operator_v3' retrieved from /home/airflow/.local/lib/python3.8/site-packages/airflow/example_dags/example_branch_python_dop_operator_3.py
[2024-03-09T11:16:49.964+0000] {logging_mixin.py:188} INFO - [2024-03-09T11:16:49.964+0000] {dag.py:3047} INFO - Sync 1 DAGs
[2024-03-09T11:16:50.011+0000] {logging_mixin.py:188} INFO - [2024-03-09T11:16:50.010+0000] {dag.py:3834} INFO - Setting next_dagrun for example_branch_dop_operator_v3 to 2024-03-09 11:15:00+00:00, run_after=2024-03-09 11:16:00+00:00
[2024-03-09T11:16:50.047+0000] {processor.py:183} INFO - Processing /home/airflow/.local/lib/python3.8/site-packages/airflow/example_dags/example_branch_python_dop_operator_3.py took 0.138 seconds
[2024-03-09T11:17:20.483+0000] {processor.py:161} INFO - Started process (PID=5061) to work on /home/airflow/.local/lib/python3.8/site-packages/airflow/example_dags/example_branch_python_dop_operator_3.py
[2024-03-09T11:17:20.486+0000] {processor.py:830} INFO - Processing file /home/airflow/.local/lib/python3.8/site-packages/airflow/example_dags/example_branch_python_dop_operator_3.py for tasks to queue
[2024-03-09T11:17:20.487+0000] {logging_mixin.py:188} INFO - [2024-03-09T11:17:20.487+0000] {dagbag.py:540} INFO - Filling up the DagBag from /home/airflow/.local/lib/python3.8/site-packages/airflow/example_dags/example_branch_python_dop_operator_3.py
[2024-03-09T11:17:20.505+0000] {processor.py:840} INFO - DAG(s) 'example_branch_dop_operator_v3' retrieved from /home/airflow/.local/lib/python3.8/site-packages/airflow/example_dags/example_branch_python_dop_operator_3.py
[2024-03-09T11:17:20.540+0000] {logging_mixin.py:188} INFO - [2024-03-09T11:17:20.539+0000] {dag.py:3047} INFO - Sync 1 DAGs
[2024-03-09T11:17:20.589+0000] {logging_mixin.py:188} INFO - [2024-03-09T11:17:20.588+0000] {dag.py:3834} INFO - Setting next_dagrun for example_branch_dop_operator_v3 to 2024-03-09 11:16:00+00:00, run_after=2024-03-09 11:17:00+00:00
[2024-03-09T11:17:20.626+0000] {processor.py:183} INFO - Processing /home/airflow/.local/lib/python3.8/site-packages/airflow/example_dags/example_branch_python_dop_operator_3.py took 0.148 seconds
[2024-03-09T11:17:50.848+0000] {processor.py:161} INFO - Started process (PID=5308) to work on /home/airflow/.local/lib/python3.8/site-packages/airflow/example_dags/example_branch_python_dop_operator_3.py
[2024-03-09T11:17:50.850+0000] {processor.py:830} INFO - Processing file /home/airflow/.local/lib/python3.8/site-packages/airflow/example_dags/example_branch_python_dop_operator_3.py for tasks to queue
[2024-03-09T11:17:50.852+0000] {logging_mixin.py:188} INFO - [2024-03-09T11:17:50.852+0000] {dagbag.py:540} INFO - Filling up the DagBag from /home/airflow/.local/lib/python3.8/site-packages/airflow/example_dags/example_branch_python_dop_operator_3.py
[2024-03-09T11:17:50.868+0000] {processor.py:840} INFO - DAG(s) 'example_branch_dop_operator_v3' retrieved from /home/airflow/.local/lib/python3.8/site-packages/airflow/example_dags/example_branch_python_dop_operator_3.py
[2024-03-09T11:17:50.902+0000] {logging_mixin.py:188} INFO - [2024-03-09T11:17:50.901+0000] {dag.py:3047} INFO - Sync 1 DAGs
[2024-03-09T11:17:50.946+0000] {logging_mixin.py:188} INFO - [2024-03-09T11:17:50.946+0000] {dag.py:3834} INFO - Setting next_dagrun for example_branch_dop_operator_v3 to 2024-03-09 11:16:00+00:00, run_after=2024-03-09 11:17:00+00:00
[2024-03-09T11:17:50.983+0000] {processor.py:183} INFO - Processing /home/airflow/.local/lib/python3.8/site-packages/airflow/example_dags/example_branch_python_dop_operator_3.py took 0.140 seconds
[2024-03-09T11:18:21.218+0000] {processor.py:161} INFO - Started process (PID=5555) to work on /home/airflow/.local/lib/python3.8/site-packages/airflow/example_dags/example_branch_python_dop_operator_3.py
[2024-03-09T11:18:21.220+0000] {processor.py:830} INFO - Processing file /home/airflow/.local/lib/python3.8/site-packages/airflow/example_dags/example_branch_python_dop_operator_3.py for tasks to queue
[2024-03-09T11:18:21.222+0000] {logging_mixin.py:188} INFO - [2024-03-09T11:18:21.222+0000] {dagbag.py:540} INFO - Filling up the DagBag from /home/airflow/.local/lib/python3.8/site-packages/airflow/example_dags/example_branch_python_dop_operator_3.py
[2024-03-09T11:18:21.236+0000] {processor.py:840} INFO - DAG(s) 'example_branch_dop_operator_v3' retrieved from /home/airflow/.local/lib/python3.8/site-packages/airflow/example_dags/example_branch_python_dop_operator_3.py
[2024-03-09T11:18:21.267+0000] {logging_mixin.py:188} INFO - [2024-03-09T11:18:21.267+0000] {dag.py:3047} INFO - Sync 1 DAGs
[2024-03-09T11:18:21.315+0000] {logging_mixin.py:188} INFO - [2024-03-09T11:18:21.315+0000] {dag.py:3834} INFO - Setting next_dagrun for example_branch_dop_operator_v3 to 2024-03-09 11:17:00+00:00, run_after=2024-03-09 11:18:00+00:00
[2024-03-09T11:18:21.347+0000] {processor.py:183} INFO - Processing /home/airflow/.local/lib/python3.8/site-packages/airflow/example_dags/example_branch_python_dop_operator_3.py took 0.135 seconds
[2024-03-09T11:18:51.865+0000] {processor.py:161} INFO - Started process (PID=5802) to work on /home/airflow/.local/lib/python3.8/site-packages/airflow/example_dags/example_branch_python_dop_operator_3.py
[2024-03-09T11:18:51.867+0000] {processor.py:830} INFO - Processing file /home/airflow/.local/lib/python3.8/site-packages/airflow/example_dags/example_branch_python_dop_operator_3.py for tasks to queue
[2024-03-09T11:18:51.869+0000] {logging_mixin.py:188} INFO - [2024-03-09T11:18:51.869+0000] {dagbag.py:540} INFO - Filling up the DagBag from /home/airflow/.local/lib/python3.8/site-packages/airflow/example_dags/example_branch_python_dop_operator_3.py
[2024-03-09T11:18:51.886+0000] {processor.py:840} INFO - DAG(s) 'example_branch_dop_operator_v3' retrieved from /home/airflow/.local/lib/python3.8/site-packages/airflow/example_dags/example_branch_python_dop_operator_3.py
[2024-03-09T11:18:51.919+0000] {logging_mixin.py:188} INFO - [2024-03-09T11:18:51.919+0000] {dag.py:3047} INFO - Sync 1 DAGs
[2024-03-09T11:18:51.961+0000] {logging_mixin.py:188} INFO - [2024-03-09T11:18:51.960+0000] {dag.py:3834} INFO - Setting next_dagrun for example_branch_dop_operator_v3 to 2024-03-09 11:17:00+00:00, run_after=2024-03-09 11:18:00+00:00
[2024-03-09T11:18:51.993+0000] {processor.py:183} INFO - Processing /home/airflow/.local/lib/python3.8/site-packages/airflow/example_dags/example_branch_python_dop_operator_3.py took 0.134 seconds
[2024-03-09T11:19:22.103+0000] {processor.py:161} INFO - Started process (PID=6049) to work on /home/airflow/.local/lib/python3.8/site-packages/airflow/example_dags/example_branch_python_dop_operator_3.py
[2024-03-09T11:19:22.106+0000] {processor.py:830} INFO - Processing file /home/airflow/.local/lib/python3.8/site-packages/airflow/example_dags/example_branch_python_dop_operator_3.py for tasks to queue
[2024-03-09T11:19:22.108+0000] {logging_mixin.py:188} INFO - [2024-03-09T11:19:22.107+0000] {dagbag.py:540} INFO - Filling up the DagBag from /home/airflow/.local/lib/python3.8/site-packages/airflow/example_dags/example_branch_python_dop_operator_3.py
[2024-03-09T11:19:22.123+0000] {processor.py:840} INFO - DAG(s) 'example_branch_dop_operator_v3' retrieved from /home/airflow/.local/lib/python3.8/site-packages/airflow/example_dags/example_branch_python_dop_operator_3.py
[2024-03-09T11:19:22.157+0000] {logging_mixin.py:188} INFO - [2024-03-09T11:19:22.157+0000] {dag.py:3047} INFO - Sync 1 DAGs
[2024-03-09T11:19:22.200+0000] {logging_mixin.py:188} INFO - [2024-03-09T11:19:22.200+0000] {dag.py:3834} INFO - Setting next_dagrun for example_branch_dop_operator_v3 to 2024-03-09 11:18:00+00:00, run_after=2024-03-09 11:19:00+00:00
[2024-03-09T11:19:22.229+0000] {processor.py:183} INFO - Processing /home/airflow/.local/lib/python3.8/site-packages/airflow/example_dags/example_branch_python_dop_operator_3.py took 0.131 seconds
[2024-03-09T11:19:52.848+0000] {processor.py:161} INFO - Started process (PID=6296) to work on /home/airflow/.local/lib/python3.8/site-packages/airflow/example_dags/example_branch_python_dop_operator_3.py
[2024-03-09T11:19:52.850+0000] {processor.py:830} INFO - Processing file /home/airflow/.local/lib/python3.8/site-packages/airflow/example_dags/example_branch_python_dop_operator_3.py for tasks to queue
[2024-03-09T11:19:52.852+0000] {logging_mixin.py:188} INFO - [2024-03-09T11:19:52.851+0000] {dagbag.py:540} INFO - Filling up the DagBag from /home/airflow/.local/lib/python3.8/site-packages/airflow/example_dags/example_branch_python_dop_operator_3.py
[2024-03-09T11:19:52.865+0000] {processor.py:840} INFO - DAG(s) 'example_branch_dop_operator_v3' retrieved from /home/airflow/.local/lib/python3.8/site-packages/airflow/example_dags/example_branch_python_dop_operator_3.py
[2024-03-09T11:19:52.896+0000] {logging_mixin.py:188} INFO - [2024-03-09T11:19:52.895+0000] {dag.py:3047} INFO - Sync 1 DAGs
[2024-03-09T11:19:52.935+0000] {logging_mixin.py:188} INFO - [2024-03-09T11:19:52.934+0000] {dag.py:3834} INFO - Setting next_dagrun for example_branch_dop_operator_v3 to 2024-03-09 11:18:00+00:00, run_after=2024-03-09 11:19:00+00:00
[2024-03-09T11:19:52.967+0000] {processor.py:183} INFO - Processing /home/airflow/.local/lib/python3.8/site-packages/airflow/example_dags/example_branch_python_dop_operator_3.py took 0.124 seconds
[2024-03-09T11:20:23.544+0000] {processor.py:161} INFO - Started process (PID=6543) to work on /home/airflow/.local/lib/python3.8/site-packages/airflow/example_dags/example_branch_python_dop_operator_3.py
[2024-03-09T11:20:23.546+0000] {processor.py:830} INFO - Processing file /home/airflow/.local/lib/python3.8/site-packages/airflow/example_dags/example_branch_python_dop_operator_3.py for tasks to queue
[2024-03-09T11:20:23.548+0000] {logging_mixin.py:188} INFO - [2024-03-09T11:20:23.547+0000] {dagbag.py:540} INFO - Filling up the DagBag from /home/airflow/.local/lib/python3.8/site-packages/airflow/example_dags/example_branch_python_dop_operator_3.py
[2024-03-09T11:20:23.562+0000] {processor.py:840} INFO - DAG(s) 'example_branch_dop_operator_v3' retrieved from /home/airflow/.local/lib/python3.8/site-packages/airflow/example_dags/example_branch_python_dop_operator_3.py
[2024-03-09T11:20:23.592+0000] {logging_mixin.py:188} INFO - [2024-03-09T11:20:23.591+0000] {dag.py:3047} INFO - Sync 1 DAGs
[2024-03-09T11:20:23.630+0000] {logging_mixin.py:188} INFO - [2024-03-09T11:20:23.630+0000] {dag.py:3834} INFO - Setting next_dagrun for example_branch_dop_operator_v3 to 2024-03-09 11:19:00+00:00, run_after=2024-03-09 11:20:00+00:00
[2024-03-09T11:20:23.666+0000] {processor.py:183} INFO - Processing /home/airflow/.local/lib/python3.8/site-packages/airflow/example_dags/example_branch_python_dop_operator_3.py took 0.127 seconds
[2024-03-09T11:20:54.290+0000] {processor.py:161} INFO - Started process (PID=6792) to work on /home/airflow/.local/lib/python3.8/site-packages/airflow/example_dags/example_branch_python_dop_operator_3.py
[2024-03-09T11:20:54.292+0000] {processor.py:830} INFO - Processing file /home/airflow/.local/lib/python3.8/site-packages/airflow/example_dags/example_branch_python_dop_operator_3.py for tasks to queue
[2024-03-09T11:20:54.294+0000] {logging_mixin.py:188} INFO - [2024-03-09T11:20:54.293+0000] {dagbag.py:540} INFO - Filling up the DagBag from /home/airflow/.local/lib/python3.8/site-packages/airflow/example_dags/example_branch_python_dop_operator_3.py
[2024-03-09T11:20:54.313+0000] {processor.py:840} INFO - DAG(s) 'example_branch_dop_operator_v3' retrieved from /home/airflow/.local/lib/python3.8/site-packages/airflow/example_dags/example_branch_python_dop_operator_3.py
[2024-03-09T11:20:54.345+0000] {logging_mixin.py:188} INFO - [2024-03-09T11:20:54.344+0000] {dag.py:3047} INFO - Sync 1 DAGs
[2024-03-09T11:20:54.382+0000] {logging_mixin.py:188} INFO - [2024-03-09T11:20:54.381+0000] {dag.py:3834} INFO - Setting next_dagrun for example_branch_dop_operator_v3 to 2024-03-09 11:19:00+00:00, run_after=2024-03-09 11:20:00+00:00
[2024-03-09T11:20:54.414+0000] {processor.py:183} INFO - Processing /home/airflow/.local/lib/python3.8/site-packages/airflow/example_dags/example_branch_python_dop_operator_3.py took 0.128 seconds
[2024-03-09T11:21:25.229+0000] {processor.py:161} INFO - Started process (PID=7037) to work on /home/airflow/.local/lib/python3.8/site-packages/airflow/example_dags/example_branch_python_dop_operator_3.py
[2024-03-09T11:21:25.232+0000] {processor.py:830} INFO - Processing file /home/airflow/.local/lib/python3.8/site-packages/airflow/example_dags/example_branch_python_dop_operator_3.py for tasks to queue
[2024-03-09T11:21:25.234+0000] {logging_mixin.py:188} INFO - [2024-03-09T11:21:25.233+0000] {dagbag.py:540} INFO - Filling up the DagBag from /home/airflow/.local/lib/python3.8/site-packages/airflow/example_dags/example_branch_python_dop_operator_3.py
[2024-03-09T11:21:25.249+0000] {processor.py:840} INFO - DAG(s) 'example_branch_dop_operator_v3' retrieved from /home/airflow/.local/lib/python3.8/site-packages/airflow/example_dags/example_branch_python_dop_operator_3.py
[2024-03-09T11:21:25.280+0000] {logging_mixin.py:188} INFO - [2024-03-09T11:21:25.279+0000] {dag.py:3047} INFO - Sync 1 DAGs
[2024-03-09T11:21:25.324+0000] {logging_mixin.py:188} INFO - [2024-03-09T11:21:25.324+0000] {dag.py:3834} INFO - Setting next_dagrun for example_branch_dop_operator_v3 to 2024-03-09 11:20:00+00:00, run_after=2024-03-09 11:21:00+00:00
[2024-03-09T11:21:25.362+0000] {processor.py:183} INFO - Processing /home/airflow/.local/lib/python3.8/site-packages/airflow/example_dags/example_branch_python_dop_operator_3.py took 0.137 seconds
[2024-03-09T13:38:19.856+0000] {processor.py:161} INFO - Started process (PID=7274) to work on /home/airflow/.local/lib/python3.8/site-packages/airflow/example_dags/example_branch_python_dop_operator_3.py
[2024-03-09T13:38:19.858+0000] {processor.py:830} INFO - Processing file /home/airflow/.local/lib/python3.8/site-packages/airflow/example_dags/example_branch_python_dop_operator_3.py for tasks to queue
[2024-03-09T13:38:19.860+0000] {logging_mixin.py:188} INFO - [2024-03-09T13:38:19.859+0000] {dagbag.py:540} INFO - Filling up the DagBag from /home/airflow/.local/lib/python3.8/site-packages/airflow/example_dags/example_branch_python_dop_operator_3.py
[2024-03-09T13:38:19.875+0000] {processor.py:840} INFO - DAG(s) 'example_branch_dop_operator_v3' retrieved from /home/airflow/.local/lib/python3.8/site-packages/airflow/example_dags/example_branch_python_dop_operator_3.py
[2024-03-09T13:38:19.912+0000] {logging_mixin.py:188} INFO - [2024-03-09T13:38:19.912+0000] {dag.py:3047} INFO - Sync 1 DAGs
[2024-03-09T13:38:19.966+0000] {logging_mixin.py:188} INFO - [2024-03-09T13:38:19.966+0000] {dag.py:3834} INFO - Setting next_dagrun for example_branch_dop_operator_v3 to 2024-03-09 13:37:00+00:00, run_after=2024-03-09 13:38:00+00:00
[2024-03-09T13:38:20.000+0000] {processor.py:183} INFO - Processing /home/airflow/.local/lib/python3.8/site-packages/airflow/example_dags/example_branch_python_dop_operator_3.py took 0.150 seconds
[2024-03-09T13:38:50.355+0000] {processor.py:161} INFO - Started process (PID=7521) to work on /home/airflow/.local/lib/python3.8/site-packages/airflow/example_dags/example_branch_python_dop_operator_3.py
[2024-03-09T13:38:50.357+0000] {processor.py:830} INFO - Processing file /home/airflow/.local/lib/python3.8/site-packages/airflow/example_dags/example_branch_python_dop_operator_3.py for tasks to queue
[2024-03-09T13:38:50.359+0000] {logging_mixin.py:188} INFO - [2024-03-09T13:38:50.358+0000] {dagbag.py:540} INFO - Filling up the DagBag from /home/airflow/.local/lib/python3.8/site-packages/airflow/example_dags/example_branch_python_dop_operator_3.py
[2024-03-09T13:38:50.377+0000] {processor.py:840} INFO - DAG(s) 'example_branch_dop_operator_v3' retrieved from /home/airflow/.local/lib/python3.8/site-packages/airflow/example_dags/example_branch_python_dop_operator_3.py
[2024-03-09T13:38:50.413+0000] {logging_mixin.py:188} INFO - [2024-03-09T13:38:50.412+0000] {dag.py:3047} INFO - Sync 1 DAGs
[2024-03-09T13:38:50.474+0000] {logging_mixin.py:188} INFO - [2024-03-09T13:38:50.472+0000] {dag.py:3834} INFO - Setting next_dagrun for example_branch_dop_operator_v3 to 2024-03-09 13:37:00+00:00, run_after=2024-03-09 13:38:00+00:00
[2024-03-09T13:38:50.547+0000] {processor.py:183} INFO - Processing /home/airflow/.local/lib/python3.8/site-packages/airflow/example_dags/example_branch_python_dop_operator_3.py took 0.199 seconds
[2024-03-09T13:39:21.958+0000] {processor.py:161} INFO - Started process (PID=7768) to work on /home/airflow/.local/lib/python3.8/site-packages/airflow/example_dags/example_branch_python_dop_operator_3.py
[2024-03-09T13:39:21.960+0000] {processor.py:830} INFO - Processing file /home/airflow/.local/lib/python3.8/site-packages/airflow/example_dags/example_branch_python_dop_operator_3.py for tasks to queue
[2024-03-09T13:39:21.963+0000] {logging_mixin.py:188} INFO - [2024-03-09T13:39:21.962+0000] {dagbag.py:540} INFO - Filling up the DagBag from /home/airflow/.local/lib/python3.8/site-packages/airflow/example_dags/example_branch_python_dop_operator_3.py
[2024-03-09T13:39:21.983+0000] {processor.py:840} INFO - DAG(s) 'example_branch_dop_operator_v3' retrieved from /home/airflow/.local/lib/python3.8/site-packages/airflow/example_dags/example_branch_python_dop_operator_3.py
[2024-03-09T13:39:22.027+0000] {logging_mixin.py:188} INFO - [2024-03-09T13:39:22.027+0000] {dag.py:3047} INFO - Sync 1 DAGs
[2024-03-09T13:39:22.098+0000] {logging_mixin.py:188} INFO - [2024-03-09T13:39:22.098+0000] {dag.py:3834} INFO - Setting next_dagrun for example_branch_dop_operator_v3 to 2024-03-09 13:38:00+00:00, run_after=2024-03-09 13:39:00+00:00
[2024-03-09T13:39:22.142+0000] {processor.py:183} INFO - Processing /home/airflow/.local/lib/python3.8/site-packages/airflow/example_dags/example_branch_python_dop_operator_3.py took 0.190 seconds
[2024-03-09T13:39:53.100+0000] {processor.py:161} INFO - Started process (PID=8017) to work on /home/airflow/.local/lib/python3.8/site-packages/airflow/example_dags/example_branch_python_dop_operator_3.py
[2024-03-09T13:39:53.102+0000] {processor.py:830} INFO - Processing file /home/airflow/.local/lib/python3.8/site-packages/airflow/example_dags/example_branch_python_dop_operator_3.py for tasks to queue
[2024-03-09T13:39:53.104+0000] {logging_mixin.py:188} INFO - [2024-03-09T13:39:53.103+0000] {dagbag.py:540} INFO - Filling up the DagBag from /home/airflow/.local/lib/python3.8/site-packages/airflow/example_dags/example_branch_python_dop_operator_3.py
[2024-03-09T13:39:53.118+0000] {processor.py:840} INFO - DAG(s) 'example_branch_dop_operator_v3' retrieved from /home/airflow/.local/lib/python3.8/site-packages/airflow/example_dags/example_branch_python_dop_operator_3.py
[2024-03-09T13:39:53.150+0000] {logging_mixin.py:188} INFO - [2024-03-09T13:39:53.150+0000] {dag.py:3047} INFO - Sync 1 DAGs
[2024-03-09T13:39:53.189+0000] {logging_mixin.py:188} INFO - [2024-03-09T13:39:53.189+0000] {dag.py:3834} INFO - Setting next_dagrun for example_branch_dop_operator_v3 to 2024-03-09 13:38:00+00:00, run_after=2024-03-09 13:39:00+00:00
[2024-03-09T13:39:53.219+0000] {processor.py:183} INFO - Processing /home/airflow/.local/lib/python3.8/site-packages/airflow/example_dags/example_branch_python_dop_operator_3.py took 0.124 seconds
[2024-03-09T13:40:23.456+0000] {processor.py:161} INFO - Started process (PID=8262) to work on /home/airflow/.local/lib/python3.8/site-packages/airflow/example_dags/example_branch_python_dop_operator_3.py
[2024-03-09T13:40:23.458+0000] {processor.py:830} INFO - Processing file /home/airflow/.local/lib/python3.8/site-packages/airflow/example_dags/example_branch_python_dop_operator_3.py for tasks to queue
[2024-03-09T13:40:23.460+0000] {logging_mixin.py:188} INFO - [2024-03-09T13:40:23.459+0000] {dagbag.py:540} INFO - Filling up the DagBag from /home/airflow/.local/lib/python3.8/site-packages/airflow/example_dags/example_branch_python_dop_operator_3.py
[2024-03-09T13:40:23.476+0000] {processor.py:840} INFO - DAG(s) 'example_branch_dop_operator_v3' retrieved from /home/airflow/.local/lib/python3.8/site-packages/airflow/example_dags/example_branch_python_dop_operator_3.py
[2024-03-09T13:40:23.513+0000] {logging_mixin.py:188} INFO - [2024-03-09T13:40:23.512+0000] {dag.py:3047} INFO - Sync 1 DAGs
[2024-03-09T13:40:23.554+0000] {logging_mixin.py:188} INFO - [2024-03-09T13:40:23.554+0000] {dag.py:3834} INFO - Setting next_dagrun for example_branch_dop_operator_v3 to 2024-03-09 13:39:00+00:00, run_after=2024-03-09 13:40:00+00:00
[2024-03-09T13:40:23.589+0000] {processor.py:183} INFO - Processing /home/airflow/.local/lib/python3.8/site-packages/airflow/example_dags/example_branch_python_dop_operator_3.py took 0.140 seconds
[2024-03-09T13:40:53.743+0000] {processor.py:161} INFO - Started process (PID=8509) to work on /home/airflow/.local/lib/python3.8/site-packages/airflow/example_dags/example_branch_python_dop_operator_3.py
[2024-03-09T13:40:53.745+0000] {processor.py:830} INFO - Processing file /home/airflow/.local/lib/python3.8/site-packages/airflow/example_dags/example_branch_python_dop_operator_3.py for tasks to queue
[2024-03-09T13:40:53.747+0000] {logging_mixin.py:188} INFO - [2024-03-09T13:40:53.747+0000] {dagbag.py:540} INFO - Filling up the DagBag from /home/airflow/.local/lib/python3.8/site-packages/airflow/example_dags/example_branch_python_dop_operator_3.py
[2024-03-09T13:40:53.765+0000] {processor.py:840} INFO - DAG(s) 'example_branch_dop_operator_v3' retrieved from /home/airflow/.local/lib/python3.8/site-packages/airflow/example_dags/example_branch_python_dop_operator_3.py
[2024-03-09T13:40:53.801+0000] {logging_mixin.py:188} INFO - [2024-03-09T13:40:53.801+0000] {dag.py:3047} INFO - Sync 1 DAGs
[2024-03-09T13:40:53.851+0000] {logging_mixin.py:188} INFO - [2024-03-09T13:40:53.851+0000] {dag.py:3834} INFO - Setting next_dagrun for example_branch_dop_operator_v3 to 2024-03-09 13:39:00+00:00, run_after=2024-03-09 13:40:00+00:00
[2024-03-09T13:40:53.889+0000] {processor.py:183} INFO - Processing /home/airflow/.local/lib/python3.8/site-packages/airflow/example_dags/example_branch_python_dop_operator_3.py took 0.152 seconds
[2024-03-09T13:41:24.457+0000] {processor.py:161} INFO - Started process (PID=8756) to work on /home/airflow/.local/lib/python3.8/site-packages/airflow/example_dags/example_branch_python_dop_operator_3.py
[2024-03-09T13:41:24.459+0000] {processor.py:830} INFO - Processing file /home/airflow/.local/lib/python3.8/site-packages/airflow/example_dags/example_branch_python_dop_operator_3.py for tasks to queue
[2024-03-09T13:41:24.461+0000] {logging_mixin.py:188} INFO - [2024-03-09T13:41:24.461+0000] {dagbag.py:540} INFO - Filling up the DagBag from /home/airflow/.local/lib/python3.8/site-packages/airflow/example_dags/example_branch_python_dop_operator_3.py
[2024-03-09T13:41:24.475+0000] {processor.py:840} INFO - DAG(s) 'example_branch_dop_operator_v3' retrieved from /home/airflow/.local/lib/python3.8/site-packages/airflow/example_dags/example_branch_python_dop_operator_3.py
[2024-03-09T13:41:24.507+0000] {logging_mixin.py:188} INFO - [2024-03-09T13:41:24.507+0000] {dag.py:3047} INFO - Sync 1 DAGs
[2024-03-09T13:41:24.557+0000] {logging_mixin.py:188} INFO - [2024-03-09T13:41:24.556+0000] {dag.py:3834} INFO - Setting next_dagrun for example_branch_dop_operator_v3 to 2024-03-09 13:40:00+00:00, run_after=2024-03-09 13:41:00+00:00
[2024-03-09T13:41:24.588+0000] {processor.py:183} INFO - Processing /home/airflow/.local/lib/python3.8/site-packages/airflow/example_dags/example_branch_python_dop_operator_3.py took 0.135 seconds
[2024-03-09T13:41:54.810+0000] {processor.py:161} INFO - Started process (PID=9003) to work on /home/airflow/.local/lib/python3.8/site-packages/airflow/example_dags/example_branch_python_dop_operator_3.py
[2024-03-09T13:41:54.812+0000] {processor.py:830} INFO - Processing file /home/airflow/.local/lib/python3.8/site-packages/airflow/example_dags/example_branch_python_dop_operator_3.py for tasks to queue
[2024-03-09T13:41:54.814+0000] {logging_mixin.py:188} INFO - [2024-03-09T13:41:54.814+0000] {dagbag.py:540} INFO - Filling up the DagBag from /home/airflow/.local/lib/python3.8/site-packages/airflow/example_dags/example_branch_python_dop_operator_3.py
[2024-03-09T13:41:54.831+0000] {processor.py:840} INFO - DAG(s) 'example_branch_dop_operator_v3' retrieved from /home/airflow/.local/lib/python3.8/site-packages/airflow/example_dags/example_branch_python_dop_operator_3.py
[2024-03-09T13:41:54.867+0000] {logging_mixin.py:188} INFO - [2024-03-09T13:41:54.866+0000] {dag.py:3047} INFO - Sync 1 DAGs
[2024-03-09T13:41:54.914+0000] {logging_mixin.py:188} INFO - [2024-03-09T13:41:54.913+0000] {dag.py:3834} INFO - Setting next_dagrun for example_branch_dop_operator_v3 to 2024-03-09 13:40:00+00:00, run_after=2024-03-09 13:41:00+00:00
[2024-03-09T13:41:54.949+0000] {processor.py:183} INFO - Processing /home/airflow/.local/lib/python3.8/site-packages/airflow/example_dags/example_branch_python_dop_operator_3.py took 0.145 seconds
[2024-03-09T13:42:25.173+0000] {processor.py:161} INFO - Started process (PID=9250) to work on /home/airflow/.local/lib/python3.8/site-packages/airflow/example_dags/example_branch_python_dop_operator_3.py
[2024-03-09T13:42:25.175+0000] {processor.py:830} INFO - Processing file /home/airflow/.local/lib/python3.8/site-packages/airflow/example_dags/example_branch_python_dop_operator_3.py for tasks to queue
[2024-03-09T13:42:25.177+0000] {logging_mixin.py:188} INFO - [2024-03-09T13:42:25.176+0000] {dagbag.py:540} INFO - Filling up the DagBag from /home/airflow/.local/lib/python3.8/site-packages/airflow/example_dags/example_branch_python_dop_operator_3.py
[2024-03-09T13:42:25.196+0000] {processor.py:840} INFO - DAG(s) 'example_branch_dop_operator_v3' retrieved from /home/airflow/.local/lib/python3.8/site-packages/airflow/example_dags/example_branch_python_dop_operator_3.py
[2024-03-09T13:42:25.228+0000] {logging_mixin.py:188} INFO - [2024-03-09T13:42:25.227+0000] {dag.py:3047} INFO - Sync 1 DAGs
[2024-03-09T13:42:25.265+0000] {logging_mixin.py:188} INFO - [2024-03-09T13:42:25.265+0000] {dag.py:3834} INFO - Setting next_dagrun for example_branch_dop_operator_v3 to 2024-03-09 13:41:00+00:00, run_after=2024-03-09 13:42:00+00:00
[2024-03-09T13:42:25.296+0000] {processor.py:183} INFO - Processing /home/airflow/.local/lib/python3.8/site-packages/airflow/example_dags/example_branch_python_dop_operator_3.py took 0.128 seconds
[2024-03-09T13:42:55.463+0000] {processor.py:161} INFO - Started process (PID=9497) to work on /home/airflow/.local/lib/python3.8/site-packages/airflow/example_dags/example_branch_python_dop_operator_3.py
[2024-03-09T13:42:55.464+0000] {processor.py:830} INFO - Processing file /home/airflow/.local/lib/python3.8/site-packages/airflow/example_dags/example_branch_python_dop_operator_3.py for tasks to queue
[2024-03-09T13:42:55.466+0000] {logging_mixin.py:188} INFO - [2024-03-09T13:42:55.466+0000] {dagbag.py:540} INFO - Filling up the DagBag from /home/airflow/.local/lib/python3.8/site-packages/airflow/example_dags/example_branch_python_dop_operator_3.py
[2024-03-09T13:42:55.481+0000] {processor.py:840} INFO - DAG(s) 'example_branch_dop_operator_v3' retrieved from /home/airflow/.local/lib/python3.8/site-packages/airflow/example_dags/example_branch_python_dop_operator_3.py
[2024-03-09T13:42:55.514+0000] {logging_mixin.py:188} INFO - [2024-03-09T13:42:55.514+0000] {dag.py:3047} INFO - Sync 1 DAGs
[2024-03-09T13:42:55.559+0000] {logging_mixin.py:188} INFO - [2024-03-09T13:42:55.559+0000] {dag.py:3834} INFO - Setting next_dagrun for example_branch_dop_operator_v3 to 2024-03-09 13:41:00+00:00, run_after=2024-03-09 13:42:00+00:00
[2024-03-09T13:42:55.588+0000] {processor.py:183} INFO - Processing /home/airflow/.local/lib/python3.8/site-packages/airflow/example_dags/example_branch_python_dop_operator_3.py took 0.131 seconds
[2024-03-09T13:43:26.102+0000] {processor.py:161} INFO - Started process (PID=9746) to work on /home/airflow/.local/lib/python3.8/site-packages/airflow/example_dags/example_branch_python_dop_operator_3.py
[2024-03-09T13:43:26.104+0000] {processor.py:830} INFO - Processing file /home/airflow/.local/lib/python3.8/site-packages/airflow/example_dags/example_branch_python_dop_operator_3.py for tasks to queue
[2024-03-09T13:43:26.106+0000] {logging_mixin.py:188} INFO - [2024-03-09T13:43:26.105+0000] {dagbag.py:540} INFO - Filling up the DagBag from /home/airflow/.local/lib/python3.8/site-packages/airflow/example_dags/example_branch_python_dop_operator_3.py
[2024-03-09T13:43:26.119+0000] {processor.py:840} INFO - DAG(s) 'example_branch_dop_operator_v3' retrieved from /home/airflow/.local/lib/python3.8/site-packages/airflow/example_dags/example_branch_python_dop_operator_3.py
[2024-03-09T13:43:26.150+0000] {logging_mixin.py:188} INFO - [2024-03-09T13:43:26.150+0000] {dag.py:3047} INFO - Sync 1 DAGs
[2024-03-09T13:43:26.204+0000] {logging_mixin.py:188} INFO - [2024-03-09T13:43:26.203+0000] {dag.py:3834} INFO - Setting next_dagrun for example_branch_dop_operator_v3 to 2024-03-09 13:42:00+00:00, run_after=2024-03-09 13:43:00+00:00
[2024-03-09T13:43:26.243+0000] {processor.py:183} INFO - Processing /home/airflow/.local/lib/python3.8/site-packages/airflow/example_dags/example_branch_python_dop_operator_3.py took 0.147 seconds
[2024-03-09T13:43:56.763+0000] {processor.py:161} INFO - Started process (PID=9991) to work on /home/airflow/.local/lib/python3.8/site-packages/airflow/example_dags/example_branch_python_dop_operator_3.py
[2024-03-09T13:43:56.765+0000] {processor.py:830} INFO - Processing file /home/airflow/.local/lib/python3.8/site-packages/airflow/example_dags/example_branch_python_dop_operator_3.py for tasks to queue
[2024-03-09T13:43:56.768+0000] {logging_mixin.py:188} INFO - [2024-03-09T13:43:56.767+0000] {dagbag.py:540} INFO - Filling up the DagBag from /home/airflow/.local/lib/python3.8/site-packages/airflow/example_dags/example_branch_python_dop_operator_3.py
[2024-03-09T13:43:56.782+0000] {processor.py:840} INFO - DAG(s) 'example_branch_dop_operator_v3' retrieved from /home/airflow/.local/lib/python3.8/site-packages/airflow/example_dags/example_branch_python_dop_operator_3.py
[2024-03-09T13:43:56.813+0000] {logging_mixin.py:188} INFO - [2024-03-09T13:43:56.813+0000] {dag.py:3047} INFO - Sync 1 DAGs
[2024-03-09T13:43:56.859+0000] {logging_mixin.py:188} INFO - [2024-03-09T13:43:56.859+0000] {dag.py:3834} INFO - Setting next_dagrun for example_branch_dop_operator_v3 to 2024-03-09 13:42:00+00:00, run_after=2024-03-09 13:43:00+00:00
[2024-03-09T13:43:56.891+0000] {processor.py:183} INFO - Processing /home/airflow/.local/lib/python3.8/site-packages/airflow/example_dags/example_branch_python_dop_operator_3.py took 0.132 seconds
