[2024-03-09T11:07:28.990+0000] {processor.py:161} INFO - Started process (PID=232) to work on /home/airflow/.local/lib/python3.8/site-packages/airflow/example_dags/example_complex.py
[2024-03-09T11:07:28.992+0000] {processor.py:830} INFO - Processing file /home/airflow/.local/lib/python3.8/site-packages/airflow/example_dags/example_complex.py for tasks to queue
[2024-03-09T11:07:28.995+0000] {logging_mixin.py:188} INFO - [2024-03-09T11:07:28.994+0000] {dagbag.py:540} INFO - Filling up the DagBag from /home/airflow/.local/lib/python3.8/site-packages/airflow/example_dags/example_complex.py
[2024-03-09T11:07:29.026+0000] {processor.py:840} INFO - DAG(s) 'example_complex' retrieved from /home/airflow/.local/lib/python3.8/site-packages/airflow/example_dags/example_complex.py
[2024-03-09T11:07:29.223+0000] {logging_mixin.py:188} INFO - [2024-03-09T11:07:29.223+0000] {dag.py:3047} INFO - Sync 1 DAGs
[2024-03-09T11:07:29.239+0000] {logging_mixin.py:188} INFO - [2024-03-09T11:07:29.239+0000] {dag.py:3834} INFO - Setting next_dagrun for example_complex to None, run_after=None
[2024-03-09T11:07:29.276+0000] {processor.py:183} INFO - Processing /home/airflow/.local/lib/python3.8/site-packages/airflow/example_dags/example_complex.py took 0.291 seconds
[2024-03-09T11:08:00.052+0000] {processor.py:161} INFO - Started process (PID=479) to work on /home/airflow/.local/lib/python3.8/site-packages/airflow/example_dags/example_complex.py
[2024-03-09T11:08:00.054+0000] {processor.py:830} INFO - Processing file /home/airflow/.local/lib/python3.8/site-packages/airflow/example_dags/example_complex.py for tasks to queue
[2024-03-09T11:08:00.056+0000] {logging_mixin.py:188} INFO - [2024-03-09T11:08:00.056+0000] {dagbag.py:540} INFO - Filling up the DagBag from /home/airflow/.local/lib/python3.8/site-packages/airflow/example_dags/example_complex.py
[2024-03-09T11:08:00.078+0000] {processor.py:840} INFO - DAG(s) 'example_complex' retrieved from /home/airflow/.local/lib/python3.8/site-packages/airflow/example_dags/example_complex.py
[2024-03-09T11:08:00.127+0000] {logging_mixin.py:188} INFO - [2024-03-09T11:08:00.127+0000] {dag.py:3047} INFO - Sync 1 DAGs
[2024-03-09T11:08:00.145+0000] {logging_mixin.py:188} INFO - [2024-03-09T11:08:00.145+0000] {dag.py:3834} INFO - Setting next_dagrun for example_complex to None, run_after=None
[2024-03-09T11:08:00.179+0000] {processor.py:183} INFO - Processing /home/airflow/.local/lib/python3.8/site-packages/airflow/example_dags/example_complex.py took 0.133 seconds
[2024-03-09T11:08:31.097+0000] {processor.py:161} INFO - Started process (PID=726) to work on /home/airflow/.local/lib/python3.8/site-packages/airflow/example_dags/example_complex.py
[2024-03-09T11:08:31.099+0000] {processor.py:830} INFO - Processing file /home/airflow/.local/lib/python3.8/site-packages/airflow/example_dags/example_complex.py for tasks to queue
[2024-03-09T11:08:31.101+0000] {logging_mixin.py:188} INFO - [2024-03-09T11:08:31.101+0000] {dagbag.py:540} INFO - Filling up the DagBag from /home/airflow/.local/lib/python3.8/site-packages/airflow/example_dags/example_complex.py
[2024-03-09T11:08:31.121+0000] {processor.py:840} INFO - DAG(s) 'example_complex' retrieved from /home/airflow/.local/lib/python3.8/site-packages/airflow/example_dags/example_complex.py
[2024-03-09T11:08:31.178+0000] {logging_mixin.py:188} INFO - [2024-03-09T11:08:31.178+0000] {dag.py:3047} INFO - Sync 1 DAGs
[2024-03-09T11:08:31.198+0000] {logging_mixin.py:188} INFO - [2024-03-09T11:08:31.198+0000] {dag.py:3834} INFO - Setting next_dagrun for example_complex to None, run_after=None
[2024-03-09T11:08:31.228+0000] {processor.py:183} INFO - Processing /home/airflow/.local/lib/python3.8/site-packages/airflow/example_dags/example_complex.py took 0.136 seconds
[2024-03-09T11:09:01.912+0000] {processor.py:161} INFO - Started process (PID=973) to work on /home/airflow/.local/lib/python3.8/site-packages/airflow/example_dags/example_complex.py
[2024-03-09T11:09:01.914+0000] {processor.py:830} INFO - Processing file /home/airflow/.local/lib/python3.8/site-packages/airflow/example_dags/example_complex.py for tasks to queue
[2024-03-09T11:09:01.916+0000] {logging_mixin.py:188} INFO - [2024-03-09T11:09:01.916+0000] {dagbag.py:540} INFO - Filling up the DagBag from /home/airflow/.local/lib/python3.8/site-packages/airflow/example_dags/example_complex.py
[2024-03-09T11:09:01.934+0000] {processor.py:840} INFO - DAG(s) 'example_complex' retrieved from /home/airflow/.local/lib/python3.8/site-packages/airflow/example_dags/example_complex.py
[2024-03-09T11:09:01.986+0000] {logging_mixin.py:188} INFO - [2024-03-09T11:09:01.985+0000] {dag.py:3047} INFO - Sync 1 DAGs
[2024-03-09T11:09:02.011+0000] {logging_mixin.py:188} INFO - [2024-03-09T11:09:02.010+0000] {dag.py:3834} INFO - Setting next_dagrun for example_complex to None, run_after=None
[2024-03-09T11:09:02.048+0000] {processor.py:183} INFO - Processing /home/airflow/.local/lib/python3.8/site-packages/airflow/example_dags/example_complex.py took 0.140 seconds
[2024-03-09T11:09:32.377+0000] {processor.py:161} INFO - Started process (PID=1221) to work on /home/airflow/.local/lib/python3.8/site-packages/airflow/example_dags/example_complex.py
[2024-03-09T11:09:32.379+0000] {processor.py:830} INFO - Processing file /home/airflow/.local/lib/python3.8/site-packages/airflow/example_dags/example_complex.py for tasks to queue
[2024-03-09T11:09:32.382+0000] {logging_mixin.py:188} INFO - [2024-03-09T11:09:32.381+0000] {dagbag.py:540} INFO - Filling up the DagBag from /home/airflow/.local/lib/python3.8/site-packages/airflow/example_dags/example_complex.py
[2024-03-09T11:09:32.402+0000] {processor.py:840} INFO - DAG(s) 'example_complex' retrieved from /home/airflow/.local/lib/python3.8/site-packages/airflow/example_dags/example_complex.py
[2024-03-09T11:09:32.451+0000] {logging_mixin.py:188} INFO - [2024-03-09T11:09:32.451+0000] {dag.py:3047} INFO - Sync 1 DAGs
[2024-03-09T11:09:32.470+0000] {logging_mixin.py:188} INFO - [2024-03-09T11:09:32.469+0000] {dag.py:3834} INFO - Setting next_dagrun for example_complex to None, run_after=None
[2024-03-09T11:09:32.501+0000] {processor.py:183} INFO - Processing /home/airflow/.local/lib/python3.8/site-packages/airflow/example_dags/example_complex.py took 0.130 seconds
[2024-03-09T11:10:02.820+0000] {processor.py:161} INFO - Started process (PID=1468) to work on /home/airflow/.local/lib/python3.8/site-packages/airflow/example_dags/example_complex.py
[2024-03-09T11:10:02.821+0000] {processor.py:830} INFO - Processing file /home/airflow/.local/lib/python3.8/site-packages/airflow/example_dags/example_complex.py for tasks to queue
[2024-03-09T11:10:02.824+0000] {logging_mixin.py:188} INFO - [2024-03-09T11:10:02.823+0000] {dagbag.py:540} INFO - Filling up the DagBag from /home/airflow/.local/lib/python3.8/site-packages/airflow/example_dags/example_complex.py
[2024-03-09T11:10:02.843+0000] {processor.py:840} INFO - DAG(s) 'example_complex' retrieved from /home/airflow/.local/lib/python3.8/site-packages/airflow/example_dags/example_complex.py
[2024-03-09T11:10:02.898+0000] {logging_mixin.py:188} INFO - [2024-03-09T11:10:02.897+0000] {dag.py:3047} INFO - Sync 1 DAGs
[2024-03-09T11:10:02.919+0000] {logging_mixin.py:188} INFO - [2024-03-09T11:10:02.918+0000] {dag.py:3834} INFO - Setting next_dagrun for example_complex to None, run_after=None
[2024-03-09T11:10:02.950+0000] {processor.py:183} INFO - Processing /home/airflow/.local/lib/python3.8/site-packages/airflow/example_dags/example_complex.py took 0.137 seconds
[2024-03-09T11:10:33.524+0000] {processor.py:161} INFO - Started process (PID=1715) to work on /home/airflow/.local/lib/python3.8/site-packages/airflow/example_dags/example_complex.py
[2024-03-09T11:10:33.526+0000] {processor.py:830} INFO - Processing file /home/airflow/.local/lib/python3.8/site-packages/airflow/example_dags/example_complex.py for tasks to queue
[2024-03-09T11:10:33.528+0000] {logging_mixin.py:188} INFO - [2024-03-09T11:10:33.528+0000] {dagbag.py:540} INFO - Filling up the DagBag from /home/airflow/.local/lib/python3.8/site-packages/airflow/example_dags/example_complex.py
[2024-03-09T11:10:33.552+0000] {processor.py:840} INFO - DAG(s) 'example_complex' retrieved from /home/airflow/.local/lib/python3.8/site-packages/airflow/example_dags/example_complex.py
[2024-03-09T11:10:33.607+0000] {logging_mixin.py:188} INFO - [2024-03-09T11:10:33.606+0000] {dag.py:3047} INFO - Sync 1 DAGs
[2024-03-09T11:10:33.675+0000] {logging_mixin.py:188} INFO - [2024-03-09T11:10:33.674+0000] {dag.py:3834} INFO - Setting next_dagrun for example_complex to None, run_after=None
[2024-03-09T11:10:33.714+0000] {processor.py:183} INFO - Processing /home/airflow/.local/lib/python3.8/site-packages/airflow/example_dags/example_complex.py took 0.194 seconds
[2024-03-09T11:11:04.737+0000] {processor.py:161} INFO - Started process (PID=1962) to work on /home/airflow/.local/lib/python3.8/site-packages/airflow/example_dags/example_complex.py
[2024-03-09T11:11:04.750+0000] {processor.py:830} INFO - Processing file /home/airflow/.local/lib/python3.8/site-packages/airflow/example_dags/example_complex.py for tasks to queue
[2024-03-09T11:11:04.752+0000] {logging_mixin.py:188} INFO - [2024-03-09T11:11:04.751+0000] {dagbag.py:540} INFO - Filling up the DagBag from /home/airflow/.local/lib/python3.8/site-packages/airflow/example_dags/example_complex.py
[2024-03-09T11:11:04.803+0000] {processor.py:840} INFO - DAG(s) 'example_complex' retrieved from /home/airflow/.local/lib/python3.8/site-packages/airflow/example_dags/example_complex.py
[2024-03-09T11:11:04.928+0000] {logging_mixin.py:188} INFO - [2024-03-09T11:11:04.927+0000] {dag.py:3047} INFO - Sync 1 DAGs
[2024-03-09T11:11:04.962+0000] {logging_mixin.py:188} INFO - [2024-03-09T11:11:04.962+0000] {dag.py:3834} INFO - Setting next_dagrun for example_complex to None, run_after=None
[2024-03-09T11:11:05.052+0000] {processor.py:183} INFO - Processing /home/airflow/.local/lib/python3.8/site-packages/airflow/example_dags/example_complex.py took 0.321 seconds
[2024-03-09T11:11:35.728+0000] {processor.py:161} INFO - Started process (PID=2215) to work on /home/airflow/.local/lib/python3.8/site-packages/airflow/example_dags/example_complex.py
[2024-03-09T11:11:35.730+0000] {processor.py:830} INFO - Processing file /home/airflow/.local/lib/python3.8/site-packages/airflow/example_dags/example_complex.py for tasks to queue
[2024-03-09T11:11:35.731+0000] {logging_mixin.py:188} INFO - [2024-03-09T11:11:35.731+0000] {dagbag.py:540} INFO - Filling up the DagBag from /home/airflow/.local/lib/python3.8/site-packages/airflow/example_dags/example_complex.py
[2024-03-09T11:11:35.750+0000] {processor.py:840} INFO - DAG(s) 'example_complex' retrieved from /home/airflow/.local/lib/python3.8/site-packages/airflow/example_dags/example_complex.py
[2024-03-09T11:11:35.803+0000] {logging_mixin.py:188} INFO - [2024-03-09T11:11:35.803+0000] {dag.py:3047} INFO - Sync 1 DAGs
[2024-03-09T11:11:35.826+0000] {logging_mixin.py:188} INFO - [2024-03-09T11:11:35.826+0000] {dag.py:3834} INFO - Setting next_dagrun for example_complex to None, run_after=None
[2024-03-09T11:11:35.861+0000] {processor.py:183} INFO - Processing /home/airflow/.local/lib/python3.8/site-packages/airflow/example_dags/example_complex.py took 0.138 seconds
[2024-03-09T11:12:06.110+0000] {processor.py:161} INFO - Started process (PID=2462) to work on /home/airflow/.local/lib/python3.8/site-packages/airflow/example_dags/example_complex.py
[2024-03-09T11:12:06.112+0000] {processor.py:830} INFO - Processing file /home/airflow/.local/lib/python3.8/site-packages/airflow/example_dags/example_complex.py for tasks to queue
[2024-03-09T11:12:06.115+0000] {logging_mixin.py:188} INFO - [2024-03-09T11:12:06.114+0000] {dagbag.py:540} INFO - Filling up the DagBag from /home/airflow/.local/lib/python3.8/site-packages/airflow/example_dags/example_complex.py
[2024-03-09T11:12:06.132+0000] {processor.py:840} INFO - DAG(s) 'example_complex' retrieved from /home/airflow/.local/lib/python3.8/site-packages/airflow/example_dags/example_complex.py
[2024-03-09T11:12:06.185+0000] {logging_mixin.py:188} INFO - [2024-03-09T11:12:06.184+0000] {dag.py:3047} INFO - Sync 1 DAGs
[2024-03-09T11:12:06.243+0000] {logging_mixin.py:188} INFO - [2024-03-09T11:12:06.242+0000] {dag.py:3834} INFO - Setting next_dagrun for example_complex to None, run_after=None
[2024-03-09T11:12:06.274+0000] {processor.py:183} INFO - Processing /home/airflow/.local/lib/python3.8/site-packages/airflow/example_dags/example_complex.py took 0.169 seconds
[2024-03-09T11:12:36.405+0000] {processor.py:161} INFO - Started process (PID=2709) to work on /home/airflow/.local/lib/python3.8/site-packages/airflow/example_dags/example_complex.py
[2024-03-09T11:12:36.407+0000] {processor.py:830} INFO - Processing file /home/airflow/.local/lib/python3.8/site-packages/airflow/example_dags/example_complex.py for tasks to queue
[2024-03-09T11:12:36.408+0000] {logging_mixin.py:188} INFO - [2024-03-09T11:12:36.408+0000] {dagbag.py:540} INFO - Filling up the DagBag from /home/airflow/.local/lib/python3.8/site-packages/airflow/example_dags/example_complex.py
[2024-03-09T11:12:36.425+0000] {processor.py:840} INFO - DAG(s) 'example_complex' retrieved from /home/airflow/.local/lib/python3.8/site-packages/airflow/example_dags/example_complex.py
[2024-03-09T11:12:36.477+0000] {logging_mixin.py:188} INFO - [2024-03-09T11:12:36.476+0000] {dag.py:3047} INFO - Sync 1 DAGs
[2024-03-09T11:12:36.495+0000] {logging_mixin.py:188} INFO - [2024-03-09T11:12:36.494+0000] {dag.py:3834} INFO - Setting next_dagrun for example_complex to None, run_after=None
[2024-03-09T11:12:36.538+0000] {processor.py:183} INFO - Processing /home/airflow/.local/lib/python3.8/site-packages/airflow/example_dags/example_complex.py took 0.138 seconds
[2024-03-09T11:13:06.773+0000] {processor.py:161} INFO - Started process (PID=2953) to work on /home/airflow/.local/lib/python3.8/site-packages/airflow/example_dags/example_complex.py
[2024-03-09T11:13:06.775+0000] {processor.py:830} INFO - Processing file /home/airflow/.local/lib/python3.8/site-packages/airflow/example_dags/example_complex.py for tasks to queue
[2024-03-09T11:13:06.777+0000] {logging_mixin.py:188} INFO - [2024-03-09T11:13:06.776+0000] {dagbag.py:540} INFO - Filling up the DagBag from /home/airflow/.local/lib/python3.8/site-packages/airflow/example_dags/example_complex.py
[2024-03-09T11:13:06.796+0000] {processor.py:840} INFO - DAG(s) 'example_complex' retrieved from /home/airflow/.local/lib/python3.8/site-packages/airflow/example_dags/example_complex.py
[2024-03-09T11:13:06.846+0000] {logging_mixin.py:188} INFO - [2024-03-09T11:13:06.845+0000] {dag.py:3047} INFO - Sync 1 DAGs
[2024-03-09T11:13:06.863+0000] {logging_mixin.py:188} INFO - [2024-03-09T11:13:06.862+0000] {dag.py:3834} INFO - Setting next_dagrun for example_complex to None, run_after=None
[2024-03-09T11:13:06.902+0000] {processor.py:183} INFO - Processing /home/airflow/.local/lib/python3.8/site-packages/airflow/example_dags/example_complex.py took 0.134 seconds
[2024-03-09T11:13:43.395+0000] {processor.py:161} INFO - Started process (PID=3213) to work on /home/airflow/.local/lib/python3.8/site-packages/airflow/example_dags/example_complex.py
[2024-03-09T11:13:43.398+0000] {processor.py:830} INFO - Processing file /home/airflow/.local/lib/python3.8/site-packages/airflow/example_dags/example_complex.py for tasks to queue
[2024-03-09T11:13:43.400+0000] {logging_mixin.py:188} INFO - [2024-03-09T11:13:43.399+0000] {dagbag.py:540} INFO - Filling up the DagBag from /home/airflow/.local/lib/python3.8/site-packages/airflow/example_dags/example_complex.py
[2024-03-09T11:13:43.429+0000] {processor.py:840} INFO - DAG(s) 'example_complex' retrieved from /home/airflow/.local/lib/python3.8/site-packages/airflow/example_dags/example_complex.py
[2024-03-09T11:13:43.585+0000] {logging_mixin.py:188} INFO - [2024-03-09T11:13:43.584+0000] {dag.py:3047} INFO - Sync 1 DAGs
[2024-03-09T11:13:43.729+0000] {logging_mixin.py:188} INFO - [2024-03-09T11:13:43.728+0000] {dag.py:3834} INFO - Setting next_dagrun for example_complex to None, run_after=None
[2024-03-09T11:13:43.942+0000] {processor.py:183} INFO - Processing /home/airflow/.local/lib/python3.8/site-packages/airflow/example_dags/example_complex.py took 0.555 seconds
[2024-03-09T11:14:14.205+0000] {processor.py:161} INFO - Started process (PID=3474) to work on /home/airflow/.local/lib/python3.8/site-packages/airflow/example_dags/example_complex.py
[2024-03-09T11:14:14.207+0000] {processor.py:830} INFO - Processing file /home/airflow/.local/lib/python3.8/site-packages/airflow/example_dags/example_complex.py for tasks to queue
[2024-03-09T11:14:14.209+0000] {logging_mixin.py:188} INFO - [2024-03-09T11:14:14.208+0000] {dagbag.py:540} INFO - Filling up the DagBag from /home/airflow/.local/lib/python3.8/site-packages/airflow/example_dags/example_complex.py
[2024-03-09T11:14:14.229+0000] {processor.py:840} INFO - DAG(s) 'example_complex' retrieved from /home/airflow/.local/lib/python3.8/site-packages/airflow/example_dags/example_complex.py
[2024-03-09T11:14:14.281+0000] {logging_mixin.py:188} INFO - [2024-03-09T11:14:14.280+0000] {dag.py:3047} INFO - Sync 1 DAGs
[2024-03-09T11:14:14.314+0000] {logging_mixin.py:188} INFO - [2024-03-09T11:14:14.313+0000] {dag.py:3834} INFO - Setting next_dagrun for example_complex to None, run_after=None
[2024-03-09T11:14:14.375+0000] {processor.py:183} INFO - Processing /home/airflow/.local/lib/python3.8/site-packages/airflow/example_dags/example_complex.py took 0.176 seconds
[2024-03-09T11:14:44.618+0000] {processor.py:161} INFO - Started process (PID=3716) to work on /home/airflow/.local/lib/python3.8/site-packages/airflow/example_dags/example_complex.py
[2024-03-09T11:14:44.620+0000] {processor.py:830} INFO - Processing file /home/airflow/.local/lib/python3.8/site-packages/airflow/example_dags/example_complex.py for tasks to queue
[2024-03-09T11:14:44.622+0000] {logging_mixin.py:188} INFO - [2024-03-09T11:14:44.621+0000] {dagbag.py:540} INFO - Filling up the DagBag from /home/airflow/.local/lib/python3.8/site-packages/airflow/example_dags/example_complex.py
[2024-03-09T11:14:44.643+0000] {processor.py:840} INFO - DAG(s) 'example_complex' retrieved from /home/airflow/.local/lib/python3.8/site-packages/airflow/example_dags/example_complex.py
[2024-03-09T11:14:44.700+0000] {logging_mixin.py:188} INFO - [2024-03-09T11:14:44.699+0000] {dag.py:3047} INFO - Sync 1 DAGs
[2024-03-09T11:14:44.721+0000] {logging_mixin.py:188} INFO - [2024-03-09T11:14:44.720+0000] {dag.py:3834} INFO - Setting next_dagrun for example_complex to None, run_after=None
[2024-03-09T11:14:44.755+0000] {processor.py:183} INFO - Processing /home/airflow/.local/lib/python3.8/site-packages/airflow/example_dags/example_complex.py took 0.144 seconds
[2024-03-09T11:15:15.041+0000] {processor.py:161} INFO - Started process (PID=3963) to work on /home/airflow/.local/lib/python3.8/site-packages/airflow/example_dags/example_complex.py
[2024-03-09T11:15:15.043+0000] {processor.py:830} INFO - Processing file /home/airflow/.local/lib/python3.8/site-packages/airflow/example_dags/example_complex.py for tasks to queue
[2024-03-09T11:15:15.046+0000] {logging_mixin.py:188} INFO - [2024-03-09T11:15:15.045+0000] {dagbag.py:540} INFO - Filling up the DagBag from /home/airflow/.local/lib/python3.8/site-packages/airflow/example_dags/example_complex.py
[2024-03-09T11:15:15.078+0000] {processor.py:840} INFO - DAG(s) 'example_complex' retrieved from /home/airflow/.local/lib/python3.8/site-packages/airflow/example_dags/example_complex.py
[2024-03-09T11:15:15.158+0000] {logging_mixin.py:188} INFO - [2024-03-09T11:15:15.157+0000] {dag.py:3047} INFO - Sync 1 DAGs
[2024-03-09T11:15:15.185+0000] {logging_mixin.py:188} INFO - [2024-03-09T11:15:15.185+0000] {dag.py:3834} INFO - Setting next_dagrun for example_complex to None, run_after=None
[2024-03-09T11:15:15.230+0000] {processor.py:183} INFO - Processing /home/airflow/.local/lib/python3.8/site-packages/airflow/example_dags/example_complex.py took 0.196 seconds
[2024-03-09T11:15:45.668+0000] {processor.py:161} INFO - Started process (PID=4210) to work on /home/airflow/.local/lib/python3.8/site-packages/airflow/example_dags/example_complex.py
[2024-03-09T11:15:45.671+0000] {processor.py:830} INFO - Processing file /home/airflow/.local/lib/python3.8/site-packages/airflow/example_dags/example_complex.py for tasks to queue
[2024-03-09T11:15:45.673+0000] {logging_mixin.py:188} INFO - [2024-03-09T11:15:45.672+0000] {dagbag.py:540} INFO - Filling up the DagBag from /home/airflow/.local/lib/python3.8/site-packages/airflow/example_dags/example_complex.py
[2024-03-09T11:15:45.699+0000] {processor.py:840} INFO - DAG(s) 'example_complex' retrieved from /home/airflow/.local/lib/python3.8/site-packages/airflow/example_dags/example_complex.py
[2024-03-09T11:15:45.785+0000] {logging_mixin.py:188} INFO - [2024-03-09T11:15:45.785+0000] {dag.py:3047} INFO - Sync 1 DAGs
[2024-03-09T11:15:45.824+0000] {logging_mixin.py:188} INFO - [2024-03-09T11:15:45.823+0000] {dag.py:3834} INFO - Setting next_dagrun for example_complex to None, run_after=None
[2024-03-09T11:15:45.875+0000] {processor.py:183} INFO - Processing /home/airflow/.local/lib/python3.8/site-packages/airflow/example_dags/example_complex.py took 0.213 seconds
[2024-03-09T11:16:15.987+0000] {processor.py:161} INFO - Started process (PID=4454) to work on /home/airflow/.local/lib/python3.8/site-packages/airflow/example_dags/example_complex.py
[2024-03-09T11:16:15.990+0000] {processor.py:830} INFO - Processing file /home/airflow/.local/lib/python3.8/site-packages/airflow/example_dags/example_complex.py for tasks to queue
[2024-03-09T11:16:15.993+0000] {logging_mixin.py:188} INFO - [2024-03-09T11:16:15.992+0000] {dagbag.py:540} INFO - Filling up the DagBag from /home/airflow/.local/lib/python3.8/site-packages/airflow/example_dags/example_complex.py
[2024-03-09T11:16:16.012+0000] {processor.py:840} INFO - DAG(s) 'example_complex' retrieved from /home/airflow/.local/lib/python3.8/site-packages/airflow/example_dags/example_complex.py
[2024-03-09T11:16:16.066+0000] {logging_mixin.py:188} INFO - [2024-03-09T11:16:16.066+0000] {dag.py:3047} INFO - Sync 1 DAGs
[2024-03-09T11:16:16.090+0000] {logging_mixin.py:188} INFO - [2024-03-09T11:16:16.090+0000] {dag.py:3834} INFO - Setting next_dagrun for example_complex to None, run_after=None
[2024-03-09T11:16:16.122+0000] {processor.py:183} INFO - Processing /home/airflow/.local/lib/python3.8/site-packages/airflow/example_dags/example_complex.py took 0.141 seconds
[2024-03-09T11:16:46.253+0000] {processor.py:161} INFO - Started process (PID=4701) to work on /home/airflow/.local/lib/python3.8/site-packages/airflow/example_dags/example_complex.py
[2024-03-09T11:16:46.255+0000] {processor.py:830} INFO - Processing file /home/airflow/.local/lib/python3.8/site-packages/airflow/example_dags/example_complex.py for tasks to queue
[2024-03-09T11:16:46.257+0000] {logging_mixin.py:188} INFO - [2024-03-09T11:16:46.257+0000] {dagbag.py:540} INFO - Filling up the DagBag from /home/airflow/.local/lib/python3.8/site-packages/airflow/example_dags/example_complex.py
[2024-03-09T11:16:46.285+0000] {processor.py:840} INFO - DAG(s) 'example_complex' retrieved from /home/airflow/.local/lib/python3.8/site-packages/airflow/example_dags/example_complex.py
[2024-03-09T11:16:46.349+0000] {logging_mixin.py:188} INFO - [2024-03-09T11:16:46.348+0000] {dag.py:3047} INFO - Sync 1 DAGs
[2024-03-09T11:16:46.375+0000] {logging_mixin.py:188} INFO - [2024-03-09T11:16:46.375+0000] {dag.py:3834} INFO - Setting next_dagrun for example_complex to None, run_after=None
[2024-03-09T11:16:46.413+0000] {processor.py:183} INFO - Processing /home/airflow/.local/lib/python3.8/site-packages/airflow/example_dags/example_complex.py took 0.165 seconds
[2024-03-09T11:17:17.241+0000] {processor.py:161} INFO - Started process (PID=4951) to work on /home/airflow/.local/lib/python3.8/site-packages/airflow/example_dags/example_complex.py
[2024-03-09T11:17:17.242+0000] {processor.py:830} INFO - Processing file /home/airflow/.local/lib/python3.8/site-packages/airflow/example_dags/example_complex.py for tasks to queue
[2024-03-09T11:17:17.244+0000] {logging_mixin.py:188} INFO - [2024-03-09T11:17:17.243+0000] {dagbag.py:540} INFO - Filling up the DagBag from /home/airflow/.local/lib/python3.8/site-packages/airflow/example_dags/example_complex.py
[2024-03-09T11:17:17.266+0000] {processor.py:840} INFO - DAG(s) 'example_complex' retrieved from /home/airflow/.local/lib/python3.8/site-packages/airflow/example_dags/example_complex.py
[2024-03-09T11:17:17.314+0000] {logging_mixin.py:188} INFO - [2024-03-09T11:17:17.314+0000] {dag.py:3047} INFO - Sync 1 DAGs
[2024-03-09T11:17:17.335+0000] {logging_mixin.py:188} INFO - [2024-03-09T11:17:17.334+0000] {dag.py:3834} INFO - Setting next_dagrun for example_complex to None, run_after=None
[2024-03-09T11:17:17.365+0000] {processor.py:183} INFO - Processing /home/airflow/.local/lib/python3.8/site-packages/airflow/example_dags/example_complex.py took 0.130 seconds
[2024-03-09T11:17:47.515+0000] {processor.py:161} INFO - Started process (PID=5198) to work on /home/airflow/.local/lib/python3.8/site-packages/airflow/example_dags/example_complex.py
[2024-03-09T11:17:47.518+0000] {processor.py:830} INFO - Processing file /home/airflow/.local/lib/python3.8/site-packages/airflow/example_dags/example_complex.py for tasks to queue
[2024-03-09T11:17:47.519+0000] {logging_mixin.py:188} INFO - [2024-03-09T11:17:47.519+0000] {dagbag.py:540} INFO - Filling up the DagBag from /home/airflow/.local/lib/python3.8/site-packages/airflow/example_dags/example_complex.py
[2024-03-09T11:17:47.542+0000] {processor.py:840} INFO - DAG(s) 'example_complex' retrieved from /home/airflow/.local/lib/python3.8/site-packages/airflow/example_dags/example_complex.py
[2024-03-09T11:17:47.595+0000] {logging_mixin.py:188} INFO - [2024-03-09T11:17:47.595+0000] {dag.py:3047} INFO - Sync 1 DAGs
[2024-03-09T11:17:47.615+0000] {logging_mixin.py:188} INFO - [2024-03-09T11:17:47.615+0000] {dag.py:3834} INFO - Setting next_dagrun for example_complex to None, run_after=None
[2024-03-09T11:17:47.647+0000] {processor.py:183} INFO - Processing /home/airflow/.local/lib/python3.8/site-packages/airflow/example_dags/example_complex.py took 0.137 seconds
[2024-03-09T11:18:18.081+0000] {processor.py:161} INFO - Started process (PID=5445) to work on /home/airflow/.local/lib/python3.8/site-packages/airflow/example_dags/example_complex.py
[2024-03-09T11:18:18.083+0000] {processor.py:830} INFO - Processing file /home/airflow/.local/lib/python3.8/site-packages/airflow/example_dags/example_complex.py for tasks to queue
[2024-03-09T11:18:18.085+0000] {logging_mixin.py:188} INFO - [2024-03-09T11:18:18.084+0000] {dagbag.py:540} INFO - Filling up the DagBag from /home/airflow/.local/lib/python3.8/site-packages/airflow/example_dags/example_complex.py
[2024-03-09T11:18:18.106+0000] {processor.py:840} INFO - DAG(s) 'example_complex' retrieved from /home/airflow/.local/lib/python3.8/site-packages/airflow/example_dags/example_complex.py
[2024-03-09T11:18:18.157+0000] {logging_mixin.py:188} INFO - [2024-03-09T11:18:18.156+0000] {dag.py:3047} INFO - Sync 1 DAGs
[2024-03-09T11:18:18.184+0000] {logging_mixin.py:188} INFO - [2024-03-09T11:18:18.183+0000] {dag.py:3834} INFO - Setting next_dagrun for example_complex to None, run_after=None
[2024-03-09T11:18:18.218+0000] {processor.py:183} INFO - Processing /home/airflow/.local/lib/python3.8/site-packages/airflow/example_dags/example_complex.py took 0.142 seconds
[2024-03-09T11:18:48.505+0000] {processor.py:161} INFO - Started process (PID=5692) to work on /home/airflow/.local/lib/python3.8/site-packages/airflow/example_dags/example_complex.py
[2024-03-09T11:18:48.507+0000] {processor.py:830} INFO - Processing file /home/airflow/.local/lib/python3.8/site-packages/airflow/example_dags/example_complex.py for tasks to queue
[2024-03-09T11:18:48.509+0000] {logging_mixin.py:188} INFO - [2024-03-09T11:18:48.508+0000] {dagbag.py:540} INFO - Filling up the DagBag from /home/airflow/.local/lib/python3.8/site-packages/airflow/example_dags/example_complex.py
[2024-03-09T11:18:48.526+0000] {processor.py:840} INFO - DAG(s) 'example_complex' retrieved from /home/airflow/.local/lib/python3.8/site-packages/airflow/example_dags/example_complex.py
[2024-03-09T11:18:48.573+0000] {logging_mixin.py:188} INFO - [2024-03-09T11:18:48.573+0000] {dag.py:3047} INFO - Sync 1 DAGs
[2024-03-09T11:18:48.594+0000] {logging_mixin.py:188} INFO - [2024-03-09T11:18:48.593+0000] {dag.py:3834} INFO - Setting next_dagrun for example_complex to None, run_after=None
[2024-03-09T11:18:48.629+0000] {processor.py:183} INFO - Processing /home/airflow/.local/lib/python3.8/site-packages/airflow/example_dags/example_complex.py took 0.130 seconds
[2024-03-09T11:19:18.802+0000] {processor.py:161} INFO - Started process (PID=5939) to work on /home/airflow/.local/lib/python3.8/site-packages/airflow/example_dags/example_complex.py
[2024-03-09T11:19:18.804+0000] {processor.py:830} INFO - Processing file /home/airflow/.local/lib/python3.8/site-packages/airflow/example_dags/example_complex.py for tasks to queue
[2024-03-09T11:19:18.806+0000] {logging_mixin.py:188} INFO - [2024-03-09T11:19:18.805+0000] {dagbag.py:540} INFO - Filling up the DagBag from /home/airflow/.local/lib/python3.8/site-packages/airflow/example_dags/example_complex.py
[2024-03-09T11:19:18.826+0000] {processor.py:840} INFO - DAG(s) 'example_complex' retrieved from /home/airflow/.local/lib/python3.8/site-packages/airflow/example_dags/example_complex.py
[2024-03-09T11:19:18.887+0000] {logging_mixin.py:188} INFO - [2024-03-09T11:19:18.887+0000] {dag.py:3047} INFO - Sync 1 DAGs
[2024-03-09T11:19:18.910+0000] {logging_mixin.py:188} INFO - [2024-03-09T11:19:18.909+0000] {dag.py:3834} INFO - Setting next_dagrun for example_complex to None, run_after=None
[2024-03-09T11:19:18.963+0000] {processor.py:183} INFO - Processing /home/airflow/.local/lib/python3.8/site-packages/airflow/example_dags/example_complex.py took 0.168 seconds
[2024-03-09T11:19:49.751+0000] {processor.py:161} INFO - Started process (PID=6186) to work on /home/airflow/.local/lib/python3.8/site-packages/airflow/example_dags/example_complex.py
[2024-03-09T11:19:49.753+0000] {processor.py:830} INFO - Processing file /home/airflow/.local/lib/python3.8/site-packages/airflow/example_dags/example_complex.py for tasks to queue
[2024-03-09T11:19:49.755+0000] {logging_mixin.py:188} INFO - [2024-03-09T11:19:49.754+0000] {dagbag.py:540} INFO - Filling up the DagBag from /home/airflow/.local/lib/python3.8/site-packages/airflow/example_dags/example_complex.py
[2024-03-09T11:19:49.774+0000] {processor.py:840} INFO - DAG(s) 'example_complex' retrieved from /home/airflow/.local/lib/python3.8/site-packages/airflow/example_dags/example_complex.py
[2024-03-09T11:19:49.822+0000] {logging_mixin.py:188} INFO - [2024-03-09T11:19:49.822+0000] {dag.py:3047} INFO - Sync 1 DAGs
[2024-03-09T11:19:49.840+0000] {logging_mixin.py:188} INFO - [2024-03-09T11:19:49.840+0000] {dag.py:3834} INFO - Setting next_dagrun for example_complex to None, run_after=None
[2024-03-09T11:19:49.874+0000] {processor.py:183} INFO - Processing /home/airflow/.local/lib/python3.8/site-packages/airflow/example_dags/example_complex.py took 0.130 seconds
[2024-03-09T11:20:20.501+0000] {processor.py:161} INFO - Started process (PID=6433) to work on /home/airflow/.local/lib/python3.8/site-packages/airflow/example_dags/example_complex.py
[2024-03-09T11:20:20.503+0000] {processor.py:830} INFO - Processing file /home/airflow/.local/lib/python3.8/site-packages/airflow/example_dags/example_complex.py for tasks to queue
[2024-03-09T11:20:20.504+0000] {logging_mixin.py:188} INFO - [2024-03-09T11:20:20.504+0000] {dagbag.py:540} INFO - Filling up the DagBag from /home/airflow/.local/lib/python3.8/site-packages/airflow/example_dags/example_complex.py
[2024-03-09T11:20:20.521+0000] {processor.py:840} INFO - DAG(s) 'example_complex' retrieved from /home/airflow/.local/lib/python3.8/site-packages/airflow/example_dags/example_complex.py
[2024-03-09T11:20:20.568+0000] {logging_mixin.py:188} INFO - [2024-03-09T11:20:20.568+0000] {dag.py:3047} INFO - Sync 1 DAGs
[2024-03-09T11:20:20.585+0000] {logging_mixin.py:188} INFO - [2024-03-09T11:20:20.585+0000] {dag.py:3834} INFO - Setting next_dagrun for example_complex to None, run_after=None
[2024-03-09T11:20:20.618+0000] {processor.py:183} INFO - Processing /home/airflow/.local/lib/python3.8/site-packages/airflow/example_dags/example_complex.py took 0.123 seconds
[2024-03-09T11:20:50.914+0000] {processor.py:161} INFO - Started process (PID=6680) to work on /home/airflow/.local/lib/python3.8/site-packages/airflow/example_dags/example_complex.py
[2024-03-09T11:20:50.916+0000] {processor.py:830} INFO - Processing file /home/airflow/.local/lib/python3.8/site-packages/airflow/example_dags/example_complex.py for tasks to queue
[2024-03-09T11:20:50.917+0000] {logging_mixin.py:188} INFO - [2024-03-09T11:20:50.917+0000] {dagbag.py:540} INFO - Filling up the DagBag from /home/airflow/.local/lib/python3.8/site-packages/airflow/example_dags/example_complex.py
[2024-03-09T11:20:50.933+0000] {processor.py:840} INFO - DAG(s) 'example_complex' retrieved from /home/airflow/.local/lib/python3.8/site-packages/airflow/example_dags/example_complex.py
[2024-03-09T11:20:50.984+0000] {logging_mixin.py:188} INFO - [2024-03-09T11:20:50.984+0000] {dag.py:3047} INFO - Sync 1 DAGs
[2024-03-09T11:20:51.003+0000] {logging_mixin.py:188} INFO - [2024-03-09T11:20:51.002+0000] {dag.py:3834} INFO - Setting next_dagrun for example_complex to None, run_after=None
[2024-03-09T11:20:51.038+0000] {processor.py:183} INFO - Processing /home/airflow/.local/lib/python3.8/site-packages/airflow/example_dags/example_complex.py took 0.129 seconds
[2024-03-09T11:21:21.476+0000] {processor.py:161} INFO - Started process (PID=6927) to work on /home/airflow/.local/lib/python3.8/site-packages/airflow/example_dags/example_complex.py
[2024-03-09T11:21:21.485+0000] {processor.py:830} INFO - Processing file /home/airflow/.local/lib/python3.8/site-packages/airflow/example_dags/example_complex.py for tasks to queue
[2024-03-09T11:21:21.488+0000] {logging_mixin.py:188} INFO - [2024-03-09T11:21:21.487+0000] {dagbag.py:540} INFO - Filling up the DagBag from /home/airflow/.local/lib/python3.8/site-packages/airflow/example_dags/example_complex.py
[2024-03-09T11:21:21.549+0000] {processor.py:840} INFO - DAG(s) 'example_complex' retrieved from /home/airflow/.local/lib/python3.8/site-packages/airflow/example_dags/example_complex.py
[2024-03-09T11:21:21.633+0000] {logging_mixin.py:188} INFO - [2024-03-09T11:21:21.632+0000] {dag.py:3047} INFO - Sync 1 DAGs
[2024-03-09T11:21:21.666+0000] {logging_mixin.py:188} INFO - [2024-03-09T11:21:21.666+0000] {dag.py:3834} INFO - Setting next_dagrun for example_complex to None, run_after=None
[2024-03-09T11:21:21.741+0000] {processor.py:183} INFO - Processing /home/airflow/.local/lib/python3.8/site-packages/airflow/example_dags/example_complex.py took 0.273 seconds
[2024-03-09T13:38:16.925+0000] {processor.py:161} INFO - Started process (PID=7169) to work on /home/airflow/.local/lib/python3.8/site-packages/airflow/example_dags/example_complex.py
[2024-03-09T13:38:16.927+0000] {processor.py:830} INFO - Processing file /home/airflow/.local/lib/python3.8/site-packages/airflow/example_dags/example_complex.py for tasks to queue
[2024-03-09T13:38:16.929+0000] {logging_mixin.py:188} INFO - [2024-03-09T13:38:16.928+0000] {dagbag.py:540} INFO - Filling up the DagBag from /home/airflow/.local/lib/python3.8/site-packages/airflow/example_dags/example_complex.py
[2024-03-09T13:38:16.951+0000] {processor.py:840} INFO - DAG(s) 'example_complex' retrieved from /home/airflow/.local/lib/python3.8/site-packages/airflow/example_dags/example_complex.py
[2024-03-09T13:38:17.059+0000] {logging_mixin.py:188} INFO - [2024-03-09T13:38:17.059+0000] {dag.py:3047} INFO - Sync 1 DAGs
[2024-03-09T13:38:17.095+0000] {logging_mixin.py:188} INFO - [2024-03-09T13:38:17.094+0000] {dag.py:3834} INFO - Setting next_dagrun for example_complex to None, run_after=None
[2024-03-09T13:38:17.147+0000] {processor.py:183} INFO - Processing /home/airflow/.local/lib/python3.8/site-packages/airflow/example_dags/example_complex.py took 0.226 seconds
[2024-03-09T13:38:48.047+0000] {processor.py:161} INFO - Started process (PID=7416) to work on /home/airflow/.local/lib/python3.8/site-packages/airflow/example_dags/example_complex.py
[2024-03-09T13:38:48.049+0000] {processor.py:830} INFO - Processing file /home/airflow/.local/lib/python3.8/site-packages/airflow/example_dags/example_complex.py for tasks to queue
[2024-03-09T13:38:48.051+0000] {logging_mixin.py:188} INFO - [2024-03-09T13:38:48.050+0000] {dagbag.py:540} INFO - Filling up the DagBag from /home/airflow/.local/lib/python3.8/site-packages/airflow/example_dags/example_complex.py
[2024-03-09T13:38:48.074+0000] {processor.py:840} INFO - DAG(s) 'example_complex' retrieved from /home/airflow/.local/lib/python3.8/site-packages/airflow/example_dags/example_complex.py
[2024-03-09T13:38:48.142+0000] {logging_mixin.py:188} INFO - [2024-03-09T13:38:48.141+0000] {dag.py:3047} INFO - Sync 1 DAGs
[2024-03-09T13:38:48.162+0000] {logging_mixin.py:188} INFO - [2024-03-09T13:38:48.161+0000] {dag.py:3834} INFO - Setting next_dagrun for example_complex to None, run_after=None
[2024-03-09T13:38:48.195+0000] {processor.py:183} INFO - Processing /home/airflow/.local/lib/python3.8/site-packages/airflow/example_dags/example_complex.py took 0.154 seconds
[2024-03-09T13:39:19.348+0000] {processor.py:161} INFO - Started process (PID=7663) to work on /home/airflow/.local/lib/python3.8/site-packages/airflow/example_dags/example_complex.py
[2024-03-09T13:39:19.351+0000] {processor.py:830} INFO - Processing file /home/airflow/.local/lib/python3.8/site-packages/airflow/example_dags/example_complex.py for tasks to queue
[2024-03-09T13:39:19.353+0000] {logging_mixin.py:188} INFO - [2024-03-09T13:39:19.353+0000] {dagbag.py:540} INFO - Filling up the DagBag from /home/airflow/.local/lib/python3.8/site-packages/airflow/example_dags/example_complex.py
[2024-03-09T13:39:19.375+0000] {processor.py:840} INFO - DAG(s) 'example_complex' retrieved from /home/airflow/.local/lib/python3.8/site-packages/airflow/example_dags/example_complex.py
[2024-03-09T13:39:19.442+0000] {logging_mixin.py:188} INFO - [2024-03-09T13:39:19.442+0000] {dag.py:3047} INFO - Sync 1 DAGs
[2024-03-09T13:39:19.466+0000] {logging_mixin.py:188} INFO - [2024-03-09T13:39:19.465+0000] {dag.py:3834} INFO - Setting next_dagrun for example_complex to None, run_after=None
[2024-03-09T13:39:19.505+0000] {processor.py:183} INFO - Processing /home/airflow/.local/lib/python3.8/site-packages/airflow/example_dags/example_complex.py took 0.163 seconds
[2024-03-09T13:39:49.679+0000] {processor.py:161} INFO - Started process (PID=7909) to work on /home/airflow/.local/lib/python3.8/site-packages/airflow/example_dags/example_complex.py
[2024-03-09T13:39:49.682+0000] {processor.py:830} INFO - Processing file /home/airflow/.local/lib/python3.8/site-packages/airflow/example_dags/example_complex.py for tasks to queue
[2024-03-09T13:39:49.685+0000] {logging_mixin.py:188} INFO - [2024-03-09T13:39:49.684+0000] {dagbag.py:540} INFO - Filling up the DagBag from /home/airflow/.local/lib/python3.8/site-packages/airflow/example_dags/example_complex.py
[2024-03-09T13:39:49.705+0000] {processor.py:840} INFO - DAG(s) 'example_complex' retrieved from /home/airflow/.local/lib/python3.8/site-packages/airflow/example_dags/example_complex.py
[2024-03-09T13:39:49.769+0000] {logging_mixin.py:188} INFO - [2024-03-09T13:39:49.769+0000] {dag.py:3047} INFO - Sync 1 DAGs
[2024-03-09T13:39:49.788+0000] {logging_mixin.py:188} INFO - [2024-03-09T13:39:49.787+0000] {dag.py:3834} INFO - Setting next_dagrun for example_complex to None, run_after=None
[2024-03-09T13:39:49.820+0000] {processor.py:183} INFO - Processing /home/airflow/.local/lib/python3.8/site-packages/airflow/example_dags/example_complex.py took 0.148 seconds
[2024-03-09T13:40:19.938+0000] {processor.py:161} INFO - Started process (PID=8154) to work on /home/airflow/.local/lib/python3.8/site-packages/airflow/example_dags/example_complex.py
[2024-03-09T13:40:19.940+0000] {processor.py:830} INFO - Processing file /home/airflow/.local/lib/python3.8/site-packages/airflow/example_dags/example_complex.py for tasks to queue
[2024-03-09T13:40:19.942+0000] {logging_mixin.py:188} INFO - [2024-03-09T13:40:19.941+0000] {dagbag.py:540} INFO - Filling up the DagBag from /home/airflow/.local/lib/python3.8/site-packages/airflow/example_dags/example_complex.py
[2024-03-09T13:40:19.964+0000] {processor.py:840} INFO - DAG(s) 'example_complex' retrieved from /home/airflow/.local/lib/python3.8/site-packages/airflow/example_dags/example_complex.py
[2024-03-09T13:40:20.025+0000] {logging_mixin.py:188} INFO - [2024-03-09T13:40:20.025+0000] {dag.py:3047} INFO - Sync 1 DAGs
[2024-03-09T13:40:20.051+0000] {logging_mixin.py:188} INFO - [2024-03-09T13:40:20.050+0000] {dag.py:3834} INFO - Setting next_dagrun for example_complex to None, run_after=None
[2024-03-09T13:40:20.091+0000] {processor.py:183} INFO - Processing /home/airflow/.local/lib/python3.8/site-packages/airflow/example_dags/example_complex.py took 0.158 seconds
[2024-03-09T13:40:50.266+0000] {processor.py:161} INFO - Started process (PID=8401) to work on /home/airflow/.local/lib/python3.8/site-packages/airflow/example_dags/example_complex.py
[2024-03-09T13:40:50.268+0000] {processor.py:830} INFO - Processing file /home/airflow/.local/lib/python3.8/site-packages/airflow/example_dags/example_complex.py for tasks to queue
[2024-03-09T13:40:50.270+0000] {logging_mixin.py:188} INFO - [2024-03-09T13:40:50.269+0000] {dagbag.py:540} INFO - Filling up the DagBag from /home/airflow/.local/lib/python3.8/site-packages/airflow/example_dags/example_complex.py
[2024-03-09T13:40:50.287+0000] {processor.py:840} INFO - DAG(s) 'example_complex' retrieved from /home/airflow/.local/lib/python3.8/site-packages/airflow/example_dags/example_complex.py
[2024-03-09T13:40:50.339+0000] {logging_mixin.py:188} INFO - [2024-03-09T13:40:50.339+0000] {dag.py:3047} INFO - Sync 1 DAGs
[2024-03-09T13:40:50.360+0000] {logging_mixin.py:188} INFO - [2024-03-09T13:40:50.360+0000] {dag.py:3834} INFO - Setting next_dagrun for example_complex to None, run_after=None
[2024-03-09T13:40:50.399+0000] {processor.py:183} INFO - Processing /home/airflow/.local/lib/python3.8/site-packages/airflow/example_dags/example_complex.py took 0.138 seconds
[2024-03-09T13:41:20.534+0000] {processor.py:161} INFO - Started process (PID=8648) to work on /home/airflow/.local/lib/python3.8/site-packages/airflow/example_dags/example_complex.py
[2024-03-09T13:41:20.536+0000] {processor.py:830} INFO - Processing file /home/airflow/.local/lib/python3.8/site-packages/airflow/example_dags/example_complex.py for tasks to queue
[2024-03-09T13:41:20.538+0000] {logging_mixin.py:188} INFO - [2024-03-09T13:41:20.537+0000] {dagbag.py:540} INFO - Filling up the DagBag from /home/airflow/.local/lib/python3.8/site-packages/airflow/example_dags/example_complex.py
[2024-03-09T13:41:20.557+0000] {processor.py:840} INFO - DAG(s) 'example_complex' retrieved from /home/airflow/.local/lib/python3.8/site-packages/airflow/example_dags/example_complex.py
[2024-03-09T13:41:20.604+0000] {logging_mixin.py:188} INFO - [2024-03-09T13:41:20.604+0000] {dag.py:3047} INFO - Sync 1 DAGs
[2024-03-09T13:41:20.624+0000] {logging_mixin.py:188} INFO - [2024-03-09T13:41:20.624+0000] {dag.py:3834} INFO - Setting next_dagrun for example_complex to None, run_after=None
[2024-03-09T13:41:20.659+0000] {processor.py:183} INFO - Processing /home/airflow/.local/lib/python3.8/site-packages/airflow/example_dags/example_complex.py took 0.131 seconds
[2024-03-09T13:41:51.432+0000] {processor.py:161} INFO - Started process (PID=8893) to work on /home/airflow/.local/lib/python3.8/site-packages/airflow/example_dags/example_complex.py
[2024-03-09T13:41:51.434+0000] {processor.py:830} INFO - Processing file /home/airflow/.local/lib/python3.8/site-packages/airflow/example_dags/example_complex.py for tasks to queue
[2024-03-09T13:41:51.436+0000] {logging_mixin.py:188} INFO - [2024-03-09T13:41:51.435+0000] {dagbag.py:540} INFO - Filling up the DagBag from /home/airflow/.local/lib/python3.8/site-packages/airflow/example_dags/example_complex.py
[2024-03-09T13:41:51.460+0000] {processor.py:840} INFO - DAG(s) 'example_complex' retrieved from /home/airflow/.local/lib/python3.8/site-packages/airflow/example_dags/example_complex.py
[2024-03-09T13:41:51.519+0000] {logging_mixin.py:188} INFO - [2024-03-09T13:41:51.518+0000] {dag.py:3047} INFO - Sync 1 DAGs
[2024-03-09T13:41:51.543+0000] {logging_mixin.py:188} INFO - [2024-03-09T13:41:51.543+0000] {dag.py:3834} INFO - Setting next_dagrun for example_complex to None, run_after=None
[2024-03-09T13:41:51.579+0000] {processor.py:183} INFO - Processing /home/airflow/.local/lib/python3.8/site-packages/airflow/example_dags/example_complex.py took 0.151 seconds
[2024-03-09T13:42:21.884+0000] {processor.py:161} INFO - Started process (PID=9140) to work on /home/airflow/.local/lib/python3.8/site-packages/airflow/example_dags/example_complex.py
[2024-03-09T13:42:21.886+0000] {processor.py:830} INFO - Processing file /home/airflow/.local/lib/python3.8/site-packages/airflow/example_dags/example_complex.py for tasks to queue
[2024-03-09T13:42:21.887+0000] {logging_mixin.py:188} INFO - [2024-03-09T13:42:21.887+0000] {dagbag.py:540} INFO - Filling up the DagBag from /home/airflow/.local/lib/python3.8/site-packages/airflow/example_dags/example_complex.py
[2024-03-09T13:42:21.905+0000] {processor.py:840} INFO - DAG(s) 'example_complex' retrieved from /home/airflow/.local/lib/python3.8/site-packages/airflow/example_dags/example_complex.py
[2024-03-09T13:42:21.957+0000] {logging_mixin.py:188} INFO - [2024-03-09T13:42:21.957+0000] {dag.py:3047} INFO - Sync 1 DAGs
[2024-03-09T13:42:21.986+0000] {logging_mixin.py:188} INFO - [2024-03-09T13:42:21.985+0000] {dag.py:3834} INFO - Setting next_dagrun for example_complex to None, run_after=None
[2024-03-09T13:42:22.019+0000] {processor.py:183} INFO - Processing /home/airflow/.local/lib/python3.8/site-packages/airflow/example_dags/example_complex.py took 0.138 seconds
[2024-03-09T13:42:52.147+0000] {processor.py:161} INFO - Started process (PID=9384) to work on /home/airflow/.local/lib/python3.8/site-packages/airflow/example_dags/example_complex.py
[2024-03-09T13:42:52.151+0000] {processor.py:830} INFO - Processing file /home/airflow/.local/lib/python3.8/site-packages/airflow/example_dags/example_complex.py for tasks to queue
[2024-03-09T13:42:52.153+0000] {logging_mixin.py:188} INFO - [2024-03-09T13:42:52.152+0000] {dagbag.py:540} INFO - Filling up the DagBag from /home/airflow/.local/lib/python3.8/site-packages/airflow/example_dags/example_complex.py
[2024-03-09T13:42:52.169+0000] {processor.py:840} INFO - DAG(s) 'example_complex' retrieved from /home/airflow/.local/lib/python3.8/site-packages/airflow/example_dags/example_complex.py
[2024-03-09T13:42:52.219+0000] {logging_mixin.py:188} INFO - [2024-03-09T13:42:52.218+0000] {dag.py:3047} INFO - Sync 1 DAGs
[2024-03-09T13:42:52.238+0000] {logging_mixin.py:188} INFO - [2024-03-09T13:42:52.237+0000] {dag.py:3834} INFO - Setting next_dagrun for example_complex to None, run_after=None
[2024-03-09T13:42:52.272+0000] {processor.py:183} INFO - Processing /home/airflow/.local/lib/python3.8/site-packages/airflow/example_dags/example_complex.py took 0.129 seconds
[2024-03-09T13:43:22.407+0000] {processor.py:161} INFO - Started process (PID=9631) to work on /home/airflow/.local/lib/python3.8/site-packages/airflow/example_dags/example_complex.py
[2024-03-09T13:43:22.409+0000] {processor.py:830} INFO - Processing file /home/airflow/.local/lib/python3.8/site-packages/airflow/example_dags/example_complex.py for tasks to queue
[2024-03-09T13:43:22.411+0000] {logging_mixin.py:188} INFO - [2024-03-09T13:43:22.410+0000] {dagbag.py:540} INFO - Filling up the DagBag from /home/airflow/.local/lib/python3.8/site-packages/airflow/example_dags/example_complex.py
[2024-03-09T13:43:22.430+0000] {processor.py:840} INFO - DAG(s) 'example_complex' retrieved from /home/airflow/.local/lib/python3.8/site-packages/airflow/example_dags/example_complex.py
[2024-03-09T13:43:22.483+0000] {logging_mixin.py:188} INFO - [2024-03-09T13:43:22.482+0000] {dag.py:3047} INFO - Sync 1 DAGs
[2024-03-09T13:43:22.501+0000] {logging_mixin.py:188} INFO - [2024-03-09T13:43:22.500+0000] {dag.py:3834} INFO - Setting next_dagrun for example_complex to None, run_after=None
[2024-03-09T13:43:22.530+0000] {processor.py:183} INFO - Processing /home/airflow/.local/lib/python3.8/site-packages/airflow/example_dags/example_complex.py took 0.128 seconds
[2024-03-09T13:43:53.347+0000] {processor.py:161} INFO - Started process (PID=9881) to work on /home/airflow/.local/lib/python3.8/site-packages/airflow/example_dags/example_complex.py
[2024-03-09T13:43:53.349+0000] {processor.py:830} INFO - Processing file /home/airflow/.local/lib/python3.8/site-packages/airflow/example_dags/example_complex.py for tasks to queue
[2024-03-09T13:43:53.351+0000] {logging_mixin.py:188} INFO - [2024-03-09T13:43:53.350+0000] {dagbag.py:540} INFO - Filling up the DagBag from /home/airflow/.local/lib/python3.8/site-packages/airflow/example_dags/example_complex.py
[2024-03-09T13:43:53.368+0000] {processor.py:840} INFO - DAG(s) 'example_complex' retrieved from /home/airflow/.local/lib/python3.8/site-packages/airflow/example_dags/example_complex.py
[2024-03-09T13:43:53.420+0000] {logging_mixin.py:188} INFO - [2024-03-09T13:43:53.420+0000] {dag.py:3047} INFO - Sync 1 DAGs
[2024-03-09T13:43:53.439+0000] {logging_mixin.py:188} INFO - [2024-03-09T13:43:53.438+0000] {dag.py:3834} INFO - Setting next_dagrun for example_complex to None, run_after=None
[2024-03-09T13:43:53.476+0000] {processor.py:183} INFO - Processing /home/airflow/.local/lib/python3.8/site-packages/airflow/example_dags/example_complex.py took 0.135 seconds
