[2024-03-09T11:07:31.919+0000] {processor.py:161} INFO - Started process (PID=304) to work on /home/airflow/.local/lib/python3.8/site-packages/airflow/example_dags/example_sla_dag.py
[2024-03-09T11:07:31.921+0000] {processor.py:830} INFO - Processing file /home/airflow/.local/lib/python3.8/site-packages/airflow/example_dags/example_sla_dag.py for tasks to queue
[2024-03-09T11:07:31.923+0000] {logging_mixin.py:188} INFO - [2024-03-09T11:07:31.923+0000] {dagbag.py:540} INFO - Filling up the DagBag from /home/airflow/.local/lib/python3.8/site-packages/airflow/example_dags/example_sla_dag.py
[2024-03-09T11:07:31.940+0000] {processor.py:840} INFO - DAG(s) 'example_sla_dag' retrieved from /home/airflow/.local/lib/python3.8/site-packages/airflow/example_dags/example_sla_dag.py
[2024-03-09T11:07:32.103+0000] {logging_mixin.py:188} INFO - [2024-03-09T11:07:32.102+0000] {dag.py:3047} INFO - Sync 1 DAGs
[2024-03-09T11:07:32.144+0000] {logging_mixin.py:188} INFO - [2024-03-09T11:07:32.144+0000] {dag.py:3834} INFO - Setting next_dagrun for example_sla_dag to 2024-03-09 11:04:00+00:00, run_after=2024-03-09 11:06:00+00:00
[2024-03-09T11:07:32.178+0000] {processor.py:183} INFO - Processing /home/airflow/.local/lib/python3.8/site-packages/airflow/example_dags/example_sla_dag.py took 0.263 seconds
[2024-03-09T11:08:02.286+0000] {processor.py:161} INFO - Started process (PID=551) to work on /home/airflow/.local/lib/python3.8/site-packages/airflow/example_dags/example_sla_dag.py
[2024-03-09T11:08:02.288+0000] {processor.py:830} INFO - Processing file /home/airflow/.local/lib/python3.8/site-packages/airflow/example_dags/example_sla_dag.py for tasks to queue
[2024-03-09T11:08:02.290+0000] {logging_mixin.py:188} INFO - [2024-03-09T11:08:02.289+0000] {dagbag.py:540} INFO - Filling up the DagBag from /home/airflow/.local/lib/python3.8/site-packages/airflow/example_dags/example_sla_dag.py
[2024-03-09T11:08:02.306+0000] {processor.py:840} INFO - DAG(s) 'example_sla_dag' retrieved from /home/airflow/.local/lib/python3.8/site-packages/airflow/example_dags/example_sla_dag.py
[2024-03-09T11:08:02.336+0000] {logging_mixin.py:188} INFO - [2024-03-09T11:08:02.336+0000] {dag.py:3047} INFO - Sync 1 DAGs
[2024-03-09T11:08:02.374+0000] {logging_mixin.py:188} INFO - [2024-03-09T11:08:02.373+0000] {dag.py:3834} INFO - Setting next_dagrun for example_sla_dag to 2024-03-09 11:06:00+00:00, run_after=2024-03-09 11:08:00+00:00
[2024-03-09T11:08:02.413+0000] {processor.py:183} INFO - Processing /home/airflow/.local/lib/python3.8/site-packages/airflow/example_dags/example_sla_dag.py took 0.133 seconds
[2024-03-09T11:08:32.758+0000] {processor.py:161} INFO - Started process (PID=796) to work on /home/airflow/.local/lib/python3.8/site-packages/airflow/example_dags/example_sla_dag.py
[2024-03-09T11:08:32.760+0000] {processor.py:830} INFO - Processing file /home/airflow/.local/lib/python3.8/site-packages/airflow/example_dags/example_sla_dag.py for tasks to queue
[2024-03-09T11:08:32.762+0000] {logging_mixin.py:188} INFO - [2024-03-09T11:08:32.762+0000] {dagbag.py:540} INFO - Filling up the DagBag from /home/airflow/.local/lib/python3.8/site-packages/airflow/example_dags/example_sla_dag.py
[2024-03-09T11:08:32.775+0000] {processor.py:840} INFO - DAG(s) 'example_sla_dag' retrieved from /home/airflow/.local/lib/python3.8/site-packages/airflow/example_dags/example_sla_dag.py
[2024-03-09T11:08:32.804+0000] {logging_mixin.py:188} INFO - [2024-03-09T11:08:32.804+0000] {dag.py:3047} INFO - Sync 1 DAGs
[2024-03-09T11:08:32.844+0000] {logging_mixin.py:188} INFO - [2024-03-09T11:08:32.844+0000] {dag.py:3834} INFO - Setting next_dagrun for example_sla_dag to 2024-03-09 11:06:00+00:00, run_after=2024-03-09 11:08:00+00:00
[2024-03-09T11:08:32.875+0000] {processor.py:183} INFO - Processing /home/airflow/.local/lib/python3.8/site-packages/airflow/example_dags/example_sla_dag.py took 0.123 seconds
[2024-03-09T11:09:03.739+0000] {processor.py:161} INFO - Started process (PID=1043) to work on /home/airflow/.local/lib/python3.8/site-packages/airflow/example_dags/example_sla_dag.py
[2024-03-09T11:09:03.745+0000] {processor.py:830} INFO - Processing file /home/airflow/.local/lib/python3.8/site-packages/airflow/example_dags/example_sla_dag.py for tasks to queue
[2024-03-09T11:09:03.747+0000] {logging_mixin.py:188} INFO - [2024-03-09T11:09:03.746+0000] {dagbag.py:540} INFO - Filling up the DagBag from /home/airflow/.local/lib/python3.8/site-packages/airflow/example_dags/example_sla_dag.py
[2024-03-09T11:09:03.767+0000] {processor.py:840} INFO - DAG(s) 'example_sla_dag' retrieved from /home/airflow/.local/lib/python3.8/site-packages/airflow/example_dags/example_sla_dag.py
[2024-03-09T11:09:03.809+0000] {logging_mixin.py:188} INFO - [2024-03-09T11:09:03.809+0000] {dag.py:3047} INFO - Sync 1 DAGs
[2024-03-09T11:09:03.863+0000] {logging_mixin.py:188} INFO - [2024-03-09T11:09:03.863+0000] {dag.py:3834} INFO - Setting next_dagrun for example_sla_dag to 2024-03-09 11:06:00+00:00, run_after=2024-03-09 11:08:00+00:00
[2024-03-09T11:09:03.902+0000] {processor.py:183} INFO - Processing /home/airflow/.local/lib/python3.8/site-packages/airflow/example_dags/example_sla_dag.py took 0.170 seconds
[2024-03-09T11:09:34.195+0000] {processor.py:161} INFO - Started process (PID=1293) to work on /home/airflow/.local/lib/python3.8/site-packages/airflow/example_dags/example_sla_dag.py
[2024-03-09T11:09:34.197+0000] {processor.py:830} INFO - Processing file /home/airflow/.local/lib/python3.8/site-packages/airflow/example_dags/example_sla_dag.py for tasks to queue
[2024-03-09T11:09:34.198+0000] {logging_mixin.py:188} INFO - [2024-03-09T11:09:34.198+0000] {dagbag.py:540} INFO - Filling up the DagBag from /home/airflow/.local/lib/python3.8/site-packages/airflow/example_dags/example_sla_dag.py
[2024-03-09T11:09:34.210+0000] {processor.py:840} INFO - DAG(s) 'example_sla_dag' retrieved from /home/airflow/.local/lib/python3.8/site-packages/airflow/example_dags/example_sla_dag.py
[2024-03-09T11:09:34.248+0000] {logging_mixin.py:188} INFO - [2024-03-09T11:09:34.247+0000] {dag.py:3047} INFO - Sync 1 DAGs
[2024-03-09T11:09:34.298+0000] {logging_mixin.py:188} INFO - [2024-03-09T11:09:34.298+0000] {dag.py:3834} INFO - Setting next_dagrun for example_sla_dag to 2024-03-09 11:06:00+00:00, run_after=2024-03-09 11:08:00+00:00
[2024-03-09T11:09:34.327+0000] {processor.py:183} INFO - Processing /home/airflow/.local/lib/python3.8/site-packages/airflow/example_dags/example_sla_dag.py took 0.137 seconds
[2024-03-09T11:10:04.403+0000] {processor.py:161} INFO - Started process (PID=1540) to work on /home/airflow/.local/lib/python3.8/site-packages/airflow/example_dags/example_sla_dag.py
[2024-03-09T11:10:04.405+0000] {processor.py:830} INFO - Processing file /home/airflow/.local/lib/python3.8/site-packages/airflow/example_dags/example_sla_dag.py for tasks to queue
[2024-03-09T11:10:04.407+0000] {logging_mixin.py:188} INFO - [2024-03-09T11:10:04.407+0000] {dagbag.py:540} INFO - Filling up the DagBag from /home/airflow/.local/lib/python3.8/site-packages/airflow/example_dags/example_sla_dag.py
[2024-03-09T11:10:04.424+0000] {processor.py:840} INFO - DAG(s) 'example_sla_dag' retrieved from /home/airflow/.local/lib/python3.8/site-packages/airflow/example_dags/example_sla_dag.py
[2024-03-09T11:10:04.457+0000] {logging_mixin.py:188} INFO - [2024-03-09T11:10:04.457+0000] {dag.py:3047} INFO - Sync 1 DAGs
[2024-03-09T11:10:04.498+0000] {logging_mixin.py:188} INFO - [2024-03-09T11:10:04.498+0000] {dag.py:3834} INFO - Setting next_dagrun for example_sla_dag to 2024-03-09 11:08:00+00:00, run_after=2024-03-09 11:10:00+00:00
[2024-03-09T11:10:04.533+0000] {processor.py:183} INFO - Processing /home/airflow/.local/lib/python3.8/site-packages/airflow/example_dags/example_sla_dag.py took 0.135 seconds
[2024-03-09T11:10:35.337+0000] {processor.py:161} INFO - Started process (PID=1791) to work on /home/airflow/.local/lib/python3.8/site-packages/airflow/example_dags/example_sla_dag.py
[2024-03-09T11:10:35.339+0000] {processor.py:830} INFO - Processing file /home/airflow/.local/lib/python3.8/site-packages/airflow/example_dags/example_sla_dag.py for tasks to queue
[2024-03-09T11:10:35.341+0000] {logging_mixin.py:188} INFO - [2024-03-09T11:10:35.341+0000] {dagbag.py:540} INFO - Filling up the DagBag from /home/airflow/.local/lib/python3.8/site-packages/airflow/example_dags/example_sla_dag.py
[2024-03-09T11:10:35.355+0000] {processor.py:840} INFO - DAG(s) 'example_sla_dag' retrieved from /home/airflow/.local/lib/python3.8/site-packages/airflow/example_dags/example_sla_dag.py
[2024-03-09T11:10:35.386+0000] {logging_mixin.py:188} INFO - [2024-03-09T11:10:35.385+0000] {dag.py:3047} INFO - Sync 1 DAGs
[2024-03-09T11:10:35.430+0000] {logging_mixin.py:188} INFO - [2024-03-09T11:10:35.430+0000] {dag.py:3834} INFO - Setting next_dagrun for example_sla_dag to 2024-03-09 11:08:00+00:00, run_after=2024-03-09 11:10:00+00:00
[2024-03-09T11:10:35.462+0000] {processor.py:183} INFO - Processing /home/airflow/.local/lib/python3.8/site-packages/airflow/example_dags/example_sla_dag.py took 0.129 seconds
[2024-03-09T11:11:06.512+0000] {processor.py:161} INFO - Started process (PID=2038) to work on /home/airflow/.local/lib/python3.8/site-packages/airflow/example_dags/example_sla_dag.py
[2024-03-09T11:11:06.514+0000] {processor.py:830} INFO - Processing file /home/airflow/.local/lib/python3.8/site-packages/airflow/example_dags/example_sla_dag.py for tasks to queue
[2024-03-09T11:11:06.516+0000] {logging_mixin.py:188} INFO - [2024-03-09T11:11:06.515+0000] {dagbag.py:540} INFO - Filling up the DagBag from /home/airflow/.local/lib/python3.8/site-packages/airflow/example_dags/example_sla_dag.py
[2024-03-09T11:11:06.539+0000] {processor.py:840} INFO - DAG(s) 'example_sla_dag' retrieved from /home/airflow/.local/lib/python3.8/site-packages/airflow/example_dags/example_sla_dag.py
[2024-03-09T11:11:06.572+0000] {logging_mixin.py:188} INFO - [2024-03-09T11:11:06.572+0000] {dag.py:3047} INFO - Sync 1 DAGs
[2024-03-09T11:11:06.613+0000] {logging_mixin.py:188} INFO - [2024-03-09T11:11:06.613+0000] {dag.py:3834} INFO - Setting next_dagrun for example_sla_dag to 2024-03-09 11:08:00+00:00, run_after=2024-03-09 11:10:00+00:00
[2024-03-09T11:11:06.646+0000] {processor.py:183} INFO - Processing /home/airflow/.local/lib/python3.8/site-packages/airflow/example_dags/example_sla_dag.py took 0.139 seconds
[2024-03-09T11:11:37.099+0000] {processor.py:161} INFO - Started process (PID=2285) to work on /home/airflow/.local/lib/python3.8/site-packages/airflow/example_dags/example_sla_dag.py
[2024-03-09T11:11:37.101+0000] {processor.py:830} INFO - Processing file /home/airflow/.local/lib/python3.8/site-packages/airflow/example_dags/example_sla_dag.py for tasks to queue
[2024-03-09T11:11:37.103+0000] {logging_mixin.py:188} INFO - [2024-03-09T11:11:37.103+0000] {dagbag.py:540} INFO - Filling up the DagBag from /home/airflow/.local/lib/python3.8/site-packages/airflow/example_dags/example_sla_dag.py
[2024-03-09T11:11:37.117+0000] {processor.py:840} INFO - DAG(s) 'example_sla_dag' retrieved from /home/airflow/.local/lib/python3.8/site-packages/airflow/example_dags/example_sla_dag.py
[2024-03-09T11:11:37.159+0000] {logging_mixin.py:188} INFO - [2024-03-09T11:11:37.158+0000] {dag.py:3047} INFO - Sync 1 DAGs
[2024-03-09T11:11:37.204+0000] {logging_mixin.py:188} INFO - [2024-03-09T11:11:37.204+0000] {dag.py:3834} INFO - Setting next_dagrun for example_sla_dag to 2024-03-09 11:08:00+00:00, run_after=2024-03-09 11:10:00+00:00
[2024-03-09T11:11:37.234+0000] {processor.py:183} INFO - Processing /home/airflow/.local/lib/python3.8/site-packages/airflow/example_dags/example_sla_dag.py took 0.140 seconds
[2024-03-09T11:12:07.570+0000] {processor.py:161} INFO - Started process (PID=2532) to work on /home/airflow/.local/lib/python3.8/site-packages/airflow/example_dags/example_sla_dag.py
[2024-03-09T11:12:07.572+0000] {processor.py:830} INFO - Processing file /home/airflow/.local/lib/python3.8/site-packages/airflow/example_dags/example_sla_dag.py for tasks to queue
[2024-03-09T11:12:07.574+0000] {logging_mixin.py:188} INFO - [2024-03-09T11:12:07.573+0000] {dagbag.py:540} INFO - Filling up the DagBag from /home/airflow/.local/lib/python3.8/site-packages/airflow/example_dags/example_sla_dag.py
[2024-03-09T11:12:07.590+0000] {processor.py:840} INFO - DAG(s) 'example_sla_dag' retrieved from /home/airflow/.local/lib/python3.8/site-packages/airflow/example_dags/example_sla_dag.py
[2024-03-09T11:12:07.638+0000] {logging_mixin.py:188} INFO - [2024-03-09T11:12:07.637+0000] {dag.py:3047} INFO - Sync 1 DAGs
[2024-03-09T11:12:07.709+0000] {logging_mixin.py:188} INFO - [2024-03-09T11:12:07.709+0000] {dag.py:3834} INFO - Setting next_dagrun for example_sla_dag to 2024-03-09 11:10:00+00:00, run_after=2024-03-09 11:12:00+00:00
[2024-03-09T11:12:07.757+0000] {processor.py:183} INFO - Processing /home/airflow/.local/lib/python3.8/site-packages/airflow/example_dags/example_sla_dag.py took 0.193 seconds
[2024-03-09T11:12:37.837+0000] {processor.py:161} INFO - Started process (PID=2779) to work on /home/airflow/.local/lib/python3.8/site-packages/airflow/example_dags/example_sla_dag.py
[2024-03-09T11:12:37.839+0000] {processor.py:830} INFO - Processing file /home/airflow/.local/lib/python3.8/site-packages/airflow/example_dags/example_sla_dag.py for tasks to queue
[2024-03-09T11:12:37.840+0000] {logging_mixin.py:188} INFO - [2024-03-09T11:12:37.840+0000] {dagbag.py:540} INFO - Filling up the DagBag from /home/airflow/.local/lib/python3.8/site-packages/airflow/example_dags/example_sla_dag.py
[2024-03-09T11:12:37.854+0000] {processor.py:840} INFO - DAG(s) 'example_sla_dag' retrieved from /home/airflow/.local/lib/python3.8/site-packages/airflow/example_dags/example_sla_dag.py
[2024-03-09T11:12:37.887+0000] {logging_mixin.py:188} INFO - [2024-03-09T11:12:37.887+0000] {dag.py:3047} INFO - Sync 1 DAGs
[2024-03-09T11:12:37.925+0000] {logging_mixin.py:188} INFO - [2024-03-09T11:12:37.924+0000] {dag.py:3834} INFO - Setting next_dagrun for example_sla_dag to 2024-03-09 11:10:00+00:00, run_after=2024-03-09 11:12:00+00:00
[2024-03-09T11:12:37.964+0000] {processor.py:183} INFO - Processing /home/airflow/.local/lib/python3.8/site-packages/airflow/example_dags/example_sla_dag.py took 0.132 seconds
[2024-03-09T11:13:08.507+0000] {processor.py:161} INFO - Started process (PID=3026) to work on /home/airflow/.local/lib/python3.8/site-packages/airflow/example_dags/example_sla_dag.py
[2024-03-09T11:13:08.509+0000] {processor.py:830} INFO - Processing file /home/airflow/.local/lib/python3.8/site-packages/airflow/example_dags/example_sla_dag.py for tasks to queue
[2024-03-09T11:13:08.511+0000] {logging_mixin.py:188} INFO - [2024-03-09T11:13:08.511+0000] {dagbag.py:540} INFO - Filling up the DagBag from /home/airflow/.local/lib/python3.8/site-packages/airflow/example_dags/example_sla_dag.py
[2024-03-09T11:13:08.523+0000] {processor.py:840} INFO - DAG(s) 'example_sla_dag' retrieved from /home/airflow/.local/lib/python3.8/site-packages/airflow/example_dags/example_sla_dag.py
[2024-03-09T11:13:08.556+0000] {logging_mixin.py:188} INFO - [2024-03-09T11:13:08.555+0000] {dag.py:3047} INFO - Sync 1 DAGs
[2024-03-09T11:13:08.596+0000] {logging_mixin.py:188} INFO - [2024-03-09T11:13:08.596+0000] {dag.py:3834} INFO - Setting next_dagrun for example_sla_dag to 2024-03-09 11:10:00+00:00, run_after=2024-03-09 11:12:00+00:00
[2024-03-09T11:13:08.628+0000] {processor.py:183} INFO - Processing /home/airflow/.local/lib/python3.8/site-packages/airflow/example_dags/example_sla_dag.py took 0.125 seconds
[2024-03-09T11:13:45.782+0000] {processor.py:161} INFO - Started process (PID=3293) to work on /home/airflow/.local/lib/python3.8/site-packages/airflow/example_dags/example_sla_dag.py
[2024-03-09T11:13:45.784+0000] {processor.py:830} INFO - Processing file /home/airflow/.local/lib/python3.8/site-packages/airflow/example_dags/example_sla_dag.py for tasks to queue
[2024-03-09T11:13:45.786+0000] {logging_mixin.py:188} INFO - [2024-03-09T11:13:45.786+0000] {dagbag.py:540} INFO - Filling up the DagBag from /home/airflow/.local/lib/python3.8/site-packages/airflow/example_dags/example_sla_dag.py
[2024-03-09T11:13:45.804+0000] {processor.py:840} INFO - DAG(s) 'example_sla_dag' retrieved from /home/airflow/.local/lib/python3.8/site-packages/airflow/example_dags/example_sla_dag.py
[2024-03-09T11:13:45.839+0000] {logging_mixin.py:188} INFO - [2024-03-09T11:13:45.839+0000] {dag.py:3047} INFO - Sync 1 DAGs
[2024-03-09T11:13:45.898+0000] {logging_mixin.py:188} INFO - [2024-03-09T11:13:45.898+0000] {dag.py:3834} INFO - Setting next_dagrun for example_sla_dag to 2024-03-09 11:10:00+00:00, run_after=2024-03-09 11:12:00+00:00
[2024-03-09T11:13:45.934+0000] {processor.py:183} INFO - Processing /home/airflow/.local/lib/python3.8/site-packages/airflow/example_dags/example_sla_dag.py took 0.158 seconds
[2024-03-09T11:14:16.240+0000] {processor.py:161} INFO - Started process (PID=3546) to work on /home/airflow/.local/lib/python3.8/site-packages/airflow/example_dags/example_sla_dag.py
[2024-03-09T11:14:16.242+0000] {processor.py:830} INFO - Processing file /home/airflow/.local/lib/python3.8/site-packages/airflow/example_dags/example_sla_dag.py for tasks to queue
[2024-03-09T11:14:16.245+0000] {logging_mixin.py:188} INFO - [2024-03-09T11:14:16.244+0000] {dagbag.py:540} INFO - Filling up the DagBag from /home/airflow/.local/lib/python3.8/site-packages/airflow/example_dags/example_sla_dag.py
[2024-03-09T11:14:16.259+0000] {processor.py:840} INFO - DAG(s) 'example_sla_dag' retrieved from /home/airflow/.local/lib/python3.8/site-packages/airflow/example_dags/example_sla_dag.py
[2024-03-09T11:14:16.294+0000] {logging_mixin.py:188} INFO - [2024-03-09T11:14:16.294+0000] {dag.py:3047} INFO - Sync 1 DAGs
[2024-03-09T11:14:16.337+0000] {logging_mixin.py:188} INFO - [2024-03-09T11:14:16.337+0000] {dag.py:3834} INFO - Setting next_dagrun for example_sla_dag to 2024-03-09 11:12:00+00:00, run_after=2024-03-09 11:14:00+00:00
[2024-03-09T11:14:16.371+0000] {processor.py:183} INFO - Processing /home/airflow/.local/lib/python3.8/site-packages/airflow/example_dags/example_sla_dag.py took 0.136 seconds
[2024-03-09T11:14:46.598+0000] {processor.py:161} INFO - Started process (PID=3793) to work on /home/airflow/.local/lib/python3.8/site-packages/airflow/example_dags/example_sla_dag.py
[2024-03-09T11:14:46.600+0000] {processor.py:830} INFO - Processing file /home/airflow/.local/lib/python3.8/site-packages/airflow/example_dags/example_sla_dag.py for tasks to queue
[2024-03-09T11:14:46.602+0000] {logging_mixin.py:188} INFO - [2024-03-09T11:14:46.601+0000] {dagbag.py:540} INFO - Filling up the DagBag from /home/airflow/.local/lib/python3.8/site-packages/airflow/example_dags/example_sla_dag.py
[2024-03-09T11:14:46.616+0000] {processor.py:840} INFO - DAG(s) 'example_sla_dag' retrieved from /home/airflow/.local/lib/python3.8/site-packages/airflow/example_dags/example_sla_dag.py
[2024-03-09T11:14:46.648+0000] {logging_mixin.py:188} INFO - [2024-03-09T11:14:46.648+0000] {dag.py:3047} INFO - Sync 1 DAGs
[2024-03-09T11:14:46.689+0000] {logging_mixin.py:188} INFO - [2024-03-09T11:14:46.689+0000] {dag.py:3834} INFO - Setting next_dagrun for example_sla_dag to 2024-03-09 11:12:00+00:00, run_after=2024-03-09 11:14:00+00:00
[2024-03-09T11:14:46.729+0000] {processor.py:183} INFO - Processing /home/airflow/.local/lib/python3.8/site-packages/airflow/example_dags/example_sla_dag.py took 0.136 seconds
[2024-03-09T11:15:17.036+0000] {processor.py:161} INFO - Started process (PID=4040) to work on /home/airflow/.local/lib/python3.8/site-packages/airflow/example_dags/example_sla_dag.py
[2024-03-09T11:15:17.041+0000] {processor.py:830} INFO - Processing file /home/airflow/.local/lib/python3.8/site-packages/airflow/example_dags/example_sla_dag.py for tasks to queue
[2024-03-09T11:15:17.045+0000] {logging_mixin.py:188} INFO - [2024-03-09T11:15:17.044+0000] {dagbag.py:540} INFO - Filling up the DagBag from /home/airflow/.local/lib/python3.8/site-packages/airflow/example_dags/example_sla_dag.py
[2024-03-09T11:15:17.074+0000] {processor.py:840} INFO - DAG(s) 'example_sla_dag' retrieved from /home/airflow/.local/lib/python3.8/site-packages/airflow/example_dags/example_sla_dag.py
[2024-03-09T11:15:17.135+0000] {logging_mixin.py:188} INFO - [2024-03-09T11:15:17.135+0000] {dag.py:3047} INFO - Sync 1 DAGs
[2024-03-09T11:15:17.195+0000] {logging_mixin.py:188} INFO - [2024-03-09T11:15:17.194+0000] {dag.py:3834} INFO - Setting next_dagrun for example_sla_dag to 2024-03-09 11:12:00+00:00, run_after=2024-03-09 11:14:00+00:00
[2024-03-09T11:15:17.234+0000] {processor.py:183} INFO - Processing /home/airflow/.local/lib/python3.8/site-packages/airflow/example_dags/example_sla_dag.py took 0.208 seconds
[2024-03-09T11:15:47.602+0000] {processor.py:161} INFO - Started process (PID=4285) to work on /home/airflow/.local/lib/python3.8/site-packages/airflow/example_dags/example_sla_dag.py
[2024-03-09T11:15:47.604+0000] {processor.py:830} INFO - Processing file /home/airflow/.local/lib/python3.8/site-packages/airflow/example_dags/example_sla_dag.py for tasks to queue
[2024-03-09T11:15:47.606+0000] {logging_mixin.py:188} INFO - [2024-03-09T11:15:47.605+0000] {dagbag.py:540} INFO - Filling up the DagBag from /home/airflow/.local/lib/python3.8/site-packages/airflow/example_dags/example_sla_dag.py
[2024-03-09T11:15:47.619+0000] {processor.py:840} INFO - DAG(s) 'example_sla_dag' retrieved from /home/airflow/.local/lib/python3.8/site-packages/airflow/example_dags/example_sla_dag.py
[2024-03-09T11:15:47.659+0000] {logging_mixin.py:188} INFO - [2024-03-09T11:15:47.658+0000] {dag.py:3047} INFO - Sync 1 DAGs
[2024-03-09T11:15:47.706+0000] {logging_mixin.py:188} INFO - [2024-03-09T11:15:47.705+0000] {dag.py:3834} INFO - Setting next_dagrun for example_sla_dag to 2024-03-09 11:12:00+00:00, run_after=2024-03-09 11:14:00+00:00
[2024-03-09T11:15:47.748+0000] {processor.py:183} INFO - Processing /home/airflow/.local/lib/python3.8/site-packages/airflow/example_dags/example_sla_dag.py took 0.151 seconds
[2024-03-09T11:16:17.962+0000] {processor.py:161} INFO - Started process (PID=4532) to work on /home/airflow/.local/lib/python3.8/site-packages/airflow/example_dags/example_sla_dag.py
[2024-03-09T11:16:17.964+0000] {processor.py:830} INFO - Processing file /home/airflow/.local/lib/python3.8/site-packages/airflow/example_dags/example_sla_dag.py for tasks to queue
[2024-03-09T11:16:17.965+0000] {logging_mixin.py:188} INFO - [2024-03-09T11:16:17.965+0000] {dagbag.py:540} INFO - Filling up the DagBag from /home/airflow/.local/lib/python3.8/site-packages/airflow/example_dags/example_sla_dag.py
[2024-03-09T11:16:17.982+0000] {processor.py:840} INFO - DAG(s) 'example_sla_dag' retrieved from /home/airflow/.local/lib/python3.8/site-packages/airflow/example_dags/example_sla_dag.py
[2024-03-09T11:16:18.013+0000] {logging_mixin.py:188} INFO - [2024-03-09T11:16:18.012+0000] {dag.py:3047} INFO - Sync 1 DAGs
[2024-03-09T11:16:18.056+0000] {logging_mixin.py:188} INFO - [2024-03-09T11:16:18.055+0000] {dag.py:3834} INFO - Setting next_dagrun for example_sla_dag to 2024-03-09 11:14:00+00:00, run_after=2024-03-09 11:16:00+00:00
[2024-03-09T11:16:18.087+0000] {processor.py:183} INFO - Processing /home/airflow/.local/lib/python3.8/site-packages/airflow/example_dags/example_sla_dag.py took 0.130 seconds
[2024-03-09T11:16:49.163+0000] {processor.py:161} INFO - Started process (PID=4779) to work on /home/airflow/.local/lib/python3.8/site-packages/airflow/example_dags/example_sla_dag.py
[2024-03-09T11:16:49.165+0000] {processor.py:830} INFO - Processing file /home/airflow/.local/lib/python3.8/site-packages/airflow/example_dags/example_sla_dag.py for tasks to queue
[2024-03-09T11:16:49.168+0000] {logging_mixin.py:188} INFO - [2024-03-09T11:16:49.167+0000] {dagbag.py:540} INFO - Filling up the DagBag from /home/airflow/.local/lib/python3.8/site-packages/airflow/example_dags/example_sla_dag.py
[2024-03-09T11:16:49.182+0000] {processor.py:840} INFO - DAG(s) 'example_sla_dag' retrieved from /home/airflow/.local/lib/python3.8/site-packages/airflow/example_dags/example_sla_dag.py
[2024-03-09T11:16:49.217+0000] {logging_mixin.py:188} INFO - [2024-03-09T11:16:49.217+0000] {dag.py:3047} INFO - Sync 1 DAGs
[2024-03-09T11:16:49.257+0000] {logging_mixin.py:188} INFO - [2024-03-09T11:16:49.256+0000] {dag.py:3834} INFO - Setting next_dagrun for example_sla_dag to 2024-03-09 11:14:00+00:00, run_after=2024-03-09 11:16:00+00:00
[2024-03-09T11:16:49.289+0000] {processor.py:183} INFO - Processing /home/airflow/.local/lib/python3.8/site-packages/airflow/example_dags/example_sla_dag.py took 0.132 seconds
[2024-03-09T11:17:19.796+0000] {processor.py:161} INFO - Started process (PID=5026) to work on /home/airflow/.local/lib/python3.8/site-packages/airflow/example_dags/example_sla_dag.py
[2024-03-09T11:17:19.798+0000] {processor.py:830} INFO - Processing file /home/airflow/.local/lib/python3.8/site-packages/airflow/example_dags/example_sla_dag.py for tasks to queue
[2024-03-09T11:17:19.800+0000] {logging_mixin.py:188} INFO - [2024-03-09T11:17:19.799+0000] {dagbag.py:540} INFO - Filling up the DagBag from /home/airflow/.local/lib/python3.8/site-packages/airflow/example_dags/example_sla_dag.py
[2024-03-09T11:17:19.816+0000] {processor.py:840} INFO - DAG(s) 'example_sla_dag' retrieved from /home/airflow/.local/lib/python3.8/site-packages/airflow/example_dags/example_sla_dag.py
[2024-03-09T11:17:19.847+0000] {logging_mixin.py:188} INFO - [2024-03-09T11:17:19.847+0000] {dag.py:3047} INFO - Sync 1 DAGs
[2024-03-09T11:17:19.889+0000] {logging_mixin.py:188} INFO - [2024-03-09T11:17:19.888+0000] {dag.py:3834} INFO - Setting next_dagrun for example_sla_dag to 2024-03-09 11:14:00+00:00, run_after=2024-03-09 11:16:00+00:00
[2024-03-09T11:17:19.918+0000] {processor.py:183} INFO - Processing /home/airflow/.local/lib/python3.8/site-packages/airflow/example_dags/example_sla_dag.py took 0.128 seconds
[2024-03-09T11:17:50.271+0000] {processor.py:161} INFO - Started process (PID=5273) to work on /home/airflow/.local/lib/python3.8/site-packages/airflow/example_dags/example_sla_dag.py
[2024-03-09T11:17:50.273+0000] {processor.py:830} INFO - Processing file /home/airflow/.local/lib/python3.8/site-packages/airflow/example_dags/example_sla_dag.py for tasks to queue
[2024-03-09T11:17:50.274+0000] {logging_mixin.py:188} INFO - [2024-03-09T11:17:50.274+0000] {dagbag.py:540} INFO - Filling up the DagBag from /home/airflow/.local/lib/python3.8/site-packages/airflow/example_dags/example_sla_dag.py
[2024-03-09T11:17:50.291+0000] {processor.py:840} INFO - DAG(s) 'example_sla_dag' retrieved from /home/airflow/.local/lib/python3.8/site-packages/airflow/example_dags/example_sla_dag.py
[2024-03-09T11:17:50.322+0000] {logging_mixin.py:188} INFO - [2024-03-09T11:17:50.321+0000] {dag.py:3047} INFO - Sync 1 DAGs
[2024-03-09T11:17:50.358+0000] {logging_mixin.py:188} INFO - [2024-03-09T11:17:50.358+0000] {dag.py:3834} INFO - Setting next_dagrun for example_sla_dag to 2024-03-09 11:14:00+00:00, run_after=2024-03-09 11:16:00+00:00
[2024-03-09T11:17:50.389+0000] {processor.py:183} INFO - Processing /home/airflow/.local/lib/python3.8/site-packages/airflow/example_dags/example_sla_dag.py took 0.123 seconds
[2024-03-09T11:18:20.611+0000] {processor.py:161} INFO - Started process (PID=5520) to work on /home/airflow/.local/lib/python3.8/site-packages/airflow/example_dags/example_sla_dag.py
[2024-03-09T11:18:20.613+0000] {processor.py:830} INFO - Processing file /home/airflow/.local/lib/python3.8/site-packages/airflow/example_dags/example_sla_dag.py for tasks to queue
[2024-03-09T11:18:20.615+0000] {logging_mixin.py:188} INFO - [2024-03-09T11:18:20.614+0000] {dagbag.py:540} INFO - Filling up the DagBag from /home/airflow/.local/lib/python3.8/site-packages/airflow/example_dags/example_sla_dag.py
[2024-03-09T11:18:20.631+0000] {processor.py:840} INFO - DAG(s) 'example_sla_dag' retrieved from /home/airflow/.local/lib/python3.8/site-packages/airflow/example_dags/example_sla_dag.py
[2024-03-09T11:18:20.669+0000] {logging_mixin.py:188} INFO - [2024-03-09T11:18:20.668+0000] {dag.py:3047} INFO - Sync 1 DAGs
[2024-03-09T11:18:20.715+0000] {logging_mixin.py:188} INFO - [2024-03-09T11:18:20.714+0000] {dag.py:3834} INFO - Setting next_dagrun for example_sla_dag to 2024-03-09 11:16:00+00:00, run_after=2024-03-09 11:18:00+00:00
[2024-03-09T11:18:20.745+0000] {processor.py:183} INFO - Processing /home/airflow/.local/lib/python3.8/site-packages/airflow/example_dags/example_sla_dag.py took 0.141 seconds
[2024-03-09T11:18:51.154+0000] {processor.py:161} INFO - Started process (PID=5769) to work on /home/airflow/.local/lib/python3.8/site-packages/airflow/example_dags/example_sla_dag.py
[2024-03-09T11:18:51.156+0000] {processor.py:830} INFO - Processing file /home/airflow/.local/lib/python3.8/site-packages/airflow/example_dags/example_sla_dag.py for tasks to queue
[2024-03-09T11:18:51.157+0000] {logging_mixin.py:188} INFO - [2024-03-09T11:18:51.157+0000] {dagbag.py:540} INFO - Filling up the DagBag from /home/airflow/.local/lib/python3.8/site-packages/airflow/example_dags/example_sla_dag.py
[2024-03-09T11:18:51.174+0000] {processor.py:840} INFO - DAG(s) 'example_sla_dag' retrieved from /home/airflow/.local/lib/python3.8/site-packages/airflow/example_dags/example_sla_dag.py
[2024-03-09T11:18:51.210+0000] {logging_mixin.py:188} INFO - [2024-03-09T11:18:51.209+0000] {dag.py:3047} INFO - Sync 1 DAGs
[2024-03-09T11:18:51.247+0000] {logging_mixin.py:188} INFO - [2024-03-09T11:18:51.246+0000] {dag.py:3834} INFO - Setting next_dagrun for example_sla_dag to 2024-03-09 11:16:00+00:00, run_after=2024-03-09 11:18:00+00:00
[2024-03-09T11:18:51.278+0000] {processor.py:183} INFO - Processing /home/airflow/.local/lib/python3.8/site-packages/airflow/example_dags/example_sla_dag.py took 0.130 seconds
[2024-03-09T11:19:21.371+0000] {processor.py:161} INFO - Started process (PID=6014) to work on /home/airflow/.local/lib/python3.8/site-packages/airflow/example_dags/example_sla_dag.py
[2024-03-09T11:19:21.373+0000] {processor.py:830} INFO - Processing file /home/airflow/.local/lib/python3.8/site-packages/airflow/example_dags/example_sla_dag.py for tasks to queue
[2024-03-09T11:19:21.375+0000] {logging_mixin.py:188} INFO - [2024-03-09T11:19:21.374+0000] {dagbag.py:540} INFO - Filling up the DagBag from /home/airflow/.local/lib/python3.8/site-packages/airflow/example_dags/example_sla_dag.py
[2024-03-09T11:19:21.388+0000] {processor.py:840} INFO - DAG(s) 'example_sla_dag' retrieved from /home/airflow/.local/lib/python3.8/site-packages/airflow/example_dags/example_sla_dag.py
[2024-03-09T11:19:21.422+0000] {logging_mixin.py:188} INFO - [2024-03-09T11:19:21.422+0000] {dag.py:3047} INFO - Sync 1 DAGs
[2024-03-09T11:19:21.457+0000] {logging_mixin.py:188} INFO - [2024-03-09T11:19:21.457+0000] {dag.py:3834} INFO - Setting next_dagrun for example_sla_dag to 2024-03-09 11:16:00+00:00, run_after=2024-03-09 11:18:00+00:00
[2024-03-09T11:19:21.493+0000] {processor.py:183} INFO - Processing /home/airflow/.local/lib/python3.8/site-packages/airflow/example_dags/example_sla_dag.py took 0.128 seconds
[2024-03-09T11:19:52.188+0000] {processor.py:161} INFO - Started process (PID=6261) to work on /home/airflow/.local/lib/python3.8/site-packages/airflow/example_dags/example_sla_dag.py
[2024-03-09T11:19:52.190+0000] {processor.py:830} INFO - Processing file /home/airflow/.local/lib/python3.8/site-packages/airflow/example_dags/example_sla_dag.py for tasks to queue
[2024-03-09T11:19:52.191+0000] {logging_mixin.py:188} INFO - [2024-03-09T11:19:52.191+0000] {dagbag.py:540} INFO - Filling up the DagBag from /home/airflow/.local/lib/python3.8/site-packages/airflow/example_dags/example_sla_dag.py
[2024-03-09T11:19:52.207+0000] {processor.py:840} INFO - DAG(s) 'example_sla_dag' retrieved from /home/airflow/.local/lib/python3.8/site-packages/airflow/example_dags/example_sla_dag.py
[2024-03-09T11:19:52.238+0000] {logging_mixin.py:188} INFO - [2024-03-09T11:19:52.238+0000] {dag.py:3047} INFO - Sync 1 DAGs
[2024-03-09T11:19:52.276+0000] {logging_mixin.py:188} INFO - [2024-03-09T11:19:52.275+0000] {dag.py:3834} INFO - Setting next_dagrun for example_sla_dag to 2024-03-09 11:16:00+00:00, run_after=2024-03-09 11:18:00+00:00
[2024-03-09T11:19:52.309+0000] {processor.py:183} INFO - Processing /home/airflow/.local/lib/python3.8/site-packages/airflow/example_dags/example_sla_dag.py took 0.127 seconds
[2024-03-09T11:20:22.977+0000] {processor.py:161} INFO - Started process (PID=6508) to work on /home/airflow/.local/lib/python3.8/site-packages/airflow/example_dags/example_sla_dag.py
[2024-03-09T11:20:22.979+0000] {processor.py:830} INFO - Processing file /home/airflow/.local/lib/python3.8/site-packages/airflow/example_dags/example_sla_dag.py for tasks to queue
[2024-03-09T11:20:22.980+0000] {logging_mixin.py:188} INFO - [2024-03-09T11:20:22.980+0000] {dagbag.py:540} INFO - Filling up the DagBag from /home/airflow/.local/lib/python3.8/site-packages/airflow/example_dags/example_sla_dag.py
[2024-03-09T11:20:22.993+0000] {processor.py:840} INFO - DAG(s) 'example_sla_dag' retrieved from /home/airflow/.local/lib/python3.8/site-packages/airflow/example_dags/example_sla_dag.py
[2024-03-09T11:20:23.023+0000] {logging_mixin.py:188} INFO - [2024-03-09T11:20:23.023+0000] {dag.py:3047} INFO - Sync 1 DAGs
[2024-03-09T11:20:23.060+0000] {logging_mixin.py:188} INFO - [2024-03-09T11:20:23.060+0000] {dag.py:3834} INFO - Setting next_dagrun for example_sla_dag to 2024-03-09 11:18:00+00:00, run_after=2024-03-09 11:20:00+00:00
[2024-03-09T11:20:23.091+0000] {processor.py:183} INFO - Processing /home/airflow/.local/lib/python3.8/site-packages/airflow/example_dags/example_sla_dag.py took 0.119 seconds
[2024-03-09T11:20:53.336+0000] {processor.py:161} INFO - Started process (PID=6755) to work on /home/airflow/.local/lib/python3.8/site-packages/airflow/example_dags/example_sla_dag.py
[2024-03-09T11:20:53.338+0000] {processor.py:830} INFO - Processing file /home/airflow/.local/lib/python3.8/site-packages/airflow/example_dags/example_sla_dag.py for tasks to queue
[2024-03-09T11:20:53.340+0000] {logging_mixin.py:188} INFO - [2024-03-09T11:20:53.339+0000] {dagbag.py:540} INFO - Filling up the DagBag from /home/airflow/.local/lib/python3.8/site-packages/airflow/example_dags/example_sla_dag.py
[2024-03-09T11:20:53.353+0000] {processor.py:840} INFO - DAG(s) 'example_sla_dag' retrieved from /home/airflow/.local/lib/python3.8/site-packages/airflow/example_dags/example_sla_dag.py
[2024-03-09T11:20:53.389+0000] {logging_mixin.py:188} INFO - [2024-03-09T11:20:53.389+0000] {dag.py:3047} INFO - Sync 1 DAGs
[2024-03-09T11:20:53.426+0000] {logging_mixin.py:188} INFO - [2024-03-09T11:20:53.426+0000] {dag.py:3834} INFO - Setting next_dagrun for example_sla_dag to 2024-03-09 11:18:00+00:00, run_after=2024-03-09 11:20:00+00:00
[2024-03-09T11:20:53.457+0000] {processor.py:183} INFO - Processing /home/airflow/.local/lib/python3.8/site-packages/airflow/example_dags/example_sla_dag.py took 0.127 seconds
[2024-03-09T11:21:24.561+0000] {processor.py:161} INFO - Started process (PID=7002) to work on /home/airflow/.local/lib/python3.8/site-packages/airflow/example_dags/example_sla_dag.py
[2024-03-09T11:21:24.563+0000] {processor.py:830} INFO - Processing file /home/airflow/.local/lib/python3.8/site-packages/airflow/example_dags/example_sla_dag.py for tasks to queue
[2024-03-09T11:21:24.566+0000] {logging_mixin.py:188} INFO - [2024-03-09T11:21:24.565+0000] {dagbag.py:540} INFO - Filling up the DagBag from /home/airflow/.local/lib/python3.8/site-packages/airflow/example_dags/example_sla_dag.py
[2024-03-09T11:21:24.582+0000] {processor.py:840} INFO - DAG(s) 'example_sla_dag' retrieved from /home/airflow/.local/lib/python3.8/site-packages/airflow/example_dags/example_sla_dag.py
[2024-03-09T11:21:24.617+0000] {logging_mixin.py:188} INFO - [2024-03-09T11:21:24.616+0000] {dag.py:3047} INFO - Sync 1 DAGs
[2024-03-09T11:21:24.665+0000] {logging_mixin.py:188} INFO - [2024-03-09T11:21:24.665+0000] {dag.py:3834} INFO - Setting next_dagrun for example_sla_dag to 2024-03-09 11:18:00+00:00, run_after=2024-03-09 11:20:00+00:00
[2024-03-09T11:21:24.701+0000] {processor.py:183} INFO - Processing /home/airflow/.local/lib/python3.8/site-packages/airflow/example_dags/example_sla_dag.py took 0.146 seconds
[2024-03-09T13:38:19.066+0000] {processor.py:161} INFO - Started process (PID=7239) to work on /home/airflow/.local/lib/python3.8/site-packages/airflow/example_dags/example_sla_dag.py
[2024-03-09T13:38:19.074+0000] {processor.py:830} INFO - Processing file /home/airflow/.local/lib/python3.8/site-packages/airflow/example_dags/example_sla_dag.py for tasks to queue
[2024-03-09T13:38:19.077+0000] {logging_mixin.py:188} INFO - [2024-03-09T13:38:19.076+0000] {dagbag.py:540} INFO - Filling up the DagBag from /home/airflow/.local/lib/python3.8/site-packages/airflow/example_dags/example_sla_dag.py
[2024-03-09T13:38:19.095+0000] {processor.py:840} INFO - DAG(s) 'example_sla_dag' retrieved from /home/airflow/.local/lib/python3.8/site-packages/airflow/example_dags/example_sla_dag.py
[2024-03-09T13:38:19.139+0000] {logging_mixin.py:188} INFO - [2024-03-09T13:38:19.138+0000] {dag.py:3047} INFO - Sync 1 DAGs
[2024-03-09T13:38:19.195+0000] {logging_mixin.py:188} INFO - [2024-03-09T13:38:19.195+0000] {dag.py:3834} INFO - Setting next_dagrun for example_sla_dag to 2024-03-09 13:36:00+00:00, run_after=2024-03-09 13:38:00+00:00
[2024-03-09T13:38:19.240+0000] {processor.py:183} INFO - Processing /home/airflow/.local/lib/python3.8/site-packages/airflow/example_dags/example_sla_dag.py took 0.182 seconds
[2024-03-09T13:38:49.514+0000] {processor.py:161} INFO - Started process (PID=7486) to work on /home/airflow/.local/lib/python3.8/site-packages/airflow/example_dags/example_sla_dag.py
[2024-03-09T13:38:49.517+0000] {processor.py:830} INFO - Processing file /home/airflow/.local/lib/python3.8/site-packages/airflow/example_dags/example_sla_dag.py for tasks to queue
[2024-03-09T13:38:49.519+0000] {logging_mixin.py:188} INFO - [2024-03-09T13:38:49.518+0000] {dagbag.py:540} INFO - Filling up the DagBag from /home/airflow/.local/lib/python3.8/site-packages/airflow/example_dags/example_sla_dag.py
[2024-03-09T13:38:49.536+0000] {processor.py:840} INFO - DAG(s) 'example_sla_dag' retrieved from /home/airflow/.local/lib/python3.8/site-packages/airflow/example_dags/example_sla_dag.py
[2024-03-09T13:38:49.590+0000] {logging_mixin.py:188} INFO - [2024-03-09T13:38:49.589+0000] {dag.py:3047} INFO - Sync 1 DAGs
[2024-03-09T13:38:49.643+0000] {logging_mixin.py:188} INFO - [2024-03-09T13:38:49.643+0000] {dag.py:3834} INFO - Setting next_dagrun for example_sla_dag to 2024-03-09 13:36:00+00:00, run_after=2024-03-09 13:38:00+00:00
[2024-03-09T13:38:49.676+0000] {processor.py:183} INFO - Processing /home/airflow/.local/lib/python3.8/site-packages/airflow/example_dags/example_sla_dag.py took 0.168 seconds
[2024-03-09T13:39:21.171+0000] {processor.py:161} INFO - Started process (PID=7733) to work on /home/airflow/.local/lib/python3.8/site-packages/airflow/example_dags/example_sla_dag.py
[2024-03-09T13:39:21.173+0000] {processor.py:830} INFO - Processing file /home/airflow/.local/lib/python3.8/site-packages/airflow/example_dags/example_sla_dag.py for tasks to queue
[2024-03-09T13:39:21.175+0000] {logging_mixin.py:188} INFO - [2024-03-09T13:39:21.174+0000] {dagbag.py:540} INFO - Filling up the DagBag from /home/airflow/.local/lib/python3.8/site-packages/airflow/example_dags/example_sla_dag.py
[2024-03-09T13:39:21.202+0000] {processor.py:840} INFO - DAG(s) 'example_sla_dag' retrieved from /home/airflow/.local/lib/python3.8/site-packages/airflow/example_dags/example_sla_dag.py
[2024-03-09T13:39:21.242+0000] {logging_mixin.py:188} INFO - [2024-03-09T13:39:21.241+0000] {dag.py:3047} INFO - Sync 1 DAGs
[2024-03-09T13:39:21.294+0000] {logging_mixin.py:188} INFO - [2024-03-09T13:39:21.293+0000] {dag.py:3834} INFO - Setting next_dagrun for example_sla_dag to 2024-03-09 13:36:00+00:00, run_after=2024-03-09 13:38:00+00:00
[2024-03-09T13:39:21.357+0000] {processor.py:183} INFO - Processing /home/airflow/.local/lib/python3.8/site-packages/airflow/example_dags/example_sla_dag.py took 0.194 seconds
[2024-03-09T13:39:52.107+0000] {processor.py:161} INFO - Started process (PID=7982) to work on /home/airflow/.local/lib/python3.8/site-packages/airflow/example_dags/example_sla_dag.py
[2024-03-09T13:39:52.109+0000] {processor.py:830} INFO - Processing file /home/airflow/.local/lib/python3.8/site-packages/airflow/example_dags/example_sla_dag.py for tasks to queue
[2024-03-09T13:39:52.111+0000] {logging_mixin.py:188} INFO - [2024-03-09T13:39:52.110+0000] {dagbag.py:540} INFO - Filling up the DagBag from /home/airflow/.local/lib/python3.8/site-packages/airflow/example_dags/example_sla_dag.py
[2024-03-09T13:39:52.124+0000] {processor.py:840} INFO - DAG(s) 'example_sla_dag' retrieved from /home/airflow/.local/lib/python3.8/site-packages/airflow/example_dags/example_sla_dag.py
[2024-03-09T13:39:52.162+0000] {logging_mixin.py:188} INFO - [2024-03-09T13:39:52.161+0000] {dag.py:3047} INFO - Sync 1 DAGs
[2024-03-09T13:39:52.201+0000] {logging_mixin.py:188} INFO - [2024-03-09T13:39:52.201+0000] {dag.py:3834} INFO - Setting next_dagrun for example_sla_dag to 2024-03-09 13:36:00+00:00, run_after=2024-03-09 13:38:00+00:00
[2024-03-09T13:39:52.229+0000] {processor.py:183} INFO - Processing /home/airflow/.local/lib/python3.8/site-packages/airflow/example_dags/example_sla_dag.py took 0.127 seconds
[2024-03-09T13:40:22.562+0000] {processor.py:161} INFO - Started process (PID=8229) to work on /home/airflow/.local/lib/python3.8/site-packages/airflow/example_dags/example_sla_dag.py
[2024-03-09T13:40:22.564+0000] {processor.py:830} INFO - Processing file /home/airflow/.local/lib/python3.8/site-packages/airflow/example_dags/example_sla_dag.py for tasks to queue
[2024-03-09T13:40:22.567+0000] {logging_mixin.py:188} INFO - [2024-03-09T13:40:22.566+0000] {dagbag.py:540} INFO - Filling up the DagBag from /home/airflow/.local/lib/python3.8/site-packages/airflow/example_dags/example_sla_dag.py
[2024-03-09T13:40:22.588+0000] {processor.py:840} INFO - DAG(s) 'example_sla_dag' retrieved from /home/airflow/.local/lib/python3.8/site-packages/airflow/example_dags/example_sla_dag.py
[2024-03-09T13:40:22.625+0000] {logging_mixin.py:188} INFO - [2024-03-09T13:40:22.624+0000] {dag.py:3047} INFO - Sync 1 DAGs
[2024-03-09T13:40:22.668+0000] {logging_mixin.py:188} INFO - [2024-03-09T13:40:22.668+0000] {dag.py:3834} INFO - Setting next_dagrun for example_sla_dag to 2024-03-09 13:38:00+00:00, run_after=2024-03-09 13:40:00+00:00
[2024-03-09T13:40:22.699+0000] {processor.py:183} INFO - Processing /home/airflow/.local/lib/python3.8/site-packages/airflow/example_dags/example_sla_dag.py took 0.144 seconds
[2024-03-09T13:40:53.019+0000] {processor.py:161} INFO - Started process (PID=8476) to work on /home/airflow/.local/lib/python3.8/site-packages/airflow/example_dags/example_sla_dag.py
[2024-03-09T13:40:53.021+0000] {processor.py:830} INFO - Processing file /home/airflow/.local/lib/python3.8/site-packages/airflow/example_dags/example_sla_dag.py for tasks to queue
[2024-03-09T13:40:53.023+0000] {logging_mixin.py:188} INFO - [2024-03-09T13:40:53.023+0000] {dagbag.py:540} INFO - Filling up the DagBag from /home/airflow/.local/lib/python3.8/site-packages/airflow/example_dags/example_sla_dag.py
[2024-03-09T13:40:53.036+0000] {processor.py:840} INFO - DAG(s) 'example_sla_dag' retrieved from /home/airflow/.local/lib/python3.8/site-packages/airflow/example_dags/example_sla_dag.py
[2024-03-09T13:40:53.071+0000] {logging_mixin.py:188} INFO - [2024-03-09T13:40:53.071+0000] {dag.py:3047} INFO - Sync 1 DAGs
[2024-03-09T13:40:53.112+0000] {logging_mixin.py:188} INFO - [2024-03-09T13:40:53.112+0000] {dag.py:3834} INFO - Setting next_dagrun for example_sla_dag to 2024-03-09 13:38:00+00:00, run_after=2024-03-09 13:40:00+00:00
[2024-03-09T13:40:53.145+0000] {processor.py:183} INFO - Processing /home/airflow/.local/lib/python3.8/site-packages/airflow/example_dags/example_sla_dag.py took 0.130 seconds
[2024-03-09T13:41:23.652+0000] {processor.py:161} INFO - Started process (PID=8723) to work on /home/airflow/.local/lib/python3.8/site-packages/airflow/example_dags/example_sla_dag.py
[2024-03-09T13:41:23.654+0000] {processor.py:830} INFO - Processing file /home/airflow/.local/lib/python3.8/site-packages/airflow/example_dags/example_sla_dag.py for tasks to queue
[2024-03-09T13:41:23.657+0000] {logging_mixin.py:188} INFO - [2024-03-09T13:41:23.656+0000] {dagbag.py:540} INFO - Filling up the DagBag from /home/airflow/.local/lib/python3.8/site-packages/airflow/example_dags/example_sla_dag.py
[2024-03-09T13:41:23.673+0000] {processor.py:840} INFO - DAG(s) 'example_sla_dag' retrieved from /home/airflow/.local/lib/python3.8/site-packages/airflow/example_dags/example_sla_dag.py
[2024-03-09T13:41:23.706+0000] {logging_mixin.py:188} INFO - [2024-03-09T13:41:23.706+0000] {dag.py:3047} INFO - Sync 1 DAGs
[2024-03-09T13:41:23.754+0000] {logging_mixin.py:188} INFO - [2024-03-09T13:41:23.753+0000] {dag.py:3834} INFO - Setting next_dagrun for example_sla_dag to 2024-03-09 13:38:00+00:00, run_after=2024-03-09 13:40:00+00:00
[2024-03-09T13:41:23.798+0000] {processor.py:183} INFO - Processing /home/airflow/.local/lib/python3.8/site-packages/airflow/example_dags/example_sla_dag.py took 0.151 seconds
[2024-03-09T13:41:54.083+0000] {processor.py:161} INFO - Started process (PID=8970) to work on /home/airflow/.local/lib/python3.8/site-packages/airflow/example_dags/example_sla_dag.py
[2024-03-09T13:41:54.085+0000] {processor.py:830} INFO - Processing file /home/airflow/.local/lib/python3.8/site-packages/airflow/example_dags/example_sla_dag.py for tasks to queue
[2024-03-09T13:41:54.087+0000] {logging_mixin.py:188} INFO - [2024-03-09T13:41:54.087+0000] {dagbag.py:540} INFO - Filling up the DagBag from /home/airflow/.local/lib/python3.8/site-packages/airflow/example_dags/example_sla_dag.py
[2024-03-09T13:41:54.105+0000] {processor.py:840} INFO - DAG(s) 'example_sla_dag' retrieved from /home/airflow/.local/lib/python3.8/site-packages/airflow/example_dags/example_sla_dag.py
[2024-03-09T13:41:54.146+0000] {logging_mixin.py:188} INFO - [2024-03-09T13:41:54.145+0000] {dag.py:3047} INFO - Sync 1 DAGs
[2024-03-09T13:41:54.192+0000] {logging_mixin.py:188} INFO - [2024-03-09T13:41:54.191+0000] {dag.py:3834} INFO - Setting next_dagrun for example_sla_dag to 2024-03-09 13:38:00+00:00, run_after=2024-03-09 13:40:00+00:00
[2024-03-09T13:41:54.220+0000] {processor.py:183} INFO - Processing /home/airflow/.local/lib/python3.8/site-packages/airflow/example_dags/example_sla_dag.py took 0.143 seconds
[2024-03-09T13:42:24.430+0000] {processor.py:161} INFO - Started process (PID=9217) to work on /home/airflow/.local/lib/python3.8/site-packages/airflow/example_dags/example_sla_dag.py
[2024-03-09T13:42:24.432+0000] {processor.py:830} INFO - Processing file /home/airflow/.local/lib/python3.8/site-packages/airflow/example_dags/example_sla_dag.py for tasks to queue
[2024-03-09T13:42:24.434+0000] {logging_mixin.py:188} INFO - [2024-03-09T13:42:24.433+0000] {dagbag.py:540} INFO - Filling up the DagBag from /home/airflow/.local/lib/python3.8/site-packages/airflow/example_dags/example_sla_dag.py
[2024-03-09T13:42:24.447+0000] {processor.py:840} INFO - DAG(s) 'example_sla_dag' retrieved from /home/airflow/.local/lib/python3.8/site-packages/airflow/example_dags/example_sla_dag.py
[2024-03-09T13:42:24.483+0000] {logging_mixin.py:188} INFO - [2024-03-09T13:42:24.482+0000] {dag.py:3047} INFO - Sync 1 DAGs
[2024-03-09T13:42:24.531+0000] {logging_mixin.py:188} INFO - [2024-03-09T13:42:24.531+0000] {dag.py:3834} INFO - Setting next_dagrun for example_sla_dag to 2024-03-09 13:40:00+00:00, run_after=2024-03-09 13:42:00+00:00
[2024-03-09T13:42:24.567+0000] {processor.py:183} INFO - Processing /home/airflow/.local/lib/python3.8/site-packages/airflow/example_dags/example_sla_dag.py took 0.143 seconds
[2024-03-09T13:42:54.754+0000] {processor.py:161} INFO - Started process (PID=9464) to work on /home/airflow/.local/lib/python3.8/site-packages/airflow/example_dags/example_sla_dag.py
[2024-03-09T13:42:54.756+0000] {processor.py:830} INFO - Processing file /home/airflow/.local/lib/python3.8/site-packages/airflow/example_dags/example_sla_dag.py for tasks to queue
[2024-03-09T13:42:54.757+0000] {logging_mixin.py:188} INFO - [2024-03-09T13:42:54.757+0000] {dagbag.py:540} INFO - Filling up the DagBag from /home/airflow/.local/lib/python3.8/site-packages/airflow/example_dags/example_sla_dag.py
[2024-03-09T13:42:54.771+0000] {processor.py:840} INFO - DAG(s) 'example_sla_dag' retrieved from /home/airflow/.local/lib/python3.8/site-packages/airflow/example_dags/example_sla_dag.py
[2024-03-09T13:42:54.804+0000] {logging_mixin.py:188} INFO - [2024-03-09T13:42:54.804+0000] {dag.py:3047} INFO - Sync 1 DAGs
[2024-03-09T13:42:54.846+0000] {logging_mixin.py:188} INFO - [2024-03-09T13:42:54.846+0000] {dag.py:3834} INFO - Setting next_dagrun for example_sla_dag to 2024-03-09 13:40:00+00:00, run_after=2024-03-09 13:42:00+00:00
[2024-03-09T13:42:54.885+0000] {processor.py:183} INFO - Processing /home/airflow/.local/lib/python3.8/site-packages/airflow/example_dags/example_sla_dag.py took 0.136 seconds
[2024-03-09T13:43:25.317+0000] {processor.py:161} INFO - Started process (PID=9711) to work on /home/airflow/.local/lib/python3.8/site-packages/airflow/example_dags/example_sla_dag.py
[2024-03-09T13:43:25.319+0000] {processor.py:830} INFO - Processing file /home/airflow/.local/lib/python3.8/site-packages/airflow/example_dags/example_sla_dag.py for tasks to queue
[2024-03-09T13:43:25.321+0000] {logging_mixin.py:188} INFO - [2024-03-09T13:43:25.321+0000] {dagbag.py:540} INFO - Filling up the DagBag from /home/airflow/.local/lib/python3.8/site-packages/airflow/example_dags/example_sla_dag.py
[2024-03-09T13:43:25.334+0000] {processor.py:840} INFO - DAG(s) 'example_sla_dag' retrieved from /home/airflow/.local/lib/python3.8/site-packages/airflow/example_dags/example_sla_dag.py
[2024-03-09T13:43:25.366+0000] {logging_mixin.py:188} INFO - [2024-03-09T13:43:25.365+0000] {dag.py:3047} INFO - Sync 1 DAGs
[2024-03-09T13:43:25.408+0000] {logging_mixin.py:188} INFO - [2024-03-09T13:43:25.408+0000] {dag.py:3834} INFO - Setting next_dagrun for example_sla_dag to 2024-03-09 13:40:00+00:00, run_after=2024-03-09 13:42:00+00:00
[2024-03-09T13:43:25.438+0000] {processor.py:183} INFO - Processing /home/airflow/.local/lib/python3.8/site-packages/airflow/example_dags/example_sla_dag.py took 0.126 seconds
[2024-03-09T13:43:56.031+0000] {processor.py:161} INFO - Started process (PID=9958) to work on /home/airflow/.local/lib/python3.8/site-packages/airflow/example_dags/example_sla_dag.py
[2024-03-09T13:43:56.034+0000] {processor.py:830} INFO - Processing file /home/airflow/.local/lib/python3.8/site-packages/airflow/example_dags/example_sla_dag.py for tasks to queue
[2024-03-09T13:43:56.036+0000] {logging_mixin.py:188} INFO - [2024-03-09T13:43:56.035+0000] {dagbag.py:540} INFO - Filling up the DagBag from /home/airflow/.local/lib/python3.8/site-packages/airflow/example_dags/example_sla_dag.py
[2024-03-09T13:43:56.053+0000] {processor.py:840} INFO - DAG(s) 'example_sla_dag' retrieved from /home/airflow/.local/lib/python3.8/site-packages/airflow/example_dags/example_sla_dag.py
[2024-03-09T13:43:56.090+0000] {logging_mixin.py:188} INFO - [2024-03-09T13:43:56.089+0000] {dag.py:3047} INFO - Sync 1 DAGs
[2024-03-09T13:43:56.140+0000] {logging_mixin.py:188} INFO - [2024-03-09T13:43:56.140+0000] {dag.py:3834} INFO - Setting next_dagrun for example_sla_dag to 2024-03-09 13:40:00+00:00, run_after=2024-03-09 13:42:00+00:00
[2024-03-09T13:43:56.176+0000] {processor.py:183} INFO - Processing /home/airflow/.local/lib/python3.8/site-packages/airflow/example_dags/example_sla_dag.py took 0.149 seconds
