[2024-03-09T11:07:29.999+0000] {processor.py:161} INFO - Started process (PID=262) to work on /home/airflow/.local/lib/python3.8/site-packages/airflow/example_dags/tutorial.py
[2024-03-09T11:07:30.001+0000] {processor.py:830} INFO - Processing file /home/airflow/.local/lib/python3.8/site-packages/airflow/example_dags/tutorial.py for tasks to queue
[2024-03-09T11:07:30.003+0000] {logging_mixin.py:188} INFO - [2024-03-09T11:07:30.003+0000] {dagbag.py:540} INFO - Filling up the DagBag from /home/airflow/.local/lib/python3.8/site-packages/airflow/example_dags/tutorial.py
[2024-03-09T11:07:30.029+0000] {processor.py:840} INFO - DAG(s) 'tutorial' retrieved from /home/airflow/.local/lib/python3.8/site-packages/airflow/example_dags/tutorial.py
[2024-03-09T11:07:30.262+0000] {logging_mixin.py:188} INFO - [2024-03-09T11:07:30.261+0000] {dag.py:3047} INFO - Sync 1 DAGs
[2024-03-09T11:07:30.303+0000] {logging_mixin.py:188} INFO - [2024-03-09T11:07:30.303+0000] {dag.py:3834} INFO - Setting next_dagrun for tutorial to 2024-03-08 00:00:00+00:00, run_after=2024-03-09 00:00:00+00:00
[2024-03-09T11:07:30.342+0000] {processor.py:183} INFO - Processing /home/airflow/.local/lib/python3.8/site-packages/airflow/example_dags/tutorial.py took 0.349 seconds
[2024-03-09T11:08:00.565+0000] {processor.py:161} INFO - Started process (PID=509) to work on /home/airflow/.local/lib/python3.8/site-packages/airflow/example_dags/tutorial.py
[2024-03-09T11:08:00.568+0000] {processor.py:830} INFO - Processing file /home/airflow/.local/lib/python3.8/site-packages/airflow/example_dags/tutorial.py for tasks to queue
[2024-03-09T11:08:00.569+0000] {logging_mixin.py:188} INFO - [2024-03-09T11:08:00.569+0000] {dagbag.py:540} INFO - Filling up the DagBag from /home/airflow/.local/lib/python3.8/site-packages/airflow/example_dags/tutorial.py
[2024-03-09T11:08:00.579+0000] {processor.py:840} INFO - DAG(s) 'tutorial' retrieved from /home/airflow/.local/lib/python3.8/site-packages/airflow/example_dags/tutorial.py
[2024-03-09T11:08:00.611+0000] {logging_mixin.py:188} INFO - [2024-03-09T11:08:00.611+0000] {dag.py:3047} INFO - Sync 1 DAGs
[2024-03-09T11:08:00.644+0000] {logging_mixin.py:188} INFO - [2024-03-09T11:08:00.643+0000] {dag.py:3834} INFO - Setting next_dagrun for tutorial to 2024-03-08 00:00:00+00:00, run_after=2024-03-09 00:00:00+00:00
[2024-03-09T11:08:00.677+0000] {processor.py:183} INFO - Processing /home/airflow/.local/lib/python3.8/site-packages/airflow/example_dags/tutorial.py took 0.118 seconds
[2024-03-09T11:08:31.865+0000] {processor.py:161} INFO - Started process (PID=758) to work on /home/airflow/.local/lib/python3.8/site-packages/airflow/example_dags/tutorial.py
[2024-03-09T11:08:31.867+0000] {processor.py:830} INFO - Processing file /home/airflow/.local/lib/python3.8/site-packages/airflow/example_dags/tutorial.py for tasks to queue
[2024-03-09T11:08:31.869+0000] {logging_mixin.py:188} INFO - [2024-03-09T11:08:31.868+0000] {dagbag.py:540} INFO - Filling up the DagBag from /home/airflow/.local/lib/python3.8/site-packages/airflow/example_dags/tutorial.py
[2024-03-09T11:08:31.877+0000] {processor.py:840} INFO - DAG(s) 'tutorial' retrieved from /home/airflow/.local/lib/python3.8/site-packages/airflow/example_dags/tutorial.py
[2024-03-09T11:08:31.905+0000] {logging_mixin.py:188} INFO - [2024-03-09T11:08:31.905+0000] {dag.py:3047} INFO - Sync 1 DAGs
[2024-03-09T11:08:31.938+0000] {logging_mixin.py:188} INFO - [2024-03-09T11:08:31.938+0000] {dag.py:3834} INFO - Setting next_dagrun for tutorial to 2024-03-08 00:00:00+00:00, run_after=2024-03-09 00:00:00+00:00
[2024-03-09T11:08:31.969+0000] {processor.py:183} INFO - Processing /home/airflow/.local/lib/python3.8/site-packages/airflow/example_dags/tutorial.py took 0.108 seconds
[2024-03-09T11:09:02.664+0000] {processor.py:161} INFO - Started process (PID=1004) to work on /home/airflow/.local/lib/python3.8/site-packages/airflow/example_dags/tutorial.py
[2024-03-09T11:09:02.666+0000] {processor.py:830} INFO - Processing file /home/airflow/.local/lib/python3.8/site-packages/airflow/example_dags/tutorial.py for tasks to queue
[2024-03-09T11:09:02.668+0000] {logging_mixin.py:188} INFO - [2024-03-09T11:09:02.668+0000] {dagbag.py:540} INFO - Filling up the DagBag from /home/airflow/.local/lib/python3.8/site-packages/airflow/example_dags/tutorial.py
[2024-03-09T11:09:02.680+0000] {processor.py:840} INFO - DAG(s) 'tutorial' retrieved from /home/airflow/.local/lib/python3.8/site-packages/airflow/example_dags/tutorial.py
[2024-03-09T11:09:02.715+0000] {logging_mixin.py:188} INFO - [2024-03-09T11:09:02.715+0000] {dag.py:3047} INFO - Sync 1 DAGs
[2024-03-09T11:09:02.756+0000] {logging_mixin.py:188} INFO - [2024-03-09T11:09:02.755+0000] {dag.py:3834} INFO - Setting next_dagrun for tutorial to 2024-03-08 00:00:00+00:00, run_after=2024-03-09 00:00:00+00:00
[2024-03-09T11:09:02.790+0000] {processor.py:183} INFO - Processing /home/airflow/.local/lib/python3.8/site-packages/airflow/example_dags/tutorial.py took 0.131 seconds
[2024-03-09T11:09:33.090+0000] {processor.py:161} INFO - Started process (PID=1251) to work on /home/airflow/.local/lib/python3.8/site-packages/airflow/example_dags/tutorial.py
[2024-03-09T11:09:33.092+0000] {processor.py:830} INFO - Processing file /home/airflow/.local/lib/python3.8/site-packages/airflow/example_dags/tutorial.py for tasks to queue
[2024-03-09T11:09:33.094+0000] {logging_mixin.py:188} INFO - [2024-03-09T11:09:33.094+0000] {dagbag.py:540} INFO - Filling up the DagBag from /home/airflow/.local/lib/python3.8/site-packages/airflow/example_dags/tutorial.py
[2024-03-09T11:09:33.107+0000] {processor.py:840} INFO - DAG(s) 'tutorial' retrieved from /home/airflow/.local/lib/python3.8/site-packages/airflow/example_dags/tutorial.py
[2024-03-09T11:09:33.143+0000] {logging_mixin.py:188} INFO - [2024-03-09T11:09:33.142+0000] {dag.py:3047} INFO - Sync 1 DAGs
[2024-03-09T11:09:33.185+0000] {logging_mixin.py:188} INFO - [2024-03-09T11:09:33.185+0000] {dag.py:3834} INFO - Setting next_dagrun for tutorial to 2024-03-08 00:00:00+00:00, run_after=2024-03-09 00:00:00+00:00
[2024-03-09T11:09:33.221+0000] {processor.py:183} INFO - Processing /home/airflow/.local/lib/python3.8/site-packages/airflow/example_dags/tutorial.py took 0.139 seconds
[2024-03-09T11:10:03.535+0000] {processor.py:161} INFO - Started process (PID=1498) to work on /home/airflow/.local/lib/python3.8/site-packages/airflow/example_dags/tutorial.py
[2024-03-09T11:10:03.537+0000] {processor.py:830} INFO - Processing file /home/airflow/.local/lib/python3.8/site-packages/airflow/example_dags/tutorial.py for tasks to queue
[2024-03-09T11:10:03.540+0000] {logging_mixin.py:188} INFO - [2024-03-09T11:10:03.539+0000] {dagbag.py:540} INFO - Filling up the DagBag from /home/airflow/.local/lib/python3.8/site-packages/airflow/example_dags/tutorial.py
[2024-03-09T11:10:03.550+0000] {processor.py:840} INFO - DAG(s) 'tutorial' retrieved from /home/airflow/.local/lib/python3.8/site-packages/airflow/example_dags/tutorial.py
[2024-03-09T11:10:03.584+0000] {logging_mixin.py:188} INFO - [2024-03-09T11:10:03.583+0000] {dag.py:3047} INFO - Sync 1 DAGs
[2024-03-09T11:10:03.630+0000] {logging_mixin.py:188} INFO - [2024-03-09T11:10:03.629+0000] {dag.py:3834} INFO - Setting next_dagrun for tutorial to 2024-03-08 00:00:00+00:00, run_after=2024-03-09 00:00:00+00:00
[2024-03-09T11:10:03.668+0000] {processor.py:183} INFO - Processing /home/airflow/.local/lib/python3.8/site-packages/airflow/example_dags/tutorial.py took 0.138 seconds
[2024-03-09T11:10:34.381+0000] {processor.py:161} INFO - Started process (PID=1745) to work on /home/airflow/.local/lib/python3.8/site-packages/airflow/example_dags/tutorial.py
[2024-03-09T11:10:34.384+0000] {processor.py:830} INFO - Processing file /home/airflow/.local/lib/python3.8/site-packages/airflow/example_dags/tutorial.py for tasks to queue
[2024-03-09T11:10:34.386+0000] {logging_mixin.py:188} INFO - [2024-03-09T11:10:34.386+0000] {dagbag.py:540} INFO - Filling up the DagBag from /home/airflow/.local/lib/python3.8/site-packages/airflow/example_dags/tutorial.py
[2024-03-09T11:10:34.402+0000] {processor.py:840} INFO - DAG(s) 'tutorial' retrieved from /home/airflow/.local/lib/python3.8/site-packages/airflow/example_dags/tutorial.py
[2024-03-09T11:10:34.446+0000] {logging_mixin.py:188} INFO - [2024-03-09T11:10:34.446+0000] {dag.py:3047} INFO - Sync 1 DAGs
[2024-03-09T11:10:34.490+0000] {logging_mixin.py:188} INFO - [2024-03-09T11:10:34.489+0000] {dag.py:3834} INFO - Setting next_dagrun for tutorial to 2024-03-08 00:00:00+00:00, run_after=2024-03-09 00:00:00+00:00
[2024-03-09T11:10:34.528+0000] {processor.py:183} INFO - Processing /home/airflow/.local/lib/python3.8/site-packages/airflow/example_dags/tutorial.py took 0.152 seconds
[2024-03-09T11:11:05.743+0000] {processor.py:161} INFO - Started process (PID=1998) to work on /home/airflow/.local/lib/python3.8/site-packages/airflow/example_dags/tutorial.py
[2024-03-09T11:11:05.745+0000] {processor.py:830} INFO - Processing file /home/airflow/.local/lib/python3.8/site-packages/airflow/example_dags/tutorial.py for tasks to queue
[2024-03-09T11:11:05.747+0000] {logging_mixin.py:188} INFO - [2024-03-09T11:11:05.747+0000] {dagbag.py:540} INFO - Filling up the DagBag from /home/airflow/.local/lib/python3.8/site-packages/airflow/example_dags/tutorial.py
[2024-03-09T11:11:05.758+0000] {processor.py:840} INFO - DAG(s) 'tutorial' retrieved from /home/airflow/.local/lib/python3.8/site-packages/airflow/example_dags/tutorial.py
[2024-03-09T11:11:05.812+0000] {logging_mixin.py:188} INFO - [2024-03-09T11:11:05.811+0000] {dag.py:3047} INFO - Sync 1 DAGs
[2024-03-09T11:11:05.854+0000] {logging_mixin.py:188} INFO - [2024-03-09T11:11:05.854+0000] {dag.py:3834} INFO - Setting next_dagrun for tutorial to 2024-03-08 00:00:00+00:00, run_after=2024-03-09 00:00:00+00:00
[2024-03-09T11:11:05.893+0000] {processor.py:183} INFO - Processing /home/airflow/.local/lib/python3.8/site-packages/airflow/example_dags/tutorial.py took 0.175 seconds
[2024-03-09T11:11:36.277+0000] {processor.py:161} INFO - Started process (PID=2245) to work on /home/airflow/.local/lib/python3.8/site-packages/airflow/example_dags/tutorial.py
[2024-03-09T11:11:36.279+0000] {processor.py:830} INFO - Processing file /home/airflow/.local/lib/python3.8/site-packages/airflow/example_dags/tutorial.py for tasks to queue
[2024-03-09T11:11:36.283+0000] {logging_mixin.py:188} INFO - [2024-03-09T11:11:36.282+0000] {dagbag.py:540} INFO - Filling up the DagBag from /home/airflow/.local/lib/python3.8/site-packages/airflow/example_dags/tutorial.py
[2024-03-09T11:11:36.296+0000] {processor.py:840} INFO - DAG(s) 'tutorial' retrieved from /home/airflow/.local/lib/python3.8/site-packages/airflow/example_dags/tutorial.py
[2024-03-09T11:11:36.326+0000] {logging_mixin.py:188} INFO - [2024-03-09T11:11:36.325+0000] {dag.py:3047} INFO - Sync 1 DAGs
[2024-03-09T11:11:36.360+0000] {logging_mixin.py:188} INFO - [2024-03-09T11:11:36.359+0000] {dag.py:3834} INFO - Setting next_dagrun for tutorial to 2024-03-08 00:00:00+00:00, run_after=2024-03-09 00:00:00+00:00
[2024-03-09T11:11:36.393+0000] {processor.py:183} INFO - Processing /home/airflow/.local/lib/python3.8/site-packages/airflow/example_dags/tutorial.py took 0.121 seconds
[2024-03-09T11:12:06.719+0000] {processor.py:161} INFO - Started process (PID=2492) to work on /home/airflow/.local/lib/python3.8/site-packages/airflow/example_dags/tutorial.py
[2024-03-09T11:12:06.721+0000] {processor.py:830} INFO - Processing file /home/airflow/.local/lib/python3.8/site-packages/airflow/example_dags/tutorial.py for tasks to queue
[2024-03-09T11:12:06.723+0000] {logging_mixin.py:188} INFO - [2024-03-09T11:12:06.723+0000] {dagbag.py:540} INFO - Filling up the DagBag from /home/airflow/.local/lib/python3.8/site-packages/airflow/example_dags/tutorial.py
[2024-03-09T11:12:06.736+0000] {processor.py:840} INFO - DAG(s) 'tutorial' retrieved from /home/airflow/.local/lib/python3.8/site-packages/airflow/example_dags/tutorial.py
[2024-03-09T11:12:06.773+0000] {logging_mixin.py:188} INFO - [2024-03-09T11:12:06.772+0000] {dag.py:3047} INFO - Sync 1 DAGs
[2024-03-09T11:12:06.840+0000] {logging_mixin.py:188} INFO - [2024-03-09T11:12:06.839+0000] {dag.py:3834} INFO - Setting next_dagrun for tutorial to 2024-03-08 00:00:00+00:00, run_after=2024-03-09 00:00:00+00:00
[2024-03-09T11:12:06.898+0000] {processor.py:183} INFO - Processing /home/airflow/.local/lib/python3.8/site-packages/airflow/example_dags/tutorial.py took 0.186 seconds
[2024-03-09T11:12:37.098+0000] {processor.py:161} INFO - Started process (PID=2739) to work on /home/airflow/.local/lib/python3.8/site-packages/airflow/example_dags/tutorial.py
[2024-03-09T11:12:37.100+0000] {processor.py:830} INFO - Processing file /home/airflow/.local/lib/python3.8/site-packages/airflow/example_dags/tutorial.py for tasks to queue
[2024-03-09T11:12:37.102+0000] {logging_mixin.py:188} INFO - [2024-03-09T11:12:37.102+0000] {dagbag.py:540} INFO - Filling up the DagBag from /home/airflow/.local/lib/python3.8/site-packages/airflow/example_dags/tutorial.py
[2024-03-09T11:12:37.115+0000] {processor.py:840} INFO - DAG(s) 'tutorial' retrieved from /home/airflow/.local/lib/python3.8/site-packages/airflow/example_dags/tutorial.py
[2024-03-09T11:12:37.147+0000] {logging_mixin.py:188} INFO - [2024-03-09T11:12:37.147+0000] {dag.py:3047} INFO - Sync 1 DAGs
[2024-03-09T11:12:37.189+0000] {logging_mixin.py:188} INFO - [2024-03-09T11:12:37.188+0000] {dag.py:3834} INFO - Setting next_dagrun for tutorial to 2024-03-08 00:00:00+00:00, run_after=2024-03-09 00:00:00+00:00
[2024-03-09T11:12:37.226+0000] {processor.py:183} INFO - Processing /home/airflow/.local/lib/python3.8/site-packages/airflow/example_dags/tutorial.py took 0.134 seconds
[2024-03-09T11:13:07.552+0000] {processor.py:161} INFO - Started process (PID=2986) to work on /home/airflow/.local/lib/python3.8/site-packages/airflow/example_dags/tutorial.py
[2024-03-09T11:13:07.554+0000] {processor.py:830} INFO - Processing file /home/airflow/.local/lib/python3.8/site-packages/airflow/example_dags/tutorial.py for tasks to queue
[2024-03-09T11:13:07.556+0000] {logging_mixin.py:188} INFO - [2024-03-09T11:13:07.555+0000] {dagbag.py:540} INFO - Filling up the DagBag from /home/airflow/.local/lib/python3.8/site-packages/airflow/example_dags/tutorial.py
[2024-03-09T11:13:07.566+0000] {processor.py:840} INFO - DAG(s) 'tutorial' retrieved from /home/airflow/.local/lib/python3.8/site-packages/airflow/example_dags/tutorial.py
[2024-03-09T11:13:07.598+0000] {logging_mixin.py:188} INFO - [2024-03-09T11:13:07.598+0000] {dag.py:3047} INFO - Sync 1 DAGs
[2024-03-09T11:13:07.643+0000] {logging_mixin.py:188} INFO - [2024-03-09T11:13:07.642+0000] {dag.py:3834} INFO - Setting next_dagrun for tutorial to 2024-03-08 00:00:00+00:00, run_after=2024-03-09 00:00:00+00:00
[2024-03-09T11:13:07.674+0000] {processor.py:183} INFO - Processing /home/airflow/.local/lib/python3.8/site-packages/airflow/example_dags/tutorial.py took 0.127 seconds
[2024-03-09T11:13:44.868+0000] {processor.py:161} INFO - Started process (PID=3253) to work on /home/airflow/.local/lib/python3.8/site-packages/airflow/example_dags/tutorial.py
[2024-03-09T11:13:44.870+0000] {processor.py:830} INFO - Processing file /home/airflow/.local/lib/python3.8/site-packages/airflow/example_dags/tutorial.py for tasks to queue
[2024-03-09T11:13:44.872+0000] {logging_mixin.py:188} INFO - [2024-03-09T11:13:44.871+0000] {dagbag.py:540} INFO - Filling up the DagBag from /home/airflow/.local/lib/python3.8/site-packages/airflow/example_dags/tutorial.py
[2024-03-09T11:13:44.883+0000] {processor.py:840} INFO - DAG(s) 'tutorial' retrieved from /home/airflow/.local/lib/python3.8/site-packages/airflow/example_dags/tutorial.py
[2024-03-09T11:13:44.918+0000] {logging_mixin.py:188} INFO - [2024-03-09T11:13:44.918+0000] {dag.py:3047} INFO - Sync 1 DAGs
[2024-03-09T11:13:44.961+0000] {logging_mixin.py:188} INFO - [2024-03-09T11:13:44.960+0000] {dag.py:3834} INFO - Setting next_dagrun for tutorial to 2024-03-08 00:00:00+00:00, run_after=2024-03-09 00:00:00+00:00
[2024-03-09T11:13:45.015+0000] {processor.py:183} INFO - Processing /home/airflow/.local/lib/python3.8/site-packages/airflow/example_dags/tutorial.py took 0.153 seconds
[2024-03-09T11:14:15.311+0000] {processor.py:161} INFO - Started process (PID=3504) to work on /home/airflow/.local/lib/python3.8/site-packages/airflow/example_dags/tutorial.py
[2024-03-09T11:14:15.314+0000] {processor.py:830} INFO - Processing file /home/airflow/.local/lib/python3.8/site-packages/airflow/example_dags/tutorial.py for tasks to queue
[2024-03-09T11:14:15.316+0000] {logging_mixin.py:188} INFO - [2024-03-09T11:14:15.315+0000] {dagbag.py:540} INFO - Filling up the DagBag from /home/airflow/.local/lib/python3.8/site-packages/airflow/example_dags/tutorial.py
[2024-03-09T11:14:15.328+0000] {processor.py:840} INFO - DAG(s) 'tutorial' retrieved from /home/airflow/.local/lib/python3.8/site-packages/airflow/example_dags/tutorial.py
[2024-03-09T11:14:15.360+0000] {logging_mixin.py:188} INFO - [2024-03-09T11:14:15.359+0000] {dag.py:3047} INFO - Sync 1 DAGs
[2024-03-09T11:14:15.398+0000] {logging_mixin.py:188} INFO - [2024-03-09T11:14:15.397+0000] {dag.py:3834} INFO - Setting next_dagrun for tutorial to 2024-03-08 00:00:00+00:00, run_after=2024-03-09 00:00:00+00:00
[2024-03-09T11:14:15.431+0000] {processor.py:183} INFO - Processing /home/airflow/.local/lib/python3.8/site-packages/airflow/example_dags/tutorial.py took 0.126 seconds
[2024-03-09T11:14:45.496+0000] {processor.py:161} INFO - Started process (PID=3751) to work on /home/airflow/.local/lib/python3.8/site-packages/airflow/example_dags/tutorial.py
[2024-03-09T11:14:45.498+0000] {processor.py:830} INFO - Processing file /home/airflow/.local/lib/python3.8/site-packages/airflow/example_dags/tutorial.py for tasks to queue
[2024-03-09T11:14:45.500+0000] {logging_mixin.py:188} INFO - [2024-03-09T11:14:45.499+0000] {dagbag.py:540} INFO - Filling up the DagBag from /home/airflow/.local/lib/python3.8/site-packages/airflow/example_dags/tutorial.py
[2024-03-09T11:14:45.512+0000] {processor.py:840} INFO - DAG(s) 'tutorial' retrieved from /home/airflow/.local/lib/python3.8/site-packages/airflow/example_dags/tutorial.py
[2024-03-09T11:14:45.544+0000] {logging_mixin.py:188} INFO - [2024-03-09T11:14:45.544+0000] {dag.py:3047} INFO - Sync 1 DAGs
[2024-03-09T11:14:45.577+0000] {logging_mixin.py:188} INFO - [2024-03-09T11:14:45.577+0000] {dag.py:3834} INFO - Setting next_dagrun for tutorial to 2024-03-08 00:00:00+00:00, run_after=2024-03-09 00:00:00+00:00
[2024-03-09T11:14:45.607+0000] {processor.py:183} INFO - Processing /home/airflow/.local/lib/python3.8/site-packages/airflow/example_dags/tutorial.py took 0.116 seconds
[2024-03-09T11:15:16.209+0000] {processor.py:161} INFO - Started process (PID=3998) to work on /home/airflow/.local/lib/python3.8/site-packages/airflow/example_dags/tutorial.py
[2024-03-09T11:15:16.211+0000] {processor.py:830} INFO - Processing file /home/airflow/.local/lib/python3.8/site-packages/airflow/example_dags/tutorial.py for tasks to queue
[2024-03-09T11:15:16.213+0000] {logging_mixin.py:188} INFO - [2024-03-09T11:15:16.213+0000] {dagbag.py:540} INFO - Filling up the DagBag from /home/airflow/.local/lib/python3.8/site-packages/airflow/example_dags/tutorial.py
[2024-03-09T11:15:16.225+0000] {processor.py:840} INFO - DAG(s) 'tutorial' retrieved from /home/airflow/.local/lib/python3.8/site-packages/airflow/example_dags/tutorial.py
[2024-03-09T11:15:16.262+0000] {logging_mixin.py:188} INFO - [2024-03-09T11:15:16.262+0000] {dag.py:3047} INFO - Sync 1 DAGs
[2024-03-09T11:15:16.298+0000] {logging_mixin.py:188} INFO - [2024-03-09T11:15:16.298+0000] {dag.py:3834} INFO - Setting next_dagrun for tutorial to 2024-03-08 00:00:00+00:00, run_after=2024-03-09 00:00:00+00:00
[2024-03-09T11:15:16.331+0000] {processor.py:183} INFO - Processing /home/airflow/.local/lib/python3.8/site-packages/airflow/example_dags/tutorial.py took 0.127 seconds
[2024-03-09T11:15:46.744+0000] {processor.py:161} INFO - Started process (PID=4245) to work on /home/airflow/.local/lib/python3.8/site-packages/airflow/example_dags/tutorial.py
[2024-03-09T11:15:46.746+0000] {processor.py:830} INFO - Processing file /home/airflow/.local/lib/python3.8/site-packages/airflow/example_dags/tutorial.py for tasks to queue
[2024-03-09T11:15:46.748+0000] {logging_mixin.py:188} INFO - [2024-03-09T11:15:46.747+0000] {dagbag.py:540} INFO - Filling up the DagBag from /home/airflow/.local/lib/python3.8/site-packages/airflow/example_dags/tutorial.py
[2024-03-09T11:15:46.762+0000] {processor.py:840} INFO - DAG(s) 'tutorial' retrieved from /home/airflow/.local/lib/python3.8/site-packages/airflow/example_dags/tutorial.py
[2024-03-09T11:15:46.802+0000] {logging_mixin.py:188} INFO - [2024-03-09T11:15:46.801+0000] {dag.py:3047} INFO - Sync 1 DAGs
[2024-03-09T11:15:46.840+0000] {logging_mixin.py:188} INFO - [2024-03-09T11:15:46.839+0000] {dag.py:3834} INFO - Setting next_dagrun for tutorial to 2024-03-08 00:00:00+00:00, run_after=2024-03-09 00:00:00+00:00
[2024-03-09T11:15:46.884+0000] {processor.py:183} INFO - Processing /home/airflow/.local/lib/python3.8/site-packages/airflow/example_dags/tutorial.py took 0.146 seconds
[2024-03-09T11:16:17.307+0000] {processor.py:161} INFO - Started process (PID=4492) to work on /home/airflow/.local/lib/python3.8/site-packages/airflow/example_dags/tutorial.py
[2024-03-09T11:16:17.309+0000] {processor.py:830} INFO - Processing file /home/airflow/.local/lib/python3.8/site-packages/airflow/example_dags/tutorial.py for tasks to queue
[2024-03-09T11:16:17.311+0000] {logging_mixin.py:188} INFO - [2024-03-09T11:16:17.310+0000] {dagbag.py:540} INFO - Filling up the DagBag from /home/airflow/.local/lib/python3.8/site-packages/airflow/example_dags/tutorial.py
[2024-03-09T11:16:17.320+0000] {processor.py:840} INFO - DAG(s) 'tutorial' retrieved from /home/airflow/.local/lib/python3.8/site-packages/airflow/example_dags/tutorial.py
[2024-03-09T11:16:17.353+0000] {logging_mixin.py:188} INFO - [2024-03-09T11:16:17.352+0000] {dag.py:3047} INFO - Sync 1 DAGs
[2024-03-09T11:16:17.391+0000] {logging_mixin.py:188} INFO - [2024-03-09T11:16:17.390+0000] {dag.py:3834} INFO - Setting next_dagrun for tutorial to 2024-03-08 00:00:00+00:00, run_after=2024-03-09 00:00:00+00:00
[2024-03-09T11:16:17.424+0000] {processor.py:183} INFO - Processing /home/airflow/.local/lib/python3.8/site-packages/airflow/example_dags/tutorial.py took 0.122 seconds
[2024-03-09T11:16:48.432+0000] {processor.py:161} INFO - Started process (PID=4739) to work on /home/airflow/.local/lib/python3.8/site-packages/airflow/example_dags/tutorial.py
[2024-03-09T11:16:48.434+0000] {processor.py:830} INFO - Processing file /home/airflow/.local/lib/python3.8/site-packages/airflow/example_dags/tutorial.py for tasks to queue
[2024-03-09T11:16:48.436+0000] {logging_mixin.py:188} INFO - [2024-03-09T11:16:48.435+0000] {dagbag.py:540} INFO - Filling up the DagBag from /home/airflow/.local/lib/python3.8/site-packages/airflow/example_dags/tutorial.py
[2024-03-09T11:16:48.448+0000] {processor.py:840} INFO - DAG(s) 'tutorial' retrieved from /home/airflow/.local/lib/python3.8/site-packages/airflow/example_dags/tutorial.py
[2024-03-09T11:16:48.480+0000] {logging_mixin.py:188} INFO - [2024-03-09T11:16:48.480+0000] {dag.py:3047} INFO - Sync 1 DAGs
[2024-03-09T11:16:48.520+0000] {logging_mixin.py:188} INFO - [2024-03-09T11:16:48.520+0000] {dag.py:3834} INFO - Setting next_dagrun for tutorial to 2024-03-08 00:00:00+00:00, run_after=2024-03-09 00:00:00+00:00
[2024-03-09T11:16:48.562+0000] {processor.py:183} INFO - Processing /home/airflow/.local/lib/python3.8/site-packages/airflow/example_dags/tutorial.py took 0.136 seconds
[2024-03-09T11:17:19.105+0000] {processor.py:161} INFO - Started process (PID=4986) to work on /home/airflow/.local/lib/python3.8/site-packages/airflow/example_dags/tutorial.py
[2024-03-09T11:17:19.107+0000] {processor.py:830} INFO - Processing file /home/airflow/.local/lib/python3.8/site-packages/airflow/example_dags/tutorial.py for tasks to queue
[2024-03-09T11:17:19.109+0000] {logging_mixin.py:188} INFO - [2024-03-09T11:17:19.108+0000] {dagbag.py:540} INFO - Filling up the DagBag from /home/airflow/.local/lib/python3.8/site-packages/airflow/example_dags/tutorial.py
[2024-03-09T11:17:19.120+0000] {processor.py:840} INFO - DAG(s) 'tutorial' retrieved from /home/airflow/.local/lib/python3.8/site-packages/airflow/example_dags/tutorial.py
[2024-03-09T11:17:19.156+0000] {logging_mixin.py:188} INFO - [2024-03-09T11:17:19.156+0000] {dag.py:3047} INFO - Sync 1 DAGs
[2024-03-09T11:17:19.202+0000] {logging_mixin.py:188} INFO - [2024-03-09T11:17:19.201+0000] {dag.py:3834} INFO - Setting next_dagrun for tutorial to 2024-03-08 00:00:00+00:00, run_after=2024-03-09 00:00:00+00:00
[2024-03-09T11:17:19.238+0000] {processor.py:183} INFO - Processing /home/airflow/.local/lib/python3.8/site-packages/airflow/example_dags/tutorial.py took 0.139 seconds
[2024-03-09T11:17:49.493+0000] {processor.py:161} INFO - Started process (PID=5233) to work on /home/airflow/.local/lib/python3.8/site-packages/airflow/example_dags/tutorial.py
[2024-03-09T11:17:49.495+0000] {processor.py:830} INFO - Processing file /home/airflow/.local/lib/python3.8/site-packages/airflow/example_dags/tutorial.py for tasks to queue
[2024-03-09T11:17:49.497+0000] {logging_mixin.py:188} INFO - [2024-03-09T11:17:49.496+0000] {dagbag.py:540} INFO - Filling up the DagBag from /home/airflow/.local/lib/python3.8/site-packages/airflow/example_dags/tutorial.py
[2024-03-09T11:17:49.508+0000] {processor.py:840} INFO - DAG(s) 'tutorial' retrieved from /home/airflow/.local/lib/python3.8/site-packages/airflow/example_dags/tutorial.py
[2024-03-09T11:17:49.539+0000] {logging_mixin.py:188} INFO - [2024-03-09T11:17:49.539+0000] {dag.py:3047} INFO - Sync 1 DAGs
[2024-03-09T11:17:49.576+0000] {logging_mixin.py:188} INFO - [2024-03-09T11:17:49.576+0000] {dag.py:3834} INFO - Setting next_dagrun for tutorial to 2024-03-08 00:00:00+00:00, run_after=2024-03-09 00:00:00+00:00
[2024-03-09T11:17:49.606+0000] {processor.py:183} INFO - Processing /home/airflow/.local/lib/python3.8/site-packages/airflow/example_dags/tutorial.py took 0.119 seconds
[2024-03-09T11:18:19.658+0000] {processor.py:161} INFO - Started process (PID=5475) to work on /home/airflow/.local/lib/python3.8/site-packages/airflow/example_dags/tutorial.py
[2024-03-09T11:18:19.659+0000] {processor.py:830} INFO - Processing file /home/airflow/.local/lib/python3.8/site-packages/airflow/example_dags/tutorial.py for tasks to queue
[2024-03-09T11:18:19.661+0000] {logging_mixin.py:188} INFO - [2024-03-09T11:18:19.660+0000] {dagbag.py:540} INFO - Filling up the DagBag from /home/airflow/.local/lib/python3.8/site-packages/airflow/example_dags/tutorial.py
[2024-03-09T11:18:19.671+0000] {processor.py:840} INFO - DAG(s) 'tutorial' retrieved from /home/airflow/.local/lib/python3.8/site-packages/airflow/example_dags/tutorial.py
[2024-03-09T11:18:19.704+0000] {logging_mixin.py:188} INFO - [2024-03-09T11:18:19.703+0000] {dag.py:3047} INFO - Sync 1 DAGs
[2024-03-09T11:18:19.741+0000] {logging_mixin.py:188} INFO - [2024-03-09T11:18:19.741+0000] {dag.py:3834} INFO - Setting next_dagrun for tutorial to 2024-03-08 00:00:00+00:00, run_after=2024-03-09 00:00:00+00:00
[2024-03-09T11:18:19.773+0000] {processor.py:183} INFO - Processing /home/airflow/.local/lib/python3.8/site-packages/airflow/example_dags/tutorial.py took 0.120 seconds
[2024-03-09T11:18:50.119+0000] {processor.py:161} INFO - Started process (PID=5722) to work on /home/airflow/.local/lib/python3.8/site-packages/airflow/example_dags/tutorial.py
[2024-03-09T11:18:50.121+0000] {processor.py:830} INFO - Processing file /home/airflow/.local/lib/python3.8/site-packages/airflow/example_dags/tutorial.py for tasks to queue
[2024-03-09T11:18:50.124+0000] {logging_mixin.py:188} INFO - [2024-03-09T11:18:50.123+0000] {dagbag.py:540} INFO - Filling up the DagBag from /home/airflow/.local/lib/python3.8/site-packages/airflow/example_dags/tutorial.py
[2024-03-09T11:18:50.136+0000] {processor.py:840} INFO - DAG(s) 'tutorial' retrieved from /home/airflow/.local/lib/python3.8/site-packages/airflow/example_dags/tutorial.py
[2024-03-09T11:18:50.173+0000] {logging_mixin.py:188} INFO - [2024-03-09T11:18:50.172+0000] {dag.py:3047} INFO - Sync 1 DAGs
[2024-03-09T11:18:50.214+0000] {logging_mixin.py:188} INFO - [2024-03-09T11:18:50.214+0000] {dag.py:3834} INFO - Setting next_dagrun for tutorial to 2024-03-08 00:00:00+00:00, run_after=2024-03-09 00:00:00+00:00
[2024-03-09T11:18:50.248+0000] {processor.py:183} INFO - Processing /home/airflow/.local/lib/python3.8/site-packages/airflow/example_dags/tutorial.py took 0.134 seconds
[2024-03-09T11:19:20.428+0000] {processor.py:161} INFO - Started process (PID=5969) to work on /home/airflow/.local/lib/python3.8/site-packages/airflow/example_dags/tutorial.py
[2024-03-09T11:19:20.430+0000] {processor.py:830} INFO - Processing file /home/airflow/.local/lib/python3.8/site-packages/airflow/example_dags/tutorial.py for tasks to queue
[2024-03-09T11:19:20.432+0000] {logging_mixin.py:188} INFO - [2024-03-09T11:19:20.432+0000] {dagbag.py:540} INFO - Filling up the DagBag from /home/airflow/.local/lib/python3.8/site-packages/airflow/example_dags/tutorial.py
[2024-03-09T11:19:20.442+0000] {processor.py:840} INFO - DAG(s) 'tutorial' retrieved from /home/airflow/.local/lib/python3.8/site-packages/airflow/example_dags/tutorial.py
[2024-03-09T11:19:20.479+0000] {logging_mixin.py:188} INFO - [2024-03-09T11:19:20.478+0000] {dag.py:3047} INFO - Sync 1 DAGs
[2024-03-09T11:19:20.513+0000] {logging_mixin.py:188} INFO - [2024-03-09T11:19:20.512+0000] {dag.py:3834} INFO - Setting next_dagrun for tutorial to 2024-03-08 00:00:00+00:00, run_after=2024-03-09 00:00:00+00:00
[2024-03-09T11:19:20.547+0000] {processor.py:183} INFO - Processing /home/airflow/.local/lib/python3.8/site-packages/airflow/example_dags/tutorial.py took 0.124 seconds
[2024-03-09T11:19:51.348+0000] {processor.py:161} INFO - Started process (PID=6216) to work on /home/airflow/.local/lib/python3.8/site-packages/airflow/example_dags/tutorial.py
[2024-03-09T11:19:51.349+0000] {processor.py:830} INFO - Processing file /home/airflow/.local/lib/python3.8/site-packages/airflow/example_dags/tutorial.py for tasks to queue
[2024-03-09T11:19:51.351+0000] {logging_mixin.py:188} INFO - [2024-03-09T11:19:51.351+0000] {dagbag.py:540} INFO - Filling up the DagBag from /home/airflow/.local/lib/python3.8/site-packages/airflow/example_dags/tutorial.py
[2024-03-09T11:19:51.361+0000] {processor.py:840} INFO - DAG(s) 'tutorial' retrieved from /home/airflow/.local/lib/python3.8/site-packages/airflow/example_dags/tutorial.py
[2024-03-09T11:19:51.396+0000] {logging_mixin.py:188} INFO - [2024-03-09T11:19:51.395+0000] {dag.py:3047} INFO - Sync 1 DAGs
[2024-03-09T11:19:51.436+0000] {logging_mixin.py:188} INFO - [2024-03-09T11:19:51.436+0000] {dag.py:3834} INFO - Setting next_dagrun for tutorial to 2024-03-08 00:00:00+00:00, run_after=2024-03-09 00:00:00+00:00
[2024-03-09T11:19:51.467+0000] {processor.py:183} INFO - Processing /home/airflow/.local/lib/python3.8/site-packages/airflow/example_dags/tutorial.py took 0.125 seconds
[2024-03-09T11:20:22.073+0000] {processor.py:161} INFO - Started process (PID=6463) to work on /home/airflow/.local/lib/python3.8/site-packages/airflow/example_dags/tutorial.py
[2024-03-09T11:20:22.075+0000] {processor.py:830} INFO - Processing file /home/airflow/.local/lib/python3.8/site-packages/airflow/example_dags/tutorial.py for tasks to queue
[2024-03-09T11:20:22.076+0000] {logging_mixin.py:188} INFO - [2024-03-09T11:20:22.076+0000] {dagbag.py:540} INFO - Filling up the DagBag from /home/airflow/.local/lib/python3.8/site-packages/airflow/example_dags/tutorial.py
[2024-03-09T11:20:22.086+0000] {processor.py:840} INFO - DAG(s) 'tutorial' retrieved from /home/airflow/.local/lib/python3.8/site-packages/airflow/example_dags/tutorial.py
[2024-03-09T11:20:22.118+0000] {logging_mixin.py:188} INFO - [2024-03-09T11:20:22.117+0000] {dag.py:3047} INFO - Sync 1 DAGs
[2024-03-09T11:20:22.158+0000] {logging_mixin.py:188} INFO - [2024-03-09T11:20:22.157+0000] {dag.py:3834} INFO - Setting next_dagrun for tutorial to 2024-03-08 00:00:00+00:00, run_after=2024-03-09 00:00:00+00:00
[2024-03-09T11:20:22.198+0000] {processor.py:183} INFO - Processing /home/airflow/.local/lib/python3.8/site-packages/airflow/example_dags/tutorial.py took 0.131 seconds
[2024-03-09T11:20:52.489+0000] {processor.py:161} INFO - Started process (PID=6710) to work on /home/airflow/.local/lib/python3.8/site-packages/airflow/example_dags/tutorial.py
[2024-03-09T11:20:52.491+0000] {processor.py:830} INFO - Processing file /home/airflow/.local/lib/python3.8/site-packages/airflow/example_dags/tutorial.py for tasks to queue
[2024-03-09T11:20:52.496+0000] {logging_mixin.py:188} INFO - [2024-03-09T11:20:52.495+0000] {dagbag.py:540} INFO - Filling up the DagBag from /home/airflow/.local/lib/python3.8/site-packages/airflow/example_dags/tutorial.py
[2024-03-09T11:20:52.505+0000] {processor.py:840} INFO - DAG(s) 'tutorial' retrieved from /home/airflow/.local/lib/python3.8/site-packages/airflow/example_dags/tutorial.py
[2024-03-09T11:20:52.535+0000] {logging_mixin.py:188} INFO - [2024-03-09T11:20:52.535+0000] {dag.py:3047} INFO - Sync 1 DAGs
[2024-03-09T11:20:52.571+0000] {logging_mixin.py:188} INFO - [2024-03-09T11:20:52.571+0000] {dag.py:3834} INFO - Setting next_dagrun for tutorial to 2024-03-08 00:00:00+00:00, run_after=2024-03-09 00:00:00+00:00
[2024-03-09T11:20:52.600+0000] {processor.py:183} INFO - Processing /home/airflow/.local/lib/python3.8/site-packages/airflow/example_dags/tutorial.py took 0.116 seconds
[2024-03-09T11:21:23.485+0000] {processor.py:161} INFO - Started process (PID=6957) to work on /home/airflow/.local/lib/python3.8/site-packages/airflow/example_dags/tutorial.py
[2024-03-09T11:21:23.487+0000] {processor.py:830} INFO - Processing file /home/airflow/.local/lib/python3.8/site-packages/airflow/example_dags/tutorial.py for tasks to queue
[2024-03-09T11:21:23.490+0000] {logging_mixin.py:188} INFO - [2024-03-09T11:21:23.490+0000] {dagbag.py:540} INFO - Filling up the DagBag from /home/airflow/.local/lib/python3.8/site-packages/airflow/example_dags/tutorial.py
[2024-03-09T11:21:23.511+0000] {processor.py:840} INFO - DAG(s) 'tutorial' retrieved from /home/airflow/.local/lib/python3.8/site-packages/airflow/example_dags/tutorial.py
[2024-03-09T11:21:23.554+0000] {logging_mixin.py:188} INFO - [2024-03-09T11:21:23.553+0000] {dag.py:3047} INFO - Sync 1 DAGs
[2024-03-09T11:21:23.634+0000] {logging_mixin.py:188} INFO - [2024-03-09T11:21:23.634+0000] {dag.py:3834} INFO - Setting next_dagrun for tutorial to 2024-03-08 00:00:00+00:00, run_after=2024-03-09 00:00:00+00:00
[2024-03-09T11:21:23.681+0000] {processor.py:183} INFO - Processing /home/airflow/.local/lib/python3.8/site-packages/airflow/example_dags/tutorial.py took 0.202 seconds
[2024-03-09T13:38:17.787+0000] {processor.py:161} INFO - Started process (PID=7199) to work on /home/airflow/.local/lib/python3.8/site-packages/airflow/example_dags/tutorial.py
[2024-03-09T13:38:17.790+0000] {processor.py:830} INFO - Processing file /home/airflow/.local/lib/python3.8/site-packages/airflow/example_dags/tutorial.py for tasks to queue
[2024-03-09T13:38:17.792+0000] {logging_mixin.py:188} INFO - [2024-03-09T13:38:17.791+0000] {dagbag.py:540} INFO - Filling up the DagBag from /home/airflow/.local/lib/python3.8/site-packages/airflow/example_dags/tutorial.py
[2024-03-09T13:38:17.826+0000] {processor.py:840} INFO - DAG(s) 'tutorial' retrieved from /home/airflow/.local/lib/python3.8/site-packages/airflow/example_dags/tutorial.py
[2024-03-09T13:38:17.941+0000] {logging_mixin.py:188} INFO - [2024-03-09T13:38:17.941+0000] {dag.py:3047} INFO - Sync 1 DAGs
[2024-03-09T13:38:18.120+0000] {logging_mixin.py:188} INFO - [2024-03-09T13:38:18.110+0000] {dag.py:3834} INFO - Setting next_dagrun for tutorial to 2024-03-08 00:00:00+00:00, run_after=2024-03-09 00:00:00+00:00
[2024-03-09T13:38:18.262+0000] {processor.py:183} INFO - Processing /home/airflow/.local/lib/python3.8/site-packages/airflow/example_dags/tutorial.py took 0.481 seconds
[2024-03-09T13:38:48.711+0000] {processor.py:161} INFO - Started process (PID=7446) to work on /home/airflow/.local/lib/python3.8/site-packages/airflow/example_dags/tutorial.py
[2024-03-09T13:38:48.713+0000] {processor.py:830} INFO - Processing file /home/airflow/.local/lib/python3.8/site-packages/airflow/example_dags/tutorial.py for tasks to queue
[2024-03-09T13:38:48.716+0000] {logging_mixin.py:188} INFO - [2024-03-09T13:38:48.715+0000] {dagbag.py:540} INFO - Filling up the DagBag from /home/airflow/.local/lib/python3.8/site-packages/airflow/example_dags/tutorial.py
[2024-03-09T13:38:48.729+0000] {processor.py:840} INFO - DAG(s) 'tutorial' retrieved from /home/airflow/.local/lib/python3.8/site-packages/airflow/example_dags/tutorial.py
[2024-03-09T13:38:48.769+0000] {logging_mixin.py:188} INFO - [2024-03-09T13:38:48.768+0000] {dag.py:3047} INFO - Sync 1 DAGs
[2024-03-09T13:38:48.826+0000] {logging_mixin.py:188} INFO - [2024-03-09T13:38:48.826+0000] {dag.py:3834} INFO - Setting next_dagrun for tutorial to 2024-03-08 00:00:00+00:00, run_after=2024-03-09 00:00:00+00:00
[2024-03-09T13:38:48.872+0000] {processor.py:183} INFO - Processing /home/airflow/.local/lib/python3.8/site-packages/airflow/example_dags/tutorial.py took 0.166 seconds
[2024-03-09T13:39:20.146+0000] {processor.py:161} INFO - Started process (PID=7693) to work on /home/airflow/.local/lib/python3.8/site-packages/airflow/example_dags/tutorial.py
[2024-03-09T13:39:20.148+0000] {processor.py:830} INFO - Processing file /home/airflow/.local/lib/python3.8/site-packages/airflow/example_dags/tutorial.py for tasks to queue
[2024-03-09T13:39:20.150+0000] {logging_mixin.py:188} INFO - [2024-03-09T13:39:20.150+0000] {dagbag.py:540} INFO - Filling up the DagBag from /home/airflow/.local/lib/python3.8/site-packages/airflow/example_dags/tutorial.py
[2024-03-09T13:39:20.161+0000] {processor.py:840} INFO - DAG(s) 'tutorial' retrieved from /home/airflow/.local/lib/python3.8/site-packages/airflow/example_dags/tutorial.py
[2024-03-09T13:39:20.193+0000] {logging_mixin.py:188} INFO - [2024-03-09T13:39:20.193+0000] {dag.py:3047} INFO - Sync 1 DAGs
[2024-03-09T13:39:20.233+0000] {logging_mixin.py:188} INFO - [2024-03-09T13:39:20.232+0000] {dag.py:3834} INFO - Setting next_dagrun for tutorial to 2024-03-08 00:00:00+00:00, run_after=2024-03-09 00:00:00+00:00
[2024-03-09T13:39:20.271+0000] {processor.py:183} INFO - Processing /home/airflow/.local/lib/python3.8/site-packages/airflow/example_dags/tutorial.py took 0.130 seconds
[2024-03-09T13:39:50.354+0000] {processor.py:161} INFO - Started process (PID=7940) to work on /home/airflow/.local/lib/python3.8/site-packages/airflow/example_dags/tutorial.py
[2024-03-09T13:39:50.356+0000] {processor.py:830} INFO - Processing file /home/airflow/.local/lib/python3.8/site-packages/airflow/example_dags/tutorial.py for tasks to queue
[2024-03-09T13:39:50.358+0000] {logging_mixin.py:188} INFO - [2024-03-09T13:39:50.357+0000] {dagbag.py:540} INFO - Filling up the DagBag from /home/airflow/.local/lib/python3.8/site-packages/airflow/example_dags/tutorial.py
[2024-03-09T13:39:50.371+0000] {processor.py:840} INFO - DAG(s) 'tutorial' retrieved from /home/airflow/.local/lib/python3.8/site-packages/airflow/example_dags/tutorial.py
[2024-03-09T13:39:50.407+0000] {logging_mixin.py:188} INFO - [2024-03-09T13:39:50.407+0000] {dag.py:3047} INFO - Sync 1 DAGs
[2024-03-09T13:39:50.446+0000] {logging_mixin.py:188} INFO - [2024-03-09T13:39:50.445+0000] {dag.py:3834} INFO - Setting next_dagrun for tutorial to 2024-03-08 00:00:00+00:00, run_after=2024-03-09 00:00:00+00:00
[2024-03-09T13:39:50.482+0000] {processor.py:183} INFO - Processing /home/airflow/.local/lib/python3.8/site-packages/airflow/example_dags/tutorial.py took 0.136 seconds
[2024-03-09T13:40:20.978+0000] {processor.py:161} INFO - Started process (PID=8189) to work on /home/airflow/.local/lib/python3.8/site-packages/airflow/example_dags/tutorial.py
[2024-03-09T13:40:20.980+0000] {processor.py:830} INFO - Processing file /home/airflow/.local/lib/python3.8/site-packages/airflow/example_dags/tutorial.py for tasks to queue
[2024-03-09T13:40:20.982+0000] {logging_mixin.py:188} INFO - [2024-03-09T13:40:20.982+0000] {dagbag.py:540} INFO - Filling up the DagBag from /home/airflow/.local/lib/python3.8/site-packages/airflow/example_dags/tutorial.py
[2024-03-09T13:40:20.993+0000] {processor.py:840} INFO - DAG(s) 'tutorial' retrieved from /home/airflow/.local/lib/python3.8/site-packages/airflow/example_dags/tutorial.py
[2024-03-09T13:40:21.031+0000] {logging_mixin.py:188} INFO - [2024-03-09T13:40:21.029+0000] {dag.py:3047} INFO - Sync 1 DAGs
[2024-03-09T13:40:21.083+0000] {logging_mixin.py:188} INFO - [2024-03-09T13:40:21.083+0000] {dag.py:3834} INFO - Setting next_dagrun for tutorial to 2024-03-08 00:00:00+00:00, run_after=2024-03-09 00:00:00+00:00
[2024-03-09T13:40:21.116+0000] {processor.py:183} INFO - Processing /home/airflow/.local/lib/python3.8/site-packages/airflow/example_dags/tutorial.py took 0.143 seconds
[2024-03-09T13:40:51.285+0000] {processor.py:161} INFO - Started process (PID=8436) to work on /home/airflow/.local/lib/python3.8/site-packages/airflow/example_dags/tutorial.py
[2024-03-09T13:40:51.287+0000] {processor.py:830} INFO - Processing file /home/airflow/.local/lib/python3.8/site-packages/airflow/example_dags/tutorial.py for tasks to queue
[2024-03-09T13:40:51.288+0000] {logging_mixin.py:188} INFO - [2024-03-09T13:40:51.288+0000] {dagbag.py:540} INFO - Filling up the DagBag from /home/airflow/.local/lib/python3.8/site-packages/airflow/example_dags/tutorial.py
[2024-03-09T13:40:51.299+0000] {processor.py:840} INFO - DAG(s) 'tutorial' retrieved from /home/airflow/.local/lib/python3.8/site-packages/airflow/example_dags/tutorial.py
[2024-03-09T13:40:51.329+0000] {logging_mixin.py:188} INFO - [2024-03-09T13:40:51.329+0000] {dag.py:3047} INFO - Sync 1 DAGs
[2024-03-09T13:40:51.367+0000] {logging_mixin.py:188} INFO - [2024-03-09T13:40:51.366+0000] {dag.py:3834} INFO - Setting next_dagrun for tutorial to 2024-03-08 00:00:00+00:00, run_after=2024-03-09 00:00:00+00:00
[2024-03-09T13:40:51.406+0000] {processor.py:183} INFO - Processing /home/airflow/.local/lib/python3.8/site-packages/airflow/example_dags/tutorial.py took 0.126 seconds
[2024-03-09T13:41:21.745+0000] {processor.py:161} INFO - Started process (PID=8681) to work on /home/airflow/.local/lib/python3.8/site-packages/airflow/example_dags/tutorial.py
[2024-03-09T13:41:21.747+0000] {processor.py:830} INFO - Processing file /home/airflow/.local/lib/python3.8/site-packages/airflow/example_dags/tutorial.py for tasks to queue
[2024-03-09T13:41:21.749+0000] {logging_mixin.py:188} INFO - [2024-03-09T13:41:21.748+0000] {dagbag.py:540} INFO - Filling up the DagBag from /home/airflow/.local/lib/python3.8/site-packages/airflow/example_dags/tutorial.py
[2024-03-09T13:41:21.762+0000] {processor.py:840} INFO - DAG(s) 'tutorial' retrieved from /home/airflow/.local/lib/python3.8/site-packages/airflow/example_dags/tutorial.py
[2024-03-09T13:41:21.797+0000] {logging_mixin.py:188} INFO - [2024-03-09T13:41:21.796+0000] {dag.py:3047} INFO - Sync 1 DAGs
[2024-03-09T13:41:21.847+0000] {logging_mixin.py:188} INFO - [2024-03-09T13:41:21.846+0000] {dag.py:3834} INFO - Setting next_dagrun for tutorial to 2024-03-08 00:00:00+00:00, run_after=2024-03-09 00:00:00+00:00
[2024-03-09T13:41:21.900+0000] {processor.py:183} INFO - Processing /home/airflow/.local/lib/python3.8/site-packages/airflow/example_dags/tutorial.py took 0.161 seconds
[2024-03-09T13:41:52.358+0000] {processor.py:161} INFO - Started process (PID=8928) to work on /home/airflow/.local/lib/python3.8/site-packages/airflow/example_dags/tutorial.py
[2024-03-09T13:41:52.360+0000] {processor.py:830} INFO - Processing file /home/airflow/.local/lib/python3.8/site-packages/airflow/example_dags/tutorial.py for tasks to queue
[2024-03-09T13:41:52.362+0000] {logging_mixin.py:188} INFO - [2024-03-09T13:41:52.362+0000] {dagbag.py:540} INFO - Filling up the DagBag from /home/airflow/.local/lib/python3.8/site-packages/airflow/example_dags/tutorial.py
[2024-03-09T13:41:52.374+0000] {processor.py:840} INFO - DAG(s) 'tutorial' retrieved from /home/airflow/.local/lib/python3.8/site-packages/airflow/example_dags/tutorial.py
[2024-03-09T13:41:52.406+0000] {logging_mixin.py:188} INFO - [2024-03-09T13:41:52.405+0000] {dag.py:3047} INFO - Sync 1 DAGs
[2024-03-09T13:41:52.441+0000] {logging_mixin.py:188} INFO - [2024-03-09T13:41:52.440+0000] {dag.py:3834} INFO - Setting next_dagrun for tutorial to 2024-03-08 00:00:00+00:00, run_after=2024-03-09 00:00:00+00:00
[2024-03-09T13:41:52.474+0000] {processor.py:183} INFO - Processing /home/airflow/.local/lib/python3.8/site-packages/airflow/example_dags/tutorial.py took 0.121 seconds
[2024-03-09T13:42:22.612+0000] {processor.py:161} INFO - Started process (PID=9175) to work on /home/airflow/.local/lib/python3.8/site-packages/airflow/example_dags/tutorial.py
[2024-03-09T13:42:22.614+0000] {processor.py:830} INFO - Processing file /home/airflow/.local/lib/python3.8/site-packages/airflow/example_dags/tutorial.py for tasks to queue
[2024-03-09T13:42:22.616+0000] {logging_mixin.py:188} INFO - [2024-03-09T13:42:22.615+0000] {dagbag.py:540} INFO - Filling up the DagBag from /home/airflow/.local/lib/python3.8/site-packages/airflow/example_dags/tutorial.py
[2024-03-09T13:42:22.625+0000] {processor.py:840} INFO - DAG(s) 'tutorial' retrieved from /home/airflow/.local/lib/python3.8/site-packages/airflow/example_dags/tutorial.py
[2024-03-09T13:42:22.656+0000] {logging_mixin.py:188} INFO - [2024-03-09T13:42:22.656+0000] {dag.py:3047} INFO - Sync 1 DAGs
[2024-03-09T13:42:22.688+0000] {logging_mixin.py:188} INFO - [2024-03-09T13:42:22.687+0000] {dag.py:3834} INFO - Setting next_dagrun for tutorial to 2024-03-08 00:00:00+00:00, run_after=2024-03-09 00:00:00+00:00
[2024-03-09T13:42:22.720+0000] {processor.py:183} INFO - Processing /home/airflow/.local/lib/python3.8/site-packages/airflow/example_dags/tutorial.py took 0.113 seconds
[2024-03-09T13:42:52.873+0000] {processor.py:161} INFO - Started process (PID=9422) to work on /home/airflow/.local/lib/python3.8/site-packages/airflow/example_dags/tutorial.py
[2024-03-09T13:42:52.875+0000] {processor.py:830} INFO - Processing file /home/airflow/.local/lib/python3.8/site-packages/airflow/example_dags/tutorial.py for tasks to queue
[2024-03-09T13:42:52.877+0000] {logging_mixin.py:188} INFO - [2024-03-09T13:42:52.876+0000] {dagbag.py:540} INFO - Filling up the DagBag from /home/airflow/.local/lib/python3.8/site-packages/airflow/example_dags/tutorial.py
[2024-03-09T13:42:52.886+0000] {processor.py:840} INFO - DAG(s) 'tutorial' retrieved from /home/airflow/.local/lib/python3.8/site-packages/airflow/example_dags/tutorial.py
[2024-03-09T13:42:52.927+0000] {logging_mixin.py:188} INFO - [2024-03-09T13:42:52.926+0000] {dag.py:3047} INFO - Sync 1 DAGs
[2024-03-09T13:42:52.960+0000] {logging_mixin.py:188} INFO - [2024-03-09T13:42:52.959+0000] {dag.py:3834} INFO - Setting next_dagrun for tutorial to 2024-03-08 00:00:00+00:00, run_after=2024-03-09 00:00:00+00:00
[2024-03-09T13:42:52.991+0000] {processor.py:183} INFO - Processing /home/airflow/.local/lib/python3.8/site-packages/airflow/example_dags/tutorial.py took 0.124 seconds
[2024-03-09T13:43:23.101+0000] {processor.py:161} INFO - Started process (PID=9666) to work on /home/airflow/.local/lib/python3.8/site-packages/airflow/example_dags/tutorial.py
[2024-03-09T13:43:23.104+0000] {processor.py:830} INFO - Processing file /home/airflow/.local/lib/python3.8/site-packages/airflow/example_dags/tutorial.py for tasks to queue
[2024-03-09T13:43:23.106+0000] {logging_mixin.py:188} INFO - [2024-03-09T13:43:23.105+0000] {dagbag.py:540} INFO - Filling up the DagBag from /home/airflow/.local/lib/python3.8/site-packages/airflow/example_dags/tutorial.py
[2024-03-09T13:43:23.115+0000] {processor.py:840} INFO - DAG(s) 'tutorial' retrieved from /home/airflow/.local/lib/python3.8/site-packages/airflow/example_dags/tutorial.py
[2024-03-09T13:43:23.146+0000] {logging_mixin.py:188} INFO - [2024-03-09T13:43:23.146+0000] {dag.py:3047} INFO - Sync 1 DAGs
[2024-03-09T13:43:23.182+0000] {logging_mixin.py:188} INFO - [2024-03-09T13:43:23.181+0000] {dag.py:3834} INFO - Setting next_dagrun for tutorial to 2024-03-08 00:00:00+00:00, run_after=2024-03-09 00:00:00+00:00
[2024-03-09T13:43:23.213+0000] {processor.py:183} INFO - Processing /home/airflow/.local/lib/python3.8/site-packages/airflow/example_dags/tutorial.py took 0.117 seconds
[2024-03-09T13:43:53.965+0000] {processor.py:161} INFO - Started process (PID=9911) to work on /home/airflow/.local/lib/python3.8/site-packages/airflow/example_dags/tutorial.py
[2024-03-09T13:43:53.967+0000] {processor.py:830} INFO - Processing file /home/airflow/.local/lib/python3.8/site-packages/airflow/example_dags/tutorial.py for tasks to queue
[2024-03-09T13:43:53.969+0000] {logging_mixin.py:188} INFO - [2024-03-09T13:43:53.969+0000] {dagbag.py:540} INFO - Filling up the DagBag from /home/airflow/.local/lib/python3.8/site-packages/airflow/example_dags/tutorial.py
[2024-03-09T13:43:53.983+0000] {processor.py:840} INFO - DAG(s) 'tutorial' retrieved from /home/airflow/.local/lib/python3.8/site-packages/airflow/example_dags/tutorial.py
[2024-03-09T13:43:54.022+0000] {logging_mixin.py:188} INFO - [2024-03-09T13:43:54.022+0000] {dag.py:3047} INFO - Sync 1 DAGs
[2024-03-09T13:43:54.078+0000] {logging_mixin.py:188} INFO - [2024-03-09T13:43:54.078+0000] {dag.py:3834} INFO - Setting next_dagrun for tutorial to 2024-03-08 00:00:00+00:00, run_after=2024-03-09 00:00:00+00:00
[2024-03-09T13:43:54.127+0000] {processor.py:183} INFO - Processing /home/airflow/.local/lib/python3.8/site-packages/airflow/example_dags/tutorial.py took 0.168 seconds
