[2024-03-09T11:13:39.274+0000] {logging_mixin.py:188} INFO - Changing /opt/***/logs/dag_id=example_bash_operator/run_id=scheduled__2024-03-08T00:00:00+00:00/task_id=runme_0 permission to 509
[2024-03-09T11:13:39.281+0000] {logging_mixin.py:188} INFO - Changing /opt/***/logs/dag_id=example_bash_operator/run_id=scheduled__2024-03-08T00:00:00+00:00 permission to 509
[2024-03-09T11:13:39.285+0000] {logging_mixin.py:188} INFO - Changing /opt/***/logs/dag_id=example_bash_operator permission to 509
[2024-03-09T11:13:39.288+0000] {logging_mixin.py:188} INFO - Changing /opt/***/logs permission to 509
[2024-03-09T11:13:39.387+0000] {logging_mixin.py:188} INFO - Changing /opt/***/logs/dag_id=example_bash_operator/run_id=scheduled__2024-03-08T00:00:00+00:00/task_id=runme_0 permission to 509
[2024-03-09T11:13:39.390+0000] {logging_mixin.py:188} INFO - Changing /opt/***/logs/dag_id=example_bash_operator/run_id=scheduled__2024-03-08T00:00:00+00:00 permission to 509
[2024-03-09T11:13:39.392+0000] {logging_mixin.py:188} INFO - Changing /opt/***/logs/dag_id=example_bash_operator permission to 509
[2024-03-09T11:13:39.394+0000] {logging_mixin.py:188} INFO - Changing /opt/***/logs permission to 509
[2024-03-09T11:13:43.405+0000] {taskinstance.py:1979} INFO - Dependencies all met for dep_context=non-requeueable deps ti=<TaskInstance: example_bash_operator.runme_0 scheduled__2024-03-08T00:00:00+00:00 [queued]>
[2024-03-09T11:13:43.426+0000] {taskinstance.py:1979} INFO - Dependencies all met for dep_context=requeueable deps ti=<TaskInstance: example_bash_operator.runme_0 scheduled__2024-03-08T00:00:00+00:00 [queued]>
[2024-03-09T11:13:43.427+0000] {taskinstance.py:2193} INFO - Starting attempt 1 of 1
[2024-03-09T11:13:43.453+0000] {taskinstance.py:2214} INFO - Executing <Task(BashOperator): runme_0> on 2024-03-08 00:00:00+00:00
[2024-03-09T11:13:43.469+0000] {standard_task_runner.py:60} INFO - Started process 3216 to run task
[2024-03-09T11:13:43.479+0000] {standard_task_runner.py:87} INFO - Running: ['***', 'tasks', 'run', 'example_bash_operator', 'runme_0', 'scheduled__2024-03-08T00:00:00+00:00', '--job-id', '7', '--raw', '--subdir', '/home/***/.local/lib/python3.8/site-packages/***/example_dags/example_bash_operator.py', '--cfg-path', '/tmp/tmp133y0r9s']
[2024-03-09T11:13:43.490+0000] {standard_task_runner.py:88} INFO - Job 7: Subtask runme_0
[2024-03-09T11:13:44.099+0000] {logging_mixin.py:188} INFO - Changing /opt/***/logs/dag_id=example_bash_operator/run_id=scheduled__2024-03-08T00:00:00+00:00/task_id=runme_0 permission to 509
[2024-03-09T11:13:44.103+0000] {logging_mixin.py:188} INFO - Changing /opt/***/logs/dag_id=example_bash_operator/run_id=scheduled__2024-03-08T00:00:00+00:00 permission to 509
[2024-03-09T11:13:44.106+0000] {logging_mixin.py:188} INFO - Changing /opt/***/logs/dag_id=example_bash_operator permission to 509
[2024-03-09T11:13:44.111+0000] {logging_mixin.py:188} INFO - Changing /opt/***/logs permission to 509
[2024-03-09T11:13:44.118+0000] {task_command.py:423} INFO - Running <TaskInstance: example_bash_operator.runme_0 scheduled__2024-03-08T00:00:00+00:00 [running]> on host 8626ef5083b0
[2024-03-09T11:13:44.345+0000] {taskinstance.py:2510} INFO - Exporting env vars: AIRFLOW_CTX_DAG_OWNER='***' AIRFLOW_CTX_DAG_ID='example_bash_operator' AIRFLOW_CTX_TASK_ID='runme_0' AIRFLOW_CTX_EXECUTION_DATE='2024-03-08T00:00:00+00:00' AIRFLOW_CTX_TRY_NUMBER='1' AIRFLOW_CTX_DAG_RUN_ID='scheduled__2024-03-08T00:00:00+00:00'
[2024-03-09T11:13:44.357+0000] {subprocess.py:63} INFO - Tmp dir root location: /tmp
[2024-03-09T11:13:44.359+0000] {subprocess.py:75} INFO - Running command: ['/usr/bin/bash', '-c', 'echo "example_bash_operator__runme_0__20240308" && sleep 1']
[2024-03-09T11:13:44.388+0000] {subprocess.py:86} INFO - Output:
[2024-03-09T11:13:44.408+0000] {subprocess.py:93} INFO - example_bash_operator__runme_0__20240308
[2024-03-09T11:13:45.415+0000] {subprocess.py:97} INFO - Command exited with return code 0
[2024-03-09T11:13:45.469+0000] {taskinstance.py:1149} INFO - Marking task as SUCCESS. dag_id=example_bash_operator, task_id=runme_0, execution_date=20240308T000000, start_date=20240309T111343, end_date=20240309T111345
[2024-03-09T11:13:45.530+0000] {local_task_job_runner.py:234} INFO - Task exited with return code 0
[2024-03-09T11:13:45.586+0000] {taskinstance.py:3309} INFO - 1 downstream tasks scheduled from follow-on schedule check
